[2024-04-23T23:50:51.817+0000] {taskinstance.py:1103} INFO - Dependencies all met for dep_context=non-requeueable deps ti=<TaskInstance: basic_etl_dag.extract_task manual__2024-04-23T23:50:48.169309+00:00 [queued]>
[2024-04-23T23:50:51.821+0000] {taskinstance.py:1103} INFO - Dependencies all met for dep_context=requeueable deps ti=<TaskInstance: basic_etl_dag.extract_task manual__2024-04-23T23:50:48.169309+00:00 [queued]>
[2024-04-23T23:50:51.822+0000] {taskinstance.py:1308} INFO - Starting attempt 1 of 1
[2024-04-23T23:50:51.858+0000] {taskinstance.py:1327} INFO - Executing <Task(BashOperator): extract_task> on 2024-04-23 23:50:48.169309+00:00
[2024-04-23T23:50:51.862+0000] {standard_task_runner.py:57} INFO - Started process 9063 to run task
[2024-04-23T23:50:51.864+0000] {standard_task_runner.py:84} INFO - Running: ['airflow', 'tasks', 'run', 'basic_etl_dag', 'extract_task', 'manual__2024-04-23T23:50:48.169309+00:00', '--job-id', '3', '--raw', '--subdir', 'DAGS_FOLDER/basic_etl_dag.py', '--cfg-path', '/tmp/tmpe7ny3jvh']
[2024-04-23T23:50:51.864+0000] {standard_task_runner.py:85} INFO - Job 3: Subtask extract_task
[2024-04-23T23:50:51.916+0000] {task_command.py:410} INFO - Running <TaskInstance: basic_etl_dag.extract_task manual__2024-04-23T23:50:48.169309+00:00 [running]> on host codespaces-1d31e6
[2024-04-23T23:50:52.017+0000] {taskinstance.py:1545} INFO - Exporting env vars: AIRFLOW_CTX_DAG_OWNER='airflow' AIRFLOW_CTX_DAG_ID='basic_etl_dag' AIRFLOW_CTX_TASK_ID='extract_task' AIRFLOW_CTX_EXECUTION_DATE='2024-04-23T23:50:48.169309+00:00' AIRFLOW_CTX_TRY_NUMBER='1' AIRFLOW_CTX_DAG_RUN_ID='manual__2024-04-23T23:50:48.169309+00:00'
[2024-04-23T23:50:52.018+0000] {subprocess.py:63} INFO - Tmp dir root location: /tmp
[2024-04-23T23:50:52.019+0000] {subprocess.py:75} INFO - Running command: ['/usr/bin/bash', '-c', 'wget -c https://datahub.io/core/top-level-domain-names/r/top-level-domain-names.csv.csv -O /workspaces/hands-on-introduction-data-engineering-4395021/lab/end-to-end/basic-etl-extract-data.csv']
[2024-04-23T23:50:52.029+0000] {subprocess.py:86} INFO - Output:
[2024-04-23T23:50:52.059+0000] {subprocess.py:93} INFO - --2024-04-23 23:50:52--  https://datahub.io/core/top-level-domain-names/r/top-level-domain-names.csv.csv
[2024-04-23T23:50:52.067+0000] {subprocess.py:93} INFO - Resolving datahub.io (datahub.io)... 76.76.21.21
[2024-04-23T23:50:52.069+0000] {subprocess.py:93} INFO - Connecting to datahub.io (datahub.io)|76.76.21.21|:443... connected.
[2024-04-23T23:50:52.218+0000] {subprocess.py:93} INFO - HTTP request sent, awaiting response... 307 Temporary Redirect
[2024-04-23T23:50:52.218+0000] {subprocess.py:93} INFO - Location: /core/top-level-domain-names [following]
[2024-04-23T23:50:52.219+0000] {subprocess.py:93} INFO - --2024-04-23 23:50:52--  https://datahub.io/core/top-level-domain-names
[2024-04-23T23:50:52.219+0000] {subprocess.py:93} INFO - Reusing existing connection to datahub.io:443.
[2024-04-23T23:50:52.647+0000] {subprocess.py:93} INFO - HTTP request sent, awaiting response... 200 OK
[2024-04-23T23:50:52.647+0000] {subprocess.py:93} INFO - Length: unspecified [text/html]
[2024-04-23T23:50:52.647+0000] {subprocess.py:93} INFO - Saving to: ‘/workspaces/hands-on-introduction-data-engineering-4395021/lab/end-to-end/basic-etl-extract-data.csv’
[2024-04-23T23:50:52.647+0000] {subprocess.py:93} INFO - 
[2024-04-23T23:50:52.648+0000] {subprocess.py:93} INFO -      0K .......... .......... .......... .......... ...        28.5M=0.001s
[2024-04-23T23:50:52.649+0000] {subprocess.py:93} INFO - 
[2024-04-23T23:50:52.649+0000] {subprocess.py:93} INFO - 2024-04-23 23:50:52 (28.5 MB/s) - ‘/workspaces/hands-on-introduction-data-engineering-4395021/lab/end-to-end/basic-etl-extract-data.csv’ saved [44564]
[2024-04-23T23:50:52.649+0000] {subprocess.py:93} INFO - 
[2024-04-23T23:50:52.649+0000] {subprocess.py:97} INFO - Command exited with return code 0
[2024-04-23T23:50:52.690+0000] {taskinstance.py:1345} INFO - Marking task as SUCCESS. dag_id=basic_etl_dag, task_id=extract_task, execution_date=20240423T235048, start_date=20240423T235051, end_date=20240423T235052
[2024-04-23T23:50:52.757+0000] {local_task_job_runner.py:225} INFO - Task exited with return code 0
[2024-04-23T23:50:52.775+0000] {taskinstance.py:2653} INFO - 1 downstream tasks scheduled from follow-on schedule check
