[2024-04-23T22:23:12.927+0000] {processor.py:157} INFO - Started process (PID=28593) to work on /usr/local/python/3.10.13/lib/python3.10/site-packages/airflow/example_dags/plugins/event_listener.py
[2024-04-23T22:23:12.927+0000] {processor.py:826} INFO - Processing file /usr/local/python/3.10.13/lib/python3.10/site-packages/airflow/example_dags/plugins/event_listener.py for tasks to queue
[2024-04-23T22:23:12.928+0000] {logging_mixin.py:150} INFO - [2024-04-23T22:23:12.928+0000] {dagbag.py:541} INFO - Filling up the DagBag from /usr/local/python/3.10.13/lib/python3.10/site-packages/airflow/example_dags/plugins/event_listener.py
[2024-04-23T22:23:12.930+0000] {processor.py:838} WARNING - No viable dags retrieved from /usr/local/python/3.10.13/lib/python3.10/site-packages/airflow/example_dags/plugins/event_listener.py
[2024-04-23T22:23:12.936+0000] {processor.py:179} INFO - Processing /usr/local/python/3.10.13/lib/python3.10/site-packages/airflow/example_dags/plugins/event_listener.py took 0.011 seconds
[2024-04-23T22:24:08.381+0000] {processor.py:157} INFO - Started process (PID=28961) to work on /usr/local/python/3.10.13/lib/python3.10/site-packages/airflow/example_dags/plugins/event_listener.py
[2024-04-23T22:24:08.381+0000] {processor.py:826} INFO - Processing file /usr/local/python/3.10.13/lib/python3.10/site-packages/airflow/example_dags/plugins/event_listener.py for tasks to queue
[2024-04-23T22:24:08.382+0000] {logging_mixin.py:150} INFO - [2024-04-23T22:24:08.382+0000] {dagbag.py:541} INFO - Filling up the DagBag from /usr/local/python/3.10.13/lib/python3.10/site-packages/airflow/example_dags/plugins/event_listener.py
[2024-04-23T22:24:08.383+0000] {processor.py:838} WARNING - No viable dags retrieved from /usr/local/python/3.10.13/lib/python3.10/site-packages/airflow/example_dags/plugins/event_listener.py
[2024-04-23T22:24:08.390+0000] {processor.py:179} INFO - Processing /usr/local/python/3.10.13/lib/python3.10/site-packages/airflow/example_dags/plugins/event_listener.py took 0.012 seconds
[2024-04-23T22:24:48.988+0000] {processor.py:157} INFO - Started process (PID=29247) to work on /usr/local/python/3.10.13/lib/python3.10/site-packages/airflow/example_dags/plugins/event_listener.py
[2024-04-23T22:24:48.989+0000] {processor.py:826} INFO - Processing file /usr/local/python/3.10.13/lib/python3.10/site-packages/airflow/example_dags/plugins/event_listener.py for tasks to queue
[2024-04-23T22:24:48.989+0000] {logging_mixin.py:150} INFO - [2024-04-23T22:24:48.989+0000] {dagbag.py:541} INFO - Filling up the DagBag from /usr/local/python/3.10.13/lib/python3.10/site-packages/airflow/example_dags/plugins/event_listener.py
[2024-04-23T22:24:48.991+0000] {processor.py:838} WARNING - No viable dags retrieved from /usr/local/python/3.10.13/lib/python3.10/site-packages/airflow/example_dags/plugins/event_listener.py
[2024-04-23T22:24:48.997+0000] {processor.py:179} INFO - Processing /usr/local/python/3.10.13/lib/python3.10/site-packages/airflow/example_dags/plugins/event_listener.py took 0.011 seconds
[2024-04-23T22:25:35.618+0000] {processor.py:157} INFO - Started process (PID=29577) to work on /usr/local/python/3.10.13/lib/python3.10/site-packages/airflow/example_dags/plugins/event_listener.py
[2024-04-23T22:25:35.619+0000] {processor.py:826} INFO - Processing file /usr/local/python/3.10.13/lib/python3.10/site-packages/airflow/example_dags/plugins/event_listener.py for tasks to queue
[2024-04-23T22:25:35.619+0000] {logging_mixin.py:150} INFO - [2024-04-23T22:25:35.619+0000] {dagbag.py:541} INFO - Filling up the DagBag from /usr/local/python/3.10.13/lib/python3.10/site-packages/airflow/example_dags/plugins/event_listener.py
[2024-04-23T22:25:35.621+0000] {processor.py:838} WARNING - No viable dags retrieved from /usr/local/python/3.10.13/lib/python3.10/site-packages/airflow/example_dags/plugins/event_listener.py
[2024-04-23T22:25:35.627+0000] {processor.py:179} INFO - Processing /usr/local/python/3.10.13/lib/python3.10/site-packages/airflow/example_dags/plugins/event_listener.py took 0.011 seconds
[2024-04-23T22:26:07.887+0000] {processor.py:157} INFO - Started process (PID=29794) to work on /usr/local/python/3.10.13/lib/python3.10/site-packages/airflow/example_dags/plugins/event_listener.py
[2024-04-23T22:26:07.887+0000] {processor.py:826} INFO - Processing file /usr/local/python/3.10.13/lib/python3.10/site-packages/airflow/example_dags/plugins/event_listener.py for tasks to queue
[2024-04-23T22:26:07.888+0000] {logging_mixin.py:150} INFO - [2024-04-23T22:26:07.888+0000] {dagbag.py:541} INFO - Filling up the DagBag from /usr/local/python/3.10.13/lib/python3.10/site-packages/airflow/example_dags/plugins/event_listener.py
[2024-04-23T22:26:07.889+0000] {processor.py:838} WARNING - No viable dags retrieved from /usr/local/python/3.10.13/lib/python3.10/site-packages/airflow/example_dags/plugins/event_listener.py
[2024-04-23T22:26:07.896+0000] {processor.py:179} INFO - Processing /usr/local/python/3.10.13/lib/python3.10/site-packages/airflow/example_dags/plugins/event_listener.py took 0.011 seconds
[2024-04-23T22:26:39.457+0000] {processor.py:157} INFO - Started process (PID=30020) to work on /usr/local/python/3.10.13/lib/python3.10/site-packages/airflow/example_dags/plugins/event_listener.py
[2024-04-23T22:26:39.457+0000] {processor.py:826} INFO - Processing file /usr/local/python/3.10.13/lib/python3.10/site-packages/airflow/example_dags/plugins/event_listener.py for tasks to queue
[2024-04-23T22:26:39.458+0000] {logging_mixin.py:150} INFO - [2024-04-23T22:26:39.458+0000] {dagbag.py:541} INFO - Filling up the DagBag from /usr/local/python/3.10.13/lib/python3.10/site-packages/airflow/example_dags/plugins/event_listener.py
[2024-04-23T22:26:39.459+0000] {processor.py:838} WARNING - No viable dags retrieved from /usr/local/python/3.10.13/lib/python3.10/site-packages/airflow/example_dags/plugins/event_listener.py
[2024-04-23T22:26:39.467+0000] {processor.py:179} INFO - Processing /usr/local/python/3.10.13/lib/python3.10/site-packages/airflow/example_dags/plugins/event_listener.py took 0.012 seconds
[2024-04-23T22:27:10.004+0000] {processor.py:157} INFO - Started process (PID=30244) to work on /usr/local/python/3.10.13/lib/python3.10/site-packages/airflow/example_dags/plugins/event_listener.py
[2024-04-23T22:27:10.005+0000] {processor.py:826} INFO - Processing file /usr/local/python/3.10.13/lib/python3.10/site-packages/airflow/example_dags/plugins/event_listener.py for tasks to queue
[2024-04-23T22:27:10.005+0000] {logging_mixin.py:150} INFO - [2024-04-23T22:27:10.005+0000] {dagbag.py:541} INFO - Filling up the DagBag from /usr/local/python/3.10.13/lib/python3.10/site-packages/airflow/example_dags/plugins/event_listener.py
[2024-04-23T22:27:10.007+0000] {processor.py:838} WARNING - No viable dags retrieved from /usr/local/python/3.10.13/lib/python3.10/site-packages/airflow/example_dags/plugins/event_listener.py
[2024-04-23T22:27:10.013+0000] {processor.py:179} INFO - Processing /usr/local/python/3.10.13/lib/python3.10/site-packages/airflow/example_dags/plugins/event_listener.py took 0.011 seconds
[2024-04-23T22:27:44.090+0000] {processor.py:157} INFO - Started process (PID=30593) to work on /usr/local/python/3.10.13/lib/python3.10/site-packages/airflow/example_dags/plugins/event_listener.py
[2024-04-23T22:27:44.090+0000] {processor.py:826} INFO - Processing file /usr/local/python/3.10.13/lib/python3.10/site-packages/airflow/example_dags/plugins/event_listener.py for tasks to queue
[2024-04-23T22:27:44.091+0000] {logging_mixin.py:150} INFO - [2024-04-23T22:27:44.091+0000] {dagbag.py:541} INFO - Filling up the DagBag from /usr/local/python/3.10.13/lib/python3.10/site-packages/airflow/example_dags/plugins/event_listener.py
[2024-04-23T22:27:44.092+0000] {processor.py:838} WARNING - No viable dags retrieved from /usr/local/python/3.10.13/lib/python3.10/site-packages/airflow/example_dags/plugins/event_listener.py
[2024-04-23T22:27:44.099+0000] {processor.py:179} INFO - Processing /usr/local/python/3.10.13/lib/python3.10/site-packages/airflow/example_dags/plugins/event_listener.py took 0.012 seconds
[2024-04-23T22:28:30.449+0000] {processor.py:157} INFO - Started process (PID=31367) to work on /usr/local/python/3.10.13/lib/python3.10/site-packages/airflow/example_dags/plugins/event_listener.py
[2024-04-23T22:28:30.450+0000] {processor.py:826} INFO - Processing file /usr/local/python/3.10.13/lib/python3.10/site-packages/airflow/example_dags/plugins/event_listener.py for tasks to queue
[2024-04-23T22:28:30.451+0000] {logging_mixin.py:150} INFO - [2024-04-23T22:28:30.450+0000] {dagbag.py:541} INFO - Filling up the DagBag from /usr/local/python/3.10.13/lib/python3.10/site-packages/airflow/example_dags/plugins/event_listener.py
[2024-04-23T22:28:30.452+0000] {processor.py:838} WARNING - No viable dags retrieved from /usr/local/python/3.10.13/lib/python3.10/site-packages/airflow/example_dags/plugins/event_listener.py
[2024-04-23T22:28:30.459+0000] {processor.py:179} INFO - Processing /usr/local/python/3.10.13/lib/python3.10/site-packages/airflow/example_dags/plugins/event_listener.py took 0.012 seconds
[2024-04-23T22:29:14.747+0000] {processor.py:157} INFO - Started process (PID=31794) to work on /usr/local/python/3.10.13/lib/python3.10/site-packages/airflow/example_dags/plugins/event_listener.py
[2024-04-23T22:29:14.748+0000] {processor.py:826} INFO - Processing file /usr/local/python/3.10.13/lib/python3.10/site-packages/airflow/example_dags/plugins/event_listener.py for tasks to queue
[2024-04-23T22:29:14.748+0000] {logging_mixin.py:150} INFO - [2024-04-23T22:29:14.748+0000] {dagbag.py:541} INFO - Filling up the DagBag from /usr/local/python/3.10.13/lib/python3.10/site-packages/airflow/example_dags/plugins/event_listener.py
[2024-04-23T22:29:14.750+0000] {processor.py:838} WARNING - No viable dags retrieved from /usr/local/python/3.10.13/lib/python3.10/site-packages/airflow/example_dags/plugins/event_listener.py
[2024-04-23T22:29:14.758+0000] {processor.py:179} INFO - Processing /usr/local/python/3.10.13/lib/python3.10/site-packages/airflow/example_dags/plugins/event_listener.py took 0.013 seconds
[2024-04-23T22:29:50.890+0000] {processor.py:157} INFO - Started process (PID=32079) to work on /usr/local/python/3.10.13/lib/python3.10/site-packages/airflow/example_dags/plugins/event_listener.py
[2024-04-23T22:29:50.890+0000] {processor.py:826} INFO - Processing file /usr/local/python/3.10.13/lib/python3.10/site-packages/airflow/example_dags/plugins/event_listener.py for tasks to queue
[2024-04-23T22:29:50.891+0000] {logging_mixin.py:150} INFO - [2024-04-23T22:29:50.891+0000] {dagbag.py:541} INFO - Filling up the DagBag from /usr/local/python/3.10.13/lib/python3.10/site-packages/airflow/example_dags/plugins/event_listener.py
[2024-04-23T22:29:50.892+0000] {processor.py:838} WARNING - No viable dags retrieved from /usr/local/python/3.10.13/lib/python3.10/site-packages/airflow/example_dags/plugins/event_listener.py
[2024-04-23T22:29:50.900+0000] {processor.py:179} INFO - Processing /usr/local/python/3.10.13/lib/python3.10/site-packages/airflow/example_dags/plugins/event_listener.py took 0.012 seconds
[2024-04-23T22:30:25.763+0000] {processor.py:157} INFO - Started process (PID=32344) to work on /usr/local/python/3.10.13/lib/python3.10/site-packages/airflow/example_dags/plugins/event_listener.py
[2024-04-23T22:30:25.764+0000] {processor.py:826} INFO - Processing file /usr/local/python/3.10.13/lib/python3.10/site-packages/airflow/example_dags/plugins/event_listener.py for tasks to queue
[2024-04-23T22:30:25.764+0000] {logging_mixin.py:150} INFO - [2024-04-23T22:30:25.764+0000] {dagbag.py:541} INFO - Filling up the DagBag from /usr/local/python/3.10.13/lib/python3.10/site-packages/airflow/example_dags/plugins/event_listener.py
[2024-04-23T22:30:25.766+0000] {processor.py:838} WARNING - No viable dags retrieved from /usr/local/python/3.10.13/lib/python3.10/site-packages/airflow/example_dags/plugins/event_listener.py
[2024-04-23T22:30:25.773+0000] {processor.py:179} INFO - Processing /usr/local/python/3.10.13/lib/python3.10/site-packages/airflow/example_dags/plugins/event_listener.py took 0.012 seconds
[2024-04-23T22:31:02.117+0000] {processor.py:157} INFO - Started process (PID=32621) to work on /usr/local/python/3.10.13/lib/python3.10/site-packages/airflow/example_dags/plugins/event_listener.py
[2024-04-23T22:31:02.118+0000] {processor.py:826} INFO - Processing file /usr/local/python/3.10.13/lib/python3.10/site-packages/airflow/example_dags/plugins/event_listener.py for tasks to queue
[2024-04-23T22:31:02.118+0000] {logging_mixin.py:150} INFO - [2024-04-23T22:31:02.118+0000] {dagbag.py:541} INFO - Filling up the DagBag from /usr/local/python/3.10.13/lib/python3.10/site-packages/airflow/example_dags/plugins/event_listener.py
[2024-04-23T22:31:02.120+0000] {processor.py:838} WARNING - No viable dags retrieved from /usr/local/python/3.10.13/lib/python3.10/site-packages/airflow/example_dags/plugins/event_listener.py
[2024-04-23T22:31:02.126+0000] {processor.py:179} INFO - Processing /usr/local/python/3.10.13/lib/python3.10/site-packages/airflow/example_dags/plugins/event_listener.py took 0.011 seconds
[2024-04-23T22:31:39.259+0000] {processor.py:157} INFO - Started process (PID=32885) to work on /usr/local/python/3.10.13/lib/python3.10/site-packages/airflow/example_dags/plugins/event_listener.py
[2024-04-23T22:31:39.259+0000] {processor.py:826} INFO - Processing file /usr/local/python/3.10.13/lib/python3.10/site-packages/airflow/example_dags/plugins/event_listener.py for tasks to queue
[2024-04-23T22:31:39.260+0000] {logging_mixin.py:150} INFO - [2024-04-23T22:31:39.260+0000] {dagbag.py:541} INFO - Filling up the DagBag from /usr/local/python/3.10.13/lib/python3.10/site-packages/airflow/example_dags/plugins/event_listener.py
[2024-04-23T22:31:39.261+0000] {processor.py:838} WARNING - No viable dags retrieved from /usr/local/python/3.10.13/lib/python3.10/site-packages/airflow/example_dags/plugins/event_listener.py
[2024-04-23T22:31:39.268+0000] {processor.py:179} INFO - Processing /usr/local/python/3.10.13/lib/python3.10/site-packages/airflow/example_dags/plugins/event_listener.py took 0.012 seconds
[2024-04-23T22:32:27.079+0000] {processor.py:157} INFO - Started process (PID=33244) to work on /usr/local/python/3.10.13/lib/python3.10/site-packages/airflow/example_dags/plugins/event_listener.py
[2024-04-23T22:32:27.079+0000] {processor.py:826} INFO - Processing file /usr/local/python/3.10.13/lib/python3.10/site-packages/airflow/example_dags/plugins/event_listener.py for tasks to queue
[2024-04-23T22:32:27.080+0000] {logging_mixin.py:150} INFO - [2024-04-23T22:32:27.079+0000] {dagbag.py:541} INFO - Filling up the DagBag from /usr/local/python/3.10.13/lib/python3.10/site-packages/airflow/example_dags/plugins/event_listener.py
[2024-04-23T22:32:27.081+0000] {processor.py:838} WARNING - No viable dags retrieved from /usr/local/python/3.10.13/lib/python3.10/site-packages/airflow/example_dags/plugins/event_listener.py
[2024-04-23T22:32:27.088+0000] {processor.py:179} INFO - Processing /usr/local/python/3.10.13/lib/python3.10/site-packages/airflow/example_dags/plugins/event_listener.py took 0.012 seconds
[2024-04-23T22:33:00.926+0000] {processor.py:157} INFO - Started process (PID=33515) to work on /usr/local/python/3.10.13/lib/python3.10/site-packages/airflow/example_dags/plugins/event_listener.py
[2024-04-23T22:33:00.927+0000] {processor.py:826} INFO - Processing file /usr/local/python/3.10.13/lib/python3.10/site-packages/airflow/example_dags/plugins/event_listener.py for tasks to queue
[2024-04-23T22:33:00.928+0000] {logging_mixin.py:150} INFO - [2024-04-23T22:33:00.927+0000] {dagbag.py:541} INFO - Filling up the DagBag from /usr/local/python/3.10.13/lib/python3.10/site-packages/airflow/example_dags/plugins/event_listener.py
[2024-04-23T22:33:00.929+0000] {processor.py:838} WARNING - No viable dags retrieved from /usr/local/python/3.10.13/lib/python3.10/site-packages/airflow/example_dags/plugins/event_listener.py
[2024-04-23T22:33:00.936+0000] {processor.py:179} INFO - Processing /usr/local/python/3.10.13/lib/python3.10/site-packages/airflow/example_dags/plugins/event_listener.py took 0.012 seconds
[2024-04-23T22:33:35.555+0000] {processor.py:157} INFO - Started process (PID=33781) to work on /usr/local/python/3.10.13/lib/python3.10/site-packages/airflow/example_dags/plugins/event_listener.py
[2024-04-23T22:33:35.555+0000] {processor.py:826} INFO - Processing file /usr/local/python/3.10.13/lib/python3.10/site-packages/airflow/example_dags/plugins/event_listener.py for tasks to queue
[2024-04-23T22:33:35.556+0000] {logging_mixin.py:150} INFO - [2024-04-23T22:33:35.556+0000] {dagbag.py:541} INFO - Filling up the DagBag from /usr/local/python/3.10.13/lib/python3.10/site-packages/airflow/example_dags/plugins/event_listener.py
[2024-04-23T22:33:35.558+0000] {processor.py:838} WARNING - No viable dags retrieved from /usr/local/python/3.10.13/lib/python3.10/site-packages/airflow/example_dags/plugins/event_listener.py
[2024-04-23T22:33:35.564+0000] {processor.py:179} INFO - Processing /usr/local/python/3.10.13/lib/python3.10/site-packages/airflow/example_dags/plugins/event_listener.py took 0.012 seconds
[2024-04-23T22:34:11.594+0000] {processor.py:157} INFO - Started process (PID=34040) to work on /usr/local/python/3.10.13/lib/python3.10/site-packages/airflow/example_dags/plugins/event_listener.py
[2024-04-23T22:34:11.595+0000] {processor.py:826} INFO - Processing file /usr/local/python/3.10.13/lib/python3.10/site-packages/airflow/example_dags/plugins/event_listener.py for tasks to queue
[2024-04-23T22:34:11.595+0000] {logging_mixin.py:150} INFO - [2024-04-23T22:34:11.595+0000] {dagbag.py:541} INFO - Filling up the DagBag from /usr/local/python/3.10.13/lib/python3.10/site-packages/airflow/example_dags/plugins/event_listener.py
[2024-04-23T22:34:11.597+0000] {processor.py:838} WARNING - No viable dags retrieved from /usr/local/python/3.10.13/lib/python3.10/site-packages/airflow/example_dags/plugins/event_listener.py
[2024-04-23T22:34:11.604+0000] {processor.py:179} INFO - Processing /usr/local/python/3.10.13/lib/python3.10/site-packages/airflow/example_dags/plugins/event_listener.py took 0.012 seconds
[2024-04-23T22:34:46.651+0000] {processor.py:157} INFO - Started process (PID=34308) to work on /usr/local/python/3.10.13/lib/python3.10/site-packages/airflow/example_dags/plugins/event_listener.py
[2024-04-23T22:34:46.652+0000] {processor.py:826} INFO - Processing file /usr/local/python/3.10.13/lib/python3.10/site-packages/airflow/example_dags/plugins/event_listener.py for tasks to queue
[2024-04-23T22:34:46.652+0000] {logging_mixin.py:150} INFO - [2024-04-23T22:34:46.652+0000] {dagbag.py:541} INFO - Filling up the DagBag from /usr/local/python/3.10.13/lib/python3.10/site-packages/airflow/example_dags/plugins/event_listener.py
[2024-04-23T22:34:46.654+0000] {processor.py:838} WARNING - No viable dags retrieved from /usr/local/python/3.10.13/lib/python3.10/site-packages/airflow/example_dags/plugins/event_listener.py
[2024-04-23T22:34:46.661+0000] {processor.py:179} INFO - Processing /usr/local/python/3.10.13/lib/python3.10/site-packages/airflow/example_dags/plugins/event_listener.py took 0.012 seconds
[2024-04-23T22:35:20.805+0000] {processor.py:157} INFO - Started process (PID=34667) to work on /usr/local/python/3.10.13/lib/python3.10/site-packages/airflow/example_dags/plugins/event_listener.py
[2024-04-23T22:35:20.806+0000] {processor.py:826} INFO - Processing file /usr/local/python/3.10.13/lib/python3.10/site-packages/airflow/example_dags/plugins/event_listener.py for tasks to queue
[2024-04-23T22:35:20.806+0000] {logging_mixin.py:150} INFO - [2024-04-23T22:35:20.806+0000] {dagbag.py:541} INFO - Filling up the DagBag from /usr/local/python/3.10.13/lib/python3.10/site-packages/airflow/example_dags/plugins/event_listener.py
[2024-04-23T22:35:20.808+0000] {processor.py:838} WARNING - No viable dags retrieved from /usr/local/python/3.10.13/lib/python3.10/site-packages/airflow/example_dags/plugins/event_listener.py
[2024-04-23T22:35:20.815+0000] {processor.py:179} INFO - Processing /usr/local/python/3.10.13/lib/python3.10/site-packages/airflow/example_dags/plugins/event_listener.py took 0.012 seconds
[2024-04-23T22:35:53.921+0000] {processor.py:157} INFO - Started process (PID=34934) to work on /usr/local/python/3.10.13/lib/python3.10/site-packages/airflow/example_dags/plugins/event_listener.py
[2024-04-23T22:35:53.922+0000] {processor.py:826} INFO - Processing file /usr/local/python/3.10.13/lib/python3.10/site-packages/airflow/example_dags/plugins/event_listener.py for tasks to queue
[2024-04-23T22:35:53.923+0000] {logging_mixin.py:150} INFO - [2024-04-23T22:35:53.922+0000] {dagbag.py:541} INFO - Filling up the DagBag from /usr/local/python/3.10.13/lib/python3.10/site-packages/airflow/example_dags/plugins/event_listener.py
[2024-04-23T22:35:53.924+0000] {processor.py:838} WARNING - No viable dags retrieved from /usr/local/python/3.10.13/lib/python3.10/site-packages/airflow/example_dags/plugins/event_listener.py
[2024-04-23T22:35:53.931+0000] {processor.py:179} INFO - Processing /usr/local/python/3.10.13/lib/python3.10/site-packages/airflow/example_dags/plugins/event_listener.py took 0.012 seconds
[2024-04-23T22:36:27.946+0000] {processor.py:157} INFO - Started process (PID=35196) to work on /usr/local/python/3.10.13/lib/python3.10/site-packages/airflow/example_dags/plugins/event_listener.py
[2024-04-23T22:36:27.947+0000] {processor.py:826} INFO - Processing file /usr/local/python/3.10.13/lib/python3.10/site-packages/airflow/example_dags/plugins/event_listener.py for tasks to queue
[2024-04-23T22:36:27.947+0000] {logging_mixin.py:150} INFO - [2024-04-23T22:36:27.947+0000] {dagbag.py:541} INFO - Filling up the DagBag from /usr/local/python/3.10.13/lib/python3.10/site-packages/airflow/example_dags/plugins/event_listener.py
[2024-04-23T22:36:27.949+0000] {processor.py:838} WARNING - No viable dags retrieved from /usr/local/python/3.10.13/lib/python3.10/site-packages/airflow/example_dags/plugins/event_listener.py
[2024-04-23T22:36:27.956+0000] {processor.py:179} INFO - Processing /usr/local/python/3.10.13/lib/python3.10/site-packages/airflow/example_dags/plugins/event_listener.py took 0.012 seconds
[2024-04-23T22:37:04.801+0000] {processor.py:157} INFO - Started process (PID=35484) to work on /usr/local/python/3.10.13/lib/python3.10/site-packages/airflow/example_dags/plugins/event_listener.py
[2024-04-23T22:37:04.801+0000] {processor.py:826} INFO - Processing file /usr/local/python/3.10.13/lib/python3.10/site-packages/airflow/example_dags/plugins/event_listener.py for tasks to queue
[2024-04-23T22:37:04.802+0000] {logging_mixin.py:150} INFO - [2024-04-23T22:37:04.802+0000] {dagbag.py:541} INFO - Filling up the DagBag from /usr/local/python/3.10.13/lib/python3.10/site-packages/airflow/example_dags/plugins/event_listener.py
[2024-04-23T22:37:04.804+0000] {processor.py:838} WARNING - No viable dags retrieved from /usr/local/python/3.10.13/lib/python3.10/site-packages/airflow/example_dags/plugins/event_listener.py
[2024-04-23T22:37:04.810+0000] {processor.py:179} INFO - Processing /usr/local/python/3.10.13/lib/python3.10/site-packages/airflow/example_dags/plugins/event_listener.py took 0.012 seconds
[2024-04-23T22:37:38.860+0000] {processor.py:157} INFO - Started process (PID=35728) to work on /usr/local/python/3.10.13/lib/python3.10/site-packages/airflow/example_dags/plugins/event_listener.py
[2024-04-23T22:37:38.860+0000] {processor.py:826} INFO - Processing file /usr/local/python/3.10.13/lib/python3.10/site-packages/airflow/example_dags/plugins/event_listener.py for tasks to queue
[2024-04-23T22:37:38.861+0000] {logging_mixin.py:150} INFO - [2024-04-23T22:37:38.861+0000] {dagbag.py:541} INFO - Filling up the DagBag from /usr/local/python/3.10.13/lib/python3.10/site-packages/airflow/example_dags/plugins/event_listener.py
[2024-04-23T22:37:38.863+0000] {processor.py:838} WARNING - No viable dags retrieved from /usr/local/python/3.10.13/lib/python3.10/site-packages/airflow/example_dags/plugins/event_listener.py
[2024-04-23T22:37:38.869+0000] {processor.py:179} INFO - Processing /usr/local/python/3.10.13/lib/python3.10/site-packages/airflow/example_dags/plugins/event_listener.py took 0.012 seconds
[2024-04-23T22:38:12.091+0000] {processor.py:157} INFO - Started process (PID=35973) to work on /usr/local/python/3.10.13/lib/python3.10/site-packages/airflow/example_dags/plugins/event_listener.py
[2024-04-23T22:38:12.092+0000] {processor.py:826} INFO - Processing file /usr/local/python/3.10.13/lib/python3.10/site-packages/airflow/example_dags/plugins/event_listener.py for tasks to queue
[2024-04-23T22:38:12.092+0000] {logging_mixin.py:150} INFO - [2024-04-23T22:38:12.092+0000] {dagbag.py:541} INFO - Filling up the DagBag from /usr/local/python/3.10.13/lib/python3.10/site-packages/airflow/example_dags/plugins/event_listener.py
[2024-04-23T22:38:12.094+0000] {processor.py:838} WARNING - No viable dags retrieved from /usr/local/python/3.10.13/lib/python3.10/site-packages/airflow/example_dags/plugins/event_listener.py
[2024-04-23T22:38:12.101+0000] {processor.py:179} INFO - Processing /usr/local/python/3.10.13/lib/python3.10/site-packages/airflow/example_dags/plugins/event_listener.py took 0.012 seconds
[2024-04-23T22:38:46.951+0000] {processor.py:157} INFO - Started process (PID=36242) to work on /usr/local/python/3.10.13/lib/python3.10/site-packages/airflow/example_dags/plugins/event_listener.py
[2024-04-23T22:38:46.952+0000] {processor.py:826} INFO - Processing file /usr/local/python/3.10.13/lib/python3.10/site-packages/airflow/example_dags/plugins/event_listener.py for tasks to queue
[2024-04-23T22:38:46.952+0000] {logging_mixin.py:150} INFO - [2024-04-23T22:38:46.952+0000] {dagbag.py:541} INFO - Filling up the DagBag from /usr/local/python/3.10.13/lib/python3.10/site-packages/airflow/example_dags/plugins/event_listener.py
[2024-04-23T22:38:46.954+0000] {processor.py:838} WARNING - No viable dags retrieved from /usr/local/python/3.10.13/lib/python3.10/site-packages/airflow/example_dags/plugins/event_listener.py
[2024-04-23T22:38:46.963+0000] {processor.py:179} INFO - Processing /usr/local/python/3.10.13/lib/python3.10/site-packages/airflow/example_dags/plugins/event_listener.py took 0.014 seconds
[2024-04-23T22:39:20.414+0000] {processor.py:157} INFO - Started process (PID=36506) to work on /usr/local/python/3.10.13/lib/python3.10/site-packages/airflow/example_dags/plugins/event_listener.py
[2024-04-23T22:39:20.414+0000] {processor.py:826} INFO - Processing file /usr/local/python/3.10.13/lib/python3.10/site-packages/airflow/example_dags/plugins/event_listener.py for tasks to queue
[2024-04-23T22:39:20.415+0000] {logging_mixin.py:150} INFO - [2024-04-23T22:39:20.415+0000] {dagbag.py:541} INFO - Filling up the DagBag from /usr/local/python/3.10.13/lib/python3.10/site-packages/airflow/example_dags/plugins/event_listener.py
[2024-04-23T22:39:20.416+0000] {processor.py:838} WARNING - No viable dags retrieved from /usr/local/python/3.10.13/lib/python3.10/site-packages/airflow/example_dags/plugins/event_listener.py
[2024-04-23T22:39:20.423+0000] {processor.py:179} INFO - Processing /usr/local/python/3.10.13/lib/python3.10/site-packages/airflow/example_dags/plugins/event_listener.py took 0.013 seconds
[2024-04-23T22:40:10.868+0000] {processor.py:157} INFO - Started process (PID=36889) to work on /usr/local/python/3.10.13/lib/python3.10/site-packages/airflow/example_dags/plugins/event_listener.py
[2024-04-23T22:40:10.869+0000] {processor.py:826} INFO - Processing file /usr/local/python/3.10.13/lib/python3.10/site-packages/airflow/example_dags/plugins/event_listener.py for tasks to queue
[2024-04-23T22:40:10.870+0000] {logging_mixin.py:150} INFO - [2024-04-23T22:40:10.869+0000] {dagbag.py:541} INFO - Filling up the DagBag from /usr/local/python/3.10.13/lib/python3.10/site-packages/airflow/example_dags/plugins/event_listener.py
[2024-04-23T22:40:10.872+0000] {processor.py:838} WARNING - No viable dags retrieved from /usr/local/python/3.10.13/lib/python3.10/site-packages/airflow/example_dags/plugins/event_listener.py
[2024-04-23T22:40:10.902+0000] {processor.py:179} INFO - Processing /usr/local/python/3.10.13/lib/python3.10/site-packages/airflow/example_dags/plugins/event_listener.py took 0.038 seconds
[2024-04-23T22:40:46.605+0000] {processor.py:157} INFO - Started process (PID=37140) to work on /usr/local/python/3.10.13/lib/python3.10/site-packages/airflow/example_dags/plugins/event_listener.py
[2024-04-23T22:40:46.606+0000] {processor.py:826} INFO - Processing file /usr/local/python/3.10.13/lib/python3.10/site-packages/airflow/example_dags/plugins/event_listener.py for tasks to queue
[2024-04-23T22:40:46.606+0000] {logging_mixin.py:150} INFO - [2024-04-23T22:40:46.606+0000] {dagbag.py:541} INFO - Filling up the DagBag from /usr/local/python/3.10.13/lib/python3.10/site-packages/airflow/example_dags/plugins/event_listener.py
[2024-04-23T22:40:46.608+0000] {processor.py:838} WARNING - No viable dags retrieved from /usr/local/python/3.10.13/lib/python3.10/site-packages/airflow/example_dags/plugins/event_listener.py
[2024-04-23T22:40:46.616+0000] {processor.py:179} INFO - Processing /usr/local/python/3.10.13/lib/python3.10/site-packages/airflow/example_dags/plugins/event_listener.py took 0.013 seconds
[2024-04-23T22:41:23.699+0000] {processor.py:157} INFO - Started process (PID=37430) to work on /usr/local/python/3.10.13/lib/python3.10/site-packages/airflow/example_dags/plugins/event_listener.py
[2024-04-23T22:41:23.699+0000] {processor.py:826} INFO - Processing file /usr/local/python/3.10.13/lib/python3.10/site-packages/airflow/example_dags/plugins/event_listener.py for tasks to queue
[2024-04-23T22:41:23.700+0000] {logging_mixin.py:150} INFO - [2024-04-23T22:41:23.700+0000] {dagbag.py:541} INFO - Filling up the DagBag from /usr/local/python/3.10.13/lib/python3.10/site-packages/airflow/example_dags/plugins/event_listener.py
[2024-04-23T22:41:23.701+0000] {processor.py:838} WARNING - No viable dags retrieved from /usr/local/python/3.10.13/lib/python3.10/site-packages/airflow/example_dags/plugins/event_listener.py
[2024-04-23T22:41:23.708+0000] {processor.py:179} INFO - Processing /usr/local/python/3.10.13/lib/python3.10/site-packages/airflow/example_dags/plugins/event_listener.py took 0.012 seconds
[2024-04-23T22:42:01.354+0000] {processor.py:157} INFO - Started process (PID=37716) to work on /usr/local/python/3.10.13/lib/python3.10/site-packages/airflow/example_dags/plugins/event_listener.py
[2024-04-23T22:42:01.354+0000] {processor.py:826} INFO - Processing file /usr/local/python/3.10.13/lib/python3.10/site-packages/airflow/example_dags/plugins/event_listener.py for tasks to queue
[2024-04-23T22:42:01.355+0000] {logging_mixin.py:150} INFO - [2024-04-23T22:42:01.355+0000] {dagbag.py:541} INFO - Filling up the DagBag from /usr/local/python/3.10.13/lib/python3.10/site-packages/airflow/example_dags/plugins/event_listener.py
[2024-04-23T22:42:01.357+0000] {processor.py:838} WARNING - No viable dags retrieved from /usr/local/python/3.10.13/lib/python3.10/site-packages/airflow/example_dags/plugins/event_listener.py
[2024-04-23T22:42:01.363+0000] {processor.py:179} INFO - Processing /usr/local/python/3.10.13/lib/python3.10/site-packages/airflow/example_dags/plugins/event_listener.py took 0.012 seconds
[2024-04-23T22:42:36.024+0000] {processor.py:157} INFO - Started process (PID=37970) to work on /usr/local/python/3.10.13/lib/python3.10/site-packages/airflow/example_dags/plugins/event_listener.py
[2024-04-23T22:42:36.024+0000] {processor.py:826} INFO - Processing file /usr/local/python/3.10.13/lib/python3.10/site-packages/airflow/example_dags/plugins/event_listener.py for tasks to queue
[2024-04-23T22:42:36.025+0000] {logging_mixin.py:150} INFO - [2024-04-23T22:42:36.025+0000] {dagbag.py:541} INFO - Filling up the DagBag from /usr/local/python/3.10.13/lib/python3.10/site-packages/airflow/example_dags/plugins/event_listener.py
[2024-04-23T22:42:36.027+0000] {processor.py:838} WARNING - No viable dags retrieved from /usr/local/python/3.10.13/lib/python3.10/site-packages/airflow/example_dags/plugins/event_listener.py
[2024-04-23T22:42:36.049+0000] {processor.py:179} INFO - Processing /usr/local/python/3.10.13/lib/python3.10/site-packages/airflow/example_dags/plugins/event_listener.py took 0.028 seconds
[2024-04-23T22:43:07.835+0000] {processor.py:157} INFO - Started process (PID=38187) to work on /usr/local/python/3.10.13/lib/python3.10/site-packages/airflow/example_dags/plugins/event_listener.py
[2024-04-23T22:43:07.836+0000] {processor.py:826} INFO - Processing file /usr/local/python/3.10.13/lib/python3.10/site-packages/airflow/example_dags/plugins/event_listener.py for tasks to queue
[2024-04-23T22:43:07.836+0000] {logging_mixin.py:150} INFO - [2024-04-23T22:43:07.836+0000] {dagbag.py:541} INFO - Filling up the DagBag from /usr/local/python/3.10.13/lib/python3.10/site-packages/airflow/example_dags/plugins/event_listener.py
[2024-04-23T22:43:07.838+0000] {processor.py:838} WARNING - No viable dags retrieved from /usr/local/python/3.10.13/lib/python3.10/site-packages/airflow/example_dags/plugins/event_listener.py
[2024-04-23T22:43:07.845+0000] {processor.py:179} INFO - Processing /usr/local/python/3.10.13/lib/python3.10/site-packages/airflow/example_dags/plugins/event_listener.py took 0.012 seconds
[2024-04-23T22:43:43.391+0000] {processor.py:157} INFO - Started process (PID=38460) to work on /usr/local/python/3.10.13/lib/python3.10/site-packages/airflow/example_dags/plugins/event_listener.py
[2024-04-23T22:43:43.392+0000] {processor.py:826} INFO - Processing file /usr/local/python/3.10.13/lib/python3.10/site-packages/airflow/example_dags/plugins/event_listener.py for tasks to queue
[2024-04-23T22:43:43.392+0000] {logging_mixin.py:150} INFO - [2024-04-23T22:43:43.392+0000] {dagbag.py:541} INFO - Filling up the DagBag from /usr/local/python/3.10.13/lib/python3.10/site-packages/airflow/example_dags/plugins/event_listener.py
[2024-04-23T22:43:43.394+0000] {processor.py:838} WARNING - No viable dags retrieved from /usr/local/python/3.10.13/lib/python3.10/site-packages/airflow/example_dags/plugins/event_listener.py
[2024-04-23T22:43:43.400+0000] {processor.py:179} INFO - Processing /usr/local/python/3.10.13/lib/python3.10/site-packages/airflow/example_dags/plugins/event_listener.py took 0.012 seconds
[2024-04-23T22:44:15.563+0000] {processor.py:157} INFO - Started process (PID=38694) to work on /usr/local/python/3.10.13/lib/python3.10/site-packages/airflow/example_dags/plugins/event_listener.py
[2024-04-23T22:44:15.564+0000] {processor.py:826} INFO - Processing file /usr/local/python/3.10.13/lib/python3.10/site-packages/airflow/example_dags/plugins/event_listener.py for tasks to queue
[2024-04-23T22:44:15.564+0000] {logging_mixin.py:150} INFO - [2024-04-23T22:44:15.564+0000] {dagbag.py:541} INFO - Filling up the DagBag from /usr/local/python/3.10.13/lib/python3.10/site-packages/airflow/example_dags/plugins/event_listener.py
[2024-04-23T22:44:15.566+0000] {processor.py:838} WARNING - No viable dags retrieved from /usr/local/python/3.10.13/lib/python3.10/site-packages/airflow/example_dags/plugins/event_listener.py
[2024-04-23T22:44:15.573+0000] {processor.py:179} INFO - Processing /usr/local/python/3.10.13/lib/python3.10/site-packages/airflow/example_dags/plugins/event_listener.py took 0.012 seconds
[2024-04-23T22:44:50.476+0000] {processor.py:157} INFO - Started process (PID=38928) to work on /usr/local/python/3.10.13/lib/python3.10/site-packages/airflow/example_dags/plugins/event_listener.py
[2024-04-23T22:44:50.477+0000] {processor.py:826} INFO - Processing file /usr/local/python/3.10.13/lib/python3.10/site-packages/airflow/example_dags/plugins/event_listener.py for tasks to queue
[2024-04-23T22:44:50.478+0000] {logging_mixin.py:150} INFO - [2024-04-23T22:44:50.477+0000] {dagbag.py:541} INFO - Filling up the DagBag from /usr/local/python/3.10.13/lib/python3.10/site-packages/airflow/example_dags/plugins/event_listener.py
[2024-04-23T22:44:50.479+0000] {processor.py:838} WARNING - No viable dags retrieved from /usr/local/python/3.10.13/lib/python3.10/site-packages/airflow/example_dags/plugins/event_listener.py
[2024-04-23T22:44:50.486+0000] {processor.py:179} INFO - Processing /usr/local/python/3.10.13/lib/python3.10/site-packages/airflow/example_dags/plugins/event_listener.py took 0.012 seconds
[2024-04-23T22:45:36.695+0000] {processor.py:157} INFO - Started process (PID=39300) to work on /usr/local/python/3.10.13/lib/python3.10/site-packages/airflow/example_dags/plugins/event_listener.py
[2024-04-23T22:45:36.695+0000] {processor.py:826} INFO - Processing file /usr/local/python/3.10.13/lib/python3.10/site-packages/airflow/example_dags/plugins/event_listener.py for tasks to queue
[2024-04-23T22:45:36.696+0000] {logging_mixin.py:150} INFO - [2024-04-23T22:45:36.696+0000] {dagbag.py:541} INFO - Filling up the DagBag from /usr/local/python/3.10.13/lib/python3.10/site-packages/airflow/example_dags/plugins/event_listener.py
[2024-04-23T22:45:36.698+0000] {processor.py:838} WARNING - No viable dags retrieved from /usr/local/python/3.10.13/lib/python3.10/site-packages/airflow/example_dags/plugins/event_listener.py
[2024-04-23T22:45:36.704+0000] {processor.py:179} INFO - Processing /usr/local/python/3.10.13/lib/python3.10/site-packages/airflow/example_dags/plugins/event_listener.py took 0.012 seconds
[2024-04-23T22:46:12.181+0000] {processor.py:157} INFO - Started process (PID=39552) to work on /usr/local/python/3.10.13/lib/python3.10/site-packages/airflow/example_dags/plugins/event_listener.py
[2024-04-23T22:46:12.182+0000] {processor.py:826} INFO - Processing file /usr/local/python/3.10.13/lib/python3.10/site-packages/airflow/example_dags/plugins/event_listener.py for tasks to queue
[2024-04-23T22:46:12.183+0000] {logging_mixin.py:150} INFO - [2024-04-23T22:46:12.182+0000] {dagbag.py:541} INFO - Filling up the DagBag from /usr/local/python/3.10.13/lib/python3.10/site-packages/airflow/example_dags/plugins/event_listener.py
[2024-04-23T22:46:12.184+0000] {processor.py:838} WARNING - No viable dags retrieved from /usr/local/python/3.10.13/lib/python3.10/site-packages/airflow/example_dags/plugins/event_listener.py
[2024-04-23T22:46:12.191+0000] {processor.py:179} INFO - Processing /usr/local/python/3.10.13/lib/python3.10/site-packages/airflow/example_dags/plugins/event_listener.py took 0.012 seconds
[2024-04-23T22:46:47.759+0000] {processor.py:157} INFO - Started process (PID=39829) to work on /usr/local/python/3.10.13/lib/python3.10/site-packages/airflow/example_dags/plugins/event_listener.py
[2024-04-23T22:46:47.760+0000] {processor.py:826} INFO - Processing file /usr/local/python/3.10.13/lib/python3.10/site-packages/airflow/example_dags/plugins/event_listener.py for tasks to queue
[2024-04-23T22:46:47.761+0000] {logging_mixin.py:150} INFO - [2024-04-23T22:46:47.760+0000] {dagbag.py:541} INFO - Filling up the DagBag from /usr/local/python/3.10.13/lib/python3.10/site-packages/airflow/example_dags/plugins/event_listener.py
[2024-04-23T22:46:47.762+0000] {processor.py:838} WARNING - No viable dags retrieved from /usr/local/python/3.10.13/lib/python3.10/site-packages/airflow/example_dags/plugins/event_listener.py
[2024-04-23T22:46:47.769+0000] {processor.py:179} INFO - Processing /usr/local/python/3.10.13/lib/python3.10/site-packages/airflow/example_dags/plugins/event_listener.py took 0.012 seconds
[2024-04-23T22:47:24.512+0000] {processor.py:157} INFO - Started process (PID=40119) to work on /usr/local/python/3.10.13/lib/python3.10/site-packages/airflow/example_dags/plugins/event_listener.py
[2024-04-23T22:47:24.513+0000] {processor.py:826} INFO - Processing file /usr/local/python/3.10.13/lib/python3.10/site-packages/airflow/example_dags/plugins/event_listener.py for tasks to queue
[2024-04-23T22:47:24.514+0000] {logging_mixin.py:150} INFO - [2024-04-23T22:47:24.513+0000] {dagbag.py:541} INFO - Filling up the DagBag from /usr/local/python/3.10.13/lib/python3.10/site-packages/airflow/example_dags/plugins/event_listener.py
[2024-04-23T22:47:24.515+0000] {processor.py:838} WARNING - No viable dags retrieved from /usr/local/python/3.10.13/lib/python3.10/site-packages/airflow/example_dags/plugins/event_listener.py
[2024-04-23T22:47:24.522+0000] {processor.py:179} INFO - Processing /usr/local/python/3.10.13/lib/python3.10/site-packages/airflow/example_dags/plugins/event_listener.py took 0.012 seconds
[2024-04-23T22:48:00.956+0000] {processor.py:157} INFO - Started process (PID=40377) to work on /usr/local/python/3.10.13/lib/python3.10/site-packages/airflow/example_dags/plugins/event_listener.py
[2024-04-23T22:48:00.957+0000] {processor.py:826} INFO - Processing file /usr/local/python/3.10.13/lib/python3.10/site-packages/airflow/example_dags/plugins/event_listener.py for tasks to queue
[2024-04-23T22:48:00.957+0000] {logging_mixin.py:150} INFO - [2024-04-23T22:48:00.957+0000] {dagbag.py:541} INFO - Filling up the DagBag from /usr/local/python/3.10.13/lib/python3.10/site-packages/airflow/example_dags/plugins/event_listener.py
[2024-04-23T22:48:00.959+0000] {processor.py:838} WARNING - No viable dags retrieved from /usr/local/python/3.10.13/lib/python3.10/site-packages/airflow/example_dags/plugins/event_listener.py
[2024-04-23T22:48:00.966+0000] {processor.py:179} INFO - Processing /usr/local/python/3.10.13/lib/python3.10/site-packages/airflow/example_dags/plugins/event_listener.py took 0.012 seconds
[2024-04-23T22:48:34.567+0000] {processor.py:157} INFO - Started process (PID=40638) to work on /usr/local/python/3.10.13/lib/python3.10/site-packages/airflow/example_dags/plugins/event_listener.py
[2024-04-23T22:48:34.567+0000] {processor.py:826} INFO - Processing file /usr/local/python/3.10.13/lib/python3.10/site-packages/airflow/example_dags/plugins/event_listener.py for tasks to queue
[2024-04-23T22:48:34.568+0000] {logging_mixin.py:150} INFO - [2024-04-23T22:48:34.568+0000] {dagbag.py:541} INFO - Filling up the DagBag from /usr/local/python/3.10.13/lib/python3.10/site-packages/airflow/example_dags/plugins/event_listener.py
[2024-04-23T22:48:34.570+0000] {processor.py:838} WARNING - No viable dags retrieved from /usr/local/python/3.10.13/lib/python3.10/site-packages/airflow/example_dags/plugins/event_listener.py
[2024-04-23T22:48:34.576+0000] {processor.py:179} INFO - Processing /usr/local/python/3.10.13/lib/python3.10/site-packages/airflow/example_dags/plugins/event_listener.py took 0.012 seconds
[2024-04-23T22:49:08.691+0000] {processor.py:157} INFO - Started process (PID=40903) to work on /usr/local/python/3.10.13/lib/python3.10/site-packages/airflow/example_dags/plugins/event_listener.py
[2024-04-23T22:49:08.692+0000] {processor.py:826} INFO - Processing file /usr/local/python/3.10.13/lib/python3.10/site-packages/airflow/example_dags/plugins/event_listener.py for tasks to queue
[2024-04-23T22:49:08.692+0000] {logging_mixin.py:150} INFO - [2024-04-23T22:49:08.692+0000] {dagbag.py:541} INFO - Filling up the DagBag from /usr/local/python/3.10.13/lib/python3.10/site-packages/airflow/example_dags/plugins/event_listener.py
[2024-04-23T22:49:08.694+0000] {processor.py:838} WARNING - No viable dags retrieved from /usr/local/python/3.10.13/lib/python3.10/site-packages/airflow/example_dags/plugins/event_listener.py
[2024-04-23T22:49:08.701+0000] {processor.py:179} INFO - Processing /usr/local/python/3.10.13/lib/python3.10/site-packages/airflow/example_dags/plugins/event_listener.py took 0.012 seconds
[2024-04-23T22:49:41.705+0000] {processor.py:157} INFO - Started process (PID=41149) to work on /usr/local/python/3.10.13/lib/python3.10/site-packages/airflow/example_dags/plugins/event_listener.py
[2024-04-23T22:49:41.706+0000] {processor.py:826} INFO - Processing file /usr/local/python/3.10.13/lib/python3.10/site-packages/airflow/example_dags/plugins/event_listener.py for tasks to queue
[2024-04-23T22:49:41.706+0000] {logging_mixin.py:150} INFO - [2024-04-23T22:49:41.706+0000] {dagbag.py:541} INFO - Filling up the DagBag from /usr/local/python/3.10.13/lib/python3.10/site-packages/airflow/example_dags/plugins/event_listener.py
[2024-04-23T22:49:41.708+0000] {processor.py:838} WARNING - No viable dags retrieved from /usr/local/python/3.10.13/lib/python3.10/site-packages/airflow/example_dags/plugins/event_listener.py
[2024-04-23T22:49:41.715+0000] {processor.py:179} INFO - Processing /usr/local/python/3.10.13/lib/python3.10/site-packages/airflow/example_dags/plugins/event_listener.py took 0.012 seconds
[2024-04-23T22:50:17.043+0000] {processor.py:157} INFO - Started process (PID=41425) to work on /usr/local/python/3.10.13/lib/python3.10/site-packages/airflow/example_dags/plugins/event_listener.py
[2024-04-23T22:50:17.044+0000] {processor.py:826} INFO - Processing file /usr/local/python/3.10.13/lib/python3.10/site-packages/airflow/example_dags/plugins/event_listener.py for tasks to queue
[2024-04-23T22:50:17.045+0000] {logging_mixin.py:150} INFO - [2024-04-23T22:50:17.045+0000] {dagbag.py:541} INFO - Filling up the DagBag from /usr/local/python/3.10.13/lib/python3.10/site-packages/airflow/example_dags/plugins/event_listener.py
[2024-04-23T22:50:17.046+0000] {processor.py:838} WARNING - No viable dags retrieved from /usr/local/python/3.10.13/lib/python3.10/site-packages/airflow/example_dags/plugins/event_listener.py
[2024-04-23T22:50:17.053+0000] {processor.py:179} INFO - Processing /usr/local/python/3.10.13/lib/python3.10/site-packages/airflow/example_dags/plugins/event_listener.py took 0.012 seconds
[2024-04-23T22:50:52.092+0000] {processor.py:157} INFO - Started process (PID=41675) to work on /usr/local/python/3.10.13/lib/python3.10/site-packages/airflow/example_dags/plugins/event_listener.py
[2024-04-23T22:50:52.092+0000] {processor.py:826} INFO - Processing file /usr/local/python/3.10.13/lib/python3.10/site-packages/airflow/example_dags/plugins/event_listener.py for tasks to queue
[2024-04-23T22:50:52.093+0000] {logging_mixin.py:150} INFO - [2024-04-23T22:50:52.093+0000] {dagbag.py:541} INFO - Filling up the DagBag from /usr/local/python/3.10.13/lib/python3.10/site-packages/airflow/example_dags/plugins/event_listener.py
[2024-04-23T22:50:52.094+0000] {processor.py:838} WARNING - No viable dags retrieved from /usr/local/python/3.10.13/lib/python3.10/site-packages/airflow/example_dags/plugins/event_listener.py
[2024-04-23T22:50:52.101+0000] {processor.py:179} INFO - Processing /usr/local/python/3.10.13/lib/python3.10/site-packages/airflow/example_dags/plugins/event_listener.py took 0.012 seconds
[2024-04-23T22:51:25.546+0000] {processor.py:157} INFO - Started process (PID=41930) to work on /usr/local/python/3.10.13/lib/python3.10/site-packages/airflow/example_dags/plugins/event_listener.py
[2024-04-23T22:51:25.546+0000] {processor.py:826} INFO - Processing file /usr/local/python/3.10.13/lib/python3.10/site-packages/airflow/example_dags/plugins/event_listener.py for tasks to queue
[2024-04-23T22:51:25.547+0000] {logging_mixin.py:150} INFO - [2024-04-23T22:51:25.547+0000] {dagbag.py:541} INFO - Filling up the DagBag from /usr/local/python/3.10.13/lib/python3.10/site-packages/airflow/example_dags/plugins/event_listener.py
[2024-04-23T22:51:25.548+0000] {processor.py:838} WARNING - No viable dags retrieved from /usr/local/python/3.10.13/lib/python3.10/site-packages/airflow/example_dags/plugins/event_listener.py
[2024-04-23T22:51:25.555+0000] {processor.py:179} INFO - Processing /usr/local/python/3.10.13/lib/python3.10/site-packages/airflow/example_dags/plugins/event_listener.py took 0.012 seconds
[2024-04-23T22:52:01.778+0000] {processor.py:157} INFO - Started process (PID=42216) to work on /usr/local/python/3.10.13/lib/python3.10/site-packages/airflow/example_dags/plugins/event_listener.py
[2024-04-23T22:52:01.779+0000] {processor.py:826} INFO - Processing file /usr/local/python/3.10.13/lib/python3.10/site-packages/airflow/example_dags/plugins/event_listener.py for tasks to queue
[2024-04-23T22:52:01.779+0000] {logging_mixin.py:150} INFO - [2024-04-23T22:52:01.779+0000] {dagbag.py:541} INFO - Filling up the DagBag from /usr/local/python/3.10.13/lib/python3.10/site-packages/airflow/example_dags/plugins/event_listener.py
[2024-04-23T22:52:01.781+0000] {processor.py:838} WARNING - No viable dags retrieved from /usr/local/python/3.10.13/lib/python3.10/site-packages/airflow/example_dags/plugins/event_listener.py
[2024-04-23T22:52:01.787+0000] {processor.py:179} INFO - Processing /usr/local/python/3.10.13/lib/python3.10/site-packages/airflow/example_dags/plugins/event_listener.py took 0.012 seconds
[2024-04-23T22:52:36.188+0000] {processor.py:157} INFO - Started process (PID=42460) to work on /usr/local/python/3.10.13/lib/python3.10/site-packages/airflow/example_dags/plugins/event_listener.py
[2024-04-23T22:52:36.189+0000] {processor.py:826} INFO - Processing file /usr/local/python/3.10.13/lib/python3.10/site-packages/airflow/example_dags/plugins/event_listener.py for tasks to queue
[2024-04-23T22:52:36.189+0000] {logging_mixin.py:150} INFO - [2024-04-23T22:52:36.189+0000] {dagbag.py:541} INFO - Filling up the DagBag from /usr/local/python/3.10.13/lib/python3.10/site-packages/airflow/example_dags/plugins/event_listener.py
[2024-04-23T22:52:36.191+0000] {processor.py:838} WARNING - No viable dags retrieved from /usr/local/python/3.10.13/lib/python3.10/site-packages/airflow/example_dags/plugins/event_listener.py
[2024-04-23T22:52:36.197+0000] {processor.py:179} INFO - Processing /usr/local/python/3.10.13/lib/python3.10/site-packages/airflow/example_dags/plugins/event_listener.py took 0.011 seconds
[2024-04-23T22:53:10.082+0000] {processor.py:157} INFO - Started process (PID=42729) to work on /usr/local/python/3.10.13/lib/python3.10/site-packages/airflow/example_dags/plugins/event_listener.py
[2024-04-23T22:53:10.083+0000] {processor.py:826} INFO - Processing file /usr/local/python/3.10.13/lib/python3.10/site-packages/airflow/example_dags/plugins/event_listener.py for tasks to queue
[2024-04-23T22:53:10.083+0000] {logging_mixin.py:150} INFO - [2024-04-23T22:53:10.083+0000] {dagbag.py:541} INFO - Filling up the DagBag from /usr/local/python/3.10.13/lib/python3.10/site-packages/airflow/example_dags/plugins/event_listener.py
[2024-04-23T22:53:10.085+0000] {processor.py:838} WARNING - No viable dags retrieved from /usr/local/python/3.10.13/lib/python3.10/site-packages/airflow/example_dags/plugins/event_listener.py
[2024-04-23T22:53:10.092+0000] {processor.py:179} INFO - Processing /usr/local/python/3.10.13/lib/python3.10/site-packages/airflow/example_dags/plugins/event_listener.py took 0.012 seconds
[2024-04-23T22:53:49.155+0000] {processor.py:157} INFO - Started process (PID=42983) to work on /usr/local/python/3.10.13/lib/python3.10/site-packages/airflow/example_dags/plugins/event_listener.py
[2024-04-23T22:53:49.156+0000] {processor.py:826} INFO - Processing file /usr/local/python/3.10.13/lib/python3.10/site-packages/airflow/example_dags/plugins/event_listener.py for tasks to queue
[2024-04-23T22:53:49.156+0000] {logging_mixin.py:150} INFO - [2024-04-23T22:53:49.156+0000] {dagbag.py:541} INFO - Filling up the DagBag from /usr/local/python/3.10.13/lib/python3.10/site-packages/airflow/example_dags/plugins/event_listener.py
[2024-04-23T22:53:49.158+0000] {processor.py:838} WARNING - No viable dags retrieved from /usr/local/python/3.10.13/lib/python3.10/site-packages/airflow/example_dags/plugins/event_listener.py
[2024-04-23T22:53:49.165+0000] {processor.py:179} INFO - Processing /usr/local/python/3.10.13/lib/python3.10/site-packages/airflow/example_dags/plugins/event_listener.py took 0.012 seconds
[2024-04-23T22:54:31.798+0000] {processor.py:157} INFO - Started process (PID=43290) to work on /usr/local/python/3.10.13/lib/python3.10/site-packages/airflow/example_dags/plugins/event_listener.py
[2024-04-23T22:54:31.799+0000] {processor.py:826} INFO - Processing file /usr/local/python/3.10.13/lib/python3.10/site-packages/airflow/example_dags/plugins/event_listener.py for tasks to queue
[2024-04-23T22:54:31.800+0000] {logging_mixin.py:150} INFO - [2024-04-23T22:54:31.799+0000] {dagbag.py:541} INFO - Filling up the DagBag from /usr/local/python/3.10.13/lib/python3.10/site-packages/airflow/example_dags/plugins/event_listener.py
[2024-04-23T22:54:31.801+0000] {processor.py:838} WARNING - No viable dags retrieved from /usr/local/python/3.10.13/lib/python3.10/site-packages/airflow/example_dags/plugins/event_listener.py
[2024-04-23T22:54:31.808+0000] {processor.py:179} INFO - Processing /usr/local/python/3.10.13/lib/python3.10/site-packages/airflow/example_dags/plugins/event_listener.py took 0.012 seconds
[2024-04-23T22:55:14.068+0000] {processor.py:157} INFO - Started process (PID=43578) to work on /usr/local/python/3.10.13/lib/python3.10/site-packages/airflow/example_dags/plugins/event_listener.py
[2024-04-23T22:55:14.068+0000] {processor.py:826} INFO - Processing file /usr/local/python/3.10.13/lib/python3.10/site-packages/airflow/example_dags/plugins/event_listener.py for tasks to queue
[2024-04-23T22:55:14.069+0000] {logging_mixin.py:150} INFO - [2024-04-23T22:55:14.069+0000] {dagbag.py:541} INFO - Filling up the DagBag from /usr/local/python/3.10.13/lib/python3.10/site-packages/airflow/example_dags/plugins/event_listener.py
[2024-04-23T22:55:14.071+0000] {processor.py:838} WARNING - No viable dags retrieved from /usr/local/python/3.10.13/lib/python3.10/site-packages/airflow/example_dags/plugins/event_listener.py
[2024-04-23T22:55:14.077+0000] {processor.py:179} INFO - Processing /usr/local/python/3.10.13/lib/python3.10/site-packages/airflow/example_dags/plugins/event_listener.py took 0.012 seconds
[2024-04-23T22:55:50.625+0000] {processor.py:157} INFO - Started process (PID=43817) to work on /usr/local/python/3.10.13/lib/python3.10/site-packages/airflow/example_dags/plugins/event_listener.py
[2024-04-23T22:55:50.625+0000] {processor.py:826} INFO - Processing file /usr/local/python/3.10.13/lib/python3.10/site-packages/airflow/example_dags/plugins/event_listener.py for tasks to queue
[2024-04-23T22:55:50.626+0000] {logging_mixin.py:150} INFO - [2024-04-23T22:55:50.626+0000] {dagbag.py:541} INFO - Filling up the DagBag from /usr/local/python/3.10.13/lib/python3.10/site-packages/airflow/example_dags/plugins/event_listener.py
[2024-04-23T22:55:50.627+0000] {processor.py:838} WARNING - No viable dags retrieved from /usr/local/python/3.10.13/lib/python3.10/site-packages/airflow/example_dags/plugins/event_listener.py
[2024-04-23T22:55:50.634+0000] {processor.py:179} INFO - Processing /usr/local/python/3.10.13/lib/python3.10/site-packages/airflow/example_dags/plugins/event_listener.py took 0.012 seconds
[2024-04-23T22:56:31.126+0000] {processor.py:157} INFO - Started process (PID=44123) to work on /usr/local/python/3.10.13/lib/python3.10/site-packages/airflow/example_dags/plugins/event_listener.py
[2024-04-23T22:56:31.126+0000] {processor.py:826} INFO - Processing file /usr/local/python/3.10.13/lib/python3.10/site-packages/airflow/example_dags/plugins/event_listener.py for tasks to queue
[2024-04-23T22:56:31.127+0000] {logging_mixin.py:150} INFO - [2024-04-23T22:56:31.127+0000] {dagbag.py:541} INFO - Filling up the DagBag from /usr/local/python/3.10.13/lib/python3.10/site-packages/airflow/example_dags/plugins/event_listener.py
[2024-04-23T22:56:31.129+0000] {processor.py:838} WARNING - No viable dags retrieved from /usr/local/python/3.10.13/lib/python3.10/site-packages/airflow/example_dags/plugins/event_listener.py
[2024-04-23T22:56:31.191+0000] {processor.py:179} INFO - Processing /usr/local/python/3.10.13/lib/python3.10/site-packages/airflow/example_dags/plugins/event_listener.py took 0.068 seconds
[2024-04-23T22:57:16.874+0000] {processor.py:157} INFO - Started process (PID=44459) to work on /usr/local/python/3.10.13/lib/python3.10/site-packages/airflow/example_dags/plugins/event_listener.py
[2024-04-23T22:57:16.875+0000] {processor.py:826} INFO - Processing file /usr/local/python/3.10.13/lib/python3.10/site-packages/airflow/example_dags/plugins/event_listener.py for tasks to queue
[2024-04-23T22:57:16.876+0000] {logging_mixin.py:150} INFO - [2024-04-23T22:57:16.875+0000] {dagbag.py:541} INFO - Filling up the DagBag from /usr/local/python/3.10.13/lib/python3.10/site-packages/airflow/example_dags/plugins/event_listener.py
[2024-04-23T22:57:16.877+0000] {processor.py:838} WARNING - No viable dags retrieved from /usr/local/python/3.10.13/lib/python3.10/site-packages/airflow/example_dags/plugins/event_listener.py
[2024-04-23T22:57:16.884+0000] {processor.py:179} INFO - Processing /usr/local/python/3.10.13/lib/python3.10/site-packages/airflow/example_dags/plugins/event_listener.py took 0.011 seconds
[2024-04-23T22:57:55.533+0000] {processor.py:157} INFO - Started process (PID=44760) to work on /usr/local/python/3.10.13/lib/python3.10/site-packages/airflow/example_dags/plugins/event_listener.py
[2024-04-23T22:57:55.534+0000] {processor.py:826} INFO - Processing file /usr/local/python/3.10.13/lib/python3.10/site-packages/airflow/example_dags/plugins/event_listener.py for tasks to queue
[2024-04-23T22:57:55.535+0000] {logging_mixin.py:150} INFO - [2024-04-23T22:57:55.534+0000] {dagbag.py:541} INFO - Filling up the DagBag from /usr/local/python/3.10.13/lib/python3.10/site-packages/airflow/example_dags/plugins/event_listener.py
[2024-04-23T22:57:55.536+0000] {processor.py:838} WARNING - No viable dags retrieved from /usr/local/python/3.10.13/lib/python3.10/site-packages/airflow/example_dags/plugins/event_listener.py
[2024-04-23T22:57:55.543+0000] {processor.py:179} INFO - Processing /usr/local/python/3.10.13/lib/python3.10/site-packages/airflow/example_dags/plugins/event_listener.py took 0.011 seconds
[2024-04-23T22:58:29.102+0000] {processor.py:157} INFO - Started process (PID=45009) to work on /usr/local/python/3.10.13/lib/python3.10/site-packages/airflow/example_dags/plugins/event_listener.py
[2024-04-23T22:58:29.102+0000] {processor.py:826} INFO - Processing file /usr/local/python/3.10.13/lib/python3.10/site-packages/airflow/example_dags/plugins/event_listener.py for tasks to queue
[2024-04-23T22:58:29.103+0000] {logging_mixin.py:150} INFO - [2024-04-23T22:58:29.103+0000] {dagbag.py:541} INFO - Filling up the DagBag from /usr/local/python/3.10.13/lib/python3.10/site-packages/airflow/example_dags/plugins/event_listener.py
[2024-04-23T22:58:29.105+0000] {processor.py:838} WARNING - No viable dags retrieved from /usr/local/python/3.10.13/lib/python3.10/site-packages/airflow/example_dags/plugins/event_listener.py
[2024-04-23T22:58:29.111+0000] {processor.py:179} INFO - Processing /usr/local/python/3.10.13/lib/python3.10/site-packages/airflow/example_dags/plugins/event_listener.py took 0.012 seconds
[2024-04-23T22:59:02.980+0000] {processor.py:157} INFO - Started process (PID=45256) to work on /usr/local/python/3.10.13/lib/python3.10/site-packages/airflow/example_dags/plugins/event_listener.py
[2024-04-23T22:59:02.981+0000] {processor.py:826} INFO - Processing file /usr/local/python/3.10.13/lib/python3.10/site-packages/airflow/example_dags/plugins/event_listener.py for tasks to queue
[2024-04-23T22:59:02.982+0000] {logging_mixin.py:150} INFO - [2024-04-23T22:59:02.981+0000] {dagbag.py:541} INFO - Filling up the DagBag from /usr/local/python/3.10.13/lib/python3.10/site-packages/airflow/example_dags/plugins/event_listener.py
[2024-04-23T22:59:02.983+0000] {processor.py:838} WARNING - No viable dags retrieved from /usr/local/python/3.10.13/lib/python3.10/site-packages/airflow/example_dags/plugins/event_listener.py
[2024-04-23T22:59:02.990+0000] {processor.py:179} INFO - Processing /usr/local/python/3.10.13/lib/python3.10/site-packages/airflow/example_dags/plugins/event_listener.py took 0.011 seconds
[2024-04-23T22:59:50.442+0000] {processor.py:157} INFO - Started process (PID=45661) to work on /usr/local/python/3.10.13/lib/python3.10/site-packages/airflow/example_dags/plugins/event_listener.py
[2024-04-23T22:59:50.442+0000] {processor.py:826} INFO - Processing file /usr/local/python/3.10.13/lib/python3.10/site-packages/airflow/example_dags/plugins/event_listener.py for tasks to queue
[2024-04-23T22:59:50.443+0000] {logging_mixin.py:150} INFO - [2024-04-23T22:59:50.443+0000] {dagbag.py:541} INFO - Filling up the DagBag from /usr/local/python/3.10.13/lib/python3.10/site-packages/airflow/example_dags/plugins/event_listener.py
[2024-04-23T22:59:50.444+0000] {processor.py:838} WARNING - No viable dags retrieved from /usr/local/python/3.10.13/lib/python3.10/site-packages/airflow/example_dags/plugins/event_listener.py
[2024-04-23T22:59:50.451+0000] {processor.py:179} INFO - Processing /usr/local/python/3.10.13/lib/python3.10/site-packages/airflow/example_dags/plugins/event_listener.py took 0.011 seconds
