[2024-08-16T11:15:12.122+0000] {local_task_job_runner.py:123} INFO - ::group::Pre task execution logs
[2024-08-16T11:15:12.129+0000] {taskinstance.py:2603} INFO - Dependencies all met for dep_context=non-requeueable deps ti=<TaskInstance: one_task_dag.one_task manual__2024-08-16T11:15:09.602278+00:00 [queued]>
[2024-08-16T11:15:12.134+0000] {taskinstance.py:2603} INFO - Dependencies all met for dep_context=requeueable deps ti=<TaskInstance: one_task_dag.one_task manual__2024-08-16T11:15:09.602278+00:00 [queued]>
[2024-08-16T11:15:12.134+0000] {taskinstance.py:2856} INFO - Starting attempt 1 of 1
[2024-08-16T11:15:12.173+0000] {taskinstance.py:2879} INFO - Executing <Task(BashOperator): one_task> on 2024-08-16 11:15:09.602278+00:00
[2024-08-16T11:15:12.176+0000] {standard_task_runner.py:72} INFO - Started process 16637 to run task
[2024-08-16T11:15:12.179+0000] {standard_task_runner.py:104} INFO - Running: ['airflow', 'tasks', 'run', 'one_task_dag', 'one_task', 'manual__2024-08-16T11:15:09.602278+00:00', '--job-id', '5', '--raw', '--subdir', 'DAGS_FOLDER/one_task_dag.py', '--cfg-path', '/tmp/tmpgljjmlb9']
[2024-08-16T11:15:12.180+0000] {standard_task_runner.py:105} INFO - Job 5: Subtask one_task
[2024-08-16T11:15:12.236+0000] {task_command.py:467} INFO - Running <TaskInstance: one_task_dag.one_task manual__2024-08-16T11:15:09.602278+00:00 [running]> on host codespaces-80360b
[2024-08-16T11:15:12.358+0000] {taskinstance.py:3122} INFO - Exporting env vars: AIRFLOW_CTX_DAG_OWNER='sheen' AIRFLOW_CTX_DAG_ID='one_task_dag' AIRFLOW_CTX_TASK_ID='one_task' AIRFLOW_CTX_EXECUTION_DATE='2024-08-16T11:15:09.602278+00:00' AIRFLOW_CTX_TRY_NUMBER='1' AIRFLOW_CTX_DAG_RUN_ID='manual__2024-08-16T11:15:09.602278+00:00'
[2024-08-16T11:15:12.358+0000] {taskinstance.py:731} INFO - ::endgroup::
[2024-08-16T11:15:12.371+0000] {subprocess.py:63} INFO - Tmp dir root location: /tmp
[2024-08-16T11:15:12.371+0000] {subprocess.py:75} INFO - Running command: ['/usr/bin/bash', '-c', 'echo "hello, linkedin learning" > /workspaces/hands-on-introduction-data-engineering-4395021/airflow/dags/created_file.txt']
[2024-08-16T11:15:12.378+0000] {subprocess.py:86} INFO - Output:
[2024-08-16T11:15:12.380+0000] {subprocess.py:97} INFO - Command exited with return code 0
[2024-08-16T11:15:12.417+0000] {taskinstance.py:340} INFO - ::group::Post task execution logs
[2024-08-16T11:15:12.418+0000] {taskinstance.py:352} INFO - Marking task as SUCCESS. dag_id=one_task_dag, task_id=one_task, run_id=manual__2024-08-16T11:15:09.602278+00:00, execution_date=20240816T111509, start_date=20240816T111512, end_date=20240816T111512
[2024-08-16T11:15:12.475+0000] {local_task_job_runner.py:261} INFO - Task exited with return code 0
[2024-08-16T11:15:12.485+0000] {taskinstance.py:3891} INFO - 0 downstream tasks scheduled from follow-on schedule check
[2024-08-16T11:15:12.486+0000] {local_task_job_runner.py:240} INFO - ::endgroup::
