[2024-08-17T03:30:49.304+0000] {local_task_job_runner.py:123} INFO - ::group::Pre task execution logs
[2024-08-17T03:30:49.329+0000] {taskinstance.py:2603} INFO - Dependencies all met for dep_context=non-requeueable deps ti=<TaskInstance: two_task_dag.bash_task_0 manual__2024-08-17T03:30:46.739907+00:00 [queued]>
[2024-08-17T03:30:49.344+0000] {taskinstance.py:2603} INFO - Dependencies all met for dep_context=requeueable deps ti=<TaskInstance: two_task_dag.bash_task_0 manual__2024-08-17T03:30:46.739907+00:00 [queued]>
[2024-08-17T03:30:49.344+0000] {taskinstance.py:2856} INFO - Starting attempt 1 of 1
[2024-08-17T03:30:49.411+0000] {taskinstance.py:2879} INFO - Executing <Task(BashOperator): bash_task_0> on 2024-08-17 03:30:46.739907+00:00
[2024-08-17T03:30:49.415+0000] {standard_task_runner.py:72} INFO - Started process 35214 to run task
[2024-08-17T03:30:49.422+0000] {standard_task_runner.py:104} INFO - Running: ['airflow', 'tasks', 'run', 'two_task_dag', 'bash_task_0', 'manual__2024-08-17T03:30:46.739907+00:00', '--job-id', '17', '--raw', '--subdir', 'DAGS_FOLDER/two_task.py', '--cfg-path', '/tmp/tmpbsxojhmr']
[2024-08-17T03:30:49.423+0000] {standard_task_runner.py:105} INFO - Job 17: Subtask bash_task_0
[2024-08-17T03:30:49.497+0000] {task_command.py:467} INFO - Running <TaskInstance: two_task_dag.bash_task_0 manual__2024-08-17T03:30:46.739907+00:00 [running]> on host codespaces-80360b
[2024-08-17T03:30:49.644+0000] {taskinstance.py:3122} INFO - Exporting env vars: AIRFLOW_CTX_DAG_OWNER='sheen' AIRFLOW_CTX_DAG_ID='two_task_dag' AIRFLOW_CTX_TASK_ID='bash_task_0' AIRFLOW_CTX_EXECUTION_DATE='2024-08-17T03:30:46.739907+00:00' AIRFLOW_CTX_TRY_NUMBER='1' AIRFLOW_CTX_DAG_RUN_ID='manual__2024-08-17T03:30:46.739907+00:00'
[2024-08-17T03:30:49.647+0000] {taskinstance.py:731} INFO - ::endgroup::
[2024-08-17T03:30:49.679+0000] {subprocess.py:63} INFO - Tmp dir root location: /tmp
[2024-08-17T03:30:49.680+0000] {subprocess.py:75} INFO - Running command: ['/usr/bin/bash', '-c', 'echo "First Airflow task !"']
[2024-08-17T03:30:49.690+0000] {subprocess.py:86} INFO - Output:
[2024-08-17T03:30:49.692+0000] {subprocess.py:93} INFO - First Airflow task !
[2024-08-17T03:30:49.693+0000] {subprocess.py:97} INFO - Command exited with return code 0
[2024-08-17T03:30:49.784+0000] {taskinstance.py:340} INFO - ::group::Post task execution logs
[2024-08-17T03:30:49.784+0000] {taskinstance.py:352} INFO - Marking task as SUCCESS. dag_id=two_task_dag, task_id=bash_task_0, run_id=manual__2024-08-17T03:30:46.739907+00:00, execution_date=20240817T033046, start_date=20240817T033049, end_date=20240817T033049
[2024-08-17T03:30:49.856+0000] {local_task_job_runner.py:261} INFO - Task exited with return code 0
[2024-08-17T03:30:49.974+0000] {taskinstance.py:3891} INFO - 1 downstream tasks scheduled from follow-on schedule check
[2024-08-17T03:30:50.004+0000] {local_task_job_runner.py:240} INFO - ::endgroup::
