[2024-04-23T22:24:01.097+0000] {processor.py:157} INFO - Started process (PID=28908) to work on /usr/local/python/3.10.13/lib/python3.10/site-packages/airflow/example_dags/example_branch_operator.py
[2024-04-23T22:24:01.097+0000] {processor.py:826} INFO - Processing file /usr/local/python/3.10.13/lib/python3.10/site-packages/airflow/example_dags/example_branch_operator.py for tasks to queue
[2024-04-23T22:24:01.098+0000] {logging_mixin.py:150} INFO - [2024-04-23T22:24:01.098+0000] {dagbag.py:541} INFO - Filling up the DagBag from /usr/local/python/3.10.13/lib/python3.10/site-packages/airflow/example_dags/example_branch_operator.py
[2024-04-23T22:24:01.105+0000] {processor.py:836} INFO - DAG(s) dict_keys(['example_branch_operator']) retrieved from /usr/local/python/3.10.13/lib/python3.10/site-packages/airflow/example_dags/example_branch_operator.py
[2024-04-23T22:24:01.242+0000] {logging_mixin.py:150} INFO - [2024-04-23T22:24:01.242+0000] {manager.py:504} INFO - Created Permission View: can delete on DAG:example_branch_operator
[2024-04-23T22:24:01.275+0000] {logging_mixin.py:150} INFO - [2024-04-23T22:24:01.275+0000] {manager.py:504} INFO - Created Permission View: can edit on DAG:example_branch_operator
[2024-04-23T22:24:01.304+0000] {logging_mixin.py:150} INFO - [2024-04-23T22:24:01.304+0000] {manager.py:504} INFO - Created Permission View: can read on DAG:example_branch_operator
[2024-04-23T22:24:01.313+0000] {logging_mixin.py:150} INFO - [2024-04-23T22:24:01.313+0000] {dag.py:2742} INFO - Sync 1 DAGs
[2024-04-23T22:24:01.322+0000] {logging_mixin.py:150} INFO - [2024-04-23T22:24:01.322+0000] {dag.py:2763} INFO - Creating ORM DAG for example_branch_operator
[2024-04-23T22:24:01.330+0000] {logging_mixin.py:150} INFO - [2024-04-23T22:24:01.330+0000] {dag.py:3504} INFO - Setting next_dagrun for example_branch_operator to 2024-04-22T00:00:00+00:00, run_after=2024-04-23T00:00:00+00:00
[2024-04-23T22:24:01.370+0000] {processor.py:179} INFO - Processing /usr/local/python/3.10.13/lib/python3.10/site-packages/airflow/example_dags/example_branch_operator.py took 0.275 seconds
[2024-04-23T22:24:57.991+0000] {processor.py:157} INFO - Started process (PID=29311) to work on /usr/local/python/3.10.13/lib/python3.10/site-packages/airflow/example_dags/example_branch_operator.py
[2024-04-23T22:24:57.992+0000] {processor.py:826} INFO - Processing file /usr/local/python/3.10.13/lib/python3.10/site-packages/airflow/example_dags/example_branch_operator.py for tasks to queue
[2024-04-23T22:24:57.993+0000] {logging_mixin.py:150} INFO - [2024-04-23T22:24:57.993+0000] {dagbag.py:541} INFO - Filling up the DagBag from /usr/local/python/3.10.13/lib/python3.10/site-packages/airflow/example_dags/example_branch_operator.py
[2024-04-23T22:24:58.004+0000] {processor.py:836} INFO - DAG(s) dict_keys(['example_branch_operator']) retrieved from /usr/local/python/3.10.13/lib/python3.10/site-packages/airflow/example_dags/example_branch_operator.py
[2024-04-23T22:24:58.018+0000] {logging_mixin.py:150} INFO - [2024-04-23T22:24:58.017+0000] {dag.py:2742} INFO - Sync 1 DAGs
[2024-04-23T22:24:58.034+0000] {logging_mixin.py:150} INFO - [2024-04-23T22:24:58.034+0000] {dag.py:3504} INFO - Setting next_dagrun for example_branch_operator to 2024-04-22T00:00:00+00:00, run_after=2024-04-23T00:00:00+00:00
[2024-04-23T22:24:58.073+0000] {processor.py:179} INFO - Processing /usr/local/python/3.10.13/lib/python3.10/site-packages/airflow/example_dags/example_branch_operator.py took 0.085 seconds
[2024-04-23T22:25:47.084+0000] {processor.py:157} INFO - Started process (PID=29656) to work on /usr/local/python/3.10.13/lib/python3.10/site-packages/airflow/example_dags/example_branch_operator.py
[2024-04-23T22:25:47.085+0000] {processor.py:826} INFO - Processing file /usr/local/python/3.10.13/lib/python3.10/site-packages/airflow/example_dags/example_branch_operator.py for tasks to queue
[2024-04-23T22:25:47.086+0000] {logging_mixin.py:150} INFO - [2024-04-23T22:25:47.085+0000] {dagbag.py:541} INFO - Filling up the DagBag from /usr/local/python/3.10.13/lib/python3.10/site-packages/airflow/example_dags/example_branch_operator.py
[2024-04-23T22:25:47.093+0000] {processor.py:836} INFO - DAG(s) dict_keys(['example_branch_operator']) retrieved from /usr/local/python/3.10.13/lib/python3.10/site-packages/airflow/example_dags/example_branch_operator.py
[2024-04-23T22:25:47.106+0000] {logging_mixin.py:150} INFO - [2024-04-23T22:25:47.106+0000] {dag.py:2742} INFO - Sync 1 DAGs
[2024-04-23T22:25:47.124+0000] {logging_mixin.py:150} INFO - [2024-04-23T22:25:47.124+0000] {dag.py:3504} INFO - Setting next_dagrun for example_branch_operator to 2024-04-22T00:00:00+00:00, run_after=2024-04-23T00:00:00+00:00
[2024-04-23T22:25:47.163+0000] {processor.py:179} INFO - Processing /usr/local/python/3.10.13/lib/python3.10/site-packages/airflow/example_dags/example_branch_operator.py took 0.081 seconds
[2024-04-23T22:26:36.786+0000] {processor.py:157} INFO - Started process (PID=30004) to work on /usr/local/python/3.10.13/lib/python3.10/site-packages/airflow/example_dags/example_branch_operator.py
[2024-04-23T22:26:36.787+0000] {processor.py:826} INFO - Processing file /usr/local/python/3.10.13/lib/python3.10/site-packages/airflow/example_dags/example_branch_operator.py for tasks to queue
[2024-04-23T22:26:36.788+0000] {logging_mixin.py:150} INFO - [2024-04-23T22:26:36.787+0000] {dagbag.py:541} INFO - Filling up the DagBag from /usr/local/python/3.10.13/lib/python3.10/site-packages/airflow/example_dags/example_branch_operator.py
[2024-04-23T22:26:36.795+0000] {processor.py:836} INFO - DAG(s) dict_keys(['example_branch_operator']) retrieved from /usr/local/python/3.10.13/lib/python3.10/site-packages/airflow/example_dags/example_branch_operator.py
[2024-04-23T22:26:36.809+0000] {logging_mixin.py:150} INFO - [2024-04-23T22:26:36.808+0000] {dag.py:2742} INFO - Sync 1 DAGs
[2024-04-23T22:26:36.824+0000] {logging_mixin.py:150} INFO - [2024-04-23T22:26:36.824+0000] {dag.py:3504} INFO - Setting next_dagrun for example_branch_operator to 2024-04-22T00:00:00+00:00, run_after=2024-04-23T00:00:00+00:00
[2024-04-23T22:26:36.864+0000] {processor.py:179} INFO - Processing /usr/local/python/3.10.13/lib/python3.10/site-packages/airflow/example_dags/example_branch_operator.py took 0.080 seconds
[2024-04-23T22:27:23.450+0000] {processor.py:157} INFO - Started process (PID=30373) to work on /usr/local/python/3.10.13/lib/python3.10/site-packages/airflow/example_dags/example_branch_operator.py
[2024-04-23T22:27:23.451+0000] {processor.py:826} INFO - Processing file /usr/local/python/3.10.13/lib/python3.10/site-packages/airflow/example_dags/example_branch_operator.py for tasks to queue
[2024-04-23T22:27:23.451+0000] {logging_mixin.py:150} INFO - [2024-04-23T22:27:23.451+0000] {dagbag.py:541} INFO - Filling up the DagBag from /usr/local/python/3.10.13/lib/python3.10/site-packages/airflow/example_dags/example_branch_operator.py
[2024-04-23T22:27:23.459+0000] {processor.py:836} INFO - DAG(s) dict_keys(['example_branch_operator']) retrieved from /usr/local/python/3.10.13/lib/python3.10/site-packages/airflow/example_dags/example_branch_operator.py
[2024-04-23T22:27:23.472+0000] {logging_mixin.py:150} INFO - [2024-04-23T22:27:23.472+0000] {dag.py:2742} INFO - Sync 1 DAGs
[2024-04-23T22:27:23.488+0000] {logging_mixin.py:150} INFO - [2024-04-23T22:27:23.488+0000] {dag.py:3504} INFO - Setting next_dagrun for example_branch_operator to 2024-04-22T00:00:00+00:00, run_after=2024-04-23T00:00:00+00:00
[2024-04-23T22:27:23.528+0000] {processor.py:179} INFO - Processing /usr/local/python/3.10.13/lib/python3.10/site-packages/airflow/example_dags/example_branch_operator.py took 0.080 seconds
[2024-04-23T22:28:10.755+0000] {processor.py:157} INFO - Started process (PID=30875) to work on /usr/local/python/3.10.13/lib/python3.10/site-packages/airflow/example_dags/example_branch_operator.py
[2024-04-23T22:28:10.756+0000] {processor.py:826} INFO - Processing file /usr/local/python/3.10.13/lib/python3.10/site-packages/airflow/example_dags/example_branch_operator.py for tasks to queue
[2024-04-23T22:28:10.756+0000] {logging_mixin.py:150} INFO - [2024-04-23T22:28:10.756+0000] {dagbag.py:541} INFO - Filling up the DagBag from /usr/local/python/3.10.13/lib/python3.10/site-packages/airflow/example_dags/example_branch_operator.py
[2024-04-23T22:28:10.763+0000] {processor.py:836} INFO - DAG(s) dict_keys(['example_branch_operator']) retrieved from /usr/local/python/3.10.13/lib/python3.10/site-packages/airflow/example_dags/example_branch_operator.py
[2024-04-23T22:28:10.777+0000] {logging_mixin.py:150} INFO - [2024-04-23T22:28:10.777+0000] {dag.py:2742} INFO - Sync 1 DAGs
[2024-04-23T22:28:10.794+0000] {logging_mixin.py:150} INFO - [2024-04-23T22:28:10.794+0000] {dag.py:3504} INFO - Setting next_dagrun for example_branch_operator to 2024-04-22T00:00:00+00:00, run_after=2024-04-23T00:00:00+00:00
[2024-04-23T22:28:10.836+0000] {processor.py:179} INFO - Processing /usr/local/python/3.10.13/lib/python3.10/site-packages/airflow/example_dags/example_branch_operator.py took 0.083 seconds
[2024-04-23T22:28:57.223+0000] {processor.py:157} INFO - Started process (PID=31676) to work on /usr/local/python/3.10.13/lib/python3.10/site-packages/airflow/example_dags/example_branch_operator.py
[2024-04-23T22:28:57.224+0000] {processor.py:826} INFO - Processing file /usr/local/python/3.10.13/lib/python3.10/site-packages/airflow/example_dags/example_branch_operator.py for tasks to queue
[2024-04-23T22:28:57.225+0000] {logging_mixin.py:150} INFO - [2024-04-23T22:28:57.224+0000] {dagbag.py:541} INFO - Filling up the DagBag from /usr/local/python/3.10.13/lib/python3.10/site-packages/airflow/example_dags/example_branch_operator.py
[2024-04-23T22:28:57.232+0000] {processor.py:836} INFO - DAG(s) dict_keys(['example_branch_operator']) retrieved from /usr/local/python/3.10.13/lib/python3.10/site-packages/airflow/example_dags/example_branch_operator.py
[2024-04-23T22:28:57.245+0000] {logging_mixin.py:150} INFO - [2024-04-23T22:28:57.245+0000] {dag.py:2742} INFO - Sync 1 DAGs
[2024-04-23T22:28:57.263+0000] {logging_mixin.py:150} INFO - [2024-04-23T22:28:57.262+0000] {dag.py:3504} INFO - Setting next_dagrun for example_branch_operator to 2024-04-22T00:00:00+00:00, run_after=2024-04-23T00:00:00+00:00
[2024-04-23T22:28:57.300+0000] {processor.py:179} INFO - Processing /usr/local/python/3.10.13/lib/python3.10/site-packages/airflow/example_dags/example_branch_operator.py took 0.079 seconds
[2024-04-23T22:29:42.464+0000] {processor.py:157} INFO - Started process (PID=32010) to work on /usr/local/python/3.10.13/lib/python3.10/site-packages/airflow/example_dags/example_branch_operator.py
[2024-04-23T22:29:42.465+0000] {processor.py:826} INFO - Processing file /usr/local/python/3.10.13/lib/python3.10/site-packages/airflow/example_dags/example_branch_operator.py for tasks to queue
[2024-04-23T22:29:42.465+0000] {logging_mixin.py:150} INFO - [2024-04-23T22:29:42.465+0000] {dagbag.py:541} INFO - Filling up the DagBag from /usr/local/python/3.10.13/lib/python3.10/site-packages/airflow/example_dags/example_branch_operator.py
[2024-04-23T22:29:42.472+0000] {processor.py:836} INFO - DAG(s) dict_keys(['example_branch_operator']) retrieved from /usr/local/python/3.10.13/lib/python3.10/site-packages/airflow/example_dags/example_branch_operator.py
[2024-04-23T22:29:42.485+0000] {logging_mixin.py:150} INFO - [2024-04-23T22:29:42.485+0000] {dag.py:2742} INFO - Sync 1 DAGs
[2024-04-23T22:29:42.501+0000] {logging_mixin.py:150} INFO - [2024-04-23T22:29:42.501+0000] {dag.py:3504} INFO - Setting next_dagrun for example_branch_operator to 2024-04-22T00:00:00+00:00, run_after=2024-04-23T00:00:00+00:00
[2024-04-23T22:29:42.548+0000] {processor.py:179} INFO - Processing /usr/local/python/3.10.13/lib/python3.10/site-packages/airflow/example_dags/example_branch_operator.py took 0.086 seconds
[2024-04-23T22:30:35.599+0000] {processor.py:157} INFO - Started process (PID=32414) to work on /usr/local/python/3.10.13/lib/python3.10/site-packages/airflow/example_dags/example_branch_operator.py
[2024-04-23T22:30:35.602+0000] {processor.py:826} INFO - Processing file /usr/local/python/3.10.13/lib/python3.10/site-packages/airflow/example_dags/example_branch_operator.py for tasks to queue
[2024-04-23T22:30:35.603+0000] {logging_mixin.py:150} INFO - [2024-04-23T22:30:35.602+0000] {dagbag.py:541} INFO - Filling up the DagBag from /usr/local/python/3.10.13/lib/python3.10/site-packages/airflow/example_dags/example_branch_operator.py
[2024-04-23T22:30:35.623+0000] {processor.py:836} INFO - DAG(s) dict_keys(['example_branch_operator']) retrieved from /usr/local/python/3.10.13/lib/python3.10/site-packages/airflow/example_dags/example_branch_operator.py
[2024-04-23T22:30:35.651+0000] {logging_mixin.py:150} INFO - [2024-04-23T22:30:35.651+0000] {dag.py:2742} INFO - Sync 1 DAGs
[2024-04-23T22:30:35.671+0000] {logging_mixin.py:150} INFO - [2024-04-23T22:30:35.671+0000] {dag.py:3504} INFO - Setting next_dagrun for example_branch_operator to 2024-04-22T00:00:00+00:00, run_after=2024-04-23T00:00:00+00:00
[2024-04-23T22:30:35.718+0000] {processor.py:179} INFO - Processing /usr/local/python/3.10.13/lib/python3.10/site-packages/airflow/example_dags/example_branch_operator.py took 0.122 seconds
[2024-04-23T22:31:30.366+0000] {processor.py:157} INFO - Started process (PID=32832) to work on /usr/local/python/3.10.13/lib/python3.10/site-packages/airflow/example_dags/example_branch_operator.py
[2024-04-23T22:31:30.367+0000] {processor.py:826} INFO - Processing file /usr/local/python/3.10.13/lib/python3.10/site-packages/airflow/example_dags/example_branch_operator.py for tasks to queue
[2024-04-23T22:31:30.367+0000] {logging_mixin.py:150} INFO - [2024-04-23T22:31:30.367+0000] {dagbag.py:541} INFO - Filling up the DagBag from /usr/local/python/3.10.13/lib/python3.10/site-packages/airflow/example_dags/example_branch_operator.py
[2024-04-23T22:31:30.374+0000] {processor.py:836} INFO - DAG(s) dict_keys(['example_branch_operator']) retrieved from /usr/local/python/3.10.13/lib/python3.10/site-packages/airflow/example_dags/example_branch_operator.py
[2024-04-23T22:31:30.389+0000] {logging_mixin.py:150} INFO - [2024-04-23T22:31:30.388+0000] {dag.py:2742} INFO - Sync 1 DAGs
[2024-04-23T22:31:30.407+0000] {logging_mixin.py:150} INFO - [2024-04-23T22:31:30.407+0000] {dag.py:3504} INFO - Setting next_dagrun for example_branch_operator to 2024-04-22T00:00:00+00:00, run_after=2024-04-23T00:00:00+00:00
[2024-04-23T22:31:30.447+0000] {processor.py:179} INFO - Processing /usr/local/python/3.10.13/lib/python3.10/site-packages/airflow/example_dags/example_branch_operator.py took 0.084 seconds
[2024-04-23T22:32:24.205+0000] {processor.py:157} INFO - Started process (PID=33234) to work on /usr/local/python/3.10.13/lib/python3.10/site-packages/airflow/example_dags/example_branch_operator.py
[2024-04-23T22:32:24.205+0000] {processor.py:826} INFO - Processing file /usr/local/python/3.10.13/lib/python3.10/site-packages/airflow/example_dags/example_branch_operator.py for tasks to queue
[2024-04-23T22:32:24.206+0000] {logging_mixin.py:150} INFO - [2024-04-23T22:32:24.206+0000] {dagbag.py:541} INFO - Filling up the DagBag from /usr/local/python/3.10.13/lib/python3.10/site-packages/airflow/example_dags/example_branch_operator.py
[2024-04-23T22:32:24.214+0000] {processor.py:836} INFO - DAG(s) dict_keys(['example_branch_operator']) retrieved from /usr/local/python/3.10.13/lib/python3.10/site-packages/airflow/example_dags/example_branch_operator.py
[2024-04-23T22:32:24.228+0000] {logging_mixin.py:150} INFO - [2024-04-23T22:32:24.227+0000] {dag.py:2742} INFO - Sync 1 DAGs
[2024-04-23T22:32:24.245+0000] {logging_mixin.py:150} INFO - [2024-04-23T22:32:24.244+0000] {dag.py:3504} INFO - Setting next_dagrun for example_branch_operator to 2024-04-22T00:00:00+00:00, run_after=2024-04-23T00:00:00+00:00
[2024-04-23T22:32:24.283+0000] {processor.py:179} INFO - Processing /usr/local/python/3.10.13/lib/python3.10/site-packages/airflow/example_dags/example_branch_operator.py took 0.081 seconds
[2024-04-23T22:33:12.422+0000] {processor.py:157} INFO - Started process (PID=33613) to work on /usr/local/python/3.10.13/lib/python3.10/site-packages/airflow/example_dags/example_branch_operator.py
[2024-04-23T22:33:12.423+0000] {processor.py:826} INFO - Processing file /usr/local/python/3.10.13/lib/python3.10/site-packages/airflow/example_dags/example_branch_operator.py for tasks to queue
[2024-04-23T22:33:12.423+0000] {logging_mixin.py:150} INFO - [2024-04-23T22:33:12.423+0000] {dagbag.py:541} INFO - Filling up the DagBag from /usr/local/python/3.10.13/lib/python3.10/site-packages/airflow/example_dags/example_branch_operator.py
[2024-04-23T22:33:12.430+0000] {processor.py:836} INFO - DAG(s) dict_keys(['example_branch_operator']) retrieved from /usr/local/python/3.10.13/lib/python3.10/site-packages/airflow/example_dags/example_branch_operator.py
[2024-04-23T22:33:12.446+0000] {logging_mixin.py:150} INFO - [2024-04-23T22:33:12.446+0000] {dag.py:2742} INFO - Sync 1 DAGs
[2024-04-23T22:33:12.463+0000] {logging_mixin.py:150} INFO - [2024-04-23T22:33:12.462+0000] {dag.py:3504} INFO - Setting next_dagrun for example_branch_operator to 2024-04-22T00:00:00+00:00, run_after=2024-04-23T00:00:00+00:00
[2024-04-23T22:33:12.504+0000] {processor.py:179} INFO - Processing /usr/local/python/3.10.13/lib/python3.10/site-packages/airflow/example_dags/example_branch_operator.py took 0.084 seconds
[2024-04-23T22:34:06.106+0000] {processor.py:157} INFO - Started process (PID=34007) to work on /usr/local/python/3.10.13/lib/python3.10/site-packages/airflow/example_dags/example_branch_operator.py
[2024-04-23T22:34:06.107+0000] {processor.py:826} INFO - Processing file /usr/local/python/3.10.13/lib/python3.10/site-packages/airflow/example_dags/example_branch_operator.py for tasks to queue
[2024-04-23T22:34:06.107+0000] {logging_mixin.py:150} INFO - [2024-04-23T22:34:06.107+0000] {dagbag.py:541} INFO - Filling up the DagBag from /usr/local/python/3.10.13/lib/python3.10/site-packages/airflow/example_dags/example_branch_operator.py
[2024-04-23T22:34:06.114+0000] {processor.py:836} INFO - DAG(s) dict_keys(['example_branch_operator']) retrieved from /usr/local/python/3.10.13/lib/python3.10/site-packages/airflow/example_dags/example_branch_operator.py
[2024-04-23T22:34:06.128+0000] {logging_mixin.py:150} INFO - [2024-04-23T22:34:06.128+0000] {dag.py:2742} INFO - Sync 1 DAGs
[2024-04-23T22:34:06.146+0000] {logging_mixin.py:150} INFO - [2024-04-23T22:34:06.145+0000] {dag.py:3504} INFO - Setting next_dagrun for example_branch_operator to 2024-04-22T00:00:00+00:00, run_after=2024-04-23T00:00:00+00:00
[2024-04-23T22:34:06.183+0000] {processor.py:179} INFO - Processing /usr/local/python/3.10.13/lib/python3.10/site-packages/airflow/example_dags/example_branch_operator.py took 0.080 seconds
[2024-04-23T22:34:58.722+0000] {processor.py:157} INFO - Started process (PID=34429) to work on /usr/local/python/3.10.13/lib/python3.10/site-packages/airflow/example_dags/example_branch_operator.py
[2024-04-23T22:34:58.722+0000] {processor.py:826} INFO - Processing file /usr/local/python/3.10.13/lib/python3.10/site-packages/airflow/example_dags/example_branch_operator.py for tasks to queue
[2024-04-23T22:34:58.723+0000] {logging_mixin.py:150} INFO - [2024-04-23T22:34:58.723+0000] {dagbag.py:541} INFO - Filling up the DagBag from /usr/local/python/3.10.13/lib/python3.10/site-packages/airflow/example_dags/example_branch_operator.py
[2024-04-23T22:34:58.733+0000] {processor.py:836} INFO - DAG(s) dict_keys(['example_branch_operator']) retrieved from /usr/local/python/3.10.13/lib/python3.10/site-packages/airflow/example_dags/example_branch_operator.py
[2024-04-23T22:34:58.750+0000] {logging_mixin.py:150} INFO - [2024-04-23T22:34:58.750+0000] {dag.py:2742} INFO - Sync 1 DAGs
[2024-04-23T22:34:58.772+0000] {logging_mixin.py:150} INFO - [2024-04-23T22:34:58.772+0000] {dag.py:3504} INFO - Setting next_dagrun for example_branch_operator to 2024-04-22T00:00:00+00:00, run_after=2024-04-23T00:00:00+00:00
[2024-04-23T22:34:58.813+0000] {processor.py:179} INFO - Processing /usr/local/python/3.10.13/lib/python3.10/site-packages/airflow/example_dags/example_branch_operator.py took 0.095 seconds
[2024-04-23T22:35:47.559+0000] {processor.py:157} INFO - Started process (PID=34876) to work on /usr/local/python/3.10.13/lib/python3.10/site-packages/airflow/example_dags/example_branch_operator.py
[2024-04-23T22:35:47.559+0000] {processor.py:826} INFO - Processing file /usr/local/python/3.10.13/lib/python3.10/site-packages/airflow/example_dags/example_branch_operator.py for tasks to queue
[2024-04-23T22:35:47.560+0000] {logging_mixin.py:150} INFO - [2024-04-23T22:35:47.560+0000] {dagbag.py:541} INFO - Filling up the DagBag from /usr/local/python/3.10.13/lib/python3.10/site-packages/airflow/example_dags/example_branch_operator.py
[2024-04-23T22:35:47.570+0000] {processor.py:836} INFO - DAG(s) dict_keys(['example_branch_operator']) retrieved from /usr/local/python/3.10.13/lib/python3.10/site-packages/airflow/example_dags/example_branch_operator.py
[2024-04-23T22:35:47.585+0000] {logging_mixin.py:150} INFO - [2024-04-23T22:35:47.585+0000] {dag.py:2742} INFO - Sync 1 DAGs
[2024-04-23T22:35:47.601+0000] {logging_mixin.py:150} INFO - [2024-04-23T22:35:47.601+0000] {dag.py:3504} INFO - Setting next_dagrun for example_branch_operator to 2024-04-22T00:00:00+00:00, run_after=2024-04-23T00:00:00+00:00
[2024-04-23T22:35:47.638+0000] {processor.py:179} INFO - Processing /usr/local/python/3.10.13/lib/python3.10/site-packages/airflow/example_dags/example_branch_operator.py took 0.081 seconds
[2024-04-23T22:36:39.188+0000] {processor.py:157} INFO - Started process (PID=35281) to work on /usr/local/python/3.10.13/lib/python3.10/site-packages/airflow/example_dags/example_branch_operator.py
[2024-04-23T22:36:39.189+0000] {processor.py:826} INFO - Processing file /usr/local/python/3.10.13/lib/python3.10/site-packages/airflow/example_dags/example_branch_operator.py for tasks to queue
[2024-04-23T22:36:39.190+0000] {logging_mixin.py:150} INFO - [2024-04-23T22:36:39.189+0000] {dagbag.py:541} INFO - Filling up the DagBag from /usr/local/python/3.10.13/lib/python3.10/site-packages/airflow/example_dags/example_branch_operator.py
[2024-04-23T22:36:39.197+0000] {processor.py:836} INFO - DAG(s) dict_keys(['example_branch_operator']) retrieved from /usr/local/python/3.10.13/lib/python3.10/site-packages/airflow/example_dags/example_branch_operator.py
[2024-04-23T22:36:39.215+0000] {logging_mixin.py:150} INFO - [2024-04-23T22:36:39.215+0000] {dag.py:2742} INFO - Sync 1 DAGs
[2024-04-23T22:36:39.233+0000] {logging_mixin.py:150} INFO - [2024-04-23T22:36:39.232+0000] {dag.py:3504} INFO - Setting next_dagrun for example_branch_operator to 2024-04-22T00:00:00+00:00, run_after=2024-04-23T00:00:00+00:00
[2024-04-23T22:36:39.276+0000] {processor.py:179} INFO - Processing /usr/local/python/3.10.13/lib/python3.10/site-packages/airflow/example_dags/example_branch_operator.py took 0.090 seconds
[2024-04-23T22:37:34.076+0000] {processor.py:157} INFO - Started process (PID=35681) to work on /usr/local/python/3.10.13/lib/python3.10/site-packages/airflow/example_dags/example_branch_operator.py
[2024-04-23T22:37:34.077+0000] {processor.py:826} INFO - Processing file /usr/local/python/3.10.13/lib/python3.10/site-packages/airflow/example_dags/example_branch_operator.py for tasks to queue
[2024-04-23T22:37:34.077+0000] {logging_mixin.py:150} INFO - [2024-04-23T22:37:34.077+0000] {dagbag.py:541} INFO - Filling up the DagBag from /usr/local/python/3.10.13/lib/python3.10/site-packages/airflow/example_dags/example_branch_operator.py
[2024-04-23T22:37:34.085+0000] {processor.py:836} INFO - DAG(s) dict_keys(['example_branch_operator']) retrieved from /usr/local/python/3.10.13/lib/python3.10/site-packages/airflow/example_dags/example_branch_operator.py
[2024-04-23T22:37:34.099+0000] {logging_mixin.py:150} INFO - [2024-04-23T22:37:34.099+0000] {dag.py:2742} INFO - Sync 1 DAGs
[2024-04-23T22:37:34.116+0000] {logging_mixin.py:150} INFO - [2024-04-23T22:37:34.116+0000] {dag.py:3504} INFO - Setting next_dagrun for example_branch_operator to 2024-04-22T00:00:00+00:00, run_after=2024-04-23T00:00:00+00:00
[2024-04-23T22:37:34.154+0000] {processor.py:179} INFO - Processing /usr/local/python/3.10.13/lib/python3.10/site-packages/airflow/example_dags/example_branch_operator.py took 0.080 seconds
[2024-04-23T22:38:23.579+0000] {processor.py:157} INFO - Started process (PID=36057) to work on /usr/local/python/3.10.13/lib/python3.10/site-packages/airflow/example_dags/example_branch_operator.py
[2024-04-23T22:38:23.579+0000] {processor.py:826} INFO - Processing file /usr/local/python/3.10.13/lib/python3.10/site-packages/airflow/example_dags/example_branch_operator.py for tasks to queue
[2024-04-23T22:38:23.580+0000] {logging_mixin.py:150} INFO - [2024-04-23T22:38:23.580+0000] {dagbag.py:541} INFO - Filling up the DagBag from /usr/local/python/3.10.13/lib/python3.10/site-packages/airflow/example_dags/example_branch_operator.py
[2024-04-23T22:38:23.587+0000] {processor.py:836} INFO - DAG(s) dict_keys(['example_branch_operator']) retrieved from /usr/local/python/3.10.13/lib/python3.10/site-packages/airflow/example_dags/example_branch_operator.py
[2024-04-23T22:38:23.601+0000] {logging_mixin.py:150} INFO - [2024-04-23T22:38:23.601+0000] {dag.py:2742} INFO - Sync 1 DAGs
[2024-04-23T22:38:23.618+0000] {logging_mixin.py:150} INFO - [2024-04-23T22:38:23.617+0000] {dag.py:3504} INFO - Setting next_dagrun for example_branch_operator to 2024-04-22T00:00:00+00:00, run_after=2024-04-23T00:00:00+00:00
[2024-04-23T22:38:23.658+0000] {processor.py:179} INFO - Processing /usr/local/python/3.10.13/lib/python3.10/site-packages/airflow/example_dags/example_branch_operator.py took 0.081 seconds
[2024-04-23T22:39:14.058+0000] {processor.py:157} INFO - Started process (PID=36446) to work on /usr/local/python/3.10.13/lib/python3.10/site-packages/airflow/example_dags/example_branch_operator.py
[2024-04-23T22:39:14.059+0000] {processor.py:826} INFO - Processing file /usr/local/python/3.10.13/lib/python3.10/site-packages/airflow/example_dags/example_branch_operator.py for tasks to queue
[2024-04-23T22:39:14.059+0000] {logging_mixin.py:150} INFO - [2024-04-23T22:39:14.059+0000] {dagbag.py:541} INFO - Filling up the DagBag from /usr/local/python/3.10.13/lib/python3.10/site-packages/airflow/example_dags/example_branch_operator.py
[2024-04-23T22:39:14.067+0000] {processor.py:836} INFO - DAG(s) dict_keys(['example_branch_operator']) retrieved from /usr/local/python/3.10.13/lib/python3.10/site-packages/airflow/example_dags/example_branch_operator.py
[2024-04-23T22:39:14.081+0000] {logging_mixin.py:150} INFO - [2024-04-23T22:39:14.081+0000] {dag.py:2742} INFO - Sync 1 DAGs
[2024-04-23T22:39:14.097+0000] {logging_mixin.py:150} INFO - [2024-04-23T22:39:14.097+0000] {dag.py:3504} INFO - Setting next_dagrun for example_branch_operator to 2024-04-22T00:00:00+00:00, run_after=2024-04-23T00:00:00+00:00
[2024-04-23T22:39:14.137+0000] {processor.py:179} INFO - Processing /usr/local/python/3.10.13/lib/python3.10/site-packages/airflow/example_dags/example_branch_operator.py took 0.081 seconds
[2024-04-23T22:40:05.101+0000] {processor.py:157} INFO - Started process (PID=36838) to work on /usr/local/python/3.10.13/lib/python3.10/site-packages/airflow/example_dags/example_branch_operator.py
[2024-04-23T22:40:05.101+0000] {processor.py:826} INFO - Processing file /usr/local/python/3.10.13/lib/python3.10/site-packages/airflow/example_dags/example_branch_operator.py for tasks to queue
[2024-04-23T22:40:05.102+0000] {logging_mixin.py:150} INFO - [2024-04-23T22:40:05.102+0000] {dagbag.py:541} INFO - Filling up the DagBag from /usr/local/python/3.10.13/lib/python3.10/site-packages/airflow/example_dags/example_branch_operator.py
[2024-04-23T22:40:05.109+0000] {processor.py:836} INFO - DAG(s) dict_keys(['example_branch_operator']) retrieved from /usr/local/python/3.10.13/lib/python3.10/site-packages/airflow/example_dags/example_branch_operator.py
[2024-04-23T22:40:05.122+0000] {logging_mixin.py:150} INFO - [2024-04-23T22:40:05.122+0000] {dag.py:2742} INFO - Sync 1 DAGs
[2024-04-23T22:40:05.139+0000] {logging_mixin.py:150} INFO - [2024-04-23T22:40:05.138+0000] {dag.py:3504} INFO - Setting next_dagrun for example_branch_operator to 2024-04-22T00:00:00+00:00, run_after=2024-04-23T00:00:00+00:00
[2024-04-23T22:40:05.179+0000] {processor.py:179} INFO - Processing /usr/local/python/3.10.13/lib/python3.10/site-packages/airflow/example_dags/example_branch_operator.py took 0.080 seconds
[2024-04-23T22:40:58.773+0000] {processor.py:157} INFO - Started process (PID=37254) to work on /usr/local/python/3.10.13/lib/python3.10/site-packages/airflow/example_dags/example_branch_operator.py
[2024-04-23T22:40:58.774+0000] {processor.py:826} INFO - Processing file /usr/local/python/3.10.13/lib/python3.10/site-packages/airflow/example_dags/example_branch_operator.py for tasks to queue
[2024-04-23T22:40:58.774+0000] {logging_mixin.py:150} INFO - [2024-04-23T22:40:58.774+0000] {dagbag.py:541} INFO - Filling up the DagBag from /usr/local/python/3.10.13/lib/python3.10/site-packages/airflow/example_dags/example_branch_operator.py
[2024-04-23T22:40:58.781+0000] {processor.py:836} INFO - DAG(s) dict_keys(['example_branch_operator']) retrieved from /usr/local/python/3.10.13/lib/python3.10/site-packages/airflow/example_dags/example_branch_operator.py
[2024-04-23T22:40:58.795+0000] {logging_mixin.py:150} INFO - [2024-04-23T22:40:58.795+0000] {dag.py:2742} INFO - Sync 1 DAGs
[2024-04-23T22:40:58.811+0000] {logging_mixin.py:150} INFO - [2024-04-23T22:40:58.811+0000] {dag.py:3504} INFO - Setting next_dagrun for example_branch_operator to 2024-04-22T00:00:00+00:00, run_after=2024-04-23T00:00:00+00:00
[2024-04-23T22:40:58.855+0000] {processor.py:179} INFO - Processing /usr/local/python/3.10.13/lib/python3.10/site-packages/airflow/example_dags/example_branch_operator.py took 0.084 seconds
[2024-04-23T22:41:55.027+0000] {processor.py:157} INFO - Started process (PID=37664) to work on /usr/local/python/3.10.13/lib/python3.10/site-packages/airflow/example_dags/example_branch_operator.py
[2024-04-23T22:41:55.027+0000] {processor.py:826} INFO - Processing file /usr/local/python/3.10.13/lib/python3.10/site-packages/airflow/example_dags/example_branch_operator.py for tasks to queue
[2024-04-23T22:41:55.028+0000] {logging_mixin.py:150} INFO - [2024-04-23T22:41:55.028+0000] {dagbag.py:541} INFO - Filling up the DagBag from /usr/local/python/3.10.13/lib/python3.10/site-packages/airflow/example_dags/example_branch_operator.py
[2024-04-23T22:41:55.035+0000] {processor.py:836} INFO - DAG(s) dict_keys(['example_branch_operator']) retrieved from /usr/local/python/3.10.13/lib/python3.10/site-packages/airflow/example_dags/example_branch_operator.py
[2024-04-23T22:41:55.049+0000] {logging_mixin.py:150} INFO - [2024-04-23T22:41:55.049+0000] {dag.py:2742} INFO - Sync 1 DAGs
[2024-04-23T22:41:55.066+0000] {logging_mixin.py:150} INFO - [2024-04-23T22:41:55.065+0000] {dag.py:3504} INFO - Setting next_dagrun for example_branch_operator to 2024-04-22T00:00:00+00:00, run_after=2024-04-23T00:00:00+00:00
[2024-04-23T22:41:55.115+0000] {processor.py:179} INFO - Processing /usr/local/python/3.10.13/lib/python3.10/site-packages/airflow/example_dags/example_branch_operator.py took 0.091 seconds
[2024-04-23T22:42:46.703+0000] {processor.py:157} INFO - Started process (PID=38045) to work on /usr/local/python/3.10.13/lib/python3.10/site-packages/airflow/example_dags/example_branch_operator.py
[2024-04-23T22:42:46.703+0000] {processor.py:826} INFO - Processing file /usr/local/python/3.10.13/lib/python3.10/site-packages/airflow/example_dags/example_branch_operator.py for tasks to queue
[2024-04-23T22:42:46.704+0000] {logging_mixin.py:150} INFO - [2024-04-23T22:42:46.703+0000] {dagbag.py:541} INFO - Filling up the DagBag from /usr/local/python/3.10.13/lib/python3.10/site-packages/airflow/example_dags/example_branch_operator.py
[2024-04-23T22:42:46.711+0000] {processor.py:836} INFO - DAG(s) dict_keys(['example_branch_operator']) retrieved from /usr/local/python/3.10.13/lib/python3.10/site-packages/airflow/example_dags/example_branch_operator.py
[2024-04-23T22:42:46.725+0000] {logging_mixin.py:150} INFO - [2024-04-23T22:42:46.725+0000] {dag.py:2742} INFO - Sync 1 DAGs
[2024-04-23T22:42:46.741+0000] {logging_mixin.py:150} INFO - [2024-04-23T22:42:46.741+0000] {dag.py:3504} INFO - Setting next_dagrun for example_branch_operator to 2024-04-22T00:00:00+00:00, run_after=2024-04-23T00:00:00+00:00
[2024-04-23T22:42:46.780+0000] {processor.py:179} INFO - Processing /usr/local/python/3.10.13/lib/python3.10/site-packages/airflow/example_dags/example_branch_operator.py took 0.080 seconds
[2024-04-23T22:43:38.231+0000] {processor.py:157} INFO - Started process (PID=38417) to work on /usr/local/python/3.10.13/lib/python3.10/site-packages/airflow/example_dags/example_branch_operator.py
[2024-04-23T22:43:38.232+0000] {processor.py:826} INFO - Processing file /usr/local/python/3.10.13/lib/python3.10/site-packages/airflow/example_dags/example_branch_operator.py for tasks to queue
[2024-04-23T22:43:38.232+0000] {logging_mixin.py:150} INFO - [2024-04-23T22:43:38.232+0000] {dagbag.py:541} INFO - Filling up the DagBag from /usr/local/python/3.10.13/lib/python3.10/site-packages/airflow/example_dags/example_branch_operator.py
[2024-04-23T22:43:38.239+0000] {processor.py:836} INFO - DAG(s) dict_keys(['example_branch_operator']) retrieved from /usr/local/python/3.10.13/lib/python3.10/site-packages/airflow/example_dags/example_branch_operator.py
[2024-04-23T22:43:38.253+0000] {logging_mixin.py:150} INFO - [2024-04-23T22:43:38.253+0000] {dag.py:2742} INFO - Sync 1 DAGs
[2024-04-23T22:43:38.270+0000] {logging_mixin.py:150} INFO - [2024-04-23T22:43:38.270+0000] {dag.py:3504} INFO - Setting next_dagrun for example_branch_operator to 2024-04-22T00:00:00+00:00, run_after=2024-04-23T00:00:00+00:00
[2024-04-23T22:43:38.308+0000] {processor.py:179} INFO - Processing /usr/local/python/3.10.13/lib/python3.10/site-packages/airflow/example_dags/example_branch_operator.py took 0.079 seconds
[2024-04-23T22:44:26.854+0000] {processor.py:157} INFO - Started process (PID=38766) to work on /usr/local/python/3.10.13/lib/python3.10/site-packages/airflow/example_dags/example_branch_operator.py
[2024-04-23T22:44:26.854+0000] {processor.py:826} INFO - Processing file /usr/local/python/3.10.13/lib/python3.10/site-packages/airflow/example_dags/example_branch_operator.py for tasks to queue
[2024-04-23T22:44:26.855+0000] {logging_mixin.py:150} INFO - [2024-04-23T22:44:26.855+0000] {dagbag.py:541} INFO - Filling up the DagBag from /usr/local/python/3.10.13/lib/python3.10/site-packages/airflow/example_dags/example_branch_operator.py
[2024-04-23T22:44:26.862+0000] {processor.py:836} INFO - DAG(s) dict_keys(['example_branch_operator']) retrieved from /usr/local/python/3.10.13/lib/python3.10/site-packages/airflow/example_dags/example_branch_operator.py
[2024-04-23T22:44:26.877+0000] {logging_mixin.py:150} INFO - [2024-04-23T22:44:26.877+0000] {dag.py:2742} INFO - Sync 1 DAGs
[2024-04-23T22:44:26.894+0000] {logging_mixin.py:150} INFO - [2024-04-23T22:44:26.894+0000] {dag.py:3504} INFO - Setting next_dagrun for example_branch_operator to 2024-04-22T00:00:00+00:00, run_after=2024-04-23T00:00:00+00:00
[2024-04-23T22:44:26.930+0000] {processor.py:179} INFO - Processing /usr/local/python/3.10.13/lib/python3.10/site-packages/airflow/example_dags/example_branch_operator.py took 0.079 seconds
[2024-04-23T22:45:16.992+0000] {processor.py:157} INFO - Started process (PID=39150) to work on /usr/local/python/3.10.13/lib/python3.10/site-packages/airflow/example_dags/example_branch_operator.py
[2024-04-23T22:45:16.992+0000] {processor.py:826} INFO - Processing file /usr/local/python/3.10.13/lib/python3.10/site-packages/airflow/example_dags/example_branch_operator.py for tasks to queue
[2024-04-23T22:45:16.993+0000] {logging_mixin.py:150} INFO - [2024-04-23T22:45:16.993+0000] {dagbag.py:541} INFO - Filling up the DagBag from /usr/local/python/3.10.13/lib/python3.10/site-packages/airflow/example_dags/example_branch_operator.py
[2024-04-23T22:45:17.000+0000] {processor.py:836} INFO - DAG(s) dict_keys(['example_branch_operator']) retrieved from /usr/local/python/3.10.13/lib/python3.10/site-packages/airflow/example_dags/example_branch_operator.py
[2024-04-23T22:45:17.014+0000] {logging_mixin.py:150} INFO - [2024-04-23T22:45:17.014+0000] {dag.py:2742} INFO - Sync 1 DAGs
[2024-04-23T22:45:17.038+0000] {logging_mixin.py:150} INFO - [2024-04-23T22:45:17.038+0000] {dag.py:3504} INFO - Setting next_dagrun for example_branch_operator to 2024-04-22T00:00:00+00:00, run_after=2024-04-23T00:00:00+00:00
[2024-04-23T22:45:17.079+0000] {processor.py:179} INFO - Processing /usr/local/python/3.10.13/lib/python3.10/site-packages/airflow/example_dags/example_branch_operator.py took 0.090 seconds
[2024-04-23T22:46:08.262+0000] {processor.py:157} INFO - Started process (PID=39536) to work on /usr/local/python/3.10.13/lib/python3.10/site-packages/airflow/example_dags/example_branch_operator.py
[2024-04-23T22:46:08.263+0000] {processor.py:826} INFO - Processing file /usr/local/python/3.10.13/lib/python3.10/site-packages/airflow/example_dags/example_branch_operator.py for tasks to queue
[2024-04-23T22:46:08.264+0000] {logging_mixin.py:150} INFO - [2024-04-23T22:46:08.263+0000] {dagbag.py:541} INFO - Filling up the DagBag from /usr/local/python/3.10.13/lib/python3.10/site-packages/airflow/example_dags/example_branch_operator.py
[2024-04-23T22:46:08.271+0000] {processor.py:836} INFO - DAG(s) dict_keys(['example_branch_operator']) retrieved from /usr/local/python/3.10.13/lib/python3.10/site-packages/airflow/example_dags/example_branch_operator.py
[2024-04-23T22:46:08.284+0000] {logging_mixin.py:150} INFO - [2024-04-23T22:46:08.284+0000] {dag.py:2742} INFO - Sync 1 DAGs
[2024-04-23T22:46:08.300+0000] {logging_mixin.py:150} INFO - [2024-04-23T22:46:08.300+0000] {dag.py:3504} INFO - Setting next_dagrun for example_branch_operator to 2024-04-22T00:00:00+00:00, run_after=2024-04-23T00:00:00+00:00
[2024-04-23T22:46:08.340+0000] {processor.py:179} INFO - Processing /usr/local/python/3.10.13/lib/python3.10/site-packages/airflow/example_dags/example_branch_operator.py took 0.080 seconds
[2024-04-23T22:47:02.500+0000] {processor.py:157} INFO - Started process (PID=39932) to work on /usr/local/python/3.10.13/lib/python3.10/site-packages/airflow/example_dags/example_branch_operator.py
[2024-04-23T22:47:02.501+0000] {processor.py:826} INFO - Processing file /usr/local/python/3.10.13/lib/python3.10/site-packages/airflow/example_dags/example_branch_operator.py for tasks to queue
[2024-04-23T22:47:02.501+0000] {logging_mixin.py:150} INFO - [2024-04-23T22:47:02.501+0000] {dagbag.py:541} INFO - Filling up the DagBag from /usr/local/python/3.10.13/lib/python3.10/site-packages/airflow/example_dags/example_branch_operator.py
[2024-04-23T22:47:02.508+0000] {processor.py:836} INFO - DAG(s) dict_keys(['example_branch_operator']) retrieved from /usr/local/python/3.10.13/lib/python3.10/site-packages/airflow/example_dags/example_branch_operator.py
[2024-04-23T22:47:02.522+0000] {logging_mixin.py:150} INFO - [2024-04-23T22:47:02.522+0000] {dag.py:2742} INFO - Sync 1 DAGs
[2024-04-23T22:47:02.538+0000] {logging_mixin.py:150} INFO - [2024-04-23T22:47:02.538+0000] {dag.py:3504} INFO - Setting next_dagrun for example_branch_operator to 2024-04-22T00:00:00+00:00, run_after=2024-04-23T00:00:00+00:00
[2024-04-23T22:47:02.575+0000] {processor.py:179} INFO - Processing /usr/local/python/3.10.13/lib/python3.10/site-packages/airflow/example_dags/example_branch_operator.py took 0.078 seconds
[2024-04-23T22:47:57.122+0000] {processor.py:157} INFO - Started process (PID=40358) to work on /usr/local/python/3.10.13/lib/python3.10/site-packages/airflow/example_dags/example_branch_operator.py
[2024-04-23T22:47:57.123+0000] {processor.py:826} INFO - Processing file /usr/local/python/3.10.13/lib/python3.10/site-packages/airflow/example_dags/example_branch_operator.py for tasks to queue
[2024-04-23T22:47:57.123+0000] {logging_mixin.py:150} INFO - [2024-04-23T22:47:57.123+0000] {dagbag.py:541} INFO - Filling up the DagBag from /usr/local/python/3.10.13/lib/python3.10/site-packages/airflow/example_dags/example_branch_operator.py
[2024-04-23T22:47:57.132+0000] {processor.py:836} INFO - DAG(s) dict_keys(['example_branch_operator']) retrieved from /usr/local/python/3.10.13/lib/python3.10/site-packages/airflow/example_dags/example_branch_operator.py
[2024-04-23T22:47:57.151+0000] {logging_mixin.py:150} INFO - [2024-04-23T22:47:57.151+0000] {dag.py:2742} INFO - Sync 1 DAGs
[2024-04-23T22:47:57.168+0000] {logging_mixin.py:150} INFO - [2024-04-23T22:47:57.167+0000] {dag.py:3504} INFO - Setting next_dagrun for example_branch_operator to 2024-04-22T00:00:00+00:00, run_after=2024-04-23T00:00:00+00:00
[2024-04-23T22:47:57.208+0000] {processor.py:179} INFO - Processing /usr/local/python/3.10.13/lib/python3.10/site-packages/airflow/example_dags/example_branch_operator.py took 0.088 seconds
[2024-04-23T22:48:48.334+0000] {processor.py:157} INFO - Started process (PID=40745) to work on /usr/local/python/3.10.13/lib/python3.10/site-packages/airflow/example_dags/example_branch_operator.py
[2024-04-23T22:48:48.334+0000] {processor.py:826} INFO - Processing file /usr/local/python/3.10.13/lib/python3.10/site-packages/airflow/example_dags/example_branch_operator.py for tasks to queue
[2024-04-23T22:48:48.335+0000] {logging_mixin.py:150} INFO - [2024-04-23T22:48:48.335+0000] {dagbag.py:541} INFO - Filling up the DagBag from /usr/local/python/3.10.13/lib/python3.10/site-packages/airflow/example_dags/example_branch_operator.py
[2024-04-23T22:48:48.342+0000] {processor.py:836} INFO - DAG(s) dict_keys(['example_branch_operator']) retrieved from /usr/local/python/3.10.13/lib/python3.10/site-packages/airflow/example_dags/example_branch_operator.py
[2024-04-23T22:48:48.356+0000] {logging_mixin.py:150} INFO - [2024-04-23T22:48:48.356+0000] {dag.py:2742} INFO - Sync 1 DAGs
[2024-04-23T22:48:48.373+0000] {logging_mixin.py:150} INFO - [2024-04-23T22:48:48.372+0000] {dag.py:3504} INFO - Setting next_dagrun for example_branch_operator to 2024-04-22T00:00:00+00:00, run_after=2024-04-23T00:00:00+00:00
[2024-04-23T22:48:48.413+0000] {processor.py:179} INFO - Processing /usr/local/python/3.10.13/lib/python3.10/site-packages/airflow/example_dags/example_branch_operator.py took 0.082 seconds
[2024-04-23T22:49:37.442+0000] {processor.py:157} INFO - Started process (PID=41124) to work on /usr/local/python/3.10.13/lib/python3.10/site-packages/airflow/example_dags/example_branch_operator.py
[2024-04-23T22:49:37.443+0000] {processor.py:826} INFO - Processing file /usr/local/python/3.10.13/lib/python3.10/site-packages/airflow/example_dags/example_branch_operator.py for tasks to queue
[2024-04-23T22:49:37.443+0000] {logging_mixin.py:150} INFO - [2024-04-23T22:49:37.443+0000] {dagbag.py:541} INFO - Filling up the DagBag from /usr/local/python/3.10.13/lib/python3.10/site-packages/airflow/example_dags/example_branch_operator.py
[2024-04-23T22:49:37.450+0000] {processor.py:836} INFO - DAG(s) dict_keys(['example_branch_operator']) retrieved from /usr/local/python/3.10.13/lib/python3.10/site-packages/airflow/example_dags/example_branch_operator.py
[2024-04-23T22:49:37.464+0000] {logging_mixin.py:150} INFO - [2024-04-23T22:49:37.464+0000] {dag.py:2742} INFO - Sync 1 DAGs
[2024-04-23T22:49:37.481+0000] {logging_mixin.py:150} INFO - [2024-04-23T22:49:37.481+0000] {dag.py:3504} INFO - Setting next_dagrun for example_branch_operator to 2024-04-22T00:00:00+00:00, run_after=2024-04-23T00:00:00+00:00
[2024-04-23T22:49:37.519+0000] {processor.py:179} INFO - Processing /usr/local/python/3.10.13/lib/python3.10/site-packages/airflow/example_dags/example_branch_operator.py took 0.079 seconds
[2024-04-23T22:50:31.820+0000] {processor.py:157} INFO - Started process (PID=41519) to work on /usr/local/python/3.10.13/lib/python3.10/site-packages/airflow/example_dags/example_branch_operator.py
[2024-04-23T22:50:31.823+0000] {processor.py:826} INFO - Processing file /usr/local/python/3.10.13/lib/python3.10/site-packages/airflow/example_dags/example_branch_operator.py for tasks to queue
[2024-04-23T22:50:31.824+0000] {logging_mixin.py:150} INFO - [2024-04-23T22:50:31.823+0000] {dagbag.py:541} INFO - Filling up the DagBag from /usr/local/python/3.10.13/lib/python3.10/site-packages/airflow/example_dags/example_branch_operator.py
[2024-04-23T22:50:31.832+0000] {processor.py:836} INFO - DAG(s) dict_keys(['example_branch_operator']) retrieved from /usr/local/python/3.10.13/lib/python3.10/site-packages/airflow/example_dags/example_branch_operator.py
[2024-04-23T22:50:31.852+0000] {logging_mixin.py:150} INFO - [2024-04-23T22:50:31.852+0000] {dag.py:2742} INFO - Sync 1 DAGs
[2024-04-23T22:50:31.871+0000] {logging_mixin.py:150} INFO - [2024-04-23T22:50:31.870+0000] {dag.py:3504} INFO - Setting next_dagrun for example_branch_operator to 2024-04-22T00:00:00+00:00, run_after=2024-04-23T00:00:00+00:00
[2024-04-23T22:50:31.913+0000] {processor.py:179} INFO - Processing /usr/local/python/3.10.13/lib/python3.10/site-packages/airflow/example_dags/example_branch_operator.py took 0.096 seconds
[2024-04-23T22:51:19.202+0000] {processor.py:157} INFO - Started process (PID=41894) to work on /usr/local/python/3.10.13/lib/python3.10/site-packages/airflow/example_dags/example_branch_operator.py
[2024-04-23T22:51:19.202+0000] {processor.py:826} INFO - Processing file /usr/local/python/3.10.13/lib/python3.10/site-packages/airflow/example_dags/example_branch_operator.py for tasks to queue
[2024-04-23T22:51:19.203+0000] {logging_mixin.py:150} INFO - [2024-04-23T22:51:19.203+0000] {dagbag.py:541} INFO - Filling up the DagBag from /usr/local/python/3.10.13/lib/python3.10/site-packages/airflow/example_dags/example_branch_operator.py
[2024-04-23T22:51:19.210+0000] {processor.py:836} INFO - DAG(s) dict_keys(['example_branch_operator']) retrieved from /usr/local/python/3.10.13/lib/python3.10/site-packages/airflow/example_dags/example_branch_operator.py
[2024-04-23T22:51:19.223+0000] {logging_mixin.py:150} INFO - [2024-04-23T22:51:19.223+0000] {dag.py:2742} INFO - Sync 1 DAGs
[2024-04-23T22:51:19.238+0000] {logging_mixin.py:150} INFO - [2024-04-23T22:51:19.238+0000] {dag.py:3504} INFO - Setting next_dagrun for example_branch_operator to 2024-04-22T00:00:00+00:00, run_after=2024-04-23T00:00:00+00:00
[2024-04-23T22:51:19.282+0000] {processor.py:179} INFO - Processing /usr/local/python/3.10.13/lib/python3.10/site-packages/airflow/example_dags/example_branch_operator.py took 0.082 seconds
[2024-04-23T22:52:12.097+0000] {processor.py:157} INFO - Started process (PID=42293) to work on /usr/local/python/3.10.13/lib/python3.10/site-packages/airflow/example_dags/example_branch_operator.py
[2024-04-23T22:52:12.098+0000] {processor.py:826} INFO - Processing file /usr/local/python/3.10.13/lib/python3.10/site-packages/airflow/example_dags/example_branch_operator.py for tasks to queue
[2024-04-23T22:52:12.098+0000] {logging_mixin.py:150} INFO - [2024-04-23T22:52:12.098+0000] {dagbag.py:541} INFO - Filling up the DagBag from /usr/local/python/3.10.13/lib/python3.10/site-packages/airflow/example_dags/example_branch_operator.py
[2024-04-23T22:52:12.105+0000] {processor.py:836} INFO - DAG(s) dict_keys(['example_branch_operator']) retrieved from /usr/local/python/3.10.13/lib/python3.10/site-packages/airflow/example_dags/example_branch_operator.py
[2024-04-23T22:52:12.119+0000] {logging_mixin.py:150} INFO - [2024-04-23T22:52:12.118+0000] {dag.py:2742} INFO - Sync 1 DAGs
[2024-04-23T22:52:12.135+0000] {logging_mixin.py:150} INFO - [2024-04-23T22:52:12.134+0000] {dag.py:3504} INFO - Setting next_dagrun for example_branch_operator to 2024-04-22T00:00:00+00:00, run_after=2024-04-23T00:00:00+00:00
[2024-04-23T22:52:12.174+0000] {processor.py:179} INFO - Processing /usr/local/python/3.10.13/lib/python3.10/site-packages/airflow/example_dags/example_branch_operator.py took 0.079 seconds
[2024-04-23T22:53:03.928+0000] {processor.py:157} INFO - Started process (PID=42671) to work on /usr/local/python/3.10.13/lib/python3.10/site-packages/airflow/example_dags/example_branch_operator.py
[2024-04-23T22:53:03.929+0000] {processor.py:826} INFO - Processing file /usr/local/python/3.10.13/lib/python3.10/site-packages/airflow/example_dags/example_branch_operator.py for tasks to queue
[2024-04-23T22:53:03.929+0000] {logging_mixin.py:150} INFO - [2024-04-23T22:53:03.929+0000] {dagbag.py:541} INFO - Filling up the DagBag from /usr/local/python/3.10.13/lib/python3.10/site-packages/airflow/example_dags/example_branch_operator.py
[2024-04-23T22:53:03.936+0000] {processor.py:836} INFO - DAG(s) dict_keys(['example_branch_operator']) retrieved from /usr/local/python/3.10.13/lib/python3.10/site-packages/airflow/example_dags/example_branch_operator.py
[2024-04-23T22:53:03.949+0000] {logging_mixin.py:150} INFO - [2024-04-23T22:53:03.949+0000] {dag.py:2742} INFO - Sync 1 DAGs
[2024-04-23T22:53:03.966+0000] {logging_mixin.py:150} INFO - [2024-04-23T22:53:03.965+0000] {dag.py:3504} INFO - Setting next_dagrun for example_branch_operator to 2024-04-22T00:00:00+00:00, run_after=2024-04-23T00:00:00+00:00
[2024-04-23T22:53:04.002+0000] {processor.py:179} INFO - Processing /usr/local/python/3.10.13/lib/python3.10/site-packages/airflow/example_dags/example_branch_operator.py took 0.076 seconds
[2024-04-23T22:54:04.049+0000] {processor.py:157} INFO - Started process (PID=43091) to work on /usr/local/python/3.10.13/lib/python3.10/site-packages/airflow/example_dags/example_branch_operator.py
[2024-04-23T22:54:04.050+0000] {processor.py:826} INFO - Processing file /usr/local/python/3.10.13/lib/python3.10/site-packages/airflow/example_dags/example_branch_operator.py for tasks to queue
[2024-04-23T22:54:04.051+0000] {logging_mixin.py:150} INFO - [2024-04-23T22:54:04.050+0000] {dagbag.py:541} INFO - Filling up the DagBag from /usr/local/python/3.10.13/lib/python3.10/site-packages/airflow/example_dags/example_branch_operator.py
[2024-04-23T22:54:04.058+0000] {processor.py:836} INFO - DAG(s) dict_keys(['example_branch_operator']) retrieved from /usr/local/python/3.10.13/lib/python3.10/site-packages/airflow/example_dags/example_branch_operator.py
[2024-04-23T22:54:04.072+0000] {logging_mixin.py:150} INFO - [2024-04-23T22:54:04.072+0000] {dag.py:2742} INFO - Sync 1 DAGs
[2024-04-23T22:54:04.089+0000] {logging_mixin.py:150} INFO - [2024-04-23T22:54:04.088+0000] {dag.py:3504} INFO - Setting next_dagrun for example_branch_operator to 2024-04-22T00:00:00+00:00, run_after=2024-04-23T00:00:00+00:00
[2024-04-23T22:54:04.126+0000] {processor.py:179} INFO - Processing /usr/local/python/3.10.13/lib/python3.10/site-packages/airflow/example_dags/example_branch_operator.py took 0.078 seconds
[2024-04-23T22:55:07.765+0000] {processor.py:157} INFO - Started process (PID=43527) to work on /usr/local/python/3.10.13/lib/python3.10/site-packages/airflow/example_dags/example_branch_operator.py
[2024-04-23T22:55:07.765+0000] {processor.py:826} INFO - Processing file /usr/local/python/3.10.13/lib/python3.10/site-packages/airflow/example_dags/example_branch_operator.py for tasks to queue
[2024-04-23T22:55:07.766+0000] {logging_mixin.py:150} INFO - [2024-04-23T22:55:07.766+0000] {dagbag.py:541} INFO - Filling up the DagBag from /usr/local/python/3.10.13/lib/python3.10/site-packages/airflow/example_dags/example_branch_operator.py
[2024-04-23T22:55:07.773+0000] {processor.py:836} INFO - DAG(s) dict_keys(['example_branch_operator']) retrieved from /usr/local/python/3.10.13/lib/python3.10/site-packages/airflow/example_dags/example_branch_operator.py
[2024-04-23T22:55:07.786+0000] {logging_mixin.py:150} INFO - [2024-04-23T22:55:07.786+0000] {dag.py:2742} INFO - Sync 1 DAGs
[2024-04-23T22:55:07.803+0000] {logging_mixin.py:150} INFO - [2024-04-23T22:55:07.803+0000] {dag.py:3504} INFO - Setting next_dagrun for example_branch_operator to 2024-04-22T00:00:00+00:00, run_after=2024-04-23T00:00:00+00:00
[2024-04-23T22:55:07.842+0000] {processor.py:179} INFO - Processing /usr/local/python/3.10.13/lib/python3.10/site-packages/airflow/example_dags/example_branch_operator.py took 0.080 seconds
[2024-04-23T22:56:04.599+0000] {processor.py:157} INFO - Started process (PID=43926) to work on /usr/local/python/3.10.13/lib/python3.10/site-packages/airflow/example_dags/example_branch_operator.py
[2024-04-23T22:56:04.599+0000] {processor.py:826} INFO - Processing file /usr/local/python/3.10.13/lib/python3.10/site-packages/airflow/example_dags/example_branch_operator.py for tasks to queue
[2024-04-23T22:56:04.600+0000] {logging_mixin.py:150} INFO - [2024-04-23T22:56:04.600+0000] {dagbag.py:541} INFO - Filling up the DagBag from /usr/local/python/3.10.13/lib/python3.10/site-packages/airflow/example_dags/example_branch_operator.py
[2024-04-23T22:56:04.607+0000] {processor.py:836} INFO - DAG(s) dict_keys(['example_branch_operator']) retrieved from /usr/local/python/3.10.13/lib/python3.10/site-packages/airflow/example_dags/example_branch_operator.py
[2024-04-23T22:56:04.622+0000] {logging_mixin.py:150} INFO - [2024-04-23T22:56:04.622+0000] {dag.py:2742} INFO - Sync 1 DAGs
[2024-04-23T22:56:04.639+0000] {logging_mixin.py:150} INFO - [2024-04-23T22:56:04.638+0000] {dag.py:3504} INFO - Setting next_dagrun for example_branch_operator to 2024-04-22T00:00:00+00:00, run_after=2024-04-23T00:00:00+00:00
[2024-04-23T22:56:04.689+0000] {processor.py:179} INFO - Processing /usr/local/python/3.10.13/lib/python3.10/site-packages/airflow/example_dags/example_branch_operator.py took 0.093 seconds
[2024-04-23T22:57:10.413+0000] {processor.py:157} INFO - Started process (PID=44404) to work on /usr/local/python/3.10.13/lib/python3.10/site-packages/airflow/example_dags/example_branch_operator.py
[2024-04-23T22:57:10.413+0000] {processor.py:826} INFO - Processing file /usr/local/python/3.10.13/lib/python3.10/site-packages/airflow/example_dags/example_branch_operator.py for tasks to queue
[2024-04-23T22:57:10.414+0000] {logging_mixin.py:150} INFO - [2024-04-23T22:57:10.414+0000] {dagbag.py:541} INFO - Filling up the DagBag from /usr/local/python/3.10.13/lib/python3.10/site-packages/airflow/example_dags/example_branch_operator.py
[2024-04-23T22:57:10.422+0000] {processor.py:836} INFO - DAG(s) dict_keys(['example_branch_operator']) retrieved from /usr/local/python/3.10.13/lib/python3.10/site-packages/airflow/example_dags/example_branch_operator.py
[2024-04-23T22:57:10.437+0000] {logging_mixin.py:150} INFO - [2024-04-23T22:57:10.437+0000] {dag.py:2742} INFO - Sync 1 DAGs
[2024-04-23T22:57:10.455+0000] {logging_mixin.py:150} INFO - [2024-04-23T22:57:10.455+0000] {dag.py:3504} INFO - Setting next_dagrun for example_branch_operator to 2024-04-22T00:00:00+00:00, run_after=2024-04-23T00:00:00+00:00
[2024-04-23T22:57:10.493+0000] {processor.py:179} INFO - Processing /usr/local/python/3.10.13/lib/python3.10/site-packages/airflow/example_dags/example_branch_operator.py took 0.083 seconds
[2024-04-23T22:58:06.195+0000] {processor.py:157} INFO - Started process (PID=44840) to work on /usr/local/python/3.10.13/lib/python3.10/site-packages/airflow/example_dags/example_branch_operator.py
[2024-04-23T22:58:06.195+0000] {processor.py:826} INFO - Processing file /usr/local/python/3.10.13/lib/python3.10/site-packages/airflow/example_dags/example_branch_operator.py for tasks to queue
[2024-04-23T22:58:06.196+0000] {logging_mixin.py:150} INFO - [2024-04-23T22:58:06.195+0000] {dagbag.py:541} INFO - Filling up the DagBag from /usr/local/python/3.10.13/lib/python3.10/site-packages/airflow/example_dags/example_branch_operator.py
[2024-04-23T22:58:06.203+0000] {processor.py:836} INFO - DAG(s) dict_keys(['example_branch_operator']) retrieved from /usr/local/python/3.10.13/lib/python3.10/site-packages/airflow/example_dags/example_branch_operator.py
[2024-04-23T22:58:06.216+0000] {logging_mixin.py:150} INFO - [2024-04-23T22:58:06.216+0000] {dag.py:2742} INFO - Sync 1 DAGs
[2024-04-23T22:58:06.233+0000] {logging_mixin.py:150} INFO - [2024-04-23T22:58:06.232+0000] {dag.py:3504} INFO - Setting next_dagrun for example_branch_operator to 2024-04-22T00:00:00+00:00, run_after=2024-04-23T00:00:00+00:00
[2024-04-23T22:58:06.269+0000] {processor.py:179} INFO - Processing /usr/local/python/3.10.13/lib/python3.10/site-packages/airflow/example_dags/example_branch_operator.py took 0.077 seconds
[2024-04-23T22:58:57.820+0000] {processor.py:157} INFO - Started process (PID=45226) to work on /usr/local/python/3.10.13/lib/python3.10/site-packages/airflow/example_dags/example_branch_operator.py
[2024-04-23T22:58:57.820+0000] {processor.py:826} INFO - Processing file /usr/local/python/3.10.13/lib/python3.10/site-packages/airflow/example_dags/example_branch_operator.py for tasks to queue
[2024-04-23T22:58:57.821+0000] {logging_mixin.py:150} INFO - [2024-04-23T22:58:57.821+0000] {dagbag.py:541} INFO - Filling up the DagBag from /usr/local/python/3.10.13/lib/python3.10/site-packages/airflow/example_dags/example_branch_operator.py
[2024-04-23T22:58:57.828+0000] {processor.py:836} INFO - DAG(s) dict_keys(['example_branch_operator']) retrieved from /usr/local/python/3.10.13/lib/python3.10/site-packages/airflow/example_dags/example_branch_operator.py
[2024-04-23T22:58:57.846+0000] {logging_mixin.py:150} INFO - [2024-04-23T22:58:57.846+0000] {dag.py:2742} INFO - Sync 1 DAGs
[2024-04-23T22:58:57.867+0000] {logging_mixin.py:150} INFO - [2024-04-23T22:58:57.867+0000] {dag.py:3504} INFO - Setting next_dagrun for example_branch_operator to 2024-04-22T00:00:00+00:00, run_after=2024-04-23T00:00:00+00:00
[2024-04-23T22:58:57.905+0000] {processor.py:179} INFO - Processing /usr/local/python/3.10.13/lib/python3.10/site-packages/airflow/example_dags/example_branch_operator.py took 0.087 seconds
[2024-04-23T22:59:44.846+0000] {processor.py:157} INFO - Started process (PID=45580) to work on /usr/local/python/3.10.13/lib/python3.10/site-packages/airflow/example_dags/example_branch_operator.py
[2024-04-23T22:59:44.847+0000] {processor.py:826} INFO - Processing file /usr/local/python/3.10.13/lib/python3.10/site-packages/airflow/example_dags/example_branch_operator.py for tasks to queue
[2024-04-23T22:59:44.847+0000] {logging_mixin.py:150} INFO - [2024-04-23T22:59:44.847+0000] {dagbag.py:541} INFO - Filling up the DagBag from /usr/local/python/3.10.13/lib/python3.10/site-packages/airflow/example_dags/example_branch_operator.py
[2024-04-23T22:59:44.855+0000] {processor.py:836} INFO - DAG(s) dict_keys(['example_branch_operator']) retrieved from /usr/local/python/3.10.13/lib/python3.10/site-packages/airflow/example_dags/example_branch_operator.py
[2024-04-23T22:59:44.868+0000] {logging_mixin.py:150} INFO - [2024-04-23T22:59:44.868+0000] {dag.py:2742} INFO - Sync 1 DAGs
[2024-04-23T22:59:44.884+0000] {logging_mixin.py:150} INFO - [2024-04-23T22:59:44.884+0000] {dag.py:3504} INFO - Setting next_dagrun for example_branch_operator to 2024-04-22T00:00:00+00:00, run_after=2024-04-23T00:00:00+00:00
[2024-04-23T22:59:44.924+0000] {processor.py:179} INFO - Processing /usr/local/python/3.10.13/lib/python3.10/site-packages/airflow/example_dags/example_branch_operator.py took 0.080 seconds
