[2024-04-23T22:23:20.572+0000] {processor.py:157} INFO - Started process (PID=28639) to work on /usr/local/python/3.10.13/lib/python3.10/site-packages/airflow/example_dags/example_short_circuit_decorator.py
[2024-04-23T22:23:20.572+0000] {processor.py:826} INFO - Processing file /usr/local/python/3.10.13/lib/python3.10/site-packages/airflow/example_dags/example_short_circuit_decorator.py for tasks to queue
[2024-04-23T22:23:20.573+0000] {logging_mixin.py:150} INFO - [2024-04-23T22:23:20.573+0000] {dagbag.py:541} INFO - Filling up the DagBag from /usr/local/python/3.10.13/lib/python3.10/site-packages/airflow/example_dags/example_short_circuit_decorator.py
[2024-04-23T22:23:20.582+0000] {processor.py:836} INFO - DAG(s) dict_keys(['example_short_circuit_decorator']) retrieved from /usr/local/python/3.10.13/lib/python3.10/site-packages/airflow/example_dags/example_short_circuit_decorator.py
[2024-04-23T22:23:20.720+0000] {logging_mixin.py:150} INFO - [2024-04-23T22:23:20.720+0000] {manager.py:504} INFO - Created Permission View: can delete on DAG:example_short_circuit_decorator
[2024-04-23T22:23:20.752+0000] {logging_mixin.py:150} INFO - [2024-04-23T22:23:20.751+0000] {manager.py:504} INFO - Created Permission View: can edit on DAG:example_short_circuit_decorator
[2024-04-23T22:23:20.783+0000] {logging_mixin.py:150} INFO - [2024-04-23T22:23:20.783+0000] {manager.py:504} INFO - Created Permission View: can read on DAG:example_short_circuit_decorator
[2024-04-23T22:23:20.792+0000] {logging_mixin.py:150} INFO - [2024-04-23T22:23:20.792+0000] {dag.py:2742} INFO - Sync 1 DAGs
[2024-04-23T22:23:20.800+0000] {logging_mixin.py:150} INFO - [2024-04-23T22:23:20.800+0000] {dag.py:2763} INFO - Creating ORM DAG for example_short_circuit_decorator
[2024-04-23T22:23:20.808+0000] {logging_mixin.py:150} INFO - [2024-04-23T22:23:20.808+0000] {dag.py:3504} INFO - Setting next_dagrun for example_short_circuit_decorator to 2024-04-22T22:23:20.808182+00:00, run_after=2024-04-23T22:23:20.808182+00:00
[2024-04-23T22:23:20.853+0000] {processor.py:179} INFO - Processing /usr/local/python/3.10.13/lib/python3.10/site-packages/airflow/example_dags/example_short_circuit_decorator.py took 0.284 seconds
[2024-04-23T22:24:15.479+0000] {processor.py:157} INFO - Started process (PID=29023) to work on /usr/local/python/3.10.13/lib/python3.10/site-packages/airflow/example_dags/example_short_circuit_decorator.py
[2024-04-23T22:24:15.480+0000] {processor.py:826} INFO - Processing file /usr/local/python/3.10.13/lib/python3.10/site-packages/airflow/example_dags/example_short_circuit_decorator.py for tasks to queue
[2024-04-23T22:24:15.480+0000] {logging_mixin.py:150} INFO - [2024-04-23T22:24:15.480+0000] {dagbag.py:541} INFO - Filling up the DagBag from /usr/local/python/3.10.13/lib/python3.10/site-packages/airflow/example_dags/example_short_circuit_decorator.py
[2024-04-23T22:24:15.487+0000] {processor.py:836} INFO - DAG(s) dict_keys(['example_short_circuit_decorator']) retrieved from /usr/local/python/3.10.13/lib/python3.10/site-packages/airflow/example_dags/example_short_circuit_decorator.py
[2024-04-23T22:24:15.501+0000] {logging_mixin.py:150} INFO - [2024-04-23T22:24:15.500+0000] {dag.py:2742} INFO - Sync 1 DAGs
[2024-04-23T22:24:15.515+0000] {logging_mixin.py:150} INFO - [2024-04-23T22:24:15.515+0000] {dag.py:3504} INFO - Setting next_dagrun for example_short_circuit_decorator to 2024-04-22T22:24:15.515632+00:00, run_after=2024-04-23T22:24:15.515632+00:00
[2024-04-23T22:24:15.553+0000] {processor.py:179} INFO - Processing /usr/local/python/3.10.13/lib/python3.10/site-packages/airflow/example_dags/example_short_circuit_decorator.py took 0.076 seconds
[2024-04-23T22:25:01.048+0000] {processor.py:157} INFO - Started process (PID=29326) to work on /usr/local/python/3.10.13/lib/python3.10/site-packages/airflow/example_dags/example_short_circuit_decorator.py
[2024-04-23T22:25:01.049+0000] {processor.py:826} INFO - Processing file /usr/local/python/3.10.13/lib/python3.10/site-packages/airflow/example_dags/example_short_circuit_decorator.py for tasks to queue
[2024-04-23T22:25:01.049+0000] {logging_mixin.py:150} INFO - [2024-04-23T22:25:01.049+0000] {dagbag.py:541} INFO - Filling up the DagBag from /usr/local/python/3.10.13/lib/python3.10/site-packages/airflow/example_dags/example_short_circuit_decorator.py
[2024-04-23T22:25:01.056+0000] {processor.py:836} INFO - DAG(s) dict_keys(['example_short_circuit_decorator']) retrieved from /usr/local/python/3.10.13/lib/python3.10/site-packages/airflow/example_dags/example_short_circuit_decorator.py
[2024-04-23T22:25:01.071+0000] {logging_mixin.py:150} INFO - [2024-04-23T22:25:01.071+0000] {dag.py:2742} INFO - Sync 1 DAGs
[2024-04-23T22:25:01.086+0000] {logging_mixin.py:150} INFO - [2024-04-23T22:25:01.086+0000] {dag.py:3504} INFO - Setting next_dagrun for example_short_circuit_decorator to 2024-04-22T22:25:01.086098+00:00, run_after=2024-04-23T22:25:01.086098+00:00
[2024-04-23T22:25:01.128+0000] {processor.py:179} INFO - Processing /usr/local/python/3.10.13/lib/python3.10/site-packages/airflow/example_dags/example_short_circuit_decorator.py took 0.082 seconds
[2024-04-23T22:25:41.973+0000] {processor.py:157} INFO - Started process (PID=29614) to work on /usr/local/python/3.10.13/lib/python3.10/site-packages/airflow/example_dags/example_short_circuit_decorator.py
[2024-04-23T22:25:41.974+0000] {processor.py:826} INFO - Processing file /usr/local/python/3.10.13/lib/python3.10/site-packages/airflow/example_dags/example_short_circuit_decorator.py for tasks to queue
[2024-04-23T22:25:41.974+0000] {logging_mixin.py:150} INFO - [2024-04-23T22:25:41.974+0000] {dagbag.py:541} INFO - Filling up the DagBag from /usr/local/python/3.10.13/lib/python3.10/site-packages/airflow/example_dags/example_short_circuit_decorator.py
[2024-04-23T22:25:41.981+0000] {processor.py:836} INFO - DAG(s) dict_keys(['example_short_circuit_decorator']) retrieved from /usr/local/python/3.10.13/lib/python3.10/site-packages/airflow/example_dags/example_short_circuit_decorator.py
[2024-04-23T22:25:41.995+0000] {logging_mixin.py:150} INFO - [2024-04-23T22:25:41.995+0000] {dag.py:2742} INFO - Sync 1 DAGs
[2024-04-23T22:25:42.009+0000] {logging_mixin.py:150} INFO - [2024-04-23T22:25:42.009+0000] {dag.py:3504} INFO - Setting next_dagrun for example_short_circuit_decorator to 2024-04-22T22:25:42.009329+00:00, run_after=2024-04-23T22:25:42.009329+00:00
[2024-04-23T22:25:42.048+0000] {processor.py:179} INFO - Processing /usr/local/python/3.10.13/lib/python3.10/site-packages/airflow/example_dags/example_short_circuit_decorator.py took 0.077 seconds
[2024-04-23T22:26:31.614+0000] {processor.py:157} INFO - Started process (PID=29963) to work on /usr/local/python/3.10.13/lib/python3.10/site-packages/airflow/example_dags/example_short_circuit_decorator.py
[2024-04-23T22:26:31.615+0000] {processor.py:826} INFO - Processing file /usr/local/python/3.10.13/lib/python3.10/site-packages/airflow/example_dags/example_short_circuit_decorator.py for tasks to queue
[2024-04-23T22:26:31.615+0000] {logging_mixin.py:150} INFO - [2024-04-23T22:26:31.615+0000] {dagbag.py:541} INFO - Filling up the DagBag from /usr/local/python/3.10.13/lib/python3.10/site-packages/airflow/example_dags/example_short_circuit_decorator.py
[2024-04-23T22:26:31.622+0000] {processor.py:836} INFO - DAG(s) dict_keys(['example_short_circuit_decorator']) retrieved from /usr/local/python/3.10.13/lib/python3.10/site-packages/airflow/example_dags/example_short_circuit_decorator.py
[2024-04-23T22:26:31.636+0000] {logging_mixin.py:150} INFO - [2024-04-23T22:26:31.636+0000] {dag.py:2742} INFO - Sync 1 DAGs
[2024-04-23T22:26:31.651+0000] {logging_mixin.py:150} INFO - [2024-04-23T22:26:31.650+0000] {dag.py:3504} INFO - Setting next_dagrun for example_short_circuit_decorator to 2024-04-22T22:26:31.650711+00:00, run_after=2024-04-23T22:26:31.650711+00:00
[2024-04-23T22:26:31.691+0000] {processor.py:179} INFO - Processing /usr/local/python/3.10.13/lib/python3.10/site-packages/airflow/example_dags/example_short_circuit_decorator.py took 0.079 seconds
[2024-04-23T22:27:17.110+0000] {processor.py:157} INFO - Started process (PID=30303) to work on /usr/local/python/3.10.13/lib/python3.10/site-packages/airflow/example_dags/example_short_circuit_decorator.py
[2024-04-23T22:27:17.111+0000] {processor.py:826} INFO - Processing file /usr/local/python/3.10.13/lib/python3.10/site-packages/airflow/example_dags/example_short_circuit_decorator.py for tasks to queue
[2024-04-23T22:27:17.111+0000] {logging_mixin.py:150} INFO - [2024-04-23T22:27:17.111+0000] {dagbag.py:541} INFO - Filling up the DagBag from /usr/local/python/3.10.13/lib/python3.10/site-packages/airflow/example_dags/example_short_circuit_decorator.py
[2024-04-23T22:27:17.118+0000] {processor.py:836} INFO - DAG(s) dict_keys(['example_short_circuit_decorator']) retrieved from /usr/local/python/3.10.13/lib/python3.10/site-packages/airflow/example_dags/example_short_circuit_decorator.py
[2024-04-23T22:27:17.132+0000] {logging_mixin.py:150} INFO - [2024-04-23T22:27:17.132+0000] {dag.py:2742} INFO - Sync 1 DAGs
[2024-04-23T22:27:17.147+0000] {logging_mixin.py:150} INFO - [2024-04-23T22:27:17.147+0000] {dag.py:3504} INFO - Setting next_dagrun for example_short_circuit_decorator to 2024-04-22T22:27:17.147331+00:00, run_after=2024-04-23T22:27:17.147331+00:00
[2024-04-23T22:27:17.185+0000] {processor.py:179} INFO - Processing /usr/local/python/3.10.13/lib/python3.10/site-packages/airflow/example_dags/example_short_circuit_decorator.py took 0.077 seconds
[2024-04-23T22:28:05.572+0000] {processor.py:157} INFO - Started process (PID=30822) to work on /usr/local/python/3.10.13/lib/python3.10/site-packages/airflow/example_dags/example_short_circuit_decorator.py
[2024-04-23T22:28:05.572+0000] {processor.py:826} INFO - Processing file /usr/local/python/3.10.13/lib/python3.10/site-packages/airflow/example_dags/example_short_circuit_decorator.py for tasks to queue
[2024-04-23T22:28:05.573+0000] {logging_mixin.py:150} INFO - [2024-04-23T22:28:05.573+0000] {dagbag.py:541} INFO - Filling up the DagBag from /usr/local/python/3.10.13/lib/python3.10/site-packages/airflow/example_dags/example_short_circuit_decorator.py
[2024-04-23T22:28:05.580+0000] {processor.py:836} INFO - DAG(s) dict_keys(['example_short_circuit_decorator']) retrieved from /usr/local/python/3.10.13/lib/python3.10/site-packages/airflow/example_dags/example_short_circuit_decorator.py
[2024-04-23T22:28:05.593+0000] {logging_mixin.py:150} INFO - [2024-04-23T22:28:05.593+0000] {dag.py:2742} INFO - Sync 1 DAGs
[2024-04-23T22:28:05.607+0000] {logging_mixin.py:150} INFO - [2024-04-23T22:28:05.607+0000] {dag.py:3504} INFO - Setting next_dagrun for example_short_circuit_decorator to 2024-04-22T22:28:05.607698+00:00, run_after=2024-04-23T22:28:05.607698+00:00
[2024-04-23T22:28:05.646+0000] {processor.py:179} INFO - Processing /usr/local/python/3.10.13/lib/python3.10/site-packages/airflow/example_dags/example_short_circuit_decorator.py took 0.076 seconds
[2024-04-23T22:28:50.103+0000] {processor.py:157} INFO - Started process (PID=31608) to work on /usr/local/python/3.10.13/lib/python3.10/site-packages/airflow/example_dags/example_short_circuit_decorator.py
[2024-04-23T22:28:50.104+0000] {processor.py:826} INFO - Processing file /usr/local/python/3.10.13/lib/python3.10/site-packages/airflow/example_dags/example_short_circuit_decorator.py for tasks to queue
[2024-04-23T22:28:50.105+0000] {logging_mixin.py:150} INFO - [2024-04-23T22:28:50.104+0000] {dagbag.py:541} INFO - Filling up the DagBag from /usr/local/python/3.10.13/lib/python3.10/site-packages/airflow/example_dags/example_short_circuit_decorator.py
[2024-04-23T22:28:50.114+0000] {processor.py:836} INFO - DAG(s) dict_keys(['example_short_circuit_decorator']) retrieved from /usr/local/python/3.10.13/lib/python3.10/site-packages/airflow/example_dags/example_short_circuit_decorator.py
[2024-04-23T22:28:50.133+0000] {logging_mixin.py:150} INFO - [2024-04-23T22:28:50.132+0000] {dag.py:2742} INFO - Sync 1 DAGs
[2024-04-23T22:28:50.154+0000] {logging_mixin.py:150} INFO - [2024-04-23T22:28:50.154+0000] {dag.py:3504} INFO - Setting next_dagrun for example_short_circuit_decorator to 2024-04-22T22:28:50.154357+00:00, run_after=2024-04-23T22:28:50.154357+00:00
[2024-04-23T22:28:50.195+0000] {processor.py:179} INFO - Processing /usr/local/python/3.10.13/lib/python3.10/site-packages/airflow/example_dags/example_short_circuit_decorator.py took 0.095 seconds
[2024-04-23T22:29:36.573+0000] {processor.py:157} INFO - Started process (PID=31955) to work on /usr/local/python/3.10.13/lib/python3.10/site-packages/airflow/example_dags/example_short_circuit_decorator.py
[2024-04-23T22:29:36.574+0000] {processor.py:826} INFO - Processing file /usr/local/python/3.10.13/lib/python3.10/site-packages/airflow/example_dags/example_short_circuit_decorator.py for tasks to queue
[2024-04-23T22:29:36.574+0000] {logging_mixin.py:150} INFO - [2024-04-23T22:29:36.574+0000] {dagbag.py:541} INFO - Filling up the DagBag from /usr/local/python/3.10.13/lib/python3.10/site-packages/airflow/example_dags/example_short_circuit_decorator.py
[2024-04-23T22:29:36.582+0000] {processor.py:836} INFO - DAG(s) dict_keys(['example_short_circuit_decorator']) retrieved from /usr/local/python/3.10.13/lib/python3.10/site-packages/airflow/example_dags/example_short_circuit_decorator.py
[2024-04-23T22:29:36.595+0000] {logging_mixin.py:150} INFO - [2024-04-23T22:29:36.595+0000] {dag.py:2742} INFO - Sync 1 DAGs
[2024-04-23T22:29:36.610+0000] {logging_mixin.py:150} INFO - [2024-04-23T22:29:36.609+0000] {dag.py:3504} INFO - Setting next_dagrun for example_short_circuit_decorator to 2024-04-22T22:29:36.609752+00:00, run_after=2024-04-23T22:29:36.609752+00:00
[2024-04-23T22:29:36.654+0000] {processor.py:179} INFO - Processing /usr/local/python/3.10.13/lib/python3.10/site-packages/airflow/example_dags/example_short_circuit_decorator.py took 0.083 seconds
[2024-04-23T22:30:28.467+0000] {processor.py:157} INFO - Started process (PID=32368) to work on /usr/local/python/3.10.13/lib/python3.10/site-packages/airflow/example_dags/example_short_circuit_decorator.py
[2024-04-23T22:30:28.468+0000] {processor.py:826} INFO - Processing file /usr/local/python/3.10.13/lib/python3.10/site-packages/airflow/example_dags/example_short_circuit_decorator.py for tasks to queue
[2024-04-23T22:30:28.469+0000] {logging_mixin.py:150} INFO - [2024-04-23T22:30:28.469+0000] {dagbag.py:541} INFO - Filling up the DagBag from /usr/local/python/3.10.13/lib/python3.10/site-packages/airflow/example_dags/example_short_circuit_decorator.py
[2024-04-23T22:30:28.478+0000] {processor.py:836} INFO - DAG(s) dict_keys(['example_short_circuit_decorator']) retrieved from /usr/local/python/3.10.13/lib/python3.10/site-packages/airflow/example_dags/example_short_circuit_decorator.py
[2024-04-23T22:30:28.502+0000] {logging_mixin.py:150} INFO - [2024-04-23T22:30:28.501+0000] {dag.py:2742} INFO - Sync 1 DAGs
[2024-04-23T22:30:28.527+0000] {logging_mixin.py:150} INFO - [2024-04-23T22:30:28.526+0000] {dag.py:3504} INFO - Setting next_dagrun for example_short_circuit_decorator to 2024-04-22T22:30:28.526675+00:00, run_after=2024-04-23T22:30:28.526675+00:00
[2024-04-23T22:30:28.577+0000] {processor.py:179} INFO - Processing /usr/local/python/3.10.13/lib/python3.10/site-packages/airflow/example_dags/example_short_circuit_decorator.py took 0.113 seconds
[2024-04-23T22:31:22.341+0000] {processor.py:157} INFO - Started process (PID=32766) to work on /usr/local/python/3.10.13/lib/python3.10/site-packages/airflow/example_dags/example_short_circuit_decorator.py
[2024-04-23T22:31:22.341+0000] {processor.py:826} INFO - Processing file /usr/local/python/3.10.13/lib/python3.10/site-packages/airflow/example_dags/example_short_circuit_decorator.py for tasks to queue
[2024-04-23T22:31:22.342+0000] {logging_mixin.py:150} INFO - [2024-04-23T22:31:22.342+0000] {dagbag.py:541} INFO - Filling up the DagBag from /usr/local/python/3.10.13/lib/python3.10/site-packages/airflow/example_dags/example_short_circuit_decorator.py
[2024-04-23T22:31:22.349+0000] {processor.py:836} INFO - DAG(s) dict_keys(['example_short_circuit_decorator']) retrieved from /usr/local/python/3.10.13/lib/python3.10/site-packages/airflow/example_dags/example_short_circuit_decorator.py
[2024-04-23T22:31:22.364+0000] {logging_mixin.py:150} INFO - [2024-04-23T22:31:22.364+0000] {dag.py:2742} INFO - Sync 1 DAGs
[2024-04-23T22:31:22.379+0000] {logging_mixin.py:150} INFO - [2024-04-23T22:31:22.379+0000] {dag.py:3504} INFO - Setting next_dagrun for example_short_circuit_decorator to 2024-04-22T22:31:22.379358+00:00, run_after=2024-04-23T22:31:22.379358+00:00
[2024-04-23T22:31:22.416+0000] {processor.py:179} INFO - Processing /usr/local/python/3.10.13/lib/python3.10/site-packages/airflow/example_dags/example_short_circuit_decorator.py took 0.078 seconds
[2024-04-23T22:32:14.424+0000] {processor.py:157} INFO - Started process (PID=33156) to work on /usr/local/python/3.10.13/lib/python3.10/site-packages/airflow/example_dags/example_short_circuit_decorator.py
[2024-04-23T22:32:14.424+0000] {processor.py:826} INFO - Processing file /usr/local/python/3.10.13/lib/python3.10/site-packages/airflow/example_dags/example_short_circuit_decorator.py for tasks to queue
[2024-04-23T22:32:14.425+0000] {logging_mixin.py:150} INFO - [2024-04-23T22:32:14.425+0000] {dagbag.py:541} INFO - Filling up the DagBag from /usr/local/python/3.10.13/lib/python3.10/site-packages/airflow/example_dags/example_short_circuit_decorator.py
[2024-04-23T22:32:14.432+0000] {processor.py:836} INFO - DAG(s) dict_keys(['example_short_circuit_decorator']) retrieved from /usr/local/python/3.10.13/lib/python3.10/site-packages/airflow/example_dags/example_short_circuit_decorator.py
[2024-04-23T22:32:14.446+0000] {logging_mixin.py:150} INFO - [2024-04-23T22:32:14.446+0000] {dag.py:2742} INFO - Sync 1 DAGs
[2024-04-23T22:32:14.461+0000] {logging_mixin.py:150} INFO - [2024-04-23T22:32:14.461+0000] {dag.py:3504} INFO - Setting next_dagrun for example_short_circuit_decorator to 2024-04-22T22:32:14.461273+00:00, run_after=2024-04-23T22:32:14.461273+00:00
[2024-04-23T22:32:14.497+0000] {processor.py:179} INFO - Processing /usr/local/python/3.10.13/lib/python3.10/site-packages/airflow/example_dags/example_short_circuit_decorator.py took 0.076 seconds
[2024-04-23T22:33:05.129+0000] {processor.py:157} INFO - Started process (PID=33534) to work on /usr/local/python/3.10.13/lib/python3.10/site-packages/airflow/example_dags/example_short_circuit_decorator.py
[2024-04-23T22:33:05.130+0000] {processor.py:826} INFO - Processing file /usr/local/python/3.10.13/lib/python3.10/site-packages/airflow/example_dags/example_short_circuit_decorator.py for tasks to queue
[2024-04-23T22:33:05.130+0000] {logging_mixin.py:150} INFO - [2024-04-23T22:33:05.130+0000] {dagbag.py:541} INFO - Filling up the DagBag from /usr/local/python/3.10.13/lib/python3.10/site-packages/airflow/example_dags/example_short_circuit_decorator.py
[2024-04-23T22:33:05.138+0000] {processor.py:836} INFO - DAG(s) dict_keys(['example_short_circuit_decorator']) retrieved from /usr/local/python/3.10.13/lib/python3.10/site-packages/airflow/example_dags/example_short_circuit_decorator.py
[2024-04-23T22:33:05.154+0000] {logging_mixin.py:150} INFO - [2024-04-23T22:33:05.153+0000] {dag.py:2742} INFO - Sync 1 DAGs
[2024-04-23T22:33:05.168+0000] {logging_mixin.py:150} INFO - [2024-04-23T22:33:05.168+0000] {dag.py:3504} INFO - Setting next_dagrun for example_short_circuit_decorator to 2024-04-22T22:33:05.168443+00:00, run_after=2024-04-23T22:33:05.168443+00:00
[2024-04-23T22:33:05.206+0000] {processor.py:179} INFO - Processing /usr/local/python/3.10.13/lib/python3.10/site-packages/airflow/example_dags/example_short_circuit_decorator.py took 0.079 seconds
[2024-04-23T22:33:57.106+0000] {processor.py:157} INFO - Started process (PID=33935) to work on /usr/local/python/3.10.13/lib/python3.10/site-packages/airflow/example_dags/example_short_circuit_decorator.py
[2024-04-23T22:33:57.107+0000] {processor.py:826} INFO - Processing file /usr/local/python/3.10.13/lib/python3.10/site-packages/airflow/example_dags/example_short_circuit_decorator.py for tasks to queue
[2024-04-23T22:33:57.108+0000] {logging_mixin.py:150} INFO - [2024-04-23T22:33:57.107+0000] {dagbag.py:541} INFO - Filling up the DagBag from /usr/local/python/3.10.13/lib/python3.10/site-packages/airflow/example_dags/example_short_circuit_decorator.py
[2024-04-23T22:33:57.118+0000] {processor.py:836} INFO - DAG(s) dict_keys(['example_short_circuit_decorator']) retrieved from /usr/local/python/3.10.13/lib/python3.10/site-packages/airflow/example_dags/example_short_circuit_decorator.py
[2024-04-23T22:33:57.132+0000] {logging_mixin.py:150} INFO - [2024-04-23T22:33:57.132+0000] {dag.py:2742} INFO - Sync 1 DAGs
[2024-04-23T22:33:57.148+0000] {logging_mixin.py:150} INFO - [2024-04-23T22:33:57.147+0000] {dag.py:3504} INFO - Setting next_dagrun for example_short_circuit_decorator to 2024-04-22T22:33:57.147703+00:00, run_after=2024-04-23T22:33:57.147703+00:00
[2024-04-23T22:33:57.185+0000] {processor.py:179} INFO - Processing /usr/local/python/3.10.13/lib/python3.10/site-packages/airflow/example_dags/example_short_circuit_decorator.py took 0.081 seconds
[2024-04-23T22:34:34.506+0000] {processor.py:157} INFO - Started process (PID=34220) to work on /usr/local/python/3.10.13/lib/python3.10/site-packages/airflow/example_dags/example_short_circuit_decorator.py
[2024-04-23T22:34:34.507+0000] {processor.py:826} INFO - Processing file /usr/local/python/3.10.13/lib/python3.10/site-packages/airflow/example_dags/example_short_circuit_decorator.py for tasks to queue
[2024-04-23T22:34:34.508+0000] {logging_mixin.py:150} INFO - [2024-04-23T22:34:34.507+0000] {dagbag.py:541} INFO - Filling up the DagBag from /usr/local/python/3.10.13/lib/python3.10/site-packages/airflow/example_dags/example_short_circuit_decorator.py
[2024-04-23T22:34:34.515+0000] {processor.py:836} INFO - DAG(s) dict_keys(['example_short_circuit_decorator']) retrieved from /usr/local/python/3.10.13/lib/python3.10/site-packages/airflow/example_dags/example_short_circuit_decorator.py
[2024-04-23T22:34:34.528+0000] {logging_mixin.py:150} INFO - [2024-04-23T22:34:34.528+0000] {dag.py:2742} INFO - Sync 1 DAGs
[2024-04-23T22:34:34.543+0000] {logging_mixin.py:150} INFO - [2024-04-23T22:34:34.543+0000] {dag.py:3504} INFO - Setting next_dagrun for example_short_circuit_decorator to 2024-04-22T22:34:34.543291+00:00, run_after=2024-04-23T22:34:34.543291+00:00
[2024-04-23T22:34:34.583+0000] {processor.py:179} INFO - Processing /usr/local/python/3.10.13/lib/python3.10/site-packages/airflow/example_dags/example_short_circuit_decorator.py took 0.079 seconds
[2024-04-23T22:35:25.235+0000] {processor.py:157} INFO - Started process (PID=34712) to work on /usr/local/python/3.10.13/lib/python3.10/site-packages/airflow/example_dags/example_short_circuit_decorator.py
[2024-04-23T22:35:25.235+0000] {processor.py:826} INFO - Processing file /usr/local/python/3.10.13/lib/python3.10/site-packages/airflow/example_dags/example_short_circuit_decorator.py for tasks to queue
[2024-04-23T22:35:25.236+0000] {logging_mixin.py:150} INFO - [2024-04-23T22:35:25.236+0000] {dagbag.py:541} INFO - Filling up the DagBag from /usr/local/python/3.10.13/lib/python3.10/site-packages/airflow/example_dags/example_short_circuit_decorator.py
[2024-04-23T22:35:25.243+0000] {processor.py:836} INFO - DAG(s) dict_keys(['example_short_circuit_decorator']) retrieved from /usr/local/python/3.10.13/lib/python3.10/site-packages/airflow/example_dags/example_short_circuit_decorator.py
[2024-04-23T22:35:25.257+0000] {logging_mixin.py:150} INFO - [2024-04-23T22:35:25.257+0000] {dag.py:2742} INFO - Sync 1 DAGs
[2024-04-23T22:35:25.273+0000] {logging_mixin.py:150} INFO - [2024-04-23T22:35:25.273+0000] {dag.py:3504} INFO - Setting next_dagrun for example_short_circuit_decorator to 2024-04-22T22:35:25.272970+00:00, run_after=2024-04-23T22:35:25.272970+00:00
[2024-04-23T22:35:25.314+0000] {processor.py:179} INFO - Processing /usr/local/python/3.10.13/lib/python3.10/site-packages/airflow/example_dags/example_short_circuit_decorator.py took 0.082 seconds
[2024-04-23T22:36:13.255+0000] {processor.py:157} INFO - Started process (PID=35074) to work on /usr/local/python/3.10.13/lib/python3.10/site-packages/airflow/example_dags/example_short_circuit_decorator.py
[2024-04-23T22:36:13.256+0000] {processor.py:826} INFO - Processing file /usr/local/python/3.10.13/lib/python3.10/site-packages/airflow/example_dags/example_short_circuit_decorator.py for tasks to queue
[2024-04-23T22:36:13.257+0000] {logging_mixin.py:150} INFO - [2024-04-23T22:36:13.257+0000] {dagbag.py:541} INFO - Filling up the DagBag from /usr/local/python/3.10.13/lib/python3.10/site-packages/airflow/example_dags/example_short_circuit_decorator.py
[2024-04-23T22:36:13.266+0000] {processor.py:836} INFO - DAG(s) dict_keys(['example_short_circuit_decorator']) retrieved from /usr/local/python/3.10.13/lib/python3.10/site-packages/airflow/example_dags/example_short_circuit_decorator.py
[2024-04-23T22:36:13.280+0000] {logging_mixin.py:150} INFO - [2024-04-23T22:36:13.280+0000] {dag.py:2742} INFO - Sync 1 DAGs
[2024-04-23T22:36:13.297+0000] {logging_mixin.py:150} INFO - [2024-04-23T22:36:13.297+0000] {dag.py:3504} INFO - Setting next_dagrun for example_short_circuit_decorator to 2024-04-22T22:36:13.297094+00:00, run_after=2024-04-23T22:36:13.297094+00:00
[2024-04-23T22:36:13.341+0000] {processor.py:179} INFO - Processing /usr/local/python/3.10.13/lib/python3.10/site-packages/airflow/example_dags/example_short_circuit_decorator.py took 0.089 seconds
[2024-04-23T22:37:07.108+0000] {processor.py:157} INFO - Started process (PID=35493) to work on /usr/local/python/3.10.13/lib/python3.10/site-packages/airflow/example_dags/example_short_circuit_decorator.py
[2024-04-23T22:37:07.109+0000] {processor.py:826} INFO - Processing file /usr/local/python/3.10.13/lib/python3.10/site-packages/airflow/example_dags/example_short_circuit_decorator.py for tasks to queue
[2024-04-23T22:37:07.109+0000] {logging_mixin.py:150} INFO - [2024-04-23T22:37:07.109+0000] {dagbag.py:541} INFO - Filling up the DagBag from /usr/local/python/3.10.13/lib/python3.10/site-packages/airflow/example_dags/example_short_circuit_decorator.py
[2024-04-23T22:37:07.117+0000] {processor.py:836} INFO - DAG(s) dict_keys(['example_short_circuit_decorator']) retrieved from /usr/local/python/3.10.13/lib/python3.10/site-packages/airflow/example_dags/example_short_circuit_decorator.py
[2024-04-23T22:37:07.130+0000] {logging_mixin.py:150} INFO - [2024-04-23T22:37:07.130+0000] {dag.py:2742} INFO - Sync 1 DAGs
[2024-04-23T22:37:07.145+0000] {logging_mixin.py:150} INFO - [2024-04-23T22:37:07.145+0000] {dag.py:3504} INFO - Setting next_dagrun for example_short_circuit_decorator to 2024-04-22T22:37:07.145347+00:00, run_after=2024-04-23T22:37:07.145347+00:00
[2024-04-23T22:37:07.182+0000] {processor.py:179} INFO - Processing /usr/local/python/3.10.13/lib/python3.10/site-packages/airflow/example_dags/example_short_circuit_decorator.py took 0.076 seconds
[2024-04-23T22:37:57.709+0000] {processor.py:157} INFO - Started process (PID=35867) to work on /usr/local/python/3.10.13/lib/python3.10/site-packages/airflow/example_dags/example_short_circuit_decorator.py
[2024-04-23T22:37:57.710+0000] {processor.py:826} INFO - Processing file /usr/local/python/3.10.13/lib/python3.10/site-packages/airflow/example_dags/example_short_circuit_decorator.py for tasks to queue
[2024-04-23T22:37:57.711+0000] {logging_mixin.py:150} INFO - [2024-04-23T22:37:57.710+0000] {dagbag.py:541} INFO - Filling up the DagBag from /usr/local/python/3.10.13/lib/python3.10/site-packages/airflow/example_dags/example_short_circuit_decorator.py
[2024-04-23T22:37:57.718+0000] {processor.py:836} INFO - DAG(s) dict_keys(['example_short_circuit_decorator']) retrieved from /usr/local/python/3.10.13/lib/python3.10/site-packages/airflow/example_dags/example_short_circuit_decorator.py
[2024-04-23T22:37:57.731+0000] {logging_mixin.py:150} INFO - [2024-04-23T22:37:57.731+0000] {dag.py:2742} INFO - Sync 1 DAGs
[2024-04-23T22:37:57.747+0000] {logging_mixin.py:150} INFO - [2024-04-23T22:37:57.746+0000] {dag.py:3504} INFO - Setting next_dagrun for example_short_circuit_decorator to 2024-04-22T22:37:57.746728+00:00, run_after=2024-04-23T22:37:57.746728+00:00
[2024-04-23T22:37:57.784+0000] {processor.py:179} INFO - Processing /usr/local/python/3.10.13/lib/python3.10/site-packages/airflow/example_dags/example_short_circuit_decorator.py took 0.077 seconds
[2024-04-23T22:38:48.088+0000] {processor.py:157} INFO - Started process (PID=36255) to work on /usr/local/python/3.10.13/lib/python3.10/site-packages/airflow/example_dags/example_short_circuit_decorator.py
[2024-04-23T22:38:48.089+0000] {processor.py:826} INFO - Processing file /usr/local/python/3.10.13/lib/python3.10/site-packages/airflow/example_dags/example_short_circuit_decorator.py for tasks to queue
[2024-04-23T22:38:48.089+0000] {logging_mixin.py:150} INFO - [2024-04-23T22:38:48.089+0000] {dagbag.py:541} INFO - Filling up the DagBag from /usr/local/python/3.10.13/lib/python3.10/site-packages/airflow/example_dags/example_short_circuit_decorator.py
[2024-04-23T22:38:48.100+0000] {processor.py:836} INFO - DAG(s) dict_keys(['example_short_circuit_decorator']) retrieved from /usr/local/python/3.10.13/lib/python3.10/site-packages/airflow/example_dags/example_short_circuit_decorator.py
[2024-04-23T22:38:48.118+0000] {logging_mixin.py:150} INFO - [2024-04-23T22:38:48.118+0000] {dag.py:2742} INFO - Sync 1 DAGs
[2024-04-23T22:38:48.135+0000] {logging_mixin.py:150} INFO - [2024-04-23T22:38:48.134+0000] {dag.py:3504} INFO - Setting next_dagrun for example_short_circuit_decorator to 2024-04-22T22:38:48.134614+00:00, run_after=2024-04-23T22:38:48.134614+00:00
[2024-04-23T22:38:48.178+0000] {processor.py:179} INFO - Processing /usr/local/python/3.10.13/lib/python3.10/site-packages/airflow/example_dags/example_short_circuit_decorator.py took 0.093 seconds
[2024-04-23T22:39:38.192+0000] {processor.py:157} INFO - Started process (PID=36646) to work on /usr/local/python/3.10.13/lib/python3.10/site-packages/airflow/example_dags/example_short_circuit_decorator.py
[2024-04-23T22:39:38.193+0000] {processor.py:826} INFO - Processing file /usr/local/python/3.10.13/lib/python3.10/site-packages/airflow/example_dags/example_short_circuit_decorator.py for tasks to queue
[2024-04-23T22:39:38.194+0000] {logging_mixin.py:150} INFO - [2024-04-23T22:39:38.193+0000] {dagbag.py:541} INFO - Filling up the DagBag from /usr/local/python/3.10.13/lib/python3.10/site-packages/airflow/example_dags/example_short_circuit_decorator.py
[2024-04-23T22:39:38.201+0000] {processor.py:836} INFO - DAG(s) dict_keys(['example_short_circuit_decorator']) retrieved from /usr/local/python/3.10.13/lib/python3.10/site-packages/airflow/example_dags/example_short_circuit_decorator.py
[2024-04-23T22:39:38.214+0000] {logging_mixin.py:150} INFO - [2024-04-23T22:39:38.214+0000] {dag.py:2742} INFO - Sync 1 DAGs
[2024-04-23T22:39:38.229+0000] {logging_mixin.py:150} INFO - [2024-04-23T22:39:38.229+0000] {dag.py:3504} INFO - Setting next_dagrun for example_short_circuit_decorator to 2024-04-22T22:39:38.229074+00:00, run_after=2024-04-23T22:39:38.229074+00:00
[2024-04-23T22:39:38.267+0000] {processor.py:179} INFO - Processing /usr/local/python/3.10.13/lib/python3.10/site-packages/airflow/example_dags/example_short_circuit_decorator.py took 0.077 seconds
[2024-04-23T22:40:31.272+0000] {processor.py:157} INFO - Started process (PID=37038) to work on /usr/local/python/3.10.13/lib/python3.10/site-packages/airflow/example_dags/example_short_circuit_decorator.py
[2024-04-23T22:40:31.273+0000] {processor.py:826} INFO - Processing file /usr/local/python/3.10.13/lib/python3.10/site-packages/airflow/example_dags/example_short_circuit_decorator.py for tasks to queue
[2024-04-23T22:40:31.273+0000] {logging_mixin.py:150} INFO - [2024-04-23T22:40:31.273+0000] {dagbag.py:541} INFO - Filling up the DagBag from /usr/local/python/3.10.13/lib/python3.10/site-packages/airflow/example_dags/example_short_circuit_decorator.py
[2024-04-23T22:40:31.280+0000] {processor.py:836} INFO - DAG(s) dict_keys(['example_short_circuit_decorator']) retrieved from /usr/local/python/3.10.13/lib/python3.10/site-packages/airflow/example_dags/example_short_circuit_decorator.py
[2024-04-23T22:40:31.294+0000] {logging_mixin.py:150} INFO - [2024-04-23T22:40:31.294+0000] {dag.py:2742} INFO - Sync 1 DAGs
[2024-04-23T22:40:31.309+0000] {logging_mixin.py:150} INFO - [2024-04-23T22:40:31.308+0000] {dag.py:3504} INFO - Setting next_dagrun for example_short_circuit_decorator to 2024-04-22T22:40:31.308783+00:00, run_after=2024-04-23T22:40:31.308783+00:00
[2024-04-23T22:40:31.360+0000] {processor.py:179} INFO - Processing /usr/local/python/3.10.13/lib/python3.10/site-packages/airflow/example_dags/example_short_circuit_decorator.py took 0.090 seconds
[2024-04-23T22:41:06.702+0000] {processor.py:157} INFO - Started process (PID=37298) to work on /usr/local/python/3.10.13/lib/python3.10/site-packages/airflow/example_dags/example_short_circuit_decorator.py
[2024-04-23T22:41:06.703+0000] {processor.py:826} INFO - Processing file /usr/local/python/3.10.13/lib/python3.10/site-packages/airflow/example_dags/example_short_circuit_decorator.py for tasks to queue
[2024-04-23T22:41:06.703+0000] {logging_mixin.py:150} INFO - [2024-04-23T22:41:06.703+0000] {dagbag.py:541} INFO - Filling up the DagBag from /usr/local/python/3.10.13/lib/python3.10/site-packages/airflow/example_dags/example_short_circuit_decorator.py
[2024-04-23T22:41:06.711+0000] {processor.py:836} INFO - DAG(s) dict_keys(['example_short_circuit_decorator']) retrieved from /usr/local/python/3.10.13/lib/python3.10/site-packages/airflow/example_dags/example_short_circuit_decorator.py
[2024-04-23T22:41:06.724+0000] {logging_mixin.py:150} INFO - [2024-04-23T22:41:06.724+0000] {dag.py:2742} INFO - Sync 1 DAGs
[2024-04-23T22:41:06.740+0000] {logging_mixin.py:150} INFO - [2024-04-23T22:41:06.740+0000] {dag.py:3504} INFO - Setting next_dagrun for example_short_circuit_decorator to 2024-04-22T22:41:06.740162+00:00, run_after=2024-04-23T22:41:06.740162+00:00
[2024-04-23T22:41:06.784+0000] {processor.py:179} INFO - Processing /usr/local/python/3.10.13/lib/python3.10/site-packages/airflow/example_dags/example_short_circuit_decorator.py took 0.084 seconds
[2024-04-23T22:41:43.996+0000] {processor.py:157} INFO - Started process (PID=37581) to work on /usr/local/python/3.10.13/lib/python3.10/site-packages/airflow/example_dags/example_short_circuit_decorator.py
[2024-04-23T22:41:43.997+0000] {processor.py:826} INFO - Processing file /usr/local/python/3.10.13/lib/python3.10/site-packages/airflow/example_dags/example_short_circuit_decorator.py for tasks to queue
[2024-04-23T22:41:43.998+0000] {logging_mixin.py:150} INFO - [2024-04-23T22:41:43.998+0000] {dagbag.py:541} INFO - Filling up the DagBag from /usr/local/python/3.10.13/lib/python3.10/site-packages/airflow/example_dags/example_short_circuit_decorator.py
[2024-04-23T22:41:44.005+0000] {processor.py:836} INFO - DAG(s) dict_keys(['example_short_circuit_decorator']) retrieved from /usr/local/python/3.10.13/lib/python3.10/site-packages/airflow/example_dags/example_short_circuit_decorator.py
[2024-04-23T22:41:44.022+0000] {logging_mixin.py:150} INFO - [2024-04-23T22:41:44.022+0000] {dag.py:2742} INFO - Sync 1 DAGs
[2024-04-23T22:41:44.039+0000] {logging_mixin.py:150} INFO - [2024-04-23T22:41:44.039+0000] {dag.py:3504} INFO - Setting next_dagrun for example_short_circuit_decorator to 2024-04-22T22:41:44.039440+00:00, run_after=2024-04-23T22:41:44.039440+00:00
[2024-04-23T22:41:44.078+0000] {processor.py:179} INFO - Processing /usr/local/python/3.10.13/lib/python3.10/site-packages/airflow/example_dags/example_short_circuit_decorator.py took 0.085 seconds
[2024-04-23T22:42:20.886+0000] {processor.py:157} INFO - Started process (PID=37870) to work on /usr/local/python/3.10.13/lib/python3.10/site-packages/airflow/example_dags/example_short_circuit_decorator.py
[2024-04-23T22:42:20.887+0000] {processor.py:826} INFO - Processing file /usr/local/python/3.10.13/lib/python3.10/site-packages/airflow/example_dags/example_short_circuit_decorator.py for tasks to queue
[2024-04-23T22:42:20.887+0000] {logging_mixin.py:150} INFO - [2024-04-23T22:42:20.887+0000] {dagbag.py:541} INFO - Filling up the DagBag from /usr/local/python/3.10.13/lib/python3.10/site-packages/airflow/example_dags/example_short_circuit_decorator.py
[2024-04-23T22:42:20.895+0000] {processor.py:836} INFO - DAG(s) dict_keys(['example_short_circuit_decorator']) retrieved from /usr/local/python/3.10.13/lib/python3.10/site-packages/airflow/example_dags/example_short_circuit_decorator.py
[2024-04-23T22:42:20.909+0000] {logging_mixin.py:150} INFO - [2024-04-23T22:42:20.909+0000] {dag.py:2742} INFO - Sync 1 DAGs
[2024-04-23T22:42:20.924+0000] {logging_mixin.py:150} INFO - [2024-04-23T22:42:20.924+0000] {dag.py:3504} INFO - Setting next_dagrun for example_short_circuit_decorator to 2024-04-22T22:42:20.924130+00:00, run_after=2024-04-23T22:42:20.924130+00:00
[2024-04-23T22:42:20.964+0000] {processor.py:179} INFO - Processing /usr/local/python/3.10.13/lib/python3.10/site-packages/airflow/example_dags/example_short_circuit_decorator.py took 0.080 seconds
[2024-04-23T22:43:10.128+0000] {processor.py:157} INFO - Started process (PID=38201) to work on /usr/local/python/3.10.13/lib/python3.10/site-packages/airflow/example_dags/example_short_circuit_decorator.py
[2024-04-23T22:43:10.129+0000] {processor.py:826} INFO - Processing file /usr/local/python/3.10.13/lib/python3.10/site-packages/airflow/example_dags/example_short_circuit_decorator.py for tasks to queue
[2024-04-23T22:43:10.129+0000] {logging_mixin.py:150} INFO - [2024-04-23T22:43:10.129+0000] {dagbag.py:541} INFO - Filling up the DagBag from /usr/local/python/3.10.13/lib/python3.10/site-packages/airflow/example_dags/example_short_circuit_decorator.py
[2024-04-23T22:43:10.137+0000] {processor.py:836} INFO - DAG(s) dict_keys(['example_short_circuit_decorator']) retrieved from /usr/local/python/3.10.13/lib/python3.10/site-packages/airflow/example_dags/example_short_circuit_decorator.py
[2024-04-23T22:43:10.151+0000] {logging_mixin.py:150} INFO - [2024-04-23T22:43:10.151+0000] {dag.py:2742} INFO - Sync 1 DAGs
[2024-04-23T22:43:10.170+0000] {logging_mixin.py:150} INFO - [2024-04-23T22:43:10.169+0000] {dag.py:3504} INFO - Setting next_dagrun for example_short_circuit_decorator to 2024-04-22T22:43:10.169671+00:00, run_after=2024-04-23T22:43:10.169671+00:00
[2024-04-23T22:43:10.210+0000] {processor.py:179} INFO - Processing /usr/local/python/3.10.13/lib/python3.10/site-packages/airflow/example_dags/example_short_circuit_decorator.py took 0.084 seconds
[2024-04-23T22:43:46.270+0000] {processor.py:157} INFO - Started process (PID=38479) to work on /usr/local/python/3.10.13/lib/python3.10/site-packages/airflow/example_dags/example_short_circuit_decorator.py
[2024-04-23T22:43:46.271+0000] {processor.py:826} INFO - Processing file /usr/local/python/3.10.13/lib/python3.10/site-packages/airflow/example_dags/example_short_circuit_decorator.py for tasks to queue
[2024-04-23T22:43:46.272+0000] {logging_mixin.py:150} INFO - [2024-04-23T22:43:46.272+0000] {dagbag.py:541} INFO - Filling up the DagBag from /usr/local/python/3.10.13/lib/python3.10/site-packages/airflow/example_dags/example_short_circuit_decorator.py
[2024-04-23T22:43:46.280+0000] {processor.py:836} INFO - DAG(s) dict_keys(['example_short_circuit_decorator']) retrieved from /usr/local/python/3.10.13/lib/python3.10/site-packages/airflow/example_dags/example_short_circuit_decorator.py
[2024-04-23T22:43:46.296+0000] {logging_mixin.py:150} INFO - [2024-04-23T22:43:46.296+0000] {dag.py:2742} INFO - Sync 1 DAGs
[2024-04-23T22:43:46.312+0000] {logging_mixin.py:150} INFO - [2024-04-23T22:43:46.312+0000] {dag.py:3504} INFO - Setting next_dagrun for example_short_circuit_decorator to 2024-04-22T22:43:46.312259+00:00, run_after=2024-04-23T22:43:46.312259+00:00
[2024-04-23T22:43:46.369+0000] {processor.py:179} INFO - Processing /usr/local/python/3.10.13/lib/python3.10/site-packages/airflow/example_dags/example_short_circuit_decorator.py took 0.101 seconds
[2024-04-23T22:44:34.176+0000] {processor.py:157} INFO - Started process (PID=38824) to work on /usr/local/python/3.10.13/lib/python3.10/site-packages/airflow/example_dags/example_short_circuit_decorator.py
[2024-04-23T22:44:34.177+0000] {processor.py:826} INFO - Processing file /usr/local/python/3.10.13/lib/python3.10/site-packages/airflow/example_dags/example_short_circuit_decorator.py for tasks to queue
[2024-04-23T22:44:34.178+0000] {logging_mixin.py:150} INFO - [2024-04-23T22:44:34.177+0000] {dagbag.py:541} INFO - Filling up the DagBag from /usr/local/python/3.10.13/lib/python3.10/site-packages/airflow/example_dags/example_short_circuit_decorator.py
[2024-04-23T22:44:34.185+0000] {processor.py:836} INFO - DAG(s) dict_keys(['example_short_circuit_decorator']) retrieved from /usr/local/python/3.10.13/lib/python3.10/site-packages/airflow/example_dags/example_short_circuit_decorator.py
[2024-04-23T22:44:34.199+0000] {logging_mixin.py:150} INFO - [2024-04-23T22:44:34.199+0000] {dag.py:2742} INFO - Sync 1 DAGs
[2024-04-23T22:44:34.214+0000] {logging_mixin.py:150} INFO - [2024-04-23T22:44:34.214+0000] {dag.py:3504} INFO - Setting next_dagrun for example_short_circuit_decorator to 2024-04-22T22:44:34.214165+00:00, run_after=2024-04-23T22:44:34.214165+00:00
[2024-04-23T22:44:34.252+0000] {processor.py:179} INFO - Processing /usr/local/python/3.10.13/lib/python3.10/site-packages/airflow/example_dags/example_short_circuit_decorator.py took 0.078 seconds
[2024-04-23T22:45:08.129+0000] {processor.py:157} INFO - Started process (PID=39075) to work on /usr/local/python/3.10.13/lib/python3.10/site-packages/airflow/example_dags/example_short_circuit_decorator.py
[2024-04-23T22:45:08.129+0000] {processor.py:826} INFO - Processing file /usr/local/python/3.10.13/lib/python3.10/site-packages/airflow/example_dags/example_short_circuit_decorator.py for tasks to queue
[2024-04-23T22:45:08.130+0000] {logging_mixin.py:150} INFO - [2024-04-23T22:45:08.130+0000] {dagbag.py:541} INFO - Filling up the DagBag from /usr/local/python/3.10.13/lib/python3.10/site-packages/airflow/example_dags/example_short_circuit_decorator.py
[2024-04-23T22:45:08.137+0000] {processor.py:836} INFO - DAG(s) dict_keys(['example_short_circuit_decorator']) retrieved from /usr/local/python/3.10.13/lib/python3.10/site-packages/airflow/example_dags/example_short_circuit_decorator.py
[2024-04-23T22:45:08.151+0000] {logging_mixin.py:150} INFO - [2024-04-23T22:45:08.150+0000] {dag.py:2742} INFO - Sync 1 DAGs
[2024-04-23T22:45:08.166+0000] {logging_mixin.py:150} INFO - [2024-04-23T22:45:08.165+0000] {dag.py:3504} INFO - Setting next_dagrun for example_short_circuit_decorator to 2024-04-22T22:45:08.165709+00:00, run_after=2024-04-23T22:45:08.165709+00:00
[2024-04-23T22:45:08.208+0000] {processor.py:179} INFO - Processing /usr/local/python/3.10.13/lib/python3.10/site-packages/airflow/example_dags/example_short_circuit_decorator.py took 0.082 seconds
[2024-04-23T22:45:59.569+0000] {processor.py:157} INFO - Started process (PID=39466) to work on /usr/local/python/3.10.13/lib/python3.10/site-packages/airflow/example_dags/example_short_circuit_decorator.py
[2024-04-23T22:45:59.570+0000] {processor.py:826} INFO - Processing file /usr/local/python/3.10.13/lib/python3.10/site-packages/airflow/example_dags/example_short_circuit_decorator.py for tasks to queue
[2024-04-23T22:45:59.570+0000] {logging_mixin.py:150} INFO - [2024-04-23T22:45:59.570+0000] {dagbag.py:541} INFO - Filling up the DagBag from /usr/local/python/3.10.13/lib/python3.10/site-packages/airflow/example_dags/example_short_circuit_decorator.py
[2024-04-23T22:45:59.578+0000] {processor.py:836} INFO - DAG(s) dict_keys(['example_short_circuit_decorator']) retrieved from /usr/local/python/3.10.13/lib/python3.10/site-packages/airflow/example_dags/example_short_circuit_decorator.py
[2024-04-23T22:45:59.592+0000] {logging_mixin.py:150} INFO - [2024-04-23T22:45:59.592+0000] {dag.py:2742} INFO - Sync 1 DAGs
[2024-04-23T22:45:59.607+0000] {logging_mixin.py:150} INFO - [2024-04-23T22:45:59.607+0000] {dag.py:3504} INFO - Setting next_dagrun for example_short_circuit_decorator to 2024-04-22T22:45:59.607595+00:00, run_after=2024-04-23T22:45:59.607595+00:00
[2024-04-23T22:45:59.647+0000] {processor.py:179} INFO - Processing /usr/local/python/3.10.13/lib/python3.10/site-packages/airflow/example_dags/example_short_circuit_decorator.py took 0.080 seconds
[2024-04-23T22:46:51.692+0000] {processor.py:157} INFO - Started process (PID=39854) to work on /usr/local/python/3.10.13/lib/python3.10/site-packages/airflow/example_dags/example_short_circuit_decorator.py
[2024-04-23T22:46:51.693+0000] {processor.py:826} INFO - Processing file /usr/local/python/3.10.13/lib/python3.10/site-packages/airflow/example_dags/example_short_circuit_decorator.py for tasks to queue
[2024-04-23T22:46:51.694+0000] {logging_mixin.py:150} INFO - [2024-04-23T22:46:51.693+0000] {dagbag.py:541} INFO - Filling up the DagBag from /usr/local/python/3.10.13/lib/python3.10/site-packages/airflow/example_dags/example_short_circuit_decorator.py
[2024-04-23T22:46:51.701+0000] {processor.py:836} INFO - DAG(s) dict_keys(['example_short_circuit_decorator']) retrieved from /usr/local/python/3.10.13/lib/python3.10/site-packages/airflow/example_dags/example_short_circuit_decorator.py
[2024-04-23T22:46:51.714+0000] {logging_mixin.py:150} INFO - [2024-04-23T22:46:51.714+0000] {dag.py:2742} INFO - Sync 1 DAGs
[2024-04-23T22:46:51.729+0000] {logging_mixin.py:150} INFO - [2024-04-23T22:46:51.729+0000] {dag.py:3504} INFO - Setting next_dagrun for example_short_circuit_decorator to 2024-04-22T22:46:51.728969+00:00, run_after=2024-04-23T22:46:51.728969+00:00
[2024-04-23T22:46:51.769+0000] {processor.py:179} INFO - Processing /usr/local/python/3.10.13/lib/python3.10/site-packages/airflow/example_dags/example_short_circuit_decorator.py took 0.079 seconds
[2024-04-23T22:47:28.266+0000] {processor.py:157} INFO - Started process (PID=40135) to work on /usr/local/python/3.10.13/lib/python3.10/site-packages/airflow/example_dags/example_short_circuit_decorator.py
[2024-04-23T22:47:28.266+0000] {processor.py:826} INFO - Processing file /usr/local/python/3.10.13/lib/python3.10/site-packages/airflow/example_dags/example_short_circuit_decorator.py for tasks to queue
[2024-04-23T22:47:28.267+0000] {logging_mixin.py:150} INFO - [2024-04-23T22:47:28.267+0000] {dagbag.py:541} INFO - Filling up the DagBag from /usr/local/python/3.10.13/lib/python3.10/site-packages/airflow/example_dags/example_short_circuit_decorator.py
[2024-04-23T22:47:28.274+0000] {processor.py:836} INFO - DAG(s) dict_keys(['example_short_circuit_decorator']) retrieved from /usr/local/python/3.10.13/lib/python3.10/site-packages/airflow/example_dags/example_short_circuit_decorator.py
[2024-04-23T22:47:28.287+0000] {logging_mixin.py:150} INFO - [2024-04-23T22:47:28.287+0000] {dag.py:2742} INFO - Sync 1 DAGs
[2024-04-23T22:47:28.303+0000] {logging_mixin.py:150} INFO - [2024-04-23T22:47:28.303+0000] {dag.py:3504} INFO - Setting next_dagrun for example_short_circuit_decorator to 2024-04-22T22:47:28.303157+00:00, run_after=2024-04-23T22:47:28.303157+00:00
[2024-04-23T22:47:28.346+0000] {processor.py:179} INFO - Processing /usr/local/python/3.10.13/lib/python3.10/site-packages/airflow/example_dags/example_short_circuit_decorator.py took 0.083 seconds
[2024-04-23T22:48:04.620+0000] {processor.py:157} INFO - Started process (PID=40396) to work on /usr/local/python/3.10.13/lib/python3.10/site-packages/airflow/example_dags/example_short_circuit_decorator.py
[2024-04-23T22:48:04.620+0000] {processor.py:826} INFO - Processing file /usr/local/python/3.10.13/lib/python3.10/site-packages/airflow/example_dags/example_short_circuit_decorator.py for tasks to queue
[2024-04-23T22:48:04.621+0000] {logging_mixin.py:150} INFO - [2024-04-23T22:48:04.621+0000] {dagbag.py:541} INFO - Filling up the DagBag from /usr/local/python/3.10.13/lib/python3.10/site-packages/airflow/example_dags/example_short_circuit_decorator.py
[2024-04-23T22:48:04.628+0000] {processor.py:836} INFO - DAG(s) dict_keys(['example_short_circuit_decorator']) retrieved from /usr/local/python/3.10.13/lib/python3.10/site-packages/airflow/example_dags/example_short_circuit_decorator.py
[2024-04-23T22:48:04.645+0000] {logging_mixin.py:150} INFO - [2024-04-23T22:48:04.645+0000] {dag.py:2742} INFO - Sync 1 DAGs
[2024-04-23T22:48:04.660+0000] {logging_mixin.py:150} INFO - [2024-04-23T22:48:04.660+0000] {dag.py:3504} INFO - Setting next_dagrun for example_short_circuit_decorator to 2024-04-22T22:48:04.660290+00:00, run_after=2024-04-23T22:48:04.660290+00:00
[2024-04-23T22:48:04.698+0000] {processor.py:179} INFO - Processing /usr/local/python/3.10.13/lib/python3.10/site-packages/airflow/example_dags/example_short_circuit_decorator.py took 0.081 seconds
[2024-04-23T22:48:56.389+0000] {processor.py:157} INFO - Started process (PID=40817) to work on /usr/local/python/3.10.13/lib/python3.10/site-packages/airflow/example_dags/example_short_circuit_decorator.py
[2024-04-23T22:48:56.390+0000] {processor.py:826} INFO - Processing file /usr/local/python/3.10.13/lib/python3.10/site-packages/airflow/example_dags/example_short_circuit_decorator.py for tasks to queue
[2024-04-23T22:48:56.390+0000] {logging_mixin.py:150} INFO - [2024-04-23T22:48:56.390+0000] {dagbag.py:541} INFO - Filling up the DagBag from /usr/local/python/3.10.13/lib/python3.10/site-packages/airflow/example_dags/example_short_circuit_decorator.py
[2024-04-23T22:48:56.398+0000] {processor.py:836} INFO - DAG(s) dict_keys(['example_short_circuit_decorator']) retrieved from /usr/local/python/3.10.13/lib/python3.10/site-packages/airflow/example_dags/example_short_circuit_decorator.py
[2024-04-23T22:48:56.411+0000] {logging_mixin.py:150} INFO - [2024-04-23T22:48:56.411+0000] {dag.py:2742} INFO - Sync 1 DAGs
[2024-04-23T22:48:56.426+0000] {logging_mixin.py:150} INFO - [2024-04-23T22:48:56.426+0000] {dag.py:3504} INFO - Setting next_dagrun for example_short_circuit_decorator to 2024-04-22T22:48:56.426380+00:00, run_after=2024-04-23T22:48:56.426380+00:00
[2024-04-23T22:48:56.465+0000] {processor.py:179} INFO - Processing /usr/local/python/3.10.13/lib/python3.10/site-packages/airflow/example_dags/example_short_circuit_decorator.py took 0.078 seconds
[2024-04-23T22:49:45.677+0000] {processor.py:157} INFO - Started process (PID=41171) to work on /usr/local/python/3.10.13/lib/python3.10/site-packages/airflow/example_dags/example_short_circuit_decorator.py
[2024-04-23T22:49:45.678+0000] {processor.py:826} INFO - Processing file /usr/local/python/3.10.13/lib/python3.10/site-packages/airflow/example_dags/example_short_circuit_decorator.py for tasks to queue
[2024-04-23T22:49:45.679+0000] {logging_mixin.py:150} INFO - [2024-04-23T22:49:45.678+0000] {dagbag.py:541} INFO - Filling up the DagBag from /usr/local/python/3.10.13/lib/python3.10/site-packages/airflow/example_dags/example_short_circuit_decorator.py
[2024-04-23T22:49:45.686+0000] {processor.py:836} INFO - DAG(s) dict_keys(['example_short_circuit_decorator']) retrieved from /usr/local/python/3.10.13/lib/python3.10/site-packages/airflow/example_dags/example_short_circuit_decorator.py
[2024-04-23T22:49:45.700+0000] {logging_mixin.py:150} INFO - [2024-04-23T22:49:45.700+0000] {dag.py:2742} INFO - Sync 1 DAGs
[2024-04-23T22:49:45.714+0000] {logging_mixin.py:150} INFO - [2024-04-23T22:49:45.714+0000] {dag.py:3504} INFO - Setting next_dagrun for example_short_circuit_decorator to 2024-04-22T22:49:45.714592+00:00, run_after=2024-04-23T22:49:45.714592+00:00
[2024-04-23T22:49:45.752+0000] {processor.py:179} INFO - Processing /usr/local/python/3.10.13/lib/python3.10/site-packages/airflow/example_dags/example_short_circuit_decorator.py took 0.077 seconds
[2024-04-23T22:50:22.210+0000] {processor.py:157} INFO - Started process (PID=41457) to work on /usr/local/python/3.10.13/lib/python3.10/site-packages/airflow/example_dags/example_short_circuit_decorator.py
[2024-04-23T22:50:22.211+0000] {processor.py:826} INFO - Processing file /usr/local/python/3.10.13/lib/python3.10/site-packages/airflow/example_dags/example_short_circuit_decorator.py for tasks to queue
[2024-04-23T22:50:22.211+0000] {logging_mixin.py:150} INFO - [2024-04-23T22:50:22.211+0000] {dagbag.py:541} INFO - Filling up the DagBag from /usr/local/python/3.10.13/lib/python3.10/site-packages/airflow/example_dags/example_short_circuit_decorator.py
[2024-04-23T22:50:22.220+0000] {processor.py:836} INFO - DAG(s) dict_keys(['example_short_circuit_decorator']) retrieved from /usr/local/python/3.10.13/lib/python3.10/site-packages/airflow/example_dags/example_short_circuit_decorator.py
[2024-04-23T22:50:22.236+0000] {logging_mixin.py:150} INFO - [2024-04-23T22:50:22.236+0000] {dag.py:2742} INFO - Sync 1 DAGs
[2024-04-23T22:50:22.252+0000] {logging_mixin.py:150} INFO - [2024-04-23T22:50:22.251+0000] {dag.py:3504} INFO - Setting next_dagrun for example_short_circuit_decorator to 2024-04-22T22:50:22.251741+00:00, run_after=2024-04-23T22:50:22.251741+00:00
[2024-04-23T22:50:22.294+0000] {processor.py:179} INFO - Processing /usr/local/python/3.10.13/lib/python3.10/site-packages/airflow/example_dags/example_short_circuit_decorator.py took 0.088 seconds
[2024-04-23T22:51:10.064+0000] {processor.py:157} INFO - Started process (PID=41812) to work on /usr/local/python/3.10.13/lib/python3.10/site-packages/airflow/example_dags/example_short_circuit_decorator.py
[2024-04-23T22:51:10.064+0000] {processor.py:826} INFO - Processing file /usr/local/python/3.10.13/lib/python3.10/site-packages/airflow/example_dags/example_short_circuit_decorator.py for tasks to queue
[2024-04-23T22:51:10.065+0000] {logging_mixin.py:150} INFO - [2024-04-23T22:51:10.065+0000] {dagbag.py:541} INFO - Filling up the DagBag from /usr/local/python/3.10.13/lib/python3.10/site-packages/airflow/example_dags/example_short_circuit_decorator.py
[2024-04-23T22:51:10.072+0000] {processor.py:836} INFO - DAG(s) dict_keys(['example_short_circuit_decorator']) retrieved from /usr/local/python/3.10.13/lib/python3.10/site-packages/airflow/example_dags/example_short_circuit_decorator.py
[2024-04-23T22:51:10.086+0000] {logging_mixin.py:150} INFO - [2024-04-23T22:51:10.086+0000] {dag.py:2742} INFO - Sync 1 DAGs
[2024-04-23T22:51:10.101+0000] {logging_mixin.py:150} INFO - [2024-04-23T22:51:10.101+0000] {dag.py:3504} INFO - Setting next_dagrun for example_short_circuit_decorator to 2024-04-22T22:51:10.101306+00:00, run_after=2024-04-23T22:51:10.101306+00:00
[2024-04-23T22:51:10.143+0000] {processor.py:179} INFO - Processing /usr/local/python/3.10.13/lib/python3.10/site-packages/airflow/example_dags/example_short_circuit_decorator.py took 0.081 seconds
[2024-04-23T22:52:03.164+0000] {processor.py:157} INFO - Started process (PID=42221) to work on /usr/local/python/3.10.13/lib/python3.10/site-packages/airflow/example_dags/example_short_circuit_decorator.py
[2024-04-23T22:52:03.165+0000] {processor.py:826} INFO - Processing file /usr/local/python/3.10.13/lib/python3.10/site-packages/airflow/example_dags/example_short_circuit_decorator.py for tasks to queue
[2024-04-23T22:52:03.166+0000] {logging_mixin.py:150} INFO - [2024-04-23T22:52:03.165+0000] {dagbag.py:541} INFO - Filling up the DagBag from /usr/local/python/3.10.13/lib/python3.10/site-packages/airflow/example_dags/example_short_circuit_decorator.py
[2024-04-23T22:52:03.173+0000] {processor.py:836} INFO - DAG(s) dict_keys(['example_short_circuit_decorator']) retrieved from /usr/local/python/3.10.13/lib/python3.10/site-packages/airflow/example_dags/example_short_circuit_decorator.py
[2024-04-23T22:52:03.187+0000] {logging_mixin.py:150} INFO - [2024-04-23T22:52:03.187+0000] {dag.py:2742} INFO - Sync 1 DAGs
[2024-04-23T22:52:03.203+0000] {logging_mixin.py:150} INFO - [2024-04-23T22:52:03.202+0000] {dag.py:3504} INFO - Setting next_dagrun for example_short_circuit_decorator to 2024-04-22T22:52:03.202736+00:00, run_after=2024-04-23T22:52:03.202736+00:00
[2024-04-23T22:52:03.247+0000] {processor.py:179} INFO - Processing /usr/local/python/3.10.13/lib/python3.10/site-packages/airflow/example_dags/example_short_circuit_decorator.py took 0.085 seconds
[2024-04-23T22:52:54.166+0000] {processor.py:157} INFO - Started process (PID=42604) to work on /usr/local/python/3.10.13/lib/python3.10/site-packages/airflow/example_dags/example_short_circuit_decorator.py
[2024-04-23T22:52:54.167+0000] {processor.py:826} INFO - Processing file /usr/local/python/3.10.13/lib/python3.10/site-packages/airflow/example_dags/example_short_circuit_decorator.py for tasks to queue
[2024-04-23T22:52:54.168+0000] {logging_mixin.py:150} INFO - [2024-04-23T22:52:54.167+0000] {dagbag.py:541} INFO - Filling up the DagBag from /usr/local/python/3.10.13/lib/python3.10/site-packages/airflow/example_dags/example_short_circuit_decorator.py
[2024-04-23T22:52:54.175+0000] {processor.py:836} INFO - DAG(s) dict_keys(['example_short_circuit_decorator']) retrieved from /usr/local/python/3.10.13/lib/python3.10/site-packages/airflow/example_dags/example_short_circuit_decorator.py
[2024-04-23T22:52:54.189+0000] {logging_mixin.py:150} INFO - [2024-04-23T22:52:54.189+0000] {dag.py:2742} INFO - Sync 1 DAGs
[2024-04-23T22:52:54.297+0000] {logging_mixin.py:150} INFO - [2024-04-23T22:52:54.297+0000] {dag.py:3504} INFO - Setting next_dagrun for example_short_circuit_decorator to 2024-04-22T22:52:54.296920+00:00, run_after=2024-04-23T22:52:54.296920+00:00
[2024-04-23T22:52:54.335+0000] {processor.py:179} INFO - Processing /usr/local/python/3.10.13/lib/python3.10/site-packages/airflow/example_dags/example_short_circuit_decorator.py took 0.171 seconds
[2024-04-23T22:53:32.131+0000] {processor.py:157} INFO - Started process (PID=42869) to work on /usr/local/python/3.10.13/lib/python3.10/site-packages/airflow/example_dags/example_short_circuit_decorator.py
[2024-04-23T22:53:32.132+0000] {processor.py:826} INFO - Processing file /usr/local/python/3.10.13/lib/python3.10/site-packages/airflow/example_dags/example_short_circuit_decorator.py for tasks to queue
[2024-04-23T22:53:32.132+0000] {logging_mixin.py:150} INFO - [2024-04-23T22:53:32.132+0000] {dagbag.py:541} INFO - Filling up the DagBag from /usr/local/python/3.10.13/lib/python3.10/site-packages/airflow/example_dags/example_short_circuit_decorator.py
[2024-04-23T22:53:32.140+0000] {processor.py:836} INFO - DAG(s) dict_keys(['example_short_circuit_decorator']) retrieved from /usr/local/python/3.10.13/lib/python3.10/site-packages/airflow/example_dags/example_short_circuit_decorator.py
[2024-04-23T22:53:32.154+0000] {logging_mixin.py:150} INFO - [2024-04-23T22:53:32.154+0000] {dag.py:2742} INFO - Sync 1 DAGs
[2024-04-23T22:53:32.170+0000] {logging_mixin.py:150} INFO - [2024-04-23T22:53:32.170+0000] {dag.py:3504} INFO - Setting next_dagrun for example_short_circuit_decorator to 2024-04-22T22:53:32.170246+00:00, run_after=2024-04-23T22:53:32.170246+00:00
[2024-04-23T22:53:32.212+0000] {processor.py:179} INFO - Processing /usr/local/python/3.10.13/lib/python3.10/site-packages/airflow/example_dags/example_short_circuit_decorator.py took 0.083 seconds
[2024-04-23T22:54:14.570+0000] {processor.py:157} INFO - Started process (PID=43160) to work on /usr/local/python/3.10.13/lib/python3.10/site-packages/airflow/example_dags/example_short_circuit_decorator.py
[2024-04-23T22:54:14.571+0000] {processor.py:826} INFO - Processing file /usr/local/python/3.10.13/lib/python3.10/site-packages/airflow/example_dags/example_short_circuit_decorator.py for tasks to queue
[2024-04-23T22:54:14.572+0000] {logging_mixin.py:150} INFO - [2024-04-23T22:54:14.571+0000] {dagbag.py:541} INFO - Filling up the DagBag from /usr/local/python/3.10.13/lib/python3.10/site-packages/airflow/example_dags/example_short_circuit_decorator.py
[2024-04-23T22:54:14.579+0000] {processor.py:836} INFO - DAG(s) dict_keys(['example_short_circuit_decorator']) retrieved from /usr/local/python/3.10.13/lib/python3.10/site-packages/airflow/example_dags/example_short_circuit_decorator.py
[2024-04-23T22:54:14.592+0000] {logging_mixin.py:150} INFO - [2024-04-23T22:54:14.592+0000] {dag.py:2742} INFO - Sync 1 DAGs
[2024-04-23T22:54:14.610+0000] {logging_mixin.py:150} INFO - [2024-04-23T22:54:14.609+0000] {dag.py:3504} INFO - Setting next_dagrun for example_short_circuit_decorator to 2024-04-22T22:54:14.609668+00:00, run_after=2024-04-23T22:54:14.609668+00:00
[2024-04-23T22:54:14.732+0000] {processor.py:179} INFO - Processing /usr/local/python/3.10.13/lib/python3.10/site-packages/airflow/example_dags/example_short_circuit_decorator.py took 0.164 seconds
[2024-04-23T22:54:56.322+0000] {processor.py:157} INFO - Started process (PID=43445) to work on /usr/local/python/3.10.13/lib/python3.10/site-packages/airflow/example_dags/example_short_circuit_decorator.py
[2024-04-23T22:54:56.323+0000] {processor.py:826} INFO - Processing file /usr/local/python/3.10.13/lib/python3.10/site-packages/airflow/example_dags/example_short_circuit_decorator.py for tasks to queue
[2024-04-23T22:54:56.324+0000] {logging_mixin.py:150} INFO - [2024-04-23T22:54:56.323+0000] {dagbag.py:541} INFO - Filling up the DagBag from /usr/local/python/3.10.13/lib/python3.10/site-packages/airflow/example_dags/example_short_circuit_decorator.py
[2024-04-23T22:54:56.331+0000] {processor.py:836} INFO - DAG(s) dict_keys(['example_short_circuit_decorator']) retrieved from /usr/local/python/3.10.13/lib/python3.10/site-packages/airflow/example_dags/example_short_circuit_decorator.py
[2024-04-23T22:54:56.345+0000] {logging_mixin.py:150} INFO - [2024-04-23T22:54:56.344+0000] {dag.py:2742} INFO - Sync 1 DAGs
[2024-04-23T22:54:56.360+0000] {logging_mixin.py:150} INFO - [2024-04-23T22:54:56.360+0000] {dag.py:3504} INFO - Setting next_dagrun for example_short_circuit_decorator to 2024-04-22T22:54:56.359874+00:00, run_after=2024-04-23T22:54:56.359874+00:00
[2024-04-23T22:54:56.397+0000] {processor.py:179} INFO - Processing /usr/local/python/3.10.13/lib/python3.10/site-packages/airflow/example_dags/example_short_circuit_decorator.py took 0.077 seconds
[2024-04-23T22:55:34.641+0000] {processor.py:157} INFO - Started process (PID=43720) to work on /usr/local/python/3.10.13/lib/python3.10/site-packages/airflow/example_dags/example_short_circuit_decorator.py
[2024-04-23T22:55:34.642+0000] {processor.py:826} INFO - Processing file /usr/local/python/3.10.13/lib/python3.10/site-packages/airflow/example_dags/example_short_circuit_decorator.py for tasks to queue
[2024-04-23T22:55:34.642+0000] {logging_mixin.py:150} INFO - [2024-04-23T22:55:34.642+0000] {dagbag.py:541} INFO - Filling up the DagBag from /usr/local/python/3.10.13/lib/python3.10/site-packages/airflow/example_dags/example_short_circuit_decorator.py
[2024-04-23T22:55:34.650+0000] {processor.py:836} INFO - DAG(s) dict_keys(['example_short_circuit_decorator']) retrieved from /usr/local/python/3.10.13/lib/python3.10/site-packages/airflow/example_dags/example_short_circuit_decorator.py
[2024-04-23T22:55:34.665+0000] {logging_mixin.py:150} INFO - [2024-04-23T22:55:34.665+0000] {dag.py:2742} INFO - Sync 1 DAGs
[2024-04-23T22:55:34.681+0000] {logging_mixin.py:150} INFO - [2024-04-23T22:55:34.681+0000] {dag.py:3504} INFO - Setting next_dagrun for example_short_circuit_decorator to 2024-04-22T22:55:34.681222+00:00, run_after=2024-04-23T22:55:34.681222+00:00
[2024-04-23T22:55:34.720+0000] {processor.py:179} INFO - Processing /usr/local/python/3.10.13/lib/python3.10/site-packages/airflow/example_dags/example_short_circuit_decorator.py took 0.081 seconds
[2024-04-23T22:56:13.626+0000] {processor.py:157} INFO - Started process (PID=43984) to work on /usr/local/python/3.10.13/lib/python3.10/site-packages/airflow/example_dags/example_short_circuit_decorator.py
[2024-04-23T22:56:13.627+0000] {processor.py:826} INFO - Processing file /usr/local/python/3.10.13/lib/python3.10/site-packages/airflow/example_dags/example_short_circuit_decorator.py for tasks to queue
[2024-04-23T22:56:13.627+0000] {logging_mixin.py:150} INFO - [2024-04-23T22:56:13.627+0000] {dagbag.py:541} INFO - Filling up the DagBag from /usr/local/python/3.10.13/lib/python3.10/site-packages/airflow/example_dags/example_short_circuit_decorator.py
[2024-04-23T22:56:13.634+0000] {processor.py:836} INFO - DAG(s) dict_keys(['example_short_circuit_decorator']) retrieved from /usr/local/python/3.10.13/lib/python3.10/site-packages/airflow/example_dags/example_short_circuit_decorator.py
[2024-04-23T22:56:13.648+0000] {logging_mixin.py:150} INFO - [2024-04-23T22:56:13.648+0000] {dag.py:2742} INFO - Sync 1 DAGs
[2024-04-23T22:56:13.663+0000] {logging_mixin.py:150} INFO - [2024-04-23T22:56:13.663+0000] {dag.py:3504} INFO - Setting next_dagrun for example_short_circuit_decorator to 2024-04-22T22:56:13.662848+00:00, run_after=2024-04-23T22:56:13.662848+00:00
[2024-04-23T22:56:13.700+0000] {processor.py:179} INFO - Processing /usr/local/python/3.10.13/lib/python3.10/site-packages/airflow/example_dags/example_short_circuit_decorator.py took 0.076 seconds
[2024-04-23T22:56:57.774+0000] {processor.py:157} INFO - Started process (PID=44325) to work on /usr/local/python/3.10.13/lib/python3.10/site-packages/airflow/example_dags/example_short_circuit_decorator.py
[2024-04-23T22:56:57.774+0000] {processor.py:826} INFO - Processing file /usr/local/python/3.10.13/lib/python3.10/site-packages/airflow/example_dags/example_short_circuit_decorator.py for tasks to queue
[2024-04-23T22:56:57.775+0000] {logging_mixin.py:150} INFO - [2024-04-23T22:56:57.775+0000] {dagbag.py:541} INFO - Filling up the DagBag from /usr/local/python/3.10.13/lib/python3.10/site-packages/airflow/example_dags/example_short_circuit_decorator.py
[2024-04-23T22:56:57.782+0000] {processor.py:836} INFO - DAG(s) dict_keys(['example_short_circuit_decorator']) retrieved from /usr/local/python/3.10.13/lib/python3.10/site-packages/airflow/example_dags/example_short_circuit_decorator.py
[2024-04-23T22:56:57.795+0000] {logging_mixin.py:150} INFO - [2024-04-23T22:56:57.795+0000] {dag.py:2742} INFO - Sync 1 DAGs
[2024-04-23T22:56:57.810+0000] {logging_mixin.py:150} INFO - [2024-04-23T22:56:57.810+0000] {dag.py:3504} INFO - Setting next_dagrun for example_short_circuit_decorator to 2024-04-22T22:56:57.810666+00:00, run_after=2024-04-23T22:56:57.810666+00:00
[2024-04-23T22:56:57.847+0000] {processor.py:179} INFO - Processing /usr/local/python/3.10.13/lib/python3.10/site-packages/airflow/example_dags/example_short_circuit_decorator.py took 0.075 seconds
[2024-04-23T22:57:39.789+0000] {processor.py:157} INFO - Started process (PID=44629) to work on /usr/local/python/3.10.13/lib/python3.10/site-packages/airflow/example_dags/example_short_circuit_decorator.py
[2024-04-23T22:57:39.789+0000] {processor.py:826} INFO - Processing file /usr/local/python/3.10.13/lib/python3.10/site-packages/airflow/example_dags/example_short_circuit_decorator.py for tasks to queue
[2024-04-23T22:57:39.790+0000] {logging_mixin.py:150} INFO - [2024-04-23T22:57:39.790+0000] {dagbag.py:541} INFO - Filling up the DagBag from /usr/local/python/3.10.13/lib/python3.10/site-packages/airflow/example_dags/example_short_circuit_decorator.py
[2024-04-23T22:57:39.797+0000] {processor.py:836} INFO - DAG(s) dict_keys(['example_short_circuit_decorator']) retrieved from /usr/local/python/3.10.13/lib/python3.10/site-packages/airflow/example_dags/example_short_circuit_decorator.py
[2024-04-23T22:57:39.810+0000] {logging_mixin.py:150} INFO - [2024-04-23T22:57:39.810+0000] {dag.py:2742} INFO - Sync 1 DAGs
[2024-04-23T22:57:39.825+0000] {logging_mixin.py:150} INFO - [2024-04-23T22:57:39.825+0000] {dag.py:3504} INFO - Setting next_dagrun for example_short_circuit_decorator to 2024-04-22T22:57:39.824828+00:00, run_after=2024-04-23T22:57:39.824828+00:00
[2024-04-23T22:57:39.862+0000] {processor.py:179} INFO - Processing /usr/local/python/3.10.13/lib/python3.10/site-packages/airflow/example_dags/example_short_circuit_decorator.py took 0.076 seconds
[2024-04-23T22:58:31.402+0000] {processor.py:157} INFO - Started process (PID=45023) to work on /usr/local/python/3.10.13/lib/python3.10/site-packages/airflow/example_dags/example_short_circuit_decorator.py
[2024-04-23T22:58:31.402+0000] {processor.py:826} INFO - Processing file /usr/local/python/3.10.13/lib/python3.10/site-packages/airflow/example_dags/example_short_circuit_decorator.py for tasks to queue
[2024-04-23T22:58:31.403+0000] {logging_mixin.py:150} INFO - [2024-04-23T22:58:31.403+0000] {dagbag.py:541} INFO - Filling up the DagBag from /usr/local/python/3.10.13/lib/python3.10/site-packages/airflow/example_dags/example_short_circuit_decorator.py
[2024-04-23T22:58:31.410+0000] {processor.py:836} INFO - DAG(s) dict_keys(['example_short_circuit_decorator']) retrieved from /usr/local/python/3.10.13/lib/python3.10/site-packages/airflow/example_dags/example_short_circuit_decorator.py
[2024-04-23T22:58:31.423+0000] {logging_mixin.py:150} INFO - [2024-04-23T22:58:31.423+0000] {dag.py:2742} INFO - Sync 1 DAGs
[2024-04-23T22:58:31.438+0000] {logging_mixin.py:150} INFO - [2024-04-23T22:58:31.438+0000] {dag.py:3504} INFO - Setting next_dagrun for example_short_circuit_decorator to 2024-04-22T22:58:31.438580+00:00, run_after=2024-04-23T22:58:31.438580+00:00
[2024-04-23T22:58:31.474+0000] {processor.py:179} INFO - Processing /usr/local/python/3.10.13/lib/python3.10/site-packages/airflow/example_dags/example_short_circuit_decorator.py took 0.075 seconds
[2024-04-23T22:59:21.153+0000] {processor.py:157} INFO - Started process (PID=45409) to work on /usr/local/python/3.10.13/lib/python3.10/site-packages/airflow/example_dags/example_short_circuit_decorator.py
[2024-04-23T22:59:21.154+0000] {processor.py:826} INFO - Processing file /usr/local/python/3.10.13/lib/python3.10/site-packages/airflow/example_dags/example_short_circuit_decorator.py for tasks to queue
[2024-04-23T22:59:21.155+0000] {logging_mixin.py:150} INFO - [2024-04-23T22:59:21.154+0000] {dagbag.py:541} INFO - Filling up the DagBag from /usr/local/python/3.10.13/lib/python3.10/site-packages/airflow/example_dags/example_short_circuit_decorator.py
[2024-04-23T22:59:21.163+0000] {processor.py:836} INFO - DAG(s) dict_keys(['example_short_circuit_decorator']) retrieved from /usr/local/python/3.10.13/lib/python3.10/site-packages/airflow/example_dags/example_short_circuit_decorator.py
[2024-04-23T22:59:21.178+0000] {logging_mixin.py:150} INFO - [2024-04-23T22:59:21.178+0000] {dag.py:2742} INFO - Sync 1 DAGs
[2024-04-23T22:59:21.193+0000] {logging_mixin.py:150} INFO - [2024-04-23T22:59:21.193+0000] {dag.py:3504} INFO - Setting next_dagrun for example_short_circuit_decorator to 2024-04-22T22:59:21.193502+00:00, run_after=2024-04-23T22:59:21.193502+00:00
[2024-04-23T22:59:21.230+0000] {processor.py:179} INFO - Processing /usr/local/python/3.10.13/lib/python3.10/site-packages/airflow/example_dags/example_short_circuit_decorator.py took 0.081 seconds
[2024-04-23T23:00:11.664+0000] {processor.py:157} INFO - Started process (PID=45827) to work on /usr/local/python/3.10.13/lib/python3.10/site-packages/airflow/example_dags/example_short_circuit_decorator.py
[2024-04-23T23:00:11.665+0000] {processor.py:826} INFO - Processing file /usr/local/python/3.10.13/lib/python3.10/site-packages/airflow/example_dags/example_short_circuit_decorator.py for tasks to queue
[2024-04-23T23:00:11.666+0000] {logging_mixin.py:150} INFO - [2024-04-23T23:00:11.665+0000] {dagbag.py:541} INFO - Filling up the DagBag from /usr/local/python/3.10.13/lib/python3.10/site-packages/airflow/example_dags/example_short_circuit_decorator.py
[2024-04-23T23:00:11.673+0000] {processor.py:836} INFO - DAG(s) dict_keys(['example_short_circuit_decorator']) retrieved from /usr/local/python/3.10.13/lib/python3.10/site-packages/airflow/example_dags/example_short_circuit_decorator.py
[2024-04-23T23:00:11.687+0000] {logging_mixin.py:150} INFO - [2024-04-23T23:00:11.687+0000] {dag.py:2742} INFO - Sync 1 DAGs
[2024-04-23T23:00:11.702+0000] {logging_mixin.py:150} INFO - [2024-04-23T23:00:11.702+0000] {dag.py:3504} INFO - Setting next_dagrun for example_short_circuit_decorator to 2024-04-22T23:00:11.702319+00:00, run_after=2024-04-23T23:00:11.702319+00:00
[2024-04-23T23:00:11.744+0000] {processor.py:179} INFO - Processing /usr/local/python/3.10.13/lib/python3.10/site-packages/airflow/example_dags/example_short_circuit_decorator.py took 0.082 seconds
