[2024-04-23T22:23:29.215+0000] {processor.py:157} INFO - Started process (PID=28696) to work on /usr/local/python/3.10.13/lib/python3.10/site-packages/airflow/example_dags/example_sensors.py
[2024-04-23T22:23:29.215+0000] {processor.py:826} INFO - Processing file /usr/local/python/3.10.13/lib/python3.10/site-packages/airflow/example_dags/example_sensors.py for tasks to queue
[2024-04-23T22:23:29.216+0000] {logging_mixin.py:150} INFO - [2024-04-23T22:23:29.215+0000] {dagbag.py:541} INFO - Filling up the DagBag from /usr/local/python/3.10.13/lib/python3.10/site-packages/airflow/example_dags/example_sensors.py
[2024-04-23T22:23:29.223+0000] {processor.py:836} INFO - DAG(s) dict_keys(['example_sensors']) retrieved from /usr/local/python/3.10.13/lib/python3.10/site-packages/airflow/example_dags/example_sensors.py
[2024-04-23T22:23:29.360+0000] {logging_mixin.py:150} INFO - [2024-04-23T22:23:29.360+0000] {manager.py:504} INFO - Created Permission View: can delete on DAG:example_sensors
[2024-04-23T22:23:29.394+0000] {logging_mixin.py:150} INFO - [2024-04-23T22:23:29.394+0000] {manager.py:504} INFO - Created Permission View: can edit on DAG:example_sensors
[2024-04-23T22:23:29.421+0000] {logging_mixin.py:150} INFO - [2024-04-23T22:23:29.421+0000] {manager.py:504} INFO - Created Permission View: can read on DAG:example_sensors
[2024-04-23T22:23:29.430+0000] {logging_mixin.py:150} INFO - [2024-04-23T22:23:29.430+0000] {dag.py:2742} INFO - Sync 1 DAGs
[2024-04-23T22:23:29.437+0000] {logging_mixin.py:150} INFO - [2024-04-23T22:23:29.437+0000] {dag.py:2763} INFO - Creating ORM DAG for example_sensors
[2024-04-23T22:23:29.443+0000] {logging_mixin.py:150} INFO - [2024-04-23T22:23:29.443+0000] {dag.py:3504} INFO - Setting next_dagrun for example_sensors to None, run_after=None
[2024-04-23T22:23:29.489+0000] {processor.py:179} INFO - Processing /usr/local/python/3.10.13/lib/python3.10/site-packages/airflow/example_dags/example_sensors.py took 0.277 seconds
[2024-04-23T22:24:23.118+0000] {processor.py:157} INFO - Started process (PID=29076) to work on /usr/local/python/3.10.13/lib/python3.10/site-packages/airflow/example_dags/example_sensors.py
[2024-04-23T22:24:23.118+0000] {processor.py:826} INFO - Processing file /usr/local/python/3.10.13/lib/python3.10/site-packages/airflow/example_dags/example_sensors.py for tasks to queue
[2024-04-23T22:24:23.119+0000] {logging_mixin.py:150} INFO - [2024-04-23T22:24:23.119+0000] {dagbag.py:541} INFO - Filling up the DagBag from /usr/local/python/3.10.13/lib/python3.10/site-packages/airflow/example_dags/example_sensors.py
[2024-04-23T22:24:23.126+0000] {processor.py:836} INFO - DAG(s) dict_keys(['example_sensors']) retrieved from /usr/local/python/3.10.13/lib/python3.10/site-packages/airflow/example_dags/example_sensors.py
[2024-04-23T22:24:23.141+0000] {logging_mixin.py:150} INFO - [2024-04-23T22:24:23.141+0000] {dag.py:2742} INFO - Sync 1 DAGs
[2024-04-23T22:24:23.157+0000] {logging_mixin.py:150} INFO - [2024-04-23T22:24:23.157+0000] {dag.py:3504} INFO - Setting next_dagrun for example_sensors to None, run_after=None
[2024-04-23T22:24:23.196+0000] {processor.py:179} INFO - Processing /usr/local/python/3.10.13/lib/python3.10/site-packages/airflow/example_dags/example_sensors.py took 0.080 seconds
[2024-04-23T22:25:09.258+0000] {processor.py:157} INFO - Started process (PID=29390) to work on /usr/local/python/3.10.13/lib/python3.10/site-packages/airflow/example_dags/example_sensors.py
[2024-04-23T22:25:09.259+0000] {processor.py:826} INFO - Processing file /usr/local/python/3.10.13/lib/python3.10/site-packages/airflow/example_dags/example_sensors.py for tasks to queue
[2024-04-23T22:25:09.260+0000] {logging_mixin.py:150} INFO - [2024-04-23T22:25:09.259+0000] {dagbag.py:541} INFO - Filling up the DagBag from /usr/local/python/3.10.13/lib/python3.10/site-packages/airflow/example_dags/example_sensors.py
[2024-04-23T22:25:09.268+0000] {processor.py:836} INFO - DAG(s) dict_keys(['example_sensors']) retrieved from /usr/local/python/3.10.13/lib/python3.10/site-packages/airflow/example_dags/example_sensors.py
[2024-04-23T22:25:09.283+0000] {logging_mixin.py:150} INFO - [2024-04-23T22:25:09.283+0000] {dag.py:2742} INFO - Sync 1 DAGs
[2024-04-23T22:25:09.297+0000] {logging_mixin.py:150} INFO - [2024-04-23T22:25:09.297+0000] {dag.py:3504} INFO - Setting next_dagrun for example_sensors to None, run_after=None
[2024-04-23T22:25:09.336+0000] {processor.py:179} INFO - Processing /usr/local/python/3.10.13/lib/python3.10/site-packages/airflow/example_dags/example_sensors.py took 0.080 seconds
[2024-04-23T22:25:57.978+0000] {processor.py:157} INFO - Started process (PID=29734) to work on /usr/local/python/3.10.13/lib/python3.10/site-packages/airflow/example_dags/example_sensors.py
[2024-04-23T22:25:57.979+0000] {processor.py:826} INFO - Processing file /usr/local/python/3.10.13/lib/python3.10/site-packages/airflow/example_dags/example_sensors.py for tasks to queue
[2024-04-23T22:25:57.979+0000] {logging_mixin.py:150} INFO - [2024-04-23T22:25:57.979+0000] {dagbag.py:541} INFO - Filling up the DagBag from /usr/local/python/3.10.13/lib/python3.10/site-packages/airflow/example_dags/example_sensors.py
[2024-04-23T22:25:57.987+0000] {processor.py:836} INFO - DAG(s) dict_keys(['example_sensors']) retrieved from /usr/local/python/3.10.13/lib/python3.10/site-packages/airflow/example_dags/example_sensors.py
[2024-04-23T22:25:58.004+0000] {logging_mixin.py:150} INFO - [2024-04-23T22:25:58.004+0000] {dag.py:2742} INFO - Sync 1 DAGs
[2024-04-23T22:25:58.020+0000] {logging_mixin.py:150} INFO - [2024-04-23T22:25:58.020+0000] {dag.py:3504} INFO - Setting next_dagrun for example_sensors to None, run_after=None
[2024-04-23T22:25:58.059+0000] {processor.py:179} INFO - Processing /usr/local/python/3.10.13/lib/python3.10/site-packages/airflow/example_dags/example_sensors.py took 0.083 seconds
[2024-04-23T22:26:44.790+0000] {processor.py:157} INFO - Started process (PID=30044) to work on /usr/local/python/3.10.13/lib/python3.10/site-packages/airflow/example_dags/example_sensors.py
[2024-04-23T22:26:44.790+0000] {processor.py:826} INFO - Processing file /usr/local/python/3.10.13/lib/python3.10/site-packages/airflow/example_dags/example_sensors.py for tasks to queue
[2024-04-23T22:26:44.791+0000] {logging_mixin.py:150} INFO - [2024-04-23T22:26:44.791+0000] {dagbag.py:541} INFO - Filling up the DagBag from /usr/local/python/3.10.13/lib/python3.10/site-packages/airflow/example_dags/example_sensors.py
[2024-04-23T22:26:44.799+0000] {processor.py:836} INFO - DAG(s) dict_keys(['example_sensors']) retrieved from /usr/local/python/3.10.13/lib/python3.10/site-packages/airflow/example_dags/example_sensors.py
[2024-04-23T22:26:44.814+0000] {logging_mixin.py:150} INFO - [2024-04-23T22:26:44.814+0000] {dag.py:2742} INFO - Sync 1 DAGs
[2024-04-23T22:26:44.829+0000] {logging_mixin.py:150} INFO - [2024-04-23T22:26:44.828+0000] {dag.py:3504} INFO - Setting next_dagrun for example_sensors to None, run_after=None
[2024-04-23T22:26:44.869+0000] {processor.py:179} INFO - Processing /usr/local/python/3.10.13/lib/python3.10/site-packages/airflow/example_dags/example_sensors.py took 0.081 seconds
[2024-04-23T22:27:31.432+0000] {processor.py:157} INFO - Started process (PID=30467) to work on /usr/local/python/3.10.13/lib/python3.10/site-packages/airflow/example_dags/example_sensors.py
[2024-04-23T22:27:31.433+0000] {processor.py:826} INFO - Processing file /usr/local/python/3.10.13/lib/python3.10/site-packages/airflow/example_dags/example_sensors.py for tasks to queue
[2024-04-23T22:27:31.434+0000] {logging_mixin.py:150} INFO - [2024-04-23T22:27:31.433+0000] {dagbag.py:541} INFO - Filling up the DagBag from /usr/local/python/3.10.13/lib/python3.10/site-packages/airflow/example_dags/example_sensors.py
[2024-04-23T22:27:31.441+0000] {processor.py:836} INFO - DAG(s) dict_keys(['example_sensors']) retrieved from /usr/local/python/3.10.13/lib/python3.10/site-packages/airflow/example_dags/example_sensors.py
[2024-04-23T22:27:31.457+0000] {logging_mixin.py:150} INFO - [2024-04-23T22:27:31.457+0000] {dag.py:2742} INFO - Sync 1 DAGs
[2024-04-23T22:27:31.472+0000] {logging_mixin.py:150} INFO - [2024-04-23T22:27:31.472+0000] {dag.py:3504} INFO - Setting next_dagrun for example_sensors to None, run_after=None
[2024-04-23T22:27:31.514+0000] {processor.py:179} INFO - Processing /usr/local/python/3.10.13/lib/python3.10/site-packages/airflow/example_dags/example_sensors.py took 0.083 seconds
[2024-04-23T22:28:19.105+0000] {processor.py:157} INFO - Started process (PID=30957) to work on /usr/local/python/3.10.13/lib/python3.10/site-packages/airflow/example_dags/example_sensors.py
[2024-04-23T22:28:19.106+0000] {processor.py:826} INFO - Processing file /usr/local/python/3.10.13/lib/python3.10/site-packages/airflow/example_dags/example_sensors.py for tasks to queue
[2024-04-23T22:28:19.106+0000] {logging_mixin.py:150} INFO - [2024-04-23T22:28:19.106+0000] {dagbag.py:541} INFO - Filling up the DagBag from /usr/local/python/3.10.13/lib/python3.10/site-packages/airflow/example_dags/example_sensors.py
[2024-04-23T22:28:19.113+0000] {processor.py:836} INFO - DAG(s) dict_keys(['example_sensors']) retrieved from /usr/local/python/3.10.13/lib/python3.10/site-packages/airflow/example_dags/example_sensors.py
[2024-04-23T22:28:19.128+0000] {logging_mixin.py:150} INFO - [2024-04-23T22:28:19.128+0000] {dag.py:2742} INFO - Sync 1 DAGs
[2024-04-23T22:28:19.143+0000] {logging_mixin.py:150} INFO - [2024-04-23T22:28:19.143+0000] {dag.py:3504} INFO - Setting next_dagrun for example_sensors to None, run_after=None
[2024-04-23T22:28:19.181+0000] {processor.py:179} INFO - Processing /usr/local/python/3.10.13/lib/python3.10/site-packages/airflow/example_dags/example_sensors.py took 0.078 seconds
[2024-04-23T22:29:05.786+0000] {processor.py:157} INFO - Started process (PID=31722) to work on /usr/local/python/3.10.13/lib/python3.10/site-packages/airflow/example_dags/example_sensors.py
[2024-04-23T22:29:05.787+0000] {processor.py:826} INFO - Processing file /usr/local/python/3.10.13/lib/python3.10/site-packages/airflow/example_dags/example_sensors.py for tasks to queue
[2024-04-23T22:29:05.788+0000] {logging_mixin.py:150} INFO - [2024-04-23T22:29:05.787+0000] {dagbag.py:541} INFO - Filling up the DagBag from /usr/local/python/3.10.13/lib/python3.10/site-packages/airflow/example_dags/example_sensors.py
[2024-04-23T22:29:05.795+0000] {processor.py:836} INFO - DAG(s) dict_keys(['example_sensors']) retrieved from /usr/local/python/3.10.13/lib/python3.10/site-packages/airflow/example_dags/example_sensors.py
[2024-04-23T22:29:05.810+0000] {logging_mixin.py:150} INFO - [2024-04-23T22:29:05.810+0000] {dag.py:2742} INFO - Sync 1 DAGs
[2024-04-23T22:29:05.824+0000] {logging_mixin.py:150} INFO - [2024-04-23T22:29:05.824+0000] {dag.py:3504} INFO - Setting next_dagrun for example_sensors to None, run_after=None
[2024-04-23T22:29:05.865+0000] {processor.py:179} INFO - Processing /usr/local/python/3.10.13/lib/python3.10/site-packages/airflow/example_dags/example_sensors.py took 0.081 seconds
[2024-04-23T22:29:54.891+0000] {processor.py:157} INFO - Started process (PID=32098) to work on /usr/local/python/3.10.13/lib/python3.10/site-packages/airflow/example_dags/example_sensors.py
[2024-04-23T22:29:54.892+0000] {processor.py:826} INFO - Processing file /usr/local/python/3.10.13/lib/python3.10/site-packages/airflow/example_dags/example_sensors.py for tasks to queue
[2024-04-23T22:29:54.892+0000] {logging_mixin.py:150} INFO - [2024-04-23T22:29:54.892+0000] {dagbag.py:541} INFO - Filling up the DagBag from /usr/local/python/3.10.13/lib/python3.10/site-packages/airflow/example_dags/example_sensors.py
[2024-04-23T22:29:54.900+0000] {processor.py:836} INFO - DAG(s) dict_keys(['example_sensors']) retrieved from /usr/local/python/3.10.13/lib/python3.10/site-packages/airflow/example_dags/example_sensors.py
[2024-04-23T22:29:54.916+0000] {logging_mixin.py:150} INFO - [2024-04-23T22:29:54.916+0000] {dag.py:2742} INFO - Sync 1 DAGs
[2024-04-23T22:29:54.932+0000] {logging_mixin.py:150} INFO - [2024-04-23T22:29:54.931+0000] {dag.py:3504} INFO - Setting next_dagrun for example_sensors to None, run_after=None
[2024-04-23T22:29:54.970+0000] {processor.py:179} INFO - Processing /usr/local/python/3.10.13/lib/python3.10/site-packages/airflow/example_dags/example_sensors.py took 0.081 seconds
[2024-04-23T22:30:46.747+0000] {processor.py:157} INFO - Started process (PID=32498) to work on /usr/local/python/3.10.13/lib/python3.10/site-packages/airflow/example_dags/example_sensors.py
[2024-04-23T22:30:46.747+0000] {processor.py:826} INFO - Processing file /usr/local/python/3.10.13/lib/python3.10/site-packages/airflow/example_dags/example_sensors.py for tasks to queue
[2024-04-23T22:30:46.748+0000] {logging_mixin.py:150} INFO - [2024-04-23T22:30:46.748+0000] {dagbag.py:541} INFO - Filling up the DagBag from /usr/local/python/3.10.13/lib/python3.10/site-packages/airflow/example_dags/example_sensors.py
[2024-04-23T22:30:46.755+0000] {processor.py:836} INFO - DAG(s) dict_keys(['example_sensors']) retrieved from /usr/local/python/3.10.13/lib/python3.10/site-packages/airflow/example_dags/example_sensors.py
[2024-04-23T22:30:46.770+0000] {logging_mixin.py:150} INFO - [2024-04-23T22:30:46.770+0000] {dag.py:2742} INFO - Sync 1 DAGs
[2024-04-23T22:30:46.784+0000] {logging_mixin.py:150} INFO - [2024-04-23T22:30:46.784+0000] {dag.py:3504} INFO - Setting next_dagrun for example_sensors to None, run_after=None
[2024-04-23T22:30:46.822+0000] {processor.py:179} INFO - Processing /usr/local/python/3.10.13/lib/python3.10/site-packages/airflow/example_dags/example_sensors.py took 0.077 seconds
[2024-04-23T22:31:40.700+0000] {processor.py:157} INFO - Started process (PID=32911) to work on /usr/local/python/3.10.13/lib/python3.10/site-packages/airflow/example_dags/example_sensors.py
[2024-04-23T22:31:40.700+0000] {processor.py:826} INFO - Processing file /usr/local/python/3.10.13/lib/python3.10/site-packages/airflow/example_dags/example_sensors.py for tasks to queue
[2024-04-23T22:31:40.701+0000] {logging_mixin.py:150} INFO - [2024-04-23T22:31:40.701+0000] {dagbag.py:541} INFO - Filling up the DagBag from /usr/local/python/3.10.13/lib/python3.10/site-packages/airflow/example_dags/example_sensors.py
[2024-04-23T22:31:40.708+0000] {processor.py:836} INFO - DAG(s) dict_keys(['example_sensors']) retrieved from /usr/local/python/3.10.13/lib/python3.10/site-packages/airflow/example_dags/example_sensors.py
[2024-04-23T22:31:40.724+0000] {logging_mixin.py:150} INFO - [2024-04-23T22:31:40.723+0000] {dag.py:2742} INFO - Sync 1 DAGs
[2024-04-23T22:31:40.739+0000] {logging_mixin.py:150} INFO - [2024-04-23T22:31:40.739+0000] {dag.py:3504} INFO - Setting next_dagrun for example_sensors to None, run_after=None
[2024-04-23T22:31:40.777+0000] {processor.py:179} INFO - Processing /usr/local/python/3.10.13/lib/python3.10/site-packages/airflow/example_dags/example_sensors.py took 0.079 seconds
[2024-04-23T22:32:33.376+0000] {processor.py:157} INFO - Started process (PID=33298) to work on /usr/local/python/3.10.13/lib/python3.10/site-packages/airflow/example_dags/example_sensors.py
[2024-04-23T22:32:33.377+0000] {processor.py:826} INFO - Processing file /usr/local/python/3.10.13/lib/python3.10/site-packages/airflow/example_dags/example_sensors.py for tasks to queue
[2024-04-23T22:32:33.377+0000] {logging_mixin.py:150} INFO - [2024-04-23T22:32:33.377+0000] {dagbag.py:541} INFO - Filling up the DagBag from /usr/local/python/3.10.13/lib/python3.10/site-packages/airflow/example_dags/example_sensors.py
[2024-04-23T22:32:33.385+0000] {processor.py:836} INFO - DAG(s) dict_keys(['example_sensors']) retrieved from /usr/local/python/3.10.13/lib/python3.10/site-packages/airflow/example_dags/example_sensors.py
[2024-04-23T22:32:33.399+0000] {logging_mixin.py:150} INFO - [2024-04-23T22:32:33.399+0000] {dag.py:2742} INFO - Sync 1 DAGs
[2024-04-23T22:32:33.414+0000] {logging_mixin.py:150} INFO - [2024-04-23T22:32:33.414+0000] {dag.py:3504} INFO - Setting next_dagrun for example_sensors to None, run_after=None
[2024-04-23T22:32:33.451+0000] {processor.py:179} INFO - Processing /usr/local/python/3.10.13/lib/python3.10/site-packages/airflow/example_dags/example_sensors.py took 0.077 seconds
[2024-04-23T22:33:21.007+0000] {processor.py:157} INFO - Started process (PID=33658) to work on /usr/local/python/3.10.13/lib/python3.10/site-packages/airflow/example_dags/example_sensors.py
[2024-04-23T22:33:21.008+0000] {processor.py:826} INFO - Processing file /usr/local/python/3.10.13/lib/python3.10/site-packages/airflow/example_dags/example_sensors.py for tasks to queue
[2024-04-23T22:33:21.009+0000] {logging_mixin.py:150} INFO - [2024-04-23T22:33:21.009+0000] {dagbag.py:541} INFO - Filling up the DagBag from /usr/local/python/3.10.13/lib/python3.10/site-packages/airflow/example_dags/example_sensors.py
[2024-04-23T22:33:21.016+0000] {processor.py:836} INFO - DAG(s) dict_keys(['example_sensors']) retrieved from /usr/local/python/3.10.13/lib/python3.10/site-packages/airflow/example_dags/example_sensors.py
[2024-04-23T22:33:21.032+0000] {logging_mixin.py:150} INFO - [2024-04-23T22:33:21.031+0000] {dag.py:2742} INFO - Sync 1 DAGs
[2024-04-23T22:33:21.048+0000] {logging_mixin.py:150} INFO - [2024-04-23T22:33:21.048+0000] {dag.py:3504} INFO - Setting next_dagrun for example_sensors to None, run_after=None
[2024-04-23T22:33:21.088+0000] {processor.py:179} INFO - Processing /usr/local/python/3.10.13/lib/python3.10/site-packages/airflow/example_dags/example_sensors.py took 0.083 seconds
[2024-04-23T22:34:15.600+0000] {processor.py:157} INFO - Started process (PID=34074) to work on /usr/local/python/3.10.13/lib/python3.10/site-packages/airflow/example_dags/example_sensors.py
[2024-04-23T22:34:15.600+0000] {processor.py:826} INFO - Processing file /usr/local/python/3.10.13/lib/python3.10/site-packages/airflow/example_dags/example_sensors.py for tasks to queue
[2024-04-23T22:34:15.601+0000] {logging_mixin.py:150} INFO - [2024-04-23T22:34:15.601+0000] {dagbag.py:541} INFO - Filling up the DagBag from /usr/local/python/3.10.13/lib/python3.10/site-packages/airflow/example_dags/example_sensors.py
[2024-04-23T22:34:15.608+0000] {processor.py:836} INFO - DAG(s) dict_keys(['example_sensors']) retrieved from /usr/local/python/3.10.13/lib/python3.10/site-packages/airflow/example_dags/example_sensors.py
[2024-04-23T22:34:15.623+0000] {logging_mixin.py:150} INFO - [2024-04-23T22:34:15.623+0000] {dag.py:2742} INFO - Sync 1 DAGs
[2024-04-23T22:34:15.638+0000] {logging_mixin.py:150} INFO - [2024-04-23T22:34:15.638+0000] {dag.py:3504} INFO - Setting next_dagrun for example_sensors to None, run_after=None
[2024-04-23T22:34:15.676+0000] {processor.py:179} INFO - Processing /usr/local/python/3.10.13/lib/python3.10/site-packages/airflow/example_dags/example_sensors.py took 0.079 seconds
[2024-04-23T22:35:06.814+0000] {processor.py:157} INFO - Started process (PID=34557) to work on /usr/local/python/3.10.13/lib/python3.10/site-packages/airflow/example_dags/example_sensors.py
[2024-04-23T22:35:06.815+0000] {processor.py:826} INFO - Processing file /usr/local/python/3.10.13/lib/python3.10/site-packages/airflow/example_dags/example_sensors.py for tasks to queue
[2024-04-23T22:35:06.815+0000] {logging_mixin.py:150} INFO - [2024-04-23T22:35:06.815+0000] {dagbag.py:541} INFO - Filling up the DagBag from /usr/local/python/3.10.13/lib/python3.10/site-packages/airflow/example_dags/example_sensors.py
[2024-04-23T22:35:06.823+0000] {processor.py:836} INFO - DAG(s) dict_keys(['example_sensors']) retrieved from /usr/local/python/3.10.13/lib/python3.10/site-packages/airflow/example_dags/example_sensors.py
[2024-04-23T22:35:06.838+0000] {logging_mixin.py:150} INFO - [2024-04-23T22:35:06.838+0000] {dag.py:2742} INFO - Sync 1 DAGs
[2024-04-23T22:35:06.853+0000] {logging_mixin.py:150} INFO - [2024-04-23T22:35:06.853+0000] {dag.py:3504} INFO - Setting next_dagrun for example_sensors to None, run_after=None
[2024-04-23T22:35:06.907+0000] {processor.py:179} INFO - Processing /usr/local/python/3.10.13/lib/python3.10/site-packages/airflow/example_dags/example_sensors.py took 0.095 seconds
[2024-04-23T22:35:57.345+0000] {processor.py:157} INFO - Started process (PID=34949) to work on /usr/local/python/3.10.13/lib/python3.10/site-packages/airflow/example_dags/example_sensors.py
[2024-04-23T22:35:57.346+0000] {processor.py:826} INFO - Processing file /usr/local/python/3.10.13/lib/python3.10/site-packages/airflow/example_dags/example_sensors.py for tasks to queue
[2024-04-23T22:35:57.346+0000] {logging_mixin.py:150} INFO - [2024-04-23T22:35:57.346+0000] {dagbag.py:541} INFO - Filling up the DagBag from /usr/local/python/3.10.13/lib/python3.10/site-packages/airflow/example_dags/example_sensors.py
[2024-04-23T22:35:57.357+0000] {processor.py:836} INFO - DAG(s) dict_keys(['example_sensors']) retrieved from /usr/local/python/3.10.13/lib/python3.10/site-packages/airflow/example_dags/example_sensors.py
[2024-04-23T22:35:57.375+0000] {logging_mixin.py:150} INFO - [2024-04-23T22:35:57.375+0000] {dag.py:2742} INFO - Sync 1 DAGs
[2024-04-23T22:35:57.397+0000] {logging_mixin.py:150} INFO - [2024-04-23T22:35:57.397+0000] {dag.py:3504} INFO - Setting next_dagrun for example_sensors to None, run_after=None
[2024-04-23T22:35:57.440+0000] {processor.py:179} INFO - Processing /usr/local/python/3.10.13/lib/python3.10/site-packages/airflow/example_dags/example_sensors.py took 0.098 seconds
[2024-04-23T22:36:49.397+0000] {processor.py:157} INFO - Started process (PID=35355) to work on /usr/local/python/3.10.13/lib/python3.10/site-packages/airflow/example_dags/example_sensors.py
[2024-04-23T22:36:49.398+0000] {processor.py:826} INFO - Processing file /usr/local/python/3.10.13/lib/python3.10/site-packages/airflow/example_dags/example_sensors.py for tasks to queue
[2024-04-23T22:36:49.399+0000] {logging_mixin.py:150} INFO - [2024-04-23T22:36:49.398+0000] {dagbag.py:541} INFO - Filling up the DagBag from /usr/local/python/3.10.13/lib/python3.10/site-packages/airflow/example_dags/example_sensors.py
[2024-04-23T22:36:49.410+0000] {processor.py:836} INFO - DAG(s) dict_keys(['example_sensors']) retrieved from /usr/local/python/3.10.13/lib/python3.10/site-packages/airflow/example_dags/example_sensors.py
[2024-04-23T22:36:49.426+0000] {logging_mixin.py:150} INFO - [2024-04-23T22:36:49.425+0000] {dag.py:2742} INFO - Sync 1 DAGs
[2024-04-23T22:36:49.441+0000] {logging_mixin.py:150} INFO - [2024-04-23T22:36:49.441+0000] {dag.py:3504} INFO - Setting next_dagrun for example_sensors to None, run_after=None
[2024-04-23T22:36:49.481+0000] {processor.py:179} INFO - Processing /usr/local/python/3.10.13/lib/python3.10/site-packages/airflow/example_dags/example_sensors.py took 0.087 seconds
[2024-04-23T22:37:30.620+0000] {processor.py:157} INFO - Started process (PID=35660) to work on /usr/local/python/3.10.13/lib/python3.10/site-packages/airflow/example_dags/example_sensors.py
[2024-04-23T22:37:30.621+0000] {processor.py:826} INFO - Processing file /usr/local/python/3.10.13/lib/python3.10/site-packages/airflow/example_dags/example_sensors.py for tasks to queue
[2024-04-23T22:37:30.621+0000] {logging_mixin.py:150} INFO - [2024-04-23T22:37:30.621+0000] {dagbag.py:541} INFO - Filling up the DagBag from /usr/local/python/3.10.13/lib/python3.10/site-packages/airflow/example_dags/example_sensors.py
[2024-04-23T22:37:30.629+0000] {processor.py:836} INFO - DAG(s) dict_keys(['example_sensors']) retrieved from /usr/local/python/3.10.13/lib/python3.10/site-packages/airflow/example_dags/example_sensors.py
[2024-04-23T22:37:30.644+0000] {logging_mixin.py:150} INFO - [2024-04-23T22:37:30.644+0000] {dag.py:2742} INFO - Sync 1 DAGs
[2024-04-23T22:37:30.658+0000] {logging_mixin.py:150} INFO - [2024-04-23T22:37:30.658+0000] {dag.py:3504} INFO - Setting next_dagrun for example_sensors to None, run_after=None
[2024-04-23T22:37:30.696+0000] {processor.py:179} INFO - Processing /usr/local/python/3.10.13/lib/python3.10/site-packages/airflow/example_dags/example_sensors.py took 0.078 seconds
[2024-04-23T22:38:20.580+0000] {processor.py:157} INFO - Started process (PID=36036) to work on /usr/local/python/3.10.13/lib/python3.10/site-packages/airflow/example_dags/example_sensors.py
[2024-04-23T22:38:20.581+0000] {processor.py:826} INFO - Processing file /usr/local/python/3.10.13/lib/python3.10/site-packages/airflow/example_dags/example_sensors.py for tasks to queue
[2024-04-23T22:38:20.582+0000] {logging_mixin.py:150} INFO - [2024-04-23T22:38:20.582+0000] {dagbag.py:541} INFO - Filling up the DagBag from /usr/local/python/3.10.13/lib/python3.10/site-packages/airflow/example_dags/example_sensors.py
[2024-04-23T22:38:20.592+0000] {processor.py:836} INFO - DAG(s) dict_keys(['example_sensors']) retrieved from /usr/local/python/3.10.13/lib/python3.10/site-packages/airflow/example_dags/example_sensors.py
[2024-04-23T22:38:20.611+0000] {logging_mixin.py:150} INFO - [2024-04-23T22:38:20.611+0000] {dag.py:2742} INFO - Sync 1 DAGs
[2024-04-23T22:38:20.628+0000] {logging_mixin.py:150} INFO - [2024-04-23T22:38:20.628+0000] {dag.py:3504} INFO - Setting next_dagrun for example_sensors to None, run_after=None
[2024-04-23T22:38:20.666+0000] {processor.py:179} INFO - Processing /usr/local/python/3.10.13/lib/python3.10/site-packages/airflow/example_dags/example_sensors.py took 0.088 seconds
[2024-04-23T22:39:11.392+0000] {processor.py:157} INFO - Started process (PID=36434) to work on /usr/local/python/3.10.13/lib/python3.10/site-packages/airflow/example_dags/example_sensors.py
[2024-04-23T22:39:11.393+0000] {processor.py:826} INFO - Processing file /usr/local/python/3.10.13/lib/python3.10/site-packages/airflow/example_dags/example_sensors.py for tasks to queue
[2024-04-23T22:39:11.394+0000] {logging_mixin.py:150} INFO - [2024-04-23T22:39:11.393+0000] {dagbag.py:541} INFO - Filling up the DagBag from /usr/local/python/3.10.13/lib/python3.10/site-packages/airflow/example_dags/example_sensors.py
[2024-04-23T22:39:11.401+0000] {processor.py:836} INFO - DAG(s) dict_keys(['example_sensors']) retrieved from /usr/local/python/3.10.13/lib/python3.10/site-packages/airflow/example_dags/example_sensors.py
[2024-04-23T22:39:11.416+0000] {logging_mixin.py:150} INFO - [2024-04-23T22:39:11.416+0000] {dag.py:2742} INFO - Sync 1 DAGs
[2024-04-23T22:39:11.431+0000] {logging_mixin.py:150} INFO - [2024-04-23T22:39:11.431+0000] {dag.py:3504} INFO - Setting next_dagrun for example_sensors to None, run_after=None
[2024-04-23T22:39:11.467+0000] {processor.py:179} INFO - Processing /usr/local/python/3.10.13/lib/python3.10/site-packages/airflow/example_dags/example_sensors.py took 0.077 seconds
[2024-04-23T22:40:01.670+0000] {processor.py:157} INFO - Started process (PID=36813) to work on /usr/local/python/3.10.13/lib/python3.10/site-packages/airflow/example_dags/example_sensors.py
[2024-04-23T22:40:01.671+0000] {processor.py:826} INFO - Processing file /usr/local/python/3.10.13/lib/python3.10/site-packages/airflow/example_dags/example_sensors.py for tasks to queue
[2024-04-23T22:40:01.672+0000] {logging_mixin.py:150} INFO - [2024-04-23T22:40:01.671+0000] {dagbag.py:541} INFO - Filling up the DagBag from /usr/local/python/3.10.13/lib/python3.10/site-packages/airflow/example_dags/example_sensors.py
[2024-04-23T22:40:01.679+0000] {processor.py:836} INFO - DAG(s) dict_keys(['example_sensors']) retrieved from /usr/local/python/3.10.13/lib/python3.10/site-packages/airflow/example_dags/example_sensors.py
[2024-04-23T22:40:01.695+0000] {logging_mixin.py:150} INFO - [2024-04-23T22:40:01.695+0000] {dag.py:2742} INFO - Sync 1 DAGs
[2024-04-23T22:40:01.711+0000] {logging_mixin.py:150} INFO - [2024-04-23T22:40:01.710+0000] {dag.py:3504} INFO - Setting next_dagrun for example_sensors to None, run_after=None
[2024-04-23T22:40:01.758+0000] {processor.py:179} INFO - Processing /usr/local/python/3.10.13/lib/python3.10/site-packages/airflow/example_dags/example_sensors.py took 0.090 seconds
[2024-04-23T22:40:55.897+0000] {processor.py:157} INFO - Started process (PID=37211) to work on /usr/local/python/3.10.13/lib/python3.10/site-packages/airflow/example_dags/example_sensors.py
[2024-04-23T22:40:55.898+0000] {processor.py:826} INFO - Processing file /usr/local/python/3.10.13/lib/python3.10/site-packages/airflow/example_dags/example_sensors.py for tasks to queue
[2024-04-23T22:40:55.898+0000] {logging_mixin.py:150} INFO - [2024-04-23T22:40:55.898+0000] {dagbag.py:541} INFO - Filling up the DagBag from /usr/local/python/3.10.13/lib/python3.10/site-packages/airflow/example_dags/example_sensors.py
[2024-04-23T22:40:55.906+0000] {processor.py:836} INFO - DAG(s) dict_keys(['example_sensors']) retrieved from /usr/local/python/3.10.13/lib/python3.10/site-packages/airflow/example_dags/example_sensors.py
[2024-04-23T22:40:55.921+0000] {logging_mixin.py:150} INFO - [2024-04-23T22:40:55.921+0000] {dag.py:2742} INFO - Sync 1 DAGs
[2024-04-23T22:40:55.936+0000] {logging_mixin.py:150} INFO - [2024-04-23T22:40:55.935+0000] {dag.py:3504} INFO - Setting next_dagrun for example_sensors to None, run_after=None
[2024-04-23T22:40:55.976+0000] {processor.py:179} INFO - Processing /usr/local/python/3.10.13/lib/python3.10/site-packages/airflow/example_dags/example_sensors.py took 0.081 seconds
[2024-04-23T22:41:52.184+0000] {processor.py:157} INFO - Started process (PID=37646) to work on /usr/local/python/3.10.13/lib/python3.10/site-packages/airflow/example_dags/example_sensors.py
[2024-04-23T22:41:52.185+0000] {processor.py:826} INFO - Processing file /usr/local/python/3.10.13/lib/python3.10/site-packages/airflow/example_dags/example_sensors.py for tasks to queue
[2024-04-23T22:41:52.186+0000] {logging_mixin.py:150} INFO - [2024-04-23T22:41:52.185+0000] {dagbag.py:541} INFO - Filling up the DagBag from /usr/local/python/3.10.13/lib/python3.10/site-packages/airflow/example_dags/example_sensors.py
[2024-04-23T22:41:52.193+0000] {processor.py:836} INFO - DAG(s) dict_keys(['example_sensors']) retrieved from /usr/local/python/3.10.13/lib/python3.10/site-packages/airflow/example_dags/example_sensors.py
[2024-04-23T22:41:52.208+0000] {logging_mixin.py:150} INFO - [2024-04-23T22:41:52.208+0000] {dag.py:2742} INFO - Sync 1 DAGs
[2024-04-23T22:41:52.223+0000] {logging_mixin.py:150} INFO - [2024-04-23T22:41:52.223+0000] {dag.py:3504} INFO - Setting next_dagrun for example_sensors to None, run_after=None
[2024-04-23T22:41:52.263+0000] {processor.py:179} INFO - Processing /usr/local/python/3.10.13/lib/python3.10/site-packages/airflow/example_dags/example_sensors.py took 0.081 seconds
[2024-04-23T22:42:43.855+0000] {processor.py:157} INFO - Started process (PID=38024) to work on /usr/local/python/3.10.13/lib/python3.10/site-packages/airflow/example_dags/example_sensors.py
[2024-04-23T22:42:43.856+0000] {processor.py:826} INFO - Processing file /usr/local/python/3.10.13/lib/python3.10/site-packages/airflow/example_dags/example_sensors.py for tasks to queue
[2024-04-23T22:42:43.857+0000] {logging_mixin.py:150} INFO - [2024-04-23T22:42:43.857+0000] {dagbag.py:541} INFO - Filling up the DagBag from /usr/local/python/3.10.13/lib/python3.10/site-packages/airflow/example_dags/example_sensors.py
[2024-04-23T22:42:43.865+0000] {processor.py:836} INFO - DAG(s) dict_keys(['example_sensors']) retrieved from /usr/local/python/3.10.13/lib/python3.10/site-packages/airflow/example_dags/example_sensors.py
[2024-04-23T22:42:43.880+0000] {logging_mixin.py:150} INFO - [2024-04-23T22:42:43.880+0000] {dag.py:2742} INFO - Sync 1 DAGs
[2024-04-23T22:42:43.895+0000] {logging_mixin.py:150} INFO - [2024-04-23T22:42:43.895+0000] {dag.py:3504} INFO - Setting next_dagrun for example_sensors to None, run_after=None
[2024-04-23T22:42:43.934+0000] {processor.py:179} INFO - Processing /usr/local/python/3.10.13/lib/python3.10/site-packages/airflow/example_dags/example_sensors.py took 0.081 seconds
[2024-04-23T22:43:34.999+0000] {processor.py:157} INFO - Started process (PID=38392) to work on /usr/local/python/3.10.13/lib/python3.10/site-packages/airflow/example_dags/example_sensors.py
[2024-04-23T22:43:34.999+0000] {processor.py:826} INFO - Processing file /usr/local/python/3.10.13/lib/python3.10/site-packages/airflow/example_dags/example_sensors.py for tasks to queue
[2024-04-23T22:43:35.000+0000] {logging_mixin.py:150} INFO - [2024-04-23T22:43:35.000+0000] {dagbag.py:541} INFO - Filling up the DagBag from /usr/local/python/3.10.13/lib/python3.10/site-packages/airflow/example_dags/example_sensors.py
[2024-04-23T22:43:35.007+0000] {processor.py:836} INFO - DAG(s) dict_keys(['example_sensors']) retrieved from /usr/local/python/3.10.13/lib/python3.10/site-packages/airflow/example_dags/example_sensors.py
[2024-04-23T22:43:35.023+0000] {logging_mixin.py:150} INFO - [2024-04-23T22:43:35.023+0000] {dag.py:2742} INFO - Sync 1 DAGs
[2024-04-23T22:43:35.038+0000] {logging_mixin.py:150} INFO - [2024-04-23T22:43:35.038+0000] {dag.py:3504} INFO - Setting next_dagrun for example_sensors to None, run_after=None
[2024-04-23T22:43:35.076+0000] {processor.py:179} INFO - Processing /usr/local/python/3.10.13/lib/python3.10/site-packages/airflow/example_dags/example_sensors.py took 0.079 seconds
[2024-04-23T22:44:24.879+0000] {processor.py:157} INFO - Started process (PID=38757) to work on /usr/local/python/3.10.13/lib/python3.10/site-packages/airflow/example_dags/example_sensors.py
[2024-04-23T22:44:24.879+0000] {processor.py:826} INFO - Processing file /usr/local/python/3.10.13/lib/python3.10/site-packages/airflow/example_dags/example_sensors.py for tasks to queue
[2024-04-23T22:44:24.880+0000] {logging_mixin.py:150} INFO - [2024-04-23T22:44:24.880+0000] {dagbag.py:541} INFO - Filling up the DagBag from /usr/local/python/3.10.13/lib/python3.10/site-packages/airflow/example_dags/example_sensors.py
[2024-04-23T22:44:24.887+0000] {processor.py:836} INFO - DAG(s) dict_keys(['example_sensors']) retrieved from /usr/local/python/3.10.13/lib/python3.10/site-packages/airflow/example_dags/example_sensors.py
[2024-04-23T22:44:24.902+0000] {logging_mixin.py:150} INFO - [2024-04-23T22:44:24.902+0000] {dag.py:2742} INFO - Sync 1 DAGs
[2024-04-23T22:44:24.918+0000] {logging_mixin.py:150} INFO - [2024-04-23T22:44:24.917+0000] {dag.py:3504} INFO - Setting next_dagrun for example_sensors to None, run_after=None
[2024-04-23T22:44:24.954+0000] {processor.py:179} INFO - Processing /usr/local/python/3.10.13/lib/python3.10/site-packages/airflow/example_dags/example_sensors.py took 0.078 seconds
[2024-04-23T22:45:14.155+0000] {processor.py:157} INFO - Started process (PID=39138) to work on /usr/local/python/3.10.13/lib/python3.10/site-packages/airflow/example_dags/example_sensors.py
[2024-04-23T22:45:14.156+0000] {processor.py:826} INFO - Processing file /usr/local/python/3.10.13/lib/python3.10/site-packages/airflow/example_dags/example_sensors.py for tasks to queue
[2024-04-23T22:45:14.156+0000] {logging_mixin.py:150} INFO - [2024-04-23T22:45:14.156+0000] {dagbag.py:541} INFO - Filling up the DagBag from /usr/local/python/3.10.13/lib/python3.10/site-packages/airflow/example_dags/example_sensors.py
[2024-04-23T22:45:14.164+0000] {processor.py:836} INFO - DAG(s) dict_keys(['example_sensors']) retrieved from /usr/local/python/3.10.13/lib/python3.10/site-packages/airflow/example_dags/example_sensors.py
[2024-04-23T22:45:14.178+0000] {logging_mixin.py:150} INFO - [2024-04-23T22:45:14.178+0000] {dag.py:2742} INFO - Sync 1 DAGs
[2024-04-23T22:45:14.193+0000] {logging_mixin.py:150} INFO - [2024-04-23T22:45:14.193+0000] {dag.py:3504} INFO - Setting next_dagrun for example_sensors to None, run_after=None
[2024-04-23T22:45:14.231+0000] {processor.py:179} INFO - Processing /usr/local/python/3.10.13/lib/python3.10/site-packages/airflow/example_dags/example_sensors.py took 0.079 seconds
[2024-04-23T22:46:05.225+0000] {processor.py:157} INFO - Started process (PID=39518) to work on /usr/local/python/3.10.13/lib/python3.10/site-packages/airflow/example_dags/example_sensors.py
[2024-04-23T22:46:05.226+0000] {processor.py:826} INFO - Processing file /usr/local/python/3.10.13/lib/python3.10/site-packages/airflow/example_dags/example_sensors.py for tasks to queue
[2024-04-23T22:46:05.227+0000] {logging_mixin.py:150} INFO - [2024-04-23T22:46:05.227+0000] {dagbag.py:541} INFO - Filling up the DagBag from /usr/local/python/3.10.13/lib/python3.10/site-packages/airflow/example_dags/example_sensors.py
[2024-04-23T22:46:05.234+0000] {processor.py:836} INFO - DAG(s) dict_keys(['example_sensors']) retrieved from /usr/local/python/3.10.13/lib/python3.10/site-packages/airflow/example_dags/example_sensors.py
[2024-04-23T22:46:05.250+0000] {logging_mixin.py:150} INFO - [2024-04-23T22:46:05.250+0000] {dag.py:2742} INFO - Sync 1 DAGs
[2024-04-23T22:46:05.265+0000] {logging_mixin.py:150} INFO - [2024-04-23T22:46:05.265+0000] {dag.py:3504} INFO - Setting next_dagrun for example_sensors to None, run_after=None
[2024-04-23T22:46:05.308+0000] {processor.py:179} INFO - Processing /usr/local/python/3.10.13/lib/python3.10/site-packages/airflow/example_dags/example_sensors.py took 0.085 seconds
[2024-04-23T22:46:59.027+0000] {processor.py:157} INFO - Started process (PID=39917) to work on /usr/local/python/3.10.13/lib/python3.10/site-packages/airflow/example_dags/example_sensors.py
[2024-04-23T22:46:59.027+0000] {processor.py:826} INFO - Processing file /usr/local/python/3.10.13/lib/python3.10/site-packages/airflow/example_dags/example_sensors.py for tasks to queue
[2024-04-23T22:46:59.028+0000] {logging_mixin.py:150} INFO - [2024-04-23T22:46:59.028+0000] {dagbag.py:541} INFO - Filling up the DagBag from /usr/local/python/3.10.13/lib/python3.10/site-packages/airflow/example_dags/example_sensors.py
[2024-04-23T22:46:59.035+0000] {processor.py:836} INFO - DAG(s) dict_keys(['example_sensors']) retrieved from /usr/local/python/3.10.13/lib/python3.10/site-packages/airflow/example_dags/example_sensors.py
[2024-04-23T22:46:59.051+0000] {logging_mixin.py:150} INFO - [2024-04-23T22:46:59.051+0000] {dag.py:2742} INFO - Sync 1 DAGs
[2024-04-23T22:46:59.068+0000] {logging_mixin.py:150} INFO - [2024-04-23T22:46:59.067+0000] {dag.py:3504} INFO - Setting next_dagrun for example_sensors to None, run_after=None
[2024-04-23T22:46:59.106+0000] {processor.py:179} INFO - Processing /usr/local/python/3.10.13/lib/python3.10/site-packages/airflow/example_dags/example_sensors.py took 0.082 seconds
[2024-04-23T22:47:54.278+0000] {processor.py:157} INFO - Started process (PID=40316) to work on /usr/local/python/3.10.13/lib/python3.10/site-packages/airflow/example_dags/example_sensors.py
[2024-04-23T22:47:54.279+0000] {processor.py:826} INFO - Processing file /usr/local/python/3.10.13/lib/python3.10/site-packages/airflow/example_dags/example_sensors.py for tasks to queue
[2024-04-23T22:47:54.280+0000] {logging_mixin.py:150} INFO - [2024-04-23T22:47:54.279+0000] {dagbag.py:541} INFO - Filling up the DagBag from /usr/local/python/3.10.13/lib/python3.10/site-packages/airflow/example_dags/example_sensors.py
[2024-04-23T22:47:54.287+0000] {processor.py:836} INFO - DAG(s) dict_keys(['example_sensors']) retrieved from /usr/local/python/3.10.13/lib/python3.10/site-packages/airflow/example_dags/example_sensors.py
[2024-04-23T22:47:54.302+0000] {logging_mixin.py:150} INFO - [2024-04-23T22:47:54.302+0000] {dag.py:2742} INFO - Sync 1 DAGs
[2024-04-23T22:47:54.316+0000] {logging_mixin.py:150} INFO - [2024-04-23T22:47:54.316+0000] {dag.py:3504} INFO - Setting next_dagrun for example_sensors to None, run_after=None
[2024-04-23T22:47:54.352+0000] {processor.py:179} INFO - Processing /usr/local/python/3.10.13/lib/python3.10/site-packages/airflow/example_dags/example_sensors.py took 0.076 seconds
[2024-04-23T22:48:44.913+0000] {processor.py:157} INFO - Started process (PID=40714) to work on /usr/local/python/3.10.13/lib/python3.10/site-packages/airflow/example_dags/example_sensors.py
[2024-04-23T22:48:44.914+0000] {processor.py:826} INFO - Processing file /usr/local/python/3.10.13/lib/python3.10/site-packages/airflow/example_dags/example_sensors.py for tasks to queue
[2024-04-23T22:48:44.914+0000] {logging_mixin.py:150} INFO - [2024-04-23T22:48:44.914+0000] {dagbag.py:541} INFO - Filling up the DagBag from /usr/local/python/3.10.13/lib/python3.10/site-packages/airflow/example_dags/example_sensors.py
[2024-04-23T22:48:44.922+0000] {processor.py:836} INFO - DAG(s) dict_keys(['example_sensors']) retrieved from /usr/local/python/3.10.13/lib/python3.10/site-packages/airflow/example_dags/example_sensors.py
[2024-04-23T22:48:44.937+0000] {logging_mixin.py:150} INFO - [2024-04-23T22:48:44.937+0000] {dag.py:2742} INFO - Sync 1 DAGs
[2024-04-23T22:48:44.952+0000] {logging_mixin.py:150} INFO - [2024-04-23T22:48:44.952+0000] {dag.py:3504} INFO - Setting next_dagrun for example_sensors to None, run_after=None
[2024-04-23T22:48:44.991+0000] {processor.py:179} INFO - Processing /usr/local/python/3.10.13/lib/python3.10/site-packages/airflow/example_dags/example_sensors.py took 0.080 seconds
[2024-04-23T22:49:34.960+0000] {processor.py:157} INFO - Started process (PID=41095) to work on /usr/local/python/3.10.13/lib/python3.10/site-packages/airflow/example_dags/example_sensors.py
[2024-04-23T22:49:34.961+0000] {processor.py:826} INFO - Processing file /usr/local/python/3.10.13/lib/python3.10/site-packages/airflow/example_dags/example_sensors.py for tasks to queue
[2024-04-23T22:49:34.961+0000] {logging_mixin.py:150} INFO - [2024-04-23T22:49:34.961+0000] {dagbag.py:541} INFO - Filling up the DagBag from /usr/local/python/3.10.13/lib/python3.10/site-packages/airflow/example_dags/example_sensors.py
[2024-04-23T22:49:34.969+0000] {processor.py:836} INFO - DAG(s) dict_keys(['example_sensors']) retrieved from /usr/local/python/3.10.13/lib/python3.10/site-packages/airflow/example_dags/example_sensors.py
[2024-04-23T22:49:34.984+0000] {logging_mixin.py:150} INFO - [2024-04-23T22:49:34.984+0000] {dag.py:2742} INFO - Sync 1 DAGs
[2024-04-23T22:49:34.999+0000] {logging_mixin.py:150} INFO - [2024-04-23T22:49:34.999+0000] {dag.py:3504} INFO - Setting next_dagrun for example_sensors to None, run_after=None
[2024-04-23T22:49:35.035+0000] {processor.py:179} INFO - Processing /usr/local/python/3.10.13/lib/python3.10/site-packages/airflow/example_dags/example_sensors.py took 0.077 seconds
[2024-04-23T22:50:28.563+0000] {processor.py:157} INFO - Started process (PID=41507) to work on /usr/local/python/3.10.13/lib/python3.10/site-packages/airflow/example_dags/example_sensors.py
[2024-04-23T22:50:28.563+0000] {processor.py:826} INFO - Processing file /usr/local/python/3.10.13/lib/python3.10/site-packages/airflow/example_dags/example_sensors.py for tasks to queue
[2024-04-23T22:50:28.564+0000] {logging_mixin.py:150} INFO - [2024-04-23T22:50:28.563+0000] {dagbag.py:541} INFO - Filling up the DagBag from /usr/local/python/3.10.13/lib/python3.10/site-packages/airflow/example_dags/example_sensors.py
[2024-04-23T22:50:28.571+0000] {processor.py:836} INFO - DAG(s) dict_keys(['example_sensors']) retrieved from /usr/local/python/3.10.13/lib/python3.10/site-packages/airflow/example_dags/example_sensors.py
[2024-04-23T22:50:28.587+0000] {logging_mixin.py:150} INFO - [2024-04-23T22:50:28.587+0000] {dag.py:2742} INFO - Sync 1 DAGs
[2024-04-23T22:50:28.602+0000] {logging_mixin.py:150} INFO - [2024-04-23T22:50:28.601+0000] {dag.py:3504} INFO - Setting next_dagrun for example_sensors to None, run_after=None
[2024-04-23T22:50:28.642+0000] {processor.py:179} INFO - Processing /usr/local/python/3.10.13/lib/python3.10/site-packages/airflow/example_dags/example_sensors.py took 0.082 seconds
[2024-04-23T22:51:16.359+0000] {processor.py:157} INFO - Started process (PID=41863) to work on /usr/local/python/3.10.13/lib/python3.10/site-packages/airflow/example_dags/example_sensors.py
[2024-04-23T22:51:16.359+0000] {processor.py:826} INFO - Processing file /usr/local/python/3.10.13/lib/python3.10/site-packages/airflow/example_dags/example_sensors.py for tasks to queue
[2024-04-23T22:51:16.360+0000] {logging_mixin.py:150} INFO - [2024-04-23T22:51:16.360+0000] {dagbag.py:541} INFO - Filling up the DagBag from /usr/local/python/3.10.13/lib/python3.10/site-packages/airflow/example_dags/example_sensors.py
[2024-04-23T22:51:16.367+0000] {processor.py:836} INFO - DAG(s) dict_keys(['example_sensors']) retrieved from /usr/local/python/3.10.13/lib/python3.10/site-packages/airflow/example_dags/example_sensors.py
[2024-04-23T22:51:16.383+0000] {logging_mixin.py:150} INFO - [2024-04-23T22:51:16.382+0000] {dag.py:2742} INFO - Sync 1 DAGs
[2024-04-23T22:51:16.397+0000] {logging_mixin.py:150} INFO - [2024-04-23T22:51:16.397+0000] {dag.py:3504} INFO - Setting next_dagrun for example_sensors to None, run_after=None
[2024-04-23T22:51:16.439+0000] {processor.py:179} INFO - Processing /usr/local/python/3.10.13/lib/python3.10/site-packages/airflow/example_dags/example_sensors.py took 0.082 seconds
[2024-04-23T22:52:09.330+0000] {processor.py:157} INFO - Started process (PID=42272) to work on /usr/local/python/3.10.13/lib/python3.10/site-packages/airflow/example_dags/example_sensors.py
[2024-04-23T22:52:09.330+0000] {processor.py:826} INFO - Processing file /usr/local/python/3.10.13/lib/python3.10/site-packages/airflow/example_dags/example_sensors.py for tasks to queue
[2024-04-23T22:52:09.331+0000] {logging_mixin.py:150} INFO - [2024-04-23T22:52:09.331+0000] {dagbag.py:541} INFO - Filling up the DagBag from /usr/local/python/3.10.13/lib/python3.10/site-packages/airflow/example_dags/example_sensors.py
[2024-04-23T22:52:09.338+0000] {processor.py:836} INFO - DAG(s) dict_keys(['example_sensors']) retrieved from /usr/local/python/3.10.13/lib/python3.10/site-packages/airflow/example_dags/example_sensors.py
[2024-04-23T22:52:09.354+0000] {logging_mixin.py:150} INFO - [2024-04-23T22:52:09.354+0000] {dag.py:2742} INFO - Sync 1 DAGs
[2024-04-23T22:52:09.369+0000] {logging_mixin.py:150} INFO - [2024-04-23T22:52:09.369+0000] {dag.py:3504} INFO - Setting next_dagrun for example_sensors to None, run_after=None
[2024-04-23T22:52:09.410+0000] {processor.py:179} INFO - Processing /usr/local/python/3.10.13/lib/python3.10/site-packages/airflow/example_dags/example_sensors.py took 0.083 seconds
[2024-04-23T22:53:01.052+0000] {processor.py:157} INFO - Started process (PID=42656) to work on /usr/local/python/3.10.13/lib/python3.10/site-packages/airflow/example_dags/example_sensors.py
[2024-04-23T22:53:01.053+0000] {processor.py:826} INFO - Processing file /usr/local/python/3.10.13/lib/python3.10/site-packages/airflow/example_dags/example_sensors.py for tasks to queue
[2024-04-23T22:53:01.053+0000] {logging_mixin.py:150} INFO - [2024-04-23T22:53:01.053+0000] {dagbag.py:541} INFO - Filling up the DagBag from /usr/local/python/3.10.13/lib/python3.10/site-packages/airflow/example_dags/example_sensors.py
[2024-04-23T22:53:01.062+0000] {processor.py:836} INFO - DAG(s) dict_keys(['example_sensors']) retrieved from /usr/local/python/3.10.13/lib/python3.10/site-packages/airflow/example_dags/example_sensors.py
[2024-04-23T22:53:01.077+0000] {logging_mixin.py:150} INFO - [2024-04-23T22:53:01.077+0000] {dag.py:2742} INFO - Sync 1 DAGs
[2024-04-23T22:53:01.091+0000] {logging_mixin.py:150} INFO - [2024-04-23T22:53:01.091+0000] {dag.py:3504} INFO - Setting next_dagrun for example_sensors to None, run_after=None
[2024-04-23T22:53:01.130+0000] {processor.py:179} INFO - Processing /usr/local/python/3.10.13/lib/python3.10/site-packages/airflow/example_dags/example_sensors.py took 0.080 seconds
[2024-04-23T22:53:57.879+0000] {processor.py:157} INFO - Started process (PID=43040) to work on /usr/local/python/3.10.13/lib/python3.10/site-packages/airflow/example_dags/example_sensors.py
[2024-04-23T22:53:57.879+0000] {processor.py:826} INFO - Processing file /usr/local/python/3.10.13/lib/python3.10/site-packages/airflow/example_dags/example_sensors.py for tasks to queue
[2024-04-23T22:53:57.880+0000] {logging_mixin.py:150} INFO - [2024-04-23T22:53:57.880+0000] {dagbag.py:541} INFO - Filling up the DagBag from /usr/local/python/3.10.13/lib/python3.10/site-packages/airflow/example_dags/example_sensors.py
[2024-04-23T22:53:57.887+0000] {processor.py:836} INFO - DAG(s) dict_keys(['example_sensors']) retrieved from /usr/local/python/3.10.13/lib/python3.10/site-packages/airflow/example_dags/example_sensors.py
[2024-04-23T22:53:57.906+0000] {logging_mixin.py:150} INFO - [2024-04-23T22:53:57.906+0000] {dag.py:2742} INFO - Sync 1 DAGs
[2024-04-23T22:53:57.926+0000] {logging_mixin.py:150} INFO - [2024-04-23T22:53:57.926+0000] {dag.py:3504} INFO - Setting next_dagrun for example_sensors to None, run_after=None
[2024-04-23T22:53:57.969+0000] {processor.py:179} INFO - Processing /usr/local/python/3.10.13/lib/python3.10/site-packages/airflow/example_dags/example_sensors.py took 0.093 seconds
[2024-04-23T22:54:40.826+0000] {processor.py:157} INFO - Started process (PID=43346) to work on /usr/local/python/3.10.13/lib/python3.10/site-packages/airflow/example_dags/example_sensors.py
[2024-04-23T22:54:40.827+0000] {processor.py:826} INFO - Processing file /usr/local/python/3.10.13/lib/python3.10/site-packages/airflow/example_dags/example_sensors.py for tasks to queue
[2024-04-23T22:54:40.828+0000] {logging_mixin.py:150} INFO - [2024-04-23T22:54:40.828+0000] {dagbag.py:541} INFO - Filling up the DagBag from /usr/local/python/3.10.13/lib/python3.10/site-packages/airflow/example_dags/example_sensors.py
[2024-04-23T22:54:40.838+0000] {processor.py:836} INFO - DAG(s) dict_keys(['example_sensors']) retrieved from /usr/local/python/3.10.13/lib/python3.10/site-packages/airflow/example_dags/example_sensors.py
[2024-04-23T22:54:40.857+0000] {logging_mixin.py:150} INFO - [2024-04-23T22:54:40.856+0000] {dag.py:2742} INFO - Sync 1 DAGs
[2024-04-23T22:54:40.957+0000] {logging_mixin.py:150} INFO - [2024-04-23T22:54:40.957+0000] {dag.py:3504} INFO - Setting next_dagrun for example_sensors to None, run_after=None
[2024-04-23T22:54:41.000+0000] {processor.py:179} INFO - Processing /usr/local/python/3.10.13/lib/python3.10/site-packages/airflow/example_dags/example_sensors.py took 0.176 seconds
[2024-04-23T22:55:38.262+0000] {processor.py:157} INFO - Started process (PID=43736) to work on /usr/local/python/3.10.13/lib/python3.10/site-packages/airflow/example_dags/example_sensors.py
[2024-04-23T22:55:38.262+0000] {processor.py:826} INFO - Processing file /usr/local/python/3.10.13/lib/python3.10/site-packages/airflow/example_dags/example_sensors.py for tasks to queue
[2024-04-23T22:55:38.263+0000] {logging_mixin.py:150} INFO - [2024-04-23T22:55:38.263+0000] {dagbag.py:541} INFO - Filling up the DagBag from /usr/local/python/3.10.13/lib/python3.10/site-packages/airflow/example_dags/example_sensors.py
[2024-04-23T22:55:38.270+0000] {processor.py:836} INFO - DAG(s) dict_keys(['example_sensors']) retrieved from /usr/local/python/3.10.13/lib/python3.10/site-packages/airflow/example_dags/example_sensors.py
[2024-04-23T22:55:38.285+0000] {logging_mixin.py:150} INFO - [2024-04-23T22:55:38.285+0000] {dag.py:2742} INFO - Sync 1 DAGs
[2024-04-23T22:55:38.300+0000] {logging_mixin.py:150} INFO - [2024-04-23T22:55:38.300+0000] {dag.py:3504} INFO - Setting next_dagrun for example_sensors to None, run_after=None
[2024-04-23T22:55:38.335+0000] {processor.py:179} INFO - Processing /usr/local/python/3.10.13/lib/python3.10/site-packages/airflow/example_dags/example_sensors.py took 0.077 seconds
[2024-04-23T22:56:35.898+0000] {processor.py:157} INFO - Started process (PID=44157) to work on /usr/local/python/3.10.13/lib/python3.10/site-packages/airflow/example_dags/example_sensors.py
[2024-04-23T22:56:35.899+0000] {processor.py:826} INFO - Processing file /usr/local/python/3.10.13/lib/python3.10/site-packages/airflow/example_dags/example_sensors.py for tasks to queue
[2024-04-23T22:56:35.900+0000] {logging_mixin.py:150} INFO - [2024-04-23T22:56:35.900+0000] {dagbag.py:541} INFO - Filling up the DagBag from /usr/local/python/3.10.13/lib/python3.10/site-packages/airflow/example_dags/example_sensors.py
[2024-04-23T22:56:35.912+0000] {processor.py:836} INFO - DAG(s) dict_keys(['example_sensors']) retrieved from /usr/local/python/3.10.13/lib/python3.10/site-packages/airflow/example_dags/example_sensors.py
[2024-04-23T22:56:35.933+0000] {logging_mixin.py:150} INFO - [2024-04-23T22:56:35.933+0000] {dag.py:2742} INFO - Sync 1 DAGs
[2024-04-23T22:56:35.948+0000] {logging_mixin.py:150} INFO - [2024-04-23T22:56:35.948+0000] {dag.py:3504} INFO - Setting next_dagrun for example_sensors to None, run_after=None
[2024-04-23T22:56:35.989+0000] {processor.py:179} INFO - Processing /usr/local/python/3.10.13/lib/python3.10/site-packages/airflow/example_dags/example_sensors.py took 0.094 seconds
[2024-04-23T22:57:19.719+0000] {processor.py:157} INFO - Started process (PID=44478) to work on /usr/local/python/3.10.13/lib/python3.10/site-packages/airflow/example_dags/example_sensors.py
[2024-04-23T22:57:19.720+0000] {processor.py:826} INFO - Processing file /usr/local/python/3.10.13/lib/python3.10/site-packages/airflow/example_dags/example_sensors.py for tasks to queue
[2024-04-23T22:57:19.720+0000] {logging_mixin.py:150} INFO - [2024-04-23T22:57:19.720+0000] {dagbag.py:541} INFO - Filling up the DagBag from /usr/local/python/3.10.13/lib/python3.10/site-packages/airflow/example_dags/example_sensors.py
[2024-04-23T22:57:19.731+0000] {processor.py:836} INFO - DAG(s) dict_keys(['example_sensors']) retrieved from /usr/local/python/3.10.13/lib/python3.10/site-packages/airflow/example_dags/example_sensors.py
[2024-04-23T22:57:19.752+0000] {logging_mixin.py:150} INFO - [2024-04-23T22:57:19.752+0000] {dag.py:2742} INFO - Sync 1 DAGs
[2024-04-23T22:57:19.769+0000] {logging_mixin.py:150} INFO - [2024-04-23T22:57:19.769+0000] {dag.py:3504} INFO - Setting next_dagrun for example_sensors to None, run_after=None
[2024-04-23T22:57:19.814+0000] {processor.py:179} INFO - Processing /usr/local/python/3.10.13/lib/python3.10/site-packages/airflow/example_dags/example_sensors.py took 0.098 seconds
[2024-04-23T22:57:58.799+0000] {processor.py:157} INFO - Started process (PID=44779) to work on /usr/local/python/3.10.13/lib/python3.10/site-packages/airflow/example_dags/example_sensors.py
[2024-04-23T22:57:58.800+0000] {processor.py:826} INFO - Processing file /usr/local/python/3.10.13/lib/python3.10/site-packages/airflow/example_dags/example_sensors.py for tasks to queue
[2024-04-23T22:57:58.800+0000] {logging_mixin.py:150} INFO - [2024-04-23T22:57:58.800+0000] {dagbag.py:541} INFO - Filling up the DagBag from /usr/local/python/3.10.13/lib/python3.10/site-packages/airflow/example_dags/example_sensors.py
[2024-04-23T22:57:58.808+0000] {processor.py:836} INFO - DAG(s) dict_keys(['example_sensors']) retrieved from /usr/local/python/3.10.13/lib/python3.10/site-packages/airflow/example_dags/example_sensors.py
[2024-04-23T22:57:58.822+0000] {logging_mixin.py:150} INFO - [2024-04-23T22:57:58.822+0000] {dag.py:2742} INFO - Sync 1 DAGs
[2024-04-23T22:57:58.837+0000] {logging_mixin.py:150} INFO - [2024-04-23T22:57:58.837+0000] {dag.py:3504} INFO - Setting next_dagrun for example_sensors to None, run_after=None
[2024-04-23T22:57:58.878+0000] {processor.py:179} INFO - Processing /usr/local/python/3.10.13/lib/python3.10/site-packages/airflow/example_dags/example_sensors.py took 0.081 seconds
[2024-04-23T22:58:49.502+0000] {processor.py:157} INFO - Started process (PID=45162) to work on /usr/local/python/3.10.13/lib/python3.10/site-packages/airflow/example_dags/example_sensors.py
[2024-04-23T22:58:49.503+0000] {processor.py:826} INFO - Processing file /usr/local/python/3.10.13/lib/python3.10/site-packages/airflow/example_dags/example_sensors.py for tasks to queue
[2024-04-23T22:58:49.503+0000] {logging_mixin.py:150} INFO - [2024-04-23T22:58:49.503+0000] {dagbag.py:541} INFO - Filling up the DagBag from /usr/local/python/3.10.13/lib/python3.10/site-packages/airflow/example_dags/example_sensors.py
[2024-04-23T22:58:49.510+0000] {processor.py:836} INFO - DAG(s) dict_keys(['example_sensors']) retrieved from /usr/local/python/3.10.13/lib/python3.10/site-packages/airflow/example_dags/example_sensors.py
[2024-04-23T22:58:49.525+0000] {logging_mixin.py:150} INFO - [2024-04-23T22:58:49.525+0000] {dag.py:2742} INFO - Sync 1 DAGs
[2024-04-23T22:58:49.539+0000] {logging_mixin.py:150} INFO - [2024-04-23T22:58:49.539+0000] {dag.py:3504} INFO - Setting next_dagrun for example_sensors to None, run_after=None
[2024-04-23T22:58:49.577+0000] {processor.py:179} INFO - Processing /usr/local/python/3.10.13/lib/python3.10/site-packages/airflow/example_dags/example_sensors.py took 0.077 seconds
[2024-04-23T22:59:37.466+0000] {processor.py:157} INFO - Started process (PID=45542) to work on /usr/local/python/3.10.13/lib/python3.10/site-packages/airflow/example_dags/example_sensors.py
[2024-04-23T22:59:37.467+0000] {processor.py:826} INFO - Processing file /usr/local/python/3.10.13/lib/python3.10/site-packages/airflow/example_dags/example_sensors.py for tasks to queue
[2024-04-23T22:59:37.467+0000] {logging_mixin.py:150} INFO - [2024-04-23T22:59:37.467+0000] {dagbag.py:541} INFO - Filling up the DagBag from /usr/local/python/3.10.13/lib/python3.10/site-packages/airflow/example_dags/example_sensors.py
[2024-04-23T22:59:37.475+0000] {processor.py:836} INFO - DAG(s) dict_keys(['example_sensors']) retrieved from /usr/local/python/3.10.13/lib/python3.10/site-packages/airflow/example_dags/example_sensors.py
[2024-04-23T22:59:37.490+0000] {logging_mixin.py:150} INFO - [2024-04-23T22:59:37.490+0000] {dag.py:2742} INFO - Sync 1 DAGs
[2024-04-23T22:59:37.505+0000] {logging_mixin.py:150} INFO - [2024-04-23T22:59:37.505+0000] {dag.py:3504} INFO - Setting next_dagrun for example_sensors to None, run_after=None
[2024-04-23T22:59:37.544+0000] {processor.py:179} INFO - Processing /usr/local/python/3.10.13/lib/python3.10/site-packages/airflow/example_dags/example_sensors.py took 0.080 seconds
