[2024-04-23T22:23:18.489+0000] {processor.py:157} INFO - Started process (PID=28625) to work on /usr/local/python/3.10.13/lib/python3.10/site-packages/airflow/example_dags/example_skip_dag.py
[2024-04-23T22:23:18.489+0000] {processor.py:826} INFO - Processing file /usr/local/python/3.10.13/lib/python3.10/site-packages/airflow/example_dags/example_skip_dag.py for tasks to queue
[2024-04-23T22:23:18.490+0000] {logging_mixin.py:150} INFO - [2024-04-23T22:23:18.489+0000] {dagbag.py:541} INFO - Filling up the DagBag from /usr/local/python/3.10.13/lib/python3.10/site-packages/airflow/example_dags/example_skip_dag.py
[2024-04-23T22:23:18.497+0000] {processor.py:836} INFO - DAG(s) dict_keys(['example_skip_dag']) retrieved from /usr/local/python/3.10.13/lib/python3.10/site-packages/airflow/example_dags/example_skip_dag.py
[2024-04-23T22:23:18.635+0000] {logging_mixin.py:150} INFO - [2024-04-23T22:23:18.635+0000] {manager.py:504} INFO - Created Permission View: can delete on DAG:example_skip_dag
[2024-04-23T22:23:18.666+0000] {logging_mixin.py:150} INFO - [2024-04-23T22:23:18.666+0000] {manager.py:504} INFO - Created Permission View: can edit on DAG:example_skip_dag
[2024-04-23T22:23:18.694+0000] {logging_mixin.py:150} INFO - [2024-04-23T22:23:18.693+0000] {manager.py:504} INFO - Created Permission View: can read on DAG:example_skip_dag
[2024-04-23T22:23:18.702+0000] {logging_mixin.py:150} INFO - [2024-04-23T22:23:18.702+0000] {dag.py:2742} INFO - Sync 1 DAGs
[2024-04-23T22:23:18.711+0000] {logging_mixin.py:150} INFO - [2024-04-23T22:23:18.711+0000] {dag.py:2763} INFO - Creating ORM DAG for example_skip_dag
[2024-04-23T22:23:18.718+0000] {logging_mixin.py:150} INFO - [2024-04-23T22:23:18.718+0000] {dag.py:3504} INFO - Setting next_dagrun for example_skip_dag to 2024-04-22T22:23:18.718245+00:00, run_after=2024-04-23T22:23:18.718245+00:00
[2024-04-23T22:23:18.766+0000] {processor.py:179} INFO - Processing /usr/local/python/3.10.13/lib/python3.10/site-packages/airflow/example_dags/example_skip_dag.py took 0.280 seconds
[2024-04-23T22:24:13.765+0000] {processor.py:157} INFO - Started process (PID=29009) to work on /usr/local/python/3.10.13/lib/python3.10/site-packages/airflow/example_dags/example_skip_dag.py
[2024-04-23T22:24:13.765+0000] {processor.py:826} INFO - Processing file /usr/local/python/3.10.13/lib/python3.10/site-packages/airflow/example_dags/example_skip_dag.py for tasks to queue
[2024-04-23T22:24:13.766+0000] {logging_mixin.py:150} INFO - [2024-04-23T22:24:13.766+0000] {dagbag.py:541} INFO - Filling up the DagBag from /usr/local/python/3.10.13/lib/python3.10/site-packages/airflow/example_dags/example_skip_dag.py
[2024-04-23T22:24:13.771+0000] {processor.py:836} INFO - DAG(s) dict_keys(['example_skip_dag']) retrieved from /usr/local/python/3.10.13/lib/python3.10/site-packages/airflow/example_dags/example_skip_dag.py
[2024-04-23T22:24:13.783+0000] {logging_mixin.py:150} INFO - [2024-04-23T22:24:13.783+0000] {dag.py:2742} INFO - Sync 1 DAGs
[2024-04-23T22:24:13.798+0000] {logging_mixin.py:150} INFO - [2024-04-23T22:24:13.797+0000] {dag.py:3504} INFO - Setting next_dagrun for example_skip_dag to 2024-04-22T22:24:13.797715+00:00, run_after=2024-04-23T22:24:13.797715+00:00
[2024-04-23T22:24:13.840+0000] {processor.py:179} INFO - Processing /usr/local/python/3.10.13/lib/python3.10/site-packages/airflow/example_dags/example_skip_dag.py took 0.077 seconds
[2024-04-23T22:24:53.543+0000] {processor.py:157} INFO - Started process (PID=29288) to work on /usr/local/python/3.10.13/lib/python3.10/site-packages/airflow/example_dags/example_skip_dag.py
[2024-04-23T22:24:53.543+0000] {processor.py:826} INFO - Processing file /usr/local/python/3.10.13/lib/python3.10/site-packages/airflow/example_dags/example_skip_dag.py for tasks to queue
[2024-04-23T22:24:53.544+0000] {logging_mixin.py:150} INFO - [2024-04-23T22:24:53.544+0000] {dagbag.py:541} INFO - Filling up the DagBag from /usr/local/python/3.10.13/lib/python3.10/site-packages/airflow/example_dags/example_skip_dag.py
[2024-04-23T22:24:53.550+0000] {processor.py:836} INFO - DAG(s) dict_keys(['example_skip_dag']) retrieved from /usr/local/python/3.10.13/lib/python3.10/site-packages/airflow/example_dags/example_skip_dag.py
[2024-04-23T22:24:53.652+0000] {logging_mixin.py:150} INFO - [2024-04-23T22:24:53.652+0000] {dag.py:2742} INFO - Sync 1 DAGs
[2024-04-23T22:24:53.858+0000] {logging_mixin.py:150} INFO - [2024-04-23T22:24:53.858+0000] {dag.py:3504} INFO - Setting next_dagrun for example_skip_dag to 2024-04-22T22:24:53.857839+00:00, run_after=2024-04-23T22:24:53.857839+00:00
[2024-04-23T22:24:53.900+0000] {processor.py:179} INFO - Processing /usr/local/python/3.10.13/lib/python3.10/site-packages/airflow/example_dags/example_skip_dag.py took 0.360 seconds
[2024-04-23T22:25:39.683+0000] {processor.py:157} INFO - Started process (PID=29600) to work on /usr/local/python/3.10.13/lib/python3.10/site-packages/airflow/example_dags/example_skip_dag.py
[2024-04-23T22:25:39.684+0000] {processor.py:826} INFO - Processing file /usr/local/python/3.10.13/lib/python3.10/site-packages/airflow/example_dags/example_skip_dag.py for tasks to queue
[2024-04-23T22:25:39.684+0000] {logging_mixin.py:150} INFO - [2024-04-23T22:25:39.684+0000] {dagbag.py:541} INFO - Filling up the DagBag from /usr/local/python/3.10.13/lib/python3.10/site-packages/airflow/example_dags/example_skip_dag.py
[2024-04-23T22:25:39.690+0000] {processor.py:836} INFO - DAG(s) dict_keys(['example_skip_dag']) retrieved from /usr/local/python/3.10.13/lib/python3.10/site-packages/airflow/example_dags/example_skip_dag.py
[2024-04-23T22:25:39.702+0000] {logging_mixin.py:150} INFO - [2024-04-23T22:25:39.701+0000] {dag.py:2742} INFO - Sync 1 DAGs
[2024-04-23T22:25:39.716+0000] {logging_mixin.py:150} INFO - [2024-04-23T22:25:39.716+0000] {dag.py:3504} INFO - Setting next_dagrun for example_skip_dag to 2024-04-22T22:25:39.716361+00:00, run_after=2024-04-23T22:25:39.716361+00:00
[2024-04-23T22:25:39.756+0000] {processor.py:179} INFO - Processing /usr/local/python/3.10.13/lib/python3.10/site-packages/airflow/example_dags/example_skip_dag.py took 0.075 seconds
[2024-04-23T22:26:29.294+0000] {processor.py:157} INFO - Started process (PID=29948) to work on /usr/local/python/3.10.13/lib/python3.10/site-packages/airflow/example_dags/example_skip_dag.py
[2024-04-23T22:26:29.295+0000] {processor.py:826} INFO - Processing file /usr/local/python/3.10.13/lib/python3.10/site-packages/airflow/example_dags/example_skip_dag.py for tasks to queue
[2024-04-23T22:26:29.295+0000] {logging_mixin.py:150} INFO - [2024-04-23T22:26:29.295+0000] {dagbag.py:541} INFO - Filling up the DagBag from /usr/local/python/3.10.13/lib/python3.10/site-packages/airflow/example_dags/example_skip_dag.py
[2024-04-23T22:26:29.301+0000] {processor.py:836} INFO - DAG(s) dict_keys(['example_skip_dag']) retrieved from /usr/local/python/3.10.13/lib/python3.10/site-packages/airflow/example_dags/example_skip_dag.py
[2024-04-23T22:26:29.313+0000] {logging_mixin.py:150} INFO - [2024-04-23T22:26:29.313+0000] {dag.py:2742} INFO - Sync 1 DAGs
[2024-04-23T22:26:29.328+0000] {logging_mixin.py:150} INFO - [2024-04-23T22:26:29.327+0000] {dag.py:3504} INFO - Setting next_dagrun for example_skip_dag to 2024-04-22T22:26:29.327812+00:00, run_after=2024-04-23T22:26:29.327812+00:00
[2024-04-23T22:26:29.365+0000] {processor.py:179} INFO - Processing /usr/local/python/3.10.13/lib/python3.10/site-packages/airflow/example_dags/example_skip_dag.py took 0.072 seconds
[2024-04-23T22:27:15.400+0000] {processor.py:157} INFO - Started process (PID=30283) to work on /usr/local/python/3.10.13/lib/python3.10/site-packages/airflow/example_dags/example_skip_dag.py
[2024-04-23T22:27:15.400+0000] {processor.py:826} INFO - Processing file /usr/local/python/3.10.13/lib/python3.10/site-packages/airflow/example_dags/example_skip_dag.py for tasks to queue
[2024-04-23T22:27:15.401+0000] {logging_mixin.py:150} INFO - [2024-04-23T22:27:15.401+0000] {dagbag.py:541} INFO - Filling up the DagBag from /usr/local/python/3.10.13/lib/python3.10/site-packages/airflow/example_dags/example_skip_dag.py
[2024-04-23T22:27:15.407+0000] {processor.py:836} INFO - DAG(s) dict_keys(['example_skip_dag']) retrieved from /usr/local/python/3.10.13/lib/python3.10/site-packages/airflow/example_dags/example_skip_dag.py
[2024-04-23T22:27:15.423+0000] {logging_mixin.py:150} INFO - [2024-04-23T22:27:15.423+0000] {dag.py:2742} INFO - Sync 1 DAGs
[2024-04-23T22:27:15.438+0000] {logging_mixin.py:150} INFO - [2024-04-23T22:27:15.438+0000] {dag.py:3504} INFO - Setting next_dagrun for example_skip_dag to 2024-04-22T22:27:15.438342+00:00, run_after=2024-04-23T22:27:15.438342+00:00
[2024-04-23T22:27:15.478+0000] {processor.py:179} INFO - Processing /usr/local/python/3.10.13/lib/python3.10/site-packages/airflow/example_dags/example_skip_dag.py took 0.081 seconds
[2024-04-23T22:28:03.586+0000] {processor.py:157} INFO - Started process (PID=30811) to work on /usr/local/python/3.10.13/lib/python3.10/site-packages/airflow/example_dags/example_skip_dag.py
[2024-04-23T22:28:03.587+0000] {processor.py:826} INFO - Processing file /usr/local/python/3.10.13/lib/python3.10/site-packages/airflow/example_dags/example_skip_dag.py for tasks to queue
[2024-04-23T22:28:03.587+0000] {logging_mixin.py:150} INFO - [2024-04-23T22:28:03.587+0000] {dagbag.py:541} INFO - Filling up the DagBag from /usr/local/python/3.10.13/lib/python3.10/site-packages/airflow/example_dags/example_skip_dag.py
[2024-04-23T22:28:03.592+0000] {processor.py:836} INFO - DAG(s) dict_keys(['example_skip_dag']) retrieved from /usr/local/python/3.10.13/lib/python3.10/site-packages/airflow/example_dags/example_skip_dag.py
[2024-04-23T22:28:03.604+0000] {logging_mixin.py:150} INFO - [2024-04-23T22:28:03.604+0000] {dag.py:2742} INFO - Sync 1 DAGs
[2024-04-23T22:28:03.619+0000] {logging_mixin.py:150} INFO - [2024-04-23T22:28:03.619+0000] {dag.py:3504} INFO - Setting next_dagrun for example_skip_dag to 2024-04-22T22:28:03.619128+00:00, run_after=2024-04-23T22:28:03.619128+00:00
[2024-04-23T22:28:03.656+0000] {processor.py:179} INFO - Processing /usr/local/python/3.10.13/lib/python3.10/site-packages/airflow/example_dags/example_skip_dag.py took 0.073 seconds
[2024-04-23T22:28:48.352+0000] {processor.py:157} INFO - Started process (PID=31606) to work on /usr/local/python/3.10.13/lib/python3.10/site-packages/airflow/example_dags/example_skip_dag.py
[2024-04-23T22:28:48.353+0000] {processor.py:826} INFO - Processing file /usr/local/python/3.10.13/lib/python3.10/site-packages/airflow/example_dags/example_skip_dag.py for tasks to queue
[2024-04-23T22:28:48.353+0000] {logging_mixin.py:150} INFO - [2024-04-23T22:28:48.353+0000] {dagbag.py:541} INFO - Filling up the DagBag from /usr/local/python/3.10.13/lib/python3.10/site-packages/airflow/example_dags/example_skip_dag.py
[2024-04-23T22:28:48.358+0000] {processor.py:836} INFO - DAG(s) dict_keys(['example_skip_dag']) retrieved from /usr/local/python/3.10.13/lib/python3.10/site-packages/airflow/example_dags/example_skip_dag.py
[2024-04-23T22:28:48.371+0000] {logging_mixin.py:150} INFO - [2024-04-23T22:28:48.371+0000] {dag.py:2742} INFO - Sync 1 DAGs
[2024-04-23T22:28:48.386+0000] {logging_mixin.py:150} INFO - [2024-04-23T22:28:48.386+0000] {dag.py:3504} INFO - Setting next_dagrun for example_skip_dag to 2024-04-22T22:28:48.386138+00:00, run_after=2024-04-23T22:28:48.386138+00:00
[2024-04-23T22:28:48.425+0000] {processor.py:179} INFO - Processing /usr/local/python/3.10.13/lib/python3.10/site-packages/airflow/example_dags/example_skip_dag.py took 0.076 seconds
[2024-04-23T22:29:34.599+0000] {processor.py:157} INFO - Started process (PID=31947) to work on /usr/local/python/3.10.13/lib/python3.10/site-packages/airflow/example_dags/example_skip_dag.py
[2024-04-23T22:29:34.600+0000] {processor.py:826} INFO - Processing file /usr/local/python/3.10.13/lib/python3.10/site-packages/airflow/example_dags/example_skip_dag.py for tasks to queue
[2024-04-23T22:29:34.600+0000] {logging_mixin.py:150} INFO - [2024-04-23T22:29:34.600+0000] {dagbag.py:541} INFO - Filling up the DagBag from /usr/local/python/3.10.13/lib/python3.10/site-packages/airflow/example_dags/example_skip_dag.py
[2024-04-23T22:29:34.606+0000] {processor.py:836} INFO - DAG(s) dict_keys(['example_skip_dag']) retrieved from /usr/local/python/3.10.13/lib/python3.10/site-packages/airflow/example_dags/example_skip_dag.py
[2024-04-23T22:29:34.619+0000] {logging_mixin.py:150} INFO - [2024-04-23T22:29:34.619+0000] {dag.py:2742} INFO - Sync 1 DAGs
[2024-04-23T22:29:34.637+0000] {logging_mixin.py:150} INFO - [2024-04-23T22:29:34.636+0000] {dag.py:3504} INFO - Setting next_dagrun for example_skip_dag to 2024-04-22T22:29:34.636524+00:00, run_after=2024-04-23T22:29:34.636524+00:00
[2024-04-23T22:29:34.682+0000] {processor.py:179} INFO - Processing /usr/local/python/3.10.13/lib/python3.10/site-packages/airflow/example_dags/example_skip_dag.py took 0.086 seconds
[2024-04-23T22:30:26.898+0000] {processor.py:157} INFO - Started process (PID=32348) to work on /usr/local/python/3.10.13/lib/python3.10/site-packages/airflow/example_dags/example_skip_dag.py
[2024-04-23T22:30:26.898+0000] {processor.py:826} INFO - Processing file /usr/local/python/3.10.13/lib/python3.10/site-packages/airflow/example_dags/example_skip_dag.py for tasks to queue
[2024-04-23T22:30:26.899+0000] {logging_mixin.py:150} INFO - [2024-04-23T22:30:26.899+0000] {dagbag.py:541} INFO - Filling up the DagBag from /usr/local/python/3.10.13/lib/python3.10/site-packages/airflow/example_dags/example_skip_dag.py
[2024-04-23T22:30:26.904+0000] {processor.py:836} INFO - DAG(s) dict_keys(['example_skip_dag']) retrieved from /usr/local/python/3.10.13/lib/python3.10/site-packages/airflow/example_dags/example_skip_dag.py
[2024-04-23T22:30:26.917+0000] {logging_mixin.py:150} INFO - [2024-04-23T22:30:26.917+0000] {dag.py:2742} INFO - Sync 1 DAGs
[2024-04-23T22:30:26.933+0000] {logging_mixin.py:150} INFO - [2024-04-23T22:30:26.933+0000] {dag.py:3504} INFO - Setting next_dagrun for example_skip_dag to 2024-04-22T22:30:26.933188+00:00, run_after=2024-04-23T22:30:26.933188+00:00
[2024-04-23T22:30:26.969+0000] {processor.py:179} INFO - Processing /usr/local/python/3.10.13/lib/python3.10/site-packages/airflow/example_dags/example_skip_dag.py took 0.074 seconds
[2024-04-23T22:31:20.053+0000] {processor.py:157} INFO - Started process (PID=32758) to work on /usr/local/python/3.10.13/lib/python3.10/site-packages/airflow/example_dags/example_skip_dag.py
[2024-04-23T22:31:20.054+0000] {processor.py:826} INFO - Processing file /usr/local/python/3.10.13/lib/python3.10/site-packages/airflow/example_dags/example_skip_dag.py for tasks to queue
[2024-04-23T22:31:20.055+0000] {logging_mixin.py:150} INFO - [2024-04-23T22:31:20.054+0000] {dagbag.py:541} INFO - Filling up the DagBag from /usr/local/python/3.10.13/lib/python3.10/site-packages/airflow/example_dags/example_skip_dag.py
[2024-04-23T22:31:20.065+0000] {processor.py:836} INFO - DAG(s) dict_keys(['example_skip_dag']) retrieved from /usr/local/python/3.10.13/lib/python3.10/site-packages/airflow/example_dags/example_skip_dag.py
[2024-04-23T22:31:20.080+0000] {logging_mixin.py:150} INFO - [2024-04-23T22:31:20.080+0000] {dag.py:2742} INFO - Sync 1 DAGs
[2024-04-23T22:31:20.097+0000] {logging_mixin.py:150} INFO - [2024-04-23T22:31:20.097+0000] {dag.py:3504} INFO - Setting next_dagrun for example_skip_dag to 2024-04-22T22:31:20.097012+00:00, run_after=2024-04-23T22:31:20.097012+00:00
[2024-04-23T22:31:20.140+0000] {processor.py:179} INFO - Processing /usr/local/python/3.10.13/lib/python3.10/site-packages/airflow/example_dags/example_skip_dag.py took 0.090 seconds
[2024-04-23T22:31:56.317+0000] {processor.py:157} INFO - Started process (PID=33014) to work on /usr/local/python/3.10.13/lib/python3.10/site-packages/airflow/example_dags/example_skip_dag.py
[2024-04-23T22:31:56.318+0000] {processor.py:826} INFO - Processing file /usr/local/python/3.10.13/lib/python3.10/site-packages/airflow/example_dags/example_skip_dag.py for tasks to queue
[2024-04-23T22:31:56.319+0000] {logging_mixin.py:150} INFO - [2024-04-23T22:31:56.318+0000] {dagbag.py:541} INFO - Filling up the DagBag from /usr/local/python/3.10.13/lib/python3.10/site-packages/airflow/example_dags/example_skip_dag.py
[2024-04-23T22:31:56.324+0000] {processor.py:836} INFO - DAG(s) dict_keys(['example_skip_dag']) retrieved from /usr/local/python/3.10.13/lib/python3.10/site-packages/airflow/example_dags/example_skip_dag.py
[2024-04-23T22:31:56.337+0000] {logging_mixin.py:150} INFO - [2024-04-23T22:31:56.336+0000] {dag.py:2742} INFO - Sync 1 DAGs
[2024-04-23T22:31:56.354+0000] {logging_mixin.py:150} INFO - [2024-04-23T22:31:56.353+0000] {dag.py:3504} INFO - Setting next_dagrun for example_skip_dag to 2024-04-22T22:31:56.353688+00:00, run_after=2024-04-23T22:31:56.353688+00:00
[2024-04-23T22:31:56.394+0000] {processor.py:179} INFO - Processing /usr/local/python/3.10.13/lib/python3.10/site-packages/airflow/example_dags/example_skip_dag.py took 0.079 seconds
[2024-04-23T22:32:47.738+0000] {processor.py:157} INFO - Started process (PID=33405) to work on /usr/local/python/3.10.13/lib/python3.10/site-packages/airflow/example_dags/example_skip_dag.py
[2024-04-23T22:32:47.739+0000] {processor.py:826} INFO - Processing file /usr/local/python/3.10.13/lib/python3.10/site-packages/airflow/example_dags/example_skip_dag.py for tasks to queue
[2024-04-23T22:32:47.739+0000] {logging_mixin.py:150} INFO - [2024-04-23T22:32:47.739+0000] {dagbag.py:541} INFO - Filling up the DagBag from /usr/local/python/3.10.13/lib/python3.10/site-packages/airflow/example_dags/example_skip_dag.py
[2024-04-23T22:32:47.745+0000] {processor.py:836} INFO - DAG(s) dict_keys(['example_skip_dag']) retrieved from /usr/local/python/3.10.13/lib/python3.10/site-packages/airflow/example_dags/example_skip_dag.py
[2024-04-23T22:32:47.758+0000] {logging_mixin.py:150} INFO - [2024-04-23T22:32:47.757+0000] {dag.py:2742} INFO - Sync 1 DAGs
[2024-04-23T22:32:47.773+0000] {logging_mixin.py:150} INFO - [2024-04-23T22:32:47.772+0000] {dag.py:3504} INFO - Setting next_dagrun for example_skip_dag to 2024-04-22T22:32:47.772799+00:00, run_after=2024-04-23T22:32:47.772799+00:00
[2024-04-23T22:32:47.810+0000] {processor.py:179} INFO - Processing /usr/local/python/3.10.13/lib/python3.10/site-packages/airflow/example_dags/example_skip_dag.py took 0.073 seconds
[2024-04-23T22:33:37.846+0000] {processor.py:157} INFO - Started process (PID=33789) to work on /usr/local/python/3.10.13/lib/python3.10/site-packages/airflow/example_dags/example_skip_dag.py
[2024-04-23T22:33:37.846+0000] {processor.py:826} INFO - Processing file /usr/local/python/3.10.13/lib/python3.10/site-packages/airflow/example_dags/example_skip_dag.py for tasks to queue
[2024-04-23T22:33:37.847+0000] {logging_mixin.py:150} INFO - [2024-04-23T22:33:37.847+0000] {dagbag.py:541} INFO - Filling up the DagBag from /usr/local/python/3.10.13/lib/python3.10/site-packages/airflow/example_dags/example_skip_dag.py
[2024-04-23T22:33:37.852+0000] {processor.py:836} INFO - DAG(s) dict_keys(['example_skip_dag']) retrieved from /usr/local/python/3.10.13/lib/python3.10/site-packages/airflow/example_dags/example_skip_dag.py
[2024-04-23T22:33:37.868+0000] {logging_mixin.py:150} INFO - [2024-04-23T22:33:37.868+0000] {dag.py:2742} INFO - Sync 1 DAGs
[2024-04-23T22:33:37.885+0000] {logging_mixin.py:150} INFO - [2024-04-23T22:33:37.884+0000] {dag.py:3504} INFO - Setting next_dagrun for example_skip_dag to 2024-04-22T22:33:37.884791+00:00, run_after=2024-04-23T22:33:37.884791+00:00
[2024-04-23T22:33:37.929+0000] {processor.py:179} INFO - Processing /usr/local/python/3.10.13/lib/python3.10/site-packages/airflow/example_dags/example_skip_dag.py took 0.086 seconds
[2024-04-23T22:34:13.274+0000] {processor.py:157} INFO - Started process (PID=34066) to work on /usr/local/python/3.10.13/lib/python3.10/site-packages/airflow/example_dags/example_skip_dag.py
[2024-04-23T22:34:13.275+0000] {processor.py:826} INFO - Processing file /usr/local/python/3.10.13/lib/python3.10/site-packages/airflow/example_dags/example_skip_dag.py for tasks to queue
[2024-04-23T22:34:13.275+0000] {logging_mixin.py:150} INFO - [2024-04-23T22:34:13.275+0000] {dagbag.py:541} INFO - Filling up the DagBag from /usr/local/python/3.10.13/lib/python3.10/site-packages/airflow/example_dags/example_skip_dag.py
[2024-04-23T22:34:13.281+0000] {processor.py:836} INFO - DAG(s) dict_keys(['example_skip_dag']) retrieved from /usr/local/python/3.10.13/lib/python3.10/site-packages/airflow/example_dags/example_skip_dag.py
[2024-04-23T22:34:13.294+0000] {logging_mixin.py:150} INFO - [2024-04-23T22:34:13.293+0000] {dag.py:2742} INFO - Sync 1 DAGs
[2024-04-23T22:34:13.309+0000] {logging_mixin.py:150} INFO - [2024-04-23T22:34:13.309+0000] {dag.py:3504} INFO - Setting next_dagrun for example_skip_dag to 2024-04-22T22:34:13.309117+00:00, run_after=2024-04-23T22:34:13.309117+00:00
[2024-04-23T22:34:13.352+0000] {processor.py:179} INFO - Processing /usr/local/python/3.10.13/lib/python3.10/site-packages/airflow/example_dags/example_skip_dag.py took 0.080 seconds
[2024-04-23T22:34:48.945+0000] {processor.py:157} INFO - Started process (PID=34319) to work on /usr/local/python/3.10.13/lib/python3.10/site-packages/airflow/example_dags/example_skip_dag.py
[2024-04-23T22:34:48.946+0000] {processor.py:826} INFO - Processing file /usr/local/python/3.10.13/lib/python3.10/site-packages/airflow/example_dags/example_skip_dag.py for tasks to queue
[2024-04-23T22:34:48.947+0000] {logging_mixin.py:150} INFO - [2024-04-23T22:34:48.946+0000] {dagbag.py:541} INFO - Filling up the DagBag from /usr/local/python/3.10.13/lib/python3.10/site-packages/airflow/example_dags/example_skip_dag.py
[2024-04-23T22:34:48.952+0000] {processor.py:836} INFO - DAG(s) dict_keys(['example_skip_dag']) retrieved from /usr/local/python/3.10.13/lib/python3.10/site-packages/airflow/example_dags/example_skip_dag.py
[2024-04-23T22:34:48.964+0000] {logging_mixin.py:150} INFO - [2024-04-23T22:34:48.964+0000] {dag.py:2742} INFO - Sync 1 DAGs
[2024-04-23T22:34:48.979+0000] {logging_mixin.py:150} INFO - [2024-04-23T22:34:48.979+0000] {dag.py:3504} INFO - Setting next_dagrun for example_skip_dag to 2024-04-22T22:34:48.979612+00:00, run_after=2024-04-23T22:34:48.979612+00:00
[2024-04-23T22:34:49.019+0000] {processor.py:179} INFO - Processing /usr/local/python/3.10.13/lib/python3.10/site-packages/airflow/example_dags/example_skip_dag.py took 0.076 seconds
[2024-04-23T22:35:38.418+0000] {processor.py:157} INFO - Started process (PID=34808) to work on /usr/local/python/3.10.13/lib/python3.10/site-packages/airflow/example_dags/example_skip_dag.py
[2024-04-23T22:35:38.419+0000] {processor.py:826} INFO - Processing file /usr/local/python/3.10.13/lib/python3.10/site-packages/airflow/example_dags/example_skip_dag.py for tasks to queue
[2024-04-23T22:35:38.419+0000] {logging_mixin.py:150} INFO - [2024-04-23T22:35:38.419+0000] {dagbag.py:541} INFO - Filling up the DagBag from /usr/local/python/3.10.13/lib/python3.10/site-packages/airflow/example_dags/example_skip_dag.py
[2024-04-23T22:35:38.425+0000] {processor.py:836} INFO - DAG(s) dict_keys(['example_skip_dag']) retrieved from /usr/local/python/3.10.13/lib/python3.10/site-packages/airflow/example_dags/example_skip_dag.py
[2024-04-23T22:35:38.444+0000] {logging_mixin.py:150} INFO - [2024-04-23T22:35:38.444+0000] {dag.py:2742} INFO - Sync 1 DAGs
[2024-04-23T22:35:38.465+0000] {logging_mixin.py:150} INFO - [2024-04-23T22:35:38.465+0000] {dag.py:3504} INFO - Setting next_dagrun for example_skip_dag to 2024-04-22T22:35:38.465388+00:00, run_after=2024-04-23T22:35:38.465388+00:00
[2024-04-23T22:35:38.507+0000] {processor.py:179} INFO - Processing /usr/local/python/3.10.13/lib/python3.10/site-packages/airflow/example_dags/example_skip_dag.py took 0.091 seconds
[2024-04-23T22:36:28.753+0000] {processor.py:157} INFO - Started process (PID=35206) to work on /usr/local/python/3.10.13/lib/python3.10/site-packages/airflow/example_dags/example_skip_dag.py
[2024-04-23T22:36:28.754+0000] {processor.py:826} INFO - Processing file /usr/local/python/3.10.13/lib/python3.10/site-packages/airflow/example_dags/example_skip_dag.py for tasks to queue
[2024-04-23T22:36:28.754+0000] {logging_mixin.py:150} INFO - [2024-04-23T22:36:28.754+0000] {dagbag.py:541} INFO - Filling up the DagBag from /usr/local/python/3.10.13/lib/python3.10/site-packages/airflow/example_dags/example_skip_dag.py
[2024-04-23T22:36:28.760+0000] {processor.py:836} INFO - DAG(s) dict_keys(['example_skip_dag']) retrieved from /usr/local/python/3.10.13/lib/python3.10/site-packages/airflow/example_dags/example_skip_dag.py
[2024-04-23T22:36:28.772+0000] {logging_mixin.py:150} INFO - [2024-04-23T22:36:28.772+0000] {dag.py:2742} INFO - Sync 1 DAGs
[2024-04-23T22:36:28.787+0000] {logging_mixin.py:150} INFO - [2024-04-23T22:36:28.787+0000] {dag.py:3504} INFO - Setting next_dagrun for example_skip_dag to 2024-04-22T22:36:28.787058+00:00, run_after=2024-04-23T22:36:28.787058+00:00
[2024-04-23T22:36:28.826+0000] {processor.py:179} INFO - Processing /usr/local/python/3.10.13/lib/python3.10/site-packages/airflow/example_dags/example_skip_dag.py took 0.076 seconds
[2024-04-23T22:37:05.964+0000] {processor.py:157} INFO - Started process (PID=35485) to work on /usr/local/python/3.10.13/lib/python3.10/site-packages/airflow/example_dags/example_skip_dag.py
[2024-04-23T22:37:05.964+0000] {processor.py:826} INFO - Processing file /usr/local/python/3.10.13/lib/python3.10/site-packages/airflow/example_dags/example_skip_dag.py for tasks to queue
[2024-04-23T22:37:05.965+0000] {logging_mixin.py:150} INFO - [2024-04-23T22:37:05.965+0000] {dagbag.py:541} INFO - Filling up the DagBag from /usr/local/python/3.10.13/lib/python3.10/site-packages/airflow/example_dags/example_skip_dag.py
[2024-04-23T22:37:05.970+0000] {processor.py:836} INFO - DAG(s) dict_keys(['example_skip_dag']) retrieved from /usr/local/python/3.10.13/lib/python3.10/site-packages/airflow/example_dags/example_skip_dag.py
[2024-04-23T22:37:05.982+0000] {logging_mixin.py:150} INFO - [2024-04-23T22:37:05.982+0000] {dag.py:2742} INFO - Sync 1 DAGs
[2024-04-23T22:37:05.997+0000] {logging_mixin.py:150} INFO - [2024-04-23T22:37:05.997+0000] {dag.py:3504} INFO - Setting next_dagrun for example_skip_dag to 2024-04-22T22:37:05.996786+00:00, run_after=2024-04-23T22:37:05.996786+00:00
[2024-04-23T22:37:06.037+0000] {processor.py:179} INFO - Processing /usr/local/python/3.10.13/lib/python3.10/site-packages/airflow/example_dags/example_skip_dag.py took 0.075 seconds
[2024-04-23T22:37:39.994+0000] {processor.py:157} INFO - Started process (PID=35738) to work on /usr/local/python/3.10.13/lib/python3.10/site-packages/airflow/example_dags/example_skip_dag.py
[2024-04-23T22:37:39.995+0000] {processor.py:826} INFO - Processing file /usr/local/python/3.10.13/lib/python3.10/site-packages/airflow/example_dags/example_skip_dag.py for tasks to queue
[2024-04-23T22:37:39.996+0000] {logging_mixin.py:150} INFO - [2024-04-23T22:37:39.995+0000] {dagbag.py:541} INFO - Filling up the DagBag from /usr/local/python/3.10.13/lib/python3.10/site-packages/airflow/example_dags/example_skip_dag.py
[2024-04-23T22:37:40.001+0000] {processor.py:836} INFO - DAG(s) dict_keys(['example_skip_dag']) retrieved from /usr/local/python/3.10.13/lib/python3.10/site-packages/airflow/example_dags/example_skip_dag.py
[2024-04-23T22:37:40.013+0000] {logging_mixin.py:150} INFO - [2024-04-23T22:37:40.013+0000] {dag.py:2742} INFO - Sync 1 DAGs
[2024-04-23T22:37:40.028+0000] {logging_mixin.py:150} INFO - [2024-04-23T22:37:40.028+0000] {dag.py:3504} INFO - Setting next_dagrun for example_skip_dag to 2024-04-22T22:37:40.028093+00:00, run_after=2024-04-23T22:37:40.028093+00:00
[2024-04-23T22:37:40.068+0000] {processor.py:179} INFO - Processing /usr/local/python/3.10.13/lib/python3.10/site-packages/airflow/example_dags/example_skip_dag.py took 0.076 seconds
[2024-04-23T22:38:29.605+0000] {processor.py:157} INFO - Started process (PID=36108) to work on /usr/local/python/3.10.13/lib/python3.10/site-packages/airflow/example_dags/example_skip_dag.py
[2024-04-23T22:38:29.606+0000] {processor.py:826} INFO - Processing file /usr/local/python/3.10.13/lib/python3.10/site-packages/airflow/example_dags/example_skip_dag.py for tasks to queue
[2024-04-23T22:38:29.606+0000] {logging_mixin.py:150} INFO - [2024-04-23T22:38:29.606+0000] {dagbag.py:541} INFO - Filling up the DagBag from /usr/local/python/3.10.13/lib/python3.10/site-packages/airflow/example_dags/example_skip_dag.py
[2024-04-23T22:38:29.612+0000] {processor.py:836} INFO - DAG(s) dict_keys(['example_skip_dag']) retrieved from /usr/local/python/3.10.13/lib/python3.10/site-packages/airflow/example_dags/example_skip_dag.py
[2024-04-23T22:38:29.625+0000] {logging_mixin.py:150} INFO - [2024-04-23T22:38:29.625+0000] {dag.py:2742} INFO - Sync 1 DAGs
[2024-04-23T22:38:29.641+0000] {logging_mixin.py:150} INFO - [2024-04-23T22:38:29.641+0000] {dag.py:3504} INFO - Setting next_dagrun for example_skip_dag to 2024-04-22T22:38:29.641012+00:00, run_after=2024-04-23T22:38:29.641012+00:00
[2024-04-23T22:38:29.680+0000] {processor.py:179} INFO - Processing /usr/local/python/3.10.13/lib/python3.10/site-packages/airflow/example_dags/example_skip_dag.py took 0.078 seconds
[2024-04-23T22:39:06.485+0000] {processor.py:157} INFO - Started process (PID=36389) to work on /usr/local/python/3.10.13/lib/python3.10/site-packages/airflow/example_dags/example_skip_dag.py
[2024-04-23T22:39:06.495+0000] {processor.py:826} INFO - Processing file /usr/local/python/3.10.13/lib/python3.10/site-packages/airflow/example_dags/example_skip_dag.py for tasks to queue
[2024-04-23T22:39:06.496+0000] {logging_mixin.py:150} INFO - [2024-04-23T22:39:06.496+0000] {dagbag.py:541} INFO - Filling up the DagBag from /usr/local/python/3.10.13/lib/python3.10/site-packages/airflow/example_dags/example_skip_dag.py
[2024-04-23T22:39:06.517+0000] {processor.py:836} INFO - DAG(s) dict_keys(['example_skip_dag']) retrieved from /usr/local/python/3.10.13/lib/python3.10/site-packages/airflow/example_dags/example_skip_dag.py
[2024-04-23T22:39:06.559+0000] {logging_mixin.py:150} INFO - [2024-04-23T22:39:06.559+0000] {dag.py:2742} INFO - Sync 1 DAGs
[2024-04-23T22:39:06.582+0000] {logging_mixin.py:150} INFO - [2024-04-23T22:39:06.581+0000] {dag.py:3504} INFO - Setting next_dagrun for example_skip_dag to 2024-04-22T22:39:06.581689+00:00, run_after=2024-04-23T22:39:06.581689+00:00
[2024-04-23T22:39:06.620+0000] {processor.py:179} INFO - Processing /usr/local/python/3.10.13/lib/python3.10/site-packages/airflow/example_dags/example_skip_dag.py took 0.138 seconds
[2024-04-23T22:39:56.558+0000] {processor.py:157} INFO - Started process (PID=36767) to work on /usr/local/python/3.10.13/lib/python3.10/site-packages/airflow/example_dags/example_skip_dag.py
[2024-04-23T22:39:56.558+0000] {processor.py:826} INFO - Processing file /usr/local/python/3.10.13/lib/python3.10/site-packages/airflow/example_dags/example_skip_dag.py for tasks to queue
[2024-04-23T22:39:56.559+0000] {logging_mixin.py:150} INFO - [2024-04-23T22:39:56.559+0000] {dagbag.py:541} INFO - Filling up the DagBag from /usr/local/python/3.10.13/lib/python3.10/site-packages/airflow/example_dags/example_skip_dag.py
[2024-04-23T22:39:56.564+0000] {processor.py:836} INFO - DAG(s) dict_keys(['example_skip_dag']) retrieved from /usr/local/python/3.10.13/lib/python3.10/site-packages/airflow/example_dags/example_skip_dag.py
[2024-04-23T22:39:56.577+0000] {logging_mixin.py:150} INFO - [2024-04-23T22:39:56.577+0000] {dag.py:2742} INFO - Sync 1 DAGs
[2024-04-23T22:39:56.592+0000] {logging_mixin.py:150} INFO - [2024-04-23T22:39:56.592+0000] {dag.py:3504} INFO - Setting next_dagrun for example_skip_dag to 2024-04-22T22:39:56.592077+00:00, run_after=2024-04-23T22:39:56.592077+00:00
[2024-04-23T22:39:56.629+0000] {processor.py:179} INFO - Processing /usr/local/python/3.10.13/lib/python3.10/site-packages/airflow/example_dags/example_skip_dag.py took 0.074 seconds
[2024-04-23T22:40:49.483+0000] {processor.py:157} INFO - Started process (PID=37177) to work on /usr/local/python/3.10.13/lib/python3.10/site-packages/airflow/example_dags/example_skip_dag.py
[2024-04-23T22:40:49.483+0000] {processor.py:826} INFO - Processing file /usr/local/python/3.10.13/lib/python3.10/site-packages/airflow/example_dags/example_skip_dag.py for tasks to queue
[2024-04-23T22:40:49.484+0000] {logging_mixin.py:150} INFO - [2024-04-23T22:40:49.484+0000] {dagbag.py:541} INFO - Filling up the DagBag from /usr/local/python/3.10.13/lib/python3.10/site-packages/airflow/example_dags/example_skip_dag.py
[2024-04-23T22:40:49.489+0000] {processor.py:836} INFO - DAG(s) dict_keys(['example_skip_dag']) retrieved from /usr/local/python/3.10.13/lib/python3.10/site-packages/airflow/example_dags/example_skip_dag.py
[2024-04-23T22:40:49.502+0000] {logging_mixin.py:150} INFO - [2024-04-23T22:40:49.501+0000] {dag.py:2742} INFO - Sync 1 DAGs
[2024-04-23T22:40:49.516+0000] {logging_mixin.py:150} INFO - [2024-04-23T22:40:49.516+0000] {dag.py:3504} INFO - Setting next_dagrun for example_skip_dag to 2024-04-22T22:40:49.516561+00:00, run_after=2024-04-23T22:40:49.516561+00:00
[2024-04-23T22:40:49.557+0000] {processor.py:179} INFO - Processing /usr/local/python/3.10.13/lib/python3.10/site-packages/airflow/example_dags/example_skip_dag.py took 0.076 seconds
[2024-04-23T22:41:27.180+0000] {processor.py:157} INFO - Started process (PID=37448) to work on /usr/local/python/3.10.13/lib/python3.10/site-packages/airflow/example_dags/example_skip_dag.py
[2024-04-23T22:41:27.181+0000] {processor.py:826} INFO - Processing file /usr/local/python/3.10.13/lib/python3.10/site-packages/airflow/example_dags/example_skip_dag.py for tasks to queue
[2024-04-23T22:41:27.181+0000] {logging_mixin.py:150} INFO - [2024-04-23T22:41:27.181+0000] {dagbag.py:541} INFO - Filling up the DagBag from /usr/local/python/3.10.13/lib/python3.10/site-packages/airflow/example_dags/example_skip_dag.py
[2024-04-23T22:41:27.187+0000] {processor.py:836} INFO - DAG(s) dict_keys(['example_skip_dag']) retrieved from /usr/local/python/3.10.13/lib/python3.10/site-packages/airflow/example_dags/example_skip_dag.py
[2024-04-23T22:41:27.199+0000] {logging_mixin.py:150} INFO - [2024-04-23T22:41:27.199+0000] {dag.py:2742} INFO - Sync 1 DAGs
[2024-04-23T22:41:27.214+0000] {logging_mixin.py:150} INFO - [2024-04-23T22:41:27.214+0000] {dag.py:3504} INFO - Setting next_dagrun for example_skip_dag to 2024-04-22T22:41:27.214036+00:00, run_after=2024-04-23T22:41:27.214036+00:00
[2024-04-23T22:41:27.252+0000] {processor.py:179} INFO - Processing /usr/local/python/3.10.13/lib/python3.10/site-packages/airflow/example_dags/example_skip_dag.py took 0.074 seconds
[2024-04-23T22:42:03.200+0000] {processor.py:157} INFO - Started process (PID=37731) to work on /usr/local/python/3.10.13/lib/python3.10/site-packages/airflow/example_dags/example_skip_dag.py
[2024-04-23T22:42:03.201+0000] {processor.py:826} INFO - Processing file /usr/local/python/3.10.13/lib/python3.10/site-packages/airflow/example_dags/example_skip_dag.py for tasks to queue
[2024-04-23T22:42:03.202+0000] {logging_mixin.py:150} INFO - [2024-04-23T22:42:03.201+0000] {dagbag.py:541} INFO - Filling up the DagBag from /usr/local/python/3.10.13/lib/python3.10/site-packages/airflow/example_dags/example_skip_dag.py
[2024-04-23T22:42:03.207+0000] {processor.py:836} INFO - DAG(s) dict_keys(['example_skip_dag']) retrieved from /usr/local/python/3.10.13/lib/python3.10/site-packages/airflow/example_dags/example_skip_dag.py
[2024-04-23T22:42:03.220+0000] {logging_mixin.py:150} INFO - [2024-04-23T22:42:03.220+0000] {dag.py:2742} INFO - Sync 1 DAGs
[2024-04-23T22:42:03.235+0000] {logging_mixin.py:150} INFO - [2024-04-23T22:42:03.235+0000] {dag.py:3504} INFO - Setting next_dagrun for example_skip_dag to 2024-04-22T22:42:03.235199+00:00, run_after=2024-04-23T22:42:03.235199+00:00
[2024-04-23T22:42:03.280+0000] {processor.py:179} INFO - Processing /usr/local/python/3.10.13/lib/python3.10/site-packages/airflow/example_dags/example_skip_dag.py took 0.082 seconds
[2024-04-23T22:42:53.049+0000] {processor.py:157} INFO - Started process (PID=38096) to work on /usr/local/python/3.10.13/lib/python3.10/site-packages/airflow/example_dags/example_skip_dag.py
[2024-04-23T22:42:53.049+0000] {processor.py:826} INFO - Processing file /usr/local/python/3.10.13/lib/python3.10/site-packages/airflow/example_dags/example_skip_dag.py for tasks to queue
[2024-04-23T22:42:53.050+0000] {logging_mixin.py:150} INFO - [2024-04-23T22:42:53.050+0000] {dagbag.py:541} INFO - Filling up the DagBag from /usr/local/python/3.10.13/lib/python3.10/site-packages/airflow/example_dags/example_skip_dag.py
[2024-04-23T22:42:53.055+0000] {processor.py:836} INFO - DAG(s) dict_keys(['example_skip_dag']) retrieved from /usr/local/python/3.10.13/lib/python3.10/site-packages/airflow/example_dags/example_skip_dag.py
[2024-04-23T22:42:53.068+0000] {logging_mixin.py:150} INFO - [2024-04-23T22:42:53.068+0000] {dag.py:2742} INFO - Sync 1 DAGs
[2024-04-23T22:42:53.083+0000] {logging_mixin.py:150} INFO - [2024-04-23T22:42:53.083+0000] {dag.py:3504} INFO - Setting next_dagrun for example_skip_dag to 2024-04-22T22:42:53.083404+00:00, run_after=2024-04-23T22:42:53.083404+00:00
[2024-04-23T22:42:53.127+0000] {processor.py:179} INFO - Processing /usr/local/python/3.10.13/lib/python3.10/site-packages/airflow/example_dags/example_skip_dag.py took 0.081 seconds
[2024-04-23T22:43:30.225+0000] {processor.py:157} INFO - Started process (PID=38353) to work on /usr/local/python/3.10.13/lib/python3.10/site-packages/airflow/example_dags/example_skip_dag.py
[2024-04-23T22:43:30.226+0000] {processor.py:826} INFO - Processing file /usr/local/python/3.10.13/lib/python3.10/site-packages/airflow/example_dags/example_skip_dag.py for tasks to queue
[2024-04-23T22:43:30.227+0000] {logging_mixin.py:150} INFO - [2024-04-23T22:43:30.226+0000] {dagbag.py:541} INFO - Filling up the DagBag from /usr/local/python/3.10.13/lib/python3.10/site-packages/airflow/example_dags/example_skip_dag.py
[2024-04-23T22:43:30.232+0000] {processor.py:836} INFO - DAG(s) dict_keys(['example_skip_dag']) retrieved from /usr/local/python/3.10.13/lib/python3.10/site-packages/airflow/example_dags/example_skip_dag.py
[2024-04-23T22:43:30.245+0000] {logging_mixin.py:150} INFO - [2024-04-23T22:43:30.245+0000] {dag.py:2742} INFO - Sync 1 DAGs
[2024-04-23T22:43:30.260+0000] {logging_mixin.py:150} INFO - [2024-04-23T22:43:30.260+0000] {dag.py:3504} INFO - Setting next_dagrun for example_skip_dag to 2024-04-22T22:43:30.260654+00:00, run_after=2024-04-23T22:43:30.260654+00:00
[2024-04-23T22:43:30.322+0000] {processor.py:179} INFO - Processing /usr/local/python/3.10.13/lib/python3.10/site-packages/airflow/example_dags/example_skip_dag.py took 0.099 seconds
[2024-04-23T22:44:17.855+0000] {processor.py:157} INFO - Started process (PID=38702) to work on /usr/local/python/3.10.13/lib/python3.10/site-packages/airflow/example_dags/example_skip_dag.py
[2024-04-23T22:44:17.856+0000] {processor.py:826} INFO - Processing file /usr/local/python/3.10.13/lib/python3.10/site-packages/airflow/example_dags/example_skip_dag.py for tasks to queue
[2024-04-23T22:44:17.857+0000] {logging_mixin.py:150} INFO - [2024-04-23T22:44:17.857+0000] {dagbag.py:541} INFO - Filling up the DagBag from /usr/local/python/3.10.13/lib/python3.10/site-packages/airflow/example_dags/example_skip_dag.py
[2024-04-23T22:44:17.863+0000] {processor.py:836} INFO - DAG(s) dict_keys(['example_skip_dag']) retrieved from /usr/local/python/3.10.13/lib/python3.10/site-packages/airflow/example_dags/example_skip_dag.py
[2024-04-23T22:44:17.876+0000] {logging_mixin.py:150} INFO - [2024-04-23T22:44:17.875+0000] {dag.py:2742} INFO - Sync 1 DAGs
[2024-04-23T22:44:17.891+0000] {logging_mixin.py:150} INFO - [2024-04-23T22:44:17.891+0000] {dag.py:3504} INFO - Setting next_dagrun for example_skip_dag to 2024-04-22T22:44:17.891133+00:00, run_after=2024-04-23T22:44:17.891133+00:00
[2024-04-23T22:44:17.929+0000] {processor.py:179} INFO - Processing /usr/local/python/3.10.13/lib/python3.10/site-packages/airflow/example_dags/example_skip_dag.py took 0.076 seconds
[2024-04-23T22:45:06.658+0000] {processor.py:157} INFO - Started process (PID=39058) to work on /usr/local/python/3.10.13/lib/python3.10/site-packages/airflow/example_dags/example_skip_dag.py
[2024-04-23T22:45:06.659+0000] {processor.py:826} INFO - Processing file /usr/local/python/3.10.13/lib/python3.10/site-packages/airflow/example_dags/example_skip_dag.py for tasks to queue
[2024-04-23T22:45:06.659+0000] {logging_mixin.py:150} INFO - [2024-04-23T22:45:06.659+0000] {dagbag.py:541} INFO - Filling up the DagBag from /usr/local/python/3.10.13/lib/python3.10/site-packages/airflow/example_dags/example_skip_dag.py
[2024-04-23T22:45:06.665+0000] {processor.py:836} INFO - DAG(s) dict_keys(['example_skip_dag']) retrieved from /usr/local/python/3.10.13/lib/python3.10/site-packages/airflow/example_dags/example_skip_dag.py
[2024-04-23T22:45:06.677+0000] {logging_mixin.py:150} INFO - [2024-04-23T22:45:06.677+0000] {dag.py:2742} INFO - Sync 1 DAGs
[2024-04-23T22:45:06.696+0000] {logging_mixin.py:150} INFO - [2024-04-23T22:45:06.696+0000] {dag.py:3504} INFO - Setting next_dagrun for example_skip_dag to 2024-04-22T22:45:06.696445+00:00, run_after=2024-04-23T22:45:06.696445+00:00
[2024-04-23T22:45:06.736+0000] {processor.py:179} INFO - Processing /usr/local/python/3.10.13/lib/python3.10/site-packages/airflow/example_dags/example_skip_dag.py took 0.081 seconds
[2024-04-23T22:45:58.120+0000] {processor.py:157} INFO - Started process (PID=39458) to work on /usr/local/python/3.10.13/lib/python3.10/site-packages/airflow/example_dags/example_skip_dag.py
[2024-04-23T22:45:58.120+0000] {processor.py:826} INFO - Processing file /usr/local/python/3.10.13/lib/python3.10/site-packages/airflow/example_dags/example_skip_dag.py for tasks to queue
[2024-04-23T22:45:58.121+0000] {logging_mixin.py:150} INFO - [2024-04-23T22:45:58.121+0000] {dagbag.py:541} INFO - Filling up the DagBag from /usr/local/python/3.10.13/lib/python3.10/site-packages/airflow/example_dags/example_skip_dag.py
[2024-04-23T22:45:58.126+0000] {processor.py:836} INFO - DAG(s) dict_keys(['example_skip_dag']) retrieved from /usr/local/python/3.10.13/lib/python3.10/site-packages/airflow/example_dags/example_skip_dag.py
[2024-04-23T22:45:58.139+0000] {logging_mixin.py:150} INFO - [2024-04-23T22:45:58.139+0000] {dag.py:2742} INFO - Sync 1 DAGs
[2024-04-23T22:45:58.154+0000] {logging_mixin.py:150} INFO - [2024-04-23T22:45:58.154+0000] {dag.py:3504} INFO - Setting next_dagrun for example_skip_dag to 2024-04-22T22:45:58.154126+00:00, run_after=2024-04-23T22:45:58.154126+00:00
[2024-04-23T22:45:58.191+0000] {processor.py:179} INFO - Processing /usr/local/python/3.10.13/lib/python3.10/site-packages/airflow/example_dags/example_skip_dag.py took 0.074 seconds
[2024-04-23T22:46:34.282+0000] {processor.py:157} INFO - Started process (PID=39742) to work on /usr/local/python/3.10.13/lib/python3.10/site-packages/airflow/example_dags/example_skip_dag.py
[2024-04-23T22:46:34.283+0000] {processor.py:826} INFO - Processing file /usr/local/python/3.10.13/lib/python3.10/site-packages/airflow/example_dags/example_skip_dag.py for tasks to queue
[2024-04-23T22:46:34.284+0000] {logging_mixin.py:150} INFO - [2024-04-23T22:46:34.283+0000] {dagbag.py:541} INFO - Filling up the DagBag from /usr/local/python/3.10.13/lib/python3.10/site-packages/airflow/example_dags/example_skip_dag.py
[2024-04-23T22:46:34.290+0000] {processor.py:836} INFO - DAG(s) dict_keys(['example_skip_dag']) retrieved from /usr/local/python/3.10.13/lib/python3.10/site-packages/airflow/example_dags/example_skip_dag.py
[2024-04-23T22:46:34.303+0000] {logging_mixin.py:150} INFO - [2024-04-23T22:46:34.303+0000] {dag.py:2742} INFO - Sync 1 DAGs
[2024-04-23T22:46:34.322+0000] {logging_mixin.py:150} INFO - [2024-04-23T22:46:34.322+0000] {dag.py:3504} INFO - Setting next_dagrun for example_skip_dag to 2024-04-22T22:46:34.322506+00:00, run_after=2024-04-23T22:46:34.322506+00:00
[2024-04-23T22:46:34.363+0000] {processor.py:179} INFO - Processing /usr/local/python/3.10.13/lib/python3.10/site-packages/airflow/example_dags/example_skip_dag.py took 0.084 seconds
[2024-04-23T22:47:09.559+0000] {processor.py:157} INFO - Started process (PID=39998) to work on /usr/local/python/3.10.13/lib/python3.10/site-packages/airflow/example_dags/example_skip_dag.py
[2024-04-23T22:47:09.559+0000] {processor.py:826} INFO - Processing file /usr/local/python/3.10.13/lib/python3.10/site-packages/airflow/example_dags/example_skip_dag.py for tasks to queue
[2024-04-23T22:47:09.560+0000] {logging_mixin.py:150} INFO - [2024-04-23T22:47:09.560+0000] {dagbag.py:541} INFO - Filling up the DagBag from /usr/local/python/3.10.13/lib/python3.10/site-packages/airflow/example_dags/example_skip_dag.py
[2024-04-23T22:47:09.566+0000] {processor.py:836} INFO - DAG(s) dict_keys(['example_skip_dag']) retrieved from /usr/local/python/3.10.13/lib/python3.10/site-packages/airflow/example_dags/example_skip_dag.py
[2024-04-23T22:47:09.578+0000] {logging_mixin.py:150} INFO - [2024-04-23T22:47:09.578+0000] {dag.py:2742} INFO - Sync 1 DAGs
[2024-04-23T22:47:09.597+0000] {logging_mixin.py:150} INFO - [2024-04-23T22:47:09.597+0000] {dag.py:3504} INFO - Setting next_dagrun for example_skip_dag to 2024-04-22T22:47:09.597344+00:00, run_after=2024-04-23T22:47:09.597344+00:00
[2024-04-23T22:47:09.640+0000] {processor.py:179} INFO - Processing /usr/local/python/3.10.13/lib/python3.10/site-packages/airflow/example_dags/example_skip_dag.py took 0.083 seconds
[2024-04-23T22:47:47.986+0000] {processor.py:157} INFO - Started process (PID=40282) to work on /usr/local/python/3.10.13/lib/python3.10/site-packages/airflow/example_dags/example_skip_dag.py
[2024-04-23T22:47:47.987+0000] {processor.py:826} INFO - Processing file /usr/local/python/3.10.13/lib/python3.10/site-packages/airflow/example_dags/example_skip_dag.py for tasks to queue
[2024-04-23T22:47:47.987+0000] {logging_mixin.py:150} INFO - [2024-04-23T22:47:47.987+0000] {dagbag.py:541} INFO - Filling up the DagBag from /usr/local/python/3.10.13/lib/python3.10/site-packages/airflow/example_dags/example_skip_dag.py
[2024-04-23T22:47:47.993+0000] {processor.py:836} INFO - DAG(s) dict_keys(['example_skip_dag']) retrieved from /usr/local/python/3.10.13/lib/python3.10/site-packages/airflow/example_dags/example_skip_dag.py
[2024-04-23T22:47:48.006+0000] {logging_mixin.py:150} INFO - [2024-04-23T22:47:48.005+0000] {dag.py:2742} INFO - Sync 1 DAGs
[2024-04-23T22:47:48.020+0000] {logging_mixin.py:150} INFO - [2024-04-23T22:47:48.020+0000] {dag.py:3504} INFO - Setting next_dagrun for example_skip_dag to 2024-04-22T22:47:48.020599+00:00, run_after=2024-04-23T22:47:48.020599+00:00
[2024-04-23T22:47:48.060+0000] {processor.py:179} INFO - Processing /usr/local/python/3.10.13/lib/python3.10/site-packages/airflow/example_dags/example_skip_dag.py took 0.076 seconds
[2024-04-23T22:48:37.800+0000] {processor.py:157} INFO - Started process (PID=40668) to work on /usr/local/python/3.10.13/lib/python3.10/site-packages/airflow/example_dags/example_skip_dag.py
[2024-04-23T22:48:37.801+0000] {processor.py:826} INFO - Processing file /usr/local/python/3.10.13/lib/python3.10/site-packages/airflow/example_dags/example_skip_dag.py for tasks to queue
[2024-04-23T22:48:37.802+0000] {logging_mixin.py:150} INFO - [2024-04-23T22:48:37.802+0000] {dagbag.py:541} INFO - Filling up the DagBag from /usr/local/python/3.10.13/lib/python3.10/site-packages/airflow/example_dags/example_skip_dag.py
[2024-04-23T22:48:37.808+0000] {processor.py:836} INFO - DAG(s) dict_keys(['example_skip_dag']) retrieved from /usr/local/python/3.10.13/lib/python3.10/site-packages/airflow/example_dags/example_skip_dag.py
[2024-04-23T22:48:37.820+0000] {logging_mixin.py:150} INFO - [2024-04-23T22:48:37.820+0000] {dag.py:2742} INFO - Sync 1 DAGs
[2024-04-23T22:48:37.835+0000] {logging_mixin.py:150} INFO - [2024-04-23T22:48:37.835+0000] {dag.py:3504} INFO - Setting next_dagrun for example_skip_dag to 2024-04-22T22:48:37.835481+00:00, run_after=2024-04-23T22:48:37.835481+00:00
[2024-04-23T22:48:37.874+0000] {processor.py:179} INFO - Processing /usr/local/python/3.10.13/lib/python3.10/site-packages/airflow/example_dags/example_skip_dag.py took 0.076 seconds
[2024-04-23T22:49:12.302+0000] {processor.py:157} INFO - Started process (PID=40928) to work on /usr/local/python/3.10.13/lib/python3.10/site-packages/airflow/example_dags/example_skip_dag.py
[2024-04-23T22:49:12.303+0000] {processor.py:826} INFO - Processing file /usr/local/python/3.10.13/lib/python3.10/site-packages/airflow/example_dags/example_skip_dag.py for tasks to queue
[2024-04-23T22:49:12.304+0000] {logging_mixin.py:150} INFO - [2024-04-23T22:49:12.303+0000] {dagbag.py:541} INFO - Filling up the DagBag from /usr/local/python/3.10.13/lib/python3.10/site-packages/airflow/example_dags/example_skip_dag.py
[2024-04-23T22:49:12.309+0000] {processor.py:836} INFO - DAG(s) dict_keys(['example_skip_dag']) retrieved from /usr/local/python/3.10.13/lib/python3.10/site-packages/airflow/example_dags/example_skip_dag.py
[2024-04-23T22:49:12.321+0000] {logging_mixin.py:150} INFO - [2024-04-23T22:49:12.321+0000] {dag.py:2742} INFO - Sync 1 DAGs
[2024-04-23T22:49:12.336+0000] {logging_mixin.py:150} INFO - [2024-04-23T22:49:12.336+0000] {dag.py:3504} INFO - Setting next_dagrun for example_skip_dag to 2024-04-22T22:49:12.336202+00:00, run_after=2024-04-23T22:49:12.336202+00:00
[2024-04-23T22:49:12.375+0000] {processor.py:179} INFO - Processing /usr/local/python/3.10.13/lib/python3.10/site-packages/airflow/example_dags/example_skip_dag.py took 0.074 seconds
[2024-04-23T22:50:04.822+0000] {processor.py:157} INFO - Started process (PID=41313) to work on /usr/local/python/3.10.13/lib/python3.10/site-packages/airflow/example_dags/example_skip_dag.py
[2024-04-23T22:50:04.823+0000] {processor.py:826} INFO - Processing file /usr/local/python/3.10.13/lib/python3.10/site-packages/airflow/example_dags/example_skip_dag.py for tasks to queue
[2024-04-23T22:50:04.823+0000] {logging_mixin.py:150} INFO - [2024-04-23T22:50:04.823+0000] {dagbag.py:541} INFO - Filling up the DagBag from /usr/local/python/3.10.13/lib/python3.10/site-packages/airflow/example_dags/example_skip_dag.py
[2024-04-23T22:50:04.829+0000] {processor.py:836} INFO - DAG(s) dict_keys(['example_skip_dag']) retrieved from /usr/local/python/3.10.13/lib/python3.10/site-packages/airflow/example_dags/example_skip_dag.py
[2024-04-23T22:50:04.841+0000] {logging_mixin.py:150} INFO - [2024-04-23T22:50:04.841+0000] {dag.py:2742} INFO - Sync 1 DAGs
[2024-04-23T22:50:04.856+0000] {logging_mixin.py:150} INFO - [2024-04-23T22:50:04.856+0000] {dag.py:3504} INFO - Setting next_dagrun for example_skip_dag to 2024-04-22T22:50:04.856226+00:00, run_after=2024-04-23T22:50:04.856226+00:00
[2024-04-23T22:50:04.897+0000] {processor.py:179} INFO - Processing /usr/local/python/3.10.13/lib/python3.10/site-packages/airflow/example_dags/example_skip_dag.py took 0.077 seconds
[2024-04-23T22:50:56.654+0000] {processor.py:157} INFO - Started process (PID=41697) to work on /usr/local/python/3.10.13/lib/python3.10/site-packages/airflow/example_dags/example_skip_dag.py
[2024-04-23T22:50:56.655+0000] {processor.py:826} INFO - Processing file /usr/local/python/3.10.13/lib/python3.10/site-packages/airflow/example_dags/example_skip_dag.py for tasks to queue
[2024-04-23T22:50:56.656+0000] {logging_mixin.py:150} INFO - [2024-04-23T22:50:56.655+0000] {dagbag.py:541} INFO - Filling up the DagBag from /usr/local/python/3.10.13/lib/python3.10/site-packages/airflow/example_dags/example_skip_dag.py
[2024-04-23T22:50:56.661+0000] {processor.py:836} INFO - DAG(s) dict_keys(['example_skip_dag']) retrieved from /usr/local/python/3.10.13/lib/python3.10/site-packages/airflow/example_dags/example_skip_dag.py
[2024-04-23T22:50:56.673+0000] {logging_mixin.py:150} INFO - [2024-04-23T22:50:56.673+0000] {dag.py:2742} INFO - Sync 1 DAGs
[2024-04-23T22:50:56.689+0000] {logging_mixin.py:150} INFO - [2024-04-23T22:50:56.689+0000] {dag.py:3504} INFO - Setting next_dagrun for example_skip_dag to 2024-04-22T22:50:56.688851+00:00, run_after=2024-04-23T22:50:56.688851+00:00
[2024-04-23T22:50:56.731+0000] {processor.py:179} INFO - Processing /usr/local/python/3.10.13/lib/python3.10/site-packages/airflow/example_dags/example_skip_dag.py took 0.079 seconds
[2024-04-23T22:51:45.083+0000] {processor.py:157} INFO - Started process (PID=42084) to work on /usr/local/python/3.10.13/lib/python3.10/site-packages/airflow/example_dags/example_skip_dag.py
[2024-04-23T22:51:45.084+0000] {processor.py:826} INFO - Processing file /usr/local/python/3.10.13/lib/python3.10/site-packages/airflow/example_dags/example_skip_dag.py for tasks to queue
[2024-04-23T22:51:45.085+0000] {logging_mixin.py:150} INFO - [2024-04-23T22:51:45.084+0000] {dagbag.py:541} INFO - Filling up the DagBag from /usr/local/python/3.10.13/lib/python3.10/site-packages/airflow/example_dags/example_skip_dag.py
[2024-04-23T22:51:45.090+0000] {processor.py:836} INFO - DAG(s) dict_keys(['example_skip_dag']) retrieved from /usr/local/python/3.10.13/lib/python3.10/site-packages/airflow/example_dags/example_skip_dag.py
[2024-04-23T22:51:45.103+0000] {logging_mixin.py:150} INFO - [2024-04-23T22:51:45.103+0000] {dag.py:2742} INFO - Sync 1 DAGs
[2024-04-23T22:51:45.118+0000] {logging_mixin.py:150} INFO - [2024-04-23T22:51:45.118+0000] {dag.py:3504} INFO - Setting next_dagrun for example_skip_dag to 2024-04-22T22:51:45.118305+00:00, run_after=2024-04-23T22:51:45.118305+00:00
[2024-04-23T22:51:45.159+0000] {processor.py:179} INFO - Processing /usr/local/python/3.10.13/lib/python3.10/site-packages/airflow/example_dags/example_skip_dag.py took 0.078 seconds
[2024-04-23T22:52:20.784+0000] {processor.py:157} INFO - Started process (PID=42355) to work on /usr/local/python/3.10.13/lib/python3.10/site-packages/airflow/example_dags/example_skip_dag.py
[2024-04-23T22:52:20.785+0000] {processor.py:826} INFO - Processing file /usr/local/python/3.10.13/lib/python3.10/site-packages/airflow/example_dags/example_skip_dag.py for tasks to queue
[2024-04-23T22:52:20.785+0000] {logging_mixin.py:150} INFO - [2024-04-23T22:52:20.785+0000] {dagbag.py:541} INFO - Filling up the DagBag from /usr/local/python/3.10.13/lib/python3.10/site-packages/airflow/example_dags/example_skip_dag.py
[2024-04-23T22:52:20.791+0000] {processor.py:836} INFO - DAG(s) dict_keys(['example_skip_dag']) retrieved from /usr/local/python/3.10.13/lib/python3.10/site-packages/airflow/example_dags/example_skip_dag.py
[2024-04-23T22:52:20.803+0000] {logging_mixin.py:150} INFO - [2024-04-23T22:52:20.803+0000] {dag.py:2742} INFO - Sync 1 DAGs
[2024-04-23T22:52:20.818+0000] {logging_mixin.py:150} INFO - [2024-04-23T22:52:20.818+0000] {dag.py:3504} INFO - Setting next_dagrun for example_skip_dag to 2024-04-22T22:52:20.818288+00:00, run_after=2024-04-23T22:52:20.818288+00:00
[2024-04-23T22:52:20.961+0000] {processor.py:179} INFO - Processing /usr/local/python/3.10.13/lib/python3.10/site-packages/airflow/example_dags/example_skip_dag.py took 0.179 seconds
[2024-04-23T22:53:12.372+0000] {processor.py:157} INFO - Started process (PID=42737) to work on /usr/local/python/3.10.13/lib/python3.10/site-packages/airflow/example_dags/example_skip_dag.py
[2024-04-23T22:53:12.373+0000] {processor.py:826} INFO - Processing file /usr/local/python/3.10.13/lib/python3.10/site-packages/airflow/example_dags/example_skip_dag.py for tasks to queue
[2024-04-23T22:53:12.373+0000] {logging_mixin.py:150} INFO - [2024-04-23T22:53:12.373+0000] {dagbag.py:541} INFO - Filling up the DagBag from /usr/local/python/3.10.13/lib/python3.10/site-packages/airflow/example_dags/example_skip_dag.py
[2024-04-23T22:53:12.379+0000] {processor.py:836} INFO - DAG(s) dict_keys(['example_skip_dag']) retrieved from /usr/local/python/3.10.13/lib/python3.10/site-packages/airflow/example_dags/example_skip_dag.py
[2024-04-23T22:53:12.391+0000] {logging_mixin.py:150} INFO - [2024-04-23T22:53:12.391+0000] {dag.py:2742} INFO - Sync 1 DAGs
[2024-04-23T22:53:12.406+0000] {logging_mixin.py:150} INFO - [2024-04-23T22:53:12.406+0000] {dag.py:3504} INFO - Setting next_dagrun for example_skip_dag to 2024-04-22T22:53:12.406215+00:00, run_after=2024-04-23T22:53:12.406215+00:00
[2024-04-23T22:53:12.443+0000] {processor.py:179} INFO - Processing /usr/local/python/3.10.13/lib/python3.10/site-packages/airflow/example_dags/example_skip_dag.py took 0.073 seconds
[2024-04-23T22:53:51.690+0000] {processor.py:157} INFO - Started process (PID=43010) to work on /usr/local/python/3.10.13/lib/python3.10/site-packages/airflow/example_dags/example_skip_dag.py
[2024-04-23T22:53:51.690+0000] {processor.py:826} INFO - Processing file /usr/local/python/3.10.13/lib/python3.10/site-packages/airflow/example_dags/example_skip_dag.py for tasks to queue
[2024-04-23T22:53:51.691+0000] {logging_mixin.py:150} INFO - [2024-04-23T22:53:51.691+0000] {dagbag.py:541} INFO - Filling up the DagBag from /usr/local/python/3.10.13/lib/python3.10/site-packages/airflow/example_dags/example_skip_dag.py
[2024-04-23T22:53:51.698+0000] {processor.py:836} INFO - DAG(s) dict_keys(['example_skip_dag']) retrieved from /usr/local/python/3.10.13/lib/python3.10/site-packages/airflow/example_dags/example_skip_dag.py
[2024-04-23T22:53:51.710+0000] {logging_mixin.py:150} INFO - [2024-04-23T22:53:51.710+0000] {dag.py:2742} INFO - Sync 1 DAGs
[2024-04-23T22:53:51.811+0000] {logging_mixin.py:150} INFO - [2024-04-23T22:53:51.811+0000] {dag.py:3504} INFO - Setting next_dagrun for example_skip_dag to 2024-04-22T22:53:51.811488+00:00, run_after=2024-04-23T22:53:51.811488+00:00
[2024-04-23T22:53:51.847+0000] {processor.py:179} INFO - Processing /usr/local/python/3.10.13/lib/python3.10/site-packages/airflow/example_dags/example_skip_dag.py took 0.160 seconds
[2024-04-23T22:54:34.104+0000] {processor.py:157} INFO - Started process (PID=43298) to work on /usr/local/python/3.10.13/lib/python3.10/site-packages/airflow/example_dags/example_skip_dag.py
[2024-04-23T22:54:34.105+0000] {processor.py:826} INFO - Processing file /usr/local/python/3.10.13/lib/python3.10/site-packages/airflow/example_dags/example_skip_dag.py for tasks to queue
[2024-04-23T22:54:34.105+0000] {logging_mixin.py:150} INFO - [2024-04-23T22:54:34.105+0000] {dagbag.py:541} INFO - Filling up the DagBag from /usr/local/python/3.10.13/lib/python3.10/site-packages/airflow/example_dags/example_skip_dag.py
[2024-04-23T22:54:34.111+0000] {processor.py:836} INFO - DAG(s) dict_keys(['example_skip_dag']) retrieved from /usr/local/python/3.10.13/lib/python3.10/site-packages/airflow/example_dags/example_skip_dag.py
[2024-04-23T22:54:34.126+0000] {logging_mixin.py:150} INFO - [2024-04-23T22:54:34.126+0000] {dag.py:2742} INFO - Sync 1 DAGs
[2024-04-23T22:54:34.141+0000] {logging_mixin.py:150} INFO - [2024-04-23T22:54:34.141+0000] {dag.py:3504} INFO - Setting next_dagrun for example_skip_dag to 2024-04-22T22:54:34.140986+00:00, run_after=2024-04-23T22:54:34.140986+00:00
[2024-04-23T22:54:34.179+0000] {processor.py:179} INFO - Processing /usr/local/python/3.10.13/lib/python3.10/site-packages/airflow/example_dags/example_skip_dag.py took 0.077 seconds
[2024-04-23T22:55:16.684+0000] {processor.py:157} INFO - Started process (PID=43592) to work on /usr/local/python/3.10.13/lib/python3.10/site-packages/airflow/example_dags/example_skip_dag.py
[2024-04-23T22:55:16.685+0000] {processor.py:826} INFO - Processing file /usr/local/python/3.10.13/lib/python3.10/site-packages/airflow/example_dags/example_skip_dag.py for tasks to queue
[2024-04-23T22:55:16.685+0000] {logging_mixin.py:150} INFO - [2024-04-23T22:55:16.685+0000] {dagbag.py:541} INFO - Filling up the DagBag from /usr/local/python/3.10.13/lib/python3.10/site-packages/airflow/example_dags/example_skip_dag.py
[2024-04-23T22:55:16.690+0000] {processor.py:836} INFO - DAG(s) dict_keys(['example_skip_dag']) retrieved from /usr/local/python/3.10.13/lib/python3.10/site-packages/airflow/example_dags/example_skip_dag.py
[2024-04-23T22:55:16.702+0000] {logging_mixin.py:150} INFO - [2024-04-23T22:55:16.702+0000] {dag.py:2742} INFO - Sync 1 DAGs
[2024-04-23T22:55:16.719+0000] {logging_mixin.py:150} INFO - [2024-04-23T22:55:16.718+0000] {dag.py:3504} INFO - Setting next_dagrun for example_skip_dag to 2024-04-22T22:55:16.718784+00:00, run_after=2024-04-23T22:55:16.718784+00:00
[2024-04-23T22:55:16.757+0000] {processor.py:179} INFO - Processing /usr/local/python/3.10.13/lib/python3.10/site-packages/airflow/example_dags/example_skip_dag.py took 0.075 seconds
[2024-04-23T22:55:52.916+0000] {processor.py:157} INFO - Started process (PID=43849) to work on /usr/local/python/3.10.13/lib/python3.10/site-packages/airflow/example_dags/example_skip_dag.py
[2024-04-23T22:55:52.917+0000] {processor.py:826} INFO - Processing file /usr/local/python/3.10.13/lib/python3.10/site-packages/airflow/example_dags/example_skip_dag.py for tasks to queue
[2024-04-23T22:55:52.918+0000] {logging_mixin.py:150} INFO - [2024-04-23T22:55:52.917+0000] {dagbag.py:541} INFO - Filling up the DagBag from /usr/local/python/3.10.13/lib/python3.10/site-packages/airflow/example_dags/example_skip_dag.py
[2024-04-23T22:55:52.923+0000] {processor.py:836} INFO - DAG(s) dict_keys(['example_skip_dag']) retrieved from /usr/local/python/3.10.13/lib/python3.10/site-packages/airflow/example_dags/example_skip_dag.py
[2024-04-23T22:55:52.935+0000] {logging_mixin.py:150} INFO - [2024-04-23T22:55:52.935+0000] {dag.py:2742} INFO - Sync 1 DAGs
[2024-04-23T22:55:52.951+0000] {logging_mixin.py:150} INFO - [2024-04-23T22:55:52.950+0000] {dag.py:3504} INFO - Setting next_dagrun for example_skip_dag to 2024-04-22T22:55:52.950796+00:00, run_after=2024-04-23T22:55:52.950796+00:00
[2024-04-23T22:55:52.993+0000] {processor.py:179} INFO - Processing /usr/local/python/3.10.13/lib/python3.10/site-packages/airflow/example_dags/example_skip_dag.py took 0.079 seconds
[2024-04-23T22:56:33.600+0000] {processor.py:157} INFO - Started process (PID=44149) to work on /usr/local/python/3.10.13/lib/python3.10/site-packages/airflow/example_dags/example_skip_dag.py
[2024-04-23T22:56:33.601+0000] {processor.py:826} INFO - Processing file /usr/local/python/3.10.13/lib/python3.10/site-packages/airflow/example_dags/example_skip_dag.py for tasks to queue
[2024-04-23T22:56:33.601+0000] {logging_mixin.py:150} INFO - [2024-04-23T22:56:33.601+0000] {dagbag.py:541} INFO - Filling up the DagBag from /usr/local/python/3.10.13/lib/python3.10/site-packages/airflow/example_dags/example_skip_dag.py
[2024-04-23T22:56:33.607+0000] {processor.py:836} INFO - DAG(s) dict_keys(['example_skip_dag']) retrieved from /usr/local/python/3.10.13/lib/python3.10/site-packages/airflow/example_dags/example_skip_dag.py
[2024-04-23T22:56:33.619+0000] {logging_mixin.py:150} INFO - [2024-04-23T22:56:33.619+0000] {dag.py:2742} INFO - Sync 1 DAGs
[2024-04-23T22:56:33.634+0000] {logging_mixin.py:150} INFO - [2024-04-23T22:56:33.634+0000] {dag.py:3504} INFO - Setting next_dagrun for example_skip_dag to 2024-04-22T22:56:33.634280+00:00, run_after=2024-04-23T22:56:33.634280+00:00
[2024-04-23T22:56:33.674+0000] {processor.py:179} INFO - Processing /usr/local/python/3.10.13/lib/python3.10/site-packages/airflow/example_dags/example_skip_dag.py took 0.076 seconds
[2024-04-23T22:57:18.332+0000] {processor.py:157} INFO - Started process (PID=44470) to work on /usr/local/python/3.10.13/lib/python3.10/site-packages/airflow/example_dags/example_skip_dag.py
[2024-04-23T22:57:18.332+0000] {processor.py:826} INFO - Processing file /usr/local/python/3.10.13/lib/python3.10/site-packages/airflow/example_dags/example_skip_dag.py for tasks to queue
[2024-04-23T22:57:18.333+0000] {logging_mixin.py:150} INFO - [2024-04-23T22:57:18.333+0000] {dagbag.py:541} INFO - Filling up the DagBag from /usr/local/python/3.10.13/lib/python3.10/site-packages/airflow/example_dags/example_skip_dag.py
[2024-04-23T22:57:18.338+0000] {processor.py:836} INFO - DAG(s) dict_keys(['example_skip_dag']) retrieved from /usr/local/python/3.10.13/lib/python3.10/site-packages/airflow/example_dags/example_skip_dag.py
[2024-04-23T22:57:18.350+0000] {logging_mixin.py:150} INFO - [2024-04-23T22:57:18.350+0000] {dag.py:2742} INFO - Sync 1 DAGs
[2024-04-23T22:57:18.365+0000] {logging_mixin.py:150} INFO - [2024-04-23T22:57:18.365+0000] {dag.py:3504} INFO - Setting next_dagrun for example_skip_dag to 2024-04-22T22:57:18.365294+00:00, run_after=2024-04-23T22:57:18.365294+00:00
[2024-04-23T22:57:18.402+0000] {processor.py:179} INFO - Processing /usr/local/python/3.10.13/lib/python3.10/site-packages/airflow/example_dags/example_skip_dag.py took 0.073 seconds
[2024-04-23T22:57:57.062+0000] {processor.py:157} INFO - Started process (PID=44762) to work on /usr/local/python/3.10.13/lib/python3.10/site-packages/airflow/example_dags/example_skip_dag.py
[2024-04-23T22:57:57.063+0000] {processor.py:826} INFO - Processing file /usr/local/python/3.10.13/lib/python3.10/site-packages/airflow/example_dags/example_skip_dag.py for tasks to queue
[2024-04-23T22:57:57.063+0000] {logging_mixin.py:150} INFO - [2024-04-23T22:57:57.063+0000] {dagbag.py:541} INFO - Filling up the DagBag from /usr/local/python/3.10.13/lib/python3.10/site-packages/airflow/example_dags/example_skip_dag.py
[2024-04-23T22:57:57.069+0000] {processor.py:836} INFO - DAG(s) dict_keys(['example_skip_dag']) retrieved from /usr/local/python/3.10.13/lib/python3.10/site-packages/airflow/example_dags/example_skip_dag.py
[2024-04-23T22:57:57.082+0000] {logging_mixin.py:150} INFO - [2024-04-23T22:57:57.082+0000] {dag.py:2742} INFO - Sync 1 DAGs
[2024-04-23T22:57:57.097+0000] {logging_mixin.py:150} INFO - [2024-04-23T22:57:57.097+0000] {dag.py:3504} INFO - Setting next_dagrun for example_skip_dag to 2024-04-22T22:57:57.097500+00:00, run_after=2024-04-23T22:57:57.097500+00:00
[2024-04-23T22:57:57.134+0000] {processor.py:179} INFO - Processing /usr/local/python/3.10.13/lib/python3.10/site-packages/airflow/example_dags/example_skip_dag.py took 0.075 seconds
[2024-04-23T22:58:47.488+0000] {processor.py:157} INFO - Started process (PID=45151) to work on /usr/local/python/3.10.13/lib/python3.10/site-packages/airflow/example_dags/example_skip_dag.py
[2024-04-23T22:58:47.489+0000] {processor.py:826} INFO - Processing file /usr/local/python/3.10.13/lib/python3.10/site-packages/airflow/example_dags/example_skip_dag.py for tasks to queue
[2024-04-23T22:58:47.490+0000] {logging_mixin.py:150} INFO - [2024-04-23T22:58:47.489+0000] {dagbag.py:541} INFO - Filling up the DagBag from /usr/local/python/3.10.13/lib/python3.10/site-packages/airflow/example_dags/example_skip_dag.py
[2024-04-23T22:58:47.495+0000] {processor.py:836} INFO - DAG(s) dict_keys(['example_skip_dag']) retrieved from /usr/local/python/3.10.13/lib/python3.10/site-packages/airflow/example_dags/example_skip_dag.py
[2024-04-23T22:58:47.507+0000] {logging_mixin.py:150} INFO - [2024-04-23T22:58:47.507+0000] {dag.py:2742} INFO - Sync 1 DAGs
[2024-04-23T22:58:47.522+0000] {logging_mixin.py:150} INFO - [2024-04-23T22:58:47.522+0000] {dag.py:3504} INFO - Setting next_dagrun for example_skip_dag to 2024-04-22T22:58:47.522605+00:00, run_after=2024-04-23T22:58:47.522605+00:00
[2024-04-23T22:58:47.564+0000] {processor.py:179} INFO - Processing /usr/local/python/3.10.13/lib/python3.10/site-packages/airflow/example_dags/example_skip_dag.py took 0.078 seconds
[2024-04-23T22:59:35.175+0000] {processor.py:157} INFO - Started process (PID=45515) to work on /usr/local/python/3.10.13/lib/python3.10/site-packages/airflow/example_dags/example_skip_dag.py
[2024-04-23T22:59:35.176+0000] {processor.py:826} INFO - Processing file /usr/local/python/3.10.13/lib/python3.10/site-packages/airflow/example_dags/example_skip_dag.py for tasks to queue
[2024-04-23T22:59:35.176+0000] {logging_mixin.py:150} INFO - [2024-04-23T22:59:35.176+0000] {dagbag.py:541} INFO - Filling up the DagBag from /usr/local/python/3.10.13/lib/python3.10/site-packages/airflow/example_dags/example_skip_dag.py
[2024-04-23T22:59:35.182+0000] {processor.py:836} INFO - DAG(s) dict_keys(['example_skip_dag']) retrieved from /usr/local/python/3.10.13/lib/python3.10/site-packages/airflow/example_dags/example_skip_dag.py
[2024-04-23T22:59:35.195+0000] {logging_mixin.py:150} INFO - [2024-04-23T22:59:35.195+0000] {dag.py:2742} INFO - Sync 1 DAGs
[2024-04-23T22:59:35.215+0000] {logging_mixin.py:150} INFO - [2024-04-23T22:59:35.215+0000] {dag.py:3504} INFO - Setting next_dagrun for example_skip_dag to 2024-04-22T22:59:35.215260+00:00, run_after=2024-04-23T22:59:35.215260+00:00
[2024-04-23T22:59:35.257+0000] {processor.py:179} INFO - Processing /usr/local/python/3.10.13/lib/python3.10/site-packages/airflow/example_dags/example_skip_dag.py took 0.085 seconds
[2024-04-23T23:00:11.321+0000] {processor.py:157} INFO - Started process (PID=45826) to work on /usr/local/python/3.10.13/lib/python3.10/site-packages/airflow/example_dags/example_skip_dag.py
[2024-04-23T23:00:11.322+0000] {processor.py:826} INFO - Processing file /usr/local/python/3.10.13/lib/python3.10/site-packages/airflow/example_dags/example_skip_dag.py for tasks to queue
[2024-04-23T23:00:11.323+0000] {logging_mixin.py:150} INFO - [2024-04-23T23:00:11.322+0000] {dagbag.py:541} INFO - Filling up the DagBag from /usr/local/python/3.10.13/lib/python3.10/site-packages/airflow/example_dags/example_skip_dag.py
[2024-04-23T23:00:11.328+0000] {processor.py:836} INFO - DAG(s) dict_keys(['example_skip_dag']) retrieved from /usr/local/python/3.10.13/lib/python3.10/site-packages/airflow/example_dags/example_skip_dag.py
[2024-04-23T23:00:11.341+0000] {logging_mixin.py:150} INFO - [2024-04-23T23:00:11.341+0000] {dag.py:2742} INFO - Sync 1 DAGs
[2024-04-23T23:00:11.357+0000] {logging_mixin.py:150} INFO - [2024-04-23T23:00:11.357+0000] {dag.py:3504} INFO - Setting next_dagrun for example_skip_dag to 2024-04-22T23:00:11.356815+00:00, run_after=2024-04-23T23:00:11.356815+00:00
[2024-04-23T23:00:11.397+0000] {processor.py:179} INFO - Processing /usr/local/python/3.10.13/lib/python3.10/site-packages/airflow/example_dags/example_skip_dag.py took 0.078 seconds
