[2024-04-23T22:23:35.930+0000] {processor.py:157} INFO - Started process (PID=28749) to work on /usr/local/python/3.10.13/lib/python3.10/site-packages/airflow/example_dags/example_latest_only_with_trigger.py
[2024-04-23T22:23:35.931+0000] {processor.py:826} INFO - Processing file /usr/local/python/3.10.13/lib/python3.10/site-packages/airflow/example_dags/example_latest_only_with_trigger.py for tasks to queue
[2024-04-23T22:23:35.931+0000] {logging_mixin.py:150} INFO - [2024-04-23T22:23:35.931+0000] {dagbag.py:541} INFO - Filling up the DagBag from /usr/local/python/3.10.13/lib/python3.10/site-packages/airflow/example_dags/example_latest_only_with_trigger.py
[2024-04-23T22:23:35.937+0000] {processor.py:836} INFO - DAG(s) dict_keys(['latest_only_with_trigger']) retrieved from /usr/local/python/3.10.13/lib/python3.10/site-packages/airflow/example_dags/example_latest_only_with_trigger.py
[2024-04-23T22:23:36.073+0000] {logging_mixin.py:150} INFO - [2024-04-23T22:23:36.073+0000] {manager.py:504} INFO - Created Permission View: can delete on DAG:latest_only_with_trigger
[2024-04-23T22:23:36.108+0000] {logging_mixin.py:150} INFO - [2024-04-23T22:23:36.108+0000] {manager.py:504} INFO - Created Permission View: can edit on DAG:latest_only_with_trigger
[2024-04-23T22:23:36.139+0000] {logging_mixin.py:150} INFO - [2024-04-23T22:23:36.139+0000] {manager.py:504} INFO - Created Permission View: can read on DAG:latest_only_with_trigger
[2024-04-23T22:23:36.148+0000] {logging_mixin.py:150} INFO - [2024-04-23T22:23:36.148+0000] {dag.py:2742} INFO - Sync 1 DAGs
[2024-04-23T22:23:36.155+0000] {logging_mixin.py:150} INFO - [2024-04-23T22:23:36.155+0000] {dag.py:2763} INFO - Creating ORM DAG for latest_only_with_trigger
[2024-04-23T22:23:36.162+0000] {logging_mixin.py:150} INFO - [2024-04-23T22:23:36.162+0000] {dag.py:3504} INFO - Setting next_dagrun for latest_only_with_trigger to 2024-04-23T18:23:36.162635+00:00, run_after=2024-04-23T22:23:36.162635+00:00
[2024-04-23T22:23:36.207+0000] {processor.py:179} INFO - Processing /usr/local/python/3.10.13/lib/python3.10/site-packages/airflow/example_dags/example_latest_only_with_trigger.py took 0.279 seconds
[2024-04-23T22:24:27.516+0000] {processor.py:157} INFO - Started process (PID=29102) to work on /usr/local/python/3.10.13/lib/python3.10/site-packages/airflow/example_dags/example_latest_only_with_trigger.py
[2024-04-23T22:24:27.516+0000] {processor.py:826} INFO - Processing file /usr/local/python/3.10.13/lib/python3.10/site-packages/airflow/example_dags/example_latest_only_with_trigger.py for tasks to queue
[2024-04-23T22:24:27.517+0000] {logging_mixin.py:150} INFO - [2024-04-23T22:24:27.517+0000] {dagbag.py:541} INFO - Filling up the DagBag from /usr/local/python/3.10.13/lib/python3.10/site-packages/airflow/example_dags/example_latest_only_with_trigger.py
[2024-04-23T22:24:27.521+0000] {processor.py:836} INFO - DAG(s) dict_keys(['latest_only_with_trigger']) retrieved from /usr/local/python/3.10.13/lib/python3.10/site-packages/airflow/example_dags/example_latest_only_with_trigger.py
[2024-04-23T22:24:27.534+0000] {logging_mixin.py:150} INFO - [2024-04-23T22:24:27.533+0000] {dag.py:2742} INFO - Sync 1 DAGs
[2024-04-23T22:24:27.550+0000] {logging_mixin.py:150} INFO - [2024-04-23T22:24:27.550+0000] {dag.py:3504} INFO - Setting next_dagrun for latest_only_with_trigger to 2024-04-23T18:24:27.550096+00:00, run_after=2024-04-23T22:24:27.550096+00:00
[2024-04-23T22:24:27.589+0000] {processor.py:179} INFO - Processing /usr/local/python/3.10.13/lib/python3.10/site-packages/airflow/example_dags/example_latest_only_with_trigger.py took 0.075 seconds
[2024-04-23T22:25:14.856+0000] {processor.py:157} INFO - Started process (PID=29437) to work on /usr/local/python/3.10.13/lib/python3.10/site-packages/airflow/example_dags/example_latest_only_with_trigger.py
[2024-04-23T22:25:14.857+0000] {processor.py:826} INFO - Processing file /usr/local/python/3.10.13/lib/python3.10/site-packages/airflow/example_dags/example_latest_only_with_trigger.py for tasks to queue
[2024-04-23T22:25:14.857+0000] {logging_mixin.py:150} INFO - [2024-04-23T22:25:14.857+0000] {dagbag.py:541} INFO - Filling up the DagBag from /usr/local/python/3.10.13/lib/python3.10/site-packages/airflow/example_dags/example_latest_only_with_trigger.py
[2024-04-23T22:25:14.862+0000] {processor.py:836} INFO - DAG(s) dict_keys(['latest_only_with_trigger']) retrieved from /usr/local/python/3.10.13/lib/python3.10/site-packages/airflow/example_dags/example_latest_only_with_trigger.py
[2024-04-23T22:25:14.874+0000] {logging_mixin.py:150} INFO - [2024-04-23T22:25:14.873+0000] {dag.py:2742} INFO - Sync 1 DAGs
[2024-04-23T22:25:14.888+0000] {logging_mixin.py:150} INFO - [2024-04-23T22:25:14.888+0000] {dag.py:3504} INFO - Setting next_dagrun for latest_only_with_trigger to 2024-04-23T18:25:14.888338+00:00, run_after=2024-04-23T22:25:14.888338+00:00
[2024-04-23T22:25:14.928+0000] {processor.py:179} INFO - Processing /usr/local/python/3.10.13/lib/python3.10/site-packages/airflow/example_dags/example_latest_only_with_trigger.py took 0.074 seconds
[2024-04-23T22:26:03.162+0000] {processor.py:157} INFO - Started process (PID=29760) to work on /usr/local/python/3.10.13/lib/python3.10/site-packages/airflow/example_dags/example_latest_only_with_trigger.py
[2024-04-23T22:26:03.162+0000] {processor.py:826} INFO - Processing file /usr/local/python/3.10.13/lib/python3.10/site-packages/airflow/example_dags/example_latest_only_with_trigger.py for tasks to queue
[2024-04-23T22:26:03.163+0000] {logging_mixin.py:150} INFO - [2024-04-23T22:26:03.163+0000] {dagbag.py:541} INFO - Filling up the DagBag from /usr/local/python/3.10.13/lib/python3.10/site-packages/airflow/example_dags/example_latest_only_with_trigger.py
[2024-04-23T22:26:03.168+0000] {processor.py:836} INFO - DAG(s) dict_keys(['latest_only_with_trigger']) retrieved from /usr/local/python/3.10.13/lib/python3.10/site-packages/airflow/example_dags/example_latest_only_with_trigger.py
[2024-04-23T22:26:03.180+0000] {logging_mixin.py:150} INFO - [2024-04-23T22:26:03.180+0000] {dag.py:2742} INFO - Sync 1 DAGs
[2024-04-23T22:26:03.195+0000] {logging_mixin.py:150} INFO - [2024-04-23T22:26:03.195+0000] {dag.py:3504} INFO - Setting next_dagrun for latest_only_with_trigger to 2024-04-23T18:26:03.194922+00:00, run_after=2024-04-23T22:26:03.194922+00:00
[2024-04-23T22:26:03.235+0000] {processor.py:179} INFO - Processing /usr/local/python/3.10.13/lib/python3.10/site-packages/airflow/example_dags/example_latest_only_with_trigger.py took 0.076 seconds
[2024-04-23T22:26:49.590+0000] {processor.py:157} INFO - Started process (PID=30092) to work on /usr/local/python/3.10.13/lib/python3.10/site-packages/airflow/example_dags/example_latest_only_with_trigger.py
[2024-04-23T22:26:49.591+0000] {processor.py:826} INFO - Processing file /usr/local/python/3.10.13/lib/python3.10/site-packages/airflow/example_dags/example_latest_only_with_trigger.py for tasks to queue
[2024-04-23T22:26:49.591+0000] {logging_mixin.py:150} INFO - [2024-04-23T22:26:49.591+0000] {dagbag.py:541} INFO - Filling up the DagBag from /usr/local/python/3.10.13/lib/python3.10/site-packages/airflow/example_dags/example_latest_only_with_trigger.py
[2024-04-23T22:26:49.596+0000] {processor.py:836} INFO - DAG(s) dict_keys(['latest_only_with_trigger']) retrieved from /usr/local/python/3.10.13/lib/python3.10/site-packages/airflow/example_dags/example_latest_only_with_trigger.py
[2024-04-23T22:26:49.609+0000] {logging_mixin.py:150} INFO - [2024-04-23T22:26:49.609+0000] {dag.py:2742} INFO - Sync 1 DAGs
[2024-04-23T22:26:49.625+0000] {logging_mixin.py:150} INFO - [2024-04-23T22:26:49.624+0000] {dag.py:3504} INFO - Setting next_dagrun for latest_only_with_trigger to 2024-04-23T18:26:49.624701+00:00, run_after=2024-04-23T22:26:49.624701+00:00
[2024-04-23T22:26:49.663+0000] {processor.py:179} INFO - Processing /usr/local/python/3.10.13/lib/python3.10/site-packages/airflow/example_dags/example_latest_only_with_trigger.py took 0.075 seconds
[2024-04-23T22:27:36.599+0000] {processor.py:157} INFO - Started process (PID=30534) to work on /usr/local/python/3.10.13/lib/python3.10/site-packages/airflow/example_dags/example_latest_only_with_trigger.py
[2024-04-23T22:27:36.600+0000] {processor.py:826} INFO - Processing file /usr/local/python/3.10.13/lib/python3.10/site-packages/airflow/example_dags/example_latest_only_with_trigger.py for tasks to queue
[2024-04-23T22:27:36.600+0000] {logging_mixin.py:150} INFO - [2024-04-23T22:27:36.600+0000] {dagbag.py:541} INFO - Filling up the DagBag from /usr/local/python/3.10.13/lib/python3.10/site-packages/airflow/example_dags/example_latest_only_with_trigger.py
[2024-04-23T22:27:36.605+0000] {processor.py:836} INFO - DAG(s) dict_keys(['latest_only_with_trigger']) retrieved from /usr/local/python/3.10.13/lib/python3.10/site-packages/airflow/example_dags/example_latest_only_with_trigger.py
[2024-04-23T22:27:36.617+0000] {logging_mixin.py:150} INFO - [2024-04-23T22:27:36.617+0000] {dag.py:2742} INFO - Sync 1 DAGs
[2024-04-23T22:27:36.632+0000] {logging_mixin.py:150} INFO - [2024-04-23T22:27:36.632+0000] {dag.py:3504} INFO - Setting next_dagrun for latest_only_with_trigger to 2024-04-23T18:27:36.632124+00:00, run_after=2024-04-23T22:27:36.632124+00:00
[2024-04-23T22:27:36.668+0000] {processor.py:179} INFO - Processing /usr/local/python/3.10.13/lib/python3.10/site-packages/airflow/example_dags/example_latest_only_with_trigger.py took 0.071 seconds
[2024-04-23T22:28:24.269+0000] {processor.py:157} INFO - Started process (PID=30983) to work on /usr/local/python/3.10.13/lib/python3.10/site-packages/airflow/example_dags/example_latest_only_with_trigger.py
[2024-04-23T22:28:24.270+0000] {processor.py:826} INFO - Processing file /usr/local/python/3.10.13/lib/python3.10/site-packages/airflow/example_dags/example_latest_only_with_trigger.py for tasks to queue
[2024-04-23T22:28:24.270+0000] {logging_mixin.py:150} INFO - [2024-04-23T22:28:24.270+0000] {dagbag.py:541} INFO - Filling up the DagBag from /usr/local/python/3.10.13/lib/python3.10/site-packages/airflow/example_dags/example_latest_only_with_trigger.py
[2024-04-23T22:28:24.275+0000] {processor.py:836} INFO - DAG(s) dict_keys(['latest_only_with_trigger']) retrieved from /usr/local/python/3.10.13/lib/python3.10/site-packages/airflow/example_dags/example_latest_only_with_trigger.py
[2024-04-23T22:28:24.286+0000] {logging_mixin.py:150} INFO - [2024-04-23T22:28:24.286+0000] {dag.py:2742} INFO - Sync 1 DAGs
[2024-04-23T22:28:24.302+0000] {logging_mixin.py:150} INFO - [2024-04-23T22:28:24.301+0000] {dag.py:3504} INFO - Setting next_dagrun for latest_only_with_trigger to 2024-04-23T18:28:24.301789+00:00, run_after=2024-04-23T22:28:24.301789+00:00
[2024-04-23T22:28:24.341+0000] {processor.py:179} INFO - Processing /usr/local/python/3.10.13/lib/python3.10/site-packages/airflow/example_dags/example_latest_only_with_trigger.py took 0.074 seconds
[2024-04-23T22:29:09.582+0000] {processor.py:157} INFO - Started process (PID=31766) to work on /usr/local/python/3.10.13/lib/python3.10/site-packages/airflow/example_dags/example_latest_only_with_trigger.py
[2024-04-23T22:29:09.583+0000] {processor.py:826} INFO - Processing file /usr/local/python/3.10.13/lib/python3.10/site-packages/airflow/example_dags/example_latest_only_with_trigger.py for tasks to queue
[2024-04-23T22:29:09.583+0000] {logging_mixin.py:150} INFO - [2024-04-23T22:29:09.583+0000] {dagbag.py:541} INFO - Filling up the DagBag from /usr/local/python/3.10.13/lib/python3.10/site-packages/airflow/example_dags/example_latest_only_with_trigger.py
[2024-04-23T22:29:09.588+0000] {processor.py:836} INFO - DAG(s) dict_keys(['latest_only_with_trigger']) retrieved from /usr/local/python/3.10.13/lib/python3.10/site-packages/airflow/example_dags/example_latest_only_with_trigger.py
[2024-04-23T22:29:09.600+0000] {logging_mixin.py:150} INFO - [2024-04-23T22:29:09.600+0000] {dag.py:2742} INFO - Sync 1 DAGs
[2024-04-23T22:29:09.616+0000] {logging_mixin.py:150} INFO - [2024-04-23T22:29:09.616+0000] {dag.py:3504} INFO - Setting next_dagrun for latest_only_with_trigger to 2024-04-23T18:29:09.616637+00:00, run_after=2024-04-23T22:29:09.616637+00:00
[2024-04-23T22:29:09.653+0000] {processor.py:179} INFO - Processing /usr/local/python/3.10.13/lib/python3.10/site-packages/airflow/example_dags/example_latest_only_with_trigger.py took 0.074 seconds
[2024-04-23T22:29:59.542+0000] {processor.py:157} INFO - Started process (PID=32143) to work on /usr/local/python/3.10.13/lib/python3.10/site-packages/airflow/example_dags/example_latest_only_with_trigger.py
[2024-04-23T22:29:59.543+0000] {processor.py:826} INFO - Processing file /usr/local/python/3.10.13/lib/python3.10/site-packages/airflow/example_dags/example_latest_only_with_trigger.py for tasks to queue
[2024-04-23T22:29:59.543+0000] {logging_mixin.py:150} INFO - [2024-04-23T22:29:59.543+0000] {dagbag.py:541} INFO - Filling up the DagBag from /usr/local/python/3.10.13/lib/python3.10/site-packages/airflow/example_dags/example_latest_only_with_trigger.py
[2024-04-23T22:29:59.548+0000] {processor.py:836} INFO - DAG(s) dict_keys(['latest_only_with_trigger']) retrieved from /usr/local/python/3.10.13/lib/python3.10/site-packages/airflow/example_dags/example_latest_only_with_trigger.py
[2024-04-23T22:29:59.560+0000] {logging_mixin.py:150} INFO - [2024-04-23T22:29:59.560+0000] {dag.py:2742} INFO - Sync 1 DAGs
[2024-04-23T22:29:59.574+0000] {logging_mixin.py:150} INFO - [2024-04-23T22:29:59.574+0000] {dag.py:3504} INFO - Setting next_dagrun for latest_only_with_trigger to 2024-04-23T18:29:59.574376+00:00, run_after=2024-04-23T22:29:59.574376+00:00
[2024-04-23T22:29:59.613+0000] {processor.py:179} INFO - Processing /usr/local/python/3.10.13/lib/python3.10/site-packages/airflow/example_dags/example_latest_only_with_trigger.py took 0.073 seconds
[2024-04-23T22:30:51.644+0000] {processor.py:157} INFO - Started process (PID=32542) to work on /usr/local/python/3.10.13/lib/python3.10/site-packages/airflow/example_dags/example_latest_only_with_trigger.py
[2024-04-23T22:30:51.645+0000] {processor.py:826} INFO - Processing file /usr/local/python/3.10.13/lib/python3.10/site-packages/airflow/example_dags/example_latest_only_with_trigger.py for tasks to queue
[2024-04-23T22:30:51.645+0000] {logging_mixin.py:150} INFO - [2024-04-23T22:30:51.645+0000] {dagbag.py:541} INFO - Filling up the DagBag from /usr/local/python/3.10.13/lib/python3.10/site-packages/airflow/example_dags/example_latest_only_with_trigger.py
[2024-04-23T22:30:51.650+0000] {processor.py:836} INFO - DAG(s) dict_keys(['latest_only_with_trigger']) retrieved from /usr/local/python/3.10.13/lib/python3.10/site-packages/airflow/example_dags/example_latest_only_with_trigger.py
[2024-04-23T22:30:51.661+0000] {logging_mixin.py:150} INFO - [2024-04-23T22:30:51.661+0000] {dag.py:2742} INFO - Sync 1 DAGs
[2024-04-23T22:30:51.677+0000] {logging_mixin.py:150} INFO - [2024-04-23T22:30:51.676+0000] {dag.py:3504} INFO - Setting next_dagrun for latest_only_with_trigger to 2024-04-23T18:30:51.676673+00:00, run_after=2024-04-23T22:30:51.676673+00:00
[2024-04-23T22:30:51.714+0000] {processor.py:179} INFO - Processing /usr/local/python/3.10.13/lib/python3.10/site-packages/airflow/example_dags/example_latest_only_with_trigger.py took 0.072 seconds
[2024-04-23T22:31:44.676+0000] {processor.py:157} INFO - Started process (PID=32937) to work on /usr/local/python/3.10.13/lib/python3.10/site-packages/airflow/example_dags/example_latest_only_with_trigger.py
[2024-04-23T22:31:44.676+0000] {processor.py:826} INFO - Processing file /usr/local/python/3.10.13/lib/python3.10/site-packages/airflow/example_dags/example_latest_only_with_trigger.py for tasks to queue
[2024-04-23T22:31:44.677+0000] {logging_mixin.py:150} INFO - [2024-04-23T22:31:44.677+0000] {dagbag.py:541} INFO - Filling up the DagBag from /usr/local/python/3.10.13/lib/python3.10/site-packages/airflow/example_dags/example_latest_only_with_trigger.py
[2024-04-23T22:31:44.682+0000] {processor.py:836} INFO - DAG(s) dict_keys(['latest_only_with_trigger']) retrieved from /usr/local/python/3.10.13/lib/python3.10/site-packages/airflow/example_dags/example_latest_only_with_trigger.py
[2024-04-23T22:31:44.694+0000] {logging_mixin.py:150} INFO - [2024-04-23T22:31:44.693+0000] {dag.py:2742} INFO - Sync 1 DAGs
[2024-04-23T22:31:44.709+0000] {logging_mixin.py:150} INFO - [2024-04-23T22:31:44.709+0000] {dag.py:3504} INFO - Setting next_dagrun for latest_only_with_trigger to 2024-04-23T18:31:44.708918+00:00, run_after=2024-04-23T22:31:44.708918+00:00
[2024-04-23T22:31:44.759+0000] {processor.py:179} INFO - Processing /usr/local/python/3.10.13/lib/python3.10/site-packages/airflow/example_dags/example_latest_only_with_trigger.py took 0.086 seconds
[2024-04-23T22:32:37.401+0000] {processor.py:157} INFO - Started process (PID=33321) to work on /usr/local/python/3.10.13/lib/python3.10/site-packages/airflow/example_dags/example_latest_only_with_trigger.py
[2024-04-23T22:32:37.401+0000] {processor.py:826} INFO - Processing file /usr/local/python/3.10.13/lib/python3.10/site-packages/airflow/example_dags/example_latest_only_with_trigger.py for tasks to queue
[2024-04-23T22:32:37.402+0000] {logging_mixin.py:150} INFO - [2024-04-23T22:32:37.402+0000] {dagbag.py:541} INFO - Filling up the DagBag from /usr/local/python/3.10.13/lib/python3.10/site-packages/airflow/example_dags/example_latest_only_with_trigger.py
[2024-04-23T22:32:37.406+0000] {processor.py:836} INFO - DAG(s) dict_keys(['latest_only_with_trigger']) retrieved from /usr/local/python/3.10.13/lib/python3.10/site-packages/airflow/example_dags/example_latest_only_with_trigger.py
[2024-04-23T22:32:37.418+0000] {logging_mixin.py:150} INFO - [2024-04-23T22:32:37.417+0000] {dag.py:2742} INFO - Sync 1 DAGs
[2024-04-23T22:32:37.432+0000] {logging_mixin.py:150} INFO - [2024-04-23T22:32:37.432+0000] {dag.py:3504} INFO - Setting next_dagrun for latest_only_with_trigger to 2024-04-23T18:32:37.432352+00:00, run_after=2024-04-23T22:32:37.432352+00:00
[2024-04-23T22:32:37.468+0000] {processor.py:179} INFO - Processing /usr/local/python/3.10.13/lib/python3.10/site-packages/airflow/example_dags/example_latest_only_with_trigger.py took 0.070 seconds
[2024-04-23T22:33:25.396+0000] {processor.py:157} INFO - Started process (PID=33703) to work on /usr/local/python/3.10.13/lib/python3.10/site-packages/airflow/example_dags/example_latest_only_with_trigger.py
[2024-04-23T22:33:25.396+0000] {processor.py:826} INFO - Processing file /usr/local/python/3.10.13/lib/python3.10/site-packages/airflow/example_dags/example_latest_only_with_trigger.py for tasks to queue
[2024-04-23T22:33:25.397+0000] {logging_mixin.py:150} INFO - [2024-04-23T22:33:25.397+0000] {dagbag.py:541} INFO - Filling up the DagBag from /usr/local/python/3.10.13/lib/python3.10/site-packages/airflow/example_dags/example_latest_only_with_trigger.py
[2024-04-23T22:33:25.402+0000] {processor.py:836} INFO - DAG(s) dict_keys(['latest_only_with_trigger']) retrieved from /usr/local/python/3.10.13/lib/python3.10/site-packages/airflow/example_dags/example_latest_only_with_trigger.py
[2024-04-23T22:33:25.414+0000] {logging_mixin.py:150} INFO - [2024-04-23T22:33:25.414+0000] {dag.py:2742} INFO - Sync 1 DAGs
[2024-04-23T22:33:25.429+0000] {logging_mixin.py:150} INFO - [2024-04-23T22:33:25.428+0000] {dag.py:3504} INFO - Setting next_dagrun for latest_only_with_trigger to 2024-04-23T18:33:25.428821+00:00, run_after=2024-04-23T22:33:25.428821+00:00
[2024-04-23T22:33:25.466+0000] {processor.py:179} INFO - Processing /usr/local/python/3.10.13/lib/python3.10/site-packages/airflow/example_dags/example_latest_only_with_trigger.py took 0.073 seconds
[2024-04-23T22:34:20.761+0000] {processor.py:157} INFO - Started process (PID=34107) to work on /usr/local/python/3.10.13/lib/python3.10/site-packages/airflow/example_dags/example_latest_only_with_trigger.py
[2024-04-23T22:34:20.762+0000] {processor.py:826} INFO - Processing file /usr/local/python/3.10.13/lib/python3.10/site-packages/airflow/example_dags/example_latest_only_with_trigger.py for tasks to queue
[2024-04-23T22:34:20.762+0000] {logging_mixin.py:150} INFO - [2024-04-23T22:34:20.762+0000] {dagbag.py:541} INFO - Filling up the DagBag from /usr/local/python/3.10.13/lib/python3.10/site-packages/airflow/example_dags/example_latest_only_with_trigger.py
[2024-04-23T22:34:20.767+0000] {processor.py:836} INFO - DAG(s) dict_keys(['latest_only_with_trigger']) retrieved from /usr/local/python/3.10.13/lib/python3.10/site-packages/airflow/example_dags/example_latest_only_with_trigger.py
[2024-04-23T22:34:20.779+0000] {logging_mixin.py:150} INFO - [2024-04-23T22:34:20.778+0000] {dag.py:2742} INFO - Sync 1 DAGs
[2024-04-23T22:34:20.793+0000] {logging_mixin.py:150} INFO - [2024-04-23T22:34:20.793+0000] {dag.py:3504} INFO - Setting next_dagrun for latest_only_with_trigger to 2024-04-23T18:34:20.793644+00:00, run_after=2024-04-23T22:34:20.793644+00:00
[2024-04-23T22:34:20.833+0000] {processor.py:179} INFO - Processing /usr/local/python/3.10.13/lib/python3.10/site-packages/airflow/example_dags/example_latest_only_with_trigger.py took 0.074 seconds
[2024-04-23T22:35:12.504+0000] {processor.py:157} INFO - Started process (PID=34605) to work on /usr/local/python/3.10.13/lib/python3.10/site-packages/airflow/example_dags/example_latest_only_with_trigger.py
[2024-04-23T22:35:12.505+0000] {processor.py:826} INFO - Processing file /usr/local/python/3.10.13/lib/python3.10/site-packages/airflow/example_dags/example_latest_only_with_trigger.py for tasks to queue
[2024-04-23T22:35:12.506+0000] {logging_mixin.py:150} INFO - [2024-04-23T22:35:12.505+0000] {dagbag.py:541} INFO - Filling up the DagBag from /usr/local/python/3.10.13/lib/python3.10/site-packages/airflow/example_dags/example_latest_only_with_trigger.py
[2024-04-23T22:35:12.511+0000] {processor.py:836} INFO - DAG(s) dict_keys(['latest_only_with_trigger']) retrieved from /usr/local/python/3.10.13/lib/python3.10/site-packages/airflow/example_dags/example_latest_only_with_trigger.py
[2024-04-23T22:35:12.522+0000] {logging_mixin.py:150} INFO - [2024-04-23T22:35:12.522+0000] {dag.py:2742} INFO - Sync 1 DAGs
[2024-04-23T22:35:12.537+0000] {logging_mixin.py:150} INFO - [2024-04-23T22:35:12.537+0000] {dag.py:3504} INFO - Setting next_dagrun for latest_only_with_trigger to 2024-04-23T18:35:12.537671+00:00, run_after=2024-04-23T22:35:12.537671+00:00
[2024-04-23T22:35:12.577+0000] {processor.py:179} INFO - Processing /usr/local/python/3.10.13/lib/python3.10/site-packages/airflow/example_dags/example_latest_only_with_trigger.py took 0.075 seconds
[2024-04-23T22:36:00.507+0000] {processor.py:157} INFO - Started process (PID=34974) to work on /usr/local/python/3.10.13/lib/python3.10/site-packages/airflow/example_dags/example_latest_only_with_trigger.py
[2024-04-23T22:36:00.508+0000] {processor.py:826} INFO - Processing file /usr/local/python/3.10.13/lib/python3.10/site-packages/airflow/example_dags/example_latest_only_with_trigger.py for tasks to queue
[2024-04-23T22:36:00.509+0000] {logging_mixin.py:150} INFO - [2024-04-23T22:36:00.508+0000] {dagbag.py:541} INFO - Filling up the DagBag from /usr/local/python/3.10.13/lib/python3.10/site-packages/airflow/example_dags/example_latest_only_with_trigger.py
[2024-04-23T22:36:00.513+0000] {processor.py:836} INFO - DAG(s) dict_keys(['latest_only_with_trigger']) retrieved from /usr/local/python/3.10.13/lib/python3.10/site-packages/airflow/example_dags/example_latest_only_with_trigger.py
[2024-04-23T22:36:00.525+0000] {logging_mixin.py:150} INFO - [2024-04-23T22:36:00.525+0000] {dag.py:2742} INFO - Sync 1 DAGs
[2024-04-23T22:36:00.540+0000] {logging_mixin.py:150} INFO - [2024-04-23T22:36:00.540+0000] {dag.py:3504} INFO - Setting next_dagrun for latest_only_with_trigger to 2024-04-23T18:36:00.540060+00:00, run_after=2024-04-23T22:36:00.540060+00:00
[2024-04-23T22:36:00.579+0000] {processor.py:179} INFO - Processing /usr/local/python/3.10.13/lib/python3.10/site-packages/airflow/example_dags/example_latest_only_with_trigger.py took 0.074 seconds
[2024-04-23T22:36:54.563+0000] {processor.py:157} INFO - Started process (PID=35405) to work on /usr/local/python/3.10.13/lib/python3.10/site-packages/airflow/example_dags/example_latest_only_with_trigger.py
[2024-04-23T22:36:54.564+0000] {processor.py:826} INFO - Processing file /usr/local/python/3.10.13/lib/python3.10/site-packages/airflow/example_dags/example_latest_only_with_trigger.py for tasks to queue
[2024-04-23T22:36:54.564+0000] {logging_mixin.py:150} INFO - [2024-04-23T22:36:54.564+0000] {dagbag.py:541} INFO - Filling up the DagBag from /usr/local/python/3.10.13/lib/python3.10/site-packages/airflow/example_dags/example_latest_only_with_trigger.py
[2024-04-23T22:36:54.569+0000] {processor.py:836} INFO - DAG(s) dict_keys(['latest_only_with_trigger']) retrieved from /usr/local/python/3.10.13/lib/python3.10/site-packages/airflow/example_dags/example_latest_only_with_trigger.py
[2024-04-23T22:36:54.580+0000] {logging_mixin.py:150} INFO - [2024-04-23T22:36:54.580+0000] {dag.py:2742} INFO - Sync 1 DAGs
[2024-04-23T22:36:54.595+0000] {logging_mixin.py:150} INFO - [2024-04-23T22:36:54.595+0000] {dag.py:3504} INFO - Setting next_dagrun for latest_only_with_trigger to 2024-04-23T18:36:54.595060+00:00, run_after=2024-04-23T22:36:54.595060+00:00
[2024-04-23T22:36:54.633+0000] {processor.py:179} INFO - Processing /usr/local/python/3.10.13/lib/python3.10/site-packages/airflow/example_dags/example_latest_only_with_trigger.py took 0.072 seconds
[2024-04-23T22:37:46.241+0000] {processor.py:157} INFO - Started process (PID=35790) to work on /usr/local/python/3.10.13/lib/python3.10/site-packages/airflow/example_dags/example_latest_only_with_trigger.py
[2024-04-23T22:37:46.241+0000] {processor.py:826} INFO - Processing file /usr/local/python/3.10.13/lib/python3.10/site-packages/airflow/example_dags/example_latest_only_with_trigger.py for tasks to queue
[2024-04-23T22:37:46.242+0000] {logging_mixin.py:150} INFO - [2024-04-23T22:37:46.242+0000] {dagbag.py:541} INFO - Filling up the DagBag from /usr/local/python/3.10.13/lib/python3.10/site-packages/airflow/example_dags/example_latest_only_with_trigger.py
[2024-04-23T22:37:46.247+0000] {processor.py:836} INFO - DAG(s) dict_keys(['latest_only_with_trigger']) retrieved from /usr/local/python/3.10.13/lib/python3.10/site-packages/airflow/example_dags/example_latest_only_with_trigger.py
[2024-04-23T22:37:46.259+0000] {logging_mixin.py:150} INFO - [2024-04-23T22:37:46.259+0000] {dag.py:2742} INFO - Sync 1 DAGs
[2024-04-23T22:37:46.275+0000] {logging_mixin.py:150} INFO - [2024-04-23T22:37:46.275+0000] {dag.py:3504} INFO - Setting next_dagrun for latest_only_with_trigger to 2024-04-23T18:37:46.274817+00:00, run_after=2024-04-23T22:37:46.274817+00:00
[2024-04-23T22:37:46.311+0000] {processor.py:179} INFO - Processing /usr/local/python/3.10.13/lib/python3.10/site-packages/airflow/example_dags/example_latest_only_with_trigger.py took 0.073 seconds
[2024-04-23T22:38:36.219+0000] {processor.py:157} INFO - Started process (PID=36162) to work on /usr/local/python/3.10.13/lib/python3.10/site-packages/airflow/example_dags/example_latest_only_with_trigger.py
[2024-04-23T22:38:36.219+0000] {processor.py:826} INFO - Processing file /usr/local/python/3.10.13/lib/python3.10/site-packages/airflow/example_dags/example_latest_only_with_trigger.py for tasks to queue
[2024-04-23T22:38:36.220+0000] {logging_mixin.py:150} INFO - [2024-04-23T22:38:36.220+0000] {dagbag.py:541} INFO - Filling up the DagBag from /usr/local/python/3.10.13/lib/python3.10/site-packages/airflow/example_dags/example_latest_only_with_trigger.py
[2024-04-23T22:38:36.225+0000] {processor.py:836} INFO - DAG(s) dict_keys(['latest_only_with_trigger']) retrieved from /usr/local/python/3.10.13/lib/python3.10/site-packages/airflow/example_dags/example_latest_only_with_trigger.py
[2024-04-23T22:38:36.238+0000] {logging_mixin.py:150} INFO - [2024-04-23T22:38:36.237+0000] {dag.py:2742} INFO - Sync 1 DAGs
[2024-04-23T22:38:36.253+0000] {logging_mixin.py:150} INFO - [2024-04-23T22:38:36.253+0000] {dag.py:3504} INFO - Setting next_dagrun for latest_only_with_trigger to 2024-04-23T18:38:36.253595+00:00, run_after=2024-04-23T22:38:36.253595+00:00
[2024-04-23T22:38:36.292+0000] {processor.py:179} INFO - Processing /usr/local/python/3.10.13/lib/python3.10/site-packages/airflow/example_dags/example_latest_only_with_trigger.py took 0.075 seconds
[2024-04-23T22:39:26.807+0000] {processor.py:157} INFO - Started process (PID=36549) to work on /usr/local/python/3.10.13/lib/python3.10/site-packages/airflow/example_dags/example_latest_only_with_trigger.py
[2024-04-23T22:39:26.808+0000] {processor.py:826} INFO - Processing file /usr/local/python/3.10.13/lib/python3.10/site-packages/airflow/example_dags/example_latest_only_with_trigger.py for tasks to queue
[2024-04-23T22:39:26.808+0000] {logging_mixin.py:150} INFO - [2024-04-23T22:39:26.808+0000] {dagbag.py:541} INFO - Filling up the DagBag from /usr/local/python/3.10.13/lib/python3.10/site-packages/airflow/example_dags/example_latest_only_with_trigger.py
[2024-04-23T22:39:26.813+0000] {processor.py:836} INFO - DAG(s) dict_keys(['latest_only_with_trigger']) retrieved from /usr/local/python/3.10.13/lib/python3.10/site-packages/airflow/example_dags/example_latest_only_with_trigger.py
[2024-04-23T22:39:26.827+0000] {logging_mixin.py:150} INFO - [2024-04-23T22:39:26.827+0000] {dag.py:2742} INFO - Sync 1 DAGs
[2024-04-23T22:39:26.846+0000] {logging_mixin.py:150} INFO - [2024-04-23T22:39:26.846+0000] {dag.py:3504} INFO - Setting next_dagrun for latest_only_with_trigger to 2024-04-23T18:39:26.846117+00:00, run_after=2024-04-23T22:39:26.846117+00:00
[2024-04-23T22:39:26.894+0000] {processor.py:179} INFO - Processing /usr/local/python/3.10.13/lib/python3.10/site-packages/airflow/example_dags/example_latest_only_with_trigger.py took 0.090 seconds
[2024-04-23T22:40:18.074+0000] {processor.py:157} INFO - Started process (PID=36941) to work on /usr/local/python/3.10.13/lib/python3.10/site-packages/airflow/example_dags/example_latest_only_with_trigger.py
[2024-04-23T22:40:18.074+0000] {processor.py:826} INFO - Processing file /usr/local/python/3.10.13/lib/python3.10/site-packages/airflow/example_dags/example_latest_only_with_trigger.py for tasks to queue
[2024-04-23T22:40:18.075+0000] {logging_mixin.py:150} INFO - [2024-04-23T22:40:18.075+0000] {dagbag.py:541} INFO - Filling up the DagBag from /usr/local/python/3.10.13/lib/python3.10/site-packages/airflow/example_dags/example_latest_only_with_trigger.py
[2024-04-23T22:40:18.080+0000] {processor.py:836} INFO - DAG(s) dict_keys(['latest_only_with_trigger']) retrieved from /usr/local/python/3.10.13/lib/python3.10/site-packages/airflow/example_dags/example_latest_only_with_trigger.py
[2024-04-23T22:40:18.092+0000] {logging_mixin.py:150} INFO - [2024-04-23T22:40:18.092+0000] {dag.py:2742} INFO - Sync 1 DAGs
[2024-04-23T22:40:18.107+0000] {logging_mixin.py:150} INFO - [2024-04-23T22:40:18.107+0000] {dag.py:3504} INFO - Setting next_dagrun for latest_only_with_trigger to 2024-04-23T18:40:18.106868+00:00, run_after=2024-04-23T22:40:18.106868+00:00
[2024-04-23T22:40:18.145+0000] {processor.py:179} INFO - Processing /usr/local/python/3.10.13/lib/python3.10/site-packages/airflow/example_dags/example_latest_only_with_trigger.py took 0.074 seconds
[2024-04-23T22:41:13.384+0000] {processor.py:157} INFO - Started process (PID=37351) to work on /usr/local/python/3.10.13/lib/python3.10/site-packages/airflow/example_dags/example_latest_only_with_trigger.py
[2024-04-23T22:41:13.385+0000] {processor.py:826} INFO - Processing file /usr/local/python/3.10.13/lib/python3.10/site-packages/airflow/example_dags/example_latest_only_with_trigger.py for tasks to queue
[2024-04-23T22:41:13.385+0000] {logging_mixin.py:150} INFO - [2024-04-23T22:41:13.385+0000] {dagbag.py:541} INFO - Filling up the DagBag from /usr/local/python/3.10.13/lib/python3.10/site-packages/airflow/example_dags/example_latest_only_with_trigger.py
[2024-04-23T22:41:13.390+0000] {processor.py:836} INFO - DAG(s) dict_keys(['latest_only_with_trigger']) retrieved from /usr/local/python/3.10.13/lib/python3.10/site-packages/airflow/example_dags/example_latest_only_with_trigger.py
[2024-04-23T22:41:13.403+0000] {logging_mixin.py:150} INFO - [2024-04-23T22:41:13.403+0000] {dag.py:2742} INFO - Sync 1 DAGs
[2024-04-23T22:41:13.418+0000] {logging_mixin.py:150} INFO - [2024-04-23T22:41:13.418+0000] {dag.py:3504} INFO - Setting next_dagrun for latest_only_with_trigger to 2024-04-23T18:41:13.417806+00:00, run_after=2024-04-23T22:41:13.417806+00:00
[2024-04-23T22:41:13.459+0000] {processor.py:179} INFO - Processing /usr/local/python/3.10.13/lib/python3.10/site-packages/airflow/example_dags/example_latest_only_with_trigger.py took 0.077 seconds
[2024-04-23T22:42:10.093+0000] {processor.py:157} INFO - Started process (PID=37785) to work on /usr/local/python/3.10.13/lib/python3.10/site-packages/airflow/example_dags/example_latest_only_with_trigger.py
[2024-04-23T22:42:10.093+0000] {processor.py:826} INFO - Processing file /usr/local/python/3.10.13/lib/python3.10/site-packages/airflow/example_dags/example_latest_only_with_trigger.py for tasks to queue
[2024-04-23T22:42:10.094+0000] {logging_mixin.py:150} INFO - [2024-04-23T22:42:10.094+0000] {dagbag.py:541} INFO - Filling up the DagBag from /usr/local/python/3.10.13/lib/python3.10/site-packages/airflow/example_dags/example_latest_only_with_trigger.py
[2024-04-23T22:42:10.099+0000] {processor.py:836} INFO - DAG(s) dict_keys(['latest_only_with_trigger']) retrieved from /usr/local/python/3.10.13/lib/python3.10/site-packages/airflow/example_dags/example_latest_only_with_trigger.py
[2024-04-23T22:42:10.111+0000] {logging_mixin.py:150} INFO - [2024-04-23T22:42:10.111+0000] {dag.py:2742} INFO - Sync 1 DAGs
[2024-04-23T22:42:10.127+0000] {logging_mixin.py:150} INFO - [2024-04-23T22:42:10.126+0000] {dag.py:3504} INFO - Setting next_dagrun for latest_only_with_trigger to 2024-04-23T18:42:10.126729+00:00, run_after=2024-04-23T22:42:10.126729+00:00
[2024-04-23T22:42:10.165+0000] {processor.py:179} INFO - Processing /usr/local/python/3.10.13/lib/python3.10/site-packages/airflow/example_dags/example_latest_only_with_trigger.py took 0.074 seconds
[2024-04-23T22:42:59.374+0000] {processor.py:157} INFO - Started process (PID=38126) to work on /usr/local/python/3.10.13/lib/python3.10/site-packages/airflow/example_dags/example_latest_only_with_trigger.py
[2024-04-23T22:42:59.374+0000] {processor.py:826} INFO - Processing file /usr/local/python/3.10.13/lib/python3.10/site-packages/airflow/example_dags/example_latest_only_with_trigger.py for tasks to queue
[2024-04-23T22:42:59.375+0000] {logging_mixin.py:150} INFO - [2024-04-23T22:42:59.375+0000] {dagbag.py:541} INFO - Filling up the DagBag from /usr/local/python/3.10.13/lib/python3.10/site-packages/airflow/example_dags/example_latest_only_with_trigger.py
[2024-04-23T22:42:59.380+0000] {processor.py:836} INFO - DAG(s) dict_keys(['latest_only_with_trigger']) retrieved from /usr/local/python/3.10.13/lib/python3.10/site-packages/airflow/example_dags/example_latest_only_with_trigger.py
[2024-04-23T22:42:59.392+0000] {logging_mixin.py:150} INFO - [2024-04-23T22:42:59.392+0000] {dag.py:2742} INFO - Sync 1 DAGs
[2024-04-23T22:42:59.408+0000] {logging_mixin.py:150} INFO - [2024-04-23T22:42:59.408+0000] {dag.py:3504} INFO - Setting next_dagrun for latest_only_with_trigger to 2024-04-23T18:42:59.407897+00:00, run_after=2024-04-23T22:42:59.407897+00:00
[2024-04-23T22:42:59.458+0000] {processor.py:179} INFO - Processing /usr/local/python/3.10.13/lib/python3.10/site-packages/airflow/example_dags/example_latest_only_with_trigger.py took 0.087 seconds
[2024-04-23T22:43:52.270+0000] {processor.py:157} INFO - Started process (PID=38529) to work on /usr/local/python/3.10.13/lib/python3.10/site-packages/airflow/example_dags/example_latest_only_with_trigger.py
[2024-04-23T22:43:52.270+0000] {processor.py:826} INFO - Processing file /usr/local/python/3.10.13/lib/python3.10/site-packages/airflow/example_dags/example_latest_only_with_trigger.py for tasks to queue
[2024-04-23T22:43:52.271+0000] {logging_mixin.py:150} INFO - [2024-04-23T22:43:52.271+0000] {dagbag.py:541} INFO - Filling up the DagBag from /usr/local/python/3.10.13/lib/python3.10/site-packages/airflow/example_dags/example_latest_only_with_trigger.py
[2024-04-23T22:43:52.276+0000] {processor.py:836} INFO - DAG(s) dict_keys(['latest_only_with_trigger']) retrieved from /usr/local/python/3.10.13/lib/python3.10/site-packages/airflow/example_dags/example_latest_only_with_trigger.py
[2024-04-23T22:43:52.288+0000] {logging_mixin.py:150} INFO - [2024-04-23T22:43:52.287+0000] {dag.py:2742} INFO - Sync 1 DAGs
[2024-04-23T22:43:52.303+0000] {logging_mixin.py:150} INFO - [2024-04-23T22:43:52.303+0000] {dag.py:3504} INFO - Setting next_dagrun for latest_only_with_trigger to 2024-04-23T18:43:52.302872+00:00, run_after=2024-04-23T22:43:52.302872+00:00
[2024-04-23T22:43:52.340+0000] {processor.py:179} INFO - Processing /usr/local/python/3.10.13/lib/python3.10/site-packages/airflow/example_dags/example_latest_only_with_trigger.py took 0.073 seconds
[2024-04-23T22:44:40.439+0000] {processor.py:157} INFO - Started process (PID=38860) to work on /usr/local/python/3.10.13/lib/python3.10/site-packages/airflow/example_dags/example_latest_only_with_trigger.py
[2024-04-23T22:44:40.440+0000] {processor.py:826} INFO - Processing file /usr/local/python/3.10.13/lib/python3.10/site-packages/airflow/example_dags/example_latest_only_with_trigger.py for tasks to queue
[2024-04-23T22:44:40.440+0000] {logging_mixin.py:150} INFO - [2024-04-23T22:44:40.440+0000] {dagbag.py:541} INFO - Filling up the DagBag from /usr/local/python/3.10.13/lib/python3.10/site-packages/airflow/example_dags/example_latest_only_with_trigger.py
[2024-04-23T22:44:40.446+0000] {processor.py:836} INFO - DAG(s) dict_keys(['latest_only_with_trigger']) retrieved from /usr/local/python/3.10.13/lib/python3.10/site-packages/airflow/example_dags/example_latest_only_with_trigger.py
[2024-04-23T22:44:40.458+0000] {logging_mixin.py:150} INFO - [2024-04-23T22:44:40.458+0000] {dag.py:2742} INFO - Sync 1 DAGs
[2024-04-23T22:44:40.473+0000] {logging_mixin.py:150} INFO - [2024-04-23T22:44:40.473+0000] {dag.py:3504} INFO - Setting next_dagrun for latest_only_with_trigger to 2024-04-23T18:44:40.473590+00:00, run_after=2024-04-23T22:44:40.473590+00:00
[2024-04-23T22:44:40.515+0000] {processor.py:179} INFO - Processing /usr/local/python/3.10.13/lib/python3.10/site-packages/airflow/example_dags/example_latest_only_with_trigger.py took 0.078 seconds
[2024-04-23T22:45:28.459+0000] {processor.py:157} INFO - Started process (PID=39234) to work on /usr/local/python/3.10.13/lib/python3.10/site-packages/airflow/example_dags/example_latest_only_with_trigger.py
[2024-04-23T22:45:28.460+0000] {processor.py:826} INFO - Processing file /usr/local/python/3.10.13/lib/python3.10/site-packages/airflow/example_dags/example_latest_only_with_trigger.py for tasks to queue
[2024-04-23T22:45:28.460+0000] {logging_mixin.py:150} INFO - [2024-04-23T22:45:28.460+0000] {dagbag.py:541} INFO - Filling up the DagBag from /usr/local/python/3.10.13/lib/python3.10/site-packages/airflow/example_dags/example_latest_only_with_trigger.py
[2024-04-23T22:45:28.465+0000] {processor.py:836} INFO - DAG(s) dict_keys(['latest_only_with_trigger']) retrieved from /usr/local/python/3.10.13/lib/python3.10/site-packages/airflow/example_dags/example_latest_only_with_trigger.py
[2024-04-23T22:45:28.478+0000] {logging_mixin.py:150} INFO - [2024-04-23T22:45:28.477+0000] {dag.py:2742} INFO - Sync 1 DAGs
[2024-04-23T22:45:28.493+0000] {logging_mixin.py:150} INFO - [2024-04-23T22:45:28.493+0000] {dag.py:3504} INFO - Setting next_dagrun for latest_only_with_trigger to 2024-04-23T18:45:28.493487+00:00, run_after=2024-04-23T22:45:28.493487+00:00
[2024-04-23T22:45:28.532+0000] {processor.py:179} INFO - Processing /usr/local/python/3.10.13/lib/python3.10/site-packages/airflow/example_dags/example_latest_only_with_trigger.py took 0.076 seconds
[2024-04-23T22:46:21.362+0000] {processor.py:157} INFO - Started process (PID=39622) to work on /usr/local/python/3.10.13/lib/python3.10/site-packages/airflow/example_dags/example_latest_only_with_trigger.py
[2024-04-23T22:46:21.362+0000] {processor.py:826} INFO - Processing file /usr/local/python/3.10.13/lib/python3.10/site-packages/airflow/example_dags/example_latest_only_with_trigger.py for tasks to queue
[2024-04-23T22:46:21.363+0000] {logging_mixin.py:150} INFO - [2024-04-23T22:46:21.363+0000] {dagbag.py:541} INFO - Filling up the DagBag from /usr/local/python/3.10.13/lib/python3.10/site-packages/airflow/example_dags/example_latest_only_with_trigger.py
[2024-04-23T22:46:21.368+0000] {processor.py:836} INFO - DAG(s) dict_keys(['latest_only_with_trigger']) retrieved from /usr/local/python/3.10.13/lib/python3.10/site-packages/airflow/example_dags/example_latest_only_with_trigger.py
[2024-04-23T22:46:21.380+0000] {logging_mixin.py:150} INFO - [2024-04-23T22:46:21.380+0000] {dag.py:2742} INFO - Sync 1 DAGs
[2024-04-23T22:46:21.396+0000] {logging_mixin.py:150} INFO - [2024-04-23T22:46:21.395+0000] {dag.py:3504} INFO - Setting next_dagrun for latest_only_with_trigger to 2024-04-23T18:46:21.395729+00:00, run_after=2024-04-23T22:46:21.395729+00:00
[2024-04-23T22:46:21.437+0000] {processor.py:179} INFO - Processing /usr/local/python/3.10.13/lib/python3.10/site-packages/airflow/example_dags/example_latest_only_with_trigger.py took 0.077 seconds
[2024-04-23T22:47:15.712+0000] {processor.py:157} INFO - Started process (PID=40051) to work on /usr/local/python/3.10.13/lib/python3.10/site-packages/airflow/example_dags/example_latest_only_with_trigger.py
[2024-04-23T22:47:15.713+0000] {processor.py:826} INFO - Processing file /usr/local/python/3.10.13/lib/python3.10/site-packages/airflow/example_dags/example_latest_only_with_trigger.py for tasks to queue
[2024-04-23T22:47:15.714+0000] {logging_mixin.py:150} INFO - [2024-04-23T22:47:15.714+0000] {dagbag.py:541} INFO - Filling up the DagBag from /usr/local/python/3.10.13/lib/python3.10/site-packages/airflow/example_dags/example_latest_only_with_trigger.py
[2024-04-23T22:47:15.719+0000] {processor.py:836} INFO - DAG(s) dict_keys(['latest_only_with_trigger']) retrieved from /usr/local/python/3.10.13/lib/python3.10/site-packages/airflow/example_dags/example_latest_only_with_trigger.py
[2024-04-23T22:47:15.732+0000] {logging_mixin.py:150} INFO - [2024-04-23T22:47:15.731+0000] {dag.py:2742} INFO - Sync 1 DAGs
[2024-04-23T22:47:15.748+0000] {logging_mixin.py:150} INFO - [2024-04-23T22:47:15.748+0000] {dag.py:3504} INFO - Setting next_dagrun for latest_only_with_trigger to 2024-04-23T18:47:15.748071+00:00, run_after=2024-04-23T22:47:15.748071+00:00
[2024-04-23T22:47:15.787+0000] {processor.py:179} INFO - Processing /usr/local/python/3.10.13/lib/python3.10/site-packages/airflow/example_dags/example_latest_only_with_trigger.py took 0.077 seconds
[2024-04-23T22:48:09.934+0000] {processor.py:157} INFO - Started process (PID=40448) to work on /usr/local/python/3.10.13/lib/python3.10/site-packages/airflow/example_dags/example_latest_only_with_trigger.py
[2024-04-23T22:48:09.934+0000] {processor.py:826} INFO - Processing file /usr/local/python/3.10.13/lib/python3.10/site-packages/airflow/example_dags/example_latest_only_with_trigger.py for tasks to queue
[2024-04-23T22:48:09.935+0000] {logging_mixin.py:150} INFO - [2024-04-23T22:48:09.935+0000] {dagbag.py:541} INFO - Filling up the DagBag from /usr/local/python/3.10.13/lib/python3.10/site-packages/airflow/example_dags/example_latest_only_with_trigger.py
[2024-04-23T22:48:09.940+0000] {processor.py:836} INFO - DAG(s) dict_keys(['latest_only_with_trigger']) retrieved from /usr/local/python/3.10.13/lib/python3.10/site-packages/airflow/example_dags/example_latest_only_with_trigger.py
[2024-04-23T22:48:09.951+0000] {logging_mixin.py:150} INFO - [2024-04-23T22:48:09.951+0000] {dag.py:2742} INFO - Sync 1 DAGs
[2024-04-23T22:48:09.966+0000] {logging_mixin.py:150} INFO - [2024-04-23T22:48:09.966+0000] {dag.py:3504} INFO - Setting next_dagrun for latest_only_with_trigger to 2024-04-23T18:48:09.966000+00:00, run_after=2024-04-23T22:48:09.966000+00:00
[2024-04-23T22:48:10.004+0000] {processor.py:179} INFO - Processing /usr/local/python/3.10.13/lib/python3.10/site-packages/airflow/example_dags/example_latest_only_with_trigger.py took 0.072 seconds
[2024-04-23T22:49:02.167+0000] {processor.py:157} INFO - Started process (PID=40850) to work on /usr/local/python/3.10.13/lib/python3.10/site-packages/airflow/example_dags/example_latest_only_with_trigger.py
[2024-04-23T22:49:02.167+0000] {processor.py:826} INFO - Processing file /usr/local/python/3.10.13/lib/python3.10/site-packages/airflow/example_dags/example_latest_only_with_trigger.py for tasks to queue
[2024-04-23T22:49:02.168+0000] {logging_mixin.py:150} INFO - [2024-04-23T22:49:02.168+0000] {dagbag.py:541} INFO - Filling up the DagBag from /usr/local/python/3.10.13/lib/python3.10/site-packages/airflow/example_dags/example_latest_only_with_trigger.py
[2024-04-23T22:49:02.173+0000] {processor.py:836} INFO - DAG(s) dict_keys(['latest_only_with_trigger']) retrieved from /usr/local/python/3.10.13/lib/python3.10/site-packages/airflow/example_dags/example_latest_only_with_trigger.py
[2024-04-23T22:49:02.184+0000] {logging_mixin.py:150} INFO - [2024-04-23T22:49:02.184+0000] {dag.py:2742} INFO - Sync 1 DAGs
[2024-04-23T22:49:02.199+0000] {logging_mixin.py:150} INFO - [2024-04-23T22:49:02.199+0000] {dag.py:3504} INFO - Setting next_dagrun for latest_only_with_trigger to 2024-04-23T18:49:02.198824+00:00, run_after=2024-04-23T22:49:02.198824+00:00
[2024-04-23T22:49:02.237+0000] {processor.py:179} INFO - Processing /usr/local/python/3.10.13/lib/python3.10/site-packages/airflow/example_dags/example_latest_only_with_trigger.py took 0.072 seconds
[2024-04-23T22:49:51.969+0000] {processor.py:157} INFO - Started process (PID=41225) to work on /usr/local/python/3.10.13/lib/python3.10/site-packages/airflow/example_dags/example_latest_only_with_trigger.py
[2024-04-23T22:49:51.969+0000] {processor.py:826} INFO - Processing file /usr/local/python/3.10.13/lib/python3.10/site-packages/airflow/example_dags/example_latest_only_with_trigger.py for tasks to queue
[2024-04-23T22:49:51.970+0000] {logging_mixin.py:150} INFO - [2024-04-23T22:49:51.970+0000] {dagbag.py:541} INFO - Filling up the DagBag from /usr/local/python/3.10.13/lib/python3.10/site-packages/airflow/example_dags/example_latest_only_with_trigger.py
[2024-04-23T22:49:51.975+0000] {processor.py:836} INFO - DAG(s) dict_keys(['latest_only_with_trigger']) retrieved from /usr/local/python/3.10.13/lib/python3.10/site-packages/airflow/example_dags/example_latest_only_with_trigger.py
[2024-04-23T22:49:51.987+0000] {logging_mixin.py:150} INFO - [2024-04-23T22:49:51.987+0000] {dag.py:2742} INFO - Sync 1 DAGs
[2024-04-23T22:49:52.001+0000] {logging_mixin.py:150} INFO - [2024-04-23T22:49:52.001+0000] {dag.py:3504} INFO - Setting next_dagrun for latest_only_with_trigger to 2024-04-23T18:49:52.001553+00:00, run_after=2024-04-23T22:49:52.001553+00:00
[2024-04-23T22:49:52.042+0000] {processor.py:179} INFO - Processing /usr/local/python/3.10.13/lib/python3.10/site-packages/airflow/example_dags/example_latest_only_with_trigger.py took 0.075 seconds
[2024-04-23T22:50:44.074+0000] {processor.py:157} INFO - Started process (PID=41612) to work on /usr/local/python/3.10.13/lib/python3.10/site-packages/airflow/example_dags/example_latest_only_with_trigger.py
[2024-04-23T22:50:44.074+0000] {processor.py:826} INFO - Processing file /usr/local/python/3.10.13/lib/python3.10/site-packages/airflow/example_dags/example_latest_only_with_trigger.py for tasks to queue
[2024-04-23T22:50:44.075+0000] {logging_mixin.py:150} INFO - [2024-04-23T22:50:44.075+0000] {dagbag.py:541} INFO - Filling up the DagBag from /usr/local/python/3.10.13/lib/python3.10/site-packages/airflow/example_dags/example_latest_only_with_trigger.py
[2024-04-23T22:50:44.079+0000] {processor.py:836} INFO - DAG(s) dict_keys(['latest_only_with_trigger']) retrieved from /usr/local/python/3.10.13/lib/python3.10/site-packages/airflow/example_dags/example_latest_only_with_trigger.py
[2024-04-23T22:50:44.092+0000] {logging_mixin.py:150} INFO - [2024-04-23T22:50:44.092+0000] {dag.py:2742} INFO - Sync 1 DAGs
[2024-04-23T22:50:44.107+0000] {logging_mixin.py:150} INFO - [2024-04-23T22:50:44.107+0000] {dag.py:3504} INFO - Setting next_dagrun for latest_only_with_trigger to 2024-04-23T18:50:44.106999+00:00, run_after=2024-04-23T22:50:44.106999+00:00
[2024-04-23T22:50:44.145+0000] {processor.py:179} INFO - Processing /usr/local/python/3.10.13/lib/python3.10/site-packages/airflow/example_dags/example_latest_only_with_trigger.py took 0.074 seconds
[2024-04-23T22:51:32.657+0000] {processor.py:157} INFO - Started process (PID=41997) to work on /usr/local/python/3.10.13/lib/python3.10/site-packages/airflow/example_dags/example_latest_only_with_trigger.py
[2024-04-23T22:51:32.658+0000] {processor.py:826} INFO - Processing file /usr/local/python/3.10.13/lib/python3.10/site-packages/airflow/example_dags/example_latest_only_with_trigger.py for tasks to queue
[2024-04-23T22:51:32.658+0000] {logging_mixin.py:150} INFO - [2024-04-23T22:51:32.658+0000] {dagbag.py:541} INFO - Filling up the DagBag from /usr/local/python/3.10.13/lib/python3.10/site-packages/airflow/example_dags/example_latest_only_with_trigger.py
[2024-04-23T22:51:32.663+0000] {processor.py:836} INFO - DAG(s) dict_keys(['latest_only_with_trigger']) retrieved from /usr/local/python/3.10.13/lib/python3.10/site-packages/airflow/example_dags/example_latest_only_with_trigger.py
[2024-04-23T22:51:32.675+0000] {logging_mixin.py:150} INFO - [2024-04-23T22:51:32.675+0000] {dag.py:2742} INFO - Sync 1 DAGs
[2024-04-23T22:51:32.691+0000] {logging_mixin.py:150} INFO - [2024-04-23T22:51:32.690+0000] {dag.py:3504} INFO - Setting next_dagrun for latest_only_with_trigger to 2024-04-23T18:51:32.690603+00:00, run_after=2024-04-23T22:51:32.690603+00:00
[2024-04-23T22:51:32.735+0000] {processor.py:179} INFO - Processing /usr/local/python/3.10.13/lib/python3.10/site-packages/airflow/example_dags/example_latest_only_with_trigger.py took 0.080 seconds
[2024-04-23T22:52:25.732+0000] {processor.py:157} INFO - Started process (PID=42381) to work on /usr/local/python/3.10.13/lib/python3.10/site-packages/airflow/example_dags/example_latest_only_with_trigger.py
[2024-04-23T22:52:25.732+0000] {processor.py:826} INFO - Processing file /usr/local/python/3.10.13/lib/python3.10/site-packages/airflow/example_dags/example_latest_only_with_trigger.py for tasks to queue
[2024-04-23T22:52:25.733+0000] {logging_mixin.py:150} INFO - [2024-04-23T22:52:25.733+0000] {dagbag.py:541} INFO - Filling up the DagBag from /usr/local/python/3.10.13/lib/python3.10/site-packages/airflow/example_dags/example_latest_only_with_trigger.py
[2024-04-23T22:52:25.738+0000] {processor.py:836} INFO - DAG(s) dict_keys(['latest_only_with_trigger']) retrieved from /usr/local/python/3.10.13/lib/python3.10/site-packages/airflow/example_dags/example_latest_only_with_trigger.py
[2024-04-23T22:52:25.750+0000] {logging_mixin.py:150} INFO - [2024-04-23T22:52:25.750+0000] {dag.py:2742} INFO - Sync 1 DAGs
[2024-04-23T22:52:25.847+0000] {logging_mixin.py:150} INFO - [2024-04-23T22:52:25.847+0000] {dag.py:3504} INFO - Setting next_dagrun for latest_only_with_trigger to 2024-04-23T18:52:25.847286+00:00, run_after=2024-04-23T22:52:25.847286+00:00
[2024-04-23T22:52:25.887+0000] {processor.py:179} INFO - Processing /usr/local/python/3.10.13/lib/python3.10/site-packages/airflow/example_dags/example_latest_only_with_trigger.py took 0.158 seconds
[2024-04-23T22:53:17.028+0000] {processor.py:157} INFO - Started process (PID=42759) to work on /usr/local/python/3.10.13/lib/python3.10/site-packages/airflow/example_dags/example_latest_only_with_trigger.py
[2024-04-23T22:53:17.029+0000] {processor.py:826} INFO - Processing file /usr/local/python/3.10.13/lib/python3.10/site-packages/airflow/example_dags/example_latest_only_with_trigger.py for tasks to queue
[2024-04-23T22:53:17.029+0000] {logging_mixin.py:150} INFO - [2024-04-23T22:53:17.029+0000] {dagbag.py:541} INFO - Filling up the DagBag from /usr/local/python/3.10.13/lib/python3.10/site-packages/airflow/example_dags/example_latest_only_with_trigger.py
[2024-04-23T22:53:17.034+0000] {processor.py:836} INFO - DAG(s) dict_keys(['latest_only_with_trigger']) retrieved from /usr/local/python/3.10.13/lib/python3.10/site-packages/airflow/example_dags/example_latest_only_with_trigger.py
[2024-04-23T22:53:17.046+0000] {logging_mixin.py:150} INFO - [2024-04-23T22:53:17.045+0000] {dag.py:2742} INFO - Sync 1 DAGs
[2024-04-23T22:53:17.061+0000] {logging_mixin.py:150} INFO - [2024-04-23T22:53:17.060+0000] {dag.py:3504} INFO - Setting next_dagrun for latest_only_with_trigger to 2024-04-23T18:53:17.060662+00:00, run_after=2024-04-23T22:53:17.060662+00:00
[2024-04-23T22:53:17.184+0000] {processor.py:179} INFO - Processing /usr/local/python/3.10.13/lib/python3.10/site-packages/airflow/example_dags/example_latest_only_with_trigger.py took 0.158 seconds
[2024-04-23T22:54:18.100+0000] {processor.py:157} INFO - Started process (PID=43182) to work on /usr/local/python/3.10.13/lib/python3.10/site-packages/airflow/example_dags/example_latest_only_with_trigger.py
[2024-04-23T22:54:18.101+0000] {processor.py:826} INFO - Processing file /usr/local/python/3.10.13/lib/python3.10/site-packages/airflow/example_dags/example_latest_only_with_trigger.py for tasks to queue
[2024-04-23T22:54:18.101+0000] {logging_mixin.py:150} INFO - [2024-04-23T22:54:18.101+0000] {dagbag.py:541} INFO - Filling up the DagBag from /usr/local/python/3.10.13/lib/python3.10/site-packages/airflow/example_dags/example_latest_only_with_trigger.py
[2024-04-23T22:54:18.106+0000] {processor.py:836} INFO - DAG(s) dict_keys(['latest_only_with_trigger']) retrieved from /usr/local/python/3.10.13/lib/python3.10/site-packages/airflow/example_dags/example_latest_only_with_trigger.py
[2024-04-23T22:54:18.119+0000] {logging_mixin.py:150} INFO - [2024-04-23T22:54:18.119+0000] {dag.py:2742} INFO - Sync 1 DAGs
[2024-04-23T22:54:18.226+0000] {logging_mixin.py:150} INFO - [2024-04-23T22:54:18.226+0000] {dag.py:3504} INFO - Setting next_dagrun for latest_only_with_trigger to 2024-04-23T18:54:18.226038+00:00, run_after=2024-04-23T22:54:18.226038+00:00
[2024-04-23T22:54:18.263+0000] {processor.py:179} INFO - Processing /usr/local/python/3.10.13/lib/python3.10/site-packages/airflow/example_dags/example_latest_only_with_trigger.py took 0.165 seconds
[2024-04-23T22:55:03.792+0000] {processor.py:157} INFO - Started process (PID=43504) to work on /usr/local/python/3.10.13/lib/python3.10/site-packages/airflow/example_dags/example_latest_only_with_trigger.py
[2024-04-23T22:55:03.792+0000] {processor.py:826} INFO - Processing file /usr/local/python/3.10.13/lib/python3.10/site-packages/airflow/example_dags/example_latest_only_with_trigger.py for tasks to queue
[2024-04-23T22:55:03.793+0000] {logging_mixin.py:150} INFO - [2024-04-23T22:55:03.793+0000] {dagbag.py:541} INFO - Filling up the DagBag from /usr/local/python/3.10.13/lib/python3.10/site-packages/airflow/example_dags/example_latest_only_with_trigger.py
[2024-04-23T22:55:03.799+0000] {processor.py:836} INFO - DAG(s) dict_keys(['latest_only_with_trigger']) retrieved from /usr/local/python/3.10.13/lib/python3.10/site-packages/airflow/example_dags/example_latest_only_with_trigger.py
[2024-04-23T22:55:03.812+0000] {logging_mixin.py:150} INFO - [2024-04-23T22:55:03.812+0000] {dag.py:2742} INFO - Sync 1 DAGs
[2024-04-23T22:55:03.830+0000] {logging_mixin.py:150} INFO - [2024-04-23T22:55:03.829+0000] {dag.py:3504} INFO - Setting next_dagrun for latest_only_with_trigger to 2024-04-23T18:55:03.829655+00:00, run_after=2024-04-23T22:55:03.829655+00:00
[2024-04-23T22:55:03.903+0000] {processor.py:179} INFO - Processing /usr/local/python/3.10.13/lib/python3.10/site-packages/airflow/example_dags/example_latest_only_with_trigger.py took 0.113 seconds
[2024-04-23T22:55:59.652+0000] {processor.py:157} INFO - Started process (PID=43885) to work on /usr/local/python/3.10.13/lib/python3.10/site-packages/airflow/example_dags/example_latest_only_with_trigger.py
[2024-04-23T22:55:59.653+0000] {processor.py:826} INFO - Processing file /usr/local/python/3.10.13/lib/python3.10/site-packages/airflow/example_dags/example_latest_only_with_trigger.py for tasks to queue
[2024-04-23T22:55:59.654+0000] {logging_mixin.py:150} INFO - [2024-04-23T22:55:59.653+0000] {dagbag.py:541} INFO - Filling up the DagBag from /usr/local/python/3.10.13/lib/python3.10/site-packages/airflow/example_dags/example_latest_only_with_trigger.py
[2024-04-23T22:55:59.658+0000] {processor.py:836} INFO - DAG(s) dict_keys(['latest_only_with_trigger']) retrieved from /usr/local/python/3.10.13/lib/python3.10/site-packages/airflow/example_dags/example_latest_only_with_trigger.py
[2024-04-23T22:55:59.725+0000] {logging_mixin.py:150} INFO - [2024-04-23T22:55:59.725+0000] {dag.py:2742} INFO - Sync 1 DAGs
[2024-04-23T22:55:59.776+0000] {logging_mixin.py:150} INFO - [2024-04-23T22:55:59.776+0000] {dag.py:3504} INFO - Setting next_dagrun for latest_only_with_trigger to 2024-04-23T18:55:59.775832+00:00, run_after=2024-04-23T22:55:59.775832+00:00
[2024-04-23T22:55:59.905+0000] {processor.py:179} INFO - Processing /usr/local/python/3.10.13/lib/python3.10/site-packages/airflow/example_dags/example_latest_only_with_trigger.py took 0.255 seconds
[2024-04-23T22:57:05.249+0000] {processor.py:157} INFO - Started process (PID=44375) to work on /usr/local/python/3.10.13/lib/python3.10/site-packages/airflow/example_dags/example_latest_only_with_trigger.py
[2024-04-23T22:57:05.250+0000] {processor.py:826} INFO - Processing file /usr/local/python/3.10.13/lib/python3.10/site-packages/airflow/example_dags/example_latest_only_with_trigger.py for tasks to queue
[2024-04-23T22:57:05.250+0000] {logging_mixin.py:150} INFO - [2024-04-23T22:57:05.250+0000] {dagbag.py:541} INFO - Filling up the DagBag from /usr/local/python/3.10.13/lib/python3.10/site-packages/airflow/example_dags/example_latest_only_with_trigger.py
[2024-04-23T22:57:05.255+0000] {processor.py:836} INFO - DAG(s) dict_keys(['latest_only_with_trigger']) retrieved from /usr/local/python/3.10.13/lib/python3.10/site-packages/airflow/example_dags/example_latest_only_with_trigger.py
[2024-04-23T22:57:05.267+0000] {logging_mixin.py:150} INFO - [2024-04-23T22:57:05.267+0000] {dag.py:2742} INFO - Sync 1 DAGs
[2024-04-23T22:57:05.282+0000] {logging_mixin.py:150} INFO - [2024-04-23T22:57:05.282+0000] {dag.py:3504} INFO - Setting next_dagrun for latest_only_with_trigger to 2024-04-23T18:57:05.282435+00:00, run_after=2024-04-23T22:57:05.282435+00:00
[2024-04-23T22:57:05.341+0000] {processor.py:179} INFO - Processing /usr/local/python/3.10.13/lib/python3.10/site-packages/airflow/example_dags/example_latest_only_with_trigger.py took 0.094 seconds
[2024-04-23T22:58:01.031+0000] {processor.py:157} INFO - Started process (PID=44788) to work on /usr/local/python/3.10.13/lib/python3.10/site-packages/airflow/example_dags/example_latest_only_with_trigger.py
[2024-04-23T22:58:01.032+0000] {processor.py:826} INFO - Processing file /usr/local/python/3.10.13/lib/python3.10/site-packages/airflow/example_dags/example_latest_only_with_trigger.py for tasks to queue
[2024-04-23T22:58:01.032+0000] {logging_mixin.py:150} INFO - [2024-04-23T22:58:01.032+0000] {dagbag.py:541} INFO - Filling up the DagBag from /usr/local/python/3.10.13/lib/python3.10/site-packages/airflow/example_dags/example_latest_only_with_trigger.py
[2024-04-23T22:58:01.037+0000] {processor.py:836} INFO - DAG(s) dict_keys(['latest_only_with_trigger']) retrieved from /usr/local/python/3.10.13/lib/python3.10/site-packages/airflow/example_dags/example_latest_only_with_trigger.py
[2024-04-23T22:58:01.049+0000] {logging_mixin.py:150} INFO - [2024-04-23T22:58:01.049+0000] {dag.py:2742} INFO - Sync 1 DAGs
[2024-04-23T22:58:01.064+0000] {logging_mixin.py:150} INFO - [2024-04-23T22:58:01.064+0000] {dag.py:3504} INFO - Setting next_dagrun for latest_only_with_trigger to 2024-04-23T18:58:01.064371+00:00, run_after=2024-04-23T22:58:01.064371+00:00
[2024-04-23T22:58:01.102+0000] {processor.py:179} INFO - Processing /usr/local/python/3.10.13/lib/python3.10/site-packages/airflow/example_dags/example_latest_only_with_trigger.py took 0.073 seconds
[2024-04-23T22:58:52.658+0000] {processor.py:157} INFO - Started process (PID=45177) to work on /usr/local/python/3.10.13/lib/python3.10/site-packages/airflow/example_dags/example_latest_only_with_trigger.py
[2024-04-23T22:58:52.659+0000] {processor.py:826} INFO - Processing file /usr/local/python/3.10.13/lib/python3.10/site-packages/airflow/example_dags/example_latest_only_with_trigger.py for tasks to queue
[2024-04-23T22:58:52.660+0000] {logging_mixin.py:150} INFO - [2024-04-23T22:58:52.659+0000] {dagbag.py:541} INFO - Filling up the DagBag from /usr/local/python/3.10.13/lib/python3.10/site-packages/airflow/example_dags/example_latest_only_with_trigger.py
[2024-04-23T22:58:52.666+0000] {processor.py:836} INFO - DAG(s) dict_keys(['latest_only_with_trigger']) retrieved from /usr/local/python/3.10.13/lib/python3.10/site-packages/airflow/example_dags/example_latest_only_with_trigger.py
[2024-04-23T22:58:52.685+0000] {logging_mixin.py:150} INFO - [2024-04-23T22:58:52.685+0000] {dag.py:2742} INFO - Sync 1 DAGs
[2024-04-23T22:58:52.703+0000] {logging_mixin.py:150} INFO - [2024-04-23T22:58:52.703+0000] {dag.py:3504} INFO - Setting next_dagrun for latest_only_with_trigger to 2024-04-23T18:58:52.703127+00:00, run_after=2024-04-23T22:58:52.703127+00:00
[2024-04-23T22:58:52.740+0000] {processor.py:179} INFO - Processing /usr/local/python/3.10.13/lib/python3.10/site-packages/airflow/example_dags/example_latest_only_with_trigger.py took 0.085 seconds
[2024-04-23T22:59:40.307+0000] {processor.py:157} INFO - Started process (PID=45554) to work on /usr/local/python/3.10.13/lib/python3.10/site-packages/airflow/example_dags/example_latest_only_with_trigger.py
[2024-04-23T22:59:40.308+0000] {processor.py:826} INFO - Processing file /usr/local/python/3.10.13/lib/python3.10/site-packages/airflow/example_dags/example_latest_only_with_trigger.py for tasks to queue
[2024-04-23T22:59:40.308+0000] {logging_mixin.py:150} INFO - [2024-04-23T22:59:40.308+0000] {dagbag.py:541} INFO - Filling up the DagBag from /usr/local/python/3.10.13/lib/python3.10/site-packages/airflow/example_dags/example_latest_only_with_trigger.py
[2024-04-23T22:59:40.313+0000] {processor.py:836} INFO - DAG(s) dict_keys(['latest_only_with_trigger']) retrieved from /usr/local/python/3.10.13/lib/python3.10/site-packages/airflow/example_dags/example_latest_only_with_trigger.py
[2024-04-23T22:59:40.324+0000] {logging_mixin.py:150} INFO - [2024-04-23T22:59:40.324+0000] {dag.py:2742} INFO - Sync 1 DAGs
[2024-04-23T22:59:40.340+0000] {logging_mixin.py:150} INFO - [2024-04-23T22:59:40.340+0000] {dag.py:3504} INFO - Setting next_dagrun for latest_only_with_trigger to 2024-04-23T18:59:40.340357+00:00, run_after=2024-04-23T22:59:40.340357+00:00
[2024-04-23T22:59:40.386+0000] {processor.py:179} INFO - Processing /usr/local/python/3.10.13/lib/python3.10/site-packages/airflow/example_dags/example_latest_only_with_trigger.py took 0.081 seconds
