[2024-04-23T22:23:59.737+0000] {processor.py:157} INFO - Started process (PID=28901) to work on /usr/local/python/3.10.13/lib/python3.10/site-packages/airflow/example_dags/example_branch_labels.py
[2024-04-23T22:23:59.738+0000] {processor.py:826} INFO - Processing file /usr/local/python/3.10.13/lib/python3.10/site-packages/airflow/example_dags/example_branch_labels.py for tasks to queue
[2024-04-23T22:23:59.738+0000] {logging_mixin.py:150} INFO - [2024-04-23T22:23:59.738+0000] {dagbag.py:541} INFO - Filling up the DagBag from /usr/local/python/3.10.13/lib/python3.10/site-packages/airflow/example_dags/example_branch_labels.py
[2024-04-23T22:23:59.744+0000] {processor.py:836} INFO - DAG(s) dict_keys(['example_branch_labels']) retrieved from /usr/local/python/3.10.13/lib/python3.10/site-packages/airflow/example_dags/example_branch_labels.py
[2024-04-23T22:23:59.875+0000] {logging_mixin.py:150} INFO - [2024-04-23T22:23:59.875+0000] {manager.py:504} INFO - Created Permission View: can delete on DAG:example_branch_labels
[2024-04-23T22:23:59.910+0000] {logging_mixin.py:150} INFO - [2024-04-23T22:23:59.909+0000] {manager.py:504} INFO - Created Permission View: can edit on DAG:example_branch_labels
[2024-04-23T22:23:59.939+0000] {logging_mixin.py:150} INFO - [2024-04-23T22:23:59.938+0000] {manager.py:504} INFO - Created Permission View: can read on DAG:example_branch_labels
[2024-04-23T22:23:59.947+0000] {logging_mixin.py:150} INFO - [2024-04-23T22:23:59.947+0000] {dag.py:2742} INFO - Sync 1 DAGs
[2024-04-23T22:23:59.955+0000] {logging_mixin.py:150} INFO - [2024-04-23T22:23:59.955+0000] {dag.py:2763} INFO - Creating ORM DAG for example_branch_labels
[2024-04-23T22:23:59.963+0000] {logging_mixin.py:150} INFO - [2024-04-23T22:23:59.963+0000] {dag.py:3504} INFO - Setting next_dagrun for example_branch_labels to 2024-04-22T00:00:00+00:00, run_after=2024-04-23T00:00:00+00:00
[2024-04-23T22:24:00.006+0000] {processor.py:179} INFO - Processing /usr/local/python/3.10.13/lib/python3.10/site-packages/airflow/example_dags/example_branch_labels.py took 0.271 seconds
[2024-04-23T22:24:57.070+0000] {processor.py:157} INFO - Started process (PID=29303) to work on /usr/local/python/3.10.13/lib/python3.10/site-packages/airflow/example_dags/example_branch_labels.py
[2024-04-23T22:24:57.071+0000] {processor.py:826} INFO - Processing file /usr/local/python/3.10.13/lib/python3.10/site-packages/airflow/example_dags/example_branch_labels.py for tasks to queue
[2024-04-23T22:24:57.071+0000] {logging_mixin.py:150} INFO - [2024-04-23T22:24:57.071+0000] {dagbag.py:541} INFO - Filling up the DagBag from /usr/local/python/3.10.13/lib/python3.10/site-packages/airflow/example_dags/example_branch_labels.py
[2024-04-23T22:24:57.077+0000] {processor.py:836} INFO - DAG(s) dict_keys(['example_branch_labels']) retrieved from /usr/local/python/3.10.13/lib/python3.10/site-packages/airflow/example_dags/example_branch_labels.py
[2024-04-23T22:24:57.089+0000] {logging_mixin.py:150} INFO - [2024-04-23T22:24:57.089+0000] {dag.py:2742} INFO - Sync 1 DAGs
[2024-04-23T22:24:57.105+0000] {logging_mixin.py:150} INFO - [2024-04-23T22:24:57.105+0000] {dag.py:3504} INFO - Setting next_dagrun for example_branch_labels to 2024-04-22T00:00:00+00:00, run_after=2024-04-23T00:00:00+00:00
[2024-04-23T22:24:57.146+0000] {processor.py:179} INFO - Processing /usr/local/python/3.10.13/lib/python3.10/site-packages/airflow/example_dags/example_branch_labels.py took 0.078 seconds
[2024-04-23T22:25:45.952+0000] {processor.py:157} INFO - Started process (PID=29649) to work on /usr/local/python/3.10.13/lib/python3.10/site-packages/airflow/example_dags/example_branch_labels.py
[2024-04-23T22:25:45.952+0000] {processor.py:826} INFO - Processing file /usr/local/python/3.10.13/lib/python3.10/site-packages/airflow/example_dags/example_branch_labels.py for tasks to queue
[2024-04-23T22:25:45.953+0000] {logging_mixin.py:150} INFO - [2024-04-23T22:25:45.953+0000] {dagbag.py:541} INFO - Filling up the DagBag from /usr/local/python/3.10.13/lib/python3.10/site-packages/airflow/example_dags/example_branch_labels.py
[2024-04-23T22:25:45.959+0000] {processor.py:836} INFO - DAG(s) dict_keys(['example_branch_labels']) retrieved from /usr/local/python/3.10.13/lib/python3.10/site-packages/airflow/example_dags/example_branch_labels.py
[2024-04-23T22:25:45.971+0000] {logging_mixin.py:150} INFO - [2024-04-23T22:25:45.971+0000] {dag.py:2742} INFO - Sync 1 DAGs
[2024-04-23T22:25:45.987+0000] {logging_mixin.py:150} INFO - [2024-04-23T22:25:45.987+0000] {dag.py:3504} INFO - Setting next_dagrun for example_branch_labels to 2024-04-22T00:00:00+00:00, run_after=2024-04-23T00:00:00+00:00
[2024-04-23T22:25:46.033+0000] {processor.py:179} INFO - Processing /usr/local/python/3.10.13/lib/python3.10/site-packages/airflow/example_dags/example_branch_labels.py took 0.083 seconds
[2024-04-23T22:26:35.631+0000] {processor.py:157} INFO - Started process (PID=30003) to work on /usr/local/python/3.10.13/lib/python3.10/site-packages/airflow/example_dags/example_branch_labels.py
[2024-04-23T22:26:35.632+0000] {processor.py:826} INFO - Processing file /usr/local/python/3.10.13/lib/python3.10/site-packages/airflow/example_dags/example_branch_labels.py for tasks to queue
[2024-04-23T22:26:35.633+0000] {logging_mixin.py:150} INFO - [2024-04-23T22:26:35.632+0000] {dagbag.py:541} INFO - Filling up the DagBag from /usr/local/python/3.10.13/lib/python3.10/site-packages/airflow/example_dags/example_branch_labels.py
[2024-04-23T22:26:35.639+0000] {processor.py:836} INFO - DAG(s) dict_keys(['example_branch_labels']) retrieved from /usr/local/python/3.10.13/lib/python3.10/site-packages/airflow/example_dags/example_branch_labels.py
[2024-04-23T22:26:35.651+0000] {logging_mixin.py:150} INFO - [2024-04-23T22:26:35.651+0000] {dag.py:2742} INFO - Sync 1 DAGs
[2024-04-23T22:26:35.668+0000] {logging_mixin.py:150} INFO - [2024-04-23T22:26:35.668+0000] {dag.py:3504} INFO - Setting next_dagrun for example_branch_labels to 2024-04-22T00:00:00+00:00, run_after=2024-04-23T00:00:00+00:00
[2024-04-23T22:26:35.706+0000] {processor.py:179} INFO - Processing /usr/local/python/3.10.13/lib/python3.10/site-packages/airflow/example_dags/example_branch_labels.py took 0.077 seconds
[2024-04-23T22:27:22.295+0000] {processor.py:157} INFO - Started process (PID=30353) to work on /usr/local/python/3.10.13/lib/python3.10/site-packages/airflow/example_dags/example_branch_labels.py
[2024-04-23T22:27:22.295+0000] {processor.py:826} INFO - Processing file /usr/local/python/3.10.13/lib/python3.10/site-packages/airflow/example_dags/example_branch_labels.py for tasks to queue
[2024-04-23T22:27:22.296+0000] {logging_mixin.py:150} INFO - [2024-04-23T22:27:22.296+0000] {dagbag.py:541} INFO - Filling up the DagBag from /usr/local/python/3.10.13/lib/python3.10/site-packages/airflow/example_dags/example_branch_labels.py
[2024-04-23T22:27:22.301+0000] {processor.py:836} INFO - DAG(s) dict_keys(['example_branch_labels']) retrieved from /usr/local/python/3.10.13/lib/python3.10/site-packages/airflow/example_dags/example_branch_labels.py
[2024-04-23T22:27:22.314+0000] {logging_mixin.py:150} INFO - [2024-04-23T22:27:22.314+0000] {dag.py:2742} INFO - Sync 1 DAGs
[2024-04-23T22:27:22.330+0000] {logging_mixin.py:150} INFO - [2024-04-23T22:27:22.330+0000] {dag.py:3504} INFO - Setting next_dagrun for example_branch_labels to 2024-04-22T00:00:00+00:00, run_after=2024-04-23T00:00:00+00:00
[2024-04-23T22:27:22.367+0000] {processor.py:179} INFO - Processing /usr/local/python/3.10.13/lib/python3.10/site-packages/airflow/example_dags/example_branch_labels.py took 0.075 seconds
[2024-04-23T22:28:10.588+0000] {processor.py:157} INFO - Started process (PID=30874) to work on /usr/local/python/3.10.13/lib/python3.10/site-packages/airflow/example_dags/example_branch_labels.py
[2024-04-23T22:28:10.589+0000] {processor.py:826} INFO - Processing file /usr/local/python/3.10.13/lib/python3.10/site-packages/airflow/example_dags/example_branch_labels.py for tasks to queue
[2024-04-23T22:28:10.590+0000] {logging_mixin.py:150} INFO - [2024-04-23T22:28:10.589+0000] {dagbag.py:541} INFO - Filling up the DagBag from /usr/local/python/3.10.13/lib/python3.10/site-packages/airflow/example_dags/example_branch_labels.py
[2024-04-23T22:28:10.595+0000] {processor.py:836} INFO - DAG(s) dict_keys(['example_branch_labels']) retrieved from /usr/local/python/3.10.13/lib/python3.10/site-packages/airflow/example_dags/example_branch_labels.py
[2024-04-23T22:28:10.608+0000] {logging_mixin.py:150} INFO - [2024-04-23T22:28:10.608+0000] {dag.py:2742} INFO - Sync 1 DAGs
[2024-04-23T22:28:10.624+0000] {logging_mixin.py:150} INFO - [2024-04-23T22:28:10.624+0000] {dag.py:3504} INFO - Setting next_dagrun for example_branch_labels to 2024-04-22T00:00:00+00:00, run_after=2024-04-23T00:00:00+00:00
[2024-04-23T22:28:10.661+0000] {processor.py:179} INFO - Processing /usr/local/python/3.10.13/lib/python3.10/site-packages/airflow/example_dags/example_branch_labels.py took 0.075 seconds
[2024-04-23T22:28:56.068+0000] {processor.py:157} INFO - Started process (PID=31641) to work on /usr/local/python/3.10.13/lib/python3.10/site-packages/airflow/example_dags/example_branch_labels.py
[2024-04-23T22:28:56.068+0000] {processor.py:826} INFO - Processing file /usr/local/python/3.10.13/lib/python3.10/site-packages/airflow/example_dags/example_branch_labels.py for tasks to queue
[2024-04-23T22:28:56.069+0000] {logging_mixin.py:150} INFO - [2024-04-23T22:28:56.068+0000] {dagbag.py:541} INFO - Filling up the DagBag from /usr/local/python/3.10.13/lib/python3.10/site-packages/airflow/example_dags/example_branch_labels.py
[2024-04-23T22:28:56.075+0000] {processor.py:836} INFO - DAG(s) dict_keys(['example_branch_labels']) retrieved from /usr/local/python/3.10.13/lib/python3.10/site-packages/airflow/example_dags/example_branch_labels.py
[2024-04-23T22:28:56.087+0000] {logging_mixin.py:150} INFO - [2024-04-23T22:28:56.087+0000] {dag.py:2742} INFO - Sync 1 DAGs
[2024-04-23T22:28:56.103+0000] {logging_mixin.py:150} INFO - [2024-04-23T22:28:56.103+0000] {dag.py:3504} INFO - Setting next_dagrun for example_branch_labels to 2024-04-22T00:00:00+00:00, run_after=2024-04-23T00:00:00+00:00
[2024-04-23T22:28:56.141+0000] {processor.py:179} INFO - Processing /usr/local/python/3.10.13/lib/python3.10/site-packages/airflow/example_dags/example_branch_labels.py took 0.075 seconds
[2024-04-23T22:29:41.727+0000] {processor.py:157} INFO - Started process (PID=32000) to work on /usr/local/python/3.10.13/lib/python3.10/site-packages/airflow/example_dags/example_branch_labels.py
[2024-04-23T22:29:41.728+0000] {processor.py:826} INFO - Processing file /usr/local/python/3.10.13/lib/python3.10/site-packages/airflow/example_dags/example_branch_labels.py for tasks to queue
[2024-04-23T22:29:41.728+0000] {logging_mixin.py:150} INFO - [2024-04-23T22:29:41.728+0000] {dagbag.py:541} INFO - Filling up the DagBag from /usr/local/python/3.10.13/lib/python3.10/site-packages/airflow/example_dags/example_branch_labels.py
[2024-04-23T22:29:41.734+0000] {processor.py:836} INFO - DAG(s) dict_keys(['example_branch_labels']) retrieved from /usr/local/python/3.10.13/lib/python3.10/site-packages/airflow/example_dags/example_branch_labels.py
[2024-04-23T22:29:41.748+0000] {logging_mixin.py:150} INFO - [2024-04-23T22:29:41.748+0000] {dag.py:2742} INFO - Sync 1 DAGs
[2024-04-23T22:29:41.764+0000] {logging_mixin.py:150} INFO - [2024-04-23T22:29:41.764+0000] {dag.py:3504} INFO - Setting next_dagrun for example_branch_labels to 2024-04-22T00:00:00+00:00, run_after=2024-04-23T00:00:00+00:00
[2024-04-23T22:29:41.802+0000] {processor.py:179} INFO - Processing /usr/local/python/3.10.13/lib/python3.10/site-packages/airflow/example_dags/example_branch_labels.py took 0.077 seconds
[2024-04-23T22:30:34.302+0000] {processor.py:157} INFO - Started process (PID=32413) to work on /usr/local/python/3.10.13/lib/python3.10/site-packages/airflow/example_dags/example_branch_labels.py
[2024-04-23T22:30:34.304+0000] {processor.py:826} INFO - Processing file /usr/local/python/3.10.13/lib/python3.10/site-packages/airflow/example_dags/example_branch_labels.py for tasks to queue
[2024-04-23T22:30:34.305+0000] {logging_mixin.py:150} INFO - [2024-04-23T22:30:34.304+0000] {dagbag.py:541} INFO - Filling up the DagBag from /usr/local/python/3.10.13/lib/python3.10/site-packages/airflow/example_dags/example_branch_labels.py
[2024-04-23T22:30:34.312+0000] {processor.py:836} INFO - DAG(s) dict_keys(['example_branch_labels']) retrieved from /usr/local/python/3.10.13/lib/python3.10/site-packages/airflow/example_dags/example_branch_labels.py
[2024-04-23T22:30:34.329+0000] {logging_mixin.py:150} INFO - [2024-04-23T22:30:34.329+0000] {dag.py:2742} INFO - Sync 1 DAGs
[2024-04-23T22:30:34.353+0000] {logging_mixin.py:150} INFO - [2024-04-23T22:30:34.353+0000] {dag.py:3504} INFO - Setting next_dagrun for example_branch_labels to 2024-04-22T00:00:00+00:00, run_after=2024-04-23T00:00:00+00:00
[2024-04-23T22:30:34.404+0000] {processor.py:179} INFO - Processing /usr/local/python/3.10.13/lib/python3.10/site-packages/airflow/example_dags/example_branch_labels.py took 0.104 seconds
[2024-04-23T22:31:29.180+0000] {processor.py:157} INFO - Started process (PID=32806) to work on /usr/local/python/3.10.13/lib/python3.10/site-packages/airflow/example_dags/example_branch_labels.py
[2024-04-23T22:31:29.181+0000] {processor.py:826} INFO - Processing file /usr/local/python/3.10.13/lib/python3.10/site-packages/airflow/example_dags/example_branch_labels.py for tasks to queue
[2024-04-23T22:31:29.181+0000] {logging_mixin.py:150} INFO - [2024-04-23T22:31:29.181+0000] {dagbag.py:541} INFO - Filling up the DagBag from /usr/local/python/3.10.13/lib/python3.10/site-packages/airflow/example_dags/example_branch_labels.py
[2024-04-23T22:31:29.187+0000] {processor.py:836} INFO - DAG(s) dict_keys(['example_branch_labels']) retrieved from /usr/local/python/3.10.13/lib/python3.10/site-packages/airflow/example_dags/example_branch_labels.py
[2024-04-23T22:31:29.200+0000] {logging_mixin.py:150} INFO - [2024-04-23T22:31:29.200+0000] {dag.py:2742} INFO - Sync 1 DAGs
[2024-04-23T22:31:29.217+0000] {logging_mixin.py:150} INFO - [2024-04-23T22:31:29.217+0000] {dag.py:3504} INFO - Setting next_dagrun for example_branch_labels to 2024-04-22T00:00:00+00:00, run_after=2024-04-23T00:00:00+00:00
[2024-04-23T22:31:29.256+0000] {processor.py:179} INFO - Processing /usr/local/python/3.10.13/lib/python3.10/site-packages/airflow/example_dags/example_branch_labels.py took 0.078 seconds
[2024-04-23T22:32:23.049+0000] {processor.py:157} INFO - Started process (PID=33227) to work on /usr/local/python/3.10.13/lib/python3.10/site-packages/airflow/example_dags/example_branch_labels.py
[2024-04-23T22:32:23.049+0000] {processor.py:826} INFO - Processing file /usr/local/python/3.10.13/lib/python3.10/site-packages/airflow/example_dags/example_branch_labels.py for tasks to queue
[2024-04-23T22:32:23.050+0000] {logging_mixin.py:150} INFO - [2024-04-23T22:32:23.050+0000] {dagbag.py:541} INFO - Filling up the DagBag from /usr/local/python/3.10.13/lib/python3.10/site-packages/airflow/example_dags/example_branch_labels.py
[2024-04-23T22:32:23.056+0000] {processor.py:836} INFO - DAG(s) dict_keys(['example_branch_labels']) retrieved from /usr/local/python/3.10.13/lib/python3.10/site-packages/airflow/example_dags/example_branch_labels.py
[2024-04-23T22:32:23.070+0000] {logging_mixin.py:150} INFO - [2024-04-23T22:32:23.070+0000] {dag.py:2742} INFO - Sync 1 DAGs
[2024-04-23T22:32:23.086+0000] {logging_mixin.py:150} INFO - [2024-04-23T22:32:23.086+0000] {dag.py:3504} INFO - Setting next_dagrun for example_branch_labels to 2024-04-22T00:00:00+00:00, run_after=2024-04-23T00:00:00+00:00
[2024-04-23T22:32:23.123+0000] {processor.py:179} INFO - Processing /usr/local/python/3.10.13/lib/python3.10/site-packages/airflow/example_dags/example_branch_labels.py took 0.077 seconds
[2024-04-23T22:33:11.973+0000] {processor.py:157} INFO - Started process (PID=33612) to work on /usr/local/python/3.10.13/lib/python3.10/site-packages/airflow/example_dags/example_branch_labels.py
[2024-04-23T22:33:11.973+0000] {processor.py:826} INFO - Processing file /usr/local/python/3.10.13/lib/python3.10/site-packages/airflow/example_dags/example_branch_labels.py for tasks to queue
[2024-04-23T22:33:11.974+0000] {logging_mixin.py:150} INFO - [2024-04-23T22:33:11.974+0000] {dagbag.py:541} INFO - Filling up the DagBag from /usr/local/python/3.10.13/lib/python3.10/site-packages/airflow/example_dags/example_branch_labels.py
[2024-04-23T22:33:11.980+0000] {processor.py:836} INFO - DAG(s) dict_keys(['example_branch_labels']) retrieved from /usr/local/python/3.10.13/lib/python3.10/site-packages/airflow/example_dags/example_branch_labels.py
[2024-04-23T22:33:11.994+0000] {logging_mixin.py:150} INFO - [2024-04-23T22:33:11.994+0000] {dag.py:2742} INFO - Sync 1 DAGs
[2024-04-23T22:33:12.010+0000] {logging_mixin.py:150} INFO - [2024-04-23T22:33:12.010+0000] {dag.py:3504} INFO - Setting next_dagrun for example_branch_labels to 2024-04-22T00:00:00+00:00, run_after=2024-04-23T00:00:00+00:00
[2024-04-23T22:33:12.064+0000] {processor.py:179} INFO - Processing /usr/local/python/3.10.13/lib/python3.10/site-packages/airflow/example_dags/example_branch_labels.py took 0.094 seconds
[2024-04-23T22:34:05.424+0000] {processor.py:157} INFO - Started process (PID=33994) to work on /usr/local/python/3.10.13/lib/python3.10/site-packages/airflow/example_dags/example_branch_labels.py
[2024-04-23T22:34:05.425+0000] {processor.py:826} INFO - Processing file /usr/local/python/3.10.13/lib/python3.10/site-packages/airflow/example_dags/example_branch_labels.py for tasks to queue
[2024-04-23T22:34:05.426+0000] {logging_mixin.py:150} INFO - [2024-04-23T22:34:05.425+0000] {dagbag.py:541} INFO - Filling up the DagBag from /usr/local/python/3.10.13/lib/python3.10/site-packages/airflow/example_dags/example_branch_labels.py
[2024-04-23T22:34:05.431+0000] {processor.py:836} INFO - DAG(s) dict_keys(['example_branch_labels']) retrieved from /usr/local/python/3.10.13/lib/python3.10/site-packages/airflow/example_dags/example_branch_labels.py
[2024-04-23T22:34:05.444+0000] {logging_mixin.py:150} INFO - [2024-04-23T22:34:05.444+0000] {dag.py:2742} INFO - Sync 1 DAGs
[2024-04-23T22:34:05.460+0000] {logging_mixin.py:150} INFO - [2024-04-23T22:34:05.460+0000] {dag.py:3504} INFO - Setting next_dagrun for example_branch_labels to 2024-04-22T00:00:00+00:00, run_after=2024-04-23T00:00:00+00:00
[2024-04-23T22:34:05.502+0000] {processor.py:179} INFO - Processing /usr/local/python/3.10.13/lib/python3.10/site-packages/airflow/example_dags/example_branch_labels.py took 0.080 seconds
[2024-04-23T22:34:57.952+0000] {processor.py:157} INFO - Started process (PID=34419) to work on /usr/local/python/3.10.13/lib/python3.10/site-packages/airflow/example_dags/example_branch_labels.py
[2024-04-23T22:34:57.952+0000] {processor.py:826} INFO - Processing file /usr/local/python/3.10.13/lib/python3.10/site-packages/airflow/example_dags/example_branch_labels.py for tasks to queue
[2024-04-23T22:34:57.953+0000] {logging_mixin.py:150} INFO - [2024-04-23T22:34:57.953+0000] {dagbag.py:541} INFO - Filling up the DagBag from /usr/local/python/3.10.13/lib/python3.10/site-packages/airflow/example_dags/example_branch_labels.py
[2024-04-23T22:34:57.959+0000] {processor.py:836} INFO - DAG(s) dict_keys(['example_branch_labels']) retrieved from /usr/local/python/3.10.13/lib/python3.10/site-packages/airflow/example_dags/example_branch_labels.py
[2024-04-23T22:34:57.972+0000] {logging_mixin.py:150} INFO - [2024-04-23T22:34:57.972+0000] {dag.py:2742} INFO - Sync 1 DAGs
[2024-04-23T22:34:57.990+0000] {logging_mixin.py:150} INFO - [2024-04-23T22:34:57.990+0000] {dag.py:3504} INFO - Setting next_dagrun for example_branch_labels to 2024-04-22T00:00:00+00:00, run_after=2024-04-23T00:00:00+00:00
[2024-04-23T22:34:58.031+0000] {processor.py:179} INFO - Processing /usr/local/python/3.10.13/lib/python3.10/site-packages/airflow/example_dags/example_branch_labels.py took 0.081 seconds
[2024-04-23T22:35:47.390+0000] {processor.py:157} INFO - Started process (PID=34875) to work on /usr/local/python/3.10.13/lib/python3.10/site-packages/airflow/example_dags/example_branch_labels.py
[2024-04-23T22:35:47.391+0000] {processor.py:826} INFO - Processing file /usr/local/python/3.10.13/lib/python3.10/site-packages/airflow/example_dags/example_branch_labels.py for tasks to queue
[2024-04-23T22:35:47.391+0000] {logging_mixin.py:150} INFO - [2024-04-23T22:35:47.391+0000] {dagbag.py:541} INFO - Filling up the DagBag from /usr/local/python/3.10.13/lib/python3.10/site-packages/airflow/example_dags/example_branch_labels.py
[2024-04-23T22:35:47.397+0000] {processor.py:836} INFO - DAG(s) dict_keys(['example_branch_labels']) retrieved from /usr/local/python/3.10.13/lib/python3.10/site-packages/airflow/example_dags/example_branch_labels.py
[2024-04-23T22:35:47.410+0000] {logging_mixin.py:150} INFO - [2024-04-23T22:35:47.410+0000] {dag.py:2742} INFO - Sync 1 DAGs
[2024-04-23T22:35:47.427+0000] {logging_mixin.py:150} INFO - [2024-04-23T22:35:47.426+0000] {dag.py:3504} INFO - Setting next_dagrun for example_branch_labels to 2024-04-22T00:00:00+00:00, run_after=2024-04-23T00:00:00+00:00
[2024-04-23T22:35:47.463+0000] {processor.py:179} INFO - Processing /usr/local/python/3.10.13/lib/python3.10/site-packages/airflow/example_dags/example_branch_labels.py took 0.075 seconds
[2024-04-23T22:36:38.080+0000] {processor.py:157} INFO - Started process (PID=35274) to work on /usr/local/python/3.10.13/lib/python3.10/site-packages/airflow/example_dags/example_branch_labels.py
[2024-04-23T22:36:38.081+0000] {processor.py:826} INFO - Processing file /usr/local/python/3.10.13/lib/python3.10/site-packages/airflow/example_dags/example_branch_labels.py for tasks to queue
[2024-04-23T22:36:38.081+0000] {logging_mixin.py:150} INFO - [2024-04-23T22:36:38.081+0000] {dagbag.py:541} INFO - Filling up the DagBag from /usr/local/python/3.10.13/lib/python3.10/site-packages/airflow/example_dags/example_branch_labels.py
[2024-04-23T22:36:38.087+0000] {processor.py:836} INFO - DAG(s) dict_keys(['example_branch_labels']) retrieved from /usr/local/python/3.10.13/lib/python3.10/site-packages/airflow/example_dags/example_branch_labels.py
[2024-04-23T22:36:38.100+0000] {logging_mixin.py:150} INFO - [2024-04-23T22:36:38.099+0000] {dag.py:2742} INFO - Sync 1 DAGs
[2024-04-23T22:36:38.116+0000] {logging_mixin.py:150} INFO - [2024-04-23T22:36:38.116+0000] {dag.py:3504} INFO - Setting next_dagrun for example_branch_labels to 2024-04-22T00:00:00+00:00, run_after=2024-04-23T00:00:00+00:00
[2024-04-23T22:36:38.153+0000] {processor.py:179} INFO - Processing /usr/local/python/3.10.13/lib/python3.10/site-packages/airflow/example_dags/example_branch_labels.py took 0.075 seconds
[2024-04-23T22:37:32.943+0000] {processor.py:157} INFO - Started process (PID=35674) to work on /usr/local/python/3.10.13/lib/python3.10/site-packages/airflow/example_dags/example_branch_labels.py
[2024-04-23T22:37:32.944+0000] {processor.py:826} INFO - Processing file /usr/local/python/3.10.13/lib/python3.10/site-packages/airflow/example_dags/example_branch_labels.py for tasks to queue
[2024-04-23T22:37:32.944+0000] {logging_mixin.py:150} INFO - [2024-04-23T22:37:32.944+0000] {dagbag.py:541} INFO - Filling up the DagBag from /usr/local/python/3.10.13/lib/python3.10/site-packages/airflow/example_dags/example_branch_labels.py
[2024-04-23T22:37:32.950+0000] {processor.py:836} INFO - DAG(s) dict_keys(['example_branch_labels']) retrieved from /usr/local/python/3.10.13/lib/python3.10/site-packages/airflow/example_dags/example_branch_labels.py
[2024-04-23T22:37:32.963+0000] {logging_mixin.py:150} INFO - [2024-04-23T22:37:32.963+0000] {dag.py:2742} INFO - Sync 1 DAGs
[2024-04-23T22:37:32.981+0000] {logging_mixin.py:150} INFO - [2024-04-23T22:37:32.981+0000] {dag.py:3504} INFO - Setting next_dagrun for example_branch_labels to 2024-04-22T00:00:00+00:00, run_after=2024-04-23T00:00:00+00:00
[2024-04-23T22:37:33.021+0000] {processor.py:179} INFO - Processing /usr/local/python/3.10.13/lib/python3.10/site-packages/airflow/example_dags/example_branch_labels.py took 0.080 seconds
[2024-04-23T22:38:22.419+0000] {processor.py:157} INFO - Started process (PID=36050) to work on /usr/local/python/3.10.13/lib/python3.10/site-packages/airflow/example_dags/example_branch_labels.py
[2024-04-23T22:38:22.419+0000] {processor.py:826} INFO - Processing file /usr/local/python/3.10.13/lib/python3.10/site-packages/airflow/example_dags/example_branch_labels.py for tasks to queue
[2024-04-23T22:38:22.420+0000] {logging_mixin.py:150} INFO - [2024-04-23T22:38:22.420+0000] {dagbag.py:541} INFO - Filling up the DagBag from /usr/local/python/3.10.13/lib/python3.10/site-packages/airflow/example_dags/example_branch_labels.py
[2024-04-23T22:38:22.426+0000] {processor.py:836} INFO - DAG(s) dict_keys(['example_branch_labels']) retrieved from /usr/local/python/3.10.13/lib/python3.10/site-packages/airflow/example_dags/example_branch_labels.py
[2024-04-23T22:38:22.438+0000] {logging_mixin.py:150} INFO - [2024-04-23T22:38:22.438+0000] {dag.py:2742} INFO - Sync 1 DAGs
[2024-04-23T22:38:22.454+0000] {logging_mixin.py:150} INFO - [2024-04-23T22:38:22.454+0000] {dag.py:3504} INFO - Setting next_dagrun for example_branch_labels to 2024-04-22T00:00:00+00:00, run_after=2024-04-23T00:00:00+00:00
[2024-04-23T22:38:22.491+0000] {processor.py:179} INFO - Processing /usr/local/python/3.10.13/lib/python3.10/site-packages/airflow/example_dags/example_branch_labels.py took 0.075 seconds
[2024-04-23T22:39:13.680+0000] {processor.py:157} INFO - Started process (PID=36445) to work on /usr/local/python/3.10.13/lib/python3.10/site-packages/airflow/example_dags/example_branch_labels.py
[2024-04-23T22:39:13.681+0000] {processor.py:826} INFO - Processing file /usr/local/python/3.10.13/lib/python3.10/site-packages/airflow/example_dags/example_branch_labels.py for tasks to queue
[2024-04-23T22:39:13.682+0000] {logging_mixin.py:150} INFO - [2024-04-23T22:39:13.681+0000] {dagbag.py:541} INFO - Filling up the DagBag from /usr/local/python/3.10.13/lib/python3.10/site-packages/airflow/example_dags/example_branch_labels.py
[2024-04-23T22:39:13.688+0000] {processor.py:836} INFO - DAG(s) dict_keys(['example_branch_labels']) retrieved from /usr/local/python/3.10.13/lib/python3.10/site-packages/airflow/example_dags/example_branch_labels.py
[2024-04-23T22:39:13.701+0000] {logging_mixin.py:150} INFO - [2024-04-23T22:39:13.701+0000] {dag.py:2742} INFO - Sync 1 DAGs
[2024-04-23T22:39:13.718+0000] {logging_mixin.py:150} INFO - [2024-04-23T22:39:13.717+0000] {dag.py:3504} INFO - Setting next_dagrun for example_branch_labels to 2024-04-22T00:00:00+00:00, run_after=2024-04-23T00:00:00+00:00
[2024-04-23T22:39:13.756+0000] {processor.py:179} INFO - Processing /usr/local/python/3.10.13/lib/python3.10/site-packages/airflow/example_dags/example_branch_labels.py took 0.078 seconds
[2024-04-23T22:40:03.969+0000] {processor.py:157} INFO - Started process (PID=36831) to work on /usr/local/python/3.10.13/lib/python3.10/site-packages/airflow/example_dags/example_branch_labels.py
[2024-04-23T22:40:03.969+0000] {processor.py:826} INFO - Processing file /usr/local/python/3.10.13/lib/python3.10/site-packages/airflow/example_dags/example_branch_labels.py for tasks to queue
[2024-04-23T22:40:03.970+0000] {logging_mixin.py:150} INFO - [2024-04-23T22:40:03.970+0000] {dagbag.py:541} INFO - Filling up the DagBag from /usr/local/python/3.10.13/lib/python3.10/site-packages/airflow/example_dags/example_branch_labels.py
[2024-04-23T22:40:03.979+0000] {processor.py:836} INFO - DAG(s) dict_keys(['example_branch_labels']) retrieved from /usr/local/python/3.10.13/lib/python3.10/site-packages/airflow/example_dags/example_branch_labels.py
[2024-04-23T22:40:03.998+0000] {logging_mixin.py:150} INFO - [2024-04-23T22:40:03.998+0000] {dag.py:2742} INFO - Sync 1 DAGs
[2024-04-23T22:40:04.021+0000] {logging_mixin.py:150} INFO - [2024-04-23T22:40:04.021+0000] {dag.py:3504} INFO - Setting next_dagrun for example_branch_labels to 2024-04-22T00:00:00+00:00, run_after=2024-04-23T00:00:00+00:00
[2024-04-23T22:40:04.058+0000] {processor.py:179} INFO - Processing /usr/local/python/3.10.13/lib/python3.10/site-packages/airflow/example_dags/example_branch_labels.py took 0.092 seconds
[2024-04-23T22:40:57.585+0000] {processor.py:157} INFO - Started process (PID=37219) to work on /usr/local/python/3.10.13/lib/python3.10/site-packages/airflow/example_dags/example_branch_labels.py
[2024-04-23T22:40:57.586+0000] {processor.py:826} INFO - Processing file /usr/local/python/3.10.13/lib/python3.10/site-packages/airflow/example_dags/example_branch_labels.py for tasks to queue
[2024-04-23T22:40:57.587+0000] {logging_mixin.py:150} INFO - [2024-04-23T22:40:57.586+0000] {dagbag.py:541} INFO - Filling up the DagBag from /usr/local/python/3.10.13/lib/python3.10/site-packages/airflow/example_dags/example_branch_labels.py
[2024-04-23T22:40:57.592+0000] {processor.py:836} INFO - DAG(s) dict_keys(['example_branch_labels']) retrieved from /usr/local/python/3.10.13/lib/python3.10/site-packages/airflow/example_dags/example_branch_labels.py
[2024-04-23T22:40:57.605+0000] {logging_mixin.py:150} INFO - [2024-04-23T22:40:57.605+0000] {dag.py:2742} INFO - Sync 1 DAGs
[2024-04-23T22:40:57.621+0000] {logging_mixin.py:150} INFO - [2024-04-23T22:40:57.621+0000] {dag.py:3504} INFO - Setting next_dagrun for example_branch_labels to 2024-04-22T00:00:00+00:00, run_after=2024-04-23T00:00:00+00:00
[2024-04-23T22:40:57.658+0000] {processor.py:179} INFO - Processing /usr/local/python/3.10.13/lib/python3.10/site-packages/airflow/example_dags/example_branch_labels.py took 0.075 seconds
[2024-04-23T22:41:54.225+0000] {processor.py:157} INFO - Started process (PID=37654) to work on /usr/local/python/3.10.13/lib/python3.10/site-packages/airflow/example_dags/example_branch_labels.py
[2024-04-23T22:41:54.225+0000] {processor.py:826} INFO - Processing file /usr/local/python/3.10.13/lib/python3.10/site-packages/airflow/example_dags/example_branch_labels.py for tasks to queue
[2024-04-23T22:41:54.226+0000] {logging_mixin.py:150} INFO - [2024-04-23T22:41:54.226+0000] {dagbag.py:541} INFO - Filling up the DagBag from /usr/local/python/3.10.13/lib/python3.10/site-packages/airflow/example_dags/example_branch_labels.py
[2024-04-23T22:41:54.232+0000] {processor.py:836} INFO - DAG(s) dict_keys(['example_branch_labels']) retrieved from /usr/local/python/3.10.13/lib/python3.10/site-packages/airflow/example_dags/example_branch_labels.py
[2024-04-23T22:41:54.246+0000] {logging_mixin.py:150} INFO - [2024-04-23T22:41:54.246+0000] {dag.py:2742} INFO - Sync 1 DAGs
[2024-04-23T22:41:54.264+0000] {logging_mixin.py:150} INFO - [2024-04-23T22:41:54.263+0000] {dag.py:3504} INFO - Setting next_dagrun for example_branch_labels to 2024-04-22T00:00:00+00:00, run_after=2024-04-23T00:00:00+00:00
[2024-04-23T22:41:54.306+0000] {processor.py:179} INFO - Processing /usr/local/python/3.10.13/lib/python3.10/site-packages/airflow/example_dags/example_branch_labels.py took 0.084 seconds
[2024-04-23T22:42:46.247+0000] {processor.py:157} INFO - Started process (PID=38032) to work on /usr/local/python/3.10.13/lib/python3.10/site-packages/airflow/example_dags/example_branch_labels.py
[2024-04-23T22:42:46.248+0000] {processor.py:826} INFO - Processing file /usr/local/python/3.10.13/lib/python3.10/site-packages/airflow/example_dags/example_branch_labels.py for tasks to queue
[2024-04-23T22:42:46.248+0000] {logging_mixin.py:150} INFO - [2024-04-23T22:42:46.248+0000] {dagbag.py:541} INFO - Filling up the DagBag from /usr/local/python/3.10.13/lib/python3.10/site-packages/airflow/example_dags/example_branch_labels.py
[2024-04-23T22:42:46.254+0000] {processor.py:836} INFO - DAG(s) dict_keys(['example_branch_labels']) retrieved from /usr/local/python/3.10.13/lib/python3.10/site-packages/airflow/example_dags/example_branch_labels.py
[2024-04-23T22:42:46.268+0000] {logging_mixin.py:150} INFO - [2024-04-23T22:42:46.268+0000] {dag.py:2742} INFO - Sync 1 DAGs
[2024-04-23T22:42:46.286+0000] {logging_mixin.py:150} INFO - [2024-04-23T22:42:46.286+0000] {dag.py:3504} INFO - Setting next_dagrun for example_branch_labels to 2024-04-22T00:00:00+00:00, run_after=2024-04-23T00:00:00+00:00
[2024-04-23T22:42:46.334+0000] {processor.py:179} INFO - Processing /usr/local/python/3.10.13/lib/python3.10/site-packages/airflow/example_dags/example_branch_labels.py took 0.089 seconds
[2024-04-23T22:43:37.293+0000] {processor.py:157} INFO - Started process (PID=38410) to work on /usr/local/python/3.10.13/lib/python3.10/site-packages/airflow/example_dags/example_branch_labels.py
[2024-04-23T22:43:37.294+0000] {processor.py:826} INFO - Processing file /usr/local/python/3.10.13/lib/python3.10/site-packages/airflow/example_dags/example_branch_labels.py for tasks to queue
[2024-04-23T22:43:37.294+0000] {logging_mixin.py:150} INFO - [2024-04-23T22:43:37.294+0000] {dagbag.py:541} INFO - Filling up the DagBag from /usr/local/python/3.10.13/lib/python3.10/site-packages/airflow/example_dags/example_branch_labels.py
[2024-04-23T22:43:37.300+0000] {processor.py:836} INFO - DAG(s) dict_keys(['example_branch_labels']) retrieved from /usr/local/python/3.10.13/lib/python3.10/site-packages/airflow/example_dags/example_branch_labels.py
[2024-04-23T22:43:37.314+0000] {logging_mixin.py:150} INFO - [2024-04-23T22:43:37.314+0000] {dag.py:2742} INFO - Sync 1 DAGs
[2024-04-23T22:43:37.330+0000] {logging_mixin.py:150} INFO - [2024-04-23T22:43:37.330+0000] {dag.py:3504} INFO - Setting next_dagrun for example_branch_labels to 2024-04-22T00:00:00+00:00, run_after=2024-04-23T00:00:00+00:00
[2024-04-23T22:43:37.367+0000] {processor.py:179} INFO - Processing /usr/local/python/3.10.13/lib/python3.10/site-packages/airflow/example_dags/example_branch_labels.py took 0.076 seconds
[2024-04-23T22:44:25.696+0000] {processor.py:157} INFO - Started process (PID=38765) to work on /usr/local/python/3.10.13/lib/python3.10/site-packages/airflow/example_dags/example_branch_labels.py
[2024-04-23T22:44:25.697+0000] {processor.py:826} INFO - Processing file /usr/local/python/3.10.13/lib/python3.10/site-packages/airflow/example_dags/example_branch_labels.py for tasks to queue
[2024-04-23T22:44:25.698+0000] {logging_mixin.py:150} INFO - [2024-04-23T22:44:25.698+0000] {dagbag.py:541} INFO - Filling up the DagBag from /usr/local/python/3.10.13/lib/python3.10/site-packages/airflow/example_dags/example_branch_labels.py
[2024-04-23T22:44:25.704+0000] {processor.py:836} INFO - DAG(s) dict_keys(['example_branch_labels']) retrieved from /usr/local/python/3.10.13/lib/python3.10/site-packages/airflow/example_dags/example_branch_labels.py
[2024-04-23T22:44:25.717+0000] {logging_mixin.py:150} INFO - [2024-04-23T22:44:25.717+0000] {dag.py:2742} INFO - Sync 1 DAGs
[2024-04-23T22:44:25.733+0000] {logging_mixin.py:150} INFO - [2024-04-23T22:44:25.733+0000] {dag.py:3504} INFO - Setting next_dagrun for example_branch_labels to 2024-04-22T00:00:00+00:00, run_after=2024-04-23T00:00:00+00:00
[2024-04-23T22:44:25.777+0000] {processor.py:179} INFO - Processing /usr/local/python/3.10.13/lib/python3.10/site-packages/airflow/example_dags/example_branch_labels.py took 0.083 seconds
[2024-04-23T22:45:16.425+0000] {processor.py:157} INFO - Started process (PID=39146) to work on /usr/local/python/3.10.13/lib/python3.10/site-packages/airflow/example_dags/example_branch_labels.py
[2024-04-23T22:45:16.426+0000] {processor.py:826} INFO - Processing file /usr/local/python/3.10.13/lib/python3.10/site-packages/airflow/example_dags/example_branch_labels.py for tasks to queue
[2024-04-23T22:45:16.426+0000] {logging_mixin.py:150} INFO - [2024-04-23T22:45:16.426+0000] {dagbag.py:541} INFO - Filling up the DagBag from /usr/local/python/3.10.13/lib/python3.10/site-packages/airflow/example_dags/example_branch_labels.py
[2024-04-23T22:45:16.432+0000] {processor.py:836} INFO - DAG(s) dict_keys(['example_branch_labels']) retrieved from /usr/local/python/3.10.13/lib/python3.10/site-packages/airflow/example_dags/example_branch_labels.py
[2024-04-23T22:45:16.446+0000] {logging_mixin.py:150} INFO - [2024-04-23T22:45:16.445+0000] {dag.py:2742} INFO - Sync 1 DAGs
[2024-04-23T22:45:16.465+0000] {logging_mixin.py:150} INFO - [2024-04-23T22:45:16.465+0000] {dag.py:3504} INFO - Setting next_dagrun for example_branch_labels to 2024-04-22T00:00:00+00:00, run_after=2024-04-23T00:00:00+00:00
[2024-04-23T22:45:16.502+0000] {processor.py:179} INFO - Processing /usr/local/python/3.10.13/lib/python3.10/site-packages/airflow/example_dags/example_branch_labels.py took 0.080 seconds
[2024-04-23T22:46:07.151+0000] {processor.py:157} INFO - Started process (PID=39532) to work on /usr/local/python/3.10.13/lib/python3.10/site-packages/airflow/example_dags/example_branch_labels.py
[2024-04-23T22:46:07.152+0000] {processor.py:826} INFO - Processing file /usr/local/python/3.10.13/lib/python3.10/site-packages/airflow/example_dags/example_branch_labels.py for tasks to queue
[2024-04-23T22:46:07.152+0000] {logging_mixin.py:150} INFO - [2024-04-23T22:46:07.152+0000] {dagbag.py:541} INFO - Filling up the DagBag from /usr/local/python/3.10.13/lib/python3.10/site-packages/airflow/example_dags/example_branch_labels.py
[2024-04-23T22:46:07.158+0000] {processor.py:836} INFO - DAG(s) dict_keys(['example_branch_labels']) retrieved from /usr/local/python/3.10.13/lib/python3.10/site-packages/airflow/example_dags/example_branch_labels.py
[2024-04-23T22:46:07.172+0000] {logging_mixin.py:150} INFO - [2024-04-23T22:46:07.172+0000] {dag.py:2742} INFO - Sync 1 DAGs
[2024-04-23T22:46:07.190+0000] {logging_mixin.py:150} INFO - [2024-04-23T22:46:07.190+0000] {dag.py:3504} INFO - Setting next_dagrun for example_branch_labels to 2024-04-22T00:00:00+00:00, run_after=2024-04-23T00:00:00+00:00
[2024-04-23T22:46:07.229+0000] {processor.py:179} INFO - Processing /usr/local/python/3.10.13/lib/python3.10/site-packages/airflow/example_dags/example_branch_labels.py took 0.080 seconds
[2024-04-23T22:47:01.343+0000] {processor.py:157} INFO - Started process (PID=39931) to work on /usr/local/python/3.10.13/lib/python3.10/site-packages/airflow/example_dags/example_branch_labels.py
[2024-04-23T22:47:01.344+0000] {processor.py:826} INFO - Processing file /usr/local/python/3.10.13/lib/python3.10/site-packages/airflow/example_dags/example_branch_labels.py for tasks to queue
[2024-04-23T22:47:01.344+0000] {logging_mixin.py:150} INFO - [2024-04-23T22:47:01.344+0000] {dagbag.py:541} INFO - Filling up the DagBag from /usr/local/python/3.10.13/lib/python3.10/site-packages/airflow/example_dags/example_branch_labels.py
[2024-04-23T22:47:01.350+0000] {processor.py:836} INFO - DAG(s) dict_keys(['example_branch_labels']) retrieved from /usr/local/python/3.10.13/lib/python3.10/site-packages/airflow/example_dags/example_branch_labels.py
[2024-04-23T22:47:01.363+0000] {logging_mixin.py:150} INFO - [2024-04-23T22:47:01.363+0000] {dag.py:2742} INFO - Sync 1 DAGs
[2024-04-23T22:47:01.379+0000] {logging_mixin.py:150} INFO - [2024-04-23T22:47:01.379+0000] {dag.py:3504} INFO - Setting next_dagrun for example_branch_labels to 2024-04-22T00:00:00+00:00, run_after=2024-04-23T00:00:00+00:00
[2024-04-23T22:47:01.419+0000] {processor.py:179} INFO - Processing /usr/local/python/3.10.13/lib/python3.10/site-packages/airflow/example_dags/example_branch_labels.py took 0.078 seconds
[2024-04-23T22:47:56.571+0000] {processor.py:157} INFO - Started process (PID=40351) to work on /usr/local/python/3.10.13/lib/python3.10/site-packages/airflow/example_dags/example_branch_labels.py
[2024-04-23T22:47:56.571+0000] {processor.py:826} INFO - Processing file /usr/local/python/3.10.13/lib/python3.10/site-packages/airflow/example_dags/example_branch_labels.py for tasks to queue
[2024-04-23T22:47:56.572+0000] {logging_mixin.py:150} INFO - [2024-04-23T22:47:56.572+0000] {dagbag.py:541} INFO - Filling up the DagBag from /usr/local/python/3.10.13/lib/python3.10/site-packages/airflow/example_dags/example_branch_labels.py
[2024-04-23T22:47:56.578+0000] {processor.py:836} INFO - DAG(s) dict_keys(['example_branch_labels']) retrieved from /usr/local/python/3.10.13/lib/python3.10/site-packages/airflow/example_dags/example_branch_labels.py
[2024-04-23T22:47:56.591+0000] {logging_mixin.py:150} INFO - [2024-04-23T22:47:56.590+0000] {dag.py:2742} INFO - Sync 1 DAGs
[2024-04-23T22:47:56.608+0000] {logging_mixin.py:150} INFO - [2024-04-23T22:47:56.608+0000] {dag.py:3504} INFO - Setting next_dagrun for example_branch_labels to 2024-04-22T00:00:00+00:00, run_after=2024-04-23T00:00:00+00:00
[2024-04-23T22:47:56.646+0000] {processor.py:179} INFO - Processing /usr/local/python/3.10.13/lib/python3.10/site-packages/airflow/example_dags/example_branch_labels.py took 0.077 seconds
[2024-04-23T22:48:47.201+0000] {processor.py:157} INFO - Started process (PID=40744) to work on /usr/local/python/3.10.13/lib/python3.10/site-packages/airflow/example_dags/example_branch_labels.py
[2024-04-23T22:48:47.201+0000] {processor.py:826} INFO - Processing file /usr/local/python/3.10.13/lib/python3.10/site-packages/airflow/example_dags/example_branch_labels.py for tasks to queue
[2024-04-23T22:48:47.202+0000] {logging_mixin.py:150} INFO - [2024-04-23T22:48:47.202+0000] {dagbag.py:541} INFO - Filling up the DagBag from /usr/local/python/3.10.13/lib/python3.10/site-packages/airflow/example_dags/example_branch_labels.py
[2024-04-23T22:48:47.208+0000] {processor.py:836} INFO - DAG(s) dict_keys(['example_branch_labels']) retrieved from /usr/local/python/3.10.13/lib/python3.10/site-packages/airflow/example_dags/example_branch_labels.py
[2024-04-23T22:48:47.221+0000] {logging_mixin.py:150} INFO - [2024-04-23T22:48:47.220+0000] {dag.py:2742} INFO - Sync 1 DAGs
[2024-04-23T22:48:47.239+0000] {logging_mixin.py:150} INFO - [2024-04-23T22:48:47.239+0000] {dag.py:3504} INFO - Setting next_dagrun for example_branch_labels to 2024-04-22T00:00:00+00:00, run_after=2024-04-23T00:00:00+00:00
[2024-04-23T22:48:47.290+0000] {processor.py:179} INFO - Processing /usr/local/python/3.10.13/lib/python3.10/site-packages/airflow/example_dags/example_branch_labels.py took 0.091 seconds
[2024-04-23T22:49:36.538+0000] {processor.py:157} INFO - Started process (PID=41123) to work on /usr/local/python/3.10.13/lib/python3.10/site-packages/airflow/example_dags/example_branch_labels.py
[2024-04-23T22:49:36.539+0000] {processor.py:826} INFO - Processing file /usr/local/python/3.10.13/lib/python3.10/site-packages/airflow/example_dags/example_branch_labels.py for tasks to queue
[2024-04-23T22:49:36.540+0000] {logging_mixin.py:150} INFO - [2024-04-23T22:49:36.540+0000] {dagbag.py:541} INFO - Filling up the DagBag from /usr/local/python/3.10.13/lib/python3.10/site-packages/airflow/example_dags/example_branch_labels.py
[2024-04-23T22:49:36.548+0000] {processor.py:836} INFO - DAG(s) dict_keys(['example_branch_labels']) retrieved from /usr/local/python/3.10.13/lib/python3.10/site-packages/airflow/example_dags/example_branch_labels.py
[2024-04-23T22:49:36.562+0000] {logging_mixin.py:150} INFO - [2024-04-23T22:49:36.561+0000] {dag.py:2742} INFO - Sync 1 DAGs
[2024-04-23T22:49:36.578+0000] {logging_mixin.py:150} INFO - [2024-04-23T22:49:36.578+0000] {dag.py:3504} INFO - Setting next_dagrun for example_branch_labels to 2024-04-22T00:00:00+00:00, run_after=2024-04-23T00:00:00+00:00
[2024-04-23T22:49:36.617+0000] {processor.py:179} INFO - Processing /usr/local/python/3.10.13/lib/python3.10/site-packages/airflow/example_dags/example_branch_labels.py took 0.082 seconds
[2024-04-23T22:50:30.951+0000] {processor.py:157} INFO - Started process (PID=41515) to work on /usr/local/python/3.10.13/lib/python3.10/site-packages/airflow/example_dags/example_branch_labels.py
[2024-04-23T22:50:30.952+0000] {processor.py:826} INFO - Processing file /usr/local/python/3.10.13/lib/python3.10/site-packages/airflow/example_dags/example_branch_labels.py for tasks to queue
[2024-04-23T22:50:30.953+0000] {logging_mixin.py:150} INFO - [2024-04-23T22:50:30.952+0000] {dagbag.py:541} INFO - Filling up the DagBag from /usr/local/python/3.10.13/lib/python3.10/site-packages/airflow/example_dags/example_branch_labels.py
[2024-04-23T22:50:30.959+0000] {processor.py:836} INFO - DAG(s) dict_keys(['example_branch_labels']) retrieved from /usr/local/python/3.10.13/lib/python3.10/site-packages/airflow/example_dags/example_branch_labels.py
[2024-04-23T22:50:30.972+0000] {logging_mixin.py:150} INFO - [2024-04-23T22:50:30.972+0000] {dag.py:2742} INFO - Sync 1 DAGs
[2024-04-23T22:50:30.988+0000] {logging_mixin.py:150} INFO - [2024-04-23T22:50:30.988+0000] {dag.py:3504} INFO - Setting next_dagrun for example_branch_labels to 2024-04-22T00:00:00+00:00, run_after=2024-04-23T00:00:00+00:00
[2024-04-23T22:50:31.032+0000] {processor.py:179} INFO - Processing /usr/local/python/3.10.13/lib/python3.10/site-packages/airflow/example_dags/example_branch_labels.py took 0.083 seconds
[2024-04-23T22:51:18.754+0000] {processor.py:157} INFO - Started process (PID=41893) to work on /usr/local/python/3.10.13/lib/python3.10/site-packages/airflow/example_dags/example_branch_labels.py
[2024-04-23T22:51:18.754+0000] {processor.py:826} INFO - Processing file /usr/local/python/3.10.13/lib/python3.10/site-packages/airflow/example_dags/example_branch_labels.py for tasks to queue
[2024-04-23T22:51:18.755+0000] {logging_mixin.py:150} INFO - [2024-04-23T22:51:18.755+0000] {dagbag.py:541} INFO - Filling up the DagBag from /usr/local/python/3.10.13/lib/python3.10/site-packages/airflow/example_dags/example_branch_labels.py
[2024-04-23T22:51:18.761+0000] {processor.py:836} INFO - DAG(s) dict_keys(['example_branch_labels']) retrieved from /usr/local/python/3.10.13/lib/python3.10/site-packages/airflow/example_dags/example_branch_labels.py
[2024-04-23T22:51:18.773+0000] {logging_mixin.py:150} INFO - [2024-04-23T22:51:18.773+0000] {dag.py:2742} INFO - Sync 1 DAGs
[2024-04-23T22:51:18.789+0000] {logging_mixin.py:150} INFO - [2024-04-23T22:51:18.789+0000] {dag.py:3504} INFO - Setting next_dagrun for example_branch_labels to 2024-04-22T00:00:00+00:00, run_after=2024-04-23T00:00:00+00:00
[2024-04-23T22:51:18.842+0000] {processor.py:179} INFO - Processing /usr/local/python/3.10.13/lib/python3.10/site-packages/airflow/example_dags/example_branch_labels.py took 0.091 seconds
[2024-04-23T22:52:10.913+0000] {processor.py:157} INFO - Started process (PID=42286) to work on /usr/local/python/3.10.13/lib/python3.10/site-packages/airflow/example_dags/example_branch_labels.py
[2024-04-23T22:52:10.914+0000] {processor.py:826} INFO - Processing file /usr/local/python/3.10.13/lib/python3.10/site-packages/airflow/example_dags/example_branch_labels.py for tasks to queue
[2024-04-23T22:52:10.914+0000] {logging_mixin.py:150} INFO - [2024-04-23T22:52:10.914+0000] {dagbag.py:541} INFO - Filling up the DagBag from /usr/local/python/3.10.13/lib/python3.10/site-packages/airflow/example_dags/example_branch_labels.py
[2024-04-23T22:52:10.920+0000] {processor.py:836} INFO - DAG(s) dict_keys(['example_branch_labels']) retrieved from /usr/local/python/3.10.13/lib/python3.10/site-packages/airflow/example_dags/example_branch_labels.py
[2024-04-23T22:52:10.933+0000] {logging_mixin.py:150} INFO - [2024-04-23T22:52:10.932+0000] {dag.py:2742} INFO - Sync 1 DAGs
[2024-04-23T22:52:10.949+0000] {logging_mixin.py:150} INFO - [2024-04-23T22:52:10.949+0000] {dag.py:3504} INFO - Setting next_dagrun for example_branch_labels to 2024-04-22T00:00:00+00:00, run_after=2024-04-23T00:00:00+00:00
[2024-04-23T22:52:10.986+0000] {processor.py:179} INFO - Processing /usr/local/python/3.10.13/lib/python3.10/site-packages/airflow/example_dags/example_branch_labels.py took 0.074 seconds
[2024-04-23T22:53:02.742+0000] {processor.py:157} INFO - Started process (PID=42664) to work on /usr/local/python/3.10.13/lib/python3.10/site-packages/airflow/example_dags/example_branch_labels.py
[2024-04-23T22:53:02.742+0000] {processor.py:826} INFO - Processing file /usr/local/python/3.10.13/lib/python3.10/site-packages/airflow/example_dags/example_branch_labels.py for tasks to queue
[2024-04-23T22:53:02.743+0000] {logging_mixin.py:150} INFO - [2024-04-23T22:53:02.743+0000] {dagbag.py:541} INFO - Filling up the DagBag from /usr/local/python/3.10.13/lib/python3.10/site-packages/airflow/example_dags/example_branch_labels.py
[2024-04-23T22:53:02.748+0000] {processor.py:836} INFO - DAG(s) dict_keys(['example_branch_labels']) retrieved from /usr/local/python/3.10.13/lib/python3.10/site-packages/airflow/example_dags/example_branch_labels.py
[2024-04-23T22:53:02.762+0000] {logging_mixin.py:150} INFO - [2024-04-23T22:53:02.762+0000] {dag.py:2742} INFO - Sync 1 DAGs
[2024-04-23T22:53:02.778+0000] {logging_mixin.py:150} INFO - [2024-04-23T22:53:02.778+0000] {dag.py:3504} INFO - Setting next_dagrun for example_branch_labels to 2024-04-22T00:00:00+00:00, run_after=2024-04-23T00:00:00+00:00
[2024-04-23T22:53:02.814+0000] {processor.py:179} INFO - Processing /usr/local/python/3.10.13/lib/python3.10/site-packages/airflow/example_dags/example_branch_labels.py took 0.075 seconds
[2024-04-23T22:54:02.916+0000] {processor.py:157} INFO - Started process (PID=43084) to work on /usr/local/python/3.10.13/lib/python3.10/site-packages/airflow/example_dags/example_branch_labels.py
[2024-04-23T22:54:02.917+0000] {processor.py:826} INFO - Processing file /usr/local/python/3.10.13/lib/python3.10/site-packages/airflow/example_dags/example_branch_labels.py for tasks to queue
[2024-04-23T22:54:02.918+0000] {logging_mixin.py:150} INFO - [2024-04-23T22:54:02.917+0000] {dagbag.py:541} INFO - Filling up the DagBag from /usr/local/python/3.10.13/lib/python3.10/site-packages/airflow/example_dags/example_branch_labels.py
[2024-04-23T22:54:02.925+0000] {processor.py:836} INFO - DAG(s) dict_keys(['example_branch_labels']) retrieved from /usr/local/python/3.10.13/lib/python3.10/site-packages/airflow/example_dags/example_branch_labels.py
[2024-04-23T22:54:02.938+0000] {logging_mixin.py:150} INFO - [2024-04-23T22:54:02.938+0000] {dag.py:2742} INFO - Sync 1 DAGs
[2024-04-23T22:54:02.955+0000] {logging_mixin.py:150} INFO - [2024-04-23T22:54:02.955+0000] {dag.py:3504} INFO - Setting next_dagrun for example_branch_labels to 2024-04-22T00:00:00+00:00, run_after=2024-04-23T00:00:00+00:00
[2024-04-23T22:54:02.999+0000] {processor.py:179} INFO - Processing /usr/local/python/3.10.13/lib/python3.10/site-packages/airflow/example_dags/example_branch_labels.py took 0.085 seconds
[2024-04-23T22:55:06.691+0000] {processor.py:157} INFO - Started process (PID=43520) to work on /usr/local/python/3.10.13/lib/python3.10/site-packages/airflow/example_dags/example_branch_labels.py
[2024-04-23T22:55:06.691+0000] {processor.py:826} INFO - Processing file /usr/local/python/3.10.13/lib/python3.10/site-packages/airflow/example_dags/example_branch_labels.py for tasks to queue
[2024-04-23T22:55:06.692+0000] {logging_mixin.py:150} INFO - [2024-04-23T22:55:06.692+0000] {dagbag.py:541} INFO - Filling up the DagBag from /usr/local/python/3.10.13/lib/python3.10/site-packages/airflow/example_dags/example_branch_labels.py
[2024-04-23T22:55:06.697+0000] {processor.py:836} INFO - DAG(s) dict_keys(['example_branch_labels']) retrieved from /usr/local/python/3.10.13/lib/python3.10/site-packages/airflow/example_dags/example_branch_labels.py
[2024-04-23T22:55:06.711+0000] {logging_mixin.py:150} INFO - [2024-04-23T22:55:06.710+0000] {dag.py:2742} INFO - Sync 1 DAGs
[2024-04-23T22:55:06.727+0000] {logging_mixin.py:150} INFO - [2024-04-23T22:55:06.727+0000] {dag.py:3504} INFO - Setting next_dagrun for example_branch_labels to 2024-04-22T00:00:00+00:00, run_after=2024-04-23T00:00:00+00:00
[2024-04-23T22:55:06.764+0000] {processor.py:179} INFO - Processing /usr/local/python/3.10.13/lib/python3.10/site-packages/airflow/example_dags/example_branch_labels.py took 0.076 seconds
[2024-04-23T22:56:03.466+0000] {processor.py:157} INFO - Started process (PID=43919) to work on /usr/local/python/3.10.13/lib/python3.10/site-packages/airflow/example_dags/example_branch_labels.py
[2024-04-23T22:56:03.467+0000] {processor.py:826} INFO - Processing file /usr/local/python/3.10.13/lib/python3.10/site-packages/airflow/example_dags/example_branch_labels.py for tasks to queue
[2024-04-23T22:56:03.467+0000] {logging_mixin.py:150} INFO - [2024-04-23T22:56:03.467+0000] {dagbag.py:541} INFO - Filling up the DagBag from /usr/local/python/3.10.13/lib/python3.10/site-packages/airflow/example_dags/example_branch_labels.py
[2024-04-23T22:56:03.473+0000] {processor.py:836} INFO - DAG(s) dict_keys(['example_branch_labels']) retrieved from /usr/local/python/3.10.13/lib/python3.10/site-packages/airflow/example_dags/example_branch_labels.py
[2024-04-23T22:56:03.488+0000] {logging_mixin.py:150} INFO - [2024-04-23T22:56:03.487+0000] {dag.py:2742} INFO - Sync 1 DAGs
[2024-04-23T22:56:03.504+0000] {logging_mixin.py:150} INFO - [2024-04-23T22:56:03.504+0000] {dag.py:3504} INFO - Setting next_dagrun for example_branch_labels to 2024-04-22T00:00:00+00:00, run_after=2024-04-23T00:00:00+00:00
[2024-04-23T22:56:03.541+0000] {processor.py:179} INFO - Processing /usr/local/python/3.10.13/lib/python3.10/site-packages/airflow/example_dags/example_branch_labels.py took 0.077 seconds
[2024-04-23T22:57:09.225+0000] {processor.py:157} INFO - Started process (PID=44397) to work on /usr/local/python/3.10.13/lib/python3.10/site-packages/airflow/example_dags/example_branch_labels.py
[2024-04-23T22:57:09.225+0000] {processor.py:826} INFO - Processing file /usr/local/python/3.10.13/lib/python3.10/site-packages/airflow/example_dags/example_branch_labels.py for tasks to queue
[2024-04-23T22:57:09.226+0000] {logging_mixin.py:150} INFO - [2024-04-23T22:57:09.226+0000] {dagbag.py:541} INFO - Filling up the DagBag from /usr/local/python/3.10.13/lib/python3.10/site-packages/airflow/example_dags/example_branch_labels.py
[2024-04-23T22:57:09.232+0000] {processor.py:836} INFO - DAG(s) dict_keys(['example_branch_labels']) retrieved from /usr/local/python/3.10.13/lib/python3.10/site-packages/airflow/example_dags/example_branch_labels.py
[2024-04-23T22:57:09.245+0000] {logging_mixin.py:150} INFO - [2024-04-23T22:57:09.245+0000] {dag.py:2742} INFO - Sync 1 DAGs
[2024-04-23T22:57:09.262+0000] {logging_mixin.py:150} INFO - [2024-04-23T22:57:09.261+0000] {dag.py:3504} INFO - Setting next_dagrun for example_branch_labels to 2024-04-22T00:00:00+00:00, run_after=2024-04-23T00:00:00+00:00
[2024-04-23T22:57:09.299+0000] {processor.py:179} INFO - Processing /usr/local/python/3.10.13/lib/python3.10/site-packages/airflow/example_dags/example_branch_labels.py took 0.076 seconds
[2024-04-23T22:58:05.840+0000] {processor.py:157} INFO - Started process (PID=44836) to work on /usr/local/python/3.10.13/lib/python3.10/site-packages/airflow/example_dags/example_branch_labels.py
[2024-04-23T22:58:05.841+0000] {processor.py:826} INFO - Processing file /usr/local/python/3.10.13/lib/python3.10/site-packages/airflow/example_dags/example_branch_labels.py for tasks to queue
[2024-04-23T22:58:05.842+0000] {logging_mixin.py:150} INFO - [2024-04-23T22:58:05.841+0000] {dagbag.py:541} INFO - Filling up the DagBag from /usr/local/python/3.10.13/lib/python3.10/site-packages/airflow/example_dags/example_branch_labels.py
[2024-04-23T22:58:05.847+0000] {processor.py:836} INFO - DAG(s) dict_keys(['example_branch_labels']) retrieved from /usr/local/python/3.10.13/lib/python3.10/site-packages/airflow/example_dags/example_branch_labels.py
[2024-04-23T22:58:05.864+0000] {logging_mixin.py:150} INFO - [2024-04-23T22:58:05.863+0000] {dag.py:2742} INFO - Sync 1 DAGs
[2024-04-23T22:58:05.880+0000] {logging_mixin.py:150} INFO - [2024-04-23T22:58:05.879+0000] {dag.py:3504} INFO - Setting next_dagrun for example_branch_labels to 2024-04-22T00:00:00+00:00, run_after=2024-04-23T00:00:00+00:00
[2024-04-23T22:58:05.917+0000] {processor.py:179} INFO - Processing /usr/local/python/3.10.13/lib/python3.10/site-packages/airflow/example_dags/example_branch_labels.py took 0.078 seconds
[2024-04-23T22:58:57.374+0000] {processor.py:157} INFO - Started process (PID=45219) to work on /usr/local/python/3.10.13/lib/python3.10/site-packages/airflow/example_dags/example_branch_labels.py
[2024-04-23T22:58:57.374+0000] {processor.py:826} INFO - Processing file /usr/local/python/3.10.13/lib/python3.10/site-packages/airflow/example_dags/example_branch_labels.py for tasks to queue
[2024-04-23T22:58:57.375+0000] {logging_mixin.py:150} INFO - [2024-04-23T22:58:57.375+0000] {dagbag.py:541} INFO - Filling up the DagBag from /usr/local/python/3.10.13/lib/python3.10/site-packages/airflow/example_dags/example_branch_labels.py
[2024-04-23T22:58:57.383+0000] {processor.py:836} INFO - DAG(s) dict_keys(['example_branch_labels']) retrieved from /usr/local/python/3.10.13/lib/python3.10/site-packages/airflow/example_dags/example_branch_labels.py
[2024-04-23T22:58:57.396+0000] {logging_mixin.py:150} INFO - [2024-04-23T22:58:57.396+0000] {dag.py:2742} INFO - Sync 1 DAGs
[2024-04-23T22:58:57.412+0000] {logging_mixin.py:150} INFO - [2024-04-23T22:58:57.412+0000] {dag.py:3504} INFO - Setting next_dagrun for example_branch_labels to 2024-04-22T00:00:00+00:00, run_after=2024-04-23T00:00:00+00:00
[2024-04-23T22:58:57.450+0000] {processor.py:179} INFO - Processing /usr/local/python/3.10.13/lib/python3.10/site-packages/airflow/example_dags/example_branch_labels.py took 0.080 seconds
[2024-04-23T22:59:44.313+0000] {processor.py:157} INFO - Started process (PID=45579) to work on /usr/local/python/3.10.13/lib/python3.10/site-packages/airflow/example_dags/example_branch_labels.py
[2024-04-23T22:59:44.313+0000] {processor.py:826} INFO - Processing file /usr/local/python/3.10.13/lib/python3.10/site-packages/airflow/example_dags/example_branch_labels.py for tasks to queue
[2024-04-23T22:59:44.314+0000] {logging_mixin.py:150} INFO - [2024-04-23T22:59:44.314+0000] {dagbag.py:541} INFO - Filling up the DagBag from /usr/local/python/3.10.13/lib/python3.10/site-packages/airflow/example_dags/example_branch_labels.py
[2024-04-23T22:59:44.320+0000] {processor.py:836} INFO - DAG(s) dict_keys(['example_branch_labels']) retrieved from /usr/local/python/3.10.13/lib/python3.10/site-packages/airflow/example_dags/example_branch_labels.py
[2024-04-23T22:59:44.332+0000] {logging_mixin.py:150} INFO - [2024-04-23T22:59:44.332+0000] {dag.py:2742} INFO - Sync 1 DAGs
[2024-04-23T22:59:44.349+0000] {logging_mixin.py:150} INFO - [2024-04-23T22:59:44.349+0000] {dag.py:3504} INFO - Setting next_dagrun for example_branch_labels to 2024-04-22T00:00:00+00:00, run_after=2024-04-23T00:00:00+00:00
[2024-04-23T22:59:44.386+0000] {processor.py:179} INFO - Processing /usr/local/python/3.10.13/lib/python3.10/site-packages/airflow/example_dags/example_branch_labels.py took 0.075 seconds
