[2024-04-23T22:23:37.022+0000] {processor.py:157} INFO - Started process (PID=28756) to work on /usr/local/python/3.10.13/lib/python3.10/site-packages/airflow/example_dags/example_dynamic_task_mapping.py
[2024-04-23T22:23:37.023+0000] {processor.py:826} INFO - Processing file /usr/local/python/3.10.13/lib/python3.10/site-packages/airflow/example_dags/example_dynamic_task_mapping.py for tasks to queue
[2024-04-23T22:23:37.023+0000] {logging_mixin.py:150} INFO - [2024-04-23T22:23:37.023+0000] {dagbag.py:541} INFO - Filling up the DagBag from /usr/local/python/3.10.13/lib/python3.10/site-packages/airflow/example_dags/example_dynamic_task_mapping.py
[2024-04-23T22:23:37.029+0000] {processor.py:836} INFO - DAG(s) dict_keys(['example_dynamic_task_mapping']) retrieved from /usr/local/python/3.10.13/lib/python3.10/site-packages/airflow/example_dags/example_dynamic_task_mapping.py
[2024-04-23T22:23:37.171+0000] {logging_mixin.py:150} INFO - [2024-04-23T22:23:37.171+0000] {manager.py:504} INFO - Created Permission View: can delete on DAG:example_dynamic_task_mapping
[2024-04-23T22:23:37.207+0000] {logging_mixin.py:150} INFO - [2024-04-23T22:23:37.207+0000] {manager.py:504} INFO - Created Permission View: can edit on DAG:example_dynamic_task_mapping
[2024-04-23T22:23:37.239+0000] {logging_mixin.py:150} INFO - [2024-04-23T22:23:37.238+0000] {manager.py:504} INFO - Created Permission View: can read on DAG:example_dynamic_task_mapping
[2024-04-23T22:23:37.247+0000] {logging_mixin.py:150} INFO - [2024-04-23T22:23:37.247+0000] {dag.py:2742} INFO - Sync 1 DAGs
[2024-04-23T22:23:37.255+0000] {logging_mixin.py:150} INFO - [2024-04-23T22:23:37.255+0000] {dag.py:2763} INFO - Creating ORM DAG for example_dynamic_task_mapping
[2024-04-23T22:23:37.262+0000] {logging_mixin.py:150} INFO - [2024-04-23T22:23:37.262+0000] {dag.py:3504} INFO - Setting next_dagrun for example_dynamic_task_mapping to 2022-03-04T00:00:00+00:00, run_after=2022-03-05T00:00:00+00:00
[2024-04-23T22:23:37.303+0000] {processor.py:179} INFO - Processing /usr/local/python/3.10.13/lib/python3.10/site-packages/airflow/example_dags/example_dynamic_task_mapping.py took 0.284 seconds
[2024-04-23T22:24:28.662+0000] {processor.py:157} INFO - Started process (PID=29103) to work on /usr/local/python/3.10.13/lib/python3.10/site-packages/airflow/example_dags/example_dynamic_task_mapping.py
[2024-04-23T22:24:28.663+0000] {processor.py:826} INFO - Processing file /usr/local/python/3.10.13/lib/python3.10/site-packages/airflow/example_dags/example_dynamic_task_mapping.py for tasks to queue
[2024-04-23T22:24:28.663+0000] {logging_mixin.py:150} INFO - [2024-04-23T22:24:28.663+0000] {dagbag.py:541} INFO - Filling up the DagBag from /usr/local/python/3.10.13/lib/python3.10/site-packages/airflow/example_dags/example_dynamic_task_mapping.py
[2024-04-23T22:24:28.669+0000] {processor.py:836} INFO - DAG(s) dict_keys(['example_dynamic_task_mapping']) retrieved from /usr/local/python/3.10.13/lib/python3.10/site-packages/airflow/example_dags/example_dynamic_task_mapping.py
[2024-04-23T22:24:29.372+0000] {logging_mixin.py:150} INFO - [2024-04-23T22:24:29.371+0000] {dag.py:2742} INFO - Sync 1 DAGs
[2024-04-23T22:24:29.388+0000] {logging_mixin.py:150} INFO - [2024-04-23T22:24:29.388+0000] {dag.py:3504} INFO - Setting next_dagrun for example_dynamic_task_mapping to 2022-03-04T00:00:00+00:00, run_after=2022-03-05T00:00:00+00:00
[2024-04-23T22:24:29.425+0000] {processor.py:179} INFO - Processing /usr/local/python/3.10.13/lib/python3.10/site-packages/airflow/example_dags/example_dynamic_task_mapping.py took 0.765 seconds
[2024-04-23T22:25:15.991+0000] {processor.py:157} INFO - Started process (PID=29438) to work on /usr/local/python/3.10.13/lib/python3.10/site-packages/airflow/example_dags/example_dynamic_task_mapping.py
[2024-04-23T22:25:15.992+0000] {processor.py:826} INFO - Processing file /usr/local/python/3.10.13/lib/python3.10/site-packages/airflow/example_dags/example_dynamic_task_mapping.py for tasks to queue
[2024-04-23T22:25:15.993+0000] {logging_mixin.py:150} INFO - [2024-04-23T22:25:15.993+0000] {dagbag.py:541} INFO - Filling up the DagBag from /usr/local/python/3.10.13/lib/python3.10/site-packages/airflow/example_dags/example_dynamic_task_mapping.py
[2024-04-23T22:25:15.999+0000] {processor.py:836} INFO - DAG(s) dict_keys(['example_dynamic_task_mapping']) retrieved from /usr/local/python/3.10.13/lib/python3.10/site-packages/airflow/example_dags/example_dynamic_task_mapping.py
[2024-04-23T22:25:16.011+0000] {logging_mixin.py:150} INFO - [2024-04-23T22:25:16.011+0000] {dag.py:2742} INFO - Sync 1 DAGs
[2024-04-23T22:25:16.032+0000] {logging_mixin.py:150} INFO - [2024-04-23T22:25:16.031+0000] {dag.py:3504} INFO - Setting next_dagrun for example_dynamic_task_mapping to 2022-03-04T00:00:00+00:00, run_after=2022-03-05T00:00:00+00:00
[2024-04-23T22:25:16.071+0000] {processor.py:179} INFO - Processing /usr/local/python/3.10.13/lib/python3.10/site-packages/airflow/example_dags/example_dynamic_task_mapping.py took 0.082 seconds
[2024-04-23T22:26:04.335+0000] {processor.py:157} INFO - Started process (PID=29767) to work on /usr/local/python/3.10.13/lib/python3.10/site-packages/airflow/example_dags/example_dynamic_task_mapping.py
[2024-04-23T22:26:04.336+0000] {processor.py:826} INFO - Processing file /usr/local/python/3.10.13/lib/python3.10/site-packages/airflow/example_dags/example_dynamic_task_mapping.py for tasks to queue
[2024-04-23T22:26:04.337+0000] {logging_mixin.py:150} INFO - [2024-04-23T22:26:04.336+0000] {dagbag.py:541} INFO - Filling up the DagBag from /usr/local/python/3.10.13/lib/python3.10/site-packages/airflow/example_dags/example_dynamic_task_mapping.py
[2024-04-23T22:26:04.343+0000] {processor.py:836} INFO - DAG(s) dict_keys(['example_dynamic_task_mapping']) retrieved from /usr/local/python/3.10.13/lib/python3.10/site-packages/airflow/example_dags/example_dynamic_task_mapping.py
[2024-04-23T22:26:04.356+0000] {logging_mixin.py:150} INFO - [2024-04-23T22:26:04.355+0000] {dag.py:2742} INFO - Sync 1 DAGs
[2024-04-23T22:26:04.376+0000] {logging_mixin.py:150} INFO - [2024-04-23T22:26:04.375+0000] {dag.py:3504} INFO - Setting next_dagrun for example_dynamic_task_mapping to 2022-03-04T00:00:00+00:00, run_after=2022-03-05T00:00:00+00:00
[2024-04-23T22:26:04.423+0000] {processor.py:179} INFO - Processing /usr/local/python/3.10.13/lib/python3.10/site-packages/airflow/example_dags/example_dynamic_task_mapping.py took 0.091 seconds
[2024-04-23T22:26:49.957+0000] {processor.py:157} INFO - Started process (PID=30093) to work on /usr/local/python/3.10.13/lib/python3.10/site-packages/airflow/example_dags/example_dynamic_task_mapping.py
[2024-04-23T22:26:49.957+0000] {processor.py:826} INFO - Processing file /usr/local/python/3.10.13/lib/python3.10/site-packages/airflow/example_dags/example_dynamic_task_mapping.py for tasks to queue
[2024-04-23T22:26:49.958+0000] {logging_mixin.py:150} INFO - [2024-04-23T22:26:49.958+0000] {dagbag.py:541} INFO - Filling up the DagBag from /usr/local/python/3.10.13/lib/python3.10/site-packages/airflow/example_dags/example_dynamic_task_mapping.py
[2024-04-23T22:26:49.963+0000] {processor.py:836} INFO - DAG(s) dict_keys(['example_dynamic_task_mapping']) retrieved from /usr/local/python/3.10.13/lib/python3.10/site-packages/airflow/example_dags/example_dynamic_task_mapping.py
[2024-04-23T22:26:49.974+0000] {logging_mixin.py:150} INFO - [2024-04-23T22:26:49.974+0000] {dag.py:2742} INFO - Sync 1 DAGs
[2024-04-23T22:26:49.989+0000] {logging_mixin.py:150} INFO - [2024-04-23T22:26:49.989+0000] {dag.py:3504} INFO - Setting next_dagrun for example_dynamic_task_mapping to 2022-03-04T00:00:00+00:00, run_after=2022-03-05T00:00:00+00:00
[2024-04-23T22:26:50.026+0000] {processor.py:179} INFO - Processing /usr/local/python/3.10.13/lib/python3.10/site-packages/airflow/example_dags/example_dynamic_task_mapping.py took 0.072 seconds
[2024-04-23T22:27:37.761+0000] {processor.py:157} INFO - Started process (PID=30544) to work on /usr/local/python/3.10.13/lib/python3.10/site-packages/airflow/example_dags/example_dynamic_task_mapping.py
[2024-04-23T22:27:37.762+0000] {processor.py:826} INFO - Processing file /usr/local/python/3.10.13/lib/python3.10/site-packages/airflow/example_dags/example_dynamic_task_mapping.py for tasks to queue
[2024-04-23T22:27:37.762+0000] {logging_mixin.py:150} INFO - [2024-04-23T22:27:37.762+0000] {dagbag.py:541} INFO - Filling up the DagBag from /usr/local/python/3.10.13/lib/python3.10/site-packages/airflow/example_dags/example_dynamic_task_mapping.py
[2024-04-23T22:27:37.767+0000] {processor.py:836} INFO - DAG(s) dict_keys(['example_dynamic_task_mapping']) retrieved from /usr/local/python/3.10.13/lib/python3.10/site-packages/airflow/example_dags/example_dynamic_task_mapping.py
[2024-04-23T22:27:37.780+0000] {logging_mixin.py:150} INFO - [2024-04-23T22:27:37.779+0000] {dag.py:2742} INFO - Sync 1 DAGs
[2024-04-23T22:27:37.799+0000] {logging_mixin.py:150} INFO - [2024-04-23T22:27:37.798+0000] {dag.py:3504} INFO - Setting next_dagrun for example_dynamic_task_mapping to 2022-03-04T00:00:00+00:00, run_after=2022-03-05T00:00:00+00:00
[2024-04-23T22:27:37.840+0000] {processor.py:179} INFO - Processing /usr/local/python/3.10.13/lib/python3.10/site-packages/airflow/example_dags/example_dynamic_task_mapping.py took 0.082 seconds
[2024-04-23T22:28:24.589+0000] {processor.py:157} INFO - Started process (PID=30990) to work on /usr/local/python/3.10.13/lib/python3.10/site-packages/airflow/example_dags/example_dynamic_task_mapping.py
[2024-04-23T22:28:24.590+0000] {processor.py:826} INFO - Processing file /usr/local/python/3.10.13/lib/python3.10/site-packages/airflow/example_dags/example_dynamic_task_mapping.py for tasks to queue
[2024-04-23T22:28:24.591+0000] {logging_mixin.py:150} INFO - [2024-04-23T22:28:24.590+0000] {dagbag.py:541} INFO - Filling up the DagBag from /usr/local/python/3.10.13/lib/python3.10/site-packages/airflow/example_dags/example_dynamic_task_mapping.py
[2024-04-23T22:28:24.596+0000] {processor.py:836} INFO - DAG(s) dict_keys(['example_dynamic_task_mapping']) retrieved from /usr/local/python/3.10.13/lib/python3.10/site-packages/airflow/example_dags/example_dynamic_task_mapping.py
[2024-04-23T22:28:24.608+0000] {logging_mixin.py:150} INFO - [2024-04-23T22:28:24.608+0000] {dag.py:2742} INFO - Sync 1 DAGs
[2024-04-23T22:28:24.626+0000] {logging_mixin.py:150} INFO - [2024-04-23T22:28:24.625+0000] {dag.py:3504} INFO - Setting next_dagrun for example_dynamic_task_mapping to 2022-03-04T00:00:00+00:00, run_after=2022-03-05T00:00:00+00:00
[2024-04-23T22:28:24.674+0000] {processor.py:179} INFO - Processing /usr/local/python/3.10.13/lib/python3.10/site-packages/airflow/example_dags/example_dynamic_task_mapping.py took 0.087 seconds
[2024-04-23T22:29:10.067+0000] {processor.py:157} INFO - Started process (PID=31767) to work on /usr/local/python/3.10.13/lib/python3.10/site-packages/airflow/example_dags/example_dynamic_task_mapping.py
[2024-04-23T22:29:10.068+0000] {processor.py:826} INFO - Processing file /usr/local/python/3.10.13/lib/python3.10/site-packages/airflow/example_dags/example_dynamic_task_mapping.py for tasks to queue
[2024-04-23T22:29:10.068+0000] {logging_mixin.py:150} INFO - [2024-04-23T22:29:10.068+0000] {dagbag.py:541} INFO - Filling up the DagBag from /usr/local/python/3.10.13/lib/python3.10/site-packages/airflow/example_dags/example_dynamic_task_mapping.py
[2024-04-23T22:29:10.074+0000] {processor.py:836} INFO - DAG(s) dict_keys(['example_dynamic_task_mapping']) retrieved from /usr/local/python/3.10.13/lib/python3.10/site-packages/airflow/example_dags/example_dynamic_task_mapping.py
[2024-04-23T22:29:10.085+0000] {logging_mixin.py:150} INFO - [2024-04-23T22:29:10.085+0000] {dag.py:2742} INFO - Sync 1 DAGs
[2024-04-23T22:29:10.101+0000] {logging_mixin.py:150} INFO - [2024-04-23T22:29:10.101+0000] {dag.py:3504} INFO - Setting next_dagrun for example_dynamic_task_mapping to 2022-03-04T00:00:00+00:00, run_after=2022-03-05T00:00:00+00:00
[2024-04-23T22:29:10.138+0000] {processor.py:179} INFO - Processing /usr/local/python/3.10.13/lib/python3.10/site-packages/airflow/example_dags/example_dynamic_task_mapping.py took 0.073 seconds
[2024-04-23T22:30:00.679+0000] {processor.py:157} INFO - Started process (PID=32144) to work on /usr/local/python/3.10.13/lib/python3.10/site-packages/airflow/example_dags/example_dynamic_task_mapping.py
[2024-04-23T22:30:00.680+0000] {processor.py:826} INFO - Processing file /usr/local/python/3.10.13/lib/python3.10/site-packages/airflow/example_dags/example_dynamic_task_mapping.py for tasks to queue
[2024-04-23T22:30:00.680+0000] {logging_mixin.py:150} INFO - [2024-04-23T22:30:00.680+0000] {dagbag.py:541} INFO - Filling up the DagBag from /usr/local/python/3.10.13/lib/python3.10/site-packages/airflow/example_dags/example_dynamic_task_mapping.py
[2024-04-23T22:30:00.686+0000] {processor.py:836} INFO - DAG(s) dict_keys(['example_dynamic_task_mapping']) retrieved from /usr/local/python/3.10.13/lib/python3.10/site-packages/airflow/example_dags/example_dynamic_task_mapping.py
[2024-04-23T22:30:00.699+0000] {logging_mixin.py:150} INFO - [2024-04-23T22:30:00.699+0000] {dag.py:2742} INFO - Sync 1 DAGs
[2024-04-23T22:30:00.716+0000] {logging_mixin.py:150} INFO - [2024-04-23T22:30:00.716+0000] {dag.py:3504} INFO - Setting next_dagrun for example_dynamic_task_mapping to 2022-03-04T00:00:00+00:00, run_after=2022-03-05T00:00:00+00:00
[2024-04-23T22:30:00.764+0000] {processor.py:179} INFO - Processing /usr/local/python/3.10.13/lib/python3.10/site-packages/airflow/example_dags/example_dynamic_task_mapping.py took 0.087 seconds
[2024-04-23T22:30:52.777+0000] {processor.py:157} INFO - Started process (PID=32549) to work on /usr/local/python/3.10.13/lib/python3.10/site-packages/airflow/example_dags/example_dynamic_task_mapping.py
[2024-04-23T22:30:52.777+0000] {processor.py:826} INFO - Processing file /usr/local/python/3.10.13/lib/python3.10/site-packages/airflow/example_dags/example_dynamic_task_mapping.py for tasks to queue
[2024-04-23T22:30:52.778+0000] {logging_mixin.py:150} INFO - [2024-04-23T22:30:52.778+0000] {dagbag.py:541} INFO - Filling up the DagBag from /usr/local/python/3.10.13/lib/python3.10/site-packages/airflow/example_dags/example_dynamic_task_mapping.py
[2024-04-23T22:30:52.783+0000] {processor.py:836} INFO - DAG(s) dict_keys(['example_dynamic_task_mapping']) retrieved from /usr/local/python/3.10.13/lib/python3.10/site-packages/airflow/example_dags/example_dynamic_task_mapping.py
[2024-04-23T22:30:52.794+0000] {logging_mixin.py:150} INFO - [2024-04-23T22:30:52.793+0000] {dag.py:2742} INFO - Sync 1 DAGs
[2024-04-23T22:30:52.808+0000] {logging_mixin.py:150} INFO - [2024-04-23T22:30:52.808+0000] {dag.py:3504} INFO - Setting next_dagrun for example_dynamic_task_mapping to 2022-03-04T00:00:00+00:00, run_after=2022-03-05T00:00:00+00:00
[2024-04-23T22:30:52.845+0000] {processor.py:179} INFO - Processing /usr/local/python/3.10.13/lib/python3.10/site-packages/airflow/example_dags/example_dynamic_task_mapping.py took 0.070 seconds
[2024-04-23T22:31:45.861+0000] {processor.py:157} INFO - Started process (PID=32938) to work on /usr/local/python/3.10.13/lib/python3.10/site-packages/airflow/example_dags/example_dynamic_task_mapping.py
[2024-04-23T22:31:45.861+0000] {processor.py:826} INFO - Processing file /usr/local/python/3.10.13/lib/python3.10/site-packages/airflow/example_dags/example_dynamic_task_mapping.py for tasks to queue
[2024-04-23T22:31:45.862+0000] {logging_mixin.py:150} INFO - [2024-04-23T22:31:45.862+0000] {dagbag.py:541} INFO - Filling up the DagBag from /usr/local/python/3.10.13/lib/python3.10/site-packages/airflow/example_dags/example_dynamic_task_mapping.py
[2024-04-23T22:31:45.867+0000] {processor.py:836} INFO - DAG(s) dict_keys(['example_dynamic_task_mapping']) retrieved from /usr/local/python/3.10.13/lib/python3.10/site-packages/airflow/example_dags/example_dynamic_task_mapping.py
[2024-04-23T22:31:45.877+0000] {logging_mixin.py:150} INFO - [2024-04-23T22:31:45.877+0000] {dag.py:2742} INFO - Sync 1 DAGs
[2024-04-23T22:31:45.893+0000] {logging_mixin.py:150} INFO - [2024-04-23T22:31:45.893+0000] {dag.py:3504} INFO - Setting next_dagrun for example_dynamic_task_mapping to 2022-03-04T00:00:00+00:00, run_after=2022-03-05T00:00:00+00:00
[2024-04-23T22:31:45.931+0000] {processor.py:179} INFO - Processing /usr/local/python/3.10.13/lib/python3.10/site-packages/airflow/example_dags/example_dynamic_task_mapping.py took 0.072 seconds
[2024-04-23T22:32:38.534+0000] {processor.py:157} INFO - Started process (PID=33331) to work on /usr/local/python/3.10.13/lib/python3.10/site-packages/airflow/example_dags/example_dynamic_task_mapping.py
[2024-04-23T22:32:38.535+0000] {processor.py:826} INFO - Processing file /usr/local/python/3.10.13/lib/python3.10/site-packages/airflow/example_dags/example_dynamic_task_mapping.py for tasks to queue
[2024-04-23T22:32:38.535+0000] {logging_mixin.py:150} INFO - [2024-04-23T22:32:38.535+0000] {dagbag.py:541} INFO - Filling up the DagBag from /usr/local/python/3.10.13/lib/python3.10/site-packages/airflow/example_dags/example_dynamic_task_mapping.py
[2024-04-23T22:32:38.541+0000] {processor.py:836} INFO - DAG(s) dict_keys(['example_dynamic_task_mapping']) retrieved from /usr/local/python/3.10.13/lib/python3.10/site-packages/airflow/example_dags/example_dynamic_task_mapping.py
[2024-04-23T22:32:38.552+0000] {logging_mixin.py:150} INFO - [2024-04-23T22:32:38.552+0000] {dag.py:2742} INFO - Sync 1 DAGs
[2024-04-23T22:32:38.567+0000] {logging_mixin.py:150} INFO - [2024-04-23T22:32:38.567+0000] {dag.py:3504} INFO - Setting next_dagrun for example_dynamic_task_mapping to 2022-03-04T00:00:00+00:00, run_after=2022-03-05T00:00:00+00:00
[2024-04-23T22:32:38.604+0000] {processor.py:179} INFO - Processing /usr/local/python/3.10.13/lib/python3.10/site-packages/airflow/example_dags/example_dynamic_task_mapping.py took 0.072 seconds
[2024-04-23T22:33:26.530+0000] {processor.py:157} INFO - Started process (PID=33710) to work on /usr/local/python/3.10.13/lib/python3.10/site-packages/airflow/example_dags/example_dynamic_task_mapping.py
[2024-04-23T22:33:26.531+0000] {processor.py:826} INFO - Processing file /usr/local/python/3.10.13/lib/python3.10/site-packages/airflow/example_dags/example_dynamic_task_mapping.py for tasks to queue
[2024-04-23T22:33:26.532+0000] {logging_mixin.py:150} INFO - [2024-04-23T22:33:26.531+0000] {dagbag.py:541} INFO - Filling up the DagBag from /usr/local/python/3.10.13/lib/python3.10/site-packages/airflow/example_dags/example_dynamic_task_mapping.py
[2024-04-23T22:33:26.537+0000] {processor.py:836} INFO - DAG(s) dict_keys(['example_dynamic_task_mapping']) retrieved from /usr/local/python/3.10.13/lib/python3.10/site-packages/airflow/example_dags/example_dynamic_task_mapping.py
[2024-04-23T22:33:26.549+0000] {logging_mixin.py:150} INFO - [2024-04-23T22:33:26.549+0000] {dag.py:2742} INFO - Sync 1 DAGs
[2024-04-23T22:33:26.564+0000] {logging_mixin.py:150} INFO - [2024-04-23T22:33:26.564+0000] {dag.py:3504} INFO - Setting next_dagrun for example_dynamic_task_mapping to 2022-03-04T00:00:00+00:00, run_after=2022-03-05T00:00:00+00:00
[2024-04-23T22:33:26.604+0000] {processor.py:179} INFO - Processing /usr/local/python/3.10.13/lib/python3.10/site-packages/airflow/example_dags/example_dynamic_task_mapping.py took 0.076 seconds
[2024-04-23T22:34:21.893+0000] {processor.py:157} INFO - Started process (PID=34111) to work on /usr/local/python/3.10.13/lib/python3.10/site-packages/airflow/example_dags/example_dynamic_task_mapping.py
[2024-04-23T22:34:21.894+0000] {processor.py:826} INFO - Processing file /usr/local/python/3.10.13/lib/python3.10/site-packages/airflow/example_dags/example_dynamic_task_mapping.py for tasks to queue
[2024-04-23T22:34:21.894+0000] {logging_mixin.py:150} INFO - [2024-04-23T22:34:21.894+0000] {dagbag.py:541} INFO - Filling up the DagBag from /usr/local/python/3.10.13/lib/python3.10/site-packages/airflow/example_dags/example_dynamic_task_mapping.py
[2024-04-23T22:34:21.901+0000] {processor.py:836} INFO - DAG(s) dict_keys(['example_dynamic_task_mapping']) retrieved from /usr/local/python/3.10.13/lib/python3.10/site-packages/airflow/example_dags/example_dynamic_task_mapping.py
[2024-04-23T22:34:21.916+0000] {logging_mixin.py:150} INFO - [2024-04-23T22:34:21.916+0000] {dag.py:2742} INFO - Sync 1 DAGs
[2024-04-23T22:34:21.936+0000] {logging_mixin.py:150} INFO - [2024-04-23T22:34:21.935+0000] {dag.py:3504} INFO - Setting next_dagrun for example_dynamic_task_mapping to 2022-03-04T00:00:00+00:00, run_after=2022-03-05T00:00:00+00:00
[2024-04-23T22:34:21.974+0000] {processor.py:179} INFO - Processing /usr/local/python/3.10.13/lib/python3.10/site-packages/airflow/example_dags/example_dynamic_task_mapping.py took 0.083 seconds
[2024-04-23T22:35:13.639+0000] {processor.py:157} INFO - Started process (PID=34624) to work on /usr/local/python/3.10.13/lib/python3.10/site-packages/airflow/example_dags/example_dynamic_task_mapping.py
[2024-04-23T22:35:13.640+0000] {processor.py:826} INFO - Processing file /usr/local/python/3.10.13/lib/python3.10/site-packages/airflow/example_dags/example_dynamic_task_mapping.py for tasks to queue
[2024-04-23T22:35:13.641+0000] {logging_mixin.py:150} INFO - [2024-04-23T22:35:13.640+0000] {dagbag.py:541} INFO - Filling up the DagBag from /usr/local/python/3.10.13/lib/python3.10/site-packages/airflow/example_dags/example_dynamic_task_mapping.py
[2024-04-23T22:35:13.646+0000] {processor.py:836} INFO - DAG(s) dict_keys(['example_dynamic_task_mapping']) retrieved from /usr/local/python/3.10.13/lib/python3.10/site-packages/airflow/example_dags/example_dynamic_task_mapping.py
[2024-04-23T22:35:13.657+0000] {logging_mixin.py:150} INFO - [2024-04-23T22:35:13.656+0000] {dag.py:2742} INFO - Sync 1 DAGs
[2024-04-23T22:35:13.673+0000] {logging_mixin.py:150} INFO - [2024-04-23T22:35:13.672+0000] {dag.py:3504} INFO - Setting next_dagrun for example_dynamic_task_mapping to 2022-03-04T00:00:00+00:00, run_after=2022-03-05T00:00:00+00:00
[2024-04-23T22:35:13.713+0000] {processor.py:179} INFO - Processing /usr/local/python/3.10.13/lib/python3.10/site-packages/airflow/example_dags/example_dynamic_task_mapping.py took 0.076 seconds
[2024-04-23T22:36:01.664+0000] {processor.py:157} INFO - Started process (PID=34975) to work on /usr/local/python/3.10.13/lib/python3.10/site-packages/airflow/example_dags/example_dynamic_task_mapping.py
[2024-04-23T22:36:01.664+0000] {processor.py:826} INFO - Processing file /usr/local/python/3.10.13/lib/python3.10/site-packages/airflow/example_dags/example_dynamic_task_mapping.py for tasks to queue
[2024-04-23T22:36:01.665+0000] {logging_mixin.py:150} INFO - [2024-04-23T22:36:01.665+0000] {dagbag.py:541} INFO - Filling up the DagBag from /usr/local/python/3.10.13/lib/python3.10/site-packages/airflow/example_dags/example_dynamic_task_mapping.py
[2024-04-23T22:36:01.670+0000] {processor.py:836} INFO - DAG(s) dict_keys(['example_dynamic_task_mapping']) retrieved from /usr/local/python/3.10.13/lib/python3.10/site-packages/airflow/example_dags/example_dynamic_task_mapping.py
[2024-04-23T22:36:01.681+0000] {logging_mixin.py:150} INFO - [2024-04-23T22:36:01.680+0000] {dag.py:2742} INFO - Sync 1 DAGs
[2024-04-23T22:36:01.696+0000] {logging_mixin.py:150} INFO - [2024-04-23T22:36:01.696+0000] {dag.py:3504} INFO - Setting next_dagrun for example_dynamic_task_mapping to 2022-03-04T00:00:00+00:00, run_after=2022-03-05T00:00:00+00:00
[2024-04-23T22:36:01.733+0000] {processor.py:179} INFO - Processing /usr/local/python/3.10.13/lib/python3.10/site-packages/airflow/example_dags/example_dynamic_task_mapping.py took 0.072 seconds
[2024-04-23T22:36:55.724+0000] {processor.py:157} INFO - Started process (PID=35406) to work on /usr/local/python/3.10.13/lib/python3.10/site-packages/airflow/example_dags/example_dynamic_task_mapping.py
[2024-04-23T22:36:55.725+0000] {processor.py:826} INFO - Processing file /usr/local/python/3.10.13/lib/python3.10/site-packages/airflow/example_dags/example_dynamic_task_mapping.py for tasks to queue
[2024-04-23T22:36:55.726+0000] {logging_mixin.py:150} INFO - [2024-04-23T22:36:55.725+0000] {dagbag.py:541} INFO - Filling up the DagBag from /usr/local/python/3.10.13/lib/python3.10/site-packages/airflow/example_dags/example_dynamic_task_mapping.py
[2024-04-23T22:36:55.731+0000] {processor.py:836} INFO - DAG(s) dict_keys(['example_dynamic_task_mapping']) retrieved from /usr/local/python/3.10.13/lib/python3.10/site-packages/airflow/example_dags/example_dynamic_task_mapping.py
[2024-04-23T22:36:55.743+0000] {logging_mixin.py:150} INFO - [2024-04-23T22:36:55.742+0000] {dag.py:2742} INFO - Sync 1 DAGs
[2024-04-23T22:36:55.766+0000] {logging_mixin.py:150} INFO - [2024-04-23T22:36:55.766+0000] {dag.py:3504} INFO - Setting next_dagrun for example_dynamic_task_mapping to 2022-03-04T00:00:00+00:00, run_after=2022-03-05T00:00:00+00:00
[2024-04-23T22:36:55.808+0000] {processor.py:179} INFO - Processing /usr/local/python/3.10.13/lib/python3.10/site-packages/airflow/example_dags/example_dynamic_task_mapping.py took 0.086 seconds
[2024-04-23T22:37:47.404+0000] {processor.py:157} INFO - Started process (PID=35791) to work on /usr/local/python/3.10.13/lib/python3.10/site-packages/airflow/example_dags/example_dynamic_task_mapping.py
[2024-04-23T22:37:47.404+0000] {processor.py:826} INFO - Processing file /usr/local/python/3.10.13/lib/python3.10/site-packages/airflow/example_dags/example_dynamic_task_mapping.py for tasks to queue
[2024-04-23T22:37:47.405+0000] {logging_mixin.py:150} INFO - [2024-04-23T22:37:47.405+0000] {dagbag.py:541} INFO - Filling up the DagBag from /usr/local/python/3.10.13/lib/python3.10/site-packages/airflow/example_dags/example_dynamic_task_mapping.py
[2024-04-23T22:37:47.410+0000] {processor.py:836} INFO - DAG(s) dict_keys(['example_dynamic_task_mapping']) retrieved from /usr/local/python/3.10.13/lib/python3.10/site-packages/airflow/example_dags/example_dynamic_task_mapping.py
[2024-04-23T22:37:47.421+0000] {logging_mixin.py:150} INFO - [2024-04-23T22:37:47.421+0000] {dag.py:2742} INFO - Sync 1 DAGs
[2024-04-23T22:37:47.437+0000] {logging_mixin.py:150} INFO - [2024-04-23T22:37:47.437+0000] {dag.py:3504} INFO - Setting next_dagrun for example_dynamic_task_mapping to 2022-03-04T00:00:00+00:00, run_after=2022-03-05T00:00:00+00:00
[2024-04-23T22:37:47.473+0000] {processor.py:179} INFO - Processing /usr/local/python/3.10.13/lib/python3.10/site-packages/airflow/example_dags/example_dynamic_task_mapping.py took 0.072 seconds
[2024-04-23T22:38:37.351+0000] {processor.py:157} INFO - Started process (PID=36169) to work on /usr/local/python/3.10.13/lib/python3.10/site-packages/airflow/example_dags/example_dynamic_task_mapping.py
[2024-04-23T22:38:37.352+0000] {processor.py:826} INFO - Processing file /usr/local/python/3.10.13/lib/python3.10/site-packages/airflow/example_dags/example_dynamic_task_mapping.py for tasks to queue
[2024-04-23T22:38:37.352+0000] {logging_mixin.py:150} INFO - [2024-04-23T22:38:37.352+0000] {dagbag.py:541} INFO - Filling up the DagBag from /usr/local/python/3.10.13/lib/python3.10/site-packages/airflow/example_dags/example_dynamic_task_mapping.py
[2024-04-23T22:38:37.358+0000] {processor.py:836} INFO - DAG(s) dict_keys(['example_dynamic_task_mapping']) retrieved from /usr/local/python/3.10.13/lib/python3.10/site-packages/airflow/example_dags/example_dynamic_task_mapping.py
[2024-04-23T22:38:37.370+0000] {logging_mixin.py:150} INFO - [2024-04-23T22:38:37.370+0000] {dag.py:2742} INFO - Sync 1 DAGs
[2024-04-23T22:38:37.386+0000] {logging_mixin.py:150} INFO - [2024-04-23T22:38:37.386+0000] {dag.py:3504} INFO - Setting next_dagrun for example_dynamic_task_mapping to 2022-03-04T00:00:00+00:00, run_after=2022-03-05T00:00:00+00:00
[2024-04-23T22:38:37.424+0000] {processor.py:179} INFO - Processing /usr/local/python/3.10.13/lib/python3.10/site-packages/airflow/example_dags/example_dynamic_task_mapping.py took 0.075 seconds
[2024-04-23T22:39:27.962+0000] {processor.py:157} INFO - Started process (PID=36568) to work on /usr/local/python/3.10.13/lib/python3.10/site-packages/airflow/example_dags/example_dynamic_task_mapping.py
[2024-04-23T22:39:27.963+0000] {processor.py:826} INFO - Processing file /usr/local/python/3.10.13/lib/python3.10/site-packages/airflow/example_dags/example_dynamic_task_mapping.py for tasks to queue
[2024-04-23T22:39:27.963+0000] {logging_mixin.py:150} INFO - [2024-04-23T22:39:27.963+0000] {dagbag.py:541} INFO - Filling up the DagBag from /usr/local/python/3.10.13/lib/python3.10/site-packages/airflow/example_dags/example_dynamic_task_mapping.py
[2024-04-23T22:39:27.969+0000] {processor.py:836} INFO - DAG(s) dict_keys(['example_dynamic_task_mapping']) retrieved from /usr/local/python/3.10.13/lib/python3.10/site-packages/airflow/example_dags/example_dynamic_task_mapping.py
[2024-04-23T22:39:27.980+0000] {logging_mixin.py:150} INFO - [2024-04-23T22:39:27.980+0000] {dag.py:2742} INFO - Sync 1 DAGs
[2024-04-23T22:39:27.995+0000] {logging_mixin.py:150} INFO - [2024-04-23T22:39:27.995+0000] {dag.py:3504} INFO - Setting next_dagrun for example_dynamic_task_mapping to 2022-03-04T00:00:00+00:00, run_after=2022-03-05T00:00:00+00:00
[2024-04-23T22:39:28.034+0000] {processor.py:179} INFO - Processing /usr/local/python/3.10.13/lib/python3.10/site-packages/airflow/example_dags/example_dynamic_task_mapping.py took 0.075 seconds
[2024-04-23T22:40:19.214+0000] {processor.py:157} INFO - Started process (PID=36951) to work on /usr/local/python/3.10.13/lib/python3.10/site-packages/airflow/example_dags/example_dynamic_task_mapping.py
[2024-04-23T22:40:19.214+0000] {processor.py:826} INFO - Processing file /usr/local/python/3.10.13/lib/python3.10/site-packages/airflow/example_dags/example_dynamic_task_mapping.py for tasks to queue
[2024-04-23T22:40:19.215+0000] {logging_mixin.py:150} INFO - [2024-04-23T22:40:19.215+0000] {dagbag.py:541} INFO - Filling up the DagBag from /usr/local/python/3.10.13/lib/python3.10/site-packages/airflow/example_dags/example_dynamic_task_mapping.py
[2024-04-23T22:40:19.224+0000] {processor.py:836} INFO - DAG(s) dict_keys(['example_dynamic_task_mapping']) retrieved from /usr/local/python/3.10.13/lib/python3.10/site-packages/airflow/example_dags/example_dynamic_task_mapping.py
[2024-04-23T22:40:19.242+0000] {logging_mixin.py:150} INFO - [2024-04-23T22:40:19.242+0000] {dag.py:2742} INFO - Sync 1 DAGs
[2024-04-23T22:40:19.262+0000] {logging_mixin.py:150} INFO - [2024-04-23T22:40:19.262+0000] {dag.py:3504} INFO - Setting next_dagrun for example_dynamic_task_mapping to 2022-03-04T00:00:00+00:00, run_after=2022-03-05T00:00:00+00:00
[2024-04-23T22:40:19.299+0000] {processor.py:179} INFO - Processing /usr/local/python/3.10.13/lib/python3.10/site-packages/airflow/example_dags/example_dynamic_task_mapping.py took 0.089 seconds
[2024-04-23T22:41:14.575+0000] {processor.py:157} INFO - Started process (PID=37362) to work on /usr/local/python/3.10.13/lib/python3.10/site-packages/airflow/example_dags/example_dynamic_task_mapping.py
[2024-04-23T22:41:14.575+0000] {processor.py:826} INFO - Processing file /usr/local/python/3.10.13/lib/python3.10/site-packages/airflow/example_dags/example_dynamic_task_mapping.py for tasks to queue
[2024-04-23T22:41:14.576+0000] {logging_mixin.py:150} INFO - [2024-04-23T22:41:14.576+0000] {dagbag.py:541} INFO - Filling up the DagBag from /usr/local/python/3.10.13/lib/python3.10/site-packages/airflow/example_dags/example_dynamic_task_mapping.py
[2024-04-23T22:41:14.581+0000] {processor.py:836} INFO - DAG(s) dict_keys(['example_dynamic_task_mapping']) retrieved from /usr/local/python/3.10.13/lib/python3.10/site-packages/airflow/example_dags/example_dynamic_task_mapping.py
[2024-04-23T22:41:14.592+0000] {logging_mixin.py:150} INFO - [2024-04-23T22:41:14.592+0000] {dag.py:2742} INFO - Sync 1 DAGs
[2024-04-23T22:41:14.607+0000] {logging_mixin.py:150} INFO - [2024-04-23T22:41:14.607+0000] {dag.py:3504} INFO - Setting next_dagrun for example_dynamic_task_mapping to 2022-03-04T00:00:00+00:00, run_after=2022-03-05T00:00:00+00:00
[2024-04-23T22:41:14.662+0000] {processor.py:179} INFO - Processing /usr/local/python/3.10.13/lib/python3.10/site-packages/airflow/example_dags/example_dynamic_task_mapping.py took 0.089 seconds
[2024-04-23T22:42:10.542+0000] {processor.py:157} INFO - Started process (PID=37786) to work on /usr/local/python/3.10.13/lib/python3.10/site-packages/airflow/example_dags/example_dynamic_task_mapping.py
[2024-04-23T22:42:10.542+0000] {processor.py:826} INFO - Processing file /usr/local/python/3.10.13/lib/python3.10/site-packages/airflow/example_dags/example_dynamic_task_mapping.py for tasks to queue
[2024-04-23T22:42:10.543+0000] {logging_mixin.py:150} INFO - [2024-04-23T22:42:10.543+0000] {dagbag.py:541} INFO - Filling up the DagBag from /usr/local/python/3.10.13/lib/python3.10/site-packages/airflow/example_dags/example_dynamic_task_mapping.py
[2024-04-23T22:42:10.549+0000] {processor.py:836} INFO - DAG(s) dict_keys(['example_dynamic_task_mapping']) retrieved from /usr/local/python/3.10.13/lib/python3.10/site-packages/airflow/example_dags/example_dynamic_task_mapping.py
[2024-04-23T22:42:10.560+0000] {logging_mixin.py:150} INFO - [2024-04-23T22:42:10.560+0000] {dag.py:2742} INFO - Sync 1 DAGs
[2024-04-23T22:42:10.575+0000] {logging_mixin.py:150} INFO - [2024-04-23T22:42:10.575+0000] {dag.py:3504} INFO - Setting next_dagrun for example_dynamic_task_mapping to 2022-03-04T00:00:00+00:00, run_after=2022-03-05T00:00:00+00:00
[2024-04-23T22:42:10.613+0000] {processor.py:179} INFO - Processing /usr/local/python/3.10.13/lib/python3.10/site-packages/airflow/example_dags/example_dynamic_task_mapping.py took 0.074 seconds
[2024-04-23T22:43:00.506+0000] {processor.py:157} INFO - Started process (PID=38145) to work on /usr/local/python/3.10.13/lib/python3.10/site-packages/airflow/example_dags/example_dynamic_task_mapping.py
[2024-04-23T22:43:00.507+0000] {processor.py:826} INFO - Processing file /usr/local/python/3.10.13/lib/python3.10/site-packages/airflow/example_dags/example_dynamic_task_mapping.py for tasks to queue
[2024-04-23T22:43:00.507+0000] {logging_mixin.py:150} INFO - [2024-04-23T22:43:00.507+0000] {dagbag.py:541} INFO - Filling up the DagBag from /usr/local/python/3.10.13/lib/python3.10/site-packages/airflow/example_dags/example_dynamic_task_mapping.py
[2024-04-23T22:43:00.513+0000] {processor.py:836} INFO - DAG(s) dict_keys(['example_dynamic_task_mapping']) retrieved from /usr/local/python/3.10.13/lib/python3.10/site-packages/airflow/example_dags/example_dynamic_task_mapping.py
[2024-04-23T22:43:00.524+0000] {logging_mixin.py:150} INFO - [2024-04-23T22:43:00.524+0000] {dag.py:2742} INFO - Sync 1 DAGs
[2024-04-23T22:43:00.539+0000] {logging_mixin.py:150} INFO - [2024-04-23T22:43:00.539+0000] {dag.py:3504} INFO - Setting next_dagrun for example_dynamic_task_mapping to 2022-03-04T00:00:00+00:00, run_after=2022-03-05T00:00:00+00:00
[2024-04-23T22:43:00.577+0000] {processor.py:179} INFO - Processing /usr/local/python/3.10.13/lib/python3.10/site-packages/airflow/example_dags/example_dynamic_task_mapping.py took 0.074 seconds
[2024-04-23T22:43:53.402+0000] {processor.py:157} INFO - Started process (PID=38536) to work on /usr/local/python/3.10.13/lib/python3.10/site-packages/airflow/example_dags/example_dynamic_task_mapping.py
[2024-04-23T22:43:53.403+0000] {processor.py:826} INFO - Processing file /usr/local/python/3.10.13/lib/python3.10/site-packages/airflow/example_dags/example_dynamic_task_mapping.py for tasks to queue
[2024-04-23T22:43:53.403+0000] {logging_mixin.py:150} INFO - [2024-04-23T22:43:53.403+0000] {dagbag.py:541} INFO - Filling up the DagBag from /usr/local/python/3.10.13/lib/python3.10/site-packages/airflow/example_dags/example_dynamic_task_mapping.py
[2024-04-23T22:43:53.409+0000] {processor.py:836} INFO - DAG(s) dict_keys(['example_dynamic_task_mapping']) retrieved from /usr/local/python/3.10.13/lib/python3.10/site-packages/airflow/example_dags/example_dynamic_task_mapping.py
[2024-04-23T22:43:53.421+0000] {logging_mixin.py:150} INFO - [2024-04-23T22:43:53.420+0000] {dag.py:2742} INFO - Sync 1 DAGs
[2024-04-23T22:43:53.436+0000] {logging_mixin.py:150} INFO - [2024-04-23T22:43:53.436+0000] {dag.py:3504} INFO - Setting next_dagrun for example_dynamic_task_mapping to 2022-03-04T00:00:00+00:00, run_after=2022-03-05T00:00:00+00:00
[2024-04-23T22:43:53.471+0000] {processor.py:179} INFO - Processing /usr/local/python/3.10.13/lib/python3.10/site-packages/airflow/example_dags/example_dynamic_task_mapping.py took 0.071 seconds
[2024-04-23T22:44:40.994+0000] {processor.py:157} INFO - Started process (PID=38861) to work on /usr/local/python/3.10.13/lib/python3.10/site-packages/airflow/example_dags/example_dynamic_task_mapping.py
[2024-04-23T22:44:40.995+0000] {processor.py:826} INFO - Processing file /usr/local/python/3.10.13/lib/python3.10/site-packages/airflow/example_dags/example_dynamic_task_mapping.py for tasks to queue
[2024-04-23T22:44:40.995+0000] {logging_mixin.py:150} INFO - [2024-04-23T22:44:40.995+0000] {dagbag.py:541} INFO - Filling up the DagBag from /usr/local/python/3.10.13/lib/python3.10/site-packages/airflow/example_dags/example_dynamic_task_mapping.py
[2024-04-23T22:44:41.001+0000] {processor.py:836} INFO - DAG(s) dict_keys(['example_dynamic_task_mapping']) retrieved from /usr/local/python/3.10.13/lib/python3.10/site-packages/airflow/example_dags/example_dynamic_task_mapping.py
[2024-04-23T22:44:41.012+0000] {logging_mixin.py:150} INFO - [2024-04-23T22:44:41.012+0000] {dag.py:2742} INFO - Sync 1 DAGs
[2024-04-23T22:44:41.027+0000] {logging_mixin.py:150} INFO - [2024-04-23T22:44:41.027+0000] {dag.py:3504} INFO - Setting next_dagrun for example_dynamic_task_mapping to 2022-03-04T00:00:00+00:00, run_after=2022-03-05T00:00:00+00:00
[2024-04-23T22:44:41.067+0000] {processor.py:179} INFO - Processing /usr/local/python/3.10.13/lib/python3.10/site-packages/airflow/example_dags/example_dynamic_task_mapping.py took 0.075 seconds
[2024-04-23T22:45:29.591+0000] {processor.py:157} INFO - Started process (PID=39241) to work on /usr/local/python/3.10.13/lib/python3.10/site-packages/airflow/example_dags/example_dynamic_task_mapping.py
[2024-04-23T22:45:29.592+0000] {processor.py:826} INFO - Processing file /usr/local/python/3.10.13/lib/python3.10/site-packages/airflow/example_dags/example_dynamic_task_mapping.py for tasks to queue
[2024-04-23T22:45:29.592+0000] {logging_mixin.py:150} INFO - [2024-04-23T22:45:29.592+0000] {dagbag.py:541} INFO - Filling up the DagBag from /usr/local/python/3.10.13/lib/python3.10/site-packages/airflow/example_dags/example_dynamic_task_mapping.py
[2024-04-23T22:45:29.598+0000] {processor.py:836} INFO - DAG(s) dict_keys(['example_dynamic_task_mapping']) retrieved from /usr/local/python/3.10.13/lib/python3.10/site-packages/airflow/example_dags/example_dynamic_task_mapping.py
[2024-04-23T22:45:29.608+0000] {logging_mixin.py:150} INFO - [2024-04-23T22:45:29.608+0000] {dag.py:2742} INFO - Sync 1 DAGs
[2024-04-23T22:45:29.623+0000] {logging_mixin.py:150} INFO - [2024-04-23T22:45:29.623+0000] {dag.py:3504} INFO - Setting next_dagrun for example_dynamic_task_mapping to 2022-03-04T00:00:00+00:00, run_after=2022-03-05T00:00:00+00:00
[2024-04-23T22:45:29.674+0000] {processor.py:179} INFO - Processing /usr/local/python/3.10.13/lib/python3.10/site-packages/airflow/example_dags/example_dynamic_task_mapping.py took 0.085 seconds
[2024-04-23T22:46:22.518+0000] {processor.py:157} INFO - Started process (PID=39629) to work on /usr/local/python/3.10.13/lib/python3.10/site-packages/airflow/example_dags/example_dynamic_task_mapping.py
[2024-04-23T22:46:22.518+0000] {processor.py:826} INFO - Processing file /usr/local/python/3.10.13/lib/python3.10/site-packages/airflow/example_dags/example_dynamic_task_mapping.py for tasks to queue
[2024-04-23T22:46:22.519+0000] {logging_mixin.py:150} INFO - [2024-04-23T22:46:22.519+0000] {dagbag.py:541} INFO - Filling up the DagBag from /usr/local/python/3.10.13/lib/python3.10/site-packages/airflow/example_dags/example_dynamic_task_mapping.py
[2024-04-23T22:46:22.524+0000] {processor.py:836} INFO - DAG(s) dict_keys(['example_dynamic_task_mapping']) retrieved from /usr/local/python/3.10.13/lib/python3.10/site-packages/airflow/example_dags/example_dynamic_task_mapping.py
[2024-04-23T22:46:22.535+0000] {logging_mixin.py:150} INFO - [2024-04-23T22:46:22.535+0000] {dag.py:2742} INFO - Sync 1 DAGs
[2024-04-23T22:46:22.550+0000] {logging_mixin.py:150} INFO - [2024-04-23T22:46:22.550+0000] {dag.py:3504} INFO - Setting next_dagrun for example_dynamic_task_mapping to 2022-03-04T00:00:00+00:00, run_after=2022-03-05T00:00:00+00:00
[2024-04-23T22:46:22.587+0000] {processor.py:179} INFO - Processing /usr/local/python/3.10.13/lib/python3.10/site-packages/airflow/example_dags/example_dynamic_task_mapping.py took 0.071 seconds
[2024-04-23T22:47:16.899+0000] {processor.py:157} INFO - Started process (PID=40052) to work on /usr/local/python/3.10.13/lib/python3.10/site-packages/airflow/example_dags/example_dynamic_task_mapping.py
[2024-04-23T22:47:16.900+0000] {processor.py:826} INFO - Processing file /usr/local/python/3.10.13/lib/python3.10/site-packages/airflow/example_dags/example_dynamic_task_mapping.py for tasks to queue
[2024-04-23T22:47:16.900+0000] {logging_mixin.py:150} INFO - [2024-04-23T22:47:16.900+0000] {dagbag.py:541} INFO - Filling up the DagBag from /usr/local/python/3.10.13/lib/python3.10/site-packages/airflow/example_dags/example_dynamic_task_mapping.py
[2024-04-23T22:47:16.906+0000] {processor.py:836} INFO - DAG(s) dict_keys(['example_dynamic_task_mapping']) retrieved from /usr/local/python/3.10.13/lib/python3.10/site-packages/airflow/example_dags/example_dynamic_task_mapping.py
[2024-04-23T22:47:16.917+0000] {logging_mixin.py:150} INFO - [2024-04-23T22:47:16.917+0000] {dag.py:2742} INFO - Sync 1 DAGs
[2024-04-23T22:47:16.932+0000] {logging_mixin.py:150} INFO - [2024-04-23T22:47:16.932+0000] {dag.py:3504} INFO - Setting next_dagrun for example_dynamic_task_mapping to 2022-03-04T00:00:00+00:00, run_after=2022-03-05T00:00:00+00:00
[2024-04-23T22:47:16.968+0000] {processor.py:179} INFO - Processing /usr/local/python/3.10.13/lib/python3.10/site-packages/airflow/example_dags/example_dynamic_task_mapping.py took 0.071 seconds
[2024-04-23T22:48:11.091+0000] {processor.py:157} INFO - Started process (PID=40449) to work on /usr/local/python/3.10.13/lib/python3.10/site-packages/airflow/example_dags/example_dynamic_task_mapping.py
[2024-04-23T22:48:11.092+0000] {processor.py:826} INFO - Processing file /usr/local/python/3.10.13/lib/python3.10/site-packages/airflow/example_dags/example_dynamic_task_mapping.py for tasks to queue
[2024-04-23T22:48:11.092+0000] {logging_mixin.py:150} INFO - [2024-04-23T22:48:11.092+0000] {dagbag.py:541} INFO - Filling up the DagBag from /usr/local/python/3.10.13/lib/python3.10/site-packages/airflow/example_dags/example_dynamic_task_mapping.py
[2024-04-23T22:48:11.098+0000] {processor.py:836} INFO - DAG(s) dict_keys(['example_dynamic_task_mapping']) retrieved from /usr/local/python/3.10.13/lib/python3.10/site-packages/airflow/example_dags/example_dynamic_task_mapping.py
[2024-04-23T22:48:11.109+0000] {logging_mixin.py:150} INFO - [2024-04-23T22:48:11.109+0000] {dag.py:2742} INFO - Sync 1 DAGs
[2024-04-23T22:48:11.125+0000] {logging_mixin.py:150} INFO - [2024-04-23T22:48:11.125+0000] {dag.py:3504} INFO - Setting next_dagrun for example_dynamic_task_mapping to 2022-03-04T00:00:00+00:00, run_after=2022-03-05T00:00:00+00:00
[2024-04-23T22:48:11.176+0000] {processor.py:179} INFO - Processing /usr/local/python/3.10.13/lib/python3.10/site-packages/airflow/example_dags/example_dynamic_task_mapping.py took 0.087 seconds
[2024-04-23T22:49:03.323+0000] {processor.py:157} INFO - Started process (PID=40857) to work on /usr/local/python/3.10.13/lib/python3.10/site-packages/airflow/example_dags/example_dynamic_task_mapping.py
[2024-04-23T22:49:03.323+0000] {processor.py:826} INFO - Processing file /usr/local/python/3.10.13/lib/python3.10/site-packages/airflow/example_dags/example_dynamic_task_mapping.py for tasks to queue
[2024-04-23T22:49:03.324+0000] {logging_mixin.py:150} INFO - [2024-04-23T22:49:03.324+0000] {dagbag.py:541} INFO - Filling up the DagBag from /usr/local/python/3.10.13/lib/python3.10/site-packages/airflow/example_dags/example_dynamic_task_mapping.py
[2024-04-23T22:49:03.329+0000] {processor.py:836} INFO - DAG(s) dict_keys(['example_dynamic_task_mapping']) retrieved from /usr/local/python/3.10.13/lib/python3.10/site-packages/airflow/example_dags/example_dynamic_task_mapping.py
[2024-04-23T22:49:03.340+0000] {logging_mixin.py:150} INFO - [2024-04-23T22:49:03.340+0000] {dag.py:2742} INFO - Sync 1 DAGs
[2024-04-23T22:49:03.355+0000] {logging_mixin.py:150} INFO - [2024-04-23T22:49:03.355+0000] {dag.py:3504} INFO - Setting next_dagrun for example_dynamic_task_mapping to 2022-03-04T00:00:00+00:00, run_after=2022-03-05T00:00:00+00:00
[2024-04-23T22:49:03.391+0000] {processor.py:179} INFO - Processing /usr/local/python/3.10.13/lib/python3.10/site-packages/airflow/example_dags/example_dynamic_task_mapping.py took 0.071 seconds
[2024-04-23T22:49:52.575+0000] {processor.py:157} INFO - Started process (PID=41226) to work on /usr/local/python/3.10.13/lib/python3.10/site-packages/airflow/example_dags/example_dynamic_task_mapping.py
[2024-04-23T22:49:52.576+0000] {processor.py:826} INFO - Processing file /usr/local/python/3.10.13/lib/python3.10/site-packages/airflow/example_dags/example_dynamic_task_mapping.py for tasks to queue
[2024-04-23T22:49:52.576+0000] {logging_mixin.py:150} INFO - [2024-04-23T22:49:52.576+0000] {dagbag.py:541} INFO - Filling up the DagBag from /usr/local/python/3.10.13/lib/python3.10/site-packages/airflow/example_dags/example_dynamic_task_mapping.py
[2024-04-23T22:49:52.582+0000] {processor.py:836} INFO - DAG(s) dict_keys(['example_dynamic_task_mapping']) retrieved from /usr/local/python/3.10.13/lib/python3.10/site-packages/airflow/example_dags/example_dynamic_task_mapping.py
[2024-04-23T22:49:52.593+0000] {logging_mixin.py:150} INFO - [2024-04-23T22:49:52.593+0000] {dag.py:2742} INFO - Sync 1 DAGs
[2024-04-23T22:49:52.608+0000] {logging_mixin.py:150} INFO - [2024-04-23T22:49:52.607+0000] {dag.py:3504} INFO - Setting next_dagrun for example_dynamic_task_mapping to 2022-03-04T00:00:00+00:00, run_after=2022-03-05T00:00:00+00:00
[2024-04-23T22:49:52.648+0000] {processor.py:179} INFO - Processing /usr/local/python/3.10.13/lib/python3.10/site-packages/airflow/example_dags/example_dynamic_task_mapping.py took 0.075 seconds
[2024-04-23T22:50:45.206+0000] {processor.py:157} INFO - Started process (PID=41619) to work on /usr/local/python/3.10.13/lib/python3.10/site-packages/airflow/example_dags/example_dynamic_task_mapping.py
[2024-04-23T22:50:45.206+0000] {processor.py:826} INFO - Processing file /usr/local/python/3.10.13/lib/python3.10/site-packages/airflow/example_dags/example_dynamic_task_mapping.py for tasks to queue
[2024-04-23T22:50:45.207+0000] {logging_mixin.py:150} INFO - [2024-04-23T22:50:45.207+0000] {dagbag.py:541} INFO - Filling up the DagBag from /usr/local/python/3.10.13/lib/python3.10/site-packages/airflow/example_dags/example_dynamic_task_mapping.py
[2024-04-23T22:50:45.212+0000] {processor.py:836} INFO - DAG(s) dict_keys(['example_dynamic_task_mapping']) retrieved from /usr/local/python/3.10.13/lib/python3.10/site-packages/airflow/example_dags/example_dynamic_task_mapping.py
[2024-04-23T22:50:45.224+0000] {logging_mixin.py:150} INFO - [2024-04-23T22:50:45.224+0000] {dag.py:2742} INFO - Sync 1 DAGs
[2024-04-23T22:50:45.239+0000] {logging_mixin.py:150} INFO - [2024-04-23T22:50:45.239+0000] {dag.py:3504} INFO - Setting next_dagrun for example_dynamic_task_mapping to 2022-03-04T00:00:00+00:00, run_after=2022-03-05T00:00:00+00:00
[2024-04-23T22:50:45.278+0000] {processor.py:179} INFO - Processing /usr/local/python/3.10.13/lib/python3.10/site-packages/airflow/example_dags/example_dynamic_task_mapping.py took 0.074 seconds
[2024-04-23T22:51:33.816+0000] {processor.py:157} INFO - Started process (PID=42001) to work on /usr/local/python/3.10.13/lib/python3.10/site-packages/airflow/example_dags/example_dynamic_task_mapping.py
[2024-04-23T22:51:33.816+0000] {processor.py:826} INFO - Processing file /usr/local/python/3.10.13/lib/python3.10/site-packages/airflow/example_dags/example_dynamic_task_mapping.py for tasks to queue
[2024-04-23T22:51:33.817+0000] {logging_mixin.py:150} INFO - [2024-04-23T22:51:33.817+0000] {dagbag.py:541} INFO - Filling up the DagBag from /usr/local/python/3.10.13/lib/python3.10/site-packages/airflow/example_dags/example_dynamic_task_mapping.py
[2024-04-23T22:51:33.822+0000] {processor.py:836} INFO - DAG(s) dict_keys(['example_dynamic_task_mapping']) retrieved from /usr/local/python/3.10.13/lib/python3.10/site-packages/airflow/example_dags/example_dynamic_task_mapping.py
[2024-04-23T22:51:33.833+0000] {logging_mixin.py:150} INFO - [2024-04-23T22:51:33.833+0000] {dag.py:2742} INFO - Sync 1 DAGs
[2024-04-23T22:51:33.848+0000] {logging_mixin.py:150} INFO - [2024-04-23T22:51:33.848+0000] {dag.py:3504} INFO - Setting next_dagrun for example_dynamic_task_mapping to 2022-03-04T00:00:00+00:00, run_after=2022-03-05T00:00:00+00:00
[2024-04-23T22:51:33.889+0000] {processor.py:179} INFO - Processing /usr/local/python/3.10.13/lib/python3.10/site-packages/airflow/example_dags/example_dynamic_task_mapping.py took 0.075 seconds
[2024-04-23T22:52:26.500+0000] {processor.py:157} INFO - Started process (PID=42388) to work on /usr/local/python/3.10.13/lib/python3.10/site-packages/airflow/example_dags/example_dynamic_task_mapping.py
[2024-04-23T22:52:26.500+0000] {processor.py:826} INFO - Processing file /usr/local/python/3.10.13/lib/python3.10/site-packages/airflow/example_dags/example_dynamic_task_mapping.py for tasks to queue
[2024-04-23T22:52:26.501+0000] {logging_mixin.py:150} INFO - [2024-04-23T22:52:26.501+0000] {dagbag.py:541} INFO - Filling up the DagBag from /usr/local/python/3.10.13/lib/python3.10/site-packages/airflow/example_dags/example_dynamic_task_mapping.py
[2024-04-23T22:52:26.507+0000] {processor.py:836} INFO - DAG(s) dict_keys(['example_dynamic_task_mapping']) retrieved from /usr/local/python/3.10.13/lib/python3.10/site-packages/airflow/example_dags/example_dynamic_task_mapping.py
[2024-04-23T22:52:26.517+0000] {logging_mixin.py:150} INFO - [2024-04-23T22:52:26.517+0000] {dag.py:2742} INFO - Sync 1 DAGs
[2024-04-23T22:52:26.627+0000] {logging_mixin.py:150} INFO - [2024-04-23T22:52:26.627+0000] {dag.py:3504} INFO - Setting next_dagrun for example_dynamic_task_mapping to 2022-03-04T00:00:00+00:00, run_after=2022-03-05T00:00:00+00:00
[2024-04-23T22:52:26.679+0000] {processor.py:179} INFO - Processing /usr/local/python/3.10.13/lib/python3.10/site-packages/airflow/example_dags/example_dynamic_task_mapping.py took 0.182 seconds
[2024-04-23T22:53:18.266+0000] {processor.py:157} INFO - Started process (PID=42766) to work on /usr/local/python/3.10.13/lib/python3.10/site-packages/airflow/example_dags/example_dynamic_task_mapping.py
[2024-04-23T22:53:18.267+0000] {processor.py:826} INFO - Processing file /usr/local/python/3.10.13/lib/python3.10/site-packages/airflow/example_dags/example_dynamic_task_mapping.py for tasks to queue
[2024-04-23T22:53:18.268+0000] {logging_mixin.py:150} INFO - [2024-04-23T22:53:18.268+0000] {dagbag.py:541} INFO - Filling up the DagBag from /usr/local/python/3.10.13/lib/python3.10/site-packages/airflow/example_dags/example_dynamic_task_mapping.py
[2024-04-23T22:53:18.276+0000] {processor.py:836} INFO - DAG(s) dict_keys(['example_dynamic_task_mapping']) retrieved from /usr/local/python/3.10.13/lib/python3.10/site-packages/airflow/example_dags/example_dynamic_task_mapping.py
[2024-04-23T22:53:18.292+0000] {logging_mixin.py:150} INFO - [2024-04-23T22:53:18.292+0000] {dag.py:2742} INFO - Sync 1 DAGs
[2024-04-23T22:53:18.311+0000] {logging_mixin.py:150} INFO - [2024-04-23T22:53:18.311+0000] {dag.py:3504} INFO - Setting next_dagrun for example_dynamic_task_mapping to 2022-03-04T00:00:00+00:00, run_after=2022-03-05T00:00:00+00:00
[2024-04-23T22:53:18.437+0000] {processor.py:179} INFO - Processing /usr/local/python/3.10.13/lib/python3.10/site-packages/airflow/example_dags/example_dynamic_task_mapping.py took 0.174 seconds
[2024-04-23T22:54:19.333+0000] {processor.py:157} INFO - Started process (PID=43183) to work on /usr/local/python/3.10.13/lib/python3.10/site-packages/airflow/example_dags/example_dynamic_task_mapping.py
[2024-04-23T22:54:19.333+0000] {processor.py:826} INFO - Processing file /usr/local/python/3.10.13/lib/python3.10/site-packages/airflow/example_dags/example_dynamic_task_mapping.py for tasks to queue
[2024-04-23T22:54:19.334+0000] {logging_mixin.py:150} INFO - [2024-04-23T22:54:19.334+0000] {dagbag.py:541} INFO - Filling up the DagBag from /usr/local/python/3.10.13/lib/python3.10/site-packages/airflow/example_dags/example_dynamic_task_mapping.py
[2024-04-23T22:54:19.339+0000] {processor.py:836} INFO - DAG(s) dict_keys(['example_dynamic_task_mapping']) retrieved from /usr/local/python/3.10.13/lib/python3.10/site-packages/airflow/example_dags/example_dynamic_task_mapping.py
[2024-04-23T22:54:19.350+0000] {logging_mixin.py:150} INFO - [2024-04-23T22:54:19.350+0000] {dag.py:2742} INFO - Sync 1 DAGs
[2024-04-23T22:54:19.447+0000] {logging_mixin.py:150} INFO - [2024-04-23T22:54:19.447+0000] {dag.py:3504} INFO - Setting next_dagrun for example_dynamic_task_mapping to 2022-03-04T00:00:00+00:00, run_after=2022-03-05T00:00:00+00:00
[2024-04-23T22:54:19.484+0000] {processor.py:179} INFO - Processing /usr/local/python/3.10.13/lib/python3.10/site-packages/airflow/example_dags/example_dynamic_task_mapping.py took 0.154 seconds
[2024-04-23T22:55:05.043+0000] {processor.py:157} INFO - Started process (PID=43512) to work on /usr/local/python/3.10.13/lib/python3.10/site-packages/airflow/example_dags/example_dynamic_task_mapping.py
[2024-04-23T22:55:05.044+0000] {processor.py:826} INFO - Processing file /usr/local/python/3.10.13/lib/python3.10/site-packages/airflow/example_dags/example_dynamic_task_mapping.py for tasks to queue
[2024-04-23T22:55:05.044+0000] {logging_mixin.py:150} INFO - [2024-04-23T22:55:05.044+0000] {dagbag.py:541} INFO - Filling up the DagBag from /usr/local/python/3.10.13/lib/python3.10/site-packages/airflow/example_dags/example_dynamic_task_mapping.py
[2024-04-23T22:55:05.050+0000] {processor.py:836} INFO - DAG(s) dict_keys(['example_dynamic_task_mapping']) retrieved from /usr/local/python/3.10.13/lib/python3.10/site-packages/airflow/example_dags/example_dynamic_task_mapping.py
[2024-04-23T22:55:05.061+0000] {logging_mixin.py:150} INFO - [2024-04-23T22:55:05.061+0000] {dag.py:2742} INFO - Sync 1 DAGs
[2024-04-23T22:55:05.076+0000] {logging_mixin.py:150} INFO - [2024-04-23T22:55:05.076+0000] {dag.py:3504} INFO - Setting next_dagrun for example_dynamic_task_mapping to 2022-03-04T00:00:00+00:00, run_after=2022-03-05T00:00:00+00:00
[2024-04-23T22:55:05.114+0000] {processor.py:179} INFO - Processing /usr/local/python/3.10.13/lib/python3.10/site-packages/airflow/example_dags/example_dynamic_task_mapping.py took 0.073 seconds
[2024-04-23T22:56:01.170+0000] {processor.py:157} INFO - Started process (PID=43886) to work on /usr/local/python/3.10.13/lib/python3.10/site-packages/airflow/example_dags/example_dynamic_task_mapping.py
[2024-04-23T22:56:01.171+0000] {processor.py:826} INFO - Processing file /usr/local/python/3.10.13/lib/python3.10/site-packages/airflow/example_dags/example_dynamic_task_mapping.py for tasks to queue
[2024-04-23T22:56:01.172+0000] {logging_mixin.py:150} INFO - [2024-04-23T22:56:01.171+0000] {dagbag.py:541} INFO - Filling up the DagBag from /usr/local/python/3.10.13/lib/python3.10/site-packages/airflow/example_dags/example_dynamic_task_mapping.py
[2024-04-23T22:56:01.177+0000] {processor.py:836} INFO - DAG(s) dict_keys(['example_dynamic_task_mapping']) retrieved from /usr/local/python/3.10.13/lib/python3.10/site-packages/airflow/example_dags/example_dynamic_task_mapping.py
[2024-04-23T22:56:01.187+0000] {logging_mixin.py:150} INFO - [2024-04-23T22:56:01.187+0000] {dag.py:2742} INFO - Sync 1 DAGs
[2024-04-23T22:56:01.203+0000] {logging_mixin.py:150} INFO - [2024-04-23T22:56:01.202+0000] {dag.py:3504} INFO - Setting next_dagrun for example_dynamic_task_mapping to 2022-03-04T00:00:00+00:00, run_after=2022-03-05T00:00:00+00:00
[2024-04-23T22:56:01.240+0000] {processor.py:179} INFO - Processing /usr/local/python/3.10.13/lib/python3.10/site-packages/airflow/example_dags/example_dynamic_task_mapping.py took 0.072 seconds
[2024-04-23T22:57:06.383+0000] {processor.py:157} INFO - Started process (PID=44382) to work on /usr/local/python/3.10.13/lib/python3.10/site-packages/airflow/example_dags/example_dynamic_task_mapping.py
[2024-04-23T22:57:06.383+0000] {processor.py:826} INFO - Processing file /usr/local/python/3.10.13/lib/python3.10/site-packages/airflow/example_dags/example_dynamic_task_mapping.py for tasks to queue
[2024-04-23T22:57:06.384+0000] {logging_mixin.py:150} INFO - [2024-04-23T22:57:06.384+0000] {dagbag.py:541} INFO - Filling up the DagBag from /usr/local/python/3.10.13/lib/python3.10/site-packages/airflow/example_dags/example_dynamic_task_mapping.py
[2024-04-23T22:57:06.389+0000] {processor.py:836} INFO - DAG(s) dict_keys(['example_dynamic_task_mapping']) retrieved from /usr/local/python/3.10.13/lib/python3.10/site-packages/airflow/example_dags/example_dynamic_task_mapping.py
[2024-04-23T22:57:06.401+0000] {logging_mixin.py:150} INFO - [2024-04-23T22:57:06.400+0000] {dag.py:2742} INFO - Sync 1 DAGs
[2024-04-23T22:57:06.418+0000] {logging_mixin.py:150} INFO - [2024-04-23T22:57:06.417+0000] {dag.py:3504} INFO - Setting next_dagrun for example_dynamic_task_mapping to 2022-03-04T00:00:00+00:00, run_after=2022-03-05T00:00:00+00:00
[2024-04-23T22:57:06.457+0000] {processor.py:179} INFO - Processing /usr/local/python/3.10.13/lib/python3.10/site-packages/airflow/example_dags/example_dynamic_task_mapping.py took 0.076 seconds
[2024-04-23T22:58:02.218+0000] {processor.py:157} INFO - Started process (PID=44795) to work on /usr/local/python/3.10.13/lib/python3.10/site-packages/airflow/example_dags/example_dynamic_task_mapping.py
[2024-04-23T22:58:02.218+0000] {processor.py:826} INFO - Processing file /usr/local/python/3.10.13/lib/python3.10/site-packages/airflow/example_dags/example_dynamic_task_mapping.py for tasks to queue
[2024-04-23T22:58:02.219+0000] {logging_mixin.py:150} INFO - [2024-04-23T22:58:02.219+0000] {dagbag.py:541} INFO - Filling up the DagBag from /usr/local/python/3.10.13/lib/python3.10/site-packages/airflow/example_dags/example_dynamic_task_mapping.py
[2024-04-23T22:58:02.224+0000] {processor.py:836} INFO - DAG(s) dict_keys(['example_dynamic_task_mapping']) retrieved from /usr/local/python/3.10.13/lib/python3.10/site-packages/airflow/example_dags/example_dynamic_task_mapping.py
[2024-04-23T22:58:02.235+0000] {logging_mixin.py:150} INFO - [2024-04-23T22:58:02.235+0000] {dag.py:2742} INFO - Sync 1 DAGs
[2024-04-23T22:58:02.249+0000] {logging_mixin.py:150} INFO - [2024-04-23T22:58:02.249+0000] {dag.py:3504} INFO - Setting next_dagrun for example_dynamic_task_mapping to 2022-03-04T00:00:00+00:00, run_after=2022-03-05T00:00:00+00:00
[2024-04-23T22:58:02.286+0000] {processor.py:179} INFO - Processing /usr/local/python/3.10.13/lib/python3.10/site-packages/airflow/example_dags/example_dynamic_task_mapping.py took 0.071 seconds
[2024-04-23T22:58:53.843+0000] {processor.py:157} INFO - Started process (PID=45187) to work on /usr/local/python/3.10.13/lib/python3.10/site-packages/airflow/example_dags/example_dynamic_task_mapping.py
[2024-04-23T22:58:53.843+0000] {processor.py:826} INFO - Processing file /usr/local/python/3.10.13/lib/python3.10/site-packages/airflow/example_dags/example_dynamic_task_mapping.py for tasks to queue
[2024-04-23T22:58:53.844+0000] {logging_mixin.py:150} INFO - [2024-04-23T22:58:53.844+0000] {dagbag.py:541} INFO - Filling up the DagBag from /usr/local/python/3.10.13/lib/python3.10/site-packages/airflow/example_dags/example_dynamic_task_mapping.py
[2024-04-23T22:58:53.849+0000] {processor.py:836} INFO - DAG(s) dict_keys(['example_dynamic_task_mapping']) retrieved from /usr/local/python/3.10.13/lib/python3.10/site-packages/airflow/example_dags/example_dynamic_task_mapping.py
[2024-04-23T22:58:53.861+0000] {logging_mixin.py:150} INFO - [2024-04-23T22:58:53.860+0000] {dag.py:2742} INFO - Sync 1 DAGs
[2024-04-23T22:58:53.876+0000] {logging_mixin.py:150} INFO - [2024-04-23T22:58:53.876+0000] {dag.py:3504} INFO - Setting next_dagrun for example_dynamic_task_mapping to 2022-03-04T00:00:00+00:00, run_after=2022-03-05T00:00:00+00:00
[2024-04-23T22:58:53.913+0000] {processor.py:179} INFO - Processing /usr/local/python/3.10.13/lib/python3.10/site-packages/airflow/example_dags/example_dynamic_task_mapping.py took 0.072 seconds
[2024-04-23T22:59:41.441+0000] {processor.py:157} INFO - Started process (PID=45567) to work on /usr/local/python/3.10.13/lib/python3.10/site-packages/airflow/example_dags/example_dynamic_task_mapping.py
[2024-04-23T22:59:41.442+0000] {processor.py:826} INFO - Processing file /usr/local/python/3.10.13/lib/python3.10/site-packages/airflow/example_dags/example_dynamic_task_mapping.py for tasks to queue
[2024-04-23T22:59:41.442+0000] {logging_mixin.py:150} INFO - [2024-04-23T22:59:41.442+0000] {dagbag.py:541} INFO - Filling up the DagBag from /usr/local/python/3.10.13/lib/python3.10/site-packages/airflow/example_dags/example_dynamic_task_mapping.py
[2024-04-23T22:59:41.448+0000] {processor.py:836} INFO - DAG(s) dict_keys(['example_dynamic_task_mapping']) retrieved from /usr/local/python/3.10.13/lib/python3.10/site-packages/airflow/example_dags/example_dynamic_task_mapping.py
[2024-04-23T22:59:41.459+0000] {logging_mixin.py:150} INFO - [2024-04-23T22:59:41.459+0000] {dag.py:2742} INFO - Sync 1 DAGs
[2024-04-23T22:59:41.474+0000] {logging_mixin.py:150} INFO - [2024-04-23T22:59:41.474+0000] {dag.py:3504} INFO - Setting next_dagrun for example_dynamic_task_mapping to 2022-03-04T00:00:00+00:00, run_after=2022-03-05T00:00:00+00:00
[2024-04-23T22:59:41.515+0000] {processor.py:179} INFO - Processing /usr/local/python/3.10.13/lib/python3.10/site-packages/airflow/example_dags/example_dynamic_task_mapping.py took 0.076 seconds
