[2024-04-23T22:23:19.843+0000] {processor.py:157} INFO - Started process (PID=28632) to work on /usr/local/python/3.10.13/lib/python3.10/site-packages/airflow/example_dags/example_short_circuit_operator.py
[2024-04-23T22:23:19.844+0000] {processor.py:826} INFO - Processing file /usr/local/python/3.10.13/lib/python3.10/site-packages/airflow/example_dags/example_short_circuit_operator.py for tasks to queue
[2024-04-23T22:23:19.844+0000] {logging_mixin.py:150} INFO - [2024-04-23T22:23:19.844+0000] {dagbag.py:541} INFO - Filling up the DagBag from /usr/local/python/3.10.13/lib/python3.10/site-packages/airflow/example_dags/example_short_circuit_operator.py
[2024-04-23T22:23:19.853+0000] {processor.py:836} INFO - DAG(s) dict_keys(['example_short_circuit_operator']) retrieved from /usr/local/python/3.10.13/lib/python3.10/site-packages/airflow/example_dags/example_short_circuit_operator.py
[2024-04-23T22:23:19.990+0000] {logging_mixin.py:150} INFO - [2024-04-23T22:23:19.990+0000] {manager.py:504} INFO - Created Permission View: can delete on DAG:example_short_circuit_operator
[2024-04-23T22:23:20.022+0000] {logging_mixin.py:150} INFO - [2024-04-23T22:23:20.022+0000] {manager.py:504} INFO - Created Permission View: can edit on DAG:example_short_circuit_operator
[2024-04-23T22:23:20.051+0000] {logging_mixin.py:150} INFO - [2024-04-23T22:23:20.051+0000] {manager.py:504} INFO - Created Permission View: can read on DAG:example_short_circuit_operator
[2024-04-23T22:23:20.059+0000] {logging_mixin.py:150} INFO - [2024-04-23T22:23:20.059+0000] {dag.py:2742} INFO - Sync 1 DAGs
[2024-04-23T22:23:20.068+0000] {logging_mixin.py:150} INFO - [2024-04-23T22:23:20.068+0000] {dag.py:2763} INFO - Creating ORM DAG for example_short_circuit_operator
[2024-04-23T22:23:20.075+0000] {logging_mixin.py:150} INFO - [2024-04-23T22:23:20.075+0000] {dag.py:3504} INFO - Setting next_dagrun for example_short_circuit_operator to 2024-04-22T22:23:20.075027+00:00, run_after=2024-04-23T22:23:20.075027+00:00
[2024-04-23T22:23:20.119+0000] {processor.py:179} INFO - Processing /usr/local/python/3.10.13/lib/python3.10/site-packages/airflow/example_dags/example_short_circuit_operator.py took 0.277 seconds
[2024-04-23T22:24:14.317+0000] {processor.py:157} INFO - Started process (PID=29010) to work on /usr/local/python/3.10.13/lib/python3.10/site-packages/airflow/example_dags/example_short_circuit_operator.py
[2024-04-23T22:24:14.317+0000] {processor.py:826} INFO - Processing file /usr/local/python/3.10.13/lib/python3.10/site-packages/airflow/example_dags/example_short_circuit_operator.py for tasks to queue
[2024-04-23T22:24:14.318+0000] {logging_mixin.py:150} INFO - [2024-04-23T22:24:14.317+0000] {dagbag.py:541} INFO - Filling up the DagBag from /usr/local/python/3.10.13/lib/python3.10/site-packages/airflow/example_dags/example_short_circuit_operator.py
[2024-04-23T22:24:14.324+0000] {processor.py:836} INFO - DAG(s) dict_keys(['example_short_circuit_operator']) retrieved from /usr/local/python/3.10.13/lib/python3.10/site-packages/airflow/example_dags/example_short_circuit_operator.py
[2024-04-23T22:24:14.342+0000] {logging_mixin.py:150} INFO - [2024-04-23T22:24:14.342+0000] {dag.py:2742} INFO - Sync 1 DAGs
[2024-04-23T22:24:14.357+0000] {logging_mixin.py:150} INFO - [2024-04-23T22:24:14.357+0000] {dag.py:3504} INFO - Setting next_dagrun for example_short_circuit_operator to 2024-04-22T22:24:14.357481+00:00, run_after=2024-04-23T22:24:14.357481+00:00
[2024-04-23T22:24:14.401+0000] {processor.py:179} INFO - Processing /usr/local/python/3.10.13/lib/python3.10/site-packages/airflow/example_dags/example_short_circuit_operator.py took 0.086 seconds
[2024-04-23T22:24:54.998+0000] {processor.py:157} INFO - Started process (PID=29295) to work on /usr/local/python/3.10.13/lib/python3.10/site-packages/airflow/example_dags/example_short_circuit_operator.py
[2024-04-23T22:24:54.999+0000] {processor.py:826} INFO - Processing file /usr/local/python/3.10.13/lib/python3.10/site-packages/airflow/example_dags/example_short_circuit_operator.py for tasks to queue
[2024-04-23T22:24:55.000+0000] {logging_mixin.py:150} INFO - [2024-04-23T22:24:54.999+0000] {dagbag.py:541} INFO - Filling up the DagBag from /usr/local/python/3.10.13/lib/python3.10/site-packages/airflow/example_dags/example_short_circuit_operator.py
[2024-04-23T22:24:55.006+0000] {processor.py:836} INFO - DAG(s) dict_keys(['example_short_circuit_operator']) retrieved from /usr/local/python/3.10.13/lib/python3.10/site-packages/airflow/example_dags/example_short_circuit_operator.py
[2024-04-23T22:24:55.019+0000] {logging_mixin.py:150} INFO - [2024-04-23T22:24:55.019+0000] {dag.py:2742} INFO - Sync 1 DAGs
[2024-04-23T22:24:55.034+0000] {logging_mixin.py:150} INFO - [2024-04-23T22:24:55.034+0000] {dag.py:3504} INFO - Setting next_dagrun for example_short_circuit_operator to 2024-04-22T22:24:55.033952+00:00, run_after=2024-04-23T22:24:55.033952+00:00
[2024-04-23T22:24:55.074+0000] {processor.py:179} INFO - Processing /usr/local/python/3.10.13/lib/python3.10/site-packages/airflow/example_dags/example_short_circuit_operator.py took 0.078 seconds
[2024-04-23T22:25:40.839+0000] {processor.py:157} INFO - Started process (PID=29601) to work on /usr/local/python/3.10.13/lib/python3.10/site-packages/airflow/example_dags/example_short_circuit_operator.py
[2024-04-23T22:25:40.839+0000] {processor.py:826} INFO - Processing file /usr/local/python/3.10.13/lib/python3.10/site-packages/airflow/example_dags/example_short_circuit_operator.py for tasks to queue
[2024-04-23T22:25:40.840+0000] {logging_mixin.py:150} INFO - [2024-04-23T22:25:40.840+0000] {dagbag.py:541} INFO - Filling up the DagBag from /usr/local/python/3.10.13/lib/python3.10/site-packages/airflow/example_dags/example_short_circuit_operator.py
[2024-04-23T22:25:40.846+0000] {processor.py:836} INFO - DAG(s) dict_keys(['example_short_circuit_operator']) retrieved from /usr/local/python/3.10.13/lib/python3.10/site-packages/airflow/example_dags/example_short_circuit_operator.py
[2024-04-23T22:25:40.859+0000] {logging_mixin.py:150} INFO - [2024-04-23T22:25:40.859+0000] {dag.py:2742} INFO - Sync 1 DAGs
[2024-04-23T22:25:40.874+0000] {logging_mixin.py:150} INFO - [2024-04-23T22:25:40.874+0000] {dag.py:3504} INFO - Setting next_dagrun for example_short_circuit_operator to 2024-04-22T22:25:40.874453+00:00, run_after=2024-04-23T22:25:40.874453+00:00
[2024-04-23T22:25:40.912+0000] {processor.py:179} INFO - Processing /usr/local/python/3.10.13/lib/python3.10/site-packages/airflow/example_dags/example_short_circuit_operator.py took 0.075 seconds
[2024-04-23T22:26:30.459+0000] {processor.py:157} INFO - Started process (PID=29956) to work on /usr/local/python/3.10.13/lib/python3.10/site-packages/airflow/example_dags/example_short_circuit_operator.py
[2024-04-23T22:26:30.460+0000] {processor.py:826} INFO - Processing file /usr/local/python/3.10.13/lib/python3.10/site-packages/airflow/example_dags/example_short_circuit_operator.py for tasks to queue
[2024-04-23T22:26:30.461+0000] {logging_mixin.py:150} INFO - [2024-04-23T22:26:30.460+0000] {dagbag.py:541} INFO - Filling up the DagBag from /usr/local/python/3.10.13/lib/python3.10/site-packages/airflow/example_dags/example_short_circuit_operator.py
[2024-04-23T22:26:30.467+0000] {processor.py:836} INFO - DAG(s) dict_keys(['example_short_circuit_operator']) retrieved from /usr/local/python/3.10.13/lib/python3.10/site-packages/airflow/example_dags/example_short_circuit_operator.py
[2024-04-23T22:26:30.481+0000] {logging_mixin.py:150} INFO - [2024-04-23T22:26:30.480+0000] {dag.py:2742} INFO - Sync 1 DAGs
[2024-04-23T22:26:30.495+0000] {logging_mixin.py:150} INFO - [2024-04-23T22:26:30.495+0000] {dag.py:3504} INFO - Setting next_dagrun for example_short_circuit_operator to 2024-04-22T22:26:30.495583+00:00, run_after=2024-04-23T22:26:30.495583+00:00
[2024-04-23T22:26:30.534+0000] {processor.py:179} INFO - Processing /usr/local/python/3.10.13/lib/python3.10/site-packages/airflow/example_dags/example_short_circuit_operator.py took 0.077 seconds
[2024-04-23T22:27:15.949+0000] {processor.py:157} INFO - Started process (PID=30296) to work on /usr/local/python/3.10.13/lib/python3.10/site-packages/airflow/example_dags/example_short_circuit_operator.py
[2024-04-23T22:27:15.950+0000] {processor.py:826} INFO - Processing file /usr/local/python/3.10.13/lib/python3.10/site-packages/airflow/example_dags/example_short_circuit_operator.py for tasks to queue
[2024-04-23T22:27:15.951+0000] {logging_mixin.py:150} INFO - [2024-04-23T22:27:15.950+0000] {dagbag.py:541} INFO - Filling up the DagBag from /usr/local/python/3.10.13/lib/python3.10/site-packages/airflow/example_dags/example_short_circuit_operator.py
[2024-04-23T22:27:15.958+0000] {processor.py:836} INFO - DAG(s) dict_keys(['example_short_circuit_operator']) retrieved from /usr/local/python/3.10.13/lib/python3.10/site-packages/airflow/example_dags/example_short_circuit_operator.py
[2024-04-23T22:27:15.972+0000] {logging_mixin.py:150} INFO - [2024-04-23T22:27:15.971+0000] {dag.py:2742} INFO - Sync 1 DAGs
[2024-04-23T22:27:15.987+0000] {logging_mixin.py:150} INFO - [2024-04-23T22:27:15.987+0000] {dag.py:3504} INFO - Setting next_dagrun for example_short_circuit_operator to 2024-04-22T22:27:15.986842+00:00, run_after=2024-04-23T22:27:15.986842+00:00
[2024-04-23T22:27:16.026+0000] {processor.py:179} INFO - Processing /usr/local/python/3.10.13/lib/python3.10/site-packages/airflow/example_dags/example_short_circuit_operator.py took 0.079 seconds
[2024-04-23T22:28:04.742+0000] {processor.py:157} INFO - Started process (PID=30821) to work on /usr/local/python/3.10.13/lib/python3.10/site-packages/airflow/example_dags/example_short_circuit_operator.py
[2024-04-23T22:28:04.743+0000] {processor.py:826} INFO - Processing file /usr/local/python/3.10.13/lib/python3.10/site-packages/airflow/example_dags/example_short_circuit_operator.py for tasks to queue
[2024-04-23T22:28:04.743+0000] {logging_mixin.py:150} INFO - [2024-04-23T22:28:04.743+0000] {dagbag.py:541} INFO - Filling up the DagBag from /usr/local/python/3.10.13/lib/python3.10/site-packages/airflow/example_dags/example_short_circuit_operator.py
[2024-04-23T22:28:04.750+0000] {processor.py:836} INFO - DAG(s) dict_keys(['example_short_circuit_operator']) retrieved from /usr/local/python/3.10.13/lib/python3.10/site-packages/airflow/example_dags/example_short_circuit_operator.py
[2024-04-23T22:28:04.765+0000] {logging_mixin.py:150} INFO - [2024-04-23T22:28:04.764+0000] {dag.py:2742} INFO - Sync 1 DAGs
[2024-04-23T22:28:04.780+0000] {logging_mixin.py:150} INFO - [2024-04-23T22:28:04.780+0000] {dag.py:3504} INFO - Setting next_dagrun for example_short_circuit_operator to 2024-04-22T22:28:04.780271+00:00, run_after=2024-04-23T22:28:04.780271+00:00
[2024-04-23T22:28:04.817+0000] {processor.py:179} INFO - Processing /usr/local/python/3.10.13/lib/python3.10/site-packages/airflow/example_dags/example_short_circuit_operator.py took 0.077 seconds
[2024-04-23T22:28:48.905+0000] {processor.py:157} INFO - Started process (PID=31607) to work on /usr/local/python/3.10.13/lib/python3.10/site-packages/airflow/example_dags/example_short_circuit_operator.py
[2024-04-23T22:28:48.906+0000] {processor.py:826} INFO - Processing file /usr/local/python/3.10.13/lib/python3.10/site-packages/airflow/example_dags/example_short_circuit_operator.py for tasks to queue
[2024-04-23T22:28:48.906+0000] {logging_mixin.py:150} INFO - [2024-04-23T22:28:48.906+0000] {dagbag.py:541} INFO - Filling up the DagBag from /usr/local/python/3.10.13/lib/python3.10/site-packages/airflow/example_dags/example_short_circuit_operator.py
[2024-04-23T22:28:48.913+0000] {processor.py:836} INFO - DAG(s) dict_keys(['example_short_circuit_operator']) retrieved from /usr/local/python/3.10.13/lib/python3.10/site-packages/airflow/example_dags/example_short_circuit_operator.py
[2024-04-23T22:28:48.927+0000] {logging_mixin.py:150} INFO - [2024-04-23T22:28:48.927+0000] {dag.py:2742} INFO - Sync 1 DAGs
[2024-04-23T22:28:48.948+0000] {logging_mixin.py:150} INFO - [2024-04-23T22:28:48.948+0000] {dag.py:3504} INFO - Setting next_dagrun for example_short_circuit_operator to 2024-04-22T22:28:48.948155+00:00, run_after=2024-04-23T22:28:48.948155+00:00
[2024-04-23T22:28:48.985+0000] {processor.py:179} INFO - Processing /usr/local/python/3.10.13/lib/python3.10/site-packages/airflow/example_dags/example_short_circuit_operator.py took 0.082 seconds
[2024-04-23T22:29:35.404+0000] {processor.py:157} INFO - Started process (PID=31948) to work on /usr/local/python/3.10.13/lib/python3.10/site-packages/airflow/example_dags/example_short_circuit_operator.py
[2024-04-23T22:29:35.405+0000] {processor.py:826} INFO - Processing file /usr/local/python/3.10.13/lib/python3.10/site-packages/airflow/example_dags/example_short_circuit_operator.py for tasks to queue
[2024-04-23T22:29:35.406+0000] {logging_mixin.py:150} INFO - [2024-04-23T22:29:35.405+0000] {dagbag.py:541} INFO - Filling up the DagBag from /usr/local/python/3.10.13/lib/python3.10/site-packages/airflow/example_dags/example_short_circuit_operator.py
[2024-04-23T22:29:35.412+0000] {processor.py:836} INFO - DAG(s) dict_keys(['example_short_circuit_operator']) retrieved from /usr/local/python/3.10.13/lib/python3.10/site-packages/airflow/example_dags/example_short_circuit_operator.py
[2024-04-23T22:29:35.425+0000] {logging_mixin.py:150} INFO - [2024-04-23T22:29:35.425+0000] {dag.py:2742} INFO - Sync 1 DAGs
[2024-04-23T22:29:35.440+0000] {logging_mixin.py:150} INFO - [2024-04-23T22:29:35.440+0000] {dag.py:3504} INFO - Setting next_dagrun for example_short_circuit_operator to 2024-04-22T22:29:35.440500+00:00, run_after=2024-04-23T22:29:35.440500+00:00
[2024-04-23T22:29:35.480+0000] {processor.py:179} INFO - Processing /usr/local/python/3.10.13/lib/python3.10/site-packages/airflow/example_dags/example_short_circuit_operator.py took 0.077 seconds
[2024-04-23T22:30:27.259+0000] {processor.py:157} INFO - Started process (PID=32349) to work on /usr/local/python/3.10.13/lib/python3.10/site-packages/airflow/example_dags/example_short_circuit_operator.py
[2024-04-23T22:30:27.259+0000] {processor.py:826} INFO - Processing file /usr/local/python/3.10.13/lib/python3.10/site-packages/airflow/example_dags/example_short_circuit_operator.py for tasks to queue
[2024-04-23T22:30:27.260+0000] {logging_mixin.py:150} INFO - [2024-04-23T22:30:27.260+0000] {dagbag.py:541} INFO - Filling up the DagBag from /usr/local/python/3.10.13/lib/python3.10/site-packages/airflow/example_dags/example_short_circuit_operator.py
[2024-04-23T22:30:27.266+0000] {processor.py:836} INFO - DAG(s) dict_keys(['example_short_circuit_operator']) retrieved from /usr/local/python/3.10.13/lib/python3.10/site-packages/airflow/example_dags/example_short_circuit_operator.py
[2024-04-23T22:30:27.280+0000] {logging_mixin.py:150} INFO - [2024-04-23T22:30:27.280+0000] {dag.py:2742} INFO - Sync 1 DAGs
[2024-04-23T22:30:27.295+0000] {logging_mixin.py:150} INFO - [2024-04-23T22:30:27.295+0000] {dag.py:3504} INFO - Setting next_dagrun for example_short_circuit_operator to 2024-04-22T22:30:27.294864+00:00, run_after=2024-04-23T22:30:27.294864+00:00
[2024-04-23T22:30:27.332+0000] {processor.py:179} INFO - Processing /usr/local/python/3.10.13/lib/python3.10/site-packages/airflow/example_dags/example_short_circuit_operator.py took 0.076 seconds
[2024-04-23T22:31:21.184+0000] {processor.py:157} INFO - Started process (PID=32759) to work on /usr/local/python/3.10.13/lib/python3.10/site-packages/airflow/example_dags/example_short_circuit_operator.py
[2024-04-23T22:31:21.185+0000] {processor.py:826} INFO - Processing file /usr/local/python/3.10.13/lib/python3.10/site-packages/airflow/example_dags/example_short_circuit_operator.py for tasks to queue
[2024-04-23T22:31:21.186+0000] {logging_mixin.py:150} INFO - [2024-04-23T22:31:21.186+0000] {dagbag.py:541} INFO - Filling up the DagBag from /usr/local/python/3.10.13/lib/python3.10/site-packages/airflow/example_dags/example_short_circuit_operator.py
[2024-04-23T22:31:21.193+0000] {processor.py:836} INFO - DAG(s) dict_keys(['example_short_circuit_operator']) retrieved from /usr/local/python/3.10.13/lib/python3.10/site-packages/airflow/example_dags/example_short_circuit_operator.py
[2024-04-23T22:31:21.209+0000] {logging_mixin.py:150} INFO - [2024-04-23T22:31:21.208+0000] {dag.py:2742} INFO - Sync 1 DAGs
[2024-04-23T22:31:21.224+0000] {logging_mixin.py:150} INFO - [2024-04-23T22:31:21.224+0000] {dag.py:3504} INFO - Setting next_dagrun for example_short_circuit_operator to 2024-04-22T22:31:21.223967+00:00, run_after=2024-04-23T22:31:21.223967+00:00
[2024-04-23T22:31:21.262+0000] {processor.py:179} INFO - Processing /usr/local/python/3.10.13/lib/python3.10/site-packages/airflow/example_dags/example_short_circuit_operator.py took 0.080 seconds
[2024-04-23T22:32:14.279+0000] {processor.py:157} INFO - Started process (PID=33155) to work on /usr/local/python/3.10.13/lib/python3.10/site-packages/airflow/example_dags/example_short_circuit_operator.py
[2024-04-23T22:32:14.279+0000] {processor.py:826} INFO - Processing file /usr/local/python/3.10.13/lib/python3.10/site-packages/airflow/example_dags/example_short_circuit_operator.py for tasks to queue
[2024-04-23T22:32:14.280+0000] {logging_mixin.py:150} INFO - [2024-04-23T22:32:14.280+0000] {dagbag.py:541} INFO - Filling up the DagBag from /usr/local/python/3.10.13/lib/python3.10/site-packages/airflow/example_dags/example_short_circuit_operator.py
[2024-04-23T22:32:14.286+0000] {processor.py:836} INFO - DAG(s) dict_keys(['example_short_circuit_operator']) retrieved from /usr/local/python/3.10.13/lib/python3.10/site-packages/airflow/example_dags/example_short_circuit_operator.py
[2024-04-23T22:32:14.300+0000] {logging_mixin.py:150} INFO - [2024-04-23T22:32:14.300+0000] {dag.py:2742} INFO - Sync 1 DAGs
[2024-04-23T22:32:14.314+0000] {logging_mixin.py:150} INFO - [2024-04-23T22:32:14.314+0000] {dag.py:3504} INFO - Setting next_dagrun for example_short_circuit_operator to 2024-04-22T22:32:14.314629+00:00, run_after=2024-04-23T22:32:14.314629+00:00
[2024-04-23T22:32:14.352+0000] {processor.py:179} INFO - Processing /usr/local/python/3.10.13/lib/python3.10/site-packages/airflow/example_dags/example_short_circuit_operator.py took 0.076 seconds
[2024-04-23T22:33:04.417+0000] {processor.py:157} INFO - Started process (PID=33533) to work on /usr/local/python/3.10.13/lib/python3.10/site-packages/airflow/example_dags/example_short_circuit_operator.py
[2024-04-23T22:33:04.418+0000] {processor.py:826} INFO - Processing file /usr/local/python/3.10.13/lib/python3.10/site-packages/airflow/example_dags/example_short_circuit_operator.py for tasks to queue
[2024-04-23T22:33:04.418+0000] {logging_mixin.py:150} INFO - [2024-04-23T22:33:04.418+0000] {dagbag.py:541} INFO - Filling up the DagBag from /usr/local/python/3.10.13/lib/python3.10/site-packages/airflow/example_dags/example_short_circuit_operator.py
[2024-04-23T22:33:04.424+0000] {processor.py:836} INFO - DAG(s) dict_keys(['example_short_circuit_operator']) retrieved from /usr/local/python/3.10.13/lib/python3.10/site-packages/airflow/example_dags/example_short_circuit_operator.py
[2024-04-23T22:33:04.438+0000] {logging_mixin.py:150} INFO - [2024-04-23T22:33:04.438+0000] {dag.py:2742} INFO - Sync 1 DAGs
[2024-04-23T22:33:04.453+0000] {logging_mixin.py:150} INFO - [2024-04-23T22:33:04.452+0000] {dag.py:3504} INFO - Setting next_dagrun for example_short_circuit_operator to 2024-04-22T22:33:04.452790+00:00, run_after=2024-04-23T22:33:04.452790+00:00
[2024-04-23T22:33:04.491+0000] {processor.py:179} INFO - Processing /usr/local/python/3.10.13/lib/python3.10/site-packages/airflow/example_dags/example_short_circuit_operator.py took 0.077 seconds
[2024-04-23T22:33:55.972+0000] {processor.py:157} INFO - Started process (PID=33931) to work on /usr/local/python/3.10.13/lib/python3.10/site-packages/airflow/example_dags/example_short_circuit_operator.py
[2024-04-23T22:33:55.972+0000] {processor.py:826} INFO - Processing file /usr/local/python/3.10.13/lib/python3.10/site-packages/airflow/example_dags/example_short_circuit_operator.py for tasks to queue
[2024-04-23T22:33:55.973+0000] {logging_mixin.py:150} INFO - [2024-04-23T22:33:55.973+0000] {dagbag.py:541} INFO - Filling up the DagBag from /usr/local/python/3.10.13/lib/python3.10/site-packages/airflow/example_dags/example_short_circuit_operator.py
[2024-04-23T22:33:55.979+0000] {processor.py:836} INFO - DAG(s) dict_keys(['example_short_circuit_operator']) retrieved from /usr/local/python/3.10.13/lib/python3.10/site-packages/airflow/example_dags/example_short_circuit_operator.py
[2024-04-23T22:33:55.995+0000] {logging_mixin.py:150} INFO - [2024-04-23T22:33:55.995+0000] {dag.py:2742} INFO - Sync 1 DAGs
[2024-04-23T22:33:56.010+0000] {logging_mixin.py:150} INFO - [2024-04-23T22:33:56.010+0000] {dag.py:3504} INFO - Setting next_dagrun for example_short_circuit_operator to 2024-04-22T22:33:56.010300+00:00, run_after=2024-04-23T22:33:56.010300+00:00
[2024-04-23T22:33:56.050+0000] {processor.py:179} INFO - Processing /usr/local/python/3.10.13/lib/python3.10/site-packages/airflow/example_dags/example_short_circuit_operator.py took 0.081 seconds
[2024-04-23T22:34:33.374+0000] {processor.py:157} INFO - Started process (PID=34219) to work on /usr/local/python/3.10.13/lib/python3.10/site-packages/airflow/example_dags/example_short_circuit_operator.py
[2024-04-23T22:34:33.374+0000] {processor.py:826} INFO - Processing file /usr/local/python/3.10.13/lib/python3.10/site-packages/airflow/example_dags/example_short_circuit_operator.py for tasks to queue
[2024-04-23T22:34:33.375+0000] {logging_mixin.py:150} INFO - [2024-04-23T22:34:33.375+0000] {dagbag.py:541} INFO - Filling up the DagBag from /usr/local/python/3.10.13/lib/python3.10/site-packages/airflow/example_dags/example_short_circuit_operator.py
[2024-04-23T22:34:33.381+0000] {processor.py:836} INFO - DAG(s) dict_keys(['example_short_circuit_operator']) retrieved from /usr/local/python/3.10.13/lib/python3.10/site-packages/airflow/example_dags/example_short_circuit_operator.py
[2024-04-23T22:34:33.399+0000] {logging_mixin.py:150} INFO - [2024-04-23T22:34:33.398+0000] {dag.py:2742} INFO - Sync 1 DAGs
[2024-04-23T22:34:33.416+0000] {logging_mixin.py:150} INFO - [2024-04-23T22:34:33.416+0000] {dag.py:3504} INFO - Setting next_dagrun for example_short_circuit_operator to 2024-04-22T22:34:33.416248+00:00, run_after=2024-04-23T22:34:33.416248+00:00
[2024-04-23T22:34:33.457+0000] {processor.py:179} INFO - Processing /usr/local/python/3.10.13/lib/python3.10/site-packages/airflow/example_dags/example_short_circuit_operator.py took 0.086 seconds
[2024-04-23T22:35:24.080+0000] {processor.py:157} INFO - Started process (PID=34705) to work on /usr/local/python/3.10.13/lib/python3.10/site-packages/airflow/example_dags/example_short_circuit_operator.py
[2024-04-23T22:35:24.080+0000] {processor.py:826} INFO - Processing file /usr/local/python/3.10.13/lib/python3.10/site-packages/airflow/example_dags/example_short_circuit_operator.py for tasks to queue
[2024-04-23T22:35:24.081+0000] {logging_mixin.py:150} INFO - [2024-04-23T22:35:24.081+0000] {dagbag.py:541} INFO - Filling up the DagBag from /usr/local/python/3.10.13/lib/python3.10/site-packages/airflow/example_dags/example_short_circuit_operator.py
[2024-04-23T22:35:24.090+0000] {processor.py:836} INFO - DAG(s) dict_keys(['example_short_circuit_operator']) retrieved from /usr/local/python/3.10.13/lib/python3.10/site-packages/airflow/example_dags/example_short_circuit_operator.py
[2024-04-23T22:35:24.107+0000] {logging_mixin.py:150} INFO - [2024-04-23T22:35:24.107+0000] {dag.py:2742} INFO - Sync 1 DAGs
[2024-04-23T22:35:24.124+0000] {logging_mixin.py:150} INFO - [2024-04-23T22:35:24.124+0000] {dag.py:3504} INFO - Setting next_dagrun for example_short_circuit_operator to 2024-04-22T22:35:24.124086+00:00, run_after=2024-04-23T22:35:24.124086+00:00
[2024-04-23T22:35:24.161+0000] {processor.py:179} INFO - Processing /usr/local/python/3.10.13/lib/python3.10/site-packages/airflow/example_dags/example_short_circuit_operator.py took 0.084 seconds
[2024-04-23T22:36:12.703+0000] {processor.py:157} INFO - Started process (PID=35070) to work on /usr/local/python/3.10.13/lib/python3.10/site-packages/airflow/example_dags/example_short_circuit_operator.py
[2024-04-23T22:36:12.703+0000] {processor.py:826} INFO - Processing file /usr/local/python/3.10.13/lib/python3.10/site-packages/airflow/example_dags/example_short_circuit_operator.py for tasks to queue
[2024-04-23T22:36:12.704+0000] {logging_mixin.py:150} INFO - [2024-04-23T22:36:12.704+0000] {dagbag.py:541} INFO - Filling up the DagBag from /usr/local/python/3.10.13/lib/python3.10/site-packages/airflow/example_dags/example_short_circuit_operator.py
[2024-04-23T22:36:12.710+0000] {processor.py:836} INFO - DAG(s) dict_keys(['example_short_circuit_operator']) retrieved from /usr/local/python/3.10.13/lib/python3.10/site-packages/airflow/example_dags/example_short_circuit_operator.py
[2024-04-23T22:36:12.724+0000] {logging_mixin.py:150} INFO - [2024-04-23T22:36:12.724+0000] {dag.py:2742} INFO - Sync 1 DAGs
[2024-04-23T22:36:12.741+0000] {logging_mixin.py:150} INFO - [2024-04-23T22:36:12.740+0000] {dag.py:3504} INFO - Setting next_dagrun for example_short_circuit_operator to 2024-04-22T22:36:12.740697+00:00, run_after=2024-04-23T22:36:12.740697+00:00
[2024-04-23T22:36:12.780+0000] {processor.py:179} INFO - Processing /usr/local/python/3.10.13/lib/python3.10/site-packages/airflow/example_dags/example_short_circuit_operator.py took 0.079 seconds
[2024-04-23T22:37:06.315+0000] {processor.py:157} INFO - Started process (PID=35492) to work on /usr/local/python/3.10.13/lib/python3.10/site-packages/airflow/example_dags/example_short_circuit_operator.py
[2024-04-23T22:37:06.316+0000] {processor.py:826} INFO - Processing file /usr/local/python/3.10.13/lib/python3.10/site-packages/airflow/example_dags/example_short_circuit_operator.py for tasks to queue
[2024-04-23T22:37:06.316+0000] {logging_mixin.py:150} INFO - [2024-04-23T22:37:06.316+0000] {dagbag.py:541} INFO - Filling up the DagBag from /usr/local/python/3.10.13/lib/python3.10/site-packages/airflow/example_dags/example_short_circuit_operator.py
[2024-04-23T22:37:06.322+0000] {processor.py:836} INFO - DAG(s) dict_keys(['example_short_circuit_operator']) retrieved from /usr/local/python/3.10.13/lib/python3.10/site-packages/airflow/example_dags/example_short_circuit_operator.py
[2024-04-23T22:37:06.336+0000] {logging_mixin.py:150} INFO - [2024-04-23T22:37:06.336+0000] {dag.py:2742} INFO - Sync 1 DAGs
[2024-04-23T22:37:06.351+0000] {logging_mixin.py:150} INFO - [2024-04-23T22:37:06.350+0000] {dag.py:3504} INFO - Setting next_dagrun for example_short_circuit_operator to 2024-04-22T22:37:06.350814+00:00, run_after=2024-04-23T22:37:06.350814+00:00
[2024-04-23T22:37:06.387+0000] {processor.py:179} INFO - Processing /usr/local/python/3.10.13/lib/python3.10/site-packages/airflow/example_dags/example_short_circuit_operator.py took 0.074 seconds
[2024-04-23T22:37:41.077+0000] {processor.py:157} INFO - Started process (PID=35739) to work on /usr/local/python/3.10.13/lib/python3.10/site-packages/airflow/example_dags/example_short_circuit_operator.py
[2024-04-23T22:37:41.077+0000] {processor.py:826} INFO - Processing file /usr/local/python/3.10.13/lib/python3.10/site-packages/airflow/example_dags/example_short_circuit_operator.py for tasks to queue
[2024-04-23T22:37:41.078+0000] {logging_mixin.py:150} INFO - [2024-04-23T22:37:41.078+0000] {dagbag.py:541} INFO - Filling up the DagBag from /usr/local/python/3.10.13/lib/python3.10/site-packages/airflow/example_dags/example_short_circuit_operator.py
[2024-04-23T22:37:41.086+0000] {processor.py:836} INFO - DAG(s) dict_keys(['example_short_circuit_operator']) retrieved from /usr/local/python/3.10.13/lib/python3.10/site-packages/airflow/example_dags/example_short_circuit_operator.py
[2024-04-23T22:37:41.100+0000] {logging_mixin.py:150} INFO - [2024-04-23T22:37:41.099+0000] {dag.py:2742} INFO - Sync 1 DAGs
[2024-04-23T22:37:41.115+0000] {logging_mixin.py:150} INFO - [2024-04-23T22:37:41.115+0000] {dag.py:3504} INFO - Setting next_dagrun for example_short_circuit_operator to 2024-04-22T22:37:41.114990+00:00, run_after=2024-04-23T22:37:41.114990+00:00
[2024-04-23T22:37:41.153+0000] {processor.py:179} INFO - Processing /usr/local/python/3.10.13/lib/python3.10/site-packages/airflow/example_dags/example_short_circuit_operator.py took 0.078 seconds
[2024-04-23T22:38:30.740+0000] {processor.py:157} INFO - Started process (PID=36112) to work on /usr/local/python/3.10.13/lib/python3.10/site-packages/airflow/example_dags/example_short_circuit_operator.py
[2024-04-23T22:38:30.741+0000] {processor.py:826} INFO - Processing file /usr/local/python/3.10.13/lib/python3.10/site-packages/airflow/example_dags/example_short_circuit_operator.py for tasks to queue
[2024-04-23T22:38:30.742+0000] {logging_mixin.py:150} INFO - [2024-04-23T22:38:30.742+0000] {dagbag.py:541} INFO - Filling up the DagBag from /usr/local/python/3.10.13/lib/python3.10/site-packages/airflow/example_dags/example_short_circuit_operator.py
[2024-04-23T22:38:30.751+0000] {processor.py:836} INFO - DAG(s) dict_keys(['example_short_circuit_operator']) retrieved from /usr/local/python/3.10.13/lib/python3.10/site-packages/airflow/example_dags/example_short_circuit_operator.py
[2024-04-23T22:38:30.768+0000] {logging_mixin.py:150} INFO - [2024-04-23T22:38:30.768+0000] {dag.py:2742} INFO - Sync 1 DAGs
[2024-04-23T22:38:30.783+0000] {logging_mixin.py:150} INFO - [2024-04-23T22:38:30.783+0000] {dag.py:3504} INFO - Setting next_dagrun for example_short_circuit_operator to 2024-04-22T22:38:30.783459+00:00, run_after=2024-04-23T22:38:30.783459+00:00
[2024-04-23T22:38:30.821+0000] {processor.py:179} INFO - Processing /usr/local/python/3.10.13/lib/python3.10/site-packages/airflow/example_dags/example_short_circuit_operator.py took 0.083 seconds
[2024-04-23T22:39:21.547+0000] {processor.py:157} INFO - Started process (PID=36516) to work on /usr/local/python/3.10.13/lib/python3.10/site-packages/airflow/example_dags/example_short_circuit_operator.py
[2024-04-23T22:39:21.548+0000] {processor.py:826} INFO - Processing file /usr/local/python/3.10.13/lib/python3.10/site-packages/airflow/example_dags/example_short_circuit_operator.py for tasks to queue
[2024-04-23T22:39:21.549+0000] {logging_mixin.py:150} INFO - [2024-04-23T22:39:21.548+0000] {dagbag.py:541} INFO - Filling up the DagBag from /usr/local/python/3.10.13/lib/python3.10/site-packages/airflow/example_dags/example_short_circuit_operator.py
[2024-04-23T22:39:21.555+0000] {processor.py:836} INFO - DAG(s) dict_keys(['example_short_circuit_operator']) retrieved from /usr/local/python/3.10.13/lib/python3.10/site-packages/airflow/example_dags/example_short_circuit_operator.py
[2024-04-23T22:39:21.572+0000] {logging_mixin.py:150} INFO - [2024-04-23T22:39:21.572+0000] {dag.py:2742} INFO - Sync 1 DAGs
[2024-04-23T22:39:21.588+0000] {logging_mixin.py:150} INFO - [2024-04-23T22:39:21.588+0000] {dag.py:3504} INFO - Setting next_dagrun for example_short_circuit_operator to 2024-04-22T22:39:21.587981+00:00, run_after=2024-04-23T22:39:21.587981+00:00
[2024-04-23T22:39:21.630+0000] {processor.py:179} INFO - Processing /usr/local/python/3.10.13/lib/python3.10/site-packages/airflow/example_dags/example_short_circuit_operator.py took 0.085 seconds
[2024-04-23T22:40:12.751+0000] {processor.py:157} INFO - Started process (PID=36894) to work on /usr/local/python/3.10.13/lib/python3.10/site-packages/airflow/example_dags/example_short_circuit_operator.py
[2024-04-23T22:40:12.751+0000] {processor.py:826} INFO - Processing file /usr/local/python/3.10.13/lib/python3.10/site-packages/airflow/example_dags/example_short_circuit_operator.py for tasks to queue
[2024-04-23T22:40:12.752+0000] {logging_mixin.py:150} INFO - [2024-04-23T22:40:12.752+0000] {dagbag.py:541} INFO - Filling up the DagBag from /usr/local/python/3.10.13/lib/python3.10/site-packages/airflow/example_dags/example_short_circuit_operator.py
[2024-04-23T22:40:12.758+0000] {processor.py:836} INFO - DAG(s) dict_keys(['example_short_circuit_operator']) retrieved from /usr/local/python/3.10.13/lib/python3.10/site-packages/airflow/example_dags/example_short_circuit_operator.py
[2024-04-23T22:40:12.773+0000] {logging_mixin.py:150} INFO - [2024-04-23T22:40:12.773+0000] {dag.py:2742} INFO - Sync 1 DAGs
[2024-04-23T22:40:12.789+0000] {logging_mixin.py:150} INFO - [2024-04-23T22:40:12.789+0000] {dag.py:3504} INFO - Setting next_dagrun for example_short_circuit_operator to 2024-04-22T22:40:12.789388+00:00, run_after=2024-04-23T22:40:12.789388+00:00
[2024-04-23T22:40:12.827+0000] {processor.py:179} INFO - Processing /usr/local/python/3.10.13/lib/python3.10/site-packages/airflow/example_dags/example_short_circuit_operator.py took 0.079 seconds
[2024-04-23T22:40:50.642+0000] {processor.py:157} INFO - Started process (PID=37184) to work on /usr/local/python/3.10.13/lib/python3.10/site-packages/airflow/example_dags/example_short_circuit_operator.py
[2024-04-23T22:40:50.643+0000] {processor.py:826} INFO - Processing file /usr/local/python/3.10.13/lib/python3.10/site-packages/airflow/example_dags/example_short_circuit_operator.py for tasks to queue
[2024-04-23T22:40:50.643+0000] {logging_mixin.py:150} INFO - [2024-04-23T22:40:50.643+0000] {dagbag.py:541} INFO - Filling up the DagBag from /usr/local/python/3.10.13/lib/python3.10/site-packages/airflow/example_dags/example_short_circuit_operator.py
[2024-04-23T22:40:50.649+0000] {processor.py:836} INFO - DAG(s) dict_keys(['example_short_circuit_operator']) retrieved from /usr/local/python/3.10.13/lib/python3.10/site-packages/airflow/example_dags/example_short_circuit_operator.py
[2024-04-23T22:40:50.663+0000] {logging_mixin.py:150} INFO - [2024-04-23T22:40:50.663+0000] {dag.py:2742} INFO - Sync 1 DAGs
[2024-04-23T22:40:50.678+0000] {logging_mixin.py:150} INFO - [2024-04-23T22:40:50.678+0000] {dag.py:3504} INFO - Setting next_dagrun for example_short_circuit_operator to 2024-04-22T22:40:50.677853+00:00, run_after=2024-04-23T22:40:50.677853+00:00
[2024-04-23T22:40:50.717+0000] {processor.py:179} INFO - Processing /usr/local/python/3.10.13/lib/python3.10/site-packages/airflow/example_dags/example_short_circuit_operator.py took 0.077 seconds
[2024-04-23T22:41:28.313+0000] {processor.py:157} INFO - Started process (PID=37455) to work on /usr/local/python/3.10.13/lib/python3.10/site-packages/airflow/example_dags/example_short_circuit_operator.py
[2024-04-23T22:41:28.313+0000] {processor.py:826} INFO - Processing file /usr/local/python/3.10.13/lib/python3.10/site-packages/airflow/example_dags/example_short_circuit_operator.py for tasks to queue
[2024-04-23T22:41:28.314+0000] {logging_mixin.py:150} INFO - [2024-04-23T22:41:28.314+0000] {dagbag.py:541} INFO - Filling up the DagBag from /usr/local/python/3.10.13/lib/python3.10/site-packages/airflow/example_dags/example_short_circuit_operator.py
[2024-04-23T22:41:28.320+0000] {processor.py:836} INFO - DAG(s) dict_keys(['example_short_circuit_operator']) retrieved from /usr/local/python/3.10.13/lib/python3.10/site-packages/airflow/example_dags/example_short_circuit_operator.py
[2024-04-23T22:41:28.335+0000] {logging_mixin.py:150} INFO - [2024-04-23T22:41:28.334+0000] {dag.py:2742} INFO - Sync 1 DAGs
[2024-04-23T22:41:28.350+0000] {logging_mixin.py:150} INFO - [2024-04-23T22:41:28.350+0000] {dag.py:3504} INFO - Setting next_dagrun for example_short_circuit_operator to 2024-04-22T22:41:28.350277+00:00, run_after=2024-04-23T22:41:28.350277+00:00
[2024-04-23T22:41:28.401+0000] {processor.py:179} INFO - Processing /usr/local/python/3.10.13/lib/python3.10/site-packages/airflow/example_dags/example_short_circuit_operator.py took 0.091 seconds
[2024-04-23T22:42:04.339+0000] {processor.py:157} INFO - Started process (PID=37732) to work on /usr/local/python/3.10.13/lib/python3.10/site-packages/airflow/example_dags/example_short_circuit_operator.py
[2024-04-23T22:42:04.340+0000] {processor.py:826} INFO - Processing file /usr/local/python/3.10.13/lib/python3.10/site-packages/airflow/example_dags/example_short_circuit_operator.py for tasks to queue
[2024-04-23T22:42:04.341+0000] {logging_mixin.py:150} INFO - [2024-04-23T22:42:04.340+0000] {dagbag.py:541} INFO - Filling up the DagBag from /usr/local/python/3.10.13/lib/python3.10/site-packages/airflow/example_dags/example_short_circuit_operator.py
[2024-04-23T22:42:04.347+0000] {processor.py:836} INFO - DAG(s) dict_keys(['example_short_circuit_operator']) retrieved from /usr/local/python/3.10.13/lib/python3.10/site-packages/airflow/example_dags/example_short_circuit_operator.py
[2024-04-23T22:42:04.363+0000] {logging_mixin.py:150} INFO - [2024-04-23T22:42:04.362+0000] {dag.py:2742} INFO - Sync 1 DAGs
[2024-04-23T22:42:04.379+0000] {logging_mixin.py:150} INFO - [2024-04-23T22:42:04.379+0000] {dag.py:3504} INFO - Setting next_dagrun for example_short_circuit_operator to 2024-04-22T22:42:04.379406+00:00, run_after=2024-04-23T22:42:04.379406+00:00
[2024-04-23T22:42:04.425+0000] {processor.py:179} INFO - Processing /usr/local/python/3.10.13/lib/python3.10/site-packages/airflow/example_dags/example_short_circuit_operator.py took 0.088 seconds
[2024-04-23T22:42:54.013+0000] {processor.py:157} INFO - Started process (PID=38097) to work on /usr/local/python/3.10.13/lib/python3.10/site-packages/airflow/example_dags/example_short_circuit_operator.py
[2024-04-23T22:42:54.014+0000] {processor.py:826} INFO - Processing file /usr/local/python/3.10.13/lib/python3.10/site-packages/airflow/example_dags/example_short_circuit_operator.py for tasks to queue
[2024-04-23T22:42:54.015+0000] {logging_mixin.py:150} INFO - [2024-04-23T22:42:54.014+0000] {dagbag.py:541} INFO - Filling up the DagBag from /usr/local/python/3.10.13/lib/python3.10/site-packages/airflow/example_dags/example_short_circuit_operator.py
[2024-04-23T22:42:54.022+0000] {processor.py:836} INFO - DAG(s) dict_keys(['example_short_circuit_operator']) retrieved from /usr/local/python/3.10.13/lib/python3.10/site-packages/airflow/example_dags/example_short_circuit_operator.py
[2024-04-23T22:42:54.036+0000] {logging_mixin.py:150} INFO - [2024-04-23T22:42:54.036+0000] {dag.py:2742} INFO - Sync 1 DAGs
[2024-04-23T22:42:54.052+0000] {logging_mixin.py:150} INFO - [2024-04-23T22:42:54.051+0000] {dag.py:3504} INFO - Setting next_dagrun for example_short_circuit_operator to 2024-04-22T22:42:54.051693+00:00, run_after=2024-04-23T22:42:54.051693+00:00
[2024-04-23T22:42:54.090+0000] {processor.py:179} INFO - Processing /usr/local/python/3.10.13/lib/python3.10/site-packages/airflow/example_dags/example_short_circuit_operator.py took 0.079 seconds
[2024-04-23T22:43:45.137+0000] {processor.py:157} INFO - Started process (PID=38468) to work on /usr/local/python/3.10.13/lib/python3.10/site-packages/airflow/example_dags/example_short_circuit_operator.py
[2024-04-23T22:43:45.138+0000] {processor.py:826} INFO - Processing file /usr/local/python/3.10.13/lib/python3.10/site-packages/airflow/example_dags/example_short_circuit_operator.py for tasks to queue
[2024-04-23T22:43:45.138+0000] {logging_mixin.py:150} INFO - [2024-04-23T22:43:45.138+0000] {dagbag.py:541} INFO - Filling up the DagBag from /usr/local/python/3.10.13/lib/python3.10/site-packages/airflow/example_dags/example_short_circuit_operator.py
[2024-04-23T22:43:45.145+0000] {processor.py:836} INFO - DAG(s) dict_keys(['example_short_circuit_operator']) retrieved from /usr/local/python/3.10.13/lib/python3.10/site-packages/airflow/example_dags/example_short_circuit_operator.py
[2024-04-23T22:43:45.158+0000] {logging_mixin.py:150} INFO - [2024-04-23T22:43:45.158+0000] {dag.py:2742} INFO - Sync 1 DAGs
[2024-04-23T22:43:45.174+0000] {logging_mixin.py:150} INFO - [2024-04-23T22:43:45.174+0000] {dag.py:3504} INFO - Setting next_dagrun for example_short_circuit_operator to 2024-04-22T22:43:45.174065+00:00, run_after=2024-04-23T22:43:45.174065+00:00
[2024-04-23T22:43:45.213+0000] {processor.py:179} INFO - Processing /usr/local/python/3.10.13/lib/python3.10/site-packages/airflow/example_dags/example_short_circuit_operator.py took 0.078 seconds
[2024-04-23T22:44:33.093+0000] {processor.py:157} INFO - Started process (PID=38817) to work on /usr/local/python/3.10.13/lib/python3.10/site-packages/airflow/example_dags/example_short_circuit_operator.py
[2024-04-23T22:44:33.094+0000] {processor.py:826} INFO - Processing file /usr/local/python/3.10.13/lib/python3.10/site-packages/airflow/example_dags/example_short_circuit_operator.py for tasks to queue
[2024-04-23T22:44:33.094+0000] {logging_mixin.py:150} INFO - [2024-04-23T22:44:33.094+0000] {dagbag.py:541} INFO - Filling up the DagBag from /usr/local/python/3.10.13/lib/python3.10/site-packages/airflow/example_dags/example_short_circuit_operator.py
[2024-04-23T22:44:33.101+0000] {processor.py:836} INFO - DAG(s) dict_keys(['example_short_circuit_operator']) retrieved from /usr/local/python/3.10.13/lib/python3.10/site-packages/airflow/example_dags/example_short_circuit_operator.py
[2024-04-23T22:44:33.115+0000] {logging_mixin.py:150} INFO - [2024-04-23T22:44:33.115+0000] {dag.py:2742} INFO - Sync 1 DAGs
[2024-04-23T22:44:33.130+0000] {logging_mixin.py:150} INFO - [2024-04-23T22:44:33.130+0000] {dag.py:3504} INFO - Setting next_dagrun for example_short_circuit_operator to 2024-04-22T22:44:33.130438+00:00, run_after=2024-04-23T22:44:33.130438+00:00
[2024-04-23T22:44:33.171+0000] {processor.py:179} INFO - Processing /usr/local/python/3.10.13/lib/python3.10/site-packages/airflow/example_dags/example_short_circuit_operator.py took 0.081 seconds
[2024-04-23T22:45:06.971+0000] {processor.py:157} INFO - Started process (PID=39065) to work on /usr/local/python/3.10.13/lib/python3.10/site-packages/airflow/example_dags/example_short_circuit_operator.py
[2024-04-23T22:45:06.971+0000] {processor.py:826} INFO - Processing file /usr/local/python/3.10.13/lib/python3.10/site-packages/airflow/example_dags/example_short_circuit_operator.py for tasks to queue
[2024-04-23T22:45:06.972+0000] {logging_mixin.py:150} INFO - [2024-04-23T22:45:06.972+0000] {dagbag.py:541} INFO - Filling up the DagBag from /usr/local/python/3.10.13/lib/python3.10/site-packages/airflow/example_dags/example_short_circuit_operator.py
[2024-04-23T22:45:06.979+0000] {processor.py:836} INFO - DAG(s) dict_keys(['example_short_circuit_operator']) retrieved from /usr/local/python/3.10.13/lib/python3.10/site-packages/airflow/example_dags/example_short_circuit_operator.py
[2024-04-23T22:45:06.994+0000] {logging_mixin.py:150} INFO - [2024-04-23T22:45:06.993+0000] {dag.py:2742} INFO - Sync 1 DAGs
[2024-04-23T22:45:07.013+0000] {logging_mixin.py:150} INFO - [2024-04-23T22:45:07.013+0000] {dag.py:3504} INFO - Setting next_dagrun for example_short_circuit_operator to 2024-04-22T22:45:07.012913+00:00, run_after=2024-04-23T22:45:07.012913+00:00
[2024-04-23T22:45:07.054+0000] {processor.py:179} INFO - Processing /usr/local/python/3.10.13/lib/python3.10/site-packages/airflow/example_dags/example_short_circuit_operator.py took 0.086 seconds
[2024-04-23T22:45:58.383+0000] {processor.py:157} INFO - Started process (PID=39459) to work on /usr/local/python/3.10.13/lib/python3.10/site-packages/airflow/example_dags/example_short_circuit_operator.py
[2024-04-23T22:45:58.384+0000] {processor.py:826} INFO - Processing file /usr/local/python/3.10.13/lib/python3.10/site-packages/airflow/example_dags/example_short_circuit_operator.py for tasks to queue
[2024-04-23T22:45:58.384+0000] {logging_mixin.py:150} INFO - [2024-04-23T22:45:58.384+0000] {dagbag.py:541} INFO - Filling up the DagBag from /usr/local/python/3.10.13/lib/python3.10/site-packages/airflow/example_dags/example_short_circuit_operator.py
[2024-04-23T22:45:58.390+0000] {processor.py:836} INFO - DAG(s) dict_keys(['example_short_circuit_operator']) retrieved from /usr/local/python/3.10.13/lib/python3.10/site-packages/airflow/example_dags/example_short_circuit_operator.py
[2024-04-23T22:45:58.404+0000] {logging_mixin.py:150} INFO - [2024-04-23T22:45:58.404+0000] {dag.py:2742} INFO - Sync 1 DAGs
[2024-04-23T22:45:58.419+0000] {logging_mixin.py:150} INFO - [2024-04-23T22:45:58.419+0000] {dag.py:3504} INFO - Setting next_dagrun for example_short_circuit_operator to 2024-04-22T22:45:58.418988+00:00, run_after=2024-04-23T22:45:58.418988+00:00
[2024-04-23T22:45:58.457+0000] {processor.py:179} INFO - Processing /usr/local/python/3.10.13/lib/python3.10/site-packages/airflow/example_dags/example_short_circuit_operator.py took 0.076 seconds
[2024-04-23T22:46:34.532+0000] {processor.py:157} INFO - Started process (PID=39743) to work on /usr/local/python/3.10.13/lib/python3.10/site-packages/airflow/example_dags/example_short_circuit_operator.py
[2024-04-23T22:46:34.532+0000] {processor.py:826} INFO - Processing file /usr/local/python/3.10.13/lib/python3.10/site-packages/airflow/example_dags/example_short_circuit_operator.py for tasks to queue
[2024-04-23T22:46:34.533+0000] {logging_mixin.py:150} INFO - [2024-04-23T22:46:34.533+0000] {dagbag.py:541} INFO - Filling up the DagBag from /usr/local/python/3.10.13/lib/python3.10/site-packages/airflow/example_dags/example_short_circuit_operator.py
[2024-04-23T22:46:34.539+0000] {processor.py:836} INFO - DAG(s) dict_keys(['example_short_circuit_operator']) retrieved from /usr/local/python/3.10.13/lib/python3.10/site-packages/airflow/example_dags/example_short_circuit_operator.py
[2024-04-23T22:46:34.554+0000] {logging_mixin.py:150} INFO - [2024-04-23T22:46:34.554+0000] {dag.py:2742} INFO - Sync 1 DAGs
[2024-04-23T22:46:34.570+0000] {logging_mixin.py:150} INFO - [2024-04-23T22:46:34.570+0000] {dag.py:3504} INFO - Setting next_dagrun for example_short_circuit_operator to 2024-04-22T22:46:34.569969+00:00, run_after=2024-04-23T22:46:34.569969+00:00
[2024-04-23T22:46:34.607+0000] {processor.py:179} INFO - Processing /usr/local/python/3.10.13/lib/python3.10/site-packages/airflow/example_dags/example_short_circuit_operator.py took 0.078 seconds
[2024-04-23T22:47:10.539+0000] {processor.py:157} INFO - Started process (PID=39999) to work on /usr/local/python/3.10.13/lib/python3.10/site-packages/airflow/example_dags/example_short_circuit_operator.py
[2024-04-23T22:47:10.540+0000] {processor.py:826} INFO - Processing file /usr/local/python/3.10.13/lib/python3.10/site-packages/airflow/example_dags/example_short_circuit_operator.py for tasks to queue
[2024-04-23T22:47:10.540+0000] {logging_mixin.py:150} INFO - [2024-04-23T22:47:10.540+0000] {dagbag.py:541} INFO - Filling up the DagBag from /usr/local/python/3.10.13/lib/python3.10/site-packages/airflow/example_dags/example_short_circuit_operator.py
[2024-04-23T22:47:10.547+0000] {processor.py:836} INFO - DAG(s) dict_keys(['example_short_circuit_operator']) retrieved from /usr/local/python/3.10.13/lib/python3.10/site-packages/airflow/example_dags/example_short_circuit_operator.py
[2024-04-23T22:47:10.561+0000] {logging_mixin.py:150} INFO - [2024-04-23T22:47:10.561+0000] {dag.py:2742} INFO - Sync 1 DAGs
[2024-04-23T22:47:10.576+0000] {logging_mixin.py:150} INFO - [2024-04-23T22:47:10.576+0000] {dag.py:3504} INFO - Setting next_dagrun for example_short_circuit_operator to 2024-04-22T22:47:10.576107+00:00, run_after=2024-04-23T22:47:10.576107+00:00
[2024-04-23T22:47:10.613+0000] {processor.py:179} INFO - Processing /usr/local/python/3.10.13/lib/python3.10/site-packages/airflow/example_dags/example_short_circuit_operator.py took 0.077 seconds
[2024-04-23T22:47:48.533+0000] {processor.py:157} INFO - Started process (PID=40283) to work on /usr/local/python/3.10.13/lib/python3.10/site-packages/airflow/example_dags/example_short_circuit_operator.py
[2024-04-23T22:47:48.534+0000] {processor.py:826} INFO - Processing file /usr/local/python/3.10.13/lib/python3.10/site-packages/airflow/example_dags/example_short_circuit_operator.py for tasks to queue
[2024-04-23T22:47:48.534+0000] {logging_mixin.py:150} INFO - [2024-04-23T22:47:48.534+0000] {dagbag.py:541} INFO - Filling up the DagBag from /usr/local/python/3.10.13/lib/python3.10/site-packages/airflow/example_dags/example_short_circuit_operator.py
[2024-04-23T22:47:48.542+0000] {processor.py:836} INFO - DAG(s) dict_keys(['example_short_circuit_operator']) retrieved from /usr/local/python/3.10.13/lib/python3.10/site-packages/airflow/example_dags/example_short_circuit_operator.py
[2024-04-23T22:47:48.563+0000] {logging_mixin.py:150} INFO - [2024-04-23T22:47:48.563+0000] {dag.py:2742} INFO - Sync 1 DAGs
[2024-04-23T22:47:48.583+0000] {logging_mixin.py:150} INFO - [2024-04-23T22:47:48.583+0000] {dag.py:3504} INFO - Setting next_dagrun for example_short_circuit_operator to 2024-04-22T22:47:48.583249+00:00, run_after=2024-04-23T22:47:48.583249+00:00
[2024-04-23T22:47:48.622+0000] {processor.py:179} INFO - Processing /usr/local/python/3.10.13/lib/python3.10/site-packages/airflow/example_dags/example_short_circuit_operator.py took 0.091 seconds
[2024-04-23T22:48:38.544+0000] {processor.py:157} INFO - Started process (PID=40675) to work on /usr/local/python/3.10.13/lib/python3.10/site-packages/airflow/example_dags/example_short_circuit_operator.py
[2024-04-23T22:48:38.545+0000] {processor.py:826} INFO - Processing file /usr/local/python/3.10.13/lib/python3.10/site-packages/airflow/example_dags/example_short_circuit_operator.py for tasks to queue
[2024-04-23T22:48:38.545+0000] {logging_mixin.py:150} INFO - [2024-04-23T22:48:38.545+0000] {dagbag.py:541} INFO - Filling up the DagBag from /usr/local/python/3.10.13/lib/python3.10/site-packages/airflow/example_dags/example_short_circuit_operator.py
[2024-04-23T22:48:38.552+0000] {processor.py:836} INFO - DAG(s) dict_keys(['example_short_circuit_operator']) retrieved from /usr/local/python/3.10.13/lib/python3.10/site-packages/airflow/example_dags/example_short_circuit_operator.py
[2024-04-23T22:48:38.566+0000] {logging_mixin.py:150} INFO - [2024-04-23T22:48:38.566+0000] {dag.py:2742} INFO - Sync 1 DAGs
[2024-04-23T22:48:38.581+0000] {logging_mixin.py:150} INFO - [2024-04-23T22:48:38.581+0000] {dag.py:3504} INFO - Setting next_dagrun for example_short_circuit_operator to 2024-04-22T22:48:38.581215+00:00, run_after=2024-04-23T22:48:38.581215+00:00
[2024-04-23T22:48:38.619+0000] {processor.py:179} INFO - Processing /usr/local/python/3.10.13/lib/python3.10/site-packages/airflow/example_dags/example_short_circuit_operator.py took 0.078 seconds
[2024-04-23T22:49:29.930+0000] {processor.py:157} INFO - Started process (PID=41062) to work on /usr/local/python/3.10.13/lib/python3.10/site-packages/airflow/example_dags/example_short_circuit_operator.py
[2024-04-23T22:49:29.931+0000] {processor.py:826} INFO - Processing file /usr/local/python/3.10.13/lib/python3.10/site-packages/airflow/example_dags/example_short_circuit_operator.py for tasks to queue
[2024-04-23T22:49:29.931+0000] {logging_mixin.py:150} INFO - [2024-04-23T22:49:29.931+0000] {dagbag.py:541} INFO - Filling up the DagBag from /usr/local/python/3.10.13/lib/python3.10/site-packages/airflow/example_dags/example_short_circuit_operator.py
[2024-04-23T22:49:29.939+0000] {processor.py:836} INFO - DAG(s) dict_keys(['example_short_circuit_operator']) retrieved from /usr/local/python/3.10.13/lib/python3.10/site-packages/airflow/example_dags/example_short_circuit_operator.py
[2024-04-23T22:49:29.954+0000] {logging_mixin.py:150} INFO - [2024-04-23T22:49:29.954+0000] {dag.py:2742} INFO - Sync 1 DAGs
[2024-04-23T22:49:29.969+0000] {logging_mixin.py:150} INFO - [2024-04-23T22:49:29.969+0000] {dag.py:3504} INFO - Setting next_dagrun for example_short_circuit_operator to 2024-04-22T22:49:29.968950+00:00, run_after=2024-04-23T22:49:29.968950+00:00
[2024-04-23T22:49:30.011+0000] {processor.py:179} INFO - Processing /usr/local/python/3.10.13/lib/python3.10/site-packages/airflow/example_dags/example_short_circuit_operator.py took 0.083 seconds
[2024-04-23T22:50:21.644+0000] {processor.py:157} INFO - Started process (PID=41444) to work on /usr/local/python/3.10.13/lib/python3.10/site-packages/airflow/example_dags/example_short_circuit_operator.py
[2024-04-23T22:50:21.644+0000] {processor.py:826} INFO - Processing file /usr/local/python/3.10.13/lib/python3.10/site-packages/airflow/example_dags/example_short_circuit_operator.py for tasks to queue
[2024-04-23T22:50:21.645+0000] {logging_mixin.py:150} INFO - [2024-04-23T22:50:21.645+0000] {dagbag.py:541} INFO - Filling up the DagBag from /usr/local/python/3.10.13/lib/python3.10/site-packages/airflow/example_dags/example_short_circuit_operator.py
[2024-04-23T22:50:21.651+0000] {processor.py:836} INFO - DAG(s) dict_keys(['example_short_circuit_operator']) retrieved from /usr/local/python/3.10.13/lib/python3.10/site-packages/airflow/example_dags/example_short_circuit_operator.py
[2024-04-23T22:50:21.666+0000] {logging_mixin.py:150} INFO - [2024-04-23T22:50:21.666+0000] {dag.py:2742} INFO - Sync 1 DAGs
[2024-04-23T22:50:21.686+0000] {logging_mixin.py:150} INFO - [2024-04-23T22:50:21.686+0000] {dag.py:3504} INFO - Setting next_dagrun for example_short_circuit_operator to 2024-04-22T22:50:21.686077+00:00, run_after=2024-04-23T22:50:21.686077+00:00
[2024-04-23T22:50:21.726+0000] {processor.py:179} INFO - Processing /usr/local/python/3.10.13/lib/python3.10/site-packages/airflow/example_dags/example_short_circuit_operator.py took 0.085 seconds
[2024-04-23T22:51:08.870+0000] {processor.py:157} INFO - Started process (PID=41805) to work on /usr/local/python/3.10.13/lib/python3.10/site-packages/airflow/example_dags/example_short_circuit_operator.py
[2024-04-23T22:51:08.871+0000] {processor.py:826} INFO - Processing file /usr/local/python/3.10.13/lib/python3.10/site-packages/airflow/example_dags/example_short_circuit_operator.py for tasks to queue
[2024-04-23T22:51:08.871+0000] {logging_mixin.py:150} INFO - [2024-04-23T22:51:08.871+0000] {dagbag.py:541} INFO - Filling up the DagBag from /usr/local/python/3.10.13/lib/python3.10/site-packages/airflow/example_dags/example_short_circuit_operator.py
[2024-04-23T22:51:08.877+0000] {processor.py:836} INFO - DAG(s) dict_keys(['example_short_circuit_operator']) retrieved from /usr/local/python/3.10.13/lib/python3.10/site-packages/airflow/example_dags/example_short_circuit_operator.py
[2024-04-23T22:51:08.892+0000] {logging_mixin.py:150} INFO - [2024-04-23T22:51:08.892+0000] {dag.py:2742} INFO - Sync 1 DAGs
[2024-04-23T22:51:08.907+0000] {logging_mixin.py:150} INFO - [2024-04-23T22:51:08.907+0000] {dag.py:3504} INFO - Setting next_dagrun for example_short_circuit_operator to 2024-04-22T22:51:08.907129+00:00, run_after=2024-04-23T22:51:08.907129+00:00
[2024-04-23T22:51:08.946+0000] {processor.py:179} INFO - Processing /usr/local/python/3.10.13/lib/python3.10/site-packages/airflow/example_dags/example_short_circuit_operator.py took 0.078 seconds
[2024-04-23T22:51:46.272+0000] {processor.py:157} INFO - Started process (PID=42085) to work on /usr/local/python/3.10.13/lib/python3.10/site-packages/airflow/example_dags/example_short_circuit_operator.py
[2024-04-23T22:51:46.273+0000] {processor.py:826} INFO - Processing file /usr/local/python/3.10.13/lib/python3.10/site-packages/airflow/example_dags/example_short_circuit_operator.py for tasks to queue
[2024-04-23T22:51:46.273+0000] {logging_mixin.py:150} INFO - [2024-04-23T22:51:46.273+0000] {dagbag.py:541} INFO - Filling up the DagBag from /usr/local/python/3.10.13/lib/python3.10/site-packages/airflow/example_dags/example_short_circuit_operator.py
[2024-04-23T22:51:46.279+0000] {processor.py:836} INFO - DAG(s) dict_keys(['example_short_circuit_operator']) retrieved from /usr/local/python/3.10.13/lib/python3.10/site-packages/airflow/example_dags/example_short_circuit_operator.py
[2024-04-23T22:51:46.293+0000] {logging_mixin.py:150} INFO - [2024-04-23T22:51:46.293+0000] {dag.py:2742} INFO - Sync 1 DAGs
[2024-04-23T22:51:46.308+0000] {logging_mixin.py:150} INFO - [2024-04-23T22:51:46.308+0000] {dag.py:3504} INFO - Setting next_dagrun for example_short_circuit_operator to 2024-04-22T22:51:46.308137+00:00, run_after=2024-04-23T22:51:46.308137+00:00
[2024-04-23T22:51:46.352+0000] {processor.py:179} INFO - Processing /usr/local/python/3.10.13/lib/python3.10/site-packages/airflow/example_dags/example_short_circuit_operator.py took 0.082 seconds
[2024-04-23T22:52:36.927+0000] {processor.py:157} INFO - Started process (PID=42467) to work on /usr/local/python/3.10.13/lib/python3.10/site-packages/airflow/example_dags/example_short_circuit_operator.py
[2024-04-23T22:52:36.927+0000] {processor.py:826} INFO - Processing file /usr/local/python/3.10.13/lib/python3.10/site-packages/airflow/example_dags/example_short_circuit_operator.py for tasks to queue
[2024-04-23T22:52:36.928+0000] {logging_mixin.py:150} INFO - [2024-04-23T22:52:36.928+0000] {dagbag.py:541} INFO - Filling up the DagBag from /usr/local/python/3.10.13/lib/python3.10/site-packages/airflow/example_dags/example_short_circuit_operator.py
[2024-04-23T22:52:36.934+0000] {processor.py:836} INFO - DAG(s) dict_keys(['example_short_circuit_operator']) retrieved from /usr/local/python/3.10.13/lib/python3.10/site-packages/airflow/example_dags/example_short_circuit_operator.py
[2024-04-23T22:52:36.947+0000] {logging_mixin.py:150} INFO - [2024-04-23T22:52:36.947+0000] {dag.py:2742} INFO - Sync 1 DAGs
[2024-04-23T22:52:36.962+0000] {logging_mixin.py:150} INFO - [2024-04-23T22:52:36.962+0000] {dag.py:3504} INFO - Setting next_dagrun for example_short_circuit_operator to 2024-04-22T22:52:36.962229+00:00, run_after=2024-04-23T22:52:36.962229+00:00
[2024-04-23T22:52:37.002+0000] {processor.py:179} INFO - Processing /usr/local/python/3.10.13/lib/python3.10/site-packages/airflow/example_dags/example_short_circuit_operator.py took 0.077 seconds
[2024-04-23T22:53:30.974+0000] {processor.py:157} INFO - Started process (PID=42862) to work on /usr/local/python/3.10.13/lib/python3.10/site-packages/airflow/example_dags/example_short_circuit_operator.py
[2024-04-23T22:53:30.975+0000] {processor.py:826} INFO - Processing file /usr/local/python/3.10.13/lib/python3.10/site-packages/airflow/example_dags/example_short_circuit_operator.py for tasks to queue
[2024-04-23T22:53:30.975+0000] {logging_mixin.py:150} INFO - [2024-04-23T22:53:30.975+0000] {dagbag.py:541} INFO - Filling up the DagBag from /usr/local/python/3.10.13/lib/python3.10/site-packages/airflow/example_dags/example_short_circuit_operator.py
[2024-04-23T22:53:30.982+0000] {processor.py:836} INFO - DAG(s) dict_keys(['example_short_circuit_operator']) retrieved from /usr/local/python/3.10.13/lib/python3.10/site-packages/airflow/example_dags/example_short_circuit_operator.py
[2024-04-23T22:53:30.996+0000] {logging_mixin.py:150} INFO - [2024-04-23T22:53:30.996+0000] {dag.py:2742} INFO - Sync 1 DAGs
[2024-04-23T22:53:31.012+0000] {logging_mixin.py:150} INFO - [2024-04-23T22:53:31.012+0000] {dag.py:3504} INFO - Setting next_dagrun for example_short_circuit_operator to 2024-04-22T22:53:31.012481+00:00, run_after=2024-04-23T22:53:31.012481+00:00
[2024-04-23T22:53:31.057+0000] {processor.py:179} INFO - Processing /usr/local/python/3.10.13/lib/python3.10/site-packages/airflow/example_dags/example_short_circuit_operator.py took 0.085 seconds
[2024-04-23T22:54:13.339+0000] {processor.py:157} INFO - Started process (PID=43153) to work on /usr/local/python/3.10.13/lib/python3.10/site-packages/airflow/example_dags/example_short_circuit_operator.py
[2024-04-23T22:54:13.339+0000] {processor.py:826} INFO - Processing file /usr/local/python/3.10.13/lib/python3.10/site-packages/airflow/example_dags/example_short_circuit_operator.py for tasks to queue
[2024-04-23T22:54:13.340+0000] {logging_mixin.py:150} INFO - [2024-04-23T22:54:13.340+0000] {dagbag.py:541} INFO - Filling up the DagBag from /usr/local/python/3.10.13/lib/python3.10/site-packages/airflow/example_dags/example_short_circuit_operator.py
[2024-04-23T22:54:13.346+0000] {processor.py:836} INFO - DAG(s) dict_keys(['example_short_circuit_operator']) retrieved from /usr/local/python/3.10.13/lib/python3.10/site-packages/airflow/example_dags/example_short_circuit_operator.py
[2024-04-23T22:54:13.360+0000] {logging_mixin.py:150} INFO - [2024-04-23T22:54:13.360+0000] {dag.py:2742} INFO - Sync 1 DAGs
[2024-04-23T22:54:13.377+0000] {logging_mixin.py:150} INFO - [2024-04-23T22:54:13.376+0000] {dag.py:3504} INFO - Setting next_dagrun for example_short_circuit_operator to 2024-04-22T22:54:13.376777+00:00, run_after=2024-04-23T22:54:13.376777+00:00
[2024-04-23T22:54:13.509+0000] {processor.py:179} INFO - Processing /usr/local/python/3.10.13/lib/python3.10/site-packages/airflow/example_dags/example_short_circuit_operator.py took 0.173 seconds
[2024-04-23T22:54:56.123+0000] {processor.py:157} INFO - Started process (PID=43444) to work on /usr/local/python/3.10.13/lib/python3.10/site-packages/airflow/example_dags/example_short_circuit_operator.py
[2024-04-23T22:54:56.124+0000] {processor.py:826} INFO - Processing file /usr/local/python/3.10.13/lib/python3.10/site-packages/airflow/example_dags/example_short_circuit_operator.py for tasks to queue
[2024-04-23T22:54:56.125+0000] {logging_mixin.py:150} INFO - [2024-04-23T22:54:56.125+0000] {dagbag.py:541} INFO - Filling up the DagBag from /usr/local/python/3.10.13/lib/python3.10/site-packages/airflow/example_dags/example_short_circuit_operator.py
[2024-04-23T22:54:56.131+0000] {processor.py:836} INFO - DAG(s) dict_keys(['example_short_circuit_operator']) retrieved from /usr/local/python/3.10.13/lib/python3.10/site-packages/airflow/example_dags/example_short_circuit_operator.py
[2024-04-23T22:54:56.146+0000] {logging_mixin.py:150} INFO - [2024-04-23T22:54:56.145+0000] {dag.py:2742} INFO - Sync 1 DAGs
[2024-04-23T22:54:56.161+0000] {logging_mixin.py:150} INFO - [2024-04-23T22:54:56.161+0000] {dag.py:3504} INFO - Setting next_dagrun for example_short_circuit_operator to 2024-04-22T22:54:56.161228+00:00, run_after=2024-04-23T22:54:56.161228+00:00
[2024-04-23T22:54:56.200+0000] {processor.py:179} INFO - Processing /usr/local/python/3.10.13/lib/python3.10/site-packages/airflow/example_dags/example_short_circuit_operator.py took 0.079 seconds
[2024-04-23T22:55:33.451+0000] {processor.py:157} INFO - Started process (PID=43713) to work on /usr/local/python/3.10.13/lib/python3.10/site-packages/airflow/example_dags/example_short_circuit_operator.py
[2024-04-23T22:55:33.451+0000] {processor.py:826} INFO - Processing file /usr/local/python/3.10.13/lib/python3.10/site-packages/airflow/example_dags/example_short_circuit_operator.py for tasks to queue
[2024-04-23T22:55:33.452+0000] {logging_mixin.py:150} INFO - [2024-04-23T22:55:33.452+0000] {dagbag.py:541} INFO - Filling up the DagBag from /usr/local/python/3.10.13/lib/python3.10/site-packages/airflow/example_dags/example_short_circuit_operator.py
[2024-04-23T22:55:33.458+0000] {processor.py:836} INFO - DAG(s) dict_keys(['example_short_circuit_operator']) retrieved from /usr/local/python/3.10.13/lib/python3.10/site-packages/airflow/example_dags/example_short_circuit_operator.py
[2024-04-23T22:55:33.473+0000] {logging_mixin.py:150} INFO - [2024-04-23T22:55:33.473+0000] {dag.py:2742} INFO - Sync 1 DAGs
[2024-04-23T22:55:33.489+0000] {logging_mixin.py:150} INFO - [2024-04-23T22:55:33.489+0000] {dag.py:3504} INFO - Setting next_dagrun for example_short_circuit_operator to 2024-04-22T22:55:33.489596+00:00, run_after=2024-04-23T22:55:33.489596+00:00
[2024-04-23T22:55:33.527+0000] {processor.py:179} INFO - Processing /usr/local/python/3.10.13/lib/python3.10/site-packages/airflow/example_dags/example_short_circuit_operator.py took 0.079 seconds
[2024-04-23T22:56:12.468+0000] {processor.py:157} INFO - Started process (PID=43983) to work on /usr/local/python/3.10.13/lib/python3.10/site-packages/airflow/example_dags/example_short_circuit_operator.py
[2024-04-23T22:56:12.469+0000] {processor.py:826} INFO - Processing file /usr/local/python/3.10.13/lib/python3.10/site-packages/airflow/example_dags/example_short_circuit_operator.py for tasks to queue
[2024-04-23T22:56:12.469+0000] {logging_mixin.py:150} INFO - [2024-04-23T22:56:12.469+0000] {dagbag.py:541} INFO - Filling up the DagBag from /usr/local/python/3.10.13/lib/python3.10/site-packages/airflow/example_dags/example_short_circuit_operator.py
[2024-04-23T22:56:12.475+0000] {processor.py:836} INFO - DAG(s) dict_keys(['example_short_circuit_operator']) retrieved from /usr/local/python/3.10.13/lib/python3.10/site-packages/airflow/example_dags/example_short_circuit_operator.py
[2024-04-23T22:56:12.489+0000] {logging_mixin.py:150} INFO - [2024-04-23T22:56:12.489+0000] {dag.py:2742} INFO - Sync 1 DAGs
[2024-04-23T22:56:12.504+0000] {logging_mixin.py:150} INFO - [2024-04-23T22:56:12.504+0000] {dag.py:3504} INFO - Setting next_dagrun for example_short_circuit_operator to 2024-04-22T22:56:12.504275+00:00, run_after=2024-04-23T22:56:12.504275+00:00
[2024-04-23T22:56:12.544+0000] {processor.py:179} INFO - Processing /usr/local/python/3.10.13/lib/python3.10/site-packages/airflow/example_dags/example_short_circuit_operator.py took 0.078 seconds
[2024-04-23T22:56:56.618+0000] {processor.py:157} INFO - Started process (PID=44312) to work on /usr/local/python/3.10.13/lib/python3.10/site-packages/airflow/example_dags/example_short_circuit_operator.py
[2024-04-23T22:56:56.619+0000] {processor.py:826} INFO - Processing file /usr/local/python/3.10.13/lib/python3.10/site-packages/airflow/example_dags/example_short_circuit_operator.py for tasks to queue
[2024-04-23T22:56:56.620+0000] {logging_mixin.py:150} INFO - [2024-04-23T22:56:56.619+0000] {dagbag.py:541} INFO - Filling up the DagBag from /usr/local/python/3.10.13/lib/python3.10/site-packages/airflow/example_dags/example_short_circuit_operator.py
[2024-04-23T22:56:56.626+0000] {processor.py:836} INFO - DAG(s) dict_keys(['example_short_circuit_operator']) retrieved from /usr/local/python/3.10.13/lib/python3.10/site-packages/airflow/example_dags/example_short_circuit_operator.py
[2024-04-23T22:56:56.639+0000] {logging_mixin.py:150} INFO - [2024-04-23T22:56:56.639+0000] {dag.py:2742} INFO - Sync 1 DAGs
[2024-04-23T22:56:56.654+0000] {logging_mixin.py:150} INFO - [2024-04-23T22:56:56.654+0000] {dag.py:3504} INFO - Setting next_dagrun for example_short_circuit_operator to 2024-04-22T22:56:56.654209+00:00, run_after=2024-04-23T22:56:56.654209+00:00
[2024-04-23T22:56:56.693+0000] {processor.py:179} INFO - Processing /usr/local/python/3.10.13/lib/python3.10/site-packages/airflow/example_dags/example_short_circuit_operator.py took 0.077 seconds
[2024-04-23T22:57:38.655+0000] {processor.py:157} INFO - Started process (PID=44616) to work on /usr/local/python/3.10.13/lib/python3.10/site-packages/airflow/example_dags/example_short_circuit_operator.py
[2024-04-23T22:57:38.655+0000] {processor.py:826} INFO - Processing file /usr/local/python/3.10.13/lib/python3.10/site-packages/airflow/example_dags/example_short_circuit_operator.py for tasks to queue
[2024-04-23T22:57:38.656+0000] {logging_mixin.py:150} INFO - [2024-04-23T22:57:38.656+0000] {dagbag.py:541} INFO - Filling up the DagBag from /usr/local/python/3.10.13/lib/python3.10/site-packages/airflow/example_dags/example_short_circuit_operator.py
[2024-04-23T22:57:38.662+0000] {processor.py:836} INFO - DAG(s) dict_keys(['example_short_circuit_operator']) retrieved from /usr/local/python/3.10.13/lib/python3.10/site-packages/airflow/example_dags/example_short_circuit_operator.py
[2024-04-23T22:57:38.676+0000] {logging_mixin.py:150} INFO - [2024-04-23T22:57:38.675+0000] {dag.py:2742} INFO - Sync 1 DAGs
[2024-04-23T22:57:38.691+0000] {logging_mixin.py:150} INFO - [2024-04-23T22:57:38.691+0000] {dag.py:3504} INFO - Setting next_dagrun for example_short_circuit_operator to 2024-04-22T22:57:38.691010+00:00, run_after=2024-04-23T22:57:38.691010+00:00
[2024-04-23T22:57:38.730+0000] {processor.py:179} INFO - Processing /usr/local/python/3.10.13/lib/python3.10/site-packages/airflow/example_dags/example_short_circuit_operator.py took 0.077 seconds
[2024-04-23T22:58:13.939+0000] {processor.py:157} INFO - Started process (PID=44884) to work on /usr/local/python/3.10.13/lib/python3.10/site-packages/airflow/example_dags/example_short_circuit_operator.py
[2024-04-23T22:58:13.940+0000] {processor.py:826} INFO - Processing file /usr/local/python/3.10.13/lib/python3.10/site-packages/airflow/example_dags/example_short_circuit_operator.py for tasks to queue
[2024-04-23T22:58:13.940+0000] {logging_mixin.py:150} INFO - [2024-04-23T22:58:13.940+0000] {dagbag.py:541} INFO - Filling up the DagBag from /usr/local/python/3.10.13/lib/python3.10/site-packages/airflow/example_dags/example_short_circuit_operator.py
[2024-04-23T22:58:13.947+0000] {processor.py:836} INFO - DAG(s) dict_keys(['example_short_circuit_operator']) retrieved from /usr/local/python/3.10.13/lib/python3.10/site-packages/airflow/example_dags/example_short_circuit_operator.py
[2024-04-23T22:58:13.963+0000] {logging_mixin.py:150} INFO - [2024-04-23T22:58:13.963+0000] {dag.py:2742} INFO - Sync 1 DAGs
[2024-04-23T22:58:13.984+0000] {logging_mixin.py:150} INFO - [2024-04-23T22:58:13.983+0000] {dag.py:3504} INFO - Setting next_dagrun for example_short_circuit_operator to 2024-04-22T22:58:13.983641+00:00, run_after=2024-04-23T22:58:13.983641+00:00
[2024-04-23T22:58:14.026+0000] {processor.py:179} INFO - Processing /usr/local/python/3.10.13/lib/python3.10/site-packages/airflow/example_dags/example_short_circuit_operator.py took 0.089 seconds
[2024-04-23T22:59:05.333+0000] {processor.py:157} INFO - Started process (PID=45286) to work on /usr/local/python/3.10.13/lib/python3.10/site-packages/airflow/example_dags/example_short_circuit_operator.py
[2024-04-23T22:59:05.333+0000] {processor.py:826} INFO - Processing file /usr/local/python/3.10.13/lib/python3.10/site-packages/airflow/example_dags/example_short_circuit_operator.py for tasks to queue
[2024-04-23T22:59:05.334+0000] {logging_mixin.py:150} INFO - [2024-04-23T22:59:05.334+0000] {dagbag.py:541} INFO - Filling up the DagBag from /usr/local/python/3.10.13/lib/python3.10/site-packages/airflow/example_dags/example_short_circuit_operator.py
[2024-04-23T22:59:05.340+0000] {processor.py:836} INFO - DAG(s) dict_keys(['example_short_circuit_operator']) retrieved from /usr/local/python/3.10.13/lib/python3.10/site-packages/airflow/example_dags/example_short_circuit_operator.py
[2024-04-23T22:59:05.354+0000] {logging_mixin.py:150} INFO - [2024-04-23T22:59:05.354+0000] {dag.py:2742} INFO - Sync 1 DAGs
[2024-04-23T22:59:05.368+0000] {logging_mixin.py:150} INFO - [2024-04-23T22:59:05.368+0000] {dag.py:3504} INFO - Setting next_dagrun for example_short_circuit_operator to 2024-04-22T22:59:05.368559+00:00, run_after=2024-04-23T22:59:05.368559+00:00
[2024-04-23T22:59:05.410+0000] {processor.py:179} INFO - Processing /usr/local/python/3.10.13/lib/python3.10/site-packages/airflow/example_dags/example_short_circuit_operator.py took 0.079 seconds
[2024-04-23T22:59:52.745+0000] {processor.py:157} INFO - Started process (PID=45679) to work on /usr/local/python/3.10.13/lib/python3.10/site-packages/airflow/example_dags/example_short_circuit_operator.py
[2024-04-23T22:59:52.746+0000] {processor.py:826} INFO - Processing file /usr/local/python/3.10.13/lib/python3.10/site-packages/airflow/example_dags/example_short_circuit_operator.py for tasks to queue
[2024-04-23T22:59:52.746+0000] {logging_mixin.py:150} INFO - [2024-04-23T22:59:52.746+0000] {dagbag.py:541} INFO - Filling up the DagBag from /usr/local/python/3.10.13/lib/python3.10/site-packages/airflow/example_dags/example_short_circuit_operator.py
[2024-04-23T22:59:52.753+0000] {processor.py:836} INFO - DAG(s) dict_keys(['example_short_circuit_operator']) retrieved from /usr/local/python/3.10.13/lib/python3.10/site-packages/airflow/example_dags/example_short_circuit_operator.py
[2024-04-23T22:59:52.767+0000] {logging_mixin.py:150} INFO - [2024-04-23T22:59:52.766+0000] {dag.py:2742} INFO - Sync 1 DAGs
[2024-04-23T22:59:52.782+0000] {logging_mixin.py:150} INFO - [2024-04-23T22:59:52.781+0000] {dag.py:3504} INFO - Setting next_dagrun for example_short_circuit_operator to 2024-04-22T22:59:52.781755+00:00, run_after=2024-04-23T22:59:52.781755+00:00
[2024-04-23T22:59:52.819+0000] {processor.py:179} INFO - Processing /usr/local/python/3.10.13/lib/python3.10/site-packages/airflow/example_dags/example_short_circuit_operator.py took 0.076 seconds
