[2024-04-23T22:24:03.766+0000] {processor.py:157} INFO - Started process (PID=28941) to work on /usr/local/python/3.10.13/lib/python3.10/site-packages/airflow/example_dags/example_branch_operator_decorator.py
[2024-04-23T22:24:03.766+0000] {processor.py:826} INFO - Processing file /usr/local/python/3.10.13/lib/python3.10/site-packages/airflow/example_dags/example_branch_operator_decorator.py for tasks to queue
[2024-04-23T22:24:03.767+0000] {logging_mixin.py:150} INFO - [2024-04-23T22:24:03.767+0000] {dagbag.py:541} INFO - Filling up the DagBag from /usr/local/python/3.10.13/lib/python3.10/site-packages/airflow/example_dags/example_branch_operator_decorator.py
[2024-04-23T22:24:03.774+0000] {processor.py:836} INFO - DAG(s) dict_keys(['example_branch_python_operator_decorator']) retrieved from /usr/local/python/3.10.13/lib/python3.10/site-packages/airflow/example_dags/example_branch_operator_decorator.py
[2024-04-23T22:24:03.909+0000] {logging_mixin.py:150} INFO - [2024-04-23T22:24:03.909+0000] {manager.py:504} INFO - Created Permission View: can delete on DAG:example_branch_python_operator_decorator
[2024-04-23T22:24:03.943+0000] {logging_mixin.py:150} INFO - [2024-04-23T22:24:03.943+0000] {manager.py:504} INFO - Created Permission View: can edit on DAG:example_branch_python_operator_decorator
[2024-04-23T22:24:03.974+0000] {logging_mixin.py:150} INFO - [2024-04-23T22:24:03.974+0000] {manager.py:504} INFO - Created Permission View: can read on DAG:example_branch_python_operator_decorator
[2024-04-23T22:24:03.983+0000] {logging_mixin.py:150} INFO - [2024-04-23T22:24:03.983+0000] {dag.py:2742} INFO - Sync 1 DAGs
[2024-04-23T22:24:03.991+0000] {logging_mixin.py:150} INFO - [2024-04-23T22:24:03.991+0000] {dag.py:2763} INFO - Creating ORM DAG for example_branch_python_operator_decorator
[2024-04-23T22:24:03.999+0000] {logging_mixin.py:150} INFO - [2024-04-23T22:24:03.998+0000] {dag.py:3504} INFO - Setting next_dagrun for example_branch_python_operator_decorator to 2024-04-22T00:00:00+00:00, run_after=2024-04-23T00:00:00+00:00
[2024-04-23T22:24:04.045+0000] {processor.py:179} INFO - Processing /usr/local/python/3.10.13/lib/python3.10/site-packages/airflow/example_dags/example_branch_operator_decorator.py took 0.281 seconds
[2024-04-23T22:25:00.282+0000] {processor.py:157} INFO - Started process (PID=29323) to work on /usr/local/python/3.10.13/lib/python3.10/site-packages/airflow/example_dags/example_branch_operator_decorator.py
[2024-04-23T22:25:00.283+0000] {processor.py:826} INFO - Processing file /usr/local/python/3.10.13/lib/python3.10/site-packages/airflow/example_dags/example_branch_operator_decorator.py for tasks to queue
[2024-04-23T22:25:00.283+0000] {logging_mixin.py:150} INFO - [2024-04-23T22:25:00.283+0000] {dagbag.py:541} INFO - Filling up the DagBag from /usr/local/python/3.10.13/lib/python3.10/site-packages/airflow/example_dags/example_branch_operator_decorator.py
[2024-04-23T22:25:00.293+0000] {processor.py:836} INFO - DAG(s) dict_keys(['example_branch_python_operator_decorator']) retrieved from /usr/local/python/3.10.13/lib/python3.10/site-packages/airflow/example_dags/example_branch_operator_decorator.py
[2024-04-23T22:25:00.306+0000] {logging_mixin.py:150} INFO - [2024-04-23T22:25:00.306+0000] {dag.py:2742} INFO - Sync 1 DAGs
[2024-04-23T22:25:00.324+0000] {logging_mixin.py:150} INFO - [2024-04-23T22:25:00.324+0000] {dag.py:3504} INFO - Setting next_dagrun for example_branch_python_operator_decorator to 2024-04-22T00:00:00+00:00, run_after=2024-04-23T00:00:00+00:00
[2024-04-23T22:25:00.363+0000] {processor.py:179} INFO - Processing /usr/local/python/3.10.13/lib/python3.10/site-packages/airflow/example_dags/example_branch_operator_decorator.py took 0.083 seconds
[2024-04-23T22:25:48.706+0000] {processor.py:157} INFO - Started process (PID=29664) to work on /usr/local/python/3.10.13/lib/python3.10/site-packages/airflow/example_dags/example_branch_operator_decorator.py
[2024-04-23T22:25:48.706+0000] {processor.py:826} INFO - Processing file /usr/local/python/3.10.13/lib/python3.10/site-packages/airflow/example_dags/example_branch_operator_decorator.py for tasks to queue
[2024-04-23T22:25:48.707+0000] {logging_mixin.py:150} INFO - [2024-04-23T22:25:48.706+0000] {dagbag.py:541} INFO - Filling up the DagBag from /usr/local/python/3.10.13/lib/python3.10/site-packages/airflow/example_dags/example_branch_operator_decorator.py
[2024-04-23T22:25:48.714+0000] {processor.py:836} INFO - DAG(s) dict_keys(['example_branch_python_operator_decorator']) retrieved from /usr/local/python/3.10.13/lib/python3.10/site-packages/airflow/example_dags/example_branch_operator_decorator.py
[2024-04-23T22:25:48.728+0000] {logging_mixin.py:150} INFO - [2024-04-23T22:25:48.727+0000] {dag.py:2742} INFO - Sync 1 DAGs
[2024-04-23T22:25:48.744+0000] {logging_mixin.py:150} INFO - [2024-04-23T22:25:48.744+0000] {dag.py:3504} INFO - Setting next_dagrun for example_branch_python_operator_decorator to 2024-04-22T00:00:00+00:00, run_after=2024-04-23T00:00:00+00:00
[2024-04-23T22:25:48.781+0000] {processor.py:179} INFO - Processing /usr/local/python/3.10.13/lib/python3.10/site-packages/airflow/example_dags/example_branch_operator_decorator.py took 0.078 seconds
[2024-04-23T22:26:38.160+0000] {processor.py:157} INFO - Started process (PID=30012) to work on /usr/local/python/3.10.13/lib/python3.10/site-packages/airflow/example_dags/example_branch_operator_decorator.py
[2024-04-23T22:26:38.161+0000] {processor.py:826} INFO - Processing file /usr/local/python/3.10.13/lib/python3.10/site-packages/airflow/example_dags/example_branch_operator_decorator.py for tasks to queue
[2024-04-23T22:26:38.162+0000] {logging_mixin.py:150} INFO - [2024-04-23T22:26:38.161+0000] {dagbag.py:541} INFO - Filling up the DagBag from /usr/local/python/3.10.13/lib/python3.10/site-packages/airflow/example_dags/example_branch_operator_decorator.py
[2024-04-23T22:26:38.169+0000] {processor.py:836} INFO - DAG(s) dict_keys(['example_branch_python_operator_decorator']) retrieved from /usr/local/python/3.10.13/lib/python3.10/site-packages/airflow/example_dags/example_branch_operator_decorator.py
[2024-04-23T22:26:38.183+0000] {logging_mixin.py:150} INFO - [2024-04-23T22:26:38.182+0000] {dag.py:2742} INFO - Sync 1 DAGs
[2024-04-23T22:26:38.203+0000] {logging_mixin.py:150} INFO - [2024-04-23T22:26:38.203+0000] {dag.py:3504} INFO - Setting next_dagrun for example_branch_python_operator_decorator to 2024-04-22T00:00:00+00:00, run_after=2024-04-23T00:00:00+00:00
[2024-04-23T22:26:38.242+0000] {processor.py:179} INFO - Processing /usr/local/python/3.10.13/lib/python3.10/site-packages/airflow/example_dags/example_branch_operator_decorator.py took 0.084 seconds
[2024-04-23T22:27:24.907+0000] {processor.py:157} INFO - Started process (PID=30402) to work on /usr/local/python/3.10.13/lib/python3.10/site-packages/airflow/example_dags/example_branch_operator_decorator.py
[2024-04-23T22:27:24.907+0000] {processor.py:826} INFO - Processing file /usr/local/python/3.10.13/lib/python3.10/site-packages/airflow/example_dags/example_branch_operator_decorator.py for tasks to queue
[2024-04-23T22:27:24.908+0000] {logging_mixin.py:150} INFO - [2024-04-23T22:27:24.908+0000] {dagbag.py:541} INFO - Filling up the DagBag from /usr/local/python/3.10.13/lib/python3.10/site-packages/airflow/example_dags/example_branch_operator_decorator.py
[2024-04-23T22:27:24.916+0000] {processor.py:836} INFO - DAG(s) dict_keys(['example_branch_python_operator_decorator']) retrieved from /usr/local/python/3.10.13/lib/python3.10/site-packages/airflow/example_dags/example_branch_operator_decorator.py
[2024-04-23T22:27:24.929+0000] {logging_mixin.py:150} INFO - [2024-04-23T22:27:24.929+0000] {dag.py:2742} INFO - Sync 1 DAGs
[2024-04-23T22:27:24.945+0000] {logging_mixin.py:150} INFO - [2024-04-23T22:27:24.945+0000] {dag.py:3504} INFO - Setting next_dagrun for example_branch_python_operator_decorator to 2024-04-22T00:00:00+00:00, run_after=2024-04-23T00:00:00+00:00
[2024-04-23T22:27:24.981+0000] {processor.py:179} INFO - Processing /usr/local/python/3.10.13/lib/python3.10/site-packages/airflow/example_dags/example_branch_operator_decorator.py took 0.077 seconds
[2024-04-23T22:28:12.746+0000] {processor.py:157} INFO - Started process (PID=30883) to work on /usr/local/python/3.10.13/lib/python3.10/site-packages/airflow/example_dags/example_branch_operator_decorator.py
[2024-04-23T22:28:12.747+0000] {processor.py:826} INFO - Processing file /usr/local/python/3.10.13/lib/python3.10/site-packages/airflow/example_dags/example_branch_operator_decorator.py for tasks to queue
[2024-04-23T22:28:12.747+0000] {logging_mixin.py:150} INFO - [2024-04-23T22:28:12.747+0000] {dagbag.py:541} INFO - Filling up the DagBag from /usr/local/python/3.10.13/lib/python3.10/site-packages/airflow/example_dags/example_branch_operator_decorator.py
[2024-04-23T22:28:12.755+0000] {processor.py:836} INFO - DAG(s) dict_keys(['example_branch_python_operator_decorator']) retrieved from /usr/local/python/3.10.13/lib/python3.10/site-packages/airflow/example_dags/example_branch_operator_decorator.py
[2024-04-23T22:28:12.768+0000] {logging_mixin.py:150} INFO - [2024-04-23T22:28:12.768+0000] {dag.py:2742} INFO - Sync 1 DAGs
[2024-04-23T22:28:12.784+0000] {logging_mixin.py:150} INFO - [2024-04-23T22:28:12.784+0000] {dag.py:3504} INFO - Setting next_dagrun for example_branch_python_operator_decorator to 2024-04-22T00:00:00+00:00, run_after=2024-04-23T00:00:00+00:00
[2024-04-23T22:28:12.824+0000] {processor.py:179} INFO - Processing /usr/local/python/3.10.13/lib/python3.10/site-packages/airflow/example_dags/example_branch_operator_decorator.py took 0.080 seconds
[2024-04-23T22:28:59.255+0000] {processor.py:157} INFO - Started process (PID=31684) to work on /usr/local/python/3.10.13/lib/python3.10/site-packages/airflow/example_dags/example_branch_operator_decorator.py
[2024-04-23T22:28:59.255+0000] {processor.py:826} INFO - Processing file /usr/local/python/3.10.13/lib/python3.10/site-packages/airflow/example_dags/example_branch_operator_decorator.py for tasks to queue
[2024-04-23T22:28:59.256+0000] {logging_mixin.py:150} INFO - [2024-04-23T22:28:59.256+0000] {dagbag.py:541} INFO - Filling up the DagBag from /usr/local/python/3.10.13/lib/python3.10/site-packages/airflow/example_dags/example_branch_operator_decorator.py
[2024-04-23T22:28:59.264+0000] {processor.py:836} INFO - DAG(s) dict_keys(['example_branch_python_operator_decorator']) retrieved from /usr/local/python/3.10.13/lib/python3.10/site-packages/airflow/example_dags/example_branch_operator_decorator.py
[2024-04-23T22:28:59.281+0000] {logging_mixin.py:150} INFO - [2024-04-23T22:28:59.280+0000] {dag.py:2742} INFO - Sync 1 DAGs
[2024-04-23T22:28:59.299+0000] {logging_mixin.py:150} INFO - [2024-04-23T22:28:59.299+0000] {dag.py:3504} INFO - Setting next_dagrun for example_branch_python_operator_decorator to 2024-04-22T00:00:00+00:00, run_after=2024-04-23T00:00:00+00:00
[2024-04-23T22:28:59.337+0000] {processor.py:179} INFO - Processing /usr/local/python/3.10.13/lib/python3.10/site-packages/airflow/example_dags/example_branch_operator_decorator.py took 0.084 seconds
[2024-04-23T22:29:44.755+0000] {processor.py:157} INFO - Started process (PID=32018) to work on /usr/local/python/3.10.13/lib/python3.10/site-packages/airflow/example_dags/example_branch_operator_decorator.py
[2024-04-23T22:29:44.755+0000] {processor.py:826} INFO - Processing file /usr/local/python/3.10.13/lib/python3.10/site-packages/airflow/example_dags/example_branch_operator_decorator.py for tasks to queue
[2024-04-23T22:29:44.756+0000] {logging_mixin.py:150} INFO - [2024-04-23T22:29:44.756+0000] {dagbag.py:541} INFO - Filling up the DagBag from /usr/local/python/3.10.13/lib/python3.10/site-packages/airflow/example_dags/example_branch_operator_decorator.py
[2024-04-23T22:29:44.765+0000] {processor.py:836} INFO - DAG(s) dict_keys(['example_branch_python_operator_decorator']) retrieved from /usr/local/python/3.10.13/lib/python3.10/site-packages/airflow/example_dags/example_branch_operator_decorator.py
[2024-04-23T22:29:44.778+0000] {logging_mixin.py:150} INFO - [2024-04-23T22:29:44.778+0000] {dag.py:2742} INFO - Sync 1 DAGs
[2024-04-23T22:29:44.795+0000] {logging_mixin.py:150} INFO - [2024-04-23T22:29:44.795+0000] {dag.py:3504} INFO - Setting next_dagrun for example_branch_python_operator_decorator to 2024-04-22T00:00:00+00:00, run_after=2024-04-23T00:00:00+00:00
[2024-04-23T22:29:44.836+0000] {processor.py:179} INFO - Processing /usr/local/python/3.10.13/lib/python3.10/site-packages/airflow/example_dags/example_branch_operator_decorator.py took 0.083 seconds
[2024-04-23T22:30:37.625+0000] {processor.py:157} INFO - Started process (PID=32425) to work on /usr/local/python/3.10.13/lib/python3.10/site-packages/airflow/example_dags/example_branch_operator_decorator.py
[2024-04-23T22:30:37.626+0000] {processor.py:826} INFO - Processing file /usr/local/python/3.10.13/lib/python3.10/site-packages/airflow/example_dags/example_branch_operator_decorator.py for tasks to queue
[2024-04-23T22:30:37.627+0000] {logging_mixin.py:150} INFO - [2024-04-23T22:30:37.627+0000] {dagbag.py:541} INFO - Filling up the DagBag from /usr/local/python/3.10.13/lib/python3.10/site-packages/airflow/example_dags/example_branch_operator_decorator.py
[2024-04-23T22:30:37.640+0000] {processor.py:836} INFO - DAG(s) dict_keys(['example_branch_python_operator_decorator']) retrieved from /usr/local/python/3.10.13/lib/python3.10/site-packages/airflow/example_dags/example_branch_operator_decorator.py
[2024-04-23T22:30:37.662+0000] {logging_mixin.py:150} INFO - [2024-04-23T22:30:37.662+0000] {dag.py:2742} INFO - Sync 1 DAGs
[2024-04-23T22:30:37.688+0000] {logging_mixin.py:150} INFO - [2024-04-23T22:30:37.687+0000] {dag.py:3504} INFO - Setting next_dagrun for example_branch_python_operator_decorator to 2024-04-22T00:00:00+00:00, run_after=2024-04-23T00:00:00+00:00
[2024-04-23T22:30:37.732+0000] {processor.py:179} INFO - Processing /usr/local/python/3.10.13/lib/python3.10/site-packages/airflow/example_dags/example_branch_operator_decorator.py took 0.110 seconds
[2024-04-23T22:31:32.663+0000] {processor.py:157} INFO - Started process (PID=32843) to work on /usr/local/python/3.10.13/lib/python3.10/site-packages/airflow/example_dags/example_branch_operator_decorator.py
[2024-04-23T22:31:32.664+0000] {processor.py:826} INFO - Processing file /usr/local/python/3.10.13/lib/python3.10/site-packages/airflow/example_dags/example_branch_operator_decorator.py for tasks to queue
[2024-04-23T22:31:32.664+0000] {logging_mixin.py:150} INFO - [2024-04-23T22:31:32.664+0000] {dagbag.py:541} INFO - Filling up the DagBag from /usr/local/python/3.10.13/lib/python3.10/site-packages/airflow/example_dags/example_branch_operator_decorator.py
[2024-04-23T22:31:32.672+0000] {processor.py:836} INFO - DAG(s) dict_keys(['example_branch_python_operator_decorator']) retrieved from /usr/local/python/3.10.13/lib/python3.10/site-packages/airflow/example_dags/example_branch_operator_decorator.py
[2024-04-23T22:31:32.685+0000] {logging_mixin.py:150} INFO - [2024-04-23T22:31:32.685+0000] {dag.py:2742} INFO - Sync 1 DAGs
[2024-04-23T22:31:32.701+0000] {logging_mixin.py:150} INFO - [2024-04-23T22:31:32.701+0000] {dag.py:3504} INFO - Setting next_dagrun for example_branch_python_operator_decorator to 2024-04-22T00:00:00+00:00, run_after=2024-04-23T00:00:00+00:00
[2024-04-23T22:31:32.739+0000] {processor.py:179} INFO - Processing /usr/local/python/3.10.13/lib/python3.10/site-packages/airflow/example_dags/example_branch_operator_decorator.py took 0.077 seconds
[2024-04-23T22:32:25.693+0000] {processor.py:157} INFO - Started process (PID=33236) to work on /usr/local/python/3.10.13/lib/python3.10/site-packages/airflow/example_dags/example_branch_operator_decorator.py
[2024-04-23T22:32:25.694+0000] {processor.py:826} INFO - Processing file /usr/local/python/3.10.13/lib/python3.10/site-packages/airflow/example_dags/example_branch_operator_decorator.py for tasks to queue
[2024-04-23T22:32:25.695+0000] {logging_mixin.py:150} INFO - [2024-04-23T22:32:25.694+0000] {dagbag.py:541} INFO - Filling up the DagBag from /usr/local/python/3.10.13/lib/python3.10/site-packages/airflow/example_dags/example_branch_operator_decorator.py
[2024-04-23T22:32:25.702+0000] {processor.py:836} INFO - DAG(s) dict_keys(['example_branch_python_operator_decorator']) retrieved from /usr/local/python/3.10.13/lib/python3.10/site-packages/airflow/example_dags/example_branch_operator_decorator.py
[2024-04-23T22:32:25.716+0000] {logging_mixin.py:150} INFO - [2024-04-23T22:32:25.716+0000] {dag.py:2742} INFO - Sync 1 DAGs
[2024-04-23T22:32:25.733+0000] {logging_mixin.py:150} INFO - [2024-04-23T22:32:25.733+0000] {dag.py:3504} INFO - Setting next_dagrun for example_branch_python_operator_decorator to 2024-04-22T00:00:00+00:00, run_after=2024-04-23T00:00:00+00:00
[2024-04-23T22:32:25.776+0000] {processor.py:179} INFO - Processing /usr/local/python/3.10.13/lib/python3.10/site-packages/airflow/example_dags/example_branch_operator_decorator.py took 0.085 seconds
[2024-04-23T22:33:13.773+0000] {processor.py:157} INFO - Started process (PID=33618) to work on /usr/local/python/3.10.13/lib/python3.10/site-packages/airflow/example_dags/example_branch_operator_decorator.py
[2024-04-23T22:33:13.774+0000] {processor.py:826} INFO - Processing file /usr/local/python/3.10.13/lib/python3.10/site-packages/airflow/example_dags/example_branch_operator_decorator.py for tasks to queue
[2024-04-23T22:33:13.774+0000] {logging_mixin.py:150} INFO - [2024-04-23T22:33:13.774+0000] {dagbag.py:541} INFO - Filling up the DagBag from /usr/local/python/3.10.13/lib/python3.10/site-packages/airflow/example_dags/example_branch_operator_decorator.py
[2024-04-23T22:33:13.783+0000] {processor.py:836} INFO - DAG(s) dict_keys(['example_branch_python_operator_decorator']) retrieved from /usr/local/python/3.10.13/lib/python3.10/site-packages/airflow/example_dags/example_branch_operator_decorator.py
[2024-04-23T22:33:13.804+0000] {logging_mixin.py:150} INFO - [2024-04-23T22:33:13.803+0000] {dag.py:2742} INFO - Sync 1 DAGs
[2024-04-23T22:33:13.829+0000] {logging_mixin.py:150} INFO - [2024-04-23T22:33:13.829+0000] {dag.py:3504} INFO - Setting next_dagrun for example_branch_python_operator_decorator to 2024-04-22T00:00:00+00:00, run_after=2024-04-23T00:00:00+00:00
[2024-04-23T22:33:13.870+0000] {processor.py:179} INFO - Processing /usr/local/python/3.10.13/lib/python3.10/site-packages/airflow/example_dags/example_branch_operator_decorator.py took 0.099 seconds
[2024-04-23T22:34:07.845+0000] {processor.py:157} INFO - Started process (PID=34016) to work on /usr/local/python/3.10.13/lib/python3.10/site-packages/airflow/example_dags/example_branch_operator_decorator.py
[2024-04-23T22:34:07.846+0000] {processor.py:826} INFO - Processing file /usr/local/python/3.10.13/lib/python3.10/site-packages/airflow/example_dags/example_branch_operator_decorator.py for tasks to queue
[2024-04-23T22:34:07.846+0000] {logging_mixin.py:150} INFO - [2024-04-23T22:34:07.846+0000] {dagbag.py:541} INFO - Filling up the DagBag from /usr/local/python/3.10.13/lib/python3.10/site-packages/airflow/example_dags/example_branch_operator_decorator.py
[2024-04-23T22:34:07.854+0000] {processor.py:836} INFO - DAG(s) dict_keys(['example_branch_python_operator_decorator']) retrieved from /usr/local/python/3.10.13/lib/python3.10/site-packages/airflow/example_dags/example_branch_operator_decorator.py
[2024-04-23T22:34:07.868+0000] {logging_mixin.py:150} INFO - [2024-04-23T22:34:07.868+0000] {dag.py:2742} INFO - Sync 1 DAGs
[2024-04-23T22:34:07.885+0000] {logging_mixin.py:150} INFO - [2024-04-23T22:34:07.885+0000] {dag.py:3504} INFO - Setting next_dagrun for example_branch_python_operator_decorator to 2024-04-22T00:00:00+00:00, run_after=2024-04-23T00:00:00+00:00
[2024-04-23T22:34:07.927+0000] {processor.py:179} INFO - Processing /usr/local/python/3.10.13/lib/python3.10/site-packages/airflow/example_dags/example_branch_operator_decorator.py took 0.084 seconds
[2024-04-23T22:35:01.015+0000] {processor.py:157} INFO - Started process (PID=34482) to work on /usr/local/python/3.10.13/lib/python3.10/site-packages/airflow/example_dags/example_branch_operator_decorator.py
[2024-04-23T22:35:01.015+0000] {processor.py:826} INFO - Processing file /usr/local/python/3.10.13/lib/python3.10/site-packages/airflow/example_dags/example_branch_operator_decorator.py for tasks to queue
[2024-04-23T22:35:01.016+0000] {logging_mixin.py:150} INFO - [2024-04-23T22:35:01.016+0000] {dagbag.py:541} INFO - Filling up the DagBag from /usr/local/python/3.10.13/lib/python3.10/site-packages/airflow/example_dags/example_branch_operator_decorator.py
[2024-04-23T22:35:01.024+0000] {processor.py:836} INFO - DAG(s) dict_keys(['example_branch_python_operator_decorator']) retrieved from /usr/local/python/3.10.13/lib/python3.10/site-packages/airflow/example_dags/example_branch_operator_decorator.py
[2024-04-23T22:35:01.037+0000] {logging_mixin.py:150} INFO - [2024-04-23T22:35:01.037+0000] {dag.py:2742} INFO - Sync 1 DAGs
[2024-04-23T22:35:01.054+0000] {logging_mixin.py:150} INFO - [2024-04-23T22:35:01.054+0000] {dag.py:3504} INFO - Setting next_dagrun for example_branch_python_operator_decorator to 2024-04-22T00:00:00+00:00, run_after=2024-04-23T00:00:00+00:00
[2024-04-23T22:35:01.095+0000] {processor.py:179} INFO - Processing /usr/local/python/3.10.13/lib/python3.10/site-packages/airflow/example_dags/example_branch_operator_decorator.py took 0.083 seconds
[2024-04-23T22:35:49.891+0000] {processor.py:157} INFO - Started process (PID=34894) to work on /usr/local/python/3.10.13/lib/python3.10/site-packages/airflow/example_dags/example_branch_operator_decorator.py
[2024-04-23T22:35:49.891+0000] {processor.py:826} INFO - Processing file /usr/local/python/3.10.13/lib/python3.10/site-packages/airflow/example_dags/example_branch_operator_decorator.py for tasks to queue
[2024-04-23T22:35:49.892+0000] {logging_mixin.py:150} INFO - [2024-04-23T22:35:49.892+0000] {dagbag.py:541} INFO - Filling up the DagBag from /usr/local/python/3.10.13/lib/python3.10/site-packages/airflow/example_dags/example_branch_operator_decorator.py
[2024-04-23T22:35:49.899+0000] {processor.py:836} INFO - DAG(s) dict_keys(['example_branch_python_operator_decorator']) retrieved from /usr/local/python/3.10.13/lib/python3.10/site-packages/airflow/example_dags/example_branch_operator_decorator.py
[2024-04-23T22:35:49.913+0000] {logging_mixin.py:150} INFO - [2024-04-23T22:35:49.913+0000] {dag.py:2742} INFO - Sync 1 DAGs
[2024-04-23T22:35:49.931+0000] {logging_mixin.py:150} INFO - [2024-04-23T22:35:49.931+0000] {dag.py:3504} INFO - Setting next_dagrun for example_branch_python_operator_decorator to 2024-04-22T00:00:00+00:00, run_after=2024-04-23T00:00:00+00:00
[2024-04-23T22:35:49.969+0000] {processor.py:179} INFO - Processing /usr/local/python/3.10.13/lib/python3.10/site-packages/airflow/example_dags/example_branch_operator_decorator.py took 0.081 seconds
[2024-04-23T22:36:41.516+0000] {processor.py:157} INFO - Started process (PID=35292) to work on /usr/local/python/3.10.13/lib/python3.10/site-packages/airflow/example_dags/example_branch_operator_decorator.py
[2024-04-23T22:36:41.517+0000] {processor.py:826} INFO - Processing file /usr/local/python/3.10.13/lib/python3.10/site-packages/airflow/example_dags/example_branch_operator_decorator.py for tasks to queue
[2024-04-23T22:36:41.517+0000] {logging_mixin.py:150} INFO - [2024-04-23T22:36:41.517+0000] {dagbag.py:541} INFO - Filling up the DagBag from /usr/local/python/3.10.13/lib/python3.10/site-packages/airflow/example_dags/example_branch_operator_decorator.py
[2024-04-23T22:36:41.528+0000] {processor.py:836} INFO - DAG(s) dict_keys(['example_branch_python_operator_decorator']) retrieved from /usr/local/python/3.10.13/lib/python3.10/site-packages/airflow/example_dags/example_branch_operator_decorator.py
[2024-04-23T22:36:41.549+0000] {logging_mixin.py:150} INFO - [2024-04-23T22:36:41.548+0000] {dag.py:2742} INFO - Sync 1 DAGs
[2024-04-23T22:36:41.565+0000] {logging_mixin.py:150} INFO - [2024-04-23T22:36:41.565+0000] {dag.py:3504} INFO - Setting next_dagrun for example_branch_python_operator_decorator to 2024-04-22T00:00:00+00:00, run_after=2024-04-23T00:00:00+00:00
[2024-04-23T22:36:41.607+0000] {processor.py:179} INFO - Processing /usr/local/python/3.10.13/lib/python3.10/site-packages/airflow/example_dags/example_branch_operator_decorator.py took 0.095 seconds
[2024-04-23T22:37:35.788+0000] {processor.py:157} INFO - Started process (PID=35710) to work on /usr/local/python/3.10.13/lib/python3.10/site-packages/airflow/example_dags/example_branch_operator_decorator.py
[2024-04-23T22:37:35.788+0000] {processor.py:826} INFO - Processing file /usr/local/python/3.10.13/lib/python3.10/site-packages/airflow/example_dags/example_branch_operator_decorator.py for tasks to queue
[2024-04-23T22:37:35.789+0000] {logging_mixin.py:150} INFO - [2024-04-23T22:37:35.789+0000] {dagbag.py:541} INFO - Filling up the DagBag from /usr/local/python/3.10.13/lib/python3.10/site-packages/airflow/example_dags/example_branch_operator_decorator.py
[2024-04-23T22:37:35.799+0000] {processor.py:836} INFO - DAG(s) dict_keys(['example_branch_python_operator_decorator']) retrieved from /usr/local/python/3.10.13/lib/python3.10/site-packages/airflow/example_dags/example_branch_operator_decorator.py
[2024-04-23T22:37:35.814+0000] {logging_mixin.py:150} INFO - [2024-04-23T22:37:35.814+0000] {dag.py:2742} INFO - Sync 1 DAGs
[2024-04-23T22:37:35.839+0000] {logging_mixin.py:150} INFO - [2024-04-23T22:37:35.839+0000] {dag.py:3504} INFO - Setting next_dagrun for example_branch_python_operator_decorator to 2024-04-22T00:00:00+00:00, run_after=2024-04-23T00:00:00+00:00
[2024-04-23T22:37:35.892+0000] {processor.py:179} INFO - Processing /usr/local/python/3.10.13/lib/python3.10/site-packages/airflow/example_dags/example_branch_operator_decorator.py took 0.107 seconds
[2024-04-23T22:38:25.866+0000] {processor.py:157} INFO - Started process (PID=36086) to work on /usr/local/python/3.10.13/lib/python3.10/site-packages/airflow/example_dags/example_branch_operator_decorator.py
[2024-04-23T22:38:25.867+0000] {processor.py:826} INFO - Processing file /usr/local/python/3.10.13/lib/python3.10/site-packages/airflow/example_dags/example_branch_operator_decorator.py for tasks to queue
[2024-04-23T22:38:25.867+0000] {logging_mixin.py:150} INFO - [2024-04-23T22:38:25.867+0000] {dagbag.py:541} INFO - Filling up the DagBag from /usr/local/python/3.10.13/lib/python3.10/site-packages/airflow/example_dags/example_branch_operator_decorator.py
[2024-04-23T22:38:25.875+0000] {processor.py:836} INFO - DAG(s) dict_keys(['example_branch_python_operator_decorator']) retrieved from /usr/local/python/3.10.13/lib/python3.10/site-packages/airflow/example_dags/example_branch_operator_decorator.py
[2024-04-23T22:38:25.888+0000] {logging_mixin.py:150} INFO - [2024-04-23T22:38:25.888+0000] {dag.py:2742} INFO - Sync 1 DAGs
[2024-04-23T22:38:25.904+0000] {logging_mixin.py:150} INFO - [2024-04-23T22:38:25.904+0000] {dag.py:3504} INFO - Setting next_dagrun for example_branch_python_operator_decorator to 2024-04-22T00:00:00+00:00, run_after=2024-04-23T00:00:00+00:00
[2024-04-23T22:38:25.944+0000] {processor.py:179} INFO - Processing /usr/local/python/3.10.13/lib/python3.10/site-packages/airflow/example_dags/example_branch_operator_decorator.py took 0.081 seconds
[2024-04-23T22:39:16.063+0000] {processor.py:157} INFO - Started process (PID=36463) to work on /usr/local/python/3.10.13/lib/python3.10/site-packages/airflow/example_dags/example_branch_operator_decorator.py
[2024-04-23T22:39:16.063+0000] {processor.py:826} INFO - Processing file /usr/local/python/3.10.13/lib/python3.10/site-packages/airflow/example_dags/example_branch_operator_decorator.py for tasks to queue
[2024-04-23T22:39:16.064+0000] {logging_mixin.py:150} INFO - [2024-04-23T22:39:16.064+0000] {dagbag.py:541} INFO - Filling up the DagBag from /usr/local/python/3.10.13/lib/python3.10/site-packages/airflow/example_dags/example_branch_operator_decorator.py
[2024-04-23T22:39:16.072+0000] {processor.py:836} INFO - DAG(s) dict_keys(['example_branch_python_operator_decorator']) retrieved from /usr/local/python/3.10.13/lib/python3.10/site-packages/airflow/example_dags/example_branch_operator_decorator.py
[2024-04-23T22:39:16.088+0000] {logging_mixin.py:150} INFO - [2024-04-23T22:39:16.087+0000] {dag.py:2742} INFO - Sync 1 DAGs
[2024-04-23T22:39:16.109+0000] {logging_mixin.py:150} INFO - [2024-04-23T22:39:16.109+0000] {dag.py:3504} INFO - Setting next_dagrun for example_branch_python_operator_decorator to 2024-04-22T00:00:00+00:00, run_after=2024-04-23T00:00:00+00:00
[2024-04-23T22:39:16.147+0000] {processor.py:179} INFO - Processing /usr/local/python/3.10.13/lib/python3.10/site-packages/airflow/example_dags/example_branch_operator_decorator.py took 0.087 seconds
[2024-04-23T22:40:06.885+0000] {processor.py:157} INFO - Started process (PID=36846) to work on /usr/local/python/3.10.13/lib/python3.10/site-packages/airflow/example_dags/example_branch_operator_decorator.py
[2024-04-23T22:40:06.886+0000] {processor.py:826} INFO - Processing file /usr/local/python/3.10.13/lib/python3.10/site-packages/airflow/example_dags/example_branch_operator_decorator.py for tasks to queue
[2024-04-23T22:40:06.886+0000] {logging_mixin.py:150} INFO - [2024-04-23T22:40:06.886+0000] {dagbag.py:541} INFO - Filling up the DagBag from /usr/local/python/3.10.13/lib/python3.10/site-packages/airflow/example_dags/example_branch_operator_decorator.py
[2024-04-23T22:40:06.894+0000] {processor.py:836} INFO - DAG(s) dict_keys(['example_branch_python_operator_decorator']) retrieved from /usr/local/python/3.10.13/lib/python3.10/site-packages/airflow/example_dags/example_branch_operator_decorator.py
[2024-04-23T22:40:06.908+0000] {logging_mixin.py:150} INFO - [2024-04-23T22:40:06.908+0000] {dag.py:2742} INFO - Sync 1 DAGs
[2024-04-23T22:40:06.926+0000] {logging_mixin.py:150} INFO - [2024-04-23T22:40:06.926+0000] {dag.py:3504} INFO - Setting next_dagrun for example_branch_python_operator_decorator to 2024-04-22T00:00:00+00:00, run_after=2024-04-23T00:00:00+00:00
[2024-04-23T22:40:06.965+0000] {processor.py:179} INFO - Processing /usr/local/python/3.10.13/lib/python3.10/site-packages/airflow/example_dags/example_branch_operator_decorator.py took 0.083 seconds
[2024-04-23T22:41:01.062+0000] {processor.py:157} INFO - Started process (PID=37262) to work on /usr/local/python/3.10.13/lib/python3.10/site-packages/airflow/example_dags/example_branch_operator_decorator.py
[2024-04-23T22:41:01.063+0000] {processor.py:826} INFO - Processing file /usr/local/python/3.10.13/lib/python3.10/site-packages/airflow/example_dags/example_branch_operator_decorator.py for tasks to queue
[2024-04-23T22:41:01.064+0000] {logging_mixin.py:150} INFO - [2024-04-23T22:41:01.063+0000] {dagbag.py:541} INFO - Filling up the DagBag from /usr/local/python/3.10.13/lib/python3.10/site-packages/airflow/example_dags/example_branch_operator_decorator.py
[2024-04-23T22:41:01.071+0000] {processor.py:836} INFO - DAG(s) dict_keys(['example_branch_python_operator_decorator']) retrieved from /usr/local/python/3.10.13/lib/python3.10/site-packages/airflow/example_dags/example_branch_operator_decorator.py
[2024-04-23T22:41:01.085+0000] {logging_mixin.py:150} INFO - [2024-04-23T22:41:01.085+0000] {dag.py:2742} INFO - Sync 1 DAGs
[2024-04-23T22:41:01.101+0000] {logging_mixin.py:150} INFO - [2024-04-23T22:41:01.101+0000] {dag.py:3504} INFO - Setting next_dagrun for example_branch_python_operator_decorator to 2024-04-22T00:00:00+00:00, run_after=2024-04-23T00:00:00+00:00
[2024-04-23T22:41:01.140+0000] {processor.py:179} INFO - Processing /usr/local/python/3.10.13/lib/python3.10/site-packages/airflow/example_dags/example_branch_operator_decorator.py took 0.081 seconds
[2024-04-23T22:41:57.352+0000] {processor.py:157} INFO - Started process (PID=37672) to work on /usr/local/python/3.10.13/lib/python3.10/site-packages/airflow/example_dags/example_branch_operator_decorator.py
[2024-04-23T22:41:57.352+0000] {processor.py:826} INFO - Processing file /usr/local/python/3.10.13/lib/python3.10/site-packages/airflow/example_dags/example_branch_operator_decorator.py for tasks to queue
[2024-04-23T22:41:57.353+0000] {logging_mixin.py:150} INFO - [2024-04-23T22:41:57.353+0000] {dagbag.py:541} INFO - Filling up the DagBag from /usr/local/python/3.10.13/lib/python3.10/site-packages/airflow/example_dags/example_branch_operator_decorator.py
[2024-04-23T22:41:57.361+0000] {processor.py:836} INFO - DAG(s) dict_keys(['example_branch_python_operator_decorator']) retrieved from /usr/local/python/3.10.13/lib/python3.10/site-packages/airflow/example_dags/example_branch_operator_decorator.py
[2024-04-23T22:41:57.376+0000] {logging_mixin.py:150} INFO - [2024-04-23T22:41:57.376+0000] {dag.py:2742} INFO - Sync 1 DAGs
[2024-04-23T22:41:57.393+0000] {logging_mixin.py:150} INFO - [2024-04-23T22:41:57.393+0000] {dag.py:3504} INFO - Setting next_dagrun for example_branch_python_operator_decorator to 2024-04-22T00:00:00+00:00, run_after=2024-04-23T00:00:00+00:00
[2024-04-23T22:41:57.430+0000] {processor.py:179} INFO - Processing /usr/local/python/3.10.13/lib/python3.10/site-packages/airflow/example_dags/example_branch_operator_decorator.py took 0.080 seconds
[2024-04-23T22:42:48.172+0000] {processor.py:157} INFO - Started process (PID=38047) to work on /usr/local/python/3.10.13/lib/python3.10/site-packages/airflow/example_dags/example_branch_operator_decorator.py
[2024-04-23T22:42:48.173+0000] {processor.py:826} INFO - Processing file /usr/local/python/3.10.13/lib/python3.10/site-packages/airflow/example_dags/example_branch_operator_decorator.py for tasks to queue
[2024-04-23T22:42:48.174+0000] {logging_mixin.py:150} INFO - [2024-04-23T22:42:48.173+0000] {dagbag.py:541} INFO - Filling up the DagBag from /usr/local/python/3.10.13/lib/python3.10/site-packages/airflow/example_dags/example_branch_operator_decorator.py
[2024-04-23T22:42:48.181+0000] {processor.py:836} INFO - DAG(s) dict_keys(['example_branch_python_operator_decorator']) retrieved from /usr/local/python/3.10.13/lib/python3.10/site-packages/airflow/example_dags/example_branch_operator_decorator.py
[2024-04-23T22:42:48.195+0000] {logging_mixin.py:150} INFO - [2024-04-23T22:42:48.195+0000] {dag.py:2742} INFO - Sync 1 DAGs
[2024-04-23T22:42:48.212+0000] {logging_mixin.py:150} INFO - [2024-04-23T22:42:48.212+0000] {dag.py:3504} INFO - Setting next_dagrun for example_branch_python_operator_decorator to 2024-04-22T00:00:00+00:00, run_after=2024-04-23T00:00:00+00:00
[2024-04-23T22:42:48.249+0000] {processor.py:179} INFO - Processing /usr/local/python/3.10.13/lib/python3.10/site-packages/airflow/example_dags/example_branch_operator_decorator.py took 0.079 seconds
[2024-04-23T22:43:40.549+0000] {processor.py:157} INFO - Started process (PID=38425) to work on /usr/local/python/3.10.13/lib/python3.10/site-packages/airflow/example_dags/example_branch_operator_decorator.py
[2024-04-23T22:43:40.549+0000] {processor.py:826} INFO - Processing file /usr/local/python/3.10.13/lib/python3.10/site-packages/airflow/example_dags/example_branch_operator_decorator.py for tasks to queue
[2024-04-23T22:43:40.550+0000] {logging_mixin.py:150} INFO - [2024-04-23T22:43:40.550+0000] {dagbag.py:541} INFO - Filling up the DagBag from /usr/local/python/3.10.13/lib/python3.10/site-packages/airflow/example_dags/example_branch_operator_decorator.py
[2024-04-23T22:43:40.558+0000] {processor.py:836} INFO - DAG(s) dict_keys(['example_branch_python_operator_decorator']) retrieved from /usr/local/python/3.10.13/lib/python3.10/site-packages/airflow/example_dags/example_branch_operator_decorator.py
[2024-04-23T22:43:40.572+0000] {logging_mixin.py:150} INFO - [2024-04-23T22:43:40.572+0000] {dag.py:2742} INFO - Sync 1 DAGs
[2024-04-23T22:43:40.591+0000] {logging_mixin.py:150} INFO - [2024-04-23T22:43:40.591+0000] {dag.py:3504} INFO - Setting next_dagrun for example_branch_python_operator_decorator to 2024-04-22T00:00:00+00:00, run_after=2024-04-23T00:00:00+00:00
[2024-04-23T22:43:40.628+0000] {processor.py:179} INFO - Processing /usr/local/python/3.10.13/lib/python3.10/site-packages/airflow/example_dags/example_branch_operator_decorator.py took 0.083 seconds
[2024-04-23T22:44:29.142+0000] {processor.py:157} INFO - Started process (PID=38774) to work on /usr/local/python/3.10.13/lib/python3.10/site-packages/airflow/example_dags/example_branch_operator_decorator.py
[2024-04-23T22:44:29.143+0000] {processor.py:826} INFO - Processing file /usr/local/python/3.10.13/lib/python3.10/site-packages/airflow/example_dags/example_branch_operator_decorator.py for tasks to queue
[2024-04-23T22:44:29.143+0000] {logging_mixin.py:150} INFO - [2024-04-23T22:44:29.143+0000] {dagbag.py:541} INFO - Filling up the DagBag from /usr/local/python/3.10.13/lib/python3.10/site-packages/airflow/example_dags/example_branch_operator_decorator.py
[2024-04-23T22:44:29.151+0000] {processor.py:836} INFO - DAG(s) dict_keys(['example_branch_python_operator_decorator']) retrieved from /usr/local/python/3.10.13/lib/python3.10/site-packages/airflow/example_dags/example_branch_operator_decorator.py
[2024-04-23T22:44:29.166+0000] {logging_mixin.py:150} INFO - [2024-04-23T22:44:29.166+0000] {dag.py:2742} INFO - Sync 1 DAGs
[2024-04-23T22:44:29.182+0000] {logging_mixin.py:150} INFO - [2024-04-23T22:44:29.182+0000] {dag.py:3504} INFO - Setting next_dagrun for example_branch_python_operator_decorator to 2024-04-22T00:00:00+00:00, run_after=2024-04-23T00:00:00+00:00
[2024-04-23T22:44:29.222+0000] {processor.py:179} INFO - Processing /usr/local/python/3.10.13/lib/python3.10/site-packages/airflow/example_dags/example_branch_operator_decorator.py took 0.082 seconds
[2024-04-23T22:45:19.316+0000] {processor.py:157} INFO - Started process (PID=39164) to work on /usr/local/python/3.10.13/lib/python3.10/site-packages/airflow/example_dags/example_branch_operator_decorator.py
[2024-04-23T22:45:19.316+0000] {processor.py:826} INFO - Processing file /usr/local/python/3.10.13/lib/python3.10/site-packages/airflow/example_dags/example_branch_operator_decorator.py for tasks to queue
[2024-04-23T22:45:19.317+0000] {logging_mixin.py:150} INFO - [2024-04-23T22:45:19.317+0000] {dagbag.py:541} INFO - Filling up the DagBag from /usr/local/python/3.10.13/lib/python3.10/site-packages/airflow/example_dags/example_branch_operator_decorator.py
[2024-04-23T22:45:19.325+0000] {processor.py:836} INFO - DAG(s) dict_keys(['example_branch_python_operator_decorator']) retrieved from /usr/local/python/3.10.13/lib/python3.10/site-packages/airflow/example_dags/example_branch_operator_decorator.py
[2024-04-23T22:45:19.339+0000] {logging_mixin.py:150} INFO - [2024-04-23T22:45:19.339+0000] {dag.py:2742} INFO - Sync 1 DAGs
[2024-04-23T22:45:19.356+0000] {logging_mixin.py:150} INFO - [2024-04-23T22:45:19.356+0000] {dag.py:3504} INFO - Setting next_dagrun for example_branch_python_operator_decorator to 2024-04-22T00:00:00+00:00, run_after=2024-04-23T00:00:00+00:00
[2024-04-23T22:45:19.395+0000] {processor.py:179} INFO - Processing /usr/local/python/3.10.13/lib/python3.10/site-packages/airflow/example_dags/example_branch_operator_decorator.py took 0.081 seconds
[2024-04-23T22:46:09.894+0000] {processor.py:157} INFO - Started process (PID=39544) to work on /usr/local/python/3.10.13/lib/python3.10/site-packages/airflow/example_dags/example_branch_operator_decorator.py
[2024-04-23T22:46:09.895+0000] {processor.py:826} INFO - Processing file /usr/local/python/3.10.13/lib/python3.10/site-packages/airflow/example_dags/example_branch_operator_decorator.py for tasks to queue
[2024-04-23T22:46:09.895+0000] {logging_mixin.py:150} INFO - [2024-04-23T22:46:09.895+0000] {dagbag.py:541} INFO - Filling up the DagBag from /usr/local/python/3.10.13/lib/python3.10/site-packages/airflow/example_dags/example_branch_operator_decorator.py
[2024-04-23T22:46:09.903+0000] {processor.py:836} INFO - DAG(s) dict_keys(['example_branch_python_operator_decorator']) retrieved from /usr/local/python/3.10.13/lib/python3.10/site-packages/airflow/example_dags/example_branch_operator_decorator.py
[2024-04-23T22:46:09.918+0000] {logging_mixin.py:150} INFO - [2024-04-23T22:46:09.917+0000] {dag.py:2742} INFO - Sync 1 DAGs
[2024-04-23T22:46:09.935+0000] {logging_mixin.py:150} INFO - [2024-04-23T22:46:09.934+0000] {dag.py:3504} INFO - Setting next_dagrun for example_branch_python_operator_decorator to 2024-04-22T00:00:00+00:00, run_after=2024-04-23T00:00:00+00:00
[2024-04-23T22:46:09.979+0000] {processor.py:179} INFO - Processing /usr/local/python/3.10.13/lib/python3.10/site-packages/airflow/example_dags/example_branch_operator_decorator.py took 0.087 seconds
[2024-04-23T22:47:04.787+0000] {processor.py:157} INFO - Started process (PID=39962) to work on /usr/local/python/3.10.13/lib/python3.10/site-packages/airflow/example_dags/example_branch_operator_decorator.py
[2024-04-23T22:47:04.788+0000] {processor.py:826} INFO - Processing file /usr/local/python/3.10.13/lib/python3.10/site-packages/airflow/example_dags/example_branch_operator_decorator.py for tasks to queue
[2024-04-23T22:47:04.788+0000] {logging_mixin.py:150} INFO - [2024-04-23T22:47:04.788+0000] {dagbag.py:541} INFO - Filling up the DagBag from /usr/local/python/3.10.13/lib/python3.10/site-packages/airflow/example_dags/example_branch_operator_decorator.py
[2024-04-23T22:47:04.796+0000] {processor.py:836} INFO - DAG(s) dict_keys(['example_branch_python_operator_decorator']) retrieved from /usr/local/python/3.10.13/lib/python3.10/site-packages/airflow/example_dags/example_branch_operator_decorator.py
[2024-04-23T22:47:04.810+0000] {logging_mixin.py:150} INFO - [2024-04-23T22:47:04.810+0000] {dag.py:2742} INFO - Sync 1 DAGs
[2024-04-23T22:47:04.826+0000] {logging_mixin.py:150} INFO - [2024-04-23T22:47:04.826+0000] {dag.py:3504} INFO - Setting next_dagrun for example_branch_python_operator_decorator to 2024-04-22T00:00:00+00:00, run_after=2024-04-23T00:00:00+00:00
[2024-04-23T22:47:04.862+0000] {processor.py:179} INFO - Processing /usr/local/python/3.10.13/lib/python3.10/site-packages/airflow/example_dags/example_branch_operator_decorator.py took 0.077 seconds
[2024-04-23T22:47:58.666+0000] {processor.py:157} INFO - Started process (PID=40360) to work on /usr/local/python/3.10.13/lib/python3.10/site-packages/airflow/example_dags/example_branch_operator_decorator.py
[2024-04-23T22:47:58.667+0000] {processor.py:826} INFO - Processing file /usr/local/python/3.10.13/lib/python3.10/site-packages/airflow/example_dags/example_branch_operator_decorator.py for tasks to queue
[2024-04-23T22:47:58.667+0000] {logging_mixin.py:150} INFO - [2024-04-23T22:47:58.667+0000] {dagbag.py:541} INFO - Filling up the DagBag from /usr/local/python/3.10.13/lib/python3.10/site-packages/airflow/example_dags/example_branch_operator_decorator.py
[2024-04-23T22:47:58.675+0000] {processor.py:836} INFO - DAG(s) dict_keys(['example_branch_python_operator_decorator']) retrieved from /usr/local/python/3.10.13/lib/python3.10/site-packages/airflow/example_dags/example_branch_operator_decorator.py
[2024-04-23T22:47:58.689+0000] {logging_mixin.py:150} INFO - [2024-04-23T22:47:58.689+0000] {dag.py:2742} INFO - Sync 1 DAGs
[2024-04-23T22:47:58.705+0000] {logging_mixin.py:150} INFO - [2024-04-23T22:47:58.705+0000] {dag.py:3504} INFO - Setting next_dagrun for example_branch_python_operator_decorator to 2024-04-22T00:00:00+00:00, run_after=2024-04-23T00:00:00+00:00
[2024-04-23T22:47:58.740+0000] {processor.py:179} INFO - Processing /usr/local/python/3.10.13/lib/python3.10/site-packages/airflow/example_dags/example_branch_operator_decorator.py took 0.077 seconds
[2024-04-23T22:48:49.727+0000] {processor.py:157} INFO - Started process (PID=40760) to work on /usr/local/python/3.10.13/lib/python3.10/site-packages/airflow/example_dags/example_branch_operator_decorator.py
[2024-04-23T22:48:49.727+0000] {processor.py:826} INFO - Processing file /usr/local/python/3.10.13/lib/python3.10/site-packages/airflow/example_dags/example_branch_operator_decorator.py for tasks to queue
[2024-04-23T22:48:49.728+0000] {logging_mixin.py:150} INFO - [2024-04-23T22:48:49.728+0000] {dagbag.py:541} INFO - Filling up the DagBag from /usr/local/python/3.10.13/lib/python3.10/site-packages/airflow/example_dags/example_branch_operator_decorator.py
[2024-04-23T22:48:49.735+0000] {processor.py:836} INFO - DAG(s) dict_keys(['example_branch_python_operator_decorator']) retrieved from /usr/local/python/3.10.13/lib/python3.10/site-packages/airflow/example_dags/example_branch_operator_decorator.py
[2024-04-23T22:48:49.749+0000] {logging_mixin.py:150} INFO - [2024-04-23T22:48:49.749+0000] {dag.py:2742} INFO - Sync 1 DAGs
[2024-04-23T22:48:49.766+0000] {logging_mixin.py:150} INFO - [2024-04-23T22:48:49.766+0000] {dag.py:3504} INFO - Setting next_dagrun for example_branch_python_operator_decorator to 2024-04-22T00:00:00+00:00, run_after=2024-04-23T00:00:00+00:00
[2024-04-23T22:48:49.806+0000] {processor.py:179} INFO - Processing /usr/local/python/3.10.13/lib/python3.10/site-packages/airflow/example_dags/example_branch_operator_decorator.py took 0.082 seconds
[2024-04-23T22:49:39.734+0000] {processor.py:157} INFO - Started process (PID=41138) to work on /usr/local/python/3.10.13/lib/python3.10/site-packages/airflow/example_dags/example_branch_operator_decorator.py
[2024-04-23T22:49:39.735+0000] {processor.py:826} INFO - Processing file /usr/local/python/3.10.13/lib/python3.10/site-packages/airflow/example_dags/example_branch_operator_decorator.py for tasks to queue
[2024-04-23T22:49:39.736+0000] {logging_mixin.py:150} INFO - [2024-04-23T22:49:39.735+0000] {dagbag.py:541} INFO - Filling up the DagBag from /usr/local/python/3.10.13/lib/python3.10/site-packages/airflow/example_dags/example_branch_operator_decorator.py
[2024-04-23T22:49:39.743+0000] {processor.py:836} INFO - DAG(s) dict_keys(['example_branch_python_operator_decorator']) retrieved from /usr/local/python/3.10.13/lib/python3.10/site-packages/airflow/example_dags/example_branch_operator_decorator.py
[2024-04-23T22:49:39.757+0000] {logging_mixin.py:150} INFO - [2024-04-23T22:49:39.757+0000] {dag.py:2742} INFO - Sync 1 DAGs
[2024-04-23T22:49:39.774+0000] {logging_mixin.py:150} INFO - [2024-04-23T22:49:39.774+0000] {dag.py:3504} INFO - Setting next_dagrun for example_branch_python_operator_decorator to 2024-04-22T00:00:00+00:00, run_after=2024-04-23T00:00:00+00:00
[2024-04-23T22:49:39.809+0000] {processor.py:179} INFO - Processing /usr/local/python/3.10.13/lib/python3.10/site-packages/airflow/example_dags/example_branch_operator_decorator.py took 0.078 seconds
[2024-04-23T22:50:33.725+0000] {processor.py:157} INFO - Started process (PID=41533) to work on /usr/local/python/3.10.13/lib/python3.10/site-packages/airflow/example_dags/example_branch_operator_decorator.py
[2024-04-23T22:50:33.725+0000] {processor.py:826} INFO - Processing file /usr/local/python/3.10.13/lib/python3.10/site-packages/airflow/example_dags/example_branch_operator_decorator.py for tasks to queue
[2024-04-23T22:50:33.726+0000] {logging_mixin.py:150} INFO - [2024-04-23T22:50:33.726+0000] {dagbag.py:541} INFO - Filling up the DagBag from /usr/local/python/3.10.13/lib/python3.10/site-packages/airflow/example_dags/example_branch_operator_decorator.py
[2024-04-23T22:50:33.734+0000] {processor.py:836} INFO - DAG(s) dict_keys(['example_branch_python_operator_decorator']) retrieved from /usr/local/python/3.10.13/lib/python3.10/site-packages/airflow/example_dags/example_branch_operator_decorator.py
[2024-04-23T22:50:33.747+0000] {logging_mixin.py:150} INFO - [2024-04-23T22:50:33.747+0000] {dag.py:2742} INFO - Sync 1 DAGs
[2024-04-23T22:50:33.764+0000] {logging_mixin.py:150} INFO - [2024-04-23T22:50:33.764+0000] {dag.py:3504} INFO - Setting next_dagrun for example_branch_python_operator_decorator to 2024-04-22T00:00:00+00:00, run_after=2024-04-23T00:00:00+00:00
[2024-04-23T22:50:33.813+0000] {processor.py:179} INFO - Processing /usr/local/python/3.10.13/lib/python3.10/site-packages/airflow/example_dags/example_branch_operator_decorator.py took 0.090 seconds
[2024-04-23T22:51:21.520+0000] {processor.py:157} INFO - Started process (PID=41908) to work on /usr/local/python/3.10.13/lib/python3.10/site-packages/airflow/example_dags/example_branch_operator_decorator.py
[2024-04-23T22:51:21.521+0000] {processor.py:826} INFO - Processing file /usr/local/python/3.10.13/lib/python3.10/site-packages/airflow/example_dags/example_branch_operator_decorator.py for tasks to queue
[2024-04-23T22:51:21.522+0000] {logging_mixin.py:150} INFO - [2024-04-23T22:51:21.522+0000] {dagbag.py:541} INFO - Filling up the DagBag from /usr/local/python/3.10.13/lib/python3.10/site-packages/airflow/example_dags/example_branch_operator_decorator.py
[2024-04-23T22:51:21.531+0000] {processor.py:836} INFO - DAG(s) dict_keys(['example_branch_python_operator_decorator']) retrieved from /usr/local/python/3.10.13/lib/python3.10/site-packages/airflow/example_dags/example_branch_operator_decorator.py
[2024-04-23T22:51:21.549+0000] {logging_mixin.py:150} INFO - [2024-04-23T22:51:21.548+0000] {dag.py:2742} INFO - Sync 1 DAGs
[2024-04-23T22:51:21.566+0000] {logging_mixin.py:150} INFO - [2024-04-23T22:51:21.566+0000] {dag.py:3504} INFO - Setting next_dagrun for example_branch_python_operator_decorator to 2024-04-22T00:00:00+00:00, run_after=2024-04-23T00:00:00+00:00
[2024-04-23T22:51:21.609+0000] {processor.py:179} INFO - Processing /usr/local/python/3.10.13/lib/python3.10/site-packages/airflow/example_dags/example_branch_operator_decorator.py took 0.091 seconds
[2024-04-23T22:52:14.387+0000] {processor.py:157} INFO - Started process (PID=42304) to work on /usr/local/python/3.10.13/lib/python3.10/site-packages/airflow/example_dags/example_branch_operator_decorator.py
[2024-04-23T22:52:14.388+0000] {processor.py:826} INFO - Processing file /usr/local/python/3.10.13/lib/python3.10/site-packages/airflow/example_dags/example_branch_operator_decorator.py for tasks to queue
[2024-04-23T22:52:14.388+0000] {logging_mixin.py:150} INFO - [2024-04-23T22:52:14.388+0000] {dagbag.py:541} INFO - Filling up the DagBag from /usr/local/python/3.10.13/lib/python3.10/site-packages/airflow/example_dags/example_branch_operator_decorator.py
[2024-04-23T22:52:14.396+0000] {processor.py:836} INFO - DAG(s) dict_keys(['example_branch_python_operator_decorator']) retrieved from /usr/local/python/3.10.13/lib/python3.10/site-packages/airflow/example_dags/example_branch_operator_decorator.py
[2024-04-23T22:52:14.409+0000] {logging_mixin.py:150} INFO - [2024-04-23T22:52:14.409+0000] {dag.py:2742} INFO - Sync 1 DAGs
[2024-04-23T22:52:14.425+0000] {logging_mixin.py:150} INFO - [2024-04-23T22:52:14.425+0000] {dag.py:3504} INFO - Setting next_dagrun for example_branch_python_operator_decorator to 2024-04-22T00:00:00+00:00, run_after=2024-04-23T00:00:00+00:00
[2024-04-23T22:52:14.465+0000] {processor.py:179} INFO - Processing /usr/local/python/3.10.13/lib/python3.10/site-packages/airflow/example_dags/example_branch_operator_decorator.py took 0.081 seconds
[2024-04-23T22:53:05.538+0000] {processor.py:157} INFO - Started process (PID=42685) to work on /usr/local/python/3.10.13/lib/python3.10/site-packages/airflow/example_dags/example_branch_operator_decorator.py
[2024-04-23T22:53:05.539+0000] {processor.py:826} INFO - Processing file /usr/local/python/3.10.13/lib/python3.10/site-packages/airflow/example_dags/example_branch_operator_decorator.py for tasks to queue
[2024-04-23T22:53:05.539+0000] {logging_mixin.py:150} INFO - [2024-04-23T22:53:05.539+0000] {dagbag.py:541} INFO - Filling up the DagBag from /usr/local/python/3.10.13/lib/python3.10/site-packages/airflow/example_dags/example_branch_operator_decorator.py
[2024-04-23T22:53:05.548+0000] {processor.py:836} INFO - DAG(s) dict_keys(['example_branch_python_operator_decorator']) retrieved from /usr/local/python/3.10.13/lib/python3.10/site-packages/airflow/example_dags/example_branch_operator_decorator.py
[2024-04-23T22:53:05.562+0000] {logging_mixin.py:150} INFO - [2024-04-23T22:53:05.562+0000] {dag.py:2742} INFO - Sync 1 DAGs
[2024-04-23T22:53:05.579+0000] {logging_mixin.py:150} INFO - [2024-04-23T22:53:05.579+0000] {dag.py:3504} INFO - Setting next_dagrun for example_branch_python_operator_decorator to 2024-04-22T00:00:00+00:00, run_after=2024-04-23T00:00:00+00:00
[2024-04-23T22:53:05.619+0000] {processor.py:179} INFO - Processing /usr/local/python/3.10.13/lib/python3.10/site-packages/airflow/example_dags/example_branch_operator_decorator.py took 0.083 seconds
[2024-04-23T22:54:05.552+0000] {processor.py:157} INFO - Started process (PID=43103) to work on /usr/local/python/3.10.13/lib/python3.10/site-packages/airflow/example_dags/example_branch_operator_decorator.py
[2024-04-23T22:54:05.553+0000] {processor.py:826} INFO - Processing file /usr/local/python/3.10.13/lib/python3.10/site-packages/airflow/example_dags/example_branch_operator_decorator.py for tasks to queue
[2024-04-23T22:54:05.553+0000] {logging_mixin.py:150} INFO - [2024-04-23T22:54:05.553+0000] {dagbag.py:541} INFO - Filling up the DagBag from /usr/local/python/3.10.13/lib/python3.10/site-packages/airflow/example_dags/example_branch_operator_decorator.py
[2024-04-23T22:54:05.562+0000] {processor.py:836} INFO - DAG(s) dict_keys(['example_branch_python_operator_decorator']) retrieved from /usr/local/python/3.10.13/lib/python3.10/site-packages/airflow/example_dags/example_branch_operator_decorator.py
[2024-04-23T22:54:05.576+0000] {logging_mixin.py:150} INFO - [2024-04-23T22:54:05.575+0000] {dag.py:2742} INFO - Sync 1 DAGs
[2024-04-23T22:54:05.592+0000] {logging_mixin.py:150} INFO - [2024-04-23T22:54:05.592+0000] {dag.py:3504} INFO - Setting next_dagrun for example_branch_python_operator_decorator to 2024-04-22T00:00:00+00:00, run_after=2024-04-23T00:00:00+00:00
[2024-04-23T22:54:05.633+0000] {processor.py:179} INFO - Processing /usr/local/python/3.10.13/lib/python3.10/site-packages/airflow/example_dags/example_branch_operator_decorator.py took 0.083 seconds
[2024-04-23T22:55:09.265+0000] {processor.py:157} INFO - Started process (PID=43535) to work on /usr/local/python/3.10.13/lib/python3.10/site-packages/airflow/example_dags/example_branch_operator_decorator.py
[2024-04-23T22:55:09.266+0000] {processor.py:826} INFO - Processing file /usr/local/python/3.10.13/lib/python3.10/site-packages/airflow/example_dags/example_branch_operator_decorator.py for tasks to queue
[2024-04-23T22:55:09.267+0000] {logging_mixin.py:150} INFO - [2024-04-23T22:55:09.266+0000] {dagbag.py:541} INFO - Filling up the DagBag from /usr/local/python/3.10.13/lib/python3.10/site-packages/airflow/example_dags/example_branch_operator_decorator.py
[2024-04-23T22:55:09.276+0000] {processor.py:836} INFO - DAG(s) dict_keys(['example_branch_python_operator_decorator']) retrieved from /usr/local/python/3.10.13/lib/python3.10/site-packages/airflow/example_dags/example_branch_operator_decorator.py
[2024-04-23T22:55:09.289+0000] {logging_mixin.py:150} INFO - [2024-04-23T22:55:09.289+0000] {dag.py:2742} INFO - Sync 1 DAGs
[2024-04-23T22:55:09.312+0000] {logging_mixin.py:150} INFO - [2024-04-23T22:55:09.312+0000] {dag.py:3504} INFO - Setting next_dagrun for example_branch_python_operator_decorator to 2024-04-22T00:00:00+00:00, run_after=2024-04-23T00:00:00+00:00
[2024-04-23T22:55:09.350+0000] {processor.py:179} INFO - Processing /usr/local/python/3.10.13/lib/python3.10/site-packages/airflow/example_dags/example_branch_operator_decorator.py took 0.087 seconds
[2024-04-23T22:56:06.294+0000] {processor.py:157} INFO - Started process (PID=43934) to work on /usr/local/python/3.10.13/lib/python3.10/site-packages/airflow/example_dags/example_branch_operator_decorator.py
[2024-04-23T22:56:06.294+0000] {processor.py:826} INFO - Processing file /usr/local/python/3.10.13/lib/python3.10/site-packages/airflow/example_dags/example_branch_operator_decorator.py for tasks to queue
[2024-04-23T22:56:06.295+0000] {logging_mixin.py:150} INFO - [2024-04-23T22:56:06.295+0000] {dagbag.py:541} INFO - Filling up the DagBag from /usr/local/python/3.10.13/lib/python3.10/site-packages/airflow/example_dags/example_branch_operator_decorator.py
[2024-04-23T22:56:06.302+0000] {processor.py:836} INFO - DAG(s) dict_keys(['example_branch_python_operator_decorator']) retrieved from /usr/local/python/3.10.13/lib/python3.10/site-packages/airflow/example_dags/example_branch_operator_decorator.py
[2024-04-23T22:56:06.316+0000] {logging_mixin.py:150} INFO - [2024-04-23T22:56:06.315+0000] {dag.py:2742} INFO - Sync 1 DAGs
[2024-04-23T22:56:06.332+0000] {logging_mixin.py:150} INFO - [2024-04-23T22:56:06.332+0000] {dag.py:3504} INFO - Setting next_dagrun for example_branch_python_operator_decorator to 2024-04-22T00:00:00+00:00, run_after=2024-04-23T00:00:00+00:00
[2024-04-23T22:56:06.369+0000] {processor.py:179} INFO - Processing /usr/local/python/3.10.13/lib/python3.10/site-packages/airflow/example_dags/example_branch_operator_decorator.py took 0.077 seconds
[2024-04-23T22:57:12.258+0000] {processor.py:157} INFO - Started process (PID=44415) to work on /usr/local/python/3.10.13/lib/python3.10/site-packages/airflow/example_dags/example_branch_operator_decorator.py
[2024-04-23T22:57:12.259+0000] {processor.py:826} INFO - Processing file /usr/local/python/3.10.13/lib/python3.10/site-packages/airflow/example_dags/example_branch_operator_decorator.py for tasks to queue
[2024-04-23T22:57:12.260+0000] {logging_mixin.py:150} INFO - [2024-04-23T22:57:12.260+0000] {dagbag.py:541} INFO - Filling up the DagBag from /usr/local/python/3.10.13/lib/python3.10/site-packages/airflow/example_dags/example_branch_operator_decorator.py
[2024-04-23T22:57:12.268+0000] {processor.py:836} INFO - DAG(s) dict_keys(['example_branch_python_operator_decorator']) retrieved from /usr/local/python/3.10.13/lib/python3.10/site-packages/airflow/example_dags/example_branch_operator_decorator.py
[2024-04-23T22:57:12.281+0000] {logging_mixin.py:150} INFO - [2024-04-23T22:57:12.281+0000] {dag.py:2742} INFO - Sync 1 DAGs
[2024-04-23T22:57:12.298+0000] {logging_mixin.py:150} INFO - [2024-04-23T22:57:12.298+0000] {dag.py:3504} INFO - Setting next_dagrun for example_branch_python_operator_decorator to 2024-04-22T00:00:00+00:00, run_after=2024-04-23T00:00:00+00:00
[2024-04-23T22:57:12.337+0000] {processor.py:179} INFO - Processing /usr/local/python/3.10.13/lib/python3.10/site-packages/airflow/example_dags/example_branch_operator_decorator.py took 0.081 seconds
[2024-04-23T22:58:07.790+0000] {processor.py:157} INFO - Started process (PID=44842) to work on /usr/local/python/3.10.13/lib/python3.10/site-packages/airflow/example_dags/example_branch_operator_decorator.py
[2024-04-23T22:58:07.791+0000] {processor.py:826} INFO - Processing file /usr/local/python/3.10.13/lib/python3.10/site-packages/airflow/example_dags/example_branch_operator_decorator.py for tasks to queue
[2024-04-23T22:58:07.791+0000] {logging_mixin.py:150} INFO - [2024-04-23T22:58:07.791+0000] {dagbag.py:541} INFO - Filling up the DagBag from /usr/local/python/3.10.13/lib/python3.10/site-packages/airflow/example_dags/example_branch_operator_decorator.py
[2024-04-23T22:58:07.800+0000] {processor.py:836} INFO - DAG(s) dict_keys(['example_branch_python_operator_decorator']) retrieved from /usr/local/python/3.10.13/lib/python3.10/site-packages/airflow/example_dags/example_branch_operator_decorator.py
[2024-04-23T22:58:07.814+0000] {logging_mixin.py:150} INFO - [2024-04-23T22:58:07.814+0000] {dag.py:2742} INFO - Sync 1 DAGs
[2024-04-23T22:58:07.830+0000] {logging_mixin.py:150} INFO - [2024-04-23T22:58:07.830+0000] {dag.py:3504} INFO - Setting next_dagrun for example_branch_python_operator_decorator to 2024-04-22T00:00:00+00:00, run_after=2024-04-23T00:00:00+00:00
[2024-04-23T22:58:07.868+0000] {processor.py:179} INFO - Processing /usr/local/python/3.10.13/lib/python3.10/site-packages/airflow/example_dags/example_branch_operator_decorator.py took 0.080 seconds
[2024-04-23T22:58:59.398+0000] {processor.py:157} INFO - Started process (PID=45231) to work on /usr/local/python/3.10.13/lib/python3.10/site-packages/airflow/example_dags/example_branch_operator_decorator.py
[2024-04-23T22:58:59.399+0000] {processor.py:826} INFO - Processing file /usr/local/python/3.10.13/lib/python3.10/site-packages/airflow/example_dags/example_branch_operator_decorator.py for tasks to queue
[2024-04-23T22:58:59.400+0000] {logging_mixin.py:150} INFO - [2024-04-23T22:58:59.399+0000] {dagbag.py:541} INFO - Filling up the DagBag from /usr/local/python/3.10.13/lib/python3.10/site-packages/airflow/example_dags/example_branch_operator_decorator.py
[2024-04-23T22:58:59.407+0000] {processor.py:836} INFO - DAG(s) dict_keys(['example_branch_python_operator_decorator']) retrieved from /usr/local/python/3.10.13/lib/python3.10/site-packages/airflow/example_dags/example_branch_operator_decorator.py
[2024-04-23T22:58:59.421+0000] {logging_mixin.py:150} INFO - [2024-04-23T22:58:59.421+0000] {dag.py:2742} INFO - Sync 1 DAGs
[2024-04-23T22:58:59.437+0000] {logging_mixin.py:150} INFO - [2024-04-23T22:58:59.437+0000] {dag.py:3504} INFO - Setting next_dagrun for example_branch_python_operator_decorator to 2024-04-22T00:00:00+00:00, run_after=2024-04-23T00:00:00+00:00
[2024-04-23T22:58:59.472+0000] {processor.py:179} INFO - Processing /usr/local/python/3.10.13/lib/python3.10/site-packages/airflow/example_dags/example_branch_operator_decorator.py took 0.076 seconds
[2024-04-23T22:59:47.139+0000] {processor.py:157} INFO - Started process (PID=45611) to work on /usr/local/python/3.10.13/lib/python3.10/site-packages/airflow/example_dags/example_branch_operator_decorator.py
[2024-04-23T22:59:47.140+0000] {processor.py:826} INFO - Processing file /usr/local/python/3.10.13/lib/python3.10/site-packages/airflow/example_dags/example_branch_operator_decorator.py for tasks to queue
[2024-04-23T22:59:47.141+0000] {logging_mixin.py:150} INFO - [2024-04-23T22:59:47.140+0000] {dagbag.py:541} INFO - Filling up the DagBag from /usr/local/python/3.10.13/lib/python3.10/site-packages/airflow/example_dags/example_branch_operator_decorator.py
[2024-04-23T22:59:47.149+0000] {processor.py:836} INFO - DAG(s) dict_keys(['example_branch_python_operator_decorator']) retrieved from /usr/local/python/3.10.13/lib/python3.10/site-packages/airflow/example_dags/example_branch_operator_decorator.py
[2024-04-23T22:59:47.164+0000] {logging_mixin.py:150} INFO - [2024-04-23T22:59:47.164+0000] {dag.py:2742} INFO - Sync 1 DAGs
[2024-04-23T22:59:47.182+0000] {logging_mixin.py:150} INFO - [2024-04-23T22:59:47.182+0000] {dag.py:3504} INFO - Setting next_dagrun for example_branch_python_operator_decorator to 2024-04-22T00:00:00+00:00, run_after=2024-04-23T00:00:00+00:00
[2024-04-23T22:59:47.222+0000] {processor.py:179} INFO - Processing /usr/local/python/3.10.13/lib/python3.10/site-packages/airflow/example_dags/example_branch_operator_decorator.py took 0.085 seconds
