[2024-04-23T22:23:54.715+0000] {processor.py:157} INFO - Started process (PID=28879) to work on /usr/local/python/3.10.13/lib/python3.10/site-packages/airflow/example_dags/example_dynamic_task_mapping_with_no_taskflow_operators.py
[2024-04-23T22:23:54.716+0000] {processor.py:826} INFO - Processing file /usr/local/python/3.10.13/lib/python3.10/site-packages/airflow/example_dags/example_dynamic_task_mapping_with_no_taskflow_operators.py for tasks to queue
[2024-04-23T22:23:54.716+0000] {logging_mixin.py:150} INFO - [2024-04-23T22:23:54.716+0000] {dagbag.py:541} INFO - Filling up the DagBag from /usr/local/python/3.10.13/lib/python3.10/site-packages/airflow/example_dags/example_dynamic_task_mapping_with_no_taskflow_operators.py
[2024-04-23T22:23:54.722+0000] {processor.py:836} INFO - DAG(s) dict_keys(['example_dynamic_task_mapping_with_no_taskflow_operators']) retrieved from /usr/local/python/3.10.13/lib/python3.10/site-packages/airflow/example_dags/example_dynamic_task_mapping_with_no_taskflow_operators.py
[2024-04-23T22:23:54.855+0000] {logging_mixin.py:150} INFO - [2024-04-23T22:23:54.855+0000] {manager.py:504} INFO - Created Permission View: can delete on DAG:example_dynamic_task_mapping_with_no_taskflow_operators
[2024-04-23T22:23:54.888+0000] {logging_mixin.py:150} INFO - [2024-04-23T22:23:54.888+0000] {manager.py:504} INFO - Created Permission View: can edit on DAG:example_dynamic_task_mapping_with_no_taskflow_operators
[2024-04-23T22:23:54.919+0000] {logging_mixin.py:150} INFO - [2024-04-23T22:23:54.919+0000] {manager.py:504} INFO - Created Permission View: can read on DAG:example_dynamic_task_mapping_with_no_taskflow_operators
[2024-04-23T22:23:54.928+0000] {logging_mixin.py:150} INFO - [2024-04-23T22:23:54.928+0000] {dag.py:2742} INFO - Sync 1 DAGs
[2024-04-23T22:23:54.935+0000] {logging_mixin.py:150} INFO - [2024-04-23T22:23:54.935+0000] {dag.py:2763} INFO - Creating ORM DAG for example_dynamic_task_mapping_with_no_taskflow_operators
[2024-04-23T22:23:54.942+0000] {logging_mixin.py:150} INFO - [2024-04-23T22:23:54.942+0000] {dag.py:3504} INFO - Setting next_dagrun for example_dynamic_task_mapping_with_no_taskflow_operators to 2024-04-22T22:23:54.942652+00:00, run_after=2024-04-23T22:23:54.942652+00:00
[2024-04-23T22:23:54.981+0000] {processor.py:179} INFO - Processing /usr/local/python/3.10.13/lib/python3.10/site-packages/airflow/example_dags/example_dynamic_task_mapping_with_no_taskflow_operators.py took 0.268 seconds
[2024-04-23T22:24:41.546+0000] {processor.py:157} INFO - Started process (PID=29189) to work on /usr/local/python/3.10.13/lib/python3.10/site-packages/airflow/example_dags/example_dynamic_task_mapping_with_no_taskflow_operators.py
[2024-04-23T22:24:41.547+0000] {processor.py:826} INFO - Processing file /usr/local/python/3.10.13/lib/python3.10/site-packages/airflow/example_dags/example_dynamic_task_mapping_with_no_taskflow_operators.py for tasks to queue
[2024-04-23T22:24:41.547+0000] {logging_mixin.py:150} INFO - [2024-04-23T22:24:41.547+0000] {dagbag.py:541} INFO - Filling up the DagBag from /usr/local/python/3.10.13/lib/python3.10/site-packages/airflow/example_dags/example_dynamic_task_mapping_with_no_taskflow_operators.py
[2024-04-23T22:24:41.552+0000] {processor.py:836} INFO - DAG(s) dict_keys(['example_dynamic_task_mapping_with_no_taskflow_operators']) retrieved from /usr/local/python/3.10.13/lib/python3.10/site-packages/airflow/example_dags/example_dynamic_task_mapping_with_no_taskflow_operators.py
[2024-04-23T22:24:41.563+0000] {logging_mixin.py:150} INFO - [2024-04-23T22:24:41.563+0000] {dag.py:2742} INFO - Sync 1 DAGs
[2024-04-23T22:24:41.578+0000] {logging_mixin.py:150} INFO - [2024-04-23T22:24:41.578+0000] {dag.py:3504} INFO - Setting next_dagrun for example_dynamic_task_mapping_with_no_taskflow_operators to 2024-04-22T22:24:41.578457+00:00, run_after=2024-04-23T22:24:41.578457+00:00
[2024-04-23T22:24:41.621+0000] {processor.py:179} INFO - Processing /usr/local/python/3.10.13/lib/python3.10/site-packages/airflow/example_dags/example_dynamic_task_mapping_with_no_taskflow_operators.py took 0.077 seconds
[2024-04-23T22:25:31.937+0000] {processor.py:157} INFO - Started process (PID=29543) to work on /usr/local/python/3.10.13/lib/python3.10/site-packages/airflow/example_dags/example_dynamic_task_mapping_with_no_taskflow_operators.py
[2024-04-23T22:25:31.937+0000] {processor.py:826} INFO - Processing file /usr/local/python/3.10.13/lib/python3.10/site-packages/airflow/example_dags/example_dynamic_task_mapping_with_no_taskflow_operators.py for tasks to queue
[2024-04-23T22:25:31.938+0000] {logging_mixin.py:150} INFO - [2024-04-23T22:25:31.938+0000] {dagbag.py:541} INFO - Filling up the DagBag from /usr/local/python/3.10.13/lib/python3.10/site-packages/airflow/example_dags/example_dynamic_task_mapping_with_no_taskflow_operators.py
[2024-04-23T22:25:31.943+0000] {processor.py:836} INFO - DAG(s) dict_keys(['example_dynamic_task_mapping_with_no_taskflow_operators']) retrieved from /usr/local/python/3.10.13/lib/python3.10/site-packages/airflow/example_dags/example_dynamic_task_mapping_with_no_taskflow_operators.py
[2024-04-23T22:25:31.953+0000] {logging_mixin.py:150} INFO - [2024-04-23T22:25:31.953+0000] {dag.py:2742} INFO - Sync 1 DAGs
[2024-04-23T22:25:31.968+0000] {logging_mixin.py:150} INFO - [2024-04-23T22:25:31.968+0000] {dag.py:3504} INFO - Setting next_dagrun for example_dynamic_task_mapping_with_no_taskflow_operators to 2024-04-22T22:25:31.967836+00:00, run_after=2024-04-23T22:25:31.967836+00:00
[2024-04-23T22:25:32.006+0000] {processor.py:179} INFO - Processing /usr/local/python/3.10.13/lib/python3.10/site-packages/airflow/example_dags/example_dynamic_task_mapping_with_no_taskflow_operators.py took 0.071 seconds
[2024-04-23T22:26:19.160+0000] {processor.py:157} INFO - Started process (PID=29875) to work on /usr/local/python/3.10.13/lib/python3.10/site-packages/airflow/example_dags/example_dynamic_task_mapping_with_no_taskflow_operators.py
[2024-04-23T22:26:19.160+0000] {processor.py:826} INFO - Processing file /usr/local/python/3.10.13/lib/python3.10/site-packages/airflow/example_dags/example_dynamic_task_mapping_with_no_taskflow_operators.py for tasks to queue
[2024-04-23T22:26:19.161+0000] {logging_mixin.py:150} INFO - [2024-04-23T22:26:19.161+0000] {dagbag.py:541} INFO - Filling up the DagBag from /usr/local/python/3.10.13/lib/python3.10/site-packages/airflow/example_dags/example_dynamic_task_mapping_with_no_taskflow_operators.py
[2024-04-23T22:26:19.166+0000] {processor.py:836} INFO - DAG(s) dict_keys(['example_dynamic_task_mapping_with_no_taskflow_operators']) retrieved from /usr/local/python/3.10.13/lib/python3.10/site-packages/airflow/example_dags/example_dynamic_task_mapping_with_no_taskflow_operators.py
[2024-04-23T22:26:19.176+0000] {logging_mixin.py:150} INFO - [2024-04-23T22:26:19.176+0000] {dag.py:2742} INFO - Sync 1 DAGs
[2024-04-23T22:26:19.192+0000] {logging_mixin.py:150} INFO - [2024-04-23T22:26:19.192+0000] {dag.py:3504} INFO - Setting next_dagrun for example_dynamic_task_mapping_with_no_taskflow_operators to 2024-04-22T22:26:19.192317+00:00, run_after=2024-04-23T22:26:19.192317+00:00
[2024-04-23T22:26:19.229+0000] {processor.py:179} INFO - Processing /usr/local/python/3.10.13/lib/python3.10/site-packages/airflow/example_dags/example_dynamic_task_mapping_with_no_taskflow_operators.py took 0.071 seconds
[2024-04-23T22:27:06.824+0000] {processor.py:157} INFO - Started process (PID=30216) to work on /usr/local/python/3.10.13/lib/python3.10/site-packages/airflow/example_dags/example_dynamic_task_mapping_with_no_taskflow_operators.py
[2024-04-23T22:27:06.824+0000] {processor.py:826} INFO - Processing file /usr/local/python/3.10.13/lib/python3.10/site-packages/airflow/example_dags/example_dynamic_task_mapping_with_no_taskflow_operators.py for tasks to queue
[2024-04-23T22:27:06.825+0000] {logging_mixin.py:150} INFO - [2024-04-23T22:27:06.825+0000] {dagbag.py:541} INFO - Filling up the DagBag from /usr/local/python/3.10.13/lib/python3.10/site-packages/airflow/example_dags/example_dynamic_task_mapping_with_no_taskflow_operators.py
[2024-04-23T22:27:06.830+0000] {processor.py:836} INFO - DAG(s) dict_keys(['example_dynamic_task_mapping_with_no_taskflow_operators']) retrieved from /usr/local/python/3.10.13/lib/python3.10/site-packages/airflow/example_dags/example_dynamic_task_mapping_with_no_taskflow_operators.py
[2024-04-23T22:27:06.841+0000] {logging_mixin.py:150} INFO - [2024-04-23T22:27:06.841+0000] {dag.py:2742} INFO - Sync 1 DAGs
[2024-04-23T22:27:06.856+0000] {logging_mixin.py:150} INFO - [2024-04-23T22:27:06.856+0000] {dag.py:3504} INFO - Setting next_dagrun for example_dynamic_task_mapping_with_no_taskflow_operators to 2024-04-22T22:27:06.856327+00:00, run_after=2024-04-23T22:27:06.856327+00:00
[2024-04-23T22:27:06.893+0000] {processor.py:179} INFO - Processing /usr/local/python/3.10.13/lib/python3.10/site-packages/airflow/example_dags/example_dynamic_task_mapping_with_no_taskflow_operators.py took 0.072 seconds
[2024-04-23T22:27:55.418+0000] {processor.py:157} INFO - Started process (PID=30745) to work on /usr/local/python/3.10.13/lib/python3.10/site-packages/airflow/example_dags/example_dynamic_task_mapping_with_no_taskflow_operators.py
[2024-04-23T22:27:55.418+0000] {processor.py:826} INFO - Processing file /usr/local/python/3.10.13/lib/python3.10/site-packages/airflow/example_dags/example_dynamic_task_mapping_with_no_taskflow_operators.py for tasks to queue
[2024-04-23T22:27:55.419+0000] {logging_mixin.py:150} INFO - [2024-04-23T22:27:55.419+0000] {dagbag.py:541} INFO - Filling up the DagBag from /usr/local/python/3.10.13/lib/python3.10/site-packages/airflow/example_dags/example_dynamic_task_mapping_with_no_taskflow_operators.py
[2024-04-23T22:27:55.424+0000] {processor.py:836} INFO - DAG(s) dict_keys(['example_dynamic_task_mapping_with_no_taskflow_operators']) retrieved from /usr/local/python/3.10.13/lib/python3.10/site-packages/airflow/example_dags/example_dynamic_task_mapping_with_no_taskflow_operators.py
[2024-04-23T22:27:55.435+0000] {logging_mixin.py:150} INFO - [2024-04-23T22:27:55.435+0000] {dag.py:2742} INFO - Sync 1 DAGs
[2024-04-23T22:27:55.449+0000] {logging_mixin.py:150} INFO - [2024-04-23T22:27:55.449+0000] {dag.py:3504} INFO - Setting next_dagrun for example_dynamic_task_mapping_with_no_taskflow_operators to 2024-04-22T22:27:55.449597+00:00, run_after=2024-04-23T22:27:55.449597+00:00
[2024-04-23T22:27:55.497+0000] {processor.py:179} INFO - Processing /usr/local/python/3.10.13/lib/python3.10/site-packages/airflow/example_dags/example_dynamic_task_mapping_with_no_taskflow_operators.py took 0.082 seconds
[2024-04-23T22:28:41.164+0000] {processor.py:157} INFO - Started process (PID=31546) to work on /usr/local/python/3.10.13/lib/python3.10/site-packages/airflow/example_dags/example_dynamic_task_mapping_with_no_taskflow_operators.py
[2024-04-23T22:28:41.165+0000] {processor.py:826} INFO - Processing file /usr/local/python/3.10.13/lib/python3.10/site-packages/airflow/example_dags/example_dynamic_task_mapping_with_no_taskflow_operators.py for tasks to queue
[2024-04-23T22:28:41.166+0000] {logging_mixin.py:150} INFO - [2024-04-23T22:28:41.165+0000] {dagbag.py:541} INFO - Filling up the DagBag from /usr/local/python/3.10.13/lib/python3.10/site-packages/airflow/example_dags/example_dynamic_task_mapping_with_no_taskflow_operators.py
[2024-04-23T22:28:41.171+0000] {processor.py:836} INFO - DAG(s) dict_keys(['example_dynamic_task_mapping_with_no_taskflow_operators']) retrieved from /usr/local/python/3.10.13/lib/python3.10/site-packages/airflow/example_dags/example_dynamic_task_mapping_with_no_taskflow_operators.py
[2024-04-23T22:28:41.182+0000] {logging_mixin.py:150} INFO - [2024-04-23T22:28:41.181+0000] {dag.py:2742} INFO - Sync 1 DAGs
[2024-04-23T22:28:41.196+0000] {logging_mixin.py:150} INFO - [2024-04-23T22:28:41.196+0000] {dag.py:3504} INFO - Setting next_dagrun for example_dynamic_task_mapping_with_no_taskflow_operators to 2024-04-22T22:28:41.196571+00:00, run_after=2024-04-23T22:28:41.196571+00:00
[2024-04-23T22:28:41.233+0000] {processor.py:179} INFO - Processing /usr/local/python/3.10.13/lib/python3.10/site-packages/airflow/example_dags/example_dynamic_task_mapping_with_no_taskflow_operators.py took 0.071 seconds
[2024-04-23T22:29:27.503+0000] {processor.py:157} INFO - Started process (PID=31895) to work on /usr/local/python/3.10.13/lib/python3.10/site-packages/airflow/example_dags/example_dynamic_task_mapping_with_no_taskflow_operators.py
[2024-04-23T22:29:27.504+0000] {processor.py:826} INFO - Processing file /usr/local/python/3.10.13/lib/python3.10/site-packages/airflow/example_dags/example_dynamic_task_mapping_with_no_taskflow_operators.py for tasks to queue
[2024-04-23T22:29:27.505+0000] {logging_mixin.py:150} INFO - [2024-04-23T22:29:27.505+0000] {dagbag.py:541} INFO - Filling up the DagBag from /usr/local/python/3.10.13/lib/python3.10/site-packages/airflow/example_dags/example_dynamic_task_mapping_with_no_taskflow_operators.py
[2024-04-23T22:29:27.510+0000] {processor.py:836} INFO - DAG(s) dict_keys(['example_dynamic_task_mapping_with_no_taskflow_operators']) retrieved from /usr/local/python/3.10.13/lib/python3.10/site-packages/airflow/example_dags/example_dynamic_task_mapping_with_no_taskflow_operators.py
[2024-04-23T22:29:27.526+0000] {logging_mixin.py:150} INFO - [2024-04-23T22:29:27.526+0000] {dag.py:2742} INFO - Sync 1 DAGs
[2024-04-23T22:29:27.546+0000] {logging_mixin.py:150} INFO - [2024-04-23T22:29:27.546+0000] {dag.py:3504} INFO - Setting next_dagrun for example_dynamic_task_mapping_with_no_taskflow_operators to 2024-04-22T22:29:27.545778+00:00, run_after=2024-04-23T22:29:27.545778+00:00
[2024-04-23T22:29:27.588+0000] {processor.py:179} INFO - Processing /usr/local/python/3.10.13/lib/python3.10/site-packages/airflow/example_dags/example_dynamic_task_mapping_with_no_taskflow_operators.py took 0.087 seconds
[2024-04-23T22:30:18.124+0000] {processor.py:157} INFO - Started process (PID=32281) to work on /usr/local/python/3.10.13/lib/python3.10/site-packages/airflow/example_dags/example_dynamic_task_mapping_with_no_taskflow_operators.py
[2024-04-23T22:30:18.124+0000] {processor.py:826} INFO - Processing file /usr/local/python/3.10.13/lib/python3.10/site-packages/airflow/example_dags/example_dynamic_task_mapping_with_no_taskflow_operators.py for tasks to queue
[2024-04-23T22:30:18.125+0000] {logging_mixin.py:150} INFO - [2024-04-23T22:30:18.125+0000] {dagbag.py:541} INFO - Filling up the DagBag from /usr/local/python/3.10.13/lib/python3.10/site-packages/airflow/example_dags/example_dynamic_task_mapping_with_no_taskflow_operators.py
[2024-04-23T22:30:18.132+0000] {processor.py:836} INFO - DAG(s) dict_keys(['example_dynamic_task_mapping_with_no_taskflow_operators']) retrieved from /usr/local/python/3.10.13/lib/python3.10/site-packages/airflow/example_dags/example_dynamic_task_mapping_with_no_taskflow_operators.py
[2024-04-23T22:30:18.147+0000] {logging_mixin.py:150} INFO - [2024-04-23T22:30:18.146+0000] {dag.py:2742} INFO - Sync 1 DAGs
[2024-04-23T22:30:18.167+0000] {logging_mixin.py:150} INFO - [2024-04-23T22:30:18.167+0000] {dag.py:3504} INFO - Setting next_dagrun for example_dynamic_task_mapping_with_no_taskflow_operators to 2024-04-22T22:30:18.166994+00:00, run_after=2024-04-23T22:30:18.166994+00:00
[2024-04-23T22:30:18.224+0000] {processor.py:179} INFO - Processing /usr/local/python/3.10.13/lib/python3.10/site-packages/airflow/example_dags/example_dynamic_task_mapping_with_no_taskflow_operators.py took 0.103 seconds
[2024-04-23T22:31:12.438+0000] {processor.py:157} INFO - Started process (PID=32698) to work on /usr/local/python/3.10.13/lib/python3.10/site-packages/airflow/example_dags/example_dynamic_task_mapping_with_no_taskflow_operators.py
[2024-04-23T22:31:12.438+0000] {processor.py:826} INFO - Processing file /usr/local/python/3.10.13/lib/python3.10/site-packages/airflow/example_dags/example_dynamic_task_mapping_with_no_taskflow_operators.py for tasks to queue
[2024-04-23T22:31:12.439+0000] {logging_mixin.py:150} INFO - [2024-04-23T22:31:12.438+0000] {dagbag.py:541} INFO - Filling up the DagBag from /usr/local/python/3.10.13/lib/python3.10/site-packages/airflow/example_dags/example_dynamic_task_mapping_with_no_taskflow_operators.py
[2024-04-23T22:31:12.444+0000] {processor.py:836} INFO - DAG(s) dict_keys(['example_dynamic_task_mapping_with_no_taskflow_operators']) retrieved from /usr/local/python/3.10.13/lib/python3.10/site-packages/airflow/example_dags/example_dynamic_task_mapping_with_no_taskflow_operators.py
[2024-04-23T22:31:12.460+0000] {logging_mixin.py:150} INFO - [2024-04-23T22:31:12.460+0000] {dag.py:2742} INFO - Sync 1 DAGs
[2024-04-23T22:31:12.485+0000] {logging_mixin.py:150} INFO - [2024-04-23T22:31:12.485+0000] {dag.py:3504} INFO - Setting next_dagrun for example_dynamic_task_mapping_with_no_taskflow_operators to 2024-04-22T22:31:12.484865+00:00, run_after=2024-04-23T22:31:12.484865+00:00
[2024-04-23T22:31:12.528+0000] {processor.py:179} INFO - Processing /usr/local/python/3.10.13/lib/python3.10/site-packages/airflow/example_dags/example_dynamic_task_mapping_with_no_taskflow_operators.py took 0.093 seconds
[2024-04-23T22:32:05.321+0000] {processor.py:157} INFO - Started process (PID=33084) to work on /usr/local/python/3.10.13/lib/python3.10/site-packages/airflow/example_dags/example_dynamic_task_mapping_with_no_taskflow_operators.py
[2024-04-23T22:32:05.321+0000] {processor.py:826} INFO - Processing file /usr/local/python/3.10.13/lib/python3.10/site-packages/airflow/example_dags/example_dynamic_task_mapping_with_no_taskflow_operators.py for tasks to queue
[2024-04-23T22:32:05.322+0000] {logging_mixin.py:150} INFO - [2024-04-23T22:32:05.322+0000] {dagbag.py:541} INFO - Filling up the DagBag from /usr/local/python/3.10.13/lib/python3.10/site-packages/airflow/example_dags/example_dynamic_task_mapping_with_no_taskflow_operators.py
[2024-04-23T22:32:05.327+0000] {processor.py:836} INFO - DAG(s) dict_keys(['example_dynamic_task_mapping_with_no_taskflow_operators']) retrieved from /usr/local/python/3.10.13/lib/python3.10/site-packages/airflow/example_dags/example_dynamic_task_mapping_with_no_taskflow_operators.py
[2024-04-23T22:32:05.338+0000] {logging_mixin.py:150} INFO - [2024-04-23T22:32:05.338+0000] {dag.py:2742} INFO - Sync 1 DAGs
[2024-04-23T22:32:05.355+0000] {logging_mixin.py:150} INFO - [2024-04-23T22:32:05.354+0000] {dag.py:3504} INFO - Setting next_dagrun for example_dynamic_task_mapping_with_no_taskflow_operators to 2024-04-22T22:32:05.354747+00:00, run_after=2024-04-23T22:32:05.354747+00:00
[2024-04-23T22:32:05.392+0000] {processor.py:179} INFO - Processing /usr/local/python/3.10.13/lib/python3.10/site-packages/airflow/example_dags/example_dynamic_task_mapping_with_no_taskflow_operators.py took 0.074 seconds
[2024-04-23T22:32:56.884+0000] {processor.py:157} INFO - Started process (PID=33472) to work on /usr/local/python/3.10.13/lib/python3.10/site-packages/airflow/example_dags/example_dynamic_task_mapping_with_no_taskflow_operators.py
[2024-04-23T22:32:56.885+0000] {processor.py:826} INFO - Processing file /usr/local/python/3.10.13/lib/python3.10/site-packages/airflow/example_dags/example_dynamic_task_mapping_with_no_taskflow_operators.py for tasks to queue
[2024-04-23T22:32:56.886+0000] {logging_mixin.py:150} INFO - [2024-04-23T22:32:56.885+0000] {dagbag.py:541} INFO - Filling up the DagBag from /usr/local/python/3.10.13/lib/python3.10/site-packages/airflow/example_dags/example_dynamic_task_mapping_with_no_taskflow_operators.py
[2024-04-23T22:32:56.891+0000] {processor.py:836} INFO - DAG(s) dict_keys(['example_dynamic_task_mapping_with_no_taskflow_operators']) retrieved from /usr/local/python/3.10.13/lib/python3.10/site-packages/airflow/example_dags/example_dynamic_task_mapping_with_no_taskflow_operators.py
[2024-04-23T22:32:56.902+0000] {logging_mixin.py:150} INFO - [2024-04-23T22:32:56.902+0000] {dag.py:2742} INFO - Sync 1 DAGs
[2024-04-23T22:32:56.917+0000] {logging_mixin.py:150} INFO - [2024-04-23T22:32:56.917+0000] {dag.py:3504} INFO - Setting next_dagrun for example_dynamic_task_mapping_with_no_taskflow_operators to 2024-04-22T22:32:56.917416+00:00, run_after=2024-04-23T22:32:56.917416+00:00
[2024-04-23T22:32:56.956+0000] {processor.py:179} INFO - Processing /usr/local/python/3.10.13/lib/python3.10/site-packages/airflow/example_dags/example_dynamic_task_mapping_with_no_taskflow_operators.py took 0.074 seconds
[2024-04-23T22:33:46.949+0000] {processor.py:157} INFO - Started process (PID=33859) to work on /usr/local/python/3.10.13/lib/python3.10/site-packages/airflow/example_dags/example_dynamic_task_mapping_with_no_taskflow_operators.py
[2024-04-23T22:33:46.949+0000] {processor.py:826} INFO - Processing file /usr/local/python/3.10.13/lib/python3.10/site-packages/airflow/example_dags/example_dynamic_task_mapping_with_no_taskflow_operators.py for tasks to queue
[2024-04-23T22:33:46.950+0000] {logging_mixin.py:150} INFO - [2024-04-23T22:33:46.950+0000] {dagbag.py:541} INFO - Filling up the DagBag from /usr/local/python/3.10.13/lib/python3.10/site-packages/airflow/example_dags/example_dynamic_task_mapping_with_no_taskflow_operators.py
[2024-04-23T22:33:46.955+0000] {processor.py:836} INFO - DAG(s) dict_keys(['example_dynamic_task_mapping_with_no_taskflow_operators']) retrieved from /usr/local/python/3.10.13/lib/python3.10/site-packages/airflow/example_dags/example_dynamic_task_mapping_with_no_taskflow_operators.py
[2024-04-23T22:33:46.966+0000] {logging_mixin.py:150} INFO - [2024-04-23T22:33:46.966+0000] {dag.py:2742} INFO - Sync 1 DAGs
[2024-04-23T22:33:46.985+0000] {logging_mixin.py:150} INFO - [2024-04-23T22:33:46.985+0000] {dag.py:3504} INFO - Setting next_dagrun for example_dynamic_task_mapping_with_no_taskflow_operators to 2024-04-22T22:33:46.984897+00:00, run_after=2024-04-23T22:33:46.984897+00:00
[2024-04-23T22:33:47.024+0000] {processor.py:179} INFO - Processing /usr/local/python/3.10.13/lib/python3.10/site-packages/airflow/example_dags/example_dynamic_task_mapping_with_no_taskflow_operators.py took 0.077 seconds
[2024-04-23T22:34:41.621+0000] {processor.py:157} INFO - Started process (PID=34261) to work on /usr/local/python/3.10.13/lib/python3.10/site-packages/airflow/example_dags/example_dynamic_task_mapping_with_no_taskflow_operators.py
[2024-04-23T22:34:41.622+0000] {processor.py:826} INFO - Processing file /usr/local/python/3.10.13/lib/python3.10/site-packages/airflow/example_dags/example_dynamic_task_mapping_with_no_taskflow_operators.py for tasks to queue
[2024-04-23T22:34:41.623+0000] {logging_mixin.py:150} INFO - [2024-04-23T22:34:41.622+0000] {dagbag.py:541} INFO - Filling up the DagBag from /usr/local/python/3.10.13/lib/python3.10/site-packages/airflow/example_dags/example_dynamic_task_mapping_with_no_taskflow_operators.py
[2024-04-23T22:34:41.628+0000] {processor.py:836} INFO - DAG(s) dict_keys(['example_dynamic_task_mapping_with_no_taskflow_operators']) retrieved from /usr/local/python/3.10.13/lib/python3.10/site-packages/airflow/example_dags/example_dynamic_task_mapping_with_no_taskflow_operators.py
[2024-04-23T22:34:41.638+0000] {logging_mixin.py:150} INFO - [2024-04-23T22:34:41.638+0000] {dag.py:2742} INFO - Sync 1 DAGs
[2024-04-23T22:34:41.653+0000] {logging_mixin.py:150} INFO - [2024-04-23T22:34:41.653+0000] {dag.py:3504} INFO - Setting next_dagrun for example_dynamic_task_mapping_with_no_taskflow_operators to 2024-04-22T22:34:41.653481+00:00, run_after=2024-04-23T22:34:41.653481+00:00
[2024-04-23T22:34:41.694+0000] {processor.py:179} INFO - Processing /usr/local/python/3.10.13/lib/python3.10/site-packages/airflow/example_dags/example_dynamic_task_mapping_with_no_taskflow_operators.py took 0.074 seconds
[2024-04-23T22:35:32.082+0000] {processor.py:157} INFO - Started process (PID=34747) to work on /usr/local/python/3.10.13/lib/python3.10/site-packages/airflow/example_dags/example_dynamic_task_mapping_with_no_taskflow_operators.py
[2024-04-23T22:35:32.083+0000] {processor.py:826} INFO - Processing file /usr/local/python/3.10.13/lib/python3.10/site-packages/airflow/example_dags/example_dynamic_task_mapping_with_no_taskflow_operators.py for tasks to queue
[2024-04-23T22:35:32.083+0000] {logging_mixin.py:150} INFO - [2024-04-23T22:35:32.083+0000] {dagbag.py:541} INFO - Filling up the DagBag from /usr/local/python/3.10.13/lib/python3.10/site-packages/airflow/example_dags/example_dynamic_task_mapping_with_no_taskflow_operators.py
[2024-04-23T22:35:32.088+0000] {processor.py:836} INFO - DAG(s) dict_keys(['example_dynamic_task_mapping_with_no_taskflow_operators']) retrieved from /usr/local/python/3.10.13/lib/python3.10/site-packages/airflow/example_dags/example_dynamic_task_mapping_with_no_taskflow_operators.py
[2024-04-23T22:35:32.099+0000] {logging_mixin.py:150} INFO - [2024-04-23T22:35:32.099+0000] {dag.py:2742} INFO - Sync 1 DAGs
[2024-04-23T22:35:32.114+0000] {logging_mixin.py:150} INFO - [2024-04-23T22:35:32.114+0000] {dag.py:3504} INFO - Setting next_dagrun for example_dynamic_task_mapping_with_no_taskflow_operators to 2024-04-22T22:35:32.114352+00:00, run_after=2024-04-23T22:35:32.114352+00:00
[2024-04-23T22:35:32.162+0000] {processor.py:179} INFO - Processing /usr/local/python/3.10.13/lib/python3.10/site-packages/airflow/example_dags/example_dynamic_task_mapping_with_no_taskflow_operators.py took 0.083 seconds
[2024-04-23T22:36:21.909+0000] {processor.py:157} INFO - Started process (PID=35140) to work on /usr/local/python/3.10.13/lib/python3.10/site-packages/airflow/example_dags/example_dynamic_task_mapping_with_no_taskflow_operators.py
[2024-04-23T22:36:21.910+0000] {processor.py:826} INFO - Processing file /usr/local/python/3.10.13/lib/python3.10/site-packages/airflow/example_dags/example_dynamic_task_mapping_with_no_taskflow_operators.py for tasks to queue
[2024-04-23T22:36:21.911+0000] {logging_mixin.py:150} INFO - [2024-04-23T22:36:21.910+0000] {dagbag.py:541} INFO - Filling up the DagBag from /usr/local/python/3.10.13/lib/python3.10/site-packages/airflow/example_dags/example_dynamic_task_mapping_with_no_taskflow_operators.py
[2024-04-23T22:36:21.918+0000] {processor.py:836} INFO - DAG(s) dict_keys(['example_dynamic_task_mapping_with_no_taskflow_operators']) retrieved from /usr/local/python/3.10.13/lib/python3.10/site-packages/airflow/example_dags/example_dynamic_task_mapping_with_no_taskflow_operators.py
[2024-04-23T22:36:21.930+0000] {logging_mixin.py:150} INFO - [2024-04-23T22:36:21.930+0000] {dag.py:2742} INFO - Sync 1 DAGs
[2024-04-23T22:36:21.945+0000] {logging_mixin.py:150} INFO - [2024-04-23T22:36:21.945+0000] {dag.py:3504} INFO - Setting next_dagrun for example_dynamic_task_mapping_with_no_taskflow_operators to 2024-04-22T22:36:21.945325+00:00, run_after=2024-04-23T22:36:21.945325+00:00
[2024-04-23T22:36:21.984+0000] {processor.py:179} INFO - Processing /usr/local/python/3.10.13/lib/python3.10/site-packages/airflow/example_dags/example_dynamic_task_mapping_with_no_taskflow_operators.py took 0.077 seconds
[2024-04-23T22:37:16.302+0000] {processor.py:157} INFO - Started process (PID=35564) to work on /usr/local/python/3.10.13/lib/python3.10/site-packages/airflow/example_dags/example_dynamic_task_mapping_with_no_taskflow_operators.py
[2024-04-23T22:37:16.302+0000] {processor.py:826} INFO - Processing file /usr/local/python/3.10.13/lib/python3.10/site-packages/airflow/example_dags/example_dynamic_task_mapping_with_no_taskflow_operators.py for tasks to queue
[2024-04-23T22:37:16.303+0000] {logging_mixin.py:150} INFO - [2024-04-23T22:37:16.303+0000] {dagbag.py:541} INFO - Filling up the DagBag from /usr/local/python/3.10.13/lib/python3.10/site-packages/airflow/example_dags/example_dynamic_task_mapping_with_no_taskflow_operators.py
[2024-04-23T22:37:16.308+0000] {processor.py:836} INFO - DAG(s) dict_keys(['example_dynamic_task_mapping_with_no_taskflow_operators']) retrieved from /usr/local/python/3.10.13/lib/python3.10/site-packages/airflow/example_dags/example_dynamic_task_mapping_with_no_taskflow_operators.py
[2024-04-23T22:37:16.319+0000] {logging_mixin.py:150} INFO - [2024-04-23T22:37:16.319+0000] {dag.py:2742} INFO - Sync 1 DAGs
[2024-04-23T22:37:16.334+0000] {logging_mixin.py:150} INFO - [2024-04-23T22:37:16.334+0000] {dag.py:3504} INFO - Setting next_dagrun for example_dynamic_task_mapping_with_no_taskflow_operators to 2024-04-22T22:37:16.333808+00:00, run_after=2024-04-23T22:37:16.333808+00:00
[2024-04-23T22:37:16.374+0000] {processor.py:179} INFO - Processing /usr/local/python/3.10.13/lib/python3.10/site-packages/airflow/example_dags/example_dynamic_task_mapping_with_no_taskflow_operators.py took 0.075 seconds
[2024-04-23T22:38:06.921+0000] {processor.py:157} INFO - Started process (PID=35943) to work on /usr/local/python/3.10.13/lib/python3.10/site-packages/airflow/example_dags/example_dynamic_task_mapping_with_no_taskflow_operators.py
[2024-04-23T22:38:06.922+0000] {processor.py:826} INFO - Processing file /usr/local/python/3.10.13/lib/python3.10/site-packages/airflow/example_dags/example_dynamic_task_mapping_with_no_taskflow_operators.py for tasks to queue
[2024-04-23T22:38:06.922+0000] {logging_mixin.py:150} INFO - [2024-04-23T22:38:06.922+0000] {dagbag.py:541} INFO - Filling up the DagBag from /usr/local/python/3.10.13/lib/python3.10/site-packages/airflow/example_dags/example_dynamic_task_mapping_with_no_taskflow_operators.py
[2024-04-23T22:38:06.927+0000] {processor.py:836} INFO - DAG(s) dict_keys(['example_dynamic_task_mapping_with_no_taskflow_operators']) retrieved from /usr/local/python/3.10.13/lib/python3.10/site-packages/airflow/example_dags/example_dynamic_task_mapping_with_no_taskflow_operators.py
[2024-04-23T22:38:06.939+0000] {logging_mixin.py:150} INFO - [2024-04-23T22:38:06.938+0000] {dag.py:2742} INFO - Sync 1 DAGs
[2024-04-23T22:38:06.956+0000] {logging_mixin.py:150} INFO - [2024-04-23T22:38:06.956+0000] {dag.py:3504} INFO - Setting next_dagrun for example_dynamic_task_mapping_with_no_taskflow_operators to 2024-04-22T22:38:06.955921+00:00, run_after=2024-04-23T22:38:06.955921+00:00
[2024-04-23T22:38:07.004+0000] {processor.py:179} INFO - Processing /usr/local/python/3.10.13/lib/python3.10/site-packages/airflow/example_dags/example_dynamic_task_mapping_with_no_taskflow_operators.py took 0.085 seconds
[2024-04-23T22:38:58.133+0000] {processor.py:157} INFO - Started process (PID=36323) to work on /usr/local/python/3.10.13/lib/python3.10/site-packages/airflow/example_dags/example_dynamic_task_mapping_with_no_taskflow_operators.py
[2024-04-23T22:38:58.134+0000] {processor.py:826} INFO - Processing file /usr/local/python/3.10.13/lib/python3.10/site-packages/airflow/example_dags/example_dynamic_task_mapping_with_no_taskflow_operators.py for tasks to queue
[2024-04-23T22:38:58.135+0000] {logging_mixin.py:150} INFO - [2024-04-23T22:38:58.134+0000] {dagbag.py:541} INFO - Filling up the DagBag from /usr/local/python/3.10.13/lib/python3.10/site-packages/airflow/example_dags/example_dynamic_task_mapping_with_no_taskflow_operators.py
[2024-04-23T22:38:58.141+0000] {processor.py:836} INFO - DAG(s) dict_keys(['example_dynamic_task_mapping_with_no_taskflow_operators']) retrieved from /usr/local/python/3.10.13/lib/python3.10/site-packages/airflow/example_dags/example_dynamic_task_mapping_with_no_taskflow_operators.py
[2024-04-23T22:38:58.154+0000] {logging_mixin.py:150} INFO - [2024-04-23T22:38:58.154+0000] {dag.py:2742} INFO - Sync 1 DAGs
[2024-04-23T22:38:58.170+0000] {logging_mixin.py:150} INFO - [2024-04-23T22:38:58.170+0000] {dag.py:3504} INFO - Setting next_dagrun for example_dynamic_task_mapping_with_no_taskflow_operators to 2024-04-22T22:38:58.170084+00:00, run_after=2024-04-23T22:38:58.170084+00:00
[2024-04-23T22:38:58.211+0000] {processor.py:179} INFO - Processing /usr/local/python/3.10.13/lib/python3.10/site-packages/airflow/example_dags/example_dynamic_task_mapping_with_no_taskflow_operators.py took 0.081 seconds
[2024-04-23T22:39:47.671+0000] {processor.py:157} INFO - Started process (PID=36716) to work on /usr/local/python/3.10.13/lib/python3.10/site-packages/airflow/example_dags/example_dynamic_task_mapping_with_no_taskflow_operators.py
[2024-04-23T22:39:47.671+0000] {processor.py:826} INFO - Processing file /usr/local/python/3.10.13/lib/python3.10/site-packages/airflow/example_dags/example_dynamic_task_mapping_with_no_taskflow_operators.py for tasks to queue
[2024-04-23T22:39:47.672+0000] {logging_mixin.py:150} INFO - [2024-04-23T22:39:47.672+0000] {dagbag.py:541} INFO - Filling up the DagBag from /usr/local/python/3.10.13/lib/python3.10/site-packages/airflow/example_dags/example_dynamic_task_mapping_with_no_taskflow_operators.py
[2024-04-23T22:39:47.677+0000] {processor.py:836} INFO - DAG(s) dict_keys(['example_dynamic_task_mapping_with_no_taskflow_operators']) retrieved from /usr/local/python/3.10.13/lib/python3.10/site-packages/airflow/example_dags/example_dynamic_task_mapping_with_no_taskflow_operators.py
[2024-04-23T22:39:47.688+0000] {logging_mixin.py:150} INFO - [2024-04-23T22:39:47.688+0000] {dag.py:2742} INFO - Sync 1 DAGs
[2024-04-23T22:39:47.705+0000] {logging_mixin.py:150} INFO - [2024-04-23T22:39:47.705+0000] {dag.py:3504} INFO - Setting next_dagrun for example_dynamic_task_mapping_with_no_taskflow_operators to 2024-04-22T22:39:47.705108+00:00, run_after=2024-04-23T22:39:47.705108+00:00
[2024-04-23T22:39:47.750+0000] {processor.py:179} INFO - Processing /usr/local/python/3.10.13/lib/python3.10/site-packages/airflow/example_dags/example_dynamic_task_mapping_with_no_taskflow_operators.py took 0.082 seconds
[2024-04-23T22:40:40.572+0000] {processor.py:157} INFO - Started process (PID=37107) to work on /usr/local/python/3.10.13/lib/python3.10/site-packages/airflow/example_dags/example_dynamic_task_mapping_with_no_taskflow_operators.py
[2024-04-23T22:40:40.573+0000] {processor.py:826} INFO - Processing file /usr/local/python/3.10.13/lib/python3.10/site-packages/airflow/example_dags/example_dynamic_task_mapping_with_no_taskflow_operators.py for tasks to queue
[2024-04-23T22:40:40.573+0000] {logging_mixin.py:150} INFO - [2024-04-23T22:40:40.573+0000] {dagbag.py:541} INFO - Filling up the DagBag from /usr/local/python/3.10.13/lib/python3.10/site-packages/airflow/example_dags/example_dynamic_task_mapping_with_no_taskflow_operators.py
[2024-04-23T22:40:40.579+0000] {processor.py:836} INFO - DAG(s) dict_keys(['example_dynamic_task_mapping_with_no_taskflow_operators']) retrieved from /usr/local/python/3.10.13/lib/python3.10/site-packages/airflow/example_dags/example_dynamic_task_mapping_with_no_taskflow_operators.py
[2024-04-23T22:40:40.590+0000] {logging_mixin.py:150} INFO - [2024-04-23T22:40:40.589+0000] {dag.py:2742} INFO - Sync 1 DAGs
[2024-04-23T22:40:40.605+0000] {logging_mixin.py:150} INFO - [2024-04-23T22:40:40.605+0000] {dag.py:3504} INFO - Setting next_dagrun for example_dynamic_task_mapping_with_no_taskflow_operators to 2024-04-22T22:40:40.605400+00:00, run_after=2024-04-23T22:40:40.605400+00:00
[2024-04-23T22:40:40.643+0000] {processor.py:179} INFO - Processing /usr/local/python/3.10.13/lib/python3.10/site-packages/airflow/example_dags/example_dynamic_task_mapping_with_no_taskflow_operators.py took 0.073 seconds
[2024-04-23T22:41:35.410+0000] {processor.py:157} INFO - Started process (PID=37510) to work on /usr/local/python/3.10.13/lib/python3.10/site-packages/airflow/example_dags/example_dynamic_task_mapping_with_no_taskflow_operators.py
[2024-04-23T22:41:35.411+0000] {processor.py:826} INFO - Processing file /usr/local/python/3.10.13/lib/python3.10/site-packages/airflow/example_dags/example_dynamic_task_mapping_with_no_taskflow_operators.py for tasks to queue
[2024-04-23T22:41:35.411+0000] {logging_mixin.py:150} INFO - [2024-04-23T22:41:35.411+0000] {dagbag.py:541} INFO - Filling up the DagBag from /usr/local/python/3.10.13/lib/python3.10/site-packages/airflow/example_dags/example_dynamic_task_mapping_with_no_taskflow_operators.py
[2024-04-23T22:41:35.417+0000] {processor.py:836} INFO - DAG(s) dict_keys(['example_dynamic_task_mapping_with_no_taskflow_operators']) retrieved from /usr/local/python/3.10.13/lib/python3.10/site-packages/airflow/example_dags/example_dynamic_task_mapping_with_no_taskflow_operators.py
[2024-04-23T22:41:35.428+0000] {logging_mixin.py:150} INFO - [2024-04-23T22:41:35.428+0000] {dag.py:2742} INFO - Sync 1 DAGs
[2024-04-23T22:41:35.443+0000] {logging_mixin.py:150} INFO - [2024-04-23T22:41:35.443+0000] {dag.py:3504} INFO - Setting next_dagrun for example_dynamic_task_mapping_with_no_taskflow_operators to 2024-04-22T22:41:35.443595+00:00, run_after=2024-04-23T22:41:35.443595+00:00
[2024-04-23T22:41:35.482+0000] {processor.py:179} INFO - Processing /usr/local/python/3.10.13/lib/python3.10/site-packages/airflow/example_dags/example_dynamic_task_mapping_with_no_taskflow_operators.py took 0.074 seconds
[2024-04-23T22:42:30.760+0000] {processor.py:157} INFO - Started process (PID=37943) to work on /usr/local/python/3.10.13/lib/python3.10/site-packages/airflow/example_dags/example_dynamic_task_mapping_with_no_taskflow_operators.py
[2024-04-23T22:42:30.761+0000] {processor.py:826} INFO - Processing file /usr/local/python/3.10.13/lib/python3.10/site-packages/airflow/example_dags/example_dynamic_task_mapping_with_no_taskflow_operators.py for tasks to queue
[2024-04-23T22:42:30.761+0000] {logging_mixin.py:150} INFO - [2024-04-23T22:42:30.761+0000] {dagbag.py:541} INFO - Filling up the DagBag from /usr/local/python/3.10.13/lib/python3.10/site-packages/airflow/example_dags/example_dynamic_task_mapping_with_no_taskflow_operators.py
[2024-04-23T22:42:30.767+0000] {processor.py:836} INFO - DAG(s) dict_keys(['example_dynamic_task_mapping_with_no_taskflow_operators']) retrieved from /usr/local/python/3.10.13/lib/python3.10/site-packages/airflow/example_dags/example_dynamic_task_mapping_with_no_taskflow_operators.py
[2024-04-23T22:42:30.777+0000] {logging_mixin.py:150} INFO - [2024-04-23T22:42:30.777+0000] {dag.py:2742} INFO - Sync 1 DAGs
[2024-04-23T22:42:30.792+0000] {logging_mixin.py:150} INFO - [2024-04-23T22:42:30.792+0000] {dag.py:3504} INFO - Setting next_dagrun for example_dynamic_task_mapping_with_no_taskflow_operators to 2024-04-22T22:42:30.792594+00:00, run_after=2024-04-23T22:42:30.792594+00:00
[2024-04-23T22:42:30.832+0000] {processor.py:179} INFO - Processing /usr/local/python/3.10.13/lib/python3.10/site-packages/airflow/example_dags/example_dynamic_task_mapping_with_no_taskflow_operators.py took 0.074 seconds
[2024-04-23T22:43:20.850+0000] {processor.py:157} INFO - Started process (PID=38296) to work on /usr/local/python/3.10.13/lib/python3.10/site-packages/airflow/example_dags/example_dynamic_task_mapping_with_no_taskflow_operators.py
[2024-04-23T22:43:20.851+0000] {processor.py:826} INFO - Processing file /usr/local/python/3.10.13/lib/python3.10/site-packages/airflow/example_dags/example_dynamic_task_mapping_with_no_taskflow_operators.py for tasks to queue
[2024-04-23T22:43:20.852+0000] {logging_mixin.py:150} INFO - [2024-04-23T22:43:20.851+0000] {dagbag.py:541} INFO - Filling up the DagBag from /usr/local/python/3.10.13/lib/python3.10/site-packages/airflow/example_dags/example_dynamic_task_mapping_with_no_taskflow_operators.py
[2024-04-23T22:43:20.857+0000] {processor.py:836} INFO - DAG(s) dict_keys(['example_dynamic_task_mapping_with_no_taskflow_operators']) retrieved from /usr/local/python/3.10.13/lib/python3.10/site-packages/airflow/example_dags/example_dynamic_task_mapping_with_no_taskflow_operators.py
[2024-04-23T22:43:20.868+0000] {logging_mixin.py:150} INFO - [2024-04-23T22:43:20.868+0000] {dag.py:2742} INFO - Sync 1 DAGs
[2024-04-23T22:43:20.885+0000] {logging_mixin.py:150} INFO - [2024-04-23T22:43:20.885+0000] {dag.py:3504} INFO - Setting next_dagrun for example_dynamic_task_mapping_with_no_taskflow_operators to 2024-04-22T22:43:20.884918+00:00, run_after=2024-04-23T22:43:20.884918+00:00
[2024-04-23T22:43:20.923+0000] {processor.py:179} INFO - Processing /usr/local/python/3.10.13/lib/python3.10/site-packages/airflow/example_dags/example_dynamic_task_mapping_with_no_taskflow_operators.py took 0.075 seconds
[2024-04-23T22:44:11.012+0000] {processor.py:157} INFO - Started process (PID=38647) to work on /usr/local/python/3.10.13/lib/python3.10/site-packages/airflow/example_dags/example_dynamic_task_mapping_with_no_taskflow_operators.py
[2024-04-23T22:44:11.012+0000] {processor.py:826} INFO - Processing file /usr/local/python/3.10.13/lib/python3.10/site-packages/airflow/example_dags/example_dynamic_task_mapping_with_no_taskflow_operators.py for tasks to queue
[2024-04-23T22:44:11.013+0000] {logging_mixin.py:150} INFO - [2024-04-23T22:44:11.013+0000] {dagbag.py:541} INFO - Filling up the DagBag from /usr/local/python/3.10.13/lib/python3.10/site-packages/airflow/example_dags/example_dynamic_task_mapping_with_no_taskflow_operators.py
[2024-04-23T22:44:11.018+0000] {processor.py:836} INFO - DAG(s) dict_keys(['example_dynamic_task_mapping_with_no_taskflow_operators']) retrieved from /usr/local/python/3.10.13/lib/python3.10/site-packages/airflow/example_dags/example_dynamic_task_mapping_with_no_taskflow_operators.py
[2024-04-23T22:44:11.029+0000] {logging_mixin.py:150} INFO - [2024-04-23T22:44:11.029+0000] {dag.py:2742} INFO - Sync 1 DAGs
[2024-04-23T22:44:11.045+0000] {logging_mixin.py:150} INFO - [2024-04-23T22:44:11.045+0000] {dag.py:3504} INFO - Setting next_dagrun for example_dynamic_task_mapping_with_no_taskflow_operators to 2024-04-22T22:44:11.045408+00:00, run_after=2024-04-23T22:44:11.045408+00:00
[2024-04-23T22:44:11.089+0000] {processor.py:179} INFO - Processing /usr/local/python/3.10.13/lib/python3.10/site-packages/airflow/example_dags/example_dynamic_task_mapping_with_no_taskflow_operators.py took 0.080 seconds
[2024-04-23T22:45:01.494+0000] {processor.py:157} INFO - Started process (PID=39010) to work on /usr/local/python/3.10.13/lib/python3.10/site-packages/airflow/example_dags/example_dynamic_task_mapping_with_no_taskflow_operators.py
[2024-04-23T22:45:01.495+0000] {processor.py:826} INFO - Processing file /usr/local/python/3.10.13/lib/python3.10/site-packages/airflow/example_dags/example_dynamic_task_mapping_with_no_taskflow_operators.py for tasks to queue
[2024-04-23T22:45:01.496+0000] {logging_mixin.py:150} INFO - [2024-04-23T22:45:01.496+0000] {dagbag.py:541} INFO - Filling up the DagBag from /usr/local/python/3.10.13/lib/python3.10/site-packages/airflow/example_dags/example_dynamic_task_mapping_with_no_taskflow_operators.py
[2024-04-23T22:45:01.504+0000] {processor.py:836} INFO - DAG(s) dict_keys(['example_dynamic_task_mapping_with_no_taskflow_operators']) retrieved from /usr/local/python/3.10.13/lib/python3.10/site-packages/airflow/example_dags/example_dynamic_task_mapping_with_no_taskflow_operators.py
[2024-04-23T22:45:01.520+0000] {logging_mixin.py:150} INFO - [2024-04-23T22:45:01.520+0000] {dag.py:2742} INFO - Sync 1 DAGs
[2024-04-23T22:45:01.537+0000] {logging_mixin.py:150} INFO - [2024-04-23T22:45:01.537+0000] {dag.py:3504} INFO - Setting next_dagrun for example_dynamic_task_mapping_with_no_taskflow_operators to 2024-04-22T22:45:01.537169+00:00, run_after=2024-04-23T22:45:01.537169+00:00
[2024-04-23T22:45:01.587+0000] {processor.py:179} INFO - Processing /usr/local/python/3.10.13/lib/python3.10/site-packages/airflow/example_dags/example_dynamic_task_mapping_with_no_taskflow_operators.py took 0.096 seconds
[2024-04-23T22:45:49.245+0000] {processor.py:157} INFO - Started process (PID=39388) to work on /usr/local/python/3.10.13/lib/python3.10/site-packages/airflow/example_dags/example_dynamic_task_mapping_with_no_taskflow_operators.py
[2024-04-23T22:45:49.246+0000] {processor.py:826} INFO - Processing file /usr/local/python/3.10.13/lib/python3.10/site-packages/airflow/example_dags/example_dynamic_task_mapping_with_no_taskflow_operators.py for tasks to queue
[2024-04-23T22:45:49.246+0000] {logging_mixin.py:150} INFO - [2024-04-23T22:45:49.246+0000] {dagbag.py:541} INFO - Filling up the DagBag from /usr/local/python/3.10.13/lib/python3.10/site-packages/airflow/example_dags/example_dynamic_task_mapping_with_no_taskflow_operators.py
[2024-04-23T22:45:49.252+0000] {processor.py:836} INFO - DAG(s) dict_keys(['example_dynamic_task_mapping_with_no_taskflow_operators']) retrieved from /usr/local/python/3.10.13/lib/python3.10/site-packages/airflow/example_dags/example_dynamic_task_mapping_with_no_taskflow_operators.py
[2024-04-23T22:45:49.263+0000] {logging_mixin.py:150} INFO - [2024-04-23T22:45:49.263+0000] {dag.py:2742} INFO - Sync 1 DAGs
[2024-04-23T22:45:49.278+0000] {logging_mixin.py:150} INFO - [2024-04-23T22:45:49.278+0000] {dag.py:3504} INFO - Setting next_dagrun for example_dynamic_task_mapping_with_no_taskflow_operators to 2024-04-22T22:45:49.278263+00:00, run_after=2024-04-23T22:45:49.278263+00:00
[2024-04-23T22:45:49.316+0000] {processor.py:179} INFO - Processing /usr/local/python/3.10.13/lib/python3.10/site-packages/airflow/example_dags/example_dynamic_task_mapping_with_no_taskflow_operators.py took 0.073 seconds
[2024-04-23T22:46:44.533+0000] {processor.py:157} INFO - Started process (PID=39813) to work on /usr/local/python/3.10.13/lib/python3.10/site-packages/airflow/example_dags/example_dynamic_task_mapping_with_no_taskflow_operators.py
[2024-04-23T22:46:44.534+0000] {processor.py:826} INFO - Processing file /usr/local/python/3.10.13/lib/python3.10/site-packages/airflow/example_dags/example_dynamic_task_mapping_with_no_taskflow_operators.py for tasks to queue
[2024-04-23T22:46:44.535+0000] {logging_mixin.py:150} INFO - [2024-04-23T22:46:44.535+0000] {dagbag.py:541} INFO - Filling up the DagBag from /usr/local/python/3.10.13/lib/python3.10/site-packages/airflow/example_dags/example_dynamic_task_mapping_with_no_taskflow_operators.py
[2024-04-23T22:46:44.540+0000] {processor.py:836} INFO - DAG(s) dict_keys(['example_dynamic_task_mapping_with_no_taskflow_operators']) retrieved from /usr/local/python/3.10.13/lib/python3.10/site-packages/airflow/example_dags/example_dynamic_task_mapping_with_no_taskflow_operators.py
[2024-04-23T22:46:44.551+0000] {logging_mixin.py:150} INFO - [2024-04-23T22:46:44.551+0000] {dag.py:2742} INFO - Sync 1 DAGs
[2024-04-23T22:46:44.567+0000] {logging_mixin.py:150} INFO - [2024-04-23T22:46:44.567+0000] {dag.py:3504} INFO - Setting next_dagrun for example_dynamic_task_mapping_with_no_taskflow_operators to 2024-04-22T22:46:44.566902+00:00, run_after=2024-04-23T22:46:44.566902+00:00
[2024-04-23T22:46:44.606+0000] {processor.py:179} INFO - Processing /usr/local/python/3.10.13/lib/python3.10/site-packages/airflow/example_dags/example_dynamic_task_mapping_with_no_taskflow_operators.py took 0.075 seconds
[2024-04-23T22:47:38.399+0000] {processor.py:157} INFO - Started process (PID=40211) to work on /usr/local/python/3.10.13/lib/python3.10/site-packages/airflow/example_dags/example_dynamic_task_mapping_with_no_taskflow_operators.py
[2024-04-23T22:47:38.400+0000] {processor.py:826} INFO - Processing file /usr/local/python/3.10.13/lib/python3.10/site-packages/airflow/example_dags/example_dynamic_task_mapping_with_no_taskflow_operators.py for tasks to queue
[2024-04-23T22:47:38.400+0000] {logging_mixin.py:150} INFO - [2024-04-23T22:47:38.400+0000] {dagbag.py:541} INFO - Filling up the DagBag from /usr/local/python/3.10.13/lib/python3.10/site-packages/airflow/example_dags/example_dynamic_task_mapping_with_no_taskflow_operators.py
[2024-04-23T22:47:38.405+0000] {processor.py:836} INFO - DAG(s) dict_keys(['example_dynamic_task_mapping_with_no_taskflow_operators']) retrieved from /usr/local/python/3.10.13/lib/python3.10/site-packages/airflow/example_dags/example_dynamic_task_mapping_with_no_taskflow_operators.py
[2024-04-23T22:47:38.416+0000] {logging_mixin.py:150} INFO - [2024-04-23T22:47:38.415+0000] {dag.py:2742} INFO - Sync 1 DAGs
[2024-04-23T22:47:38.430+0000] {logging_mixin.py:150} INFO - [2024-04-23T22:47:38.430+0000] {dag.py:3504} INFO - Setting next_dagrun for example_dynamic_task_mapping_with_no_taskflow_operators to 2024-04-22T22:47:38.430382+00:00, run_after=2024-04-23T22:47:38.430382+00:00
[2024-04-23T22:47:38.470+0000] {processor.py:179} INFO - Processing /usr/local/python/3.10.13/lib/python3.10/site-packages/airflow/example_dags/example_dynamic_task_mapping_with_no_taskflow_operators.py took 0.074 seconds
[2024-04-23T22:48:30.542+0000] {processor.py:157} INFO - Started process (PID=40616) to work on /usr/local/python/3.10.13/lib/python3.10/site-packages/airflow/example_dags/example_dynamic_task_mapping_with_no_taskflow_operators.py
[2024-04-23T22:48:30.543+0000] {processor.py:826} INFO - Processing file /usr/local/python/3.10.13/lib/python3.10/site-packages/airflow/example_dags/example_dynamic_task_mapping_with_no_taskflow_operators.py for tasks to queue
[2024-04-23T22:48:30.544+0000] {logging_mixin.py:150} INFO - [2024-04-23T22:48:30.543+0000] {dagbag.py:541} INFO - Filling up the DagBag from /usr/local/python/3.10.13/lib/python3.10/site-packages/airflow/example_dags/example_dynamic_task_mapping_with_no_taskflow_operators.py
[2024-04-23T22:48:30.549+0000] {processor.py:836} INFO - DAG(s) dict_keys(['example_dynamic_task_mapping_with_no_taskflow_operators']) retrieved from /usr/local/python/3.10.13/lib/python3.10/site-packages/airflow/example_dags/example_dynamic_task_mapping_with_no_taskflow_operators.py
[2024-04-23T22:48:30.560+0000] {logging_mixin.py:150} INFO - [2024-04-23T22:48:30.560+0000] {dag.py:2742} INFO - Sync 1 DAGs
[2024-04-23T22:48:30.575+0000] {logging_mixin.py:150} INFO - [2024-04-23T22:48:30.575+0000] {dag.py:3504} INFO - Setting next_dagrun for example_dynamic_task_mapping_with_no_taskflow_operators to 2024-04-22T22:48:30.574944+00:00, run_after=2024-04-23T22:48:30.574944+00:00
[2024-04-23T22:48:30.611+0000] {processor.py:179} INFO - Processing /usr/local/python/3.10.13/lib/python3.10/site-packages/airflow/example_dags/example_dynamic_task_mapping_with_no_taskflow_operators.py took 0.070 seconds
[2024-04-23T22:49:21.403+0000] {processor.py:157} INFO - Started process (PID=40994) to work on /usr/local/python/3.10.13/lib/python3.10/site-packages/airflow/example_dags/example_dynamic_task_mapping_with_no_taskflow_operators.py
[2024-04-23T22:49:21.403+0000] {processor.py:826} INFO - Processing file /usr/local/python/3.10.13/lib/python3.10/site-packages/airflow/example_dags/example_dynamic_task_mapping_with_no_taskflow_operators.py for tasks to queue
[2024-04-23T22:49:21.404+0000] {logging_mixin.py:150} INFO - [2024-04-23T22:49:21.404+0000] {dagbag.py:541} INFO - Filling up the DagBag from /usr/local/python/3.10.13/lib/python3.10/site-packages/airflow/example_dags/example_dynamic_task_mapping_with_no_taskflow_operators.py
[2024-04-23T22:49:21.409+0000] {processor.py:836} INFO - DAG(s) dict_keys(['example_dynamic_task_mapping_with_no_taskflow_operators']) retrieved from /usr/local/python/3.10.13/lib/python3.10/site-packages/airflow/example_dags/example_dynamic_task_mapping_with_no_taskflow_operators.py
[2024-04-23T22:49:21.420+0000] {logging_mixin.py:150} INFO - [2024-04-23T22:49:21.419+0000] {dag.py:2742} INFO - Sync 1 DAGs
[2024-04-23T22:49:21.435+0000] {logging_mixin.py:150} INFO - [2024-04-23T22:49:21.435+0000] {dag.py:3504} INFO - Setting next_dagrun for example_dynamic_task_mapping_with_no_taskflow_operators to 2024-04-22T22:49:21.435040+00:00, run_after=2024-04-23T22:49:21.435040+00:00
[2024-04-23T22:49:21.476+0000] {processor.py:179} INFO - Processing /usr/local/python/3.10.13/lib/python3.10/site-packages/airflow/example_dags/example_dynamic_task_mapping_with_no_taskflow_operators.py took 0.075 seconds
[2024-04-23T22:50:13.067+0000] {processor.py:157} INFO - Started process (PID=41382) to work on /usr/local/python/3.10.13/lib/python3.10/site-packages/airflow/example_dags/example_dynamic_task_mapping_with_no_taskflow_operators.py
[2024-04-23T22:50:13.068+0000] {processor.py:826} INFO - Processing file /usr/local/python/3.10.13/lib/python3.10/site-packages/airflow/example_dags/example_dynamic_task_mapping_with_no_taskflow_operators.py for tasks to queue
[2024-04-23T22:50:13.069+0000] {logging_mixin.py:150} INFO - [2024-04-23T22:50:13.068+0000] {dagbag.py:541} INFO - Filling up the DagBag from /usr/local/python/3.10.13/lib/python3.10/site-packages/airflow/example_dags/example_dynamic_task_mapping_with_no_taskflow_operators.py
[2024-04-23T22:50:13.073+0000] {processor.py:836} INFO - DAG(s) dict_keys(['example_dynamic_task_mapping_with_no_taskflow_operators']) retrieved from /usr/local/python/3.10.13/lib/python3.10/site-packages/airflow/example_dags/example_dynamic_task_mapping_with_no_taskflow_operators.py
[2024-04-23T22:50:13.084+0000] {logging_mixin.py:150} INFO - [2024-04-23T22:50:13.084+0000] {dag.py:2742} INFO - Sync 1 DAGs
[2024-04-23T22:50:13.100+0000] {logging_mixin.py:150} INFO - [2024-04-23T22:50:13.100+0000] {dag.py:3504} INFO - Setting next_dagrun for example_dynamic_task_mapping_with_no_taskflow_operators to 2024-04-22T22:50:13.099837+00:00, run_after=2024-04-23T22:50:13.099837+00:00
[2024-04-23T22:50:13.142+0000] {processor.py:179} INFO - Processing /usr/local/python/3.10.13/lib/python3.10/site-packages/airflow/example_dags/example_dynamic_task_mapping_with_no_taskflow_operators.py took 0.077 seconds
[2024-04-23T22:51:04.894+0000] {processor.py:157} INFO - Started process (PID=41760) to work on /usr/local/python/3.10.13/lib/python3.10/site-packages/airflow/example_dags/example_dynamic_task_mapping_with_no_taskflow_operators.py
[2024-04-23T22:51:04.894+0000] {processor.py:826} INFO - Processing file /usr/local/python/3.10.13/lib/python3.10/site-packages/airflow/example_dags/example_dynamic_task_mapping_with_no_taskflow_operators.py for tasks to queue
[2024-04-23T22:51:04.895+0000] {logging_mixin.py:150} INFO - [2024-04-23T22:51:04.895+0000] {dagbag.py:541} INFO - Filling up the DagBag from /usr/local/python/3.10.13/lib/python3.10/site-packages/airflow/example_dags/example_dynamic_task_mapping_with_no_taskflow_operators.py
[2024-04-23T22:51:04.900+0000] {processor.py:836} INFO - DAG(s) dict_keys(['example_dynamic_task_mapping_with_no_taskflow_operators']) retrieved from /usr/local/python/3.10.13/lib/python3.10/site-packages/airflow/example_dags/example_dynamic_task_mapping_with_no_taskflow_operators.py
[2024-04-23T22:51:04.911+0000] {logging_mixin.py:150} INFO - [2024-04-23T22:51:04.911+0000] {dag.py:2742} INFO - Sync 1 DAGs
[2024-04-23T22:51:04.926+0000] {logging_mixin.py:150} INFO - [2024-04-23T22:51:04.926+0000] {dag.py:3504} INFO - Setting next_dagrun for example_dynamic_task_mapping_with_no_taskflow_operators to 2024-04-22T22:51:04.925933+00:00, run_after=2024-04-23T22:51:04.925933+00:00
[2024-04-23T22:51:04.964+0000] {processor.py:179} INFO - Processing /usr/local/python/3.10.13/lib/python3.10/site-packages/airflow/example_dags/example_dynamic_task_mapping_with_no_taskflow_operators.py took 0.072 seconds
[2024-04-23T22:51:55.330+0000] {processor.py:157} INFO - Started process (PID=42160) to work on /usr/local/python/3.10.13/lib/python3.10/site-packages/airflow/example_dags/example_dynamic_task_mapping_with_no_taskflow_operators.py
[2024-04-23T22:51:55.331+0000] {processor.py:826} INFO - Processing file /usr/local/python/3.10.13/lib/python3.10/site-packages/airflow/example_dags/example_dynamic_task_mapping_with_no_taskflow_operators.py for tasks to queue
[2024-04-23T22:51:55.331+0000] {logging_mixin.py:150} INFO - [2024-04-23T22:51:55.331+0000] {dagbag.py:541} INFO - Filling up the DagBag from /usr/local/python/3.10.13/lib/python3.10/site-packages/airflow/example_dags/example_dynamic_task_mapping_with_no_taskflow_operators.py
[2024-04-23T22:51:55.336+0000] {processor.py:836} INFO - DAG(s) dict_keys(['example_dynamic_task_mapping_with_no_taskflow_operators']) retrieved from /usr/local/python/3.10.13/lib/python3.10/site-packages/airflow/example_dags/example_dynamic_task_mapping_with_no_taskflow_operators.py
[2024-04-23T22:51:55.347+0000] {logging_mixin.py:150} INFO - [2024-04-23T22:51:55.347+0000] {dag.py:2742} INFO - Sync 1 DAGs
[2024-04-23T22:51:55.449+0000] {logging_mixin.py:150} INFO - [2024-04-23T22:51:55.449+0000] {dag.py:3504} INFO - Setting next_dagrun for example_dynamic_task_mapping_with_no_taskflow_operators to 2024-04-22T22:51:55.448959+00:00, run_after=2024-04-23T22:51:55.448959+00:00
[2024-04-23T22:51:55.489+0000] {processor.py:179} INFO - Processing /usr/local/python/3.10.13/lib/python3.10/site-packages/airflow/example_dags/example_dynamic_task_mapping_with_no_taskflow_operators.py took 0.162 seconds
[2024-04-23T22:52:46.423+0000] {processor.py:157} INFO - Started process (PID=42536) to work on /usr/local/python/3.10.13/lib/python3.10/site-packages/airflow/example_dags/example_dynamic_task_mapping_with_no_taskflow_operators.py
[2024-04-23T22:52:46.423+0000] {processor.py:826} INFO - Processing file /usr/local/python/3.10.13/lib/python3.10/site-packages/airflow/example_dags/example_dynamic_task_mapping_with_no_taskflow_operators.py for tasks to queue
[2024-04-23T22:52:46.424+0000] {logging_mixin.py:150} INFO - [2024-04-23T22:52:46.424+0000] {dagbag.py:541} INFO - Filling up the DagBag from /usr/local/python/3.10.13/lib/python3.10/site-packages/airflow/example_dags/example_dynamic_task_mapping_with_no_taskflow_operators.py
[2024-04-23T22:52:46.429+0000] {processor.py:836} INFO - DAG(s) dict_keys(['example_dynamic_task_mapping_with_no_taskflow_operators']) retrieved from /usr/local/python/3.10.13/lib/python3.10/site-packages/airflow/example_dags/example_dynamic_task_mapping_with_no_taskflow_operators.py
[2024-04-23T22:52:46.440+0000] {logging_mixin.py:150} INFO - [2024-04-23T22:52:46.439+0000] {dag.py:2742} INFO - Sync 1 DAGs
[2024-04-23T22:52:46.455+0000] {logging_mixin.py:150} INFO - [2024-04-23T22:52:46.455+0000] {dag.py:3504} INFO - Setting next_dagrun for example_dynamic_task_mapping_with_no_taskflow_operators to 2024-04-22T22:52:46.454877+00:00, run_after=2024-04-23T22:52:46.454877+00:00
[2024-04-23T22:52:46.576+0000] {processor.py:179} INFO - Processing /usr/local/python/3.10.13/lib/python3.10/site-packages/airflow/example_dags/example_dynamic_task_mapping_with_no_taskflow_operators.py took 0.155 seconds
[2024-04-23T22:53:41.590+0000] {processor.py:157} INFO - Started process (PID=42934) to work on /usr/local/python/3.10.13/lib/python3.10/site-packages/airflow/example_dags/example_dynamic_task_mapping_with_no_taskflow_operators.py
[2024-04-23T22:53:41.590+0000] {processor.py:826} INFO - Processing file /usr/local/python/3.10.13/lib/python3.10/site-packages/airflow/example_dags/example_dynamic_task_mapping_with_no_taskflow_operators.py for tasks to queue
[2024-04-23T22:53:41.591+0000] {logging_mixin.py:150} INFO - [2024-04-23T22:53:41.591+0000] {dagbag.py:541} INFO - Filling up the DagBag from /usr/local/python/3.10.13/lib/python3.10/site-packages/airflow/example_dags/example_dynamic_task_mapping_with_no_taskflow_operators.py
[2024-04-23T22:53:41.596+0000] {processor.py:836} INFO - DAG(s) dict_keys(['example_dynamic_task_mapping_with_no_taskflow_operators']) retrieved from /usr/local/python/3.10.13/lib/python3.10/site-packages/airflow/example_dags/example_dynamic_task_mapping_with_no_taskflow_operators.py
[2024-04-23T22:53:41.607+0000] {logging_mixin.py:150} INFO - [2024-04-23T22:53:41.607+0000] {dag.py:2742} INFO - Sync 1 DAGs
[2024-04-23T22:53:41.623+0000] {logging_mixin.py:150} INFO - [2024-04-23T22:53:41.623+0000] {dag.py:3504} INFO - Setting next_dagrun for example_dynamic_task_mapping_with_no_taskflow_operators to 2024-04-22T22:53:41.622848+00:00, run_after=2024-04-23T22:53:41.622848+00:00
[2024-04-23T22:53:41.660+0000] {processor.py:179} INFO - Processing /usr/local/python/3.10.13/lib/python3.10/site-packages/airflow/example_dags/example_dynamic_task_mapping_with_no_taskflow_operators.py took 0.072 seconds
[2024-04-23T22:54:46.322+0000] {processor.py:157} INFO - Started process (PID=43376) to work on /usr/local/python/3.10.13/lib/python3.10/site-packages/airflow/example_dags/example_dynamic_task_mapping_with_no_taskflow_operators.py
[2024-04-23T22:54:46.323+0000] {processor.py:826} INFO - Processing file /usr/local/python/3.10.13/lib/python3.10/site-packages/airflow/example_dags/example_dynamic_task_mapping_with_no_taskflow_operators.py for tasks to queue
[2024-04-23T22:54:46.323+0000] {logging_mixin.py:150} INFO - [2024-04-23T22:54:46.323+0000] {dagbag.py:541} INFO - Filling up the DagBag from /usr/local/python/3.10.13/lib/python3.10/site-packages/airflow/example_dags/example_dynamic_task_mapping_with_no_taskflow_operators.py
[2024-04-23T22:54:46.330+0000] {processor.py:836} INFO - DAG(s) dict_keys(['example_dynamic_task_mapping_with_no_taskflow_operators']) retrieved from /usr/local/python/3.10.13/lib/python3.10/site-packages/airflow/example_dags/example_dynamic_task_mapping_with_no_taskflow_operators.py
[2024-04-23T22:54:46.341+0000] {logging_mixin.py:150} INFO - [2024-04-23T22:54:46.341+0000] {dag.py:2742} INFO - Sync 1 DAGs
[2024-04-23T22:54:46.452+0000] {logging_mixin.py:150} INFO - [2024-04-23T22:54:46.452+0000] {dag.py:3504} INFO - Setting next_dagrun for example_dynamic_task_mapping_with_no_taskflow_operators to 2024-04-22T22:54:46.452047+00:00, run_after=2024-04-23T22:54:46.452047+00:00
[2024-04-23T22:54:46.490+0000] {processor.py:179} INFO - Processing /usr/local/python/3.10.13/lib/python3.10/site-packages/airflow/example_dags/example_dynamic_task_mapping_with_no_taskflow_operators.py took 0.171 seconds
[2024-04-23T22:55:43.773+0000] {processor.py:157} INFO - Started process (PID=43784) to work on /usr/local/python/3.10.13/lib/python3.10/site-packages/airflow/example_dags/example_dynamic_task_mapping_with_no_taskflow_operators.py
[2024-04-23T22:55:43.773+0000] {processor.py:826} INFO - Processing file /usr/local/python/3.10.13/lib/python3.10/site-packages/airflow/example_dags/example_dynamic_task_mapping_with_no_taskflow_operators.py for tasks to queue
[2024-04-23T22:55:43.774+0000] {logging_mixin.py:150} INFO - [2024-04-23T22:55:43.774+0000] {dagbag.py:541} INFO - Filling up the DagBag from /usr/local/python/3.10.13/lib/python3.10/site-packages/airflow/example_dags/example_dynamic_task_mapping_with_no_taskflow_operators.py
[2024-04-23T22:55:43.779+0000] {processor.py:836} INFO - DAG(s) dict_keys(['example_dynamic_task_mapping_with_no_taskflow_operators']) retrieved from /usr/local/python/3.10.13/lib/python3.10/site-packages/airflow/example_dags/example_dynamic_task_mapping_with_no_taskflow_operators.py
[2024-04-23T22:55:43.790+0000] {logging_mixin.py:150} INFO - [2024-04-23T22:55:43.790+0000] {dag.py:2742} INFO - Sync 1 DAGs
[2024-04-23T22:55:43.805+0000] {logging_mixin.py:150} INFO - [2024-04-23T22:55:43.805+0000] {dag.py:3504} INFO - Setting next_dagrun for example_dynamic_task_mapping_with_no_taskflow_operators to 2024-04-22T22:55:43.805013+00:00, run_after=2024-04-23T22:55:43.805013+00:00
[2024-04-23T22:55:43.843+0000] {processor.py:179} INFO - Processing /usr/local/python/3.10.13/lib/python3.10/site-packages/airflow/example_dags/example_dynamic_task_mapping_with_no_taskflow_operators.py took 0.072 seconds
[2024-04-23T22:56:48.003+0000] {processor.py:157} INFO - Started process (PID=44256) to work on /usr/local/python/3.10.13/lib/python3.10/site-packages/airflow/example_dags/example_dynamic_task_mapping_with_no_taskflow_operators.py
[2024-04-23T22:56:48.004+0000] {processor.py:826} INFO - Processing file /usr/local/python/3.10.13/lib/python3.10/site-packages/airflow/example_dags/example_dynamic_task_mapping_with_no_taskflow_operators.py for tasks to queue
[2024-04-23T22:56:48.004+0000] {logging_mixin.py:150} INFO - [2024-04-23T22:56:48.004+0000] {dagbag.py:541} INFO - Filling up the DagBag from /usr/local/python/3.10.13/lib/python3.10/site-packages/airflow/example_dags/example_dynamic_task_mapping_with_no_taskflow_operators.py
[2024-04-23T22:56:48.009+0000] {processor.py:836} INFO - DAG(s) dict_keys(['example_dynamic_task_mapping_with_no_taskflow_operators']) retrieved from /usr/local/python/3.10.13/lib/python3.10/site-packages/airflow/example_dags/example_dynamic_task_mapping_with_no_taskflow_operators.py
[2024-04-23T22:56:48.020+0000] {logging_mixin.py:150} INFO - [2024-04-23T22:56:48.020+0000] {dag.py:2742} INFO - Sync 1 DAGs
[2024-04-23T22:56:48.035+0000] {logging_mixin.py:150} INFO - [2024-04-23T22:56:48.035+0000] {dag.py:3504} INFO - Setting next_dagrun for example_dynamic_task_mapping_with_no_taskflow_operators to 2024-04-22T22:56:48.035465+00:00, run_after=2024-04-23T22:56:48.035465+00:00
[2024-04-23T22:56:48.074+0000] {processor.py:179} INFO - Processing /usr/local/python/3.10.13/lib/python3.10/site-packages/airflow/example_dags/example_dynamic_task_mapping_with_no_taskflow_operators.py took 0.073 seconds
[2024-04-23T22:57:48.812+0000] {processor.py:157} INFO - Started process (PID=44699) to work on /usr/local/python/3.10.13/lib/python3.10/site-packages/airflow/example_dags/example_dynamic_task_mapping_with_no_taskflow_operators.py
[2024-04-23T22:57:48.813+0000] {processor.py:826} INFO - Processing file /usr/local/python/3.10.13/lib/python3.10/site-packages/airflow/example_dags/example_dynamic_task_mapping_with_no_taskflow_operators.py for tasks to queue
[2024-04-23T22:57:48.813+0000] {logging_mixin.py:150} INFO - [2024-04-23T22:57:48.813+0000] {dagbag.py:541} INFO - Filling up the DagBag from /usr/local/python/3.10.13/lib/python3.10/site-packages/airflow/example_dags/example_dynamic_task_mapping_with_no_taskflow_operators.py
[2024-04-23T22:57:48.820+0000] {processor.py:836} INFO - DAG(s) dict_keys(['example_dynamic_task_mapping_with_no_taskflow_operators']) retrieved from /usr/local/python/3.10.13/lib/python3.10/site-packages/airflow/example_dags/example_dynamic_task_mapping_with_no_taskflow_operators.py
[2024-04-23T22:57:48.830+0000] {logging_mixin.py:150} INFO - [2024-04-23T22:57:48.830+0000] {dag.py:2742} INFO - Sync 1 DAGs
[2024-04-23T22:57:48.845+0000] {logging_mixin.py:150} INFO - [2024-04-23T22:57:48.845+0000] {dag.py:3504} INFO - Setting next_dagrun for example_dynamic_task_mapping_with_no_taskflow_operators to 2024-04-22T22:57:48.845426+00:00, run_after=2024-04-23T22:57:48.845426+00:00
[2024-04-23T22:57:48.884+0000] {processor.py:179} INFO - Processing /usr/local/python/3.10.13/lib/python3.10/site-packages/airflow/example_dags/example_dynamic_task_mapping_with_no_taskflow_operators.py took 0.074 seconds
[2024-04-23T22:58:40.502+0000] {processor.py:157} INFO - Started process (PID=45086) to work on /usr/local/python/3.10.13/lib/python3.10/site-packages/airflow/example_dags/example_dynamic_task_mapping_with_no_taskflow_operators.py
[2024-04-23T22:58:40.503+0000] {processor.py:826} INFO - Processing file /usr/local/python/3.10.13/lib/python3.10/site-packages/airflow/example_dags/example_dynamic_task_mapping_with_no_taskflow_operators.py for tasks to queue
[2024-04-23T22:58:40.503+0000] {logging_mixin.py:150} INFO - [2024-04-23T22:58:40.503+0000] {dagbag.py:541} INFO - Filling up the DagBag from /usr/local/python/3.10.13/lib/python3.10/site-packages/airflow/example_dags/example_dynamic_task_mapping_with_no_taskflow_operators.py
[2024-04-23T22:58:40.508+0000] {processor.py:836} INFO - DAG(s) dict_keys(['example_dynamic_task_mapping_with_no_taskflow_operators']) retrieved from /usr/local/python/3.10.13/lib/python3.10/site-packages/airflow/example_dags/example_dynamic_task_mapping_with_no_taskflow_operators.py
[2024-04-23T22:58:40.519+0000] {logging_mixin.py:150} INFO - [2024-04-23T22:58:40.519+0000] {dag.py:2742} INFO - Sync 1 DAGs
[2024-04-23T22:58:40.534+0000] {logging_mixin.py:150} INFO - [2024-04-23T22:58:40.534+0000] {dag.py:3504} INFO - Setting next_dagrun for example_dynamic_task_mapping_with_no_taskflow_operators to 2024-04-22T22:58:40.533848+00:00, run_after=2024-04-23T22:58:40.533848+00:00
[2024-04-23T22:58:40.571+0000] {processor.py:179} INFO - Processing /usr/local/python/3.10.13/lib/python3.10/site-packages/airflow/example_dags/example_dynamic_task_mapping_with_no_taskflow_operators.py took 0.071 seconds
[2024-04-23T22:59:29.682+0000] {processor.py:157} INFO - Started process (PID=45479) to work on /usr/local/python/3.10.13/lib/python3.10/site-packages/airflow/example_dags/example_dynamic_task_mapping_with_no_taskflow_operators.py
[2024-04-23T22:59:29.683+0000] {processor.py:826} INFO - Processing file /usr/local/python/3.10.13/lib/python3.10/site-packages/airflow/example_dags/example_dynamic_task_mapping_with_no_taskflow_operators.py for tasks to queue
[2024-04-23T22:59:29.683+0000] {logging_mixin.py:150} INFO - [2024-04-23T22:59:29.683+0000] {dagbag.py:541} INFO - Filling up the DagBag from /usr/local/python/3.10.13/lib/python3.10/site-packages/airflow/example_dags/example_dynamic_task_mapping_with_no_taskflow_operators.py
[2024-04-23T22:59:29.688+0000] {processor.py:836} INFO - DAG(s) dict_keys(['example_dynamic_task_mapping_with_no_taskflow_operators']) retrieved from /usr/local/python/3.10.13/lib/python3.10/site-packages/airflow/example_dags/example_dynamic_task_mapping_with_no_taskflow_operators.py
[2024-04-23T22:59:29.699+0000] {logging_mixin.py:150} INFO - [2024-04-23T22:59:29.699+0000] {dag.py:2742} INFO - Sync 1 DAGs
[2024-04-23T22:59:29.718+0000] {logging_mixin.py:150} INFO - [2024-04-23T22:59:29.718+0000] {dag.py:3504} INFO - Setting next_dagrun for example_dynamic_task_mapping_with_no_taskflow_operators to 2024-04-22T22:59:29.718178+00:00, run_after=2024-04-23T22:59:29.718178+00:00
[2024-04-23T22:59:29.757+0000] {processor.py:179} INFO - Processing /usr/local/python/3.10.13/lib/python3.10/site-packages/airflow/example_dags/example_dynamic_task_mapping_with_no_taskflow_operators.py took 0.078 seconds
[2024-04-23T23:00:20.483+0000] {processor.py:157} INFO - Started process (PID=45902) to work on /usr/local/python/3.10.13/lib/python3.10/site-packages/airflow/example_dags/example_dynamic_task_mapping_with_no_taskflow_operators.py
[2024-04-23T23:00:20.484+0000] {processor.py:826} INFO - Processing file /usr/local/python/3.10.13/lib/python3.10/site-packages/airflow/example_dags/example_dynamic_task_mapping_with_no_taskflow_operators.py for tasks to queue
[2024-04-23T23:00:20.484+0000] {logging_mixin.py:150} INFO - [2024-04-23T23:00:20.484+0000] {dagbag.py:541} INFO - Filling up the DagBag from /usr/local/python/3.10.13/lib/python3.10/site-packages/airflow/example_dags/example_dynamic_task_mapping_with_no_taskflow_operators.py
[2024-04-23T23:00:20.490+0000] {processor.py:836} INFO - DAG(s) dict_keys(['example_dynamic_task_mapping_with_no_taskflow_operators']) retrieved from /usr/local/python/3.10.13/lib/python3.10/site-packages/airflow/example_dags/example_dynamic_task_mapping_with_no_taskflow_operators.py
[2024-04-23T23:00:20.501+0000] {logging_mixin.py:150} INFO - [2024-04-23T23:00:20.501+0000] {dag.py:2742} INFO - Sync 1 DAGs
[2024-04-23T23:00:20.517+0000] {logging_mixin.py:150} INFO - [2024-04-23T23:00:20.516+0000] {dag.py:3504} INFO - Setting next_dagrun for example_dynamic_task_mapping_with_no_taskflow_operators to 2024-04-22T23:00:20.516660+00:00, run_after=2024-04-23T23:00:20.516660+00:00
[2024-04-23T23:00:20.571+0000] {processor.py:179} INFO - Processing /usr/local/python/3.10.13/lib/python3.10/site-packages/airflow/example_dags/example_dynamic_task_mapping_with_no_taskflow_operators.py took 0.090 seconds
