[2024-04-23T22:23:30.574+0000] {processor.py:157} INFO - Started process (PID=28703) to work on /usr/local/python/3.10.13/lib/python3.10/site-packages/airflow/example_dags/example_trigger_controller_dag.py
[2024-04-23T22:23:30.575+0000] {processor.py:826} INFO - Processing file /usr/local/python/3.10.13/lib/python3.10/site-packages/airflow/example_dags/example_trigger_controller_dag.py for tasks to queue
[2024-04-23T22:23:30.575+0000] {logging_mixin.py:150} INFO - [2024-04-23T22:23:30.575+0000] {dagbag.py:541} INFO - Filling up the DagBag from /usr/local/python/3.10.13/lib/python3.10/site-packages/airflow/example_dags/example_trigger_controller_dag.py
[2024-04-23T22:23:30.578+0000] {processor.py:836} INFO - DAG(s) dict_keys(['example_trigger_controller_dag']) retrieved from /usr/local/python/3.10.13/lib/python3.10/site-packages/airflow/example_dags/example_trigger_controller_dag.py
[2024-04-23T22:23:30.709+0000] {logging_mixin.py:150} INFO - [2024-04-23T22:23:30.709+0000] {manager.py:504} INFO - Created Permission View: can delete on DAG:example_trigger_controller_dag
[2024-04-23T22:23:30.740+0000] {logging_mixin.py:150} INFO - [2024-04-23T22:23:30.740+0000] {manager.py:504} INFO - Created Permission View: can edit on DAG:example_trigger_controller_dag
[2024-04-23T22:23:30.770+0000] {logging_mixin.py:150} INFO - [2024-04-23T22:23:30.769+0000] {manager.py:504} INFO - Created Permission View: can read on DAG:example_trigger_controller_dag
[2024-04-23T22:23:30.781+0000] {logging_mixin.py:150} INFO - [2024-04-23T22:23:30.781+0000] {dag.py:2742} INFO - Sync 1 DAGs
[2024-04-23T22:23:30.790+0000] {logging_mixin.py:150} INFO - [2024-04-23T22:23:30.790+0000] {dag.py:2763} INFO - Creating ORM DAG for example_trigger_controller_dag
[2024-04-23T22:23:30.796+0000] {logging_mixin.py:150} INFO - [2024-04-23T22:23:30.796+0000] {dag.py:3504} INFO - Setting next_dagrun for example_trigger_controller_dag to 2021-01-01T00:00:00+00:00, run_after=2021-01-01T00:00:00+00:00
[2024-04-23T22:23:30.844+0000] {processor.py:179} INFO - Processing /usr/local/python/3.10.13/lib/python3.10/site-packages/airflow/example_dags/example_trigger_controller_dag.py took 0.272 seconds
[2024-04-23T22:24:24.273+0000] {processor.py:157} INFO - Started process (PID=29080) to work on /usr/local/python/3.10.13/lib/python3.10/site-packages/airflow/example_dags/example_trigger_controller_dag.py
[2024-04-23T22:24:24.274+0000] {processor.py:826} INFO - Processing file /usr/local/python/3.10.13/lib/python3.10/site-packages/airflow/example_dags/example_trigger_controller_dag.py for tasks to queue
[2024-04-23T22:24:24.275+0000] {logging_mixin.py:150} INFO - [2024-04-23T22:24:24.274+0000] {dagbag.py:541} INFO - Filling up the DagBag from /usr/local/python/3.10.13/lib/python3.10/site-packages/airflow/example_dags/example_trigger_controller_dag.py
[2024-04-23T22:24:24.278+0000] {processor.py:836} INFO - DAG(s) dict_keys(['example_trigger_controller_dag']) retrieved from /usr/local/python/3.10.13/lib/python3.10/site-packages/airflow/example_dags/example_trigger_controller_dag.py
[2024-04-23T22:24:24.289+0000] {logging_mixin.py:150} INFO - [2024-04-23T22:24:24.289+0000] {dag.py:2742} INFO - Sync 1 DAGs
[2024-04-23T22:24:24.303+0000] {logging_mixin.py:150} INFO - [2024-04-23T22:24:24.303+0000] {dag.py:3504} INFO - Setting next_dagrun for example_trigger_controller_dag to 2021-01-01T00:00:00+00:00, run_after=2021-01-01T00:00:00+00:00
[2024-04-23T22:24:24.345+0000] {processor.py:179} INFO - Processing /usr/local/python/3.10.13/lib/python3.10/site-packages/airflow/example_dags/example_trigger_controller_dag.py took 0.074 seconds
[2024-04-23T22:25:10.414+0000] {processor.py:157} INFO - Started process (PID=29391) to work on /usr/local/python/3.10.13/lib/python3.10/site-packages/airflow/example_dags/example_trigger_controller_dag.py
[2024-04-23T22:25:10.414+0000] {processor.py:826} INFO - Processing file /usr/local/python/3.10.13/lib/python3.10/site-packages/airflow/example_dags/example_trigger_controller_dag.py for tasks to queue
[2024-04-23T22:25:10.415+0000] {logging_mixin.py:150} INFO - [2024-04-23T22:25:10.415+0000] {dagbag.py:541} INFO - Filling up the DagBag from /usr/local/python/3.10.13/lib/python3.10/site-packages/airflow/example_dags/example_trigger_controller_dag.py
[2024-04-23T22:25:10.418+0000] {processor.py:836} INFO - DAG(s) dict_keys(['example_trigger_controller_dag']) retrieved from /usr/local/python/3.10.13/lib/python3.10/site-packages/airflow/example_dags/example_trigger_controller_dag.py
[2024-04-23T22:25:10.430+0000] {logging_mixin.py:150} INFO - [2024-04-23T22:25:10.429+0000] {dag.py:2742} INFO - Sync 1 DAGs
[2024-04-23T22:25:10.444+0000] {logging_mixin.py:150} INFO - [2024-04-23T22:25:10.444+0000] {dag.py:3504} INFO - Setting next_dagrun for example_trigger_controller_dag to 2021-01-01T00:00:00+00:00, run_after=2021-01-01T00:00:00+00:00
[2024-04-23T22:25:10.485+0000] {processor.py:179} INFO - Processing /usr/local/python/3.10.13/lib/python3.10/site-packages/airflow/example_dags/example_trigger_controller_dag.py took 0.073 seconds
[2024-04-23T22:25:58.863+0000] {processor.py:157} INFO - Started process (PID=29738) to work on /usr/local/python/3.10.13/lib/python3.10/site-packages/airflow/example_dags/example_trigger_controller_dag.py
[2024-04-23T22:25:58.864+0000] {processor.py:826} INFO - Processing file /usr/local/python/3.10.13/lib/python3.10/site-packages/airflow/example_dags/example_trigger_controller_dag.py for tasks to queue
[2024-04-23T22:25:58.864+0000] {logging_mixin.py:150} INFO - [2024-04-23T22:25:58.864+0000] {dagbag.py:541} INFO - Filling up the DagBag from /usr/local/python/3.10.13/lib/python3.10/site-packages/airflow/example_dags/example_trigger_controller_dag.py
[2024-04-23T22:25:58.868+0000] {processor.py:836} INFO - DAG(s) dict_keys(['example_trigger_controller_dag']) retrieved from /usr/local/python/3.10.13/lib/python3.10/site-packages/airflow/example_dags/example_trigger_controller_dag.py
[2024-04-23T22:25:58.880+0000] {logging_mixin.py:150} INFO - [2024-04-23T22:25:58.880+0000] {dag.py:2742} INFO - Sync 1 DAGs
[2024-04-23T22:25:58.895+0000] {logging_mixin.py:150} INFO - [2024-04-23T22:25:58.895+0000] {dag.py:3504} INFO - Setting next_dagrun for example_trigger_controller_dag to 2021-01-01T00:00:00+00:00, run_after=2021-01-01T00:00:00+00:00
[2024-04-23T22:25:58.934+0000] {processor.py:179} INFO - Processing /usr/local/python/3.10.13/lib/python3.10/site-packages/airflow/example_dags/example_trigger_controller_dag.py took 0.073 seconds
[2024-04-23T22:26:45.958+0000] {processor.py:157} INFO - Started process (PID=30070) to work on /usr/local/python/3.10.13/lib/python3.10/site-packages/airflow/example_dags/example_trigger_controller_dag.py
[2024-04-23T22:26:45.958+0000] {processor.py:826} INFO - Processing file /usr/local/python/3.10.13/lib/python3.10/site-packages/airflow/example_dags/example_trigger_controller_dag.py for tasks to queue
[2024-04-23T22:26:45.959+0000] {logging_mixin.py:150} INFO - [2024-04-23T22:26:45.959+0000] {dagbag.py:541} INFO - Filling up the DagBag from /usr/local/python/3.10.13/lib/python3.10/site-packages/airflow/example_dags/example_trigger_controller_dag.py
[2024-04-23T22:26:45.962+0000] {processor.py:836} INFO - DAG(s) dict_keys(['example_trigger_controller_dag']) retrieved from /usr/local/python/3.10.13/lib/python3.10/site-packages/airflow/example_dags/example_trigger_controller_dag.py
[2024-04-23T22:26:45.974+0000] {logging_mixin.py:150} INFO - [2024-04-23T22:26:45.974+0000] {dag.py:2742} INFO - Sync 1 DAGs
[2024-04-23T22:26:45.989+0000] {logging_mixin.py:150} INFO - [2024-04-23T22:26:45.989+0000] {dag.py:3504} INFO - Setting next_dagrun for example_trigger_controller_dag to 2021-01-01T00:00:00+00:00, run_after=2021-01-01T00:00:00+00:00
[2024-04-23T22:26:46.027+0000] {processor.py:179} INFO - Processing /usr/local/python/3.10.13/lib/python3.10/site-packages/airflow/example_dags/example_trigger_controller_dag.py took 0.071 seconds
[2024-04-23T22:27:32.600+0000] {processor.py:157} INFO - Started process (PID=30468) to work on /usr/local/python/3.10.13/lib/python3.10/site-packages/airflow/example_dags/example_trigger_controller_dag.py
[2024-04-23T22:27:32.600+0000] {processor.py:826} INFO - Processing file /usr/local/python/3.10.13/lib/python3.10/site-packages/airflow/example_dags/example_trigger_controller_dag.py for tasks to queue
[2024-04-23T22:27:32.601+0000] {logging_mixin.py:150} INFO - [2024-04-23T22:27:32.601+0000] {dagbag.py:541} INFO - Filling up the DagBag from /usr/local/python/3.10.13/lib/python3.10/site-packages/airflow/example_dags/example_trigger_controller_dag.py
[2024-04-23T22:27:32.604+0000] {processor.py:836} INFO - DAG(s) dict_keys(['example_trigger_controller_dag']) retrieved from /usr/local/python/3.10.13/lib/python3.10/site-packages/airflow/example_dags/example_trigger_controller_dag.py
[2024-04-23T22:27:32.615+0000] {logging_mixin.py:150} INFO - [2024-04-23T22:27:32.615+0000] {dag.py:2742} INFO - Sync 1 DAGs
[2024-04-23T22:27:32.630+0000] {logging_mixin.py:150} INFO - [2024-04-23T22:27:32.630+0000] {dag.py:3504} INFO - Setting next_dagrun for example_trigger_controller_dag to 2021-01-01T00:00:00+00:00, run_after=2021-01-01T00:00:00+00:00
[2024-04-23T22:27:32.666+0000] {processor.py:179} INFO - Processing /usr/local/python/3.10.13/lib/python3.10/site-packages/airflow/example_dags/example_trigger_controller_dag.py took 0.069 seconds
[2024-04-23T22:28:20.241+0000] {processor.py:157} INFO - Started process (PID=30961) to work on /usr/local/python/3.10.13/lib/python3.10/site-packages/airflow/example_dags/example_trigger_controller_dag.py
[2024-04-23T22:28:20.242+0000] {processor.py:826} INFO - Processing file /usr/local/python/3.10.13/lib/python3.10/site-packages/airflow/example_dags/example_trigger_controller_dag.py for tasks to queue
[2024-04-23T22:28:20.242+0000] {logging_mixin.py:150} INFO - [2024-04-23T22:28:20.242+0000] {dagbag.py:541} INFO - Filling up the DagBag from /usr/local/python/3.10.13/lib/python3.10/site-packages/airflow/example_dags/example_trigger_controller_dag.py
[2024-04-23T22:28:20.245+0000] {processor.py:836} INFO - DAG(s) dict_keys(['example_trigger_controller_dag']) retrieved from /usr/local/python/3.10.13/lib/python3.10/site-packages/airflow/example_dags/example_trigger_controller_dag.py
[2024-04-23T22:28:20.259+0000] {logging_mixin.py:150} INFO - [2024-04-23T22:28:20.259+0000] {dag.py:2742} INFO - Sync 1 DAGs
[2024-04-23T22:28:20.276+0000] {logging_mixin.py:150} INFO - [2024-04-23T22:28:20.276+0000] {dag.py:3504} INFO - Setting next_dagrun for example_trigger_controller_dag to 2021-01-01T00:00:00+00:00, run_after=2021-01-01T00:00:00+00:00
[2024-04-23T22:28:20.319+0000] {processor.py:179} INFO - Processing /usr/local/python/3.10.13/lib/python3.10/site-packages/airflow/example_dags/example_trigger_controller_dag.py took 0.080 seconds
[2024-04-23T22:29:05.945+0000] {processor.py:157} INFO - Started process (PID=31723) to work on /usr/local/python/3.10.13/lib/python3.10/site-packages/airflow/example_dags/example_trigger_controller_dag.py
[2024-04-23T22:29:05.946+0000] {processor.py:826} INFO - Processing file /usr/local/python/3.10.13/lib/python3.10/site-packages/airflow/example_dags/example_trigger_controller_dag.py for tasks to queue
[2024-04-23T22:29:05.946+0000] {logging_mixin.py:150} INFO - [2024-04-23T22:29:05.946+0000] {dagbag.py:541} INFO - Filling up the DagBag from /usr/local/python/3.10.13/lib/python3.10/site-packages/airflow/example_dags/example_trigger_controller_dag.py
[2024-04-23T22:29:05.949+0000] {processor.py:836} INFO - DAG(s) dict_keys(['example_trigger_controller_dag']) retrieved from /usr/local/python/3.10.13/lib/python3.10/site-packages/airflow/example_dags/example_trigger_controller_dag.py
[2024-04-23T22:29:05.961+0000] {logging_mixin.py:150} INFO - [2024-04-23T22:29:05.961+0000] {dag.py:2742} INFO - Sync 1 DAGs
[2024-04-23T22:29:05.977+0000] {logging_mixin.py:150} INFO - [2024-04-23T22:29:05.976+0000] {dag.py:3504} INFO - Setting next_dagrun for example_trigger_controller_dag to 2021-01-01T00:00:00+00:00, run_after=2021-01-01T00:00:00+00:00
[2024-04-23T22:29:06.028+0000] {processor.py:179} INFO - Processing /usr/local/python/3.10.13/lib/python3.10/site-packages/airflow/example_dags/example_trigger_controller_dag.py took 0.085 seconds
[2024-04-23T22:29:55.385+0000] {processor.py:157} INFO - Started process (PID=32099) to work on /usr/local/python/3.10.13/lib/python3.10/site-packages/airflow/example_dags/example_trigger_controller_dag.py
[2024-04-23T22:29:55.386+0000] {processor.py:826} INFO - Processing file /usr/local/python/3.10.13/lib/python3.10/site-packages/airflow/example_dags/example_trigger_controller_dag.py for tasks to queue
[2024-04-23T22:29:55.387+0000] {logging_mixin.py:150} INFO - [2024-04-23T22:29:55.387+0000] {dagbag.py:541} INFO - Filling up the DagBag from /usr/local/python/3.10.13/lib/python3.10/site-packages/airflow/example_dags/example_trigger_controller_dag.py
[2024-04-23T22:29:55.390+0000] {processor.py:836} INFO - DAG(s) dict_keys(['example_trigger_controller_dag']) retrieved from /usr/local/python/3.10.13/lib/python3.10/site-packages/airflow/example_dags/example_trigger_controller_dag.py
[2024-04-23T22:29:55.402+0000] {logging_mixin.py:150} INFO - [2024-04-23T22:29:55.402+0000] {dag.py:2742} INFO - Sync 1 DAGs
[2024-04-23T22:29:55.417+0000] {logging_mixin.py:150} INFO - [2024-04-23T22:29:55.417+0000] {dag.py:3504} INFO - Setting next_dagrun for example_trigger_controller_dag to 2021-01-01T00:00:00+00:00, run_after=2021-01-01T00:00:00+00:00
[2024-04-23T22:29:55.455+0000] {processor.py:179} INFO - Processing /usr/local/python/3.10.13/lib/python3.10/site-packages/airflow/example_dags/example_trigger_controller_dag.py took 0.071 seconds
[2024-04-23T22:30:47.879+0000] {processor.py:157} INFO - Started process (PID=32499) to work on /usr/local/python/3.10.13/lib/python3.10/site-packages/airflow/example_dags/example_trigger_controller_dag.py
[2024-04-23T22:30:47.880+0000] {processor.py:826} INFO - Processing file /usr/local/python/3.10.13/lib/python3.10/site-packages/airflow/example_dags/example_trigger_controller_dag.py for tasks to queue
[2024-04-23T22:30:47.880+0000] {logging_mixin.py:150} INFO - [2024-04-23T22:30:47.880+0000] {dagbag.py:541} INFO - Filling up the DagBag from /usr/local/python/3.10.13/lib/python3.10/site-packages/airflow/example_dags/example_trigger_controller_dag.py
[2024-04-23T22:30:47.883+0000] {processor.py:836} INFO - DAG(s) dict_keys(['example_trigger_controller_dag']) retrieved from /usr/local/python/3.10.13/lib/python3.10/site-packages/airflow/example_dags/example_trigger_controller_dag.py
[2024-04-23T22:30:47.895+0000] {logging_mixin.py:150} INFO - [2024-04-23T22:30:47.895+0000] {dag.py:2742} INFO - Sync 1 DAGs
[2024-04-23T22:30:47.910+0000] {logging_mixin.py:150} INFO - [2024-04-23T22:30:47.910+0000] {dag.py:3504} INFO - Setting next_dagrun for example_trigger_controller_dag to 2021-01-01T00:00:00+00:00, run_after=2021-01-01T00:00:00+00:00
[2024-04-23T22:30:47.949+0000] {processor.py:179} INFO - Processing /usr/local/python/3.10.13/lib/python3.10/site-packages/airflow/example_dags/example_trigger_controller_dag.py took 0.072 seconds
[2024-04-23T22:31:41.478+0000] {processor.py:157} INFO - Started process (PID=32912) to work on /usr/local/python/3.10.13/lib/python3.10/site-packages/airflow/example_dags/example_trigger_controller_dag.py
[2024-04-23T22:31:41.478+0000] {processor.py:826} INFO - Processing file /usr/local/python/3.10.13/lib/python3.10/site-packages/airflow/example_dags/example_trigger_controller_dag.py for tasks to queue
[2024-04-23T22:31:41.479+0000] {logging_mixin.py:150} INFO - [2024-04-23T22:31:41.479+0000] {dagbag.py:541} INFO - Filling up the DagBag from /usr/local/python/3.10.13/lib/python3.10/site-packages/airflow/example_dags/example_trigger_controller_dag.py
[2024-04-23T22:31:41.482+0000] {processor.py:836} INFO - DAG(s) dict_keys(['example_trigger_controller_dag']) retrieved from /usr/local/python/3.10.13/lib/python3.10/site-packages/airflow/example_dags/example_trigger_controller_dag.py
[2024-04-23T22:31:41.495+0000] {logging_mixin.py:150} INFO - [2024-04-23T22:31:41.494+0000] {dag.py:2742} INFO - Sync 1 DAGs
[2024-04-23T22:31:41.510+0000] {logging_mixin.py:150} INFO - [2024-04-23T22:31:41.510+0000] {dag.py:3504} INFO - Setting next_dagrun for example_trigger_controller_dag to 2021-01-01T00:00:00+00:00, run_after=2021-01-01T00:00:00+00:00
[2024-04-23T22:31:41.549+0000] {processor.py:179} INFO - Processing /usr/local/python/3.10.13/lib/python3.10/site-packages/airflow/example_dags/example_trigger_controller_dag.py took 0.073 seconds
[2024-04-23T22:32:34.534+0000] {processor.py:157} INFO - Started process (PID=33311) to work on /usr/local/python/3.10.13/lib/python3.10/site-packages/airflow/example_dags/example_trigger_controller_dag.py
[2024-04-23T22:32:34.535+0000] {processor.py:826} INFO - Processing file /usr/local/python/3.10.13/lib/python3.10/site-packages/airflow/example_dags/example_trigger_controller_dag.py for tasks to queue
[2024-04-23T22:32:34.535+0000] {logging_mixin.py:150} INFO - [2024-04-23T22:32:34.535+0000] {dagbag.py:541} INFO - Filling up the DagBag from /usr/local/python/3.10.13/lib/python3.10/site-packages/airflow/example_dags/example_trigger_controller_dag.py
[2024-04-23T22:32:34.538+0000] {processor.py:836} INFO - DAG(s) dict_keys(['example_trigger_controller_dag']) retrieved from /usr/local/python/3.10.13/lib/python3.10/site-packages/airflow/example_dags/example_trigger_controller_dag.py
[2024-04-23T22:32:34.550+0000] {logging_mixin.py:150} INFO - [2024-04-23T22:32:34.550+0000] {dag.py:2742} INFO - Sync 1 DAGs
[2024-04-23T22:32:34.565+0000] {logging_mixin.py:150} INFO - [2024-04-23T22:32:34.565+0000] {dag.py:3504} INFO - Setting next_dagrun for example_trigger_controller_dag to 2021-01-01T00:00:00+00:00, run_after=2021-01-01T00:00:00+00:00
[2024-04-23T22:32:34.604+0000] {processor.py:179} INFO - Processing /usr/local/python/3.10.13/lib/python3.10/site-packages/airflow/example_dags/example_trigger_controller_dag.py took 0.072 seconds
[2024-04-23T22:33:22.168+0000] {processor.py:157} INFO - Started process (PID=33683) to work on /usr/local/python/3.10.13/lib/python3.10/site-packages/airflow/example_dags/example_trigger_controller_dag.py
[2024-04-23T22:33:22.168+0000] {processor.py:826} INFO - Processing file /usr/local/python/3.10.13/lib/python3.10/site-packages/airflow/example_dags/example_trigger_controller_dag.py for tasks to queue
[2024-04-23T22:33:22.169+0000] {logging_mixin.py:150} INFO - [2024-04-23T22:33:22.169+0000] {dagbag.py:541} INFO - Filling up the DagBag from /usr/local/python/3.10.13/lib/python3.10/site-packages/airflow/example_dags/example_trigger_controller_dag.py
[2024-04-23T22:33:22.172+0000] {processor.py:836} INFO - DAG(s) dict_keys(['example_trigger_controller_dag']) retrieved from /usr/local/python/3.10.13/lib/python3.10/site-packages/airflow/example_dags/example_trigger_controller_dag.py
[2024-04-23T22:33:22.191+0000] {logging_mixin.py:150} INFO - [2024-04-23T22:33:22.190+0000] {dag.py:2742} INFO - Sync 1 DAGs
[2024-04-23T22:33:22.212+0000] {logging_mixin.py:150} INFO - [2024-04-23T22:33:22.212+0000] {dag.py:3504} INFO - Setting next_dagrun for example_trigger_controller_dag to 2021-01-01T00:00:00+00:00, run_after=2021-01-01T00:00:00+00:00
[2024-04-23T22:33:22.256+0000] {processor.py:179} INFO - Processing /usr/local/python/3.10.13/lib/python3.10/site-packages/airflow/example_dags/example_trigger_controller_dag.py took 0.091 seconds
[2024-04-23T22:34:16.240+0000] {processor.py:157} INFO - Started process (PID=34081) to work on /usr/local/python/3.10.13/lib/python3.10/site-packages/airflow/example_dags/example_trigger_controller_dag.py
[2024-04-23T22:34:16.241+0000] {processor.py:826} INFO - Processing file /usr/local/python/3.10.13/lib/python3.10/site-packages/airflow/example_dags/example_trigger_controller_dag.py for tasks to queue
[2024-04-23T22:34:16.242+0000] {logging_mixin.py:150} INFO - [2024-04-23T22:34:16.242+0000] {dagbag.py:541} INFO - Filling up the DagBag from /usr/local/python/3.10.13/lib/python3.10/site-packages/airflow/example_dags/example_trigger_controller_dag.py
[2024-04-23T22:34:16.245+0000] {processor.py:836} INFO - DAG(s) dict_keys(['example_trigger_controller_dag']) retrieved from /usr/local/python/3.10.13/lib/python3.10/site-packages/airflow/example_dags/example_trigger_controller_dag.py
[2024-04-23T22:34:16.257+0000] {logging_mixin.py:150} INFO - [2024-04-23T22:34:16.257+0000] {dag.py:2742} INFO - Sync 1 DAGs
[2024-04-23T22:34:16.273+0000] {logging_mixin.py:150} INFO - [2024-04-23T22:34:16.272+0000] {dag.py:3504} INFO - Setting next_dagrun for example_trigger_controller_dag to 2021-01-01T00:00:00+00:00, run_after=2021-01-01T00:00:00+00:00
[2024-04-23T22:34:16.310+0000] {processor.py:179} INFO - Processing /usr/local/python/3.10.13/lib/python3.10/site-packages/airflow/example_dags/example_trigger_controller_dag.py took 0.072 seconds
[2024-04-23T22:35:07.979+0000] {processor.py:157} INFO - Started process (PID=34567) to work on /usr/local/python/3.10.13/lib/python3.10/site-packages/airflow/example_dags/example_trigger_controller_dag.py
[2024-04-23T22:35:07.980+0000] {processor.py:826} INFO - Processing file /usr/local/python/3.10.13/lib/python3.10/site-packages/airflow/example_dags/example_trigger_controller_dag.py for tasks to queue
[2024-04-23T22:35:07.981+0000] {logging_mixin.py:150} INFO - [2024-04-23T22:35:07.980+0000] {dagbag.py:541} INFO - Filling up the DagBag from /usr/local/python/3.10.13/lib/python3.10/site-packages/airflow/example_dags/example_trigger_controller_dag.py
[2024-04-23T22:35:07.984+0000] {processor.py:836} INFO - DAG(s) dict_keys(['example_trigger_controller_dag']) retrieved from /usr/local/python/3.10.13/lib/python3.10/site-packages/airflow/example_dags/example_trigger_controller_dag.py
[2024-04-23T22:35:07.996+0000] {logging_mixin.py:150} INFO - [2024-04-23T22:35:07.996+0000] {dag.py:2742} INFO - Sync 1 DAGs
[2024-04-23T22:35:08.011+0000] {logging_mixin.py:150} INFO - [2024-04-23T22:35:08.011+0000] {dag.py:3504} INFO - Setting next_dagrun for example_trigger_controller_dag to 2021-01-01T00:00:00+00:00, run_after=2021-01-01T00:00:00+00:00
[2024-04-23T22:35:08.051+0000] {processor.py:179} INFO - Processing /usr/local/python/3.10.13/lib/python3.10/site-packages/airflow/example_dags/example_trigger_controller_dag.py took 0.074 seconds
[2024-04-23T22:35:57.524+0000] {processor.py:157} INFO - Started process (PID=34950) to work on /usr/local/python/3.10.13/lib/python3.10/site-packages/airflow/example_dags/example_trigger_controller_dag.py
[2024-04-23T22:35:57.524+0000] {processor.py:826} INFO - Processing file /usr/local/python/3.10.13/lib/python3.10/site-packages/airflow/example_dags/example_trigger_controller_dag.py for tasks to queue
[2024-04-23T22:35:57.525+0000] {logging_mixin.py:150} INFO - [2024-04-23T22:35:57.525+0000] {dagbag.py:541} INFO - Filling up the DagBag from /usr/local/python/3.10.13/lib/python3.10/site-packages/airflow/example_dags/example_trigger_controller_dag.py
[2024-04-23T22:35:57.528+0000] {processor.py:836} INFO - DAG(s) dict_keys(['example_trigger_controller_dag']) retrieved from /usr/local/python/3.10.13/lib/python3.10/site-packages/airflow/example_dags/example_trigger_controller_dag.py
[2024-04-23T22:35:57.540+0000] {logging_mixin.py:150} INFO - [2024-04-23T22:35:57.540+0000] {dag.py:2742} INFO - Sync 1 DAGs
[2024-04-23T22:35:57.555+0000] {logging_mixin.py:150} INFO - [2024-04-23T22:35:57.555+0000] {dag.py:3504} INFO - Setting next_dagrun for example_trigger_controller_dag to 2021-01-01T00:00:00+00:00, run_after=2021-01-01T00:00:00+00:00
[2024-04-23T22:35:57.597+0000] {processor.py:179} INFO - Processing /usr/local/python/3.10.13/lib/python3.10/site-packages/airflow/example_dags/example_trigger_controller_dag.py took 0.076 seconds
[2024-04-23T22:36:50.564+0000] {processor.py:157} INFO - Started process (PID=35362) to work on /usr/local/python/3.10.13/lib/python3.10/site-packages/airflow/example_dags/example_trigger_controller_dag.py
[2024-04-23T22:36:50.565+0000] {processor.py:826} INFO - Processing file /usr/local/python/3.10.13/lib/python3.10/site-packages/airflow/example_dags/example_trigger_controller_dag.py for tasks to queue
[2024-04-23T22:36:50.566+0000] {logging_mixin.py:150} INFO - [2024-04-23T22:36:50.566+0000] {dagbag.py:541} INFO - Filling up the DagBag from /usr/local/python/3.10.13/lib/python3.10/site-packages/airflow/example_dags/example_trigger_controller_dag.py
[2024-04-23T22:36:50.569+0000] {processor.py:836} INFO - DAG(s) dict_keys(['example_trigger_controller_dag']) retrieved from /usr/local/python/3.10.13/lib/python3.10/site-packages/airflow/example_dags/example_trigger_controller_dag.py
[2024-04-23T22:36:50.581+0000] {logging_mixin.py:150} INFO - [2024-04-23T22:36:50.581+0000] {dag.py:2742} INFO - Sync 1 DAGs
[2024-04-23T22:36:50.595+0000] {logging_mixin.py:150} INFO - [2024-04-23T22:36:50.595+0000] {dag.py:3504} INFO - Setting next_dagrun for example_trigger_controller_dag to 2021-01-01T00:00:00+00:00, run_after=2021-01-01T00:00:00+00:00
[2024-04-23T22:36:50.647+0000] {processor.py:179} INFO - Processing /usr/local/python/3.10.13/lib/python3.10/site-packages/airflow/example_dags/example_trigger_controller_dag.py took 0.085 seconds
[2024-04-23T22:37:42.242+0000] {processor.py:157} INFO - Started process (PID=35746) to work on /usr/local/python/3.10.13/lib/python3.10/site-packages/airflow/example_dags/example_trigger_controller_dag.py
[2024-04-23T22:37:42.242+0000] {processor.py:826} INFO - Processing file /usr/local/python/3.10.13/lib/python3.10/site-packages/airflow/example_dags/example_trigger_controller_dag.py for tasks to queue
[2024-04-23T22:37:42.243+0000] {logging_mixin.py:150} INFO - [2024-04-23T22:37:42.243+0000] {dagbag.py:541} INFO - Filling up the DagBag from /usr/local/python/3.10.13/lib/python3.10/site-packages/airflow/example_dags/example_trigger_controller_dag.py
[2024-04-23T22:37:42.246+0000] {processor.py:836} INFO - DAG(s) dict_keys(['example_trigger_controller_dag']) retrieved from /usr/local/python/3.10.13/lib/python3.10/site-packages/airflow/example_dags/example_trigger_controller_dag.py
[2024-04-23T22:37:42.258+0000] {logging_mixin.py:150} INFO - [2024-04-23T22:37:42.258+0000] {dag.py:2742} INFO - Sync 1 DAGs
[2024-04-23T22:37:42.273+0000] {logging_mixin.py:150} INFO - [2024-04-23T22:37:42.272+0000] {dag.py:3504} INFO - Setting next_dagrun for example_trigger_controller_dag to 2021-01-01T00:00:00+00:00, run_after=2021-01-01T00:00:00+00:00
[2024-04-23T22:37:42.310+0000] {processor.py:179} INFO - Processing /usr/local/python/3.10.13/lib/python3.10/site-packages/airflow/example_dags/example_trigger_controller_dag.py took 0.071 seconds
[2024-04-23T22:38:31.899+0000] {processor.py:157} INFO - Started process (PID=36125) to work on /usr/local/python/3.10.13/lib/python3.10/site-packages/airflow/example_dags/example_trigger_controller_dag.py
[2024-04-23T22:38:31.899+0000] {processor.py:826} INFO - Processing file /usr/local/python/3.10.13/lib/python3.10/site-packages/airflow/example_dags/example_trigger_controller_dag.py for tasks to queue
[2024-04-23T22:38:31.900+0000] {logging_mixin.py:150} INFO - [2024-04-23T22:38:31.900+0000] {dagbag.py:541} INFO - Filling up the DagBag from /usr/local/python/3.10.13/lib/python3.10/site-packages/airflow/example_dags/example_trigger_controller_dag.py
[2024-04-23T22:38:31.903+0000] {processor.py:836} INFO - DAG(s) dict_keys(['example_trigger_controller_dag']) retrieved from /usr/local/python/3.10.13/lib/python3.10/site-packages/airflow/example_dags/example_trigger_controller_dag.py
[2024-04-23T22:38:31.915+0000] {logging_mixin.py:150} INFO - [2024-04-23T22:38:31.915+0000] {dag.py:2742} INFO - Sync 1 DAGs
[2024-04-23T22:38:31.930+0000] {logging_mixin.py:150} INFO - [2024-04-23T22:38:31.930+0000] {dag.py:3504} INFO - Setting next_dagrun for example_trigger_controller_dag to 2021-01-01T00:00:00+00:00, run_after=2021-01-01T00:00:00+00:00
[2024-04-23T22:38:31.971+0000] {processor.py:179} INFO - Processing /usr/local/python/3.10.13/lib/python3.10/site-packages/airflow/example_dags/example_trigger_controller_dag.py took 0.074 seconds
[2024-04-23T22:39:22.712+0000] {processor.py:157} INFO - Started process (PID=36517) to work on /usr/local/python/3.10.13/lib/python3.10/site-packages/airflow/example_dags/example_trigger_controller_dag.py
[2024-04-23T22:39:22.713+0000] {processor.py:826} INFO - Processing file /usr/local/python/3.10.13/lib/python3.10/site-packages/airflow/example_dags/example_trigger_controller_dag.py for tasks to queue
[2024-04-23T22:39:22.714+0000] {logging_mixin.py:150} INFO - [2024-04-23T22:39:22.713+0000] {dagbag.py:541} INFO - Filling up the DagBag from /usr/local/python/3.10.13/lib/python3.10/site-packages/airflow/example_dags/example_trigger_controller_dag.py
[2024-04-23T22:39:22.717+0000] {processor.py:836} INFO - DAG(s) dict_keys(['example_trigger_controller_dag']) retrieved from /usr/local/python/3.10.13/lib/python3.10/site-packages/airflow/example_dags/example_trigger_controller_dag.py
[2024-04-23T22:39:22.730+0000] {logging_mixin.py:150} INFO - [2024-04-23T22:39:22.730+0000] {dag.py:2742} INFO - Sync 1 DAGs
[2024-04-23T22:39:22.745+0000] {logging_mixin.py:150} INFO - [2024-04-23T22:39:22.745+0000] {dag.py:3504} INFO - Setting next_dagrun for example_trigger_controller_dag to 2021-01-01T00:00:00+00:00, run_after=2021-01-01T00:00:00+00:00
[2024-04-23T22:39:22.789+0000] {processor.py:179} INFO - Processing /usr/local/python/3.10.13/lib/python3.10/site-packages/airflow/example_dags/example_trigger_controller_dag.py took 0.079 seconds
[2024-04-23T22:40:13.883+0000] {processor.py:157} INFO - Started process (PID=36901) to work on /usr/local/python/3.10.13/lib/python3.10/site-packages/airflow/example_dags/example_trigger_controller_dag.py
[2024-04-23T22:40:13.884+0000] {processor.py:826} INFO - Processing file /usr/local/python/3.10.13/lib/python3.10/site-packages/airflow/example_dags/example_trigger_controller_dag.py for tasks to queue
[2024-04-23T22:40:13.884+0000] {logging_mixin.py:150} INFO - [2024-04-23T22:40:13.884+0000] {dagbag.py:541} INFO - Filling up the DagBag from /usr/local/python/3.10.13/lib/python3.10/site-packages/airflow/example_dags/example_trigger_controller_dag.py
[2024-04-23T22:40:13.887+0000] {processor.py:836} INFO - DAG(s) dict_keys(['example_trigger_controller_dag']) retrieved from /usr/local/python/3.10.13/lib/python3.10/site-packages/airflow/example_dags/example_trigger_controller_dag.py
[2024-04-23T22:40:13.899+0000] {logging_mixin.py:150} INFO - [2024-04-23T22:40:13.899+0000] {dag.py:2742} INFO - Sync 1 DAGs
[2024-04-23T22:40:13.915+0000] {logging_mixin.py:150} INFO - [2024-04-23T22:40:13.915+0000] {dag.py:3504} INFO - Setting next_dagrun for example_trigger_controller_dag to 2021-01-01T00:00:00+00:00, run_after=2021-01-01T00:00:00+00:00
[2024-04-23T22:40:13.956+0000] {processor.py:179} INFO - Processing /usr/local/python/3.10.13/lib/python3.10/site-packages/airflow/example_dags/example_trigger_controller_dag.py took 0.075 seconds
[2024-04-23T22:41:09.408+0000] {processor.py:157} INFO - Started process (PID=37335) to work on /usr/local/python/3.10.13/lib/python3.10/site-packages/airflow/example_dags/example_trigger_controller_dag.py
[2024-04-23T22:41:09.409+0000] {processor.py:826} INFO - Processing file /usr/local/python/3.10.13/lib/python3.10/site-packages/airflow/example_dags/example_trigger_controller_dag.py for tasks to queue
[2024-04-23T22:41:09.409+0000] {logging_mixin.py:150} INFO - [2024-04-23T22:41:09.409+0000] {dagbag.py:541} INFO - Filling up the DagBag from /usr/local/python/3.10.13/lib/python3.10/site-packages/airflow/example_dags/example_trigger_controller_dag.py
[2024-04-23T22:41:09.412+0000] {processor.py:836} INFO - DAG(s) dict_keys(['example_trigger_controller_dag']) retrieved from /usr/local/python/3.10.13/lib/python3.10/site-packages/airflow/example_dags/example_trigger_controller_dag.py
[2024-04-23T22:41:09.425+0000] {logging_mixin.py:150} INFO - [2024-04-23T22:41:09.425+0000] {dag.py:2742} INFO - Sync 1 DAGs
[2024-04-23T22:41:09.440+0000] {logging_mixin.py:150} INFO - [2024-04-23T22:41:09.440+0000] {dag.py:3504} INFO - Setting next_dagrun for example_trigger_controller_dag to 2021-01-01T00:00:00+00:00, run_after=2021-01-01T00:00:00+00:00
[2024-04-23T22:41:09.482+0000] {processor.py:179} INFO - Processing /usr/local/python/3.10.13/lib/python3.10/site-packages/airflow/example_dags/example_trigger_controller_dag.py took 0.076 seconds
[2024-04-23T22:42:05.377+0000] {processor.py:157} INFO - Started process (PID=37742) to work on /usr/local/python/3.10.13/lib/python3.10/site-packages/airflow/example_dags/example_trigger_controller_dag.py
[2024-04-23T22:42:05.377+0000] {processor.py:826} INFO - Processing file /usr/local/python/3.10.13/lib/python3.10/site-packages/airflow/example_dags/example_trigger_controller_dag.py for tasks to queue
[2024-04-23T22:42:05.378+0000] {logging_mixin.py:150} INFO - [2024-04-23T22:42:05.378+0000] {dagbag.py:541} INFO - Filling up the DagBag from /usr/local/python/3.10.13/lib/python3.10/site-packages/airflow/example_dags/example_trigger_controller_dag.py
[2024-04-23T22:42:05.381+0000] {processor.py:836} INFO - DAG(s) dict_keys(['example_trigger_controller_dag']) retrieved from /usr/local/python/3.10.13/lib/python3.10/site-packages/airflow/example_dags/example_trigger_controller_dag.py
[2024-04-23T22:42:05.394+0000] {logging_mixin.py:150} INFO - [2024-04-23T22:42:05.393+0000] {dag.py:2742} INFO - Sync 1 DAGs
[2024-04-23T22:42:05.409+0000] {logging_mixin.py:150} INFO - [2024-04-23T22:42:05.408+0000] {dag.py:3504} INFO - Setting next_dagrun for example_trigger_controller_dag to 2021-01-01T00:00:00+00:00, run_after=2021-01-01T00:00:00+00:00
[2024-04-23T22:42:05.464+0000] {processor.py:179} INFO - Processing /usr/local/python/3.10.13/lib/python3.10/site-packages/airflow/example_dags/example_trigger_controller_dag.py took 0.090 seconds
[2024-04-23T22:42:55.150+0000] {processor.py:157} INFO - Started process (PID=38104) to work on /usr/local/python/3.10.13/lib/python3.10/site-packages/airflow/example_dags/example_trigger_controller_dag.py
[2024-04-23T22:42:55.151+0000] {processor.py:826} INFO - Processing file /usr/local/python/3.10.13/lib/python3.10/site-packages/airflow/example_dags/example_trigger_controller_dag.py for tasks to queue
[2024-04-23T22:42:55.151+0000] {logging_mixin.py:150} INFO - [2024-04-23T22:42:55.151+0000] {dagbag.py:541} INFO - Filling up the DagBag from /usr/local/python/3.10.13/lib/python3.10/site-packages/airflow/example_dags/example_trigger_controller_dag.py
[2024-04-23T22:42:55.155+0000] {processor.py:836} INFO - DAG(s) dict_keys(['example_trigger_controller_dag']) retrieved from /usr/local/python/3.10.13/lib/python3.10/site-packages/airflow/example_dags/example_trigger_controller_dag.py
[2024-04-23T22:42:55.169+0000] {logging_mixin.py:150} INFO - [2024-04-23T22:42:55.169+0000] {dag.py:2742} INFO - Sync 1 DAGs
[2024-04-23T22:42:55.185+0000] {logging_mixin.py:150} INFO - [2024-04-23T22:42:55.185+0000] {dag.py:3504} INFO - Setting next_dagrun for example_trigger_controller_dag to 2021-01-01T00:00:00+00:00, run_after=2021-01-01T00:00:00+00:00
[2024-04-23T22:42:55.230+0000] {processor.py:179} INFO - Processing /usr/local/python/3.10.13/lib/python3.10/site-packages/airflow/example_dags/example_trigger_controller_dag.py took 0.083 seconds
[2024-04-23T22:43:48.551+0000] {processor.py:157} INFO - Started process (PID=38492) to work on /usr/local/python/3.10.13/lib/python3.10/site-packages/airflow/example_dags/example_trigger_controller_dag.py
[2024-04-23T22:43:48.552+0000] {processor.py:826} INFO - Processing file /usr/local/python/3.10.13/lib/python3.10/site-packages/airflow/example_dags/example_trigger_controller_dag.py for tasks to queue
[2024-04-23T22:43:48.552+0000] {logging_mixin.py:150} INFO - [2024-04-23T22:43:48.552+0000] {dagbag.py:541} INFO - Filling up the DagBag from /usr/local/python/3.10.13/lib/python3.10/site-packages/airflow/example_dags/example_trigger_controller_dag.py
[2024-04-23T22:43:48.555+0000] {processor.py:836} INFO - DAG(s) dict_keys(['example_trigger_controller_dag']) retrieved from /usr/local/python/3.10.13/lib/python3.10/site-packages/airflow/example_dags/example_trigger_controller_dag.py
[2024-04-23T22:43:48.568+0000] {logging_mixin.py:150} INFO - [2024-04-23T22:43:48.567+0000] {dag.py:2742} INFO - Sync 1 DAGs
[2024-04-23T22:43:48.583+0000] {logging_mixin.py:150} INFO - [2024-04-23T22:43:48.582+0000] {dag.py:3504} INFO - Setting next_dagrun for example_trigger_controller_dag to 2021-01-01T00:00:00+00:00, run_after=2021-01-01T00:00:00+00:00
[2024-04-23T22:43:48.622+0000] {processor.py:179} INFO - Processing /usr/local/python/3.10.13/lib/python3.10/site-packages/airflow/example_dags/example_trigger_controller_dag.py took 0.074 seconds
[2024-04-23T22:44:35.829+0000] {processor.py:157} INFO - Started process (PID=38832) to work on /usr/local/python/3.10.13/lib/python3.10/site-packages/airflow/example_dags/example_trigger_controller_dag.py
[2024-04-23T22:44:35.830+0000] {processor.py:826} INFO - Processing file /usr/local/python/3.10.13/lib/python3.10/site-packages/airflow/example_dags/example_trigger_controller_dag.py for tasks to queue
[2024-04-23T22:44:35.830+0000] {logging_mixin.py:150} INFO - [2024-04-23T22:44:35.830+0000] {dagbag.py:541} INFO - Filling up the DagBag from /usr/local/python/3.10.13/lib/python3.10/site-packages/airflow/example_dags/example_trigger_controller_dag.py
[2024-04-23T22:44:35.833+0000] {processor.py:836} INFO - DAG(s) dict_keys(['example_trigger_controller_dag']) retrieved from /usr/local/python/3.10.13/lib/python3.10/site-packages/airflow/example_dags/example_trigger_controller_dag.py
[2024-04-23T22:44:35.846+0000] {logging_mixin.py:150} INFO - [2024-04-23T22:44:35.846+0000] {dag.py:2742} INFO - Sync 1 DAGs
[2024-04-23T22:44:35.861+0000] {logging_mixin.py:150} INFO - [2024-04-23T22:44:35.860+0000] {dag.py:3504} INFO - Setting next_dagrun for example_trigger_controller_dag to 2021-01-01T00:00:00+00:00, run_after=2021-01-01T00:00:00+00:00
[2024-04-23T22:44:35.900+0000] {processor.py:179} INFO - Processing /usr/local/python/3.10.13/lib/python3.10/site-packages/airflow/example_dags/example_trigger_controller_dag.py took 0.074 seconds
[2024-04-23T22:45:24.427+0000] {processor.py:157} INFO - Started process (PID=39215) to work on /usr/local/python/3.10.13/lib/python3.10/site-packages/airflow/example_dags/example_trigger_controller_dag.py
[2024-04-23T22:45:24.428+0000] {processor.py:826} INFO - Processing file /usr/local/python/3.10.13/lib/python3.10/site-packages/airflow/example_dags/example_trigger_controller_dag.py for tasks to queue
[2024-04-23T22:45:24.428+0000] {logging_mixin.py:150} INFO - [2024-04-23T22:45:24.428+0000] {dagbag.py:541} INFO - Filling up the DagBag from /usr/local/python/3.10.13/lib/python3.10/site-packages/airflow/example_dags/example_trigger_controller_dag.py
[2024-04-23T22:45:24.431+0000] {processor.py:836} INFO - DAG(s) dict_keys(['example_trigger_controller_dag']) retrieved from /usr/local/python/3.10.13/lib/python3.10/site-packages/airflow/example_dags/example_trigger_controller_dag.py
[2024-04-23T22:45:24.444+0000] {logging_mixin.py:150} INFO - [2024-04-23T22:45:24.444+0000] {dag.py:2742} INFO - Sync 1 DAGs
[2024-04-23T22:45:24.460+0000] {logging_mixin.py:150} INFO - [2024-04-23T22:45:24.460+0000] {dag.py:3504} INFO - Setting next_dagrun for example_trigger_controller_dag to 2021-01-01T00:00:00+00:00, run_after=2021-01-01T00:00:00+00:00
[2024-04-23T22:45:24.504+0000] {processor.py:179} INFO - Processing /usr/local/python/3.10.13/lib/python3.10/site-packages/airflow/example_dags/example_trigger_controller_dag.py took 0.079 seconds
[2024-04-23T22:46:17.309+0000] {processor.py:157} INFO - Started process (PID=39597) to work on /usr/local/python/3.10.13/lib/python3.10/site-packages/airflow/example_dags/example_trigger_controller_dag.py
[2024-04-23T22:46:17.310+0000] {processor.py:826} INFO - Processing file /usr/local/python/3.10.13/lib/python3.10/site-packages/airflow/example_dags/example_trigger_controller_dag.py for tasks to queue
[2024-04-23T22:46:17.310+0000] {logging_mixin.py:150} INFO - [2024-04-23T22:46:17.310+0000] {dagbag.py:541} INFO - Filling up the DagBag from /usr/local/python/3.10.13/lib/python3.10/site-packages/airflow/example_dags/example_trigger_controller_dag.py
[2024-04-23T22:46:17.313+0000] {processor.py:836} INFO - DAG(s) dict_keys(['example_trigger_controller_dag']) retrieved from /usr/local/python/3.10.13/lib/python3.10/site-packages/airflow/example_dags/example_trigger_controller_dag.py
[2024-04-23T22:46:17.325+0000] {logging_mixin.py:150} INFO - [2024-04-23T22:46:17.325+0000] {dag.py:2742} INFO - Sync 1 DAGs
[2024-04-23T22:46:17.339+0000] {logging_mixin.py:150} INFO - [2024-04-23T22:46:17.339+0000] {dag.py:3504} INFO - Setting next_dagrun for example_trigger_controller_dag to 2021-01-01T00:00:00+00:00, run_after=2021-01-01T00:00:00+00:00
[2024-04-23T22:46:17.376+0000] {processor.py:179} INFO - Processing /usr/local/python/3.10.13/lib/python3.10/site-packages/airflow/example_dags/example_trigger_controller_dag.py took 0.069 seconds
[2024-04-23T22:47:11.736+0000] {processor.py:157} INFO - Started process (PID=40006) to work on /usr/local/python/3.10.13/lib/python3.10/site-packages/airflow/example_dags/example_trigger_controller_dag.py
[2024-04-23T22:47:11.737+0000] {processor.py:826} INFO - Processing file /usr/local/python/3.10.13/lib/python3.10/site-packages/airflow/example_dags/example_trigger_controller_dag.py for tasks to queue
[2024-04-23T22:47:11.737+0000] {logging_mixin.py:150} INFO - [2024-04-23T22:47:11.737+0000] {dagbag.py:541} INFO - Filling up the DagBag from /usr/local/python/3.10.13/lib/python3.10/site-packages/airflow/example_dags/example_trigger_controller_dag.py
[2024-04-23T22:47:11.740+0000] {processor.py:836} INFO - DAG(s) dict_keys(['example_trigger_controller_dag']) retrieved from /usr/local/python/3.10.13/lib/python3.10/site-packages/airflow/example_dags/example_trigger_controller_dag.py
[2024-04-23T22:47:11.753+0000] {logging_mixin.py:150} INFO - [2024-04-23T22:47:11.753+0000] {dag.py:2742} INFO - Sync 1 DAGs
[2024-04-23T22:47:11.768+0000] {logging_mixin.py:150} INFO - [2024-04-23T22:47:11.768+0000] {dag.py:3504} INFO - Setting next_dagrun for example_trigger_controller_dag to 2021-01-01T00:00:00+00:00, run_after=2021-01-01T00:00:00+00:00
[2024-04-23T22:47:11.806+0000] {processor.py:179} INFO - Processing /usr/local/python/3.10.13/lib/python3.10/site-packages/airflow/example_dags/example_trigger_controller_dag.py took 0.072 seconds
[2024-04-23T22:48:06.335+0000] {processor.py:157} INFO - Started process (PID=40429) to work on /usr/local/python/3.10.13/lib/python3.10/site-packages/airflow/example_dags/example_trigger_controller_dag.py
[2024-04-23T22:48:06.336+0000] {processor.py:826} INFO - Processing file /usr/local/python/3.10.13/lib/python3.10/site-packages/airflow/example_dags/example_trigger_controller_dag.py for tasks to queue
[2024-04-23T22:48:06.336+0000] {logging_mixin.py:150} INFO - [2024-04-23T22:48:06.336+0000] {dagbag.py:541} INFO - Filling up the DagBag from /usr/local/python/3.10.13/lib/python3.10/site-packages/airflow/example_dags/example_trigger_controller_dag.py
[2024-04-23T22:48:06.339+0000] {processor.py:836} INFO - DAG(s) dict_keys(['example_trigger_controller_dag']) retrieved from /usr/local/python/3.10.13/lib/python3.10/site-packages/airflow/example_dags/example_trigger_controller_dag.py
[2024-04-23T22:48:06.351+0000] {logging_mixin.py:150} INFO - [2024-04-23T22:48:06.351+0000] {dag.py:2742} INFO - Sync 1 DAGs
[2024-04-23T22:48:06.366+0000] {logging_mixin.py:150} INFO - [2024-04-23T22:48:06.366+0000] {dag.py:3504} INFO - Setting next_dagrun for example_trigger_controller_dag to 2021-01-01T00:00:00+00:00, run_after=2021-01-01T00:00:00+00:00
[2024-04-23T22:48:06.406+0000] {processor.py:179} INFO - Processing /usr/local/python/3.10.13/lib/python3.10/site-packages/airflow/example_dags/example_trigger_controller_dag.py took 0.074 seconds
[2024-04-23T22:48:58.678+0000] {processor.py:157} INFO - Started process (PID=40825) to work on /usr/local/python/3.10.13/lib/python3.10/site-packages/airflow/example_dags/example_trigger_controller_dag.py
[2024-04-23T22:48:58.678+0000] {processor.py:826} INFO - Processing file /usr/local/python/3.10.13/lib/python3.10/site-packages/airflow/example_dags/example_trigger_controller_dag.py for tasks to queue
[2024-04-23T22:48:58.679+0000] {logging_mixin.py:150} INFO - [2024-04-23T22:48:58.679+0000] {dagbag.py:541} INFO - Filling up the DagBag from /usr/local/python/3.10.13/lib/python3.10/site-packages/airflow/example_dags/example_trigger_controller_dag.py
[2024-04-23T22:48:58.682+0000] {processor.py:836} INFO - DAG(s) dict_keys(['example_trigger_controller_dag']) retrieved from /usr/local/python/3.10.13/lib/python3.10/site-packages/airflow/example_dags/example_trigger_controller_dag.py
[2024-04-23T22:48:58.694+0000] {logging_mixin.py:150} INFO - [2024-04-23T22:48:58.694+0000] {dag.py:2742} INFO - Sync 1 DAGs
[2024-04-23T22:48:58.708+0000] {logging_mixin.py:150} INFO - [2024-04-23T22:48:58.708+0000] {dag.py:3504} INFO - Setting next_dagrun for example_trigger_controller_dag to 2021-01-01T00:00:00+00:00, run_after=2021-01-01T00:00:00+00:00
[2024-04-23T22:48:58.757+0000] {processor.py:179} INFO - Processing /usr/local/python/3.10.13/lib/python3.10/site-packages/airflow/example_dags/example_trigger_controller_dag.py took 0.082 seconds
[2024-04-23T22:49:47.993+0000] {processor.py:157} INFO - Started process (PID=41200) to work on /usr/local/python/3.10.13/lib/python3.10/site-packages/airflow/example_dags/example_trigger_controller_dag.py
[2024-04-23T22:49:47.994+0000] {processor.py:826} INFO - Processing file /usr/local/python/3.10.13/lib/python3.10/site-packages/airflow/example_dags/example_trigger_controller_dag.py for tasks to queue
[2024-04-23T22:49:47.994+0000] {logging_mixin.py:150} INFO - [2024-04-23T22:49:47.994+0000] {dagbag.py:541} INFO - Filling up the DagBag from /usr/local/python/3.10.13/lib/python3.10/site-packages/airflow/example_dags/example_trigger_controller_dag.py
[2024-04-23T22:49:47.997+0000] {processor.py:836} INFO - DAG(s) dict_keys(['example_trigger_controller_dag']) retrieved from /usr/local/python/3.10.13/lib/python3.10/site-packages/airflow/example_dags/example_trigger_controller_dag.py
[2024-04-23T22:49:48.009+0000] {logging_mixin.py:150} INFO - [2024-04-23T22:49:48.009+0000] {dag.py:2742} INFO - Sync 1 DAGs
[2024-04-23T22:49:48.024+0000] {logging_mixin.py:150} INFO - [2024-04-23T22:49:48.024+0000] {dag.py:3504} INFO - Setting next_dagrun for example_trigger_controller_dag to 2021-01-01T00:00:00+00:00, run_after=2021-01-01T00:00:00+00:00
[2024-04-23T22:49:48.063+0000] {processor.py:179} INFO - Processing /usr/local/python/3.10.13/lib/python3.10/site-packages/airflow/example_dags/example_trigger_controller_dag.py took 0.072 seconds
[2024-04-23T22:50:40.329+0000] {processor.py:157} INFO - Started process (PID=41587) to work on /usr/local/python/3.10.13/lib/python3.10/site-packages/airflow/example_dags/example_trigger_controller_dag.py
[2024-04-23T22:50:40.330+0000] {processor.py:826} INFO - Processing file /usr/local/python/3.10.13/lib/python3.10/site-packages/airflow/example_dags/example_trigger_controller_dag.py for tasks to queue
[2024-04-23T22:50:40.331+0000] {logging_mixin.py:150} INFO - [2024-04-23T22:50:40.330+0000] {dagbag.py:541} INFO - Filling up the DagBag from /usr/local/python/3.10.13/lib/python3.10/site-packages/airflow/example_dags/example_trigger_controller_dag.py
[2024-04-23T22:50:40.333+0000] {processor.py:836} INFO - DAG(s) dict_keys(['example_trigger_controller_dag']) retrieved from /usr/local/python/3.10.13/lib/python3.10/site-packages/airflow/example_dags/example_trigger_controller_dag.py
[2024-04-23T22:50:40.345+0000] {logging_mixin.py:150} INFO - [2024-04-23T22:50:40.345+0000] {dag.py:2742} INFO - Sync 1 DAGs
[2024-04-23T22:50:40.364+0000] {logging_mixin.py:150} INFO - [2024-04-23T22:50:40.364+0000] {dag.py:3504} INFO - Setting next_dagrun for example_trigger_controller_dag to 2021-01-01T00:00:00+00:00, run_after=2021-01-01T00:00:00+00:00
[2024-04-23T22:50:40.406+0000] {processor.py:179} INFO - Processing /usr/local/python/3.10.13/lib/python3.10/site-packages/airflow/example_dags/example_trigger_controller_dag.py took 0.079 seconds
[2024-04-23T22:51:29.186+0000] {processor.py:157} INFO - Started process (PID=41975) to work on /usr/local/python/3.10.13/lib/python3.10/site-packages/airflow/example_dags/example_trigger_controller_dag.py
[2024-04-23T22:51:29.187+0000] {processor.py:826} INFO - Processing file /usr/local/python/3.10.13/lib/python3.10/site-packages/airflow/example_dags/example_trigger_controller_dag.py for tasks to queue
[2024-04-23T22:51:29.188+0000] {logging_mixin.py:150} INFO - [2024-04-23T22:51:29.187+0000] {dagbag.py:541} INFO - Filling up the DagBag from /usr/local/python/3.10.13/lib/python3.10/site-packages/airflow/example_dags/example_trigger_controller_dag.py
[2024-04-23T22:51:29.191+0000] {processor.py:836} INFO - DAG(s) dict_keys(['example_trigger_controller_dag']) retrieved from /usr/local/python/3.10.13/lib/python3.10/site-packages/airflow/example_dags/example_trigger_controller_dag.py
[2024-04-23T22:51:29.202+0000] {logging_mixin.py:150} INFO - [2024-04-23T22:51:29.202+0000] {dag.py:2742} INFO - Sync 1 DAGs
[2024-04-23T22:51:29.216+0000] {logging_mixin.py:150} INFO - [2024-04-23T22:51:29.216+0000] {dag.py:3504} INFO - Setting next_dagrun for example_trigger_controller_dag to 2021-01-01T00:00:00+00:00, run_after=2021-01-01T00:00:00+00:00
[2024-04-23T22:51:29.341+0000] {processor.py:179} INFO - Processing /usr/local/python/3.10.13/lib/python3.10/site-packages/airflow/example_dags/example_trigger_controller_dag.py took 0.157 seconds
[2024-04-23T22:52:21.237+0000] {processor.py:157} INFO - Started process (PID=42362) to work on /usr/local/python/3.10.13/lib/python3.10/site-packages/airflow/example_dags/example_trigger_controller_dag.py
[2024-04-23T22:52:21.238+0000] {processor.py:826} INFO - Processing file /usr/local/python/3.10.13/lib/python3.10/site-packages/airflow/example_dags/example_trigger_controller_dag.py for tasks to queue
[2024-04-23T22:52:21.238+0000] {logging_mixin.py:150} INFO - [2024-04-23T22:52:21.238+0000] {dagbag.py:541} INFO - Filling up the DagBag from /usr/local/python/3.10.13/lib/python3.10/site-packages/airflow/example_dags/example_trigger_controller_dag.py
[2024-04-23T22:52:21.242+0000] {processor.py:836} INFO - DAG(s) dict_keys(['example_trigger_controller_dag']) retrieved from /usr/local/python/3.10.13/lib/python3.10/site-packages/airflow/example_dags/example_trigger_controller_dag.py
[2024-04-23T22:52:21.254+0000] {logging_mixin.py:150} INFO - [2024-04-23T22:52:21.253+0000] {dag.py:2742} INFO - Sync 1 DAGs
[2024-04-23T22:52:21.269+0000] {logging_mixin.py:150} INFO - [2024-04-23T22:52:21.269+0000] {dag.py:3504} INFO - Setting next_dagrun for example_trigger_controller_dag to 2021-01-01T00:00:00+00:00, run_after=2021-01-01T00:00:00+00:00
[2024-04-23T22:52:21.406+0000] {processor.py:179} INFO - Processing /usr/local/python/3.10.13/lib/python3.10/site-packages/airflow/example_dags/example_trigger_controller_dag.py took 0.171 seconds
[2024-04-23T22:53:13.105+0000] {processor.py:157} INFO - Started process (PID=42738) to work on /usr/local/python/3.10.13/lib/python3.10/site-packages/airflow/example_dags/example_trigger_controller_dag.py
[2024-04-23T22:53:13.106+0000] {processor.py:826} INFO - Processing file /usr/local/python/3.10.13/lib/python3.10/site-packages/airflow/example_dags/example_trigger_controller_dag.py for tasks to queue
[2024-04-23T22:53:13.107+0000] {logging_mixin.py:150} INFO - [2024-04-23T22:53:13.107+0000] {dagbag.py:541} INFO - Filling up the DagBag from /usr/local/python/3.10.13/lib/python3.10/site-packages/airflow/example_dags/example_trigger_controller_dag.py
[2024-04-23T22:53:13.111+0000] {processor.py:836} INFO - DAG(s) dict_keys(['example_trigger_controller_dag']) retrieved from /usr/local/python/3.10.13/lib/python3.10/site-packages/airflow/example_dags/example_trigger_controller_dag.py
[2024-04-23T22:53:13.125+0000] {logging_mixin.py:150} INFO - [2024-04-23T22:53:13.125+0000] {dag.py:2742} INFO - Sync 1 DAGs
[2024-04-23T22:53:13.140+0000] {logging_mixin.py:150} INFO - [2024-04-23T22:53:13.140+0000] {dag.py:3504} INFO - Setting next_dagrun for example_trigger_controller_dag to 2021-01-01T00:00:00+00:00, run_after=2021-01-01T00:00:00+00:00
[2024-04-23T22:53:13.180+0000] {processor.py:179} INFO - Processing /usr/local/python/3.10.13/lib/python3.10/site-packages/airflow/example_dags/example_trigger_controller_dag.py took 0.077 seconds
[2024-04-23T22:53:59.011+0000] {processor.py:157} INFO - Started process (PID=43048) to work on /usr/local/python/3.10.13/lib/python3.10/site-packages/airflow/example_dags/example_trigger_controller_dag.py
[2024-04-23T22:53:59.011+0000] {processor.py:826} INFO - Processing file /usr/local/python/3.10.13/lib/python3.10/site-packages/airflow/example_dags/example_trigger_controller_dag.py for tasks to queue
[2024-04-23T22:53:59.012+0000] {logging_mixin.py:150} INFO - [2024-04-23T22:53:59.012+0000] {dagbag.py:541} INFO - Filling up the DagBag from /usr/local/python/3.10.13/lib/python3.10/site-packages/airflow/example_dags/example_trigger_controller_dag.py
[2024-04-23T22:53:59.015+0000] {processor.py:836} INFO - DAG(s) dict_keys(['example_trigger_controller_dag']) retrieved from /usr/local/python/3.10.13/lib/python3.10/site-packages/airflow/example_dags/example_trigger_controller_dag.py
[2024-04-23T22:53:59.027+0000] {logging_mixin.py:150} INFO - [2024-04-23T22:53:59.027+0000] {dag.py:2742} INFO - Sync 1 DAGs
[2024-04-23T22:53:59.042+0000] {logging_mixin.py:150} INFO - [2024-04-23T22:53:59.042+0000] {dag.py:3504} INFO - Setting next_dagrun for example_trigger_controller_dag to 2021-01-01T00:00:00+00:00, run_after=2021-01-01T00:00:00+00:00
[2024-04-23T22:53:59.085+0000] {processor.py:179} INFO - Processing /usr/local/python/3.10.13/lib/python3.10/site-packages/airflow/example_dags/example_trigger_controller_dag.py took 0.076 seconds
[2024-04-23T22:54:58.854+0000] {processor.py:157} INFO - Started process (PID=43462) to work on /usr/local/python/3.10.13/lib/python3.10/site-packages/airflow/example_dags/example_trigger_controller_dag.py
[2024-04-23T22:54:58.855+0000] {processor.py:826} INFO - Processing file /usr/local/python/3.10.13/lib/python3.10/site-packages/airflow/example_dags/example_trigger_controller_dag.py for tasks to queue
[2024-04-23T22:54:58.855+0000] {logging_mixin.py:150} INFO - [2024-04-23T22:54:58.855+0000] {dagbag.py:541} INFO - Filling up the DagBag from /usr/local/python/3.10.13/lib/python3.10/site-packages/airflow/example_dags/example_trigger_controller_dag.py
[2024-04-23T22:54:58.858+0000] {processor.py:836} INFO - DAG(s) dict_keys(['example_trigger_controller_dag']) retrieved from /usr/local/python/3.10.13/lib/python3.10/site-packages/airflow/example_dags/example_trigger_controller_dag.py
[2024-04-23T22:54:58.871+0000] {logging_mixin.py:150} INFO - [2024-04-23T22:54:58.871+0000] {dag.py:2742} INFO - Sync 1 DAGs
[2024-04-23T22:54:58.886+0000] {logging_mixin.py:150} INFO - [2024-04-23T22:54:58.886+0000] {dag.py:3504} INFO - Setting next_dagrun for example_trigger_controller_dag to 2021-01-01T00:00:00+00:00, run_after=2021-01-01T00:00:00+00:00
[2024-04-23T22:54:58.929+0000] {processor.py:179} INFO - Processing /usr/local/python/3.10.13/lib/python3.10/site-packages/airflow/example_dags/example_trigger_controller_dag.py took 0.078 seconds
[2024-04-23T22:55:54.600+0000] {processor.py:157} INFO - Started process (PID=43857) to work on /usr/local/python/3.10.13/lib/python3.10/site-packages/airflow/example_dags/example_trigger_controller_dag.py
[2024-04-23T22:55:54.601+0000] {processor.py:826} INFO - Processing file /usr/local/python/3.10.13/lib/python3.10/site-packages/airflow/example_dags/example_trigger_controller_dag.py for tasks to queue
[2024-04-23T22:55:54.602+0000] {logging_mixin.py:150} INFO - [2024-04-23T22:55:54.601+0000] {dagbag.py:541} INFO - Filling up the DagBag from /usr/local/python/3.10.13/lib/python3.10/site-packages/airflow/example_dags/example_trigger_controller_dag.py
[2024-04-23T22:55:54.604+0000] {processor.py:836} INFO - DAG(s) dict_keys(['example_trigger_controller_dag']) retrieved from /usr/local/python/3.10.13/lib/python3.10/site-packages/airflow/example_dags/example_trigger_controller_dag.py
[2024-04-23T22:55:54.616+0000] {logging_mixin.py:150} INFO - [2024-04-23T22:55:54.616+0000] {dag.py:2742} INFO - Sync 1 DAGs
[2024-04-23T22:55:54.630+0000] {logging_mixin.py:150} INFO - [2024-04-23T22:55:54.630+0000] {dag.py:3504} INFO - Setting next_dagrun for example_trigger_controller_dag to 2021-01-01T00:00:00+00:00, run_after=2021-01-01T00:00:00+00:00
[2024-04-23T22:55:54.667+0000] {processor.py:179} INFO - Processing /usr/local/python/3.10.13/lib/python3.10/site-packages/airflow/example_dags/example_trigger_controller_dag.py took 0.069 seconds
[2024-04-23T22:56:36.436+0000] {processor.py:157} INFO - Started process (PID=44165) to work on /usr/local/python/3.10.13/lib/python3.10/site-packages/airflow/example_dags/example_trigger_controller_dag.py
[2024-04-23T22:56:36.437+0000] {processor.py:826} INFO - Processing file /usr/local/python/3.10.13/lib/python3.10/site-packages/airflow/example_dags/example_trigger_controller_dag.py for tasks to queue
[2024-04-23T22:56:36.438+0000] {logging_mixin.py:150} INFO - [2024-04-23T22:56:36.438+0000] {dagbag.py:541} INFO - Filling up the DagBag from /usr/local/python/3.10.13/lib/python3.10/site-packages/airflow/example_dags/example_trigger_controller_dag.py
[2024-04-23T22:56:36.441+0000] {processor.py:836} INFO - DAG(s) dict_keys(['example_trigger_controller_dag']) retrieved from /usr/local/python/3.10.13/lib/python3.10/site-packages/airflow/example_dags/example_trigger_controller_dag.py
[2024-04-23T22:56:36.453+0000] {logging_mixin.py:150} INFO - [2024-04-23T22:56:36.453+0000] {dag.py:2742} INFO - Sync 1 DAGs
[2024-04-23T22:56:36.468+0000] {logging_mixin.py:150} INFO - [2024-04-23T22:56:36.468+0000] {dag.py:3504} INFO - Setting next_dagrun for example_trigger_controller_dag to 2021-01-01T00:00:00+00:00, run_after=2021-01-01T00:00:00+00:00
[2024-04-23T22:56:36.508+0000] {processor.py:179} INFO - Processing /usr/local/python/3.10.13/lib/python3.10/site-packages/airflow/example_dags/example_trigger_controller_dag.py took 0.074 seconds
[2024-04-23T22:57:20.908+0000] {processor.py:157} INFO - Started process (PID=44485) to work on /usr/local/python/3.10.13/lib/python3.10/site-packages/airflow/example_dags/example_trigger_controller_dag.py
[2024-04-23T22:57:20.909+0000] {processor.py:826} INFO - Processing file /usr/local/python/3.10.13/lib/python3.10/site-packages/airflow/example_dags/example_trigger_controller_dag.py for tasks to queue
[2024-04-23T22:57:20.910+0000] {logging_mixin.py:150} INFO - [2024-04-23T22:57:20.909+0000] {dagbag.py:541} INFO - Filling up the DagBag from /usr/local/python/3.10.13/lib/python3.10/site-packages/airflow/example_dags/example_trigger_controller_dag.py
[2024-04-23T22:57:20.913+0000] {processor.py:836} INFO - DAG(s) dict_keys(['example_trigger_controller_dag']) retrieved from /usr/local/python/3.10.13/lib/python3.10/site-packages/airflow/example_dags/example_trigger_controller_dag.py
[2024-04-23T22:57:20.924+0000] {logging_mixin.py:150} INFO - [2024-04-23T22:57:20.924+0000] {dag.py:2742} INFO - Sync 1 DAGs
[2024-04-23T22:57:20.939+0000] {logging_mixin.py:150} INFO - [2024-04-23T22:57:20.939+0000] {dag.py:3504} INFO - Setting next_dagrun for example_trigger_controller_dag to 2021-01-01T00:00:00+00:00, run_after=2021-01-01T00:00:00+00:00
[2024-04-23T22:57:20.976+0000] {processor.py:179} INFO - Processing /usr/local/python/3.10.13/lib/python3.10/site-packages/airflow/example_dags/example_trigger_controller_dag.py took 0.070 seconds
[2024-04-23T22:57:58.945+0000] {processor.py:157} INFO - Started process (PID=44780) to work on /usr/local/python/3.10.13/lib/python3.10/site-packages/airflow/example_dags/example_trigger_controller_dag.py
[2024-04-23T22:57:58.946+0000] {processor.py:826} INFO - Processing file /usr/local/python/3.10.13/lib/python3.10/site-packages/airflow/example_dags/example_trigger_controller_dag.py for tasks to queue
[2024-04-23T22:57:58.946+0000] {logging_mixin.py:150} INFO - [2024-04-23T22:57:58.946+0000] {dagbag.py:541} INFO - Filling up the DagBag from /usr/local/python/3.10.13/lib/python3.10/site-packages/airflow/example_dags/example_trigger_controller_dag.py
[2024-04-23T22:57:58.949+0000] {processor.py:836} INFO - DAG(s) dict_keys(['example_trigger_controller_dag']) retrieved from /usr/local/python/3.10.13/lib/python3.10/site-packages/airflow/example_dags/example_trigger_controller_dag.py
[2024-04-23T22:57:58.962+0000] {logging_mixin.py:150} INFO - [2024-04-23T22:57:58.962+0000] {dag.py:2742} INFO - Sync 1 DAGs
[2024-04-23T22:57:58.977+0000] {logging_mixin.py:150} INFO - [2024-04-23T22:57:58.977+0000] {dag.py:3504} INFO - Setting next_dagrun for example_trigger_controller_dag to 2021-01-01T00:00:00+00:00, run_after=2021-01-01T00:00:00+00:00
[2024-04-23T22:57:59.015+0000] {processor.py:179} INFO - Processing /usr/local/python/3.10.13/lib/python3.10/site-packages/airflow/example_dags/example_trigger_controller_dag.py took 0.073 seconds
[2024-04-23T22:58:50.636+0000] {processor.py:157} INFO - Started process (PID=45163) to work on /usr/local/python/3.10.13/lib/python3.10/site-packages/airflow/example_dags/example_trigger_controller_dag.py
[2024-04-23T22:58:50.637+0000] {processor.py:826} INFO - Processing file /usr/local/python/3.10.13/lib/python3.10/site-packages/airflow/example_dags/example_trigger_controller_dag.py for tasks to queue
[2024-04-23T22:58:50.638+0000] {logging_mixin.py:150} INFO - [2024-04-23T22:58:50.638+0000] {dagbag.py:541} INFO - Filling up the DagBag from /usr/local/python/3.10.13/lib/python3.10/site-packages/airflow/example_dags/example_trigger_controller_dag.py
[2024-04-23T22:58:50.641+0000] {processor.py:836} INFO - DAG(s) dict_keys(['example_trigger_controller_dag']) retrieved from /usr/local/python/3.10.13/lib/python3.10/site-packages/airflow/example_dags/example_trigger_controller_dag.py
[2024-04-23T22:58:50.653+0000] {logging_mixin.py:150} INFO - [2024-04-23T22:58:50.652+0000] {dag.py:2742} INFO - Sync 1 DAGs
[2024-04-23T22:58:50.667+0000] {logging_mixin.py:150} INFO - [2024-04-23T22:58:50.667+0000] {dag.py:3504} INFO - Setting next_dagrun for example_trigger_controller_dag to 2021-01-01T00:00:00+00:00, run_after=2021-01-01T00:00:00+00:00
[2024-04-23T22:58:50.704+0000] {processor.py:179} INFO - Processing /usr/local/python/3.10.13/lib/python3.10/site-packages/airflow/example_dags/example_trigger_controller_dag.py took 0.069 seconds
[2024-04-23T22:59:38.600+0000] {processor.py:157} INFO - Started process (PID=45543) to work on /usr/local/python/3.10.13/lib/python3.10/site-packages/airflow/example_dags/example_trigger_controller_dag.py
[2024-04-23T22:59:38.601+0000] {processor.py:826} INFO - Processing file /usr/local/python/3.10.13/lib/python3.10/site-packages/airflow/example_dags/example_trigger_controller_dag.py for tasks to queue
[2024-04-23T22:59:38.601+0000] {logging_mixin.py:150} INFO - [2024-04-23T22:59:38.601+0000] {dagbag.py:541} INFO - Filling up the DagBag from /usr/local/python/3.10.13/lib/python3.10/site-packages/airflow/example_dags/example_trigger_controller_dag.py
[2024-04-23T22:59:38.604+0000] {processor.py:836} INFO - DAG(s) dict_keys(['example_trigger_controller_dag']) retrieved from /usr/local/python/3.10.13/lib/python3.10/site-packages/airflow/example_dags/example_trigger_controller_dag.py
[2024-04-23T22:59:38.616+0000] {logging_mixin.py:150} INFO - [2024-04-23T22:59:38.616+0000] {dag.py:2742} INFO - Sync 1 DAGs
[2024-04-23T22:59:38.631+0000] {logging_mixin.py:150} INFO - [2024-04-23T22:59:38.631+0000] {dag.py:3504} INFO - Setting next_dagrun for example_trigger_controller_dag to 2021-01-01T00:00:00+00:00, run_after=2021-01-01T00:00:00+00:00
[2024-04-23T22:59:38.672+0000] {processor.py:179} INFO - Processing /usr/local/python/3.10.13/lib/python3.10/site-packages/airflow/example_dags/example_trigger_controller_dag.py took 0.074 seconds
