[2024-04-23T22:23:31.856+0000] {processor.py:157} INFO - Started process (PID=28716) to work on /usr/local/python/3.10.13/lib/python3.10/site-packages/airflow/example_dags/example_setup_teardown_taskflow.py
[2024-04-23T22:23:31.856+0000] {processor.py:826} INFO - Processing file /usr/local/python/3.10.13/lib/python3.10/site-packages/airflow/example_dags/example_setup_teardown_taskflow.py for tasks to queue
[2024-04-23T22:23:31.857+0000] {logging_mixin.py:150} INFO - [2024-04-23T22:23:31.857+0000] {dagbag.py:541} INFO - Filling up the DagBag from /usr/local/python/3.10.13/lib/python3.10/site-packages/airflow/example_dags/example_setup_teardown_taskflow.py
[2024-04-23T22:23:31.858+0000] {processor.py:838} WARNING - No viable dags retrieved from /usr/local/python/3.10.13/lib/python3.10/site-packages/airflow/example_dags/example_setup_teardown_taskflow.py
[2024-04-23T22:23:31.865+0000] {processor.py:179} INFO - Processing /usr/local/python/3.10.13/lib/python3.10/site-packages/airflow/example_dags/example_setup_teardown_taskflow.py took 0.012 seconds
[2024-04-23T22:24:24.664+0000] {processor.py:157} INFO - Started process (PID=29081) to work on /usr/local/python/3.10.13/lib/python3.10/site-packages/airflow/example_dags/example_setup_teardown_taskflow.py
[2024-04-23T22:24:24.665+0000] {processor.py:826} INFO - Processing file /usr/local/python/3.10.13/lib/python3.10/site-packages/airflow/example_dags/example_setup_teardown_taskflow.py for tasks to queue
[2024-04-23T22:24:24.666+0000] {logging_mixin.py:150} INFO - [2024-04-23T22:24:24.665+0000] {dagbag.py:541} INFO - Filling up the DagBag from /usr/local/python/3.10.13/lib/python3.10/site-packages/airflow/example_dags/example_setup_teardown_taskflow.py
[2024-04-23T22:24:24.667+0000] {processor.py:838} WARNING - No viable dags retrieved from /usr/local/python/3.10.13/lib/python3.10/site-packages/airflow/example_dags/example_setup_teardown_taskflow.py
[2024-04-23T22:24:24.674+0000] {processor.py:179} INFO - Processing /usr/local/python/3.10.13/lib/python3.10/site-packages/airflow/example_dags/example_setup_teardown_taskflow.py took 0.012 seconds
[2024-04-23T22:25:11.381+0000] {processor.py:157} INFO - Started process (PID=29398) to work on /usr/local/python/3.10.13/lib/python3.10/site-packages/airflow/example_dags/example_setup_teardown_taskflow.py
[2024-04-23T22:25:11.381+0000] {processor.py:826} INFO - Processing file /usr/local/python/3.10.13/lib/python3.10/site-packages/airflow/example_dags/example_setup_teardown_taskflow.py for tasks to queue
[2024-04-23T22:25:11.382+0000] {logging_mixin.py:150} INFO - [2024-04-23T22:25:11.382+0000] {dagbag.py:541} INFO - Filling up the DagBag from /usr/local/python/3.10.13/lib/python3.10/site-packages/airflow/example_dags/example_setup_teardown_taskflow.py
[2024-04-23T22:25:11.383+0000] {processor.py:838} WARNING - No viable dags retrieved from /usr/local/python/3.10.13/lib/python3.10/site-packages/airflow/example_dags/example_setup_teardown_taskflow.py
[2024-04-23T22:25:11.390+0000] {processor.py:179} INFO - Processing /usr/local/python/3.10.13/lib/python3.10/site-packages/airflow/example_dags/example_setup_teardown_taskflow.py took 0.012 seconds
[2024-04-23T22:25:59.999+0000] {processor.py:157} INFO - Started process (PID=29739) to work on /usr/local/python/3.10.13/lib/python3.10/site-packages/airflow/example_dags/example_setup_teardown_taskflow.py
[2024-04-23T22:25:59.999+0000] {processor.py:826} INFO - Processing file /usr/local/python/3.10.13/lib/python3.10/site-packages/airflow/example_dags/example_setup_teardown_taskflow.py for tasks to queue
[2024-04-23T22:26:00.000+0000] {logging_mixin.py:150} INFO - [2024-04-23T22:26:00.000+0000] {dagbag.py:541} INFO - Filling up the DagBag from /usr/local/python/3.10.13/lib/python3.10/site-packages/airflow/example_dags/example_setup_teardown_taskflow.py
[2024-04-23T22:26:00.002+0000] {processor.py:838} WARNING - No viable dags retrieved from /usr/local/python/3.10.13/lib/python3.10/site-packages/airflow/example_dags/example_setup_teardown_taskflow.py
[2024-04-23T22:26:00.009+0000] {processor.py:179} INFO - Processing /usr/local/python/3.10.13/lib/python3.10/site-packages/airflow/example_dags/example_setup_teardown_taskflow.py took 0.014 seconds
[2024-04-23T22:26:47.112+0000] {processor.py:157} INFO - Started process (PID=30077) to work on /usr/local/python/3.10.13/lib/python3.10/site-packages/airflow/example_dags/example_setup_teardown_taskflow.py
[2024-04-23T22:26:47.112+0000] {processor.py:826} INFO - Processing file /usr/local/python/3.10.13/lib/python3.10/site-packages/airflow/example_dags/example_setup_teardown_taskflow.py for tasks to queue
[2024-04-23T22:26:47.113+0000] {logging_mixin.py:150} INFO - [2024-04-23T22:26:47.113+0000] {dagbag.py:541} INFO - Filling up the DagBag from /usr/local/python/3.10.13/lib/python3.10/site-packages/airflow/example_dags/example_setup_teardown_taskflow.py
[2024-04-23T22:26:47.115+0000] {processor.py:838} WARNING - No viable dags retrieved from /usr/local/python/3.10.13/lib/python3.10/site-packages/airflow/example_dags/example_setup_teardown_taskflow.py
[2024-04-23T22:26:47.121+0000] {processor.py:179} INFO - Processing /usr/local/python/3.10.13/lib/python3.10/site-packages/airflow/example_dags/example_setup_teardown_taskflow.py took 0.011 seconds
[2024-04-23T22:27:33.757+0000] {processor.py:157} INFO - Started process (PID=30475) to work on /usr/local/python/3.10.13/lib/python3.10/site-packages/airflow/example_dags/example_setup_teardown_taskflow.py
[2024-04-23T22:27:33.757+0000] {processor.py:826} INFO - Processing file /usr/local/python/3.10.13/lib/python3.10/site-packages/airflow/example_dags/example_setup_teardown_taskflow.py for tasks to queue
[2024-04-23T22:27:33.758+0000] {logging_mixin.py:150} INFO - [2024-04-23T22:27:33.758+0000] {dagbag.py:541} INFO - Filling up the DagBag from /usr/local/python/3.10.13/lib/python3.10/site-packages/airflow/example_dags/example_setup_teardown_taskflow.py
[2024-04-23T22:27:33.760+0000] {processor.py:838} WARNING - No viable dags retrieved from /usr/local/python/3.10.13/lib/python3.10/site-packages/airflow/example_dags/example_setup_teardown_taskflow.py
[2024-04-23T22:27:33.766+0000] {processor.py:179} INFO - Processing /usr/local/python/3.10.13/lib/python3.10/site-packages/airflow/example_dags/example_setup_teardown_taskflow.py took 0.012 seconds
[2024-04-23T22:28:20.889+0000] {processor.py:157} INFO - Started process (PID=30965) to work on /usr/local/python/3.10.13/lib/python3.10/site-packages/airflow/example_dags/example_setup_teardown_taskflow.py
[2024-04-23T22:28:20.890+0000] {processor.py:826} INFO - Processing file /usr/local/python/3.10.13/lib/python3.10/site-packages/airflow/example_dags/example_setup_teardown_taskflow.py for tasks to queue
[2024-04-23T22:28:20.890+0000] {logging_mixin.py:150} INFO - [2024-04-23T22:28:20.890+0000] {dagbag.py:541} INFO - Filling up the DagBag from /usr/local/python/3.10.13/lib/python3.10/site-packages/airflow/example_dags/example_setup_teardown_taskflow.py
[2024-04-23T22:28:20.892+0000] {processor.py:838} WARNING - No viable dags retrieved from /usr/local/python/3.10.13/lib/python3.10/site-packages/airflow/example_dags/example_setup_teardown_taskflow.py
[2024-04-23T22:28:20.898+0000] {processor.py:179} INFO - Processing /usr/local/python/3.10.13/lib/python3.10/site-packages/airflow/example_dags/example_setup_teardown_taskflow.py took 0.011 seconds
[2024-04-23T22:29:07.083+0000] {processor.py:157} INFO - Started process (PID=31739) to work on /usr/local/python/3.10.13/lib/python3.10/site-packages/airflow/example_dags/example_setup_teardown_taskflow.py
[2024-04-23T22:29:07.084+0000] {processor.py:826} INFO - Processing file /usr/local/python/3.10.13/lib/python3.10/site-packages/airflow/example_dags/example_setup_teardown_taskflow.py for tasks to queue
[2024-04-23T22:29:07.085+0000] {logging_mixin.py:150} INFO - [2024-04-23T22:29:07.085+0000] {dagbag.py:541} INFO - Filling up the DagBag from /usr/local/python/3.10.13/lib/python3.10/site-packages/airflow/example_dags/example_setup_teardown_taskflow.py
[2024-04-23T22:29:07.086+0000] {processor.py:838} WARNING - No viable dags retrieved from /usr/local/python/3.10.13/lib/python3.10/site-packages/airflow/example_dags/example_setup_teardown_taskflow.py
[2024-04-23T22:29:07.093+0000] {processor.py:179} INFO - Processing /usr/local/python/3.10.13/lib/python3.10/site-packages/airflow/example_dags/example_setup_teardown_taskflow.py took 0.012 seconds
[2024-04-23T22:29:56.060+0000] {processor.py:157} INFO - Started process (PID=32106) to work on /usr/local/python/3.10.13/lib/python3.10/site-packages/airflow/example_dags/example_setup_teardown_taskflow.py
[2024-04-23T22:29:56.060+0000] {processor.py:826} INFO - Processing file /usr/local/python/3.10.13/lib/python3.10/site-packages/airflow/example_dags/example_setup_teardown_taskflow.py for tasks to queue
[2024-04-23T22:29:56.061+0000] {logging_mixin.py:150} INFO - [2024-04-23T22:29:56.061+0000] {dagbag.py:541} INFO - Filling up the DagBag from /usr/local/python/3.10.13/lib/python3.10/site-packages/airflow/example_dags/example_setup_teardown_taskflow.py
[2024-04-23T22:29:56.063+0000] {processor.py:838} WARNING - No viable dags retrieved from /usr/local/python/3.10.13/lib/python3.10/site-packages/airflow/example_dags/example_setup_teardown_taskflow.py
[2024-04-23T22:29:56.070+0000] {processor.py:179} INFO - Processing /usr/local/python/3.10.13/lib/python3.10/site-packages/airflow/example_dags/example_setup_teardown_taskflow.py took 0.012 seconds
[2024-04-23T22:30:48.050+0000] {processor.py:157} INFO - Started process (PID=32500) to work on /usr/local/python/3.10.13/lib/python3.10/site-packages/airflow/example_dags/example_setup_teardown_taskflow.py
[2024-04-23T22:30:48.050+0000] {processor.py:826} INFO - Processing file /usr/local/python/3.10.13/lib/python3.10/site-packages/airflow/example_dags/example_setup_teardown_taskflow.py for tasks to queue
[2024-04-23T22:30:48.051+0000] {logging_mixin.py:150} INFO - [2024-04-23T22:30:48.051+0000] {dagbag.py:541} INFO - Filling up the DagBag from /usr/local/python/3.10.13/lib/python3.10/site-packages/airflow/example_dags/example_setup_teardown_taskflow.py
[2024-04-23T22:30:48.053+0000] {processor.py:838} WARNING - No viable dags retrieved from /usr/local/python/3.10.13/lib/python3.10/site-packages/airflow/example_dags/example_setup_teardown_taskflow.py
[2024-04-23T22:30:48.060+0000] {processor.py:179} INFO - Processing /usr/local/python/3.10.13/lib/python3.10/site-packages/airflow/example_dags/example_setup_teardown_taskflow.py took 0.012 seconds
[2024-04-23T22:31:42.619+0000] {processor.py:157} INFO - Started process (PID=32922) to work on /usr/local/python/3.10.13/lib/python3.10/site-packages/airflow/example_dags/example_setup_teardown_taskflow.py
[2024-04-23T22:31:42.619+0000] {processor.py:826} INFO - Processing file /usr/local/python/3.10.13/lib/python3.10/site-packages/airflow/example_dags/example_setup_teardown_taskflow.py for tasks to queue
[2024-04-23T22:31:42.620+0000] {logging_mixin.py:150} INFO - [2024-04-23T22:31:42.620+0000] {dagbag.py:541} INFO - Filling up the DagBag from /usr/local/python/3.10.13/lib/python3.10/site-packages/airflow/example_dags/example_setup_teardown_taskflow.py
[2024-04-23T22:31:42.622+0000] {processor.py:838} WARNING - No viable dags retrieved from /usr/local/python/3.10.13/lib/python3.10/site-packages/airflow/example_dags/example_setup_teardown_taskflow.py
[2024-04-23T22:31:42.628+0000] {processor.py:179} INFO - Processing /usr/local/python/3.10.13/lib/python3.10/site-packages/airflow/example_dags/example_setup_teardown_taskflow.py took 0.012 seconds
[2024-04-23T22:32:34.693+0000] {processor.py:157} INFO - Started process (PID=33312) to work on /usr/local/python/3.10.13/lib/python3.10/site-packages/airflow/example_dags/example_setup_teardown_taskflow.py
[2024-04-23T22:32:34.693+0000] {processor.py:826} INFO - Processing file /usr/local/python/3.10.13/lib/python3.10/site-packages/airflow/example_dags/example_setup_teardown_taskflow.py for tasks to queue
[2024-04-23T22:32:34.694+0000] {logging_mixin.py:150} INFO - [2024-04-23T22:32:34.694+0000] {dagbag.py:541} INFO - Filling up the DagBag from /usr/local/python/3.10.13/lib/python3.10/site-packages/airflow/example_dags/example_setup_teardown_taskflow.py
[2024-04-23T22:32:34.696+0000] {processor.py:838} WARNING - No viable dags retrieved from /usr/local/python/3.10.13/lib/python3.10/site-packages/airflow/example_dags/example_setup_teardown_taskflow.py
[2024-04-23T22:32:34.703+0000] {processor.py:179} INFO - Processing /usr/local/python/3.10.13/lib/python3.10/site-packages/airflow/example_dags/example_setup_teardown_taskflow.py took 0.012 seconds
[2024-04-23T22:33:22.719+0000] {processor.py:157} INFO - Started process (PID=33691) to work on /usr/local/python/3.10.13/lib/python3.10/site-packages/airflow/example_dags/example_setup_teardown_taskflow.py
[2024-04-23T22:33:22.720+0000] {processor.py:826} INFO - Processing file /usr/local/python/3.10.13/lib/python3.10/site-packages/airflow/example_dags/example_setup_teardown_taskflow.py for tasks to queue
[2024-04-23T22:33:22.721+0000] {logging_mixin.py:150} INFO - [2024-04-23T22:33:22.721+0000] {dagbag.py:541} INFO - Filling up the DagBag from /usr/local/python/3.10.13/lib/python3.10/site-packages/airflow/example_dags/example_setup_teardown_taskflow.py
[2024-04-23T22:33:22.723+0000] {processor.py:838} WARNING - No viable dags retrieved from /usr/local/python/3.10.13/lib/python3.10/site-packages/airflow/example_dags/example_setup_teardown_taskflow.py
[2024-04-23T22:33:22.730+0000] {processor.py:179} INFO - Processing /usr/local/python/3.10.13/lib/python3.10/site-packages/airflow/example_dags/example_setup_teardown_taskflow.py took 0.013 seconds
[2024-04-23T22:34:17.378+0000] {processor.py:157} INFO - Started process (PID=34092) to work on /usr/local/python/3.10.13/lib/python3.10/site-packages/airflow/example_dags/example_setup_teardown_taskflow.py
[2024-04-23T22:34:17.379+0000] {processor.py:826} INFO - Processing file /usr/local/python/3.10.13/lib/python3.10/site-packages/airflow/example_dags/example_setup_teardown_taskflow.py for tasks to queue
[2024-04-23T22:34:17.379+0000] {logging_mixin.py:150} INFO - [2024-04-23T22:34:17.379+0000] {dagbag.py:541} INFO - Filling up the DagBag from /usr/local/python/3.10.13/lib/python3.10/site-packages/airflow/example_dags/example_setup_teardown_taskflow.py
[2024-04-23T22:34:17.381+0000] {processor.py:838} WARNING - No viable dags retrieved from /usr/local/python/3.10.13/lib/python3.10/site-packages/airflow/example_dags/example_setup_teardown_taskflow.py
[2024-04-23T22:34:17.387+0000] {processor.py:179} INFO - Processing /usr/local/python/3.10.13/lib/python3.10/site-packages/airflow/example_dags/example_setup_teardown_taskflow.py took 0.011 seconds
[2024-04-23T22:35:09.113+0000] {processor.py:157} INFO - Started process (PID=34568) to work on /usr/local/python/3.10.13/lib/python3.10/site-packages/airflow/example_dags/example_setup_teardown_taskflow.py
[2024-04-23T22:35:09.114+0000] {processor.py:826} INFO - Processing file /usr/local/python/3.10.13/lib/python3.10/site-packages/airflow/example_dags/example_setup_teardown_taskflow.py for tasks to queue
[2024-04-23T22:35:09.114+0000] {logging_mixin.py:150} INFO - [2024-04-23T22:35:09.114+0000] {dagbag.py:541} INFO - Filling up the DagBag from /usr/local/python/3.10.13/lib/python3.10/site-packages/airflow/example_dags/example_setup_teardown_taskflow.py
[2024-04-23T22:35:09.116+0000] {processor.py:838} WARNING - No viable dags retrieved from /usr/local/python/3.10.13/lib/python3.10/site-packages/airflow/example_dags/example_setup_teardown_taskflow.py
[2024-04-23T22:35:09.123+0000] {processor.py:179} INFO - Processing /usr/local/python/3.10.13/lib/python3.10/site-packages/airflow/example_dags/example_setup_teardown_taskflow.py took 0.012 seconds
[2024-04-23T22:35:57.897+0000] {processor.py:157} INFO - Started process (PID=34960) to work on /usr/local/python/3.10.13/lib/python3.10/site-packages/airflow/example_dags/example_setup_teardown_taskflow.py
[2024-04-23T22:35:57.898+0000] {processor.py:826} INFO - Processing file /usr/local/python/3.10.13/lib/python3.10/site-packages/airflow/example_dags/example_setup_teardown_taskflow.py for tasks to queue
[2024-04-23T22:35:57.898+0000] {logging_mixin.py:150} INFO - [2024-04-23T22:35:57.898+0000] {dagbag.py:541} INFO - Filling up the DagBag from /usr/local/python/3.10.13/lib/python3.10/site-packages/airflow/example_dags/example_setup_teardown_taskflow.py
[2024-04-23T22:35:57.900+0000] {processor.py:838} WARNING - No viable dags retrieved from /usr/local/python/3.10.13/lib/python3.10/site-packages/airflow/example_dags/example_setup_teardown_taskflow.py
[2024-04-23T22:35:57.907+0000] {processor.py:179} INFO - Processing /usr/local/python/3.10.13/lib/python3.10/site-packages/airflow/example_dags/example_setup_teardown_taskflow.py took 0.012 seconds
[2024-04-23T22:36:51.721+0000] {processor.py:157} INFO - Started process (PID=35369) to work on /usr/local/python/3.10.13/lib/python3.10/site-packages/airflow/example_dags/example_setup_teardown_taskflow.py
[2024-04-23T22:36:51.721+0000] {processor.py:826} INFO - Processing file /usr/local/python/3.10.13/lib/python3.10/site-packages/airflow/example_dags/example_setup_teardown_taskflow.py for tasks to queue
[2024-04-23T22:36:51.722+0000] {logging_mixin.py:150} INFO - [2024-04-23T22:36:51.722+0000] {dagbag.py:541} INFO - Filling up the DagBag from /usr/local/python/3.10.13/lib/python3.10/site-packages/airflow/example_dags/example_setup_teardown_taskflow.py
[2024-04-23T22:36:51.723+0000] {processor.py:838} WARNING - No viable dags retrieved from /usr/local/python/3.10.13/lib/python3.10/site-packages/airflow/example_dags/example_setup_teardown_taskflow.py
[2024-04-23T22:36:51.730+0000] {processor.py:179} INFO - Processing /usr/local/python/3.10.13/lib/python3.10/site-packages/airflow/example_dags/example_setup_teardown_taskflow.py took 0.011 seconds
[2024-04-23T22:37:43.397+0000] {processor.py:157} INFO - Started process (PID=35753) to work on /usr/local/python/3.10.13/lib/python3.10/site-packages/airflow/example_dags/example_setup_teardown_taskflow.py
[2024-04-23T22:37:43.398+0000] {processor.py:826} INFO - Processing file /usr/local/python/3.10.13/lib/python3.10/site-packages/airflow/example_dags/example_setup_teardown_taskflow.py for tasks to queue
[2024-04-23T22:37:43.398+0000] {logging_mixin.py:150} INFO - [2024-04-23T22:37:43.398+0000] {dagbag.py:541} INFO - Filling up the DagBag from /usr/local/python/3.10.13/lib/python3.10/site-packages/airflow/example_dags/example_setup_teardown_taskflow.py
[2024-04-23T22:37:43.400+0000] {processor.py:838} WARNING - No viable dags retrieved from /usr/local/python/3.10.13/lib/python3.10/site-packages/airflow/example_dags/example_setup_teardown_taskflow.py
[2024-04-23T22:37:43.406+0000] {processor.py:179} INFO - Processing /usr/local/python/3.10.13/lib/python3.10/site-packages/airflow/example_dags/example_setup_teardown_taskflow.py took 0.012 seconds
[2024-04-23T22:38:32.742+0000] {processor.py:157} INFO - Started process (PID=36126) to work on /usr/local/python/3.10.13/lib/python3.10/site-packages/airflow/example_dags/example_setup_teardown_taskflow.py
[2024-04-23T22:38:32.742+0000] {processor.py:826} INFO - Processing file /usr/local/python/3.10.13/lib/python3.10/site-packages/airflow/example_dags/example_setup_teardown_taskflow.py for tasks to queue
[2024-04-23T22:38:32.743+0000] {logging_mixin.py:150} INFO - [2024-04-23T22:38:32.743+0000] {dagbag.py:541} INFO - Filling up the DagBag from /usr/local/python/3.10.13/lib/python3.10/site-packages/airflow/example_dags/example_setup_teardown_taskflow.py
[2024-04-23T22:38:32.744+0000] {processor.py:838} WARNING - No viable dags retrieved from /usr/local/python/3.10.13/lib/python3.10/site-packages/airflow/example_dags/example_setup_teardown_taskflow.py
[2024-04-23T22:38:32.751+0000] {processor.py:179} INFO - Processing /usr/local/python/3.10.13/lib/python3.10/site-packages/airflow/example_dags/example_setup_teardown_taskflow.py took 0.012 seconds
[2024-04-23T22:39:23.849+0000] {processor.py:157} INFO - Started process (PID=36524) to work on /usr/local/python/3.10.13/lib/python3.10/site-packages/airflow/example_dags/example_setup_teardown_taskflow.py
[2024-04-23T22:39:23.849+0000] {processor.py:826} INFO - Processing file /usr/local/python/3.10.13/lib/python3.10/site-packages/airflow/example_dags/example_setup_teardown_taskflow.py for tasks to queue
[2024-04-23T22:39:23.850+0000] {logging_mixin.py:150} INFO - [2024-04-23T22:39:23.850+0000] {dagbag.py:541} INFO - Filling up the DagBag from /usr/local/python/3.10.13/lib/python3.10/site-packages/airflow/example_dags/example_setup_teardown_taskflow.py
[2024-04-23T22:39:23.852+0000] {processor.py:838} WARNING - No viable dags retrieved from /usr/local/python/3.10.13/lib/python3.10/site-packages/airflow/example_dags/example_setup_teardown_taskflow.py
[2024-04-23T22:39:23.859+0000] {processor.py:179} INFO - Processing /usr/local/python/3.10.13/lib/python3.10/site-packages/airflow/example_dags/example_setup_teardown_taskflow.py took 0.012 seconds
[2024-04-23T22:40:15.041+0000] {processor.py:157} INFO - Started process (PID=36914) to work on /usr/local/python/3.10.13/lib/python3.10/site-packages/airflow/example_dags/example_setup_teardown_taskflow.py
[2024-04-23T22:40:15.041+0000] {processor.py:826} INFO - Processing file /usr/local/python/3.10.13/lib/python3.10/site-packages/airflow/example_dags/example_setup_teardown_taskflow.py for tasks to queue
[2024-04-23T22:40:15.042+0000] {logging_mixin.py:150} INFO - [2024-04-23T22:40:15.042+0000] {dagbag.py:541} INFO - Filling up the DagBag from /usr/local/python/3.10.13/lib/python3.10/site-packages/airflow/example_dags/example_setup_teardown_taskflow.py
[2024-04-23T22:40:15.044+0000] {processor.py:838} WARNING - No viable dags retrieved from /usr/local/python/3.10.13/lib/python3.10/site-packages/airflow/example_dags/example_setup_teardown_taskflow.py
[2024-04-23T22:40:15.050+0000] {processor.py:179} INFO - Processing /usr/local/python/3.10.13/lib/python3.10/site-packages/airflow/example_dags/example_setup_teardown_taskflow.py took 0.012 seconds
[2024-04-23T22:41:10.541+0000] {processor.py:157} INFO - Started process (PID=37336) to work on /usr/local/python/3.10.13/lib/python3.10/site-packages/airflow/example_dags/example_setup_teardown_taskflow.py
[2024-04-23T22:41:10.542+0000] {processor.py:826} INFO - Processing file /usr/local/python/3.10.13/lib/python3.10/site-packages/airflow/example_dags/example_setup_teardown_taskflow.py for tasks to queue
[2024-04-23T22:41:10.542+0000] {logging_mixin.py:150} INFO - [2024-04-23T22:41:10.542+0000] {dagbag.py:541} INFO - Filling up the DagBag from /usr/local/python/3.10.13/lib/python3.10/site-packages/airflow/example_dags/example_setup_teardown_taskflow.py
[2024-04-23T22:41:10.544+0000] {processor.py:838} WARNING - No viable dags retrieved from /usr/local/python/3.10.13/lib/python3.10/site-packages/airflow/example_dags/example_setup_teardown_taskflow.py
[2024-04-23T22:41:10.550+0000] {processor.py:179} INFO - Processing /usr/local/python/3.10.13/lib/python3.10/site-packages/airflow/example_dags/example_setup_teardown_taskflow.py took 0.012 seconds
[2024-04-23T22:42:06.542+0000] {processor.py:157} INFO - Started process (PID=37743) to work on /usr/local/python/3.10.13/lib/python3.10/site-packages/airflow/example_dags/example_setup_teardown_taskflow.py
[2024-04-23T22:42:06.543+0000] {processor.py:826} INFO - Processing file /usr/local/python/3.10.13/lib/python3.10/site-packages/airflow/example_dags/example_setup_teardown_taskflow.py for tasks to queue
[2024-04-23T22:42:06.543+0000] {logging_mixin.py:150} INFO - [2024-04-23T22:42:06.543+0000] {dagbag.py:541} INFO - Filling up the DagBag from /usr/local/python/3.10.13/lib/python3.10/site-packages/airflow/example_dags/example_setup_teardown_taskflow.py
[2024-04-23T22:42:06.545+0000] {processor.py:838} WARNING - No viable dags retrieved from /usr/local/python/3.10.13/lib/python3.10/site-packages/airflow/example_dags/example_setup_teardown_taskflow.py
[2024-04-23T22:42:06.552+0000] {processor.py:179} INFO - Processing /usr/local/python/3.10.13/lib/python3.10/site-packages/airflow/example_dags/example_setup_teardown_taskflow.py took 0.012 seconds
[2024-04-23T22:42:56.305+0000] {processor.py:157} INFO - Started process (PID=38105) to work on /usr/local/python/3.10.13/lib/python3.10/site-packages/airflow/example_dags/example_setup_teardown_taskflow.py
[2024-04-23T22:42:56.306+0000] {processor.py:826} INFO - Processing file /usr/local/python/3.10.13/lib/python3.10/site-packages/airflow/example_dags/example_setup_teardown_taskflow.py for tasks to queue
[2024-04-23T22:42:56.307+0000] {logging_mixin.py:150} INFO - [2024-04-23T22:42:56.306+0000] {dagbag.py:541} INFO - Filling up the DagBag from /usr/local/python/3.10.13/lib/python3.10/site-packages/airflow/example_dags/example_setup_teardown_taskflow.py
[2024-04-23T22:42:56.308+0000] {processor.py:838} WARNING - No viable dags retrieved from /usr/local/python/3.10.13/lib/python3.10/site-packages/airflow/example_dags/example_setup_teardown_taskflow.py
[2024-04-23T22:42:56.315+0000] {processor.py:179} INFO - Processing /usr/local/python/3.10.13/lib/python3.10/site-packages/airflow/example_dags/example_setup_teardown_taskflow.py took 0.012 seconds
[2024-04-23T22:43:48.722+0000] {processor.py:157} INFO - Started process (PID=38493) to work on /usr/local/python/3.10.13/lib/python3.10/site-packages/airflow/example_dags/example_setup_teardown_taskflow.py
[2024-04-23T22:43:48.723+0000] {processor.py:826} INFO - Processing file /usr/local/python/3.10.13/lib/python3.10/site-packages/airflow/example_dags/example_setup_teardown_taskflow.py for tasks to queue
[2024-04-23T22:43:48.723+0000] {logging_mixin.py:150} INFO - [2024-04-23T22:43:48.723+0000] {dagbag.py:541} INFO - Filling up the DagBag from /usr/local/python/3.10.13/lib/python3.10/site-packages/airflow/example_dags/example_setup_teardown_taskflow.py
[2024-04-23T22:43:48.725+0000] {processor.py:838} WARNING - No viable dags retrieved from /usr/local/python/3.10.13/lib/python3.10/site-packages/airflow/example_dags/example_setup_teardown_taskflow.py
[2024-04-23T22:43:48.732+0000] {processor.py:179} INFO - Processing /usr/local/python/3.10.13/lib/python3.10/site-packages/airflow/example_dags/example_setup_teardown_taskflow.py took 0.012 seconds
[2024-04-23T22:44:37.018+0000] {processor.py:157} INFO - Started process (PID=38839) to work on /usr/local/python/3.10.13/lib/python3.10/site-packages/airflow/example_dags/example_setup_teardown_taskflow.py
[2024-04-23T22:44:37.019+0000] {processor.py:826} INFO - Processing file /usr/local/python/3.10.13/lib/python3.10/site-packages/airflow/example_dags/example_setup_teardown_taskflow.py for tasks to queue
[2024-04-23T22:44:37.019+0000] {logging_mixin.py:150} INFO - [2024-04-23T22:44:37.019+0000] {dagbag.py:541} INFO - Filling up the DagBag from /usr/local/python/3.10.13/lib/python3.10/site-packages/airflow/example_dags/example_setup_teardown_taskflow.py
[2024-04-23T22:44:37.021+0000] {processor.py:838} WARNING - No viable dags retrieved from /usr/local/python/3.10.13/lib/python3.10/site-packages/airflow/example_dags/example_setup_teardown_taskflow.py
[2024-04-23T22:44:37.027+0000] {processor.py:179} INFO - Processing /usr/local/python/3.10.13/lib/python3.10/site-packages/airflow/example_dags/example_setup_teardown_taskflow.py took 0.012 seconds
[2024-04-23T22:45:25.583+0000] {processor.py:157} INFO - Started process (PID=39216) to work on /usr/local/python/3.10.13/lib/python3.10/site-packages/airflow/example_dags/example_setup_teardown_taskflow.py
[2024-04-23T22:45:25.583+0000] {processor.py:826} INFO - Processing file /usr/local/python/3.10.13/lib/python3.10/site-packages/airflow/example_dags/example_setup_teardown_taskflow.py for tasks to queue
[2024-04-23T22:45:25.584+0000] {logging_mixin.py:150} INFO - [2024-04-23T22:45:25.584+0000] {dagbag.py:541} INFO - Filling up the DagBag from /usr/local/python/3.10.13/lib/python3.10/site-packages/airflow/example_dags/example_setup_teardown_taskflow.py
[2024-04-23T22:45:25.586+0000] {processor.py:838} WARNING - No viable dags retrieved from /usr/local/python/3.10.13/lib/python3.10/site-packages/airflow/example_dags/example_setup_teardown_taskflow.py
[2024-04-23T22:45:25.594+0000] {processor.py:179} INFO - Processing /usr/local/python/3.10.13/lib/python3.10/site-packages/airflow/example_dags/example_setup_teardown_taskflow.py took 0.014 seconds
[2024-04-23T22:46:18.444+0000] {processor.py:157} INFO - Started process (PID=39613) to work on /usr/local/python/3.10.13/lib/python3.10/site-packages/airflow/example_dags/example_setup_teardown_taskflow.py
[2024-04-23T22:46:18.445+0000] {processor.py:826} INFO - Processing file /usr/local/python/3.10.13/lib/python3.10/site-packages/airflow/example_dags/example_setup_teardown_taskflow.py for tasks to queue
[2024-04-23T22:46:18.446+0000] {logging_mixin.py:150} INFO - [2024-04-23T22:46:18.445+0000] {dagbag.py:541} INFO - Filling up the DagBag from /usr/local/python/3.10.13/lib/python3.10/site-packages/airflow/example_dags/example_setup_teardown_taskflow.py
[2024-04-23T22:46:18.447+0000] {processor.py:838} WARNING - No viable dags retrieved from /usr/local/python/3.10.13/lib/python3.10/site-packages/airflow/example_dags/example_setup_teardown_taskflow.py
[2024-04-23T22:46:18.454+0000] {processor.py:179} INFO - Processing /usr/local/python/3.10.13/lib/python3.10/site-packages/airflow/example_dags/example_setup_teardown_taskflow.py took 0.012 seconds
[2024-04-23T22:47:12.868+0000] {processor.py:157} INFO - Started process (PID=40013) to work on /usr/local/python/3.10.13/lib/python3.10/site-packages/airflow/example_dags/example_setup_teardown_taskflow.py
[2024-04-23T22:47:12.869+0000] {processor.py:826} INFO - Processing file /usr/local/python/3.10.13/lib/python3.10/site-packages/airflow/example_dags/example_setup_teardown_taskflow.py for tasks to queue
[2024-04-23T22:47:12.870+0000] {logging_mixin.py:150} INFO - [2024-04-23T22:47:12.869+0000] {dagbag.py:541} INFO - Filling up the DagBag from /usr/local/python/3.10.13/lib/python3.10/site-packages/airflow/example_dags/example_setup_teardown_taskflow.py
[2024-04-23T22:47:12.871+0000] {processor.py:838} WARNING - No viable dags retrieved from /usr/local/python/3.10.13/lib/python3.10/site-packages/airflow/example_dags/example_setup_teardown_taskflow.py
[2024-04-23T22:47:12.878+0000] {processor.py:179} INFO - Processing /usr/local/python/3.10.13/lib/python3.10/site-packages/airflow/example_dags/example_setup_teardown_taskflow.py took 0.012 seconds
[2024-04-23T22:48:07.462+0000] {processor.py:157} INFO - Started process (PID=40436) to work on /usr/local/python/3.10.13/lib/python3.10/site-packages/airflow/example_dags/example_setup_teardown_taskflow.py
[2024-04-23T22:48:07.463+0000] {processor.py:826} INFO - Processing file /usr/local/python/3.10.13/lib/python3.10/site-packages/airflow/example_dags/example_setup_teardown_taskflow.py for tasks to queue
[2024-04-23T22:48:07.464+0000] {logging_mixin.py:150} INFO - [2024-04-23T22:48:07.463+0000] {dagbag.py:541} INFO - Filling up the DagBag from /usr/local/python/3.10.13/lib/python3.10/site-packages/airflow/example_dags/example_setup_teardown_taskflow.py
[2024-04-23T22:48:07.465+0000] {processor.py:838} WARNING - No viable dags retrieved from /usr/local/python/3.10.13/lib/python3.10/site-packages/airflow/example_dags/example_setup_teardown_taskflow.py
[2024-04-23T22:48:07.472+0000] {processor.py:179} INFO - Processing /usr/local/python/3.10.13/lib/python3.10/site-packages/airflow/example_dags/example_setup_teardown_taskflow.py took 0.012 seconds
[2024-04-23T22:48:59.233+0000] {processor.py:157} INFO - Started process (PID=40832) to work on /usr/local/python/3.10.13/lib/python3.10/site-packages/airflow/example_dags/example_setup_teardown_taskflow.py
[2024-04-23T22:48:59.234+0000] {processor.py:826} INFO - Processing file /usr/local/python/3.10.13/lib/python3.10/site-packages/airflow/example_dags/example_setup_teardown_taskflow.py for tasks to queue
[2024-04-23T22:48:59.235+0000] {logging_mixin.py:150} INFO - [2024-04-23T22:48:59.234+0000] {dagbag.py:541} INFO - Filling up the DagBag from /usr/local/python/3.10.13/lib/python3.10/site-packages/airflow/example_dags/example_setup_teardown_taskflow.py
[2024-04-23T22:48:59.236+0000] {processor.py:838} WARNING - No viable dags retrieved from /usr/local/python/3.10.13/lib/python3.10/site-packages/airflow/example_dags/example_setup_teardown_taskflow.py
[2024-04-23T22:48:59.243+0000] {processor.py:179} INFO - Processing /usr/local/python/3.10.13/lib/python3.10/site-packages/airflow/example_dags/example_setup_teardown_taskflow.py took 0.012 seconds
[2024-04-23T22:49:49.147+0000] {processor.py:157} INFO - Started process (PID=41207) to work on /usr/local/python/3.10.13/lib/python3.10/site-packages/airflow/example_dags/example_setup_teardown_taskflow.py
[2024-04-23T22:49:49.148+0000] {processor.py:826} INFO - Processing file /usr/local/python/3.10.13/lib/python3.10/site-packages/airflow/example_dags/example_setup_teardown_taskflow.py for tasks to queue
[2024-04-23T22:49:49.148+0000] {logging_mixin.py:150} INFO - [2024-04-23T22:49:49.148+0000] {dagbag.py:541} INFO - Filling up the DagBag from /usr/local/python/3.10.13/lib/python3.10/site-packages/airflow/example_dags/example_setup_teardown_taskflow.py
[2024-04-23T22:49:49.150+0000] {processor.py:838} WARNING - No viable dags retrieved from /usr/local/python/3.10.13/lib/python3.10/site-packages/airflow/example_dags/example_setup_teardown_taskflow.py
[2024-04-23T22:49:49.156+0000] {processor.py:179} INFO - Processing /usr/local/python/3.10.13/lib/python3.10/site-packages/airflow/example_dags/example_setup_teardown_taskflow.py took 0.011 seconds
[2024-04-23T22:50:41.485+0000] {processor.py:157} INFO - Started process (PID=41594) to work on /usr/local/python/3.10.13/lib/python3.10/site-packages/airflow/example_dags/example_setup_teardown_taskflow.py
[2024-04-23T22:50:41.486+0000] {processor.py:826} INFO - Processing file /usr/local/python/3.10.13/lib/python3.10/site-packages/airflow/example_dags/example_setup_teardown_taskflow.py for tasks to queue
[2024-04-23T22:50:41.486+0000] {logging_mixin.py:150} INFO - [2024-04-23T22:50:41.486+0000] {dagbag.py:541} INFO - Filling up the DagBag from /usr/local/python/3.10.13/lib/python3.10/site-packages/airflow/example_dags/example_setup_teardown_taskflow.py
[2024-04-23T22:50:41.488+0000] {processor.py:838} WARNING - No viable dags retrieved from /usr/local/python/3.10.13/lib/python3.10/site-packages/airflow/example_dags/example_setup_teardown_taskflow.py
[2024-04-23T22:50:41.495+0000] {processor.py:179} INFO - Processing /usr/local/python/3.10.13/lib/python3.10/site-packages/airflow/example_dags/example_setup_teardown_taskflow.py took 0.012 seconds
[2024-04-23T22:51:29.521+0000] {processor.py:157} INFO - Started process (PID=41976) to work on /usr/local/python/3.10.13/lib/python3.10/site-packages/airflow/example_dags/example_setup_teardown_taskflow.py
[2024-04-23T22:51:29.522+0000] {processor.py:826} INFO - Processing file /usr/local/python/3.10.13/lib/python3.10/site-packages/airflow/example_dags/example_setup_teardown_taskflow.py for tasks to queue
[2024-04-23T22:51:29.522+0000] {logging_mixin.py:150} INFO - [2024-04-23T22:51:29.522+0000] {dagbag.py:541} INFO - Filling up the DagBag from /usr/local/python/3.10.13/lib/python3.10/site-packages/airflow/example_dags/example_setup_teardown_taskflow.py
[2024-04-23T22:51:29.524+0000] {processor.py:838} WARNING - No viable dags retrieved from /usr/local/python/3.10.13/lib/python3.10/site-packages/airflow/example_dags/example_setup_teardown_taskflow.py
[2024-04-23T22:51:29.530+0000] {processor.py:179} INFO - Processing /usr/local/python/3.10.13/lib/python3.10/site-packages/airflow/example_dags/example_setup_teardown_taskflow.py took 0.012 seconds
[2024-04-23T22:52:22.534+0000] {processor.py:157} INFO - Started process (PID=42369) to work on /usr/local/python/3.10.13/lib/python3.10/site-packages/airflow/example_dags/example_setup_teardown_taskflow.py
[2024-04-23T22:52:22.535+0000] {processor.py:826} INFO - Processing file /usr/local/python/3.10.13/lib/python3.10/site-packages/airflow/example_dags/example_setup_teardown_taskflow.py for tasks to queue
[2024-04-23T22:52:22.536+0000] {logging_mixin.py:150} INFO - [2024-04-23T22:52:22.535+0000] {dagbag.py:541} INFO - Filling up the DagBag from /usr/local/python/3.10.13/lib/python3.10/site-packages/airflow/example_dags/example_setup_teardown_taskflow.py
[2024-04-23T22:52:22.538+0000] {processor.py:838} WARNING - No viable dags retrieved from /usr/local/python/3.10.13/lib/python3.10/site-packages/airflow/example_dags/example_setup_teardown_taskflow.py
[2024-04-23T22:52:22.547+0000] {processor.py:179} INFO - Processing /usr/local/python/3.10.13/lib/python3.10/site-packages/airflow/example_dags/example_setup_teardown_taskflow.py took 0.015 seconds
[2024-04-23T22:53:14.292+0000] {processor.py:157} INFO - Started process (PID=42745) to work on /usr/local/python/3.10.13/lib/python3.10/site-packages/airflow/example_dags/example_setup_teardown_taskflow.py
[2024-04-23T22:53:14.293+0000] {processor.py:826} INFO - Processing file /usr/local/python/3.10.13/lib/python3.10/site-packages/airflow/example_dags/example_setup_teardown_taskflow.py for tasks to queue
[2024-04-23T22:53:14.294+0000] {logging_mixin.py:150} INFO - [2024-04-23T22:53:14.293+0000] {dagbag.py:541} INFO - Filling up the DagBag from /usr/local/python/3.10.13/lib/python3.10/site-packages/airflow/example_dags/example_setup_teardown_taskflow.py
[2024-04-23T22:53:14.295+0000] {processor.py:838} WARNING - No viable dags retrieved from /usr/local/python/3.10.13/lib/python3.10/site-packages/airflow/example_dags/example_setup_teardown_taskflow.py
[2024-04-23T22:53:14.302+0000] {processor.py:179} INFO - Processing /usr/local/python/3.10.13/lib/python3.10/site-packages/airflow/example_dags/example_setup_teardown_taskflow.py took 0.011 seconds
[2024-04-23T22:53:59.439+0000] {processor.py:157} INFO - Started process (PID=43055) to work on /usr/local/python/3.10.13/lib/python3.10/site-packages/airflow/example_dags/example_setup_teardown_taskflow.py
[2024-04-23T22:53:59.440+0000] {processor.py:826} INFO - Processing file /usr/local/python/3.10.13/lib/python3.10/site-packages/airflow/example_dags/example_setup_teardown_taskflow.py for tasks to queue
[2024-04-23T22:53:59.441+0000] {logging_mixin.py:150} INFO - [2024-04-23T22:53:59.440+0000] {dagbag.py:541} INFO - Filling up the DagBag from /usr/local/python/3.10.13/lib/python3.10/site-packages/airflow/example_dags/example_setup_teardown_taskflow.py
[2024-04-23T22:53:59.442+0000] {processor.py:838} WARNING - No viable dags retrieved from /usr/local/python/3.10.13/lib/python3.10/site-packages/airflow/example_dags/example_setup_teardown_taskflow.py
[2024-04-23T22:53:59.449+0000] {processor.py:179} INFO - Processing /usr/local/python/3.10.13/lib/python3.10/site-packages/airflow/example_dags/example_setup_teardown_taskflow.py took 0.012 seconds
[2024-04-23T22:55:00.013+0000] {processor.py:157} INFO - Started process (PID=43469) to work on /usr/local/python/3.10.13/lib/python3.10/site-packages/airflow/example_dags/example_setup_teardown_taskflow.py
[2024-04-23T22:55:00.014+0000] {processor.py:826} INFO - Processing file /usr/local/python/3.10.13/lib/python3.10/site-packages/airflow/example_dags/example_setup_teardown_taskflow.py for tasks to queue
[2024-04-23T22:55:00.014+0000] {logging_mixin.py:150} INFO - [2024-04-23T22:55:00.014+0000] {dagbag.py:541} INFO - Filling up the DagBag from /usr/local/python/3.10.13/lib/python3.10/site-packages/airflow/example_dags/example_setup_teardown_taskflow.py
[2024-04-23T22:55:00.016+0000] {processor.py:838} WARNING - No viable dags retrieved from /usr/local/python/3.10.13/lib/python3.10/site-packages/airflow/example_dags/example_setup_teardown_taskflow.py
[2024-04-23T22:55:00.023+0000] {processor.py:179} INFO - Processing /usr/local/python/3.10.13/lib/python3.10/site-packages/airflow/example_dags/example_setup_teardown_taskflow.py took 0.012 seconds
[2024-04-23T22:55:55.971+0000] {processor.py:157} INFO - Started process (PID=43864) to work on /usr/local/python/3.10.13/lib/python3.10/site-packages/airflow/example_dags/example_setup_teardown_taskflow.py
[2024-04-23T22:55:55.972+0000] {processor.py:826} INFO - Processing file /usr/local/python/3.10.13/lib/python3.10/site-packages/airflow/example_dags/example_setup_teardown_taskflow.py for tasks to queue
[2024-04-23T22:55:55.973+0000] {logging_mixin.py:150} INFO - [2024-04-23T22:55:55.972+0000] {dagbag.py:541} INFO - Filling up the DagBag from /usr/local/python/3.10.13/lib/python3.10/site-packages/airflow/example_dags/example_setup_teardown_taskflow.py
[2024-04-23T22:55:55.974+0000] {processor.py:838} WARNING - No viable dags retrieved from /usr/local/python/3.10.13/lib/python3.10/site-packages/airflow/example_dags/example_setup_teardown_taskflow.py
[2024-04-23T22:55:56.215+0000] {processor.py:179} INFO - Processing /usr/local/python/3.10.13/lib/python3.10/site-packages/airflow/example_dags/example_setup_teardown_taskflow.py took 0.246 seconds
[2024-04-23T22:56:37.628+0000] {processor.py:157} INFO - Started process (PID=44172) to work on /usr/local/python/3.10.13/lib/python3.10/site-packages/airflow/example_dags/example_setup_teardown_taskflow.py
[2024-04-23T22:56:37.628+0000] {processor.py:826} INFO - Processing file /usr/local/python/3.10.13/lib/python3.10/site-packages/airflow/example_dags/example_setup_teardown_taskflow.py for tasks to queue
[2024-04-23T22:56:37.629+0000] {logging_mixin.py:150} INFO - [2024-04-23T22:56:37.629+0000] {dagbag.py:541} INFO - Filling up the DagBag from /usr/local/python/3.10.13/lib/python3.10/site-packages/airflow/example_dags/example_setup_teardown_taskflow.py
[2024-04-23T22:56:37.631+0000] {processor.py:838} WARNING - No viable dags retrieved from /usr/local/python/3.10.13/lib/python3.10/site-packages/airflow/example_dags/example_setup_teardown_taskflow.py
[2024-04-23T22:56:37.638+0000] {processor.py:179} INFO - Processing /usr/local/python/3.10.13/lib/python3.10/site-packages/airflow/example_dags/example_setup_teardown_taskflow.py took 0.012 seconds
[2024-04-23T22:57:22.041+0000] {processor.py:157} INFO - Started process (PID=44486) to work on /usr/local/python/3.10.13/lib/python3.10/site-packages/airflow/example_dags/example_setup_teardown_taskflow.py
[2024-04-23T22:57:22.041+0000] {processor.py:826} INFO - Processing file /usr/local/python/3.10.13/lib/python3.10/site-packages/airflow/example_dags/example_setup_teardown_taskflow.py for tasks to queue
[2024-04-23T22:57:22.042+0000] {logging_mixin.py:150} INFO - [2024-04-23T22:57:22.042+0000] {dagbag.py:541} INFO - Filling up the DagBag from /usr/local/python/3.10.13/lib/python3.10/site-packages/airflow/example_dags/example_setup_teardown_taskflow.py
[2024-04-23T22:57:22.043+0000] {processor.py:838} WARNING - No viable dags retrieved from /usr/local/python/3.10.13/lib/python3.10/site-packages/airflow/example_dags/example_setup_teardown_taskflow.py
[2024-04-23T22:57:22.050+0000] {processor.py:179} INFO - Processing /usr/local/python/3.10.13/lib/python3.10/site-packages/airflow/example_dags/example_setup_teardown_taskflow.py took 0.012 seconds
[2024-04-23T22:58:15.079+0000] {processor.py:157} INFO - Started process (PID=44909) to work on /usr/local/python/3.10.13/lib/python3.10/site-packages/airflow/example_dags/example_setup_teardown_taskflow.py
[2024-04-23T22:58:15.079+0000] {processor.py:826} INFO - Processing file /usr/local/python/3.10.13/lib/python3.10/site-packages/airflow/example_dags/example_setup_teardown_taskflow.py for tasks to queue
[2024-04-23T22:58:15.080+0000] {logging_mixin.py:150} INFO - [2024-04-23T22:58:15.080+0000] {dagbag.py:541} INFO - Filling up the DagBag from /usr/local/python/3.10.13/lib/python3.10/site-packages/airflow/example_dags/example_setup_teardown_taskflow.py
[2024-04-23T22:58:15.081+0000] {processor.py:838} WARNING - No viable dags retrieved from /usr/local/python/3.10.13/lib/python3.10/site-packages/airflow/example_dags/example_setup_teardown_taskflow.py
[2024-04-23T22:58:15.088+0000] {processor.py:179} INFO - Processing /usr/local/python/3.10.13/lib/python3.10/site-packages/airflow/example_dags/example_setup_teardown_taskflow.py took 0.012 seconds
[2024-04-23T22:59:06.489+0000] {processor.py:157} INFO - Started process (PID=45293) to work on /usr/local/python/3.10.13/lib/python3.10/site-packages/airflow/example_dags/example_setup_teardown_taskflow.py
[2024-04-23T22:59:06.490+0000] {processor.py:826} INFO - Processing file /usr/local/python/3.10.13/lib/python3.10/site-packages/airflow/example_dags/example_setup_teardown_taskflow.py for tasks to queue
[2024-04-23T22:59:06.490+0000] {logging_mixin.py:150} INFO - [2024-04-23T22:59:06.490+0000] {dagbag.py:541} INFO - Filling up the DagBag from /usr/local/python/3.10.13/lib/python3.10/site-packages/airflow/example_dags/example_setup_teardown_taskflow.py
[2024-04-23T22:59:06.492+0000] {processor.py:838} WARNING - No viable dags retrieved from /usr/local/python/3.10.13/lib/python3.10/site-packages/airflow/example_dags/example_setup_teardown_taskflow.py
[2024-04-23T22:59:06.499+0000] {processor.py:179} INFO - Processing /usr/local/python/3.10.13/lib/python3.10/site-packages/airflow/example_dags/example_setup_teardown_taskflow.py took 0.012 seconds
[2024-04-23T22:59:53.901+0000] {processor.py:157} INFO - Started process (PID=45698) to work on /usr/local/python/3.10.13/lib/python3.10/site-packages/airflow/example_dags/example_setup_teardown_taskflow.py
[2024-04-23T22:59:53.901+0000] {processor.py:826} INFO - Processing file /usr/local/python/3.10.13/lib/python3.10/site-packages/airflow/example_dags/example_setup_teardown_taskflow.py for tasks to queue
[2024-04-23T22:59:53.902+0000] {logging_mixin.py:150} INFO - [2024-04-23T22:59:53.902+0000] {dagbag.py:541} INFO - Filling up the DagBag from /usr/local/python/3.10.13/lib/python3.10/site-packages/airflow/example_dags/example_setup_teardown_taskflow.py
[2024-04-23T22:59:53.903+0000] {processor.py:838} WARNING - No viable dags retrieved from /usr/local/python/3.10.13/lib/python3.10/site-packages/airflow/example_dags/example_setup_teardown_taskflow.py
[2024-04-23T22:59:53.910+0000] {processor.py:179} INFO - Processing /usr/local/python/3.10.13/lib/python3.10/site-packages/airflow/example_dags/example_setup_teardown_taskflow.py took 0.012 seconds
