[2024-04-23T22:24:02.432+0000] {processor.py:157} INFO - Started process (PID=28909) to work on /usr/local/python/3.10.13/lib/python3.10/site-packages/airflow/example_dags/example_branch_day_of_week_operator.py
[2024-04-23T22:24:02.432+0000] {processor.py:826} INFO - Processing file /usr/local/python/3.10.13/lib/python3.10/site-packages/airflow/example_dags/example_branch_day_of_week_operator.py for tasks to queue
[2024-04-23T22:24:02.433+0000] {logging_mixin.py:150} INFO - [2024-04-23T22:24:02.432+0000] {dagbag.py:541} INFO - Filling up the DagBag from /usr/local/python/3.10.13/lib/python3.10/site-packages/airflow/example_dags/example_branch_day_of_week_operator.py
[2024-04-23T22:24:02.438+0000] {processor.py:836} INFO - DAG(s) dict_keys(['example_weekday_branch_operator']) retrieved from /usr/local/python/3.10.13/lib/python3.10/site-packages/airflow/example_dags/example_branch_day_of_week_operator.py
[2024-04-23T22:24:02.590+0000] {logging_mixin.py:150} INFO - [2024-04-23T22:24:02.590+0000] {manager.py:504} INFO - Created Permission View: can delete on DAG:example_weekday_branch_operator
[2024-04-23T22:24:02.624+0000] {logging_mixin.py:150} INFO - [2024-04-23T22:24:02.623+0000] {manager.py:504} INFO - Created Permission View: can edit on DAG:example_weekday_branch_operator
[2024-04-23T22:24:02.658+0000] {logging_mixin.py:150} INFO - [2024-04-23T22:24:02.658+0000] {manager.py:504} INFO - Created Permission View: can read on DAG:example_weekday_branch_operator
[2024-04-23T22:24:02.669+0000] {logging_mixin.py:150} INFO - [2024-04-23T22:24:02.669+0000] {dag.py:2742} INFO - Sync 1 DAGs
[2024-04-23T22:24:02.679+0000] {logging_mixin.py:150} INFO - [2024-04-23T22:24:02.679+0000] {dag.py:2763} INFO - Creating ORM DAG for example_weekday_branch_operator
[2024-04-23T22:24:02.688+0000] {logging_mixin.py:150} INFO - [2024-04-23T22:24:02.688+0000] {dag.py:3504} INFO - Setting next_dagrun for example_weekday_branch_operator to 2024-04-22T00:00:00+00:00, run_after=2024-04-23T00:00:00+00:00
[2024-04-23T22:24:02.736+0000] {processor.py:179} INFO - Processing /usr/local/python/3.10.13/lib/python3.10/site-packages/airflow/example_dags/example_branch_day_of_week_operator.py took 0.306 seconds
[2024-04-23T22:24:59.146+0000] {processor.py:157} INFO - Started process (PID=29318) to work on /usr/local/python/3.10.13/lib/python3.10/site-packages/airflow/example_dags/example_branch_day_of_week_operator.py
[2024-04-23T22:24:59.147+0000] {processor.py:826} INFO - Processing file /usr/local/python/3.10.13/lib/python3.10/site-packages/airflow/example_dags/example_branch_day_of_week_operator.py for tasks to queue
[2024-04-23T22:24:59.148+0000] {logging_mixin.py:150} INFO - [2024-04-23T22:24:59.147+0000] {dagbag.py:541} INFO - Filling up the DagBag from /usr/local/python/3.10.13/lib/python3.10/site-packages/airflow/example_dags/example_branch_day_of_week_operator.py
[2024-04-23T22:24:59.154+0000] {processor.py:836} INFO - DAG(s) dict_keys(['example_weekday_branch_operator']) retrieved from /usr/local/python/3.10.13/lib/python3.10/site-packages/airflow/example_dags/example_branch_day_of_week_operator.py
[2024-04-23T22:24:59.167+0000] {logging_mixin.py:150} INFO - [2024-04-23T22:24:59.167+0000] {dag.py:2742} INFO - Sync 1 DAGs
[2024-04-23T22:24:59.183+0000] {logging_mixin.py:150} INFO - [2024-04-23T22:24:59.183+0000] {dag.py:3504} INFO - Setting next_dagrun for example_weekday_branch_operator to 2024-04-22T00:00:00+00:00, run_after=2024-04-23T00:00:00+00:00
[2024-04-23T22:24:59.222+0000] {processor.py:179} INFO - Processing /usr/local/python/3.10.13/lib/python3.10/site-packages/airflow/example_dags/example_branch_day_of_week_operator.py took 0.078 seconds
[2024-04-23T22:25:47.639+0000] {processor.py:157} INFO - Started process (PID=29657) to work on /usr/local/python/3.10.13/lib/python3.10/site-packages/airflow/example_dags/example_branch_day_of_week_operator.py
[2024-04-23T22:25:47.640+0000] {processor.py:826} INFO - Processing file /usr/local/python/3.10.13/lib/python3.10/site-packages/airflow/example_dags/example_branch_day_of_week_operator.py for tasks to queue
[2024-04-23T22:25:47.641+0000] {logging_mixin.py:150} INFO - [2024-04-23T22:25:47.640+0000] {dagbag.py:541} INFO - Filling up the DagBag from /usr/local/python/3.10.13/lib/python3.10/site-packages/airflow/example_dags/example_branch_day_of_week_operator.py
[2024-04-23T22:25:47.647+0000] {processor.py:836} INFO - DAG(s) dict_keys(['example_weekday_branch_operator']) retrieved from /usr/local/python/3.10.13/lib/python3.10/site-packages/airflow/example_dags/example_branch_day_of_week_operator.py
[2024-04-23T22:25:47.662+0000] {logging_mixin.py:150} INFO - [2024-04-23T22:25:47.662+0000] {dag.py:2742} INFO - Sync 1 DAGs
[2024-04-23T22:25:47.682+0000] {logging_mixin.py:150} INFO - [2024-04-23T22:25:47.681+0000] {dag.py:3504} INFO - Setting next_dagrun for example_weekday_branch_operator to 2024-04-22T00:00:00+00:00, run_after=2024-04-23T00:00:00+00:00
[2024-04-23T22:25:47.722+0000] {processor.py:179} INFO - Processing /usr/local/python/3.10.13/lib/python3.10/site-packages/airflow/example_dags/example_branch_day_of_week_operator.py took 0.085 seconds
[2024-04-23T22:26:37.918+0000] {processor.py:157} INFO - Started process (PID=30011) to work on /usr/local/python/3.10.13/lib/python3.10/site-packages/airflow/example_dags/example_branch_day_of_week_operator.py
[2024-04-23T22:26:37.919+0000] {processor.py:826} INFO - Processing file /usr/local/python/3.10.13/lib/python3.10/site-packages/airflow/example_dags/example_branch_day_of_week_operator.py for tasks to queue
[2024-04-23T22:26:37.920+0000] {logging_mixin.py:150} INFO - [2024-04-23T22:26:37.919+0000] {dagbag.py:541} INFO - Filling up the DagBag from /usr/local/python/3.10.13/lib/python3.10/site-packages/airflow/example_dags/example_branch_day_of_week_operator.py
[2024-04-23T22:26:37.925+0000] {processor.py:836} INFO - DAG(s) dict_keys(['example_weekday_branch_operator']) retrieved from /usr/local/python/3.10.13/lib/python3.10/site-packages/airflow/example_dags/example_branch_day_of_week_operator.py
[2024-04-23T22:26:37.938+0000] {logging_mixin.py:150} INFO - [2024-04-23T22:26:37.938+0000] {dag.py:2742} INFO - Sync 1 DAGs
[2024-04-23T22:26:37.954+0000] {logging_mixin.py:150} INFO - [2024-04-23T22:26:37.954+0000] {dag.py:3504} INFO - Setting next_dagrun for example_weekday_branch_operator to 2024-04-22T00:00:00+00:00, run_after=2024-04-23T00:00:00+00:00
[2024-04-23T22:26:37.995+0000] {processor.py:179} INFO - Processing /usr/local/python/3.10.13/lib/python3.10/site-packages/airflow/example_dags/example_branch_day_of_week_operator.py took 0.079 seconds
[2024-04-23T22:27:23.772+0000] {processor.py:157} INFO - Started process (PID=30383) to work on /usr/local/python/3.10.13/lib/python3.10/site-packages/airflow/example_dags/example_branch_day_of_week_operator.py
[2024-04-23T22:27:23.773+0000] {processor.py:826} INFO - Processing file /usr/local/python/3.10.13/lib/python3.10/site-packages/airflow/example_dags/example_branch_day_of_week_operator.py for tasks to queue
[2024-04-23T22:27:23.774+0000] {logging_mixin.py:150} INFO - [2024-04-23T22:27:23.773+0000] {dagbag.py:541} INFO - Filling up the DagBag from /usr/local/python/3.10.13/lib/python3.10/site-packages/airflow/example_dags/example_branch_day_of_week_operator.py
[2024-04-23T22:27:23.782+0000] {processor.py:836} INFO - DAG(s) dict_keys(['example_weekday_branch_operator']) retrieved from /usr/local/python/3.10.13/lib/python3.10/site-packages/airflow/example_dags/example_branch_day_of_week_operator.py
[2024-04-23T22:27:23.799+0000] {logging_mixin.py:150} INFO - [2024-04-23T22:27:23.799+0000] {dag.py:2742} INFO - Sync 1 DAGs
[2024-04-23T22:27:23.816+0000] {logging_mixin.py:150} INFO - [2024-04-23T22:27:23.816+0000] {dag.py:3504} INFO - Setting next_dagrun for example_weekday_branch_operator to 2024-04-22T00:00:00+00:00, run_after=2024-04-23T00:00:00+00:00
[2024-04-23T22:27:23.856+0000] {processor.py:179} INFO - Processing /usr/local/python/3.10.13/lib/python3.10/site-packages/airflow/example_dags/example_branch_day_of_week_operator.py took 0.086 seconds
[2024-04-23T22:28:11.912+0000] {processor.py:157} INFO - Started process (PID=30876) to work on /usr/local/python/3.10.13/lib/python3.10/site-packages/airflow/example_dags/example_branch_day_of_week_operator.py
[2024-04-23T22:28:11.913+0000] {processor.py:826} INFO - Processing file /usr/local/python/3.10.13/lib/python3.10/site-packages/airflow/example_dags/example_branch_day_of_week_operator.py for tasks to queue
[2024-04-23T22:28:11.914+0000] {logging_mixin.py:150} INFO - [2024-04-23T22:28:11.913+0000] {dagbag.py:541} INFO - Filling up the DagBag from /usr/local/python/3.10.13/lib/python3.10/site-packages/airflow/example_dags/example_branch_day_of_week_operator.py
[2024-04-23T22:28:11.919+0000] {processor.py:836} INFO - DAG(s) dict_keys(['example_weekday_branch_operator']) retrieved from /usr/local/python/3.10.13/lib/python3.10/site-packages/airflow/example_dags/example_branch_day_of_week_operator.py
[2024-04-23T22:28:11.932+0000] {logging_mixin.py:150} INFO - [2024-04-23T22:28:11.932+0000] {dag.py:2742} INFO - Sync 1 DAGs
[2024-04-23T22:28:11.950+0000] {logging_mixin.py:150} INFO - [2024-04-23T22:28:11.950+0000] {dag.py:3504} INFO - Setting next_dagrun for example_weekday_branch_operator to 2024-04-22T00:00:00+00:00, run_after=2024-04-23T00:00:00+00:00
[2024-04-23T22:28:11.992+0000] {processor.py:179} INFO - Processing /usr/local/python/3.10.13/lib/python3.10/site-packages/airflow/example_dags/example_branch_day_of_week_operator.py took 0.082 seconds
[2024-04-23T22:28:58.355+0000] {processor.py:157} INFO - Started process (PID=31677) to work on /usr/local/python/3.10.13/lib/python3.10/site-packages/airflow/example_dags/example_branch_day_of_week_operator.py
[2024-04-23T22:28:58.356+0000] {processor.py:826} INFO - Processing file /usr/local/python/3.10.13/lib/python3.10/site-packages/airflow/example_dags/example_branch_day_of_week_operator.py for tasks to queue
[2024-04-23T22:28:58.356+0000] {logging_mixin.py:150} INFO - [2024-04-23T22:28:58.356+0000] {dagbag.py:541} INFO - Filling up the DagBag from /usr/local/python/3.10.13/lib/python3.10/site-packages/airflow/example_dags/example_branch_day_of_week_operator.py
[2024-04-23T22:28:58.362+0000] {processor.py:836} INFO - DAG(s) dict_keys(['example_weekday_branch_operator']) retrieved from /usr/local/python/3.10.13/lib/python3.10/site-packages/airflow/example_dags/example_branch_day_of_week_operator.py
[2024-04-23T22:28:58.374+0000] {logging_mixin.py:150} INFO - [2024-04-23T22:28:58.374+0000] {dag.py:2742} INFO - Sync 1 DAGs
[2024-04-23T22:28:58.390+0000] {logging_mixin.py:150} INFO - [2024-04-23T22:28:58.390+0000] {dag.py:3504} INFO - Setting next_dagrun for example_weekday_branch_operator to 2024-04-22T00:00:00+00:00, run_after=2024-04-23T00:00:00+00:00
[2024-04-23T22:28:58.428+0000] {processor.py:179} INFO - Processing /usr/local/python/3.10.13/lib/python3.10/site-packages/airflow/example_dags/example_branch_day_of_week_operator.py took 0.075 seconds
[2024-04-23T22:29:43.599+0000] {processor.py:157} INFO - Started process (PID=32011) to work on /usr/local/python/3.10.13/lib/python3.10/site-packages/airflow/example_dags/example_branch_day_of_week_operator.py
[2024-04-23T22:29:43.599+0000] {processor.py:826} INFO - Processing file /usr/local/python/3.10.13/lib/python3.10/site-packages/airflow/example_dags/example_branch_day_of_week_operator.py for tasks to queue
[2024-04-23T22:29:43.600+0000] {logging_mixin.py:150} INFO - [2024-04-23T22:29:43.600+0000] {dagbag.py:541} INFO - Filling up the DagBag from /usr/local/python/3.10.13/lib/python3.10/site-packages/airflow/example_dags/example_branch_day_of_week_operator.py
[2024-04-23T22:29:43.605+0000] {processor.py:836} INFO - DAG(s) dict_keys(['example_weekday_branch_operator']) retrieved from /usr/local/python/3.10.13/lib/python3.10/site-packages/airflow/example_dags/example_branch_day_of_week_operator.py
[2024-04-23T22:29:43.620+0000] {logging_mixin.py:150} INFO - [2024-04-23T22:29:43.620+0000] {dag.py:2742} INFO - Sync 1 DAGs
[2024-04-23T22:29:43.639+0000] {logging_mixin.py:150} INFO - [2024-04-23T22:29:43.639+0000] {dag.py:3504} INFO - Setting next_dagrun for example_weekday_branch_operator to 2024-04-22T00:00:00+00:00, run_after=2024-04-23T00:00:00+00:00
[2024-04-23T22:29:43.677+0000] {processor.py:179} INFO - Processing /usr/local/python/3.10.13/lib/python3.10/site-packages/airflow/example_dags/example_branch_day_of_week_operator.py took 0.080 seconds
[2024-04-23T22:30:36.829+0000] {processor.py:157} INFO - Started process (PID=32421) to work on /usr/local/python/3.10.13/lib/python3.10/site-packages/airflow/example_dags/example_branch_day_of_week_operator.py
[2024-04-23T22:30:36.830+0000] {processor.py:826} INFO - Processing file /usr/local/python/3.10.13/lib/python3.10/site-packages/airflow/example_dags/example_branch_day_of_week_operator.py for tasks to queue
[2024-04-23T22:30:36.831+0000] {logging_mixin.py:150} INFO - [2024-04-23T22:30:36.830+0000] {dagbag.py:541} INFO - Filling up the DagBag from /usr/local/python/3.10.13/lib/python3.10/site-packages/airflow/example_dags/example_branch_day_of_week_operator.py
[2024-04-23T22:30:36.837+0000] {processor.py:836} INFO - DAG(s) dict_keys(['example_weekday_branch_operator']) retrieved from /usr/local/python/3.10.13/lib/python3.10/site-packages/airflow/example_dags/example_branch_day_of_week_operator.py
[2024-04-23T22:30:36.850+0000] {logging_mixin.py:150} INFO - [2024-04-23T22:30:36.849+0000] {dag.py:2742} INFO - Sync 1 DAGs
[2024-04-23T22:30:36.867+0000] {logging_mixin.py:150} INFO - [2024-04-23T22:30:36.867+0000] {dag.py:3504} INFO - Setting next_dagrun for example_weekday_branch_operator to 2024-04-22T00:00:00+00:00, run_after=2024-04-23T00:00:00+00:00
[2024-04-23T22:30:36.904+0000] {processor.py:179} INFO - Processing /usr/local/python/3.10.13/lib/python3.10/site-packages/airflow/example_dags/example_branch_day_of_week_operator.py took 0.077 seconds
[2024-04-23T22:31:31.508+0000] {processor.py:157} INFO - Started process (PID=32833) to work on /usr/local/python/3.10.13/lib/python3.10/site-packages/airflow/example_dags/example_branch_day_of_week_operator.py
[2024-04-23T22:31:31.509+0000] {processor.py:826} INFO - Processing file /usr/local/python/3.10.13/lib/python3.10/site-packages/airflow/example_dags/example_branch_day_of_week_operator.py for tasks to queue
[2024-04-23T22:31:31.510+0000] {logging_mixin.py:150} INFO - [2024-04-23T22:31:31.509+0000] {dagbag.py:541} INFO - Filling up the DagBag from /usr/local/python/3.10.13/lib/python3.10/site-packages/airflow/example_dags/example_branch_day_of_week_operator.py
[2024-04-23T22:31:31.516+0000] {processor.py:836} INFO - DAG(s) dict_keys(['example_weekday_branch_operator']) retrieved from /usr/local/python/3.10.13/lib/python3.10/site-packages/airflow/example_dags/example_branch_day_of_week_operator.py
[2024-04-23T22:31:31.530+0000] {logging_mixin.py:150} INFO - [2024-04-23T22:31:31.530+0000] {dag.py:2742} INFO - Sync 1 DAGs
[2024-04-23T22:31:31.552+0000] {logging_mixin.py:150} INFO - [2024-04-23T22:31:31.552+0000] {dag.py:3504} INFO - Setting next_dagrun for example_weekday_branch_operator to 2024-04-22T00:00:00+00:00, run_after=2024-04-23T00:00:00+00:00
[2024-04-23T22:31:31.591+0000] {processor.py:179} INFO - Processing /usr/local/python/3.10.13/lib/python3.10/site-packages/airflow/example_dags/example_branch_day_of_week_operator.py took 0.085 seconds
[2024-04-23T22:32:24.558+0000] {processor.py:157} INFO - Started process (PID=33235) to work on /usr/local/python/3.10.13/lib/python3.10/site-packages/airflow/example_dags/example_branch_day_of_week_operator.py
[2024-04-23T22:32:24.559+0000] {processor.py:826} INFO - Processing file /usr/local/python/3.10.13/lib/python3.10/site-packages/airflow/example_dags/example_branch_day_of_week_operator.py for tasks to queue
[2024-04-23T22:32:24.560+0000] {logging_mixin.py:150} INFO - [2024-04-23T22:32:24.559+0000] {dagbag.py:541} INFO - Filling up the DagBag from /usr/local/python/3.10.13/lib/python3.10/site-packages/airflow/example_dags/example_branch_day_of_week_operator.py
[2024-04-23T22:32:24.565+0000] {processor.py:836} INFO - DAG(s) dict_keys(['example_weekday_branch_operator']) retrieved from /usr/local/python/3.10.13/lib/python3.10/site-packages/airflow/example_dags/example_branch_day_of_week_operator.py
[2024-04-23T22:32:24.578+0000] {logging_mixin.py:150} INFO - [2024-04-23T22:32:24.578+0000] {dag.py:2742} INFO - Sync 1 DAGs
[2024-04-23T22:32:24.593+0000] {logging_mixin.py:150} INFO - [2024-04-23T22:32:24.593+0000] {dag.py:3504} INFO - Setting next_dagrun for example_weekday_branch_operator to 2024-04-22T00:00:00+00:00, run_after=2024-04-23T00:00:00+00:00
[2024-04-23T22:32:24.642+0000] {processor.py:179} INFO - Processing /usr/local/python/3.10.13/lib/python3.10/site-packages/airflow/example_dags/example_branch_day_of_week_operator.py took 0.086 seconds
[2024-04-23T22:33:12.636+0000] {processor.py:157} INFO - Started process (PID=33614) to work on /usr/local/python/3.10.13/lib/python3.10/site-packages/airflow/example_dags/example_branch_day_of_week_operator.py
[2024-04-23T22:33:12.636+0000] {processor.py:826} INFO - Processing file /usr/local/python/3.10.13/lib/python3.10/site-packages/airflow/example_dags/example_branch_day_of_week_operator.py for tasks to queue
[2024-04-23T22:33:12.637+0000] {logging_mixin.py:150} INFO - [2024-04-23T22:33:12.637+0000] {dagbag.py:541} INFO - Filling up the DagBag from /usr/local/python/3.10.13/lib/python3.10/site-packages/airflow/example_dags/example_branch_day_of_week_operator.py
[2024-04-23T22:33:12.643+0000] {processor.py:836} INFO - DAG(s) dict_keys(['example_weekday_branch_operator']) retrieved from /usr/local/python/3.10.13/lib/python3.10/site-packages/airflow/example_dags/example_branch_day_of_week_operator.py
[2024-04-23T22:33:12.656+0000] {logging_mixin.py:150} INFO - [2024-04-23T22:33:12.655+0000] {dag.py:2742} INFO - Sync 1 DAGs
[2024-04-23T22:33:12.672+0000] {logging_mixin.py:150} INFO - [2024-04-23T22:33:12.672+0000] {dag.py:3504} INFO - Setting next_dagrun for example_weekday_branch_operator to 2024-04-22T00:00:00+00:00, run_after=2024-04-23T00:00:00+00:00
[2024-04-23T22:33:12.711+0000] {processor.py:179} INFO - Processing /usr/local/python/3.10.13/lib/python3.10/site-packages/airflow/example_dags/example_branch_day_of_week_operator.py took 0.078 seconds
[2024-04-23T22:34:06.680+0000] {processor.py:157} INFO - Started process (PID=34011) to work on /usr/local/python/3.10.13/lib/python3.10/site-packages/airflow/example_dags/example_branch_day_of_week_operator.py
[2024-04-23T22:34:06.681+0000] {processor.py:826} INFO - Processing file /usr/local/python/3.10.13/lib/python3.10/site-packages/airflow/example_dags/example_branch_day_of_week_operator.py for tasks to queue
[2024-04-23T22:34:06.681+0000] {logging_mixin.py:150} INFO - [2024-04-23T22:34:06.681+0000] {dagbag.py:541} INFO - Filling up the DagBag from /usr/local/python/3.10.13/lib/python3.10/site-packages/airflow/example_dags/example_branch_day_of_week_operator.py
[2024-04-23T22:34:06.687+0000] {processor.py:836} INFO - DAG(s) dict_keys(['example_weekday_branch_operator']) retrieved from /usr/local/python/3.10.13/lib/python3.10/site-packages/airflow/example_dags/example_branch_day_of_week_operator.py
[2024-04-23T22:34:06.700+0000] {logging_mixin.py:150} INFO - [2024-04-23T22:34:06.700+0000] {dag.py:2742} INFO - Sync 1 DAGs
[2024-04-23T22:34:06.716+0000] {logging_mixin.py:150} INFO - [2024-04-23T22:34:06.716+0000] {dag.py:3504} INFO - Setting next_dagrun for example_weekday_branch_operator to 2024-04-22T00:00:00+00:00, run_after=2024-04-23T00:00:00+00:00
[2024-04-23T22:34:06.753+0000] {processor.py:179} INFO - Processing /usr/local/python/3.10.13/lib/python3.10/site-packages/airflow/example_dags/example_branch_day_of_week_operator.py took 0.075 seconds
[2024-04-23T22:34:59.859+0000] {processor.py:157} INFO - Started process (PID=34462) to work on /usr/local/python/3.10.13/lib/python3.10/site-packages/airflow/example_dags/example_branch_day_of_week_operator.py
[2024-04-23T22:34:59.860+0000] {processor.py:826} INFO - Processing file /usr/local/python/3.10.13/lib/python3.10/site-packages/airflow/example_dags/example_branch_day_of_week_operator.py for tasks to queue
[2024-04-23T22:34:59.861+0000] {logging_mixin.py:150} INFO - [2024-04-23T22:34:59.860+0000] {dagbag.py:541} INFO - Filling up the DagBag from /usr/local/python/3.10.13/lib/python3.10/site-packages/airflow/example_dags/example_branch_day_of_week_operator.py
[2024-04-23T22:34:59.868+0000] {processor.py:836} INFO - DAG(s) dict_keys(['example_weekday_branch_operator']) retrieved from /usr/local/python/3.10.13/lib/python3.10/site-packages/airflow/example_dags/example_branch_day_of_week_operator.py
[2024-04-23T22:34:59.883+0000] {logging_mixin.py:150} INFO - [2024-04-23T22:34:59.883+0000] {dag.py:2742} INFO - Sync 1 DAGs
[2024-04-23T22:34:59.902+0000] {logging_mixin.py:150} INFO - [2024-04-23T22:34:59.902+0000] {dag.py:3504} INFO - Setting next_dagrun for example_weekday_branch_operator to 2024-04-22T00:00:00+00:00, run_after=2024-04-23T00:00:00+00:00
[2024-04-23T22:34:59.942+0000] {processor.py:179} INFO - Processing /usr/local/python/3.10.13/lib/python3.10/site-packages/airflow/example_dags/example_branch_day_of_week_operator.py took 0.086 seconds
[2024-04-23T22:35:48.758+0000] {processor.py:157} INFO - Started process (PID=34887) to work on /usr/local/python/3.10.13/lib/python3.10/site-packages/airflow/example_dags/example_branch_day_of_week_operator.py
[2024-04-23T22:35:48.758+0000] {processor.py:826} INFO - Processing file /usr/local/python/3.10.13/lib/python3.10/site-packages/airflow/example_dags/example_branch_day_of_week_operator.py for tasks to queue
[2024-04-23T22:35:48.759+0000] {logging_mixin.py:150} INFO - [2024-04-23T22:35:48.759+0000] {dagbag.py:541} INFO - Filling up the DagBag from /usr/local/python/3.10.13/lib/python3.10/site-packages/airflow/example_dags/example_branch_day_of_week_operator.py
[2024-04-23T22:35:48.765+0000] {processor.py:836} INFO - DAG(s) dict_keys(['example_weekday_branch_operator']) retrieved from /usr/local/python/3.10.13/lib/python3.10/site-packages/airflow/example_dags/example_branch_day_of_week_operator.py
[2024-04-23T22:35:48.778+0000] {logging_mixin.py:150} INFO - [2024-04-23T22:35:48.778+0000] {dag.py:2742} INFO - Sync 1 DAGs
[2024-04-23T22:35:48.795+0000] {logging_mixin.py:150} INFO - [2024-04-23T22:35:48.794+0000] {dag.py:3504} INFO - Setting next_dagrun for example_weekday_branch_operator to 2024-04-22T00:00:00+00:00, run_after=2024-04-23T00:00:00+00:00
[2024-04-23T22:35:48.833+0000] {processor.py:179} INFO - Processing /usr/local/python/3.10.13/lib/python3.10/site-packages/airflow/example_dags/example_branch_day_of_week_operator.py took 0.077 seconds
[2024-04-23T22:36:40.377+0000] {processor.py:157} INFO - Started process (PID=35285) to work on /usr/local/python/3.10.13/lib/python3.10/site-packages/airflow/example_dags/example_branch_day_of_week_operator.py
[2024-04-23T22:36:40.378+0000] {processor.py:826} INFO - Processing file /usr/local/python/3.10.13/lib/python3.10/site-packages/airflow/example_dags/example_branch_day_of_week_operator.py for tasks to queue
[2024-04-23T22:36:40.378+0000] {logging_mixin.py:150} INFO - [2024-04-23T22:36:40.378+0000] {dagbag.py:541} INFO - Filling up the DagBag from /usr/local/python/3.10.13/lib/python3.10/site-packages/airflow/example_dags/example_branch_day_of_week_operator.py
[2024-04-23T22:36:40.385+0000] {processor.py:836} INFO - DAG(s) dict_keys(['example_weekday_branch_operator']) retrieved from /usr/local/python/3.10.13/lib/python3.10/site-packages/airflow/example_dags/example_branch_day_of_week_operator.py
[2024-04-23T22:36:40.398+0000] {logging_mixin.py:150} INFO - [2024-04-23T22:36:40.398+0000] {dag.py:2742} INFO - Sync 1 DAGs
[2024-04-23T22:36:40.414+0000] {logging_mixin.py:150} INFO - [2024-04-23T22:36:40.414+0000] {dag.py:3504} INFO - Setting next_dagrun for example_weekday_branch_operator to 2024-04-22T00:00:00+00:00, run_after=2024-04-23T00:00:00+00:00
[2024-04-23T22:36:40.452+0000] {processor.py:179} INFO - Processing /usr/local/python/3.10.13/lib/python3.10/site-packages/airflow/example_dags/example_branch_day_of_week_operator.py took 0.077 seconds
[2024-04-23T22:37:35.233+0000] {processor.py:157} INFO - Started process (PID=35709) to work on /usr/local/python/3.10.13/lib/python3.10/site-packages/airflow/example_dags/example_branch_day_of_week_operator.py
[2024-04-23T22:37:35.234+0000] {processor.py:826} INFO - Processing file /usr/local/python/3.10.13/lib/python3.10/site-packages/airflow/example_dags/example_branch_day_of_week_operator.py for tasks to queue
[2024-04-23T22:37:35.235+0000] {logging_mixin.py:150} INFO - [2024-04-23T22:37:35.234+0000] {dagbag.py:541} INFO - Filling up the DagBag from /usr/local/python/3.10.13/lib/python3.10/site-packages/airflow/example_dags/example_branch_day_of_week_operator.py
[2024-04-23T22:37:35.240+0000] {processor.py:836} INFO - DAG(s) dict_keys(['example_weekday_branch_operator']) retrieved from /usr/local/python/3.10.13/lib/python3.10/site-packages/airflow/example_dags/example_branch_day_of_week_operator.py
[2024-04-23T22:37:35.253+0000] {logging_mixin.py:150} INFO - [2024-04-23T22:37:35.253+0000] {dag.py:2742} INFO - Sync 1 DAGs
[2024-04-23T22:37:35.269+0000] {logging_mixin.py:150} INFO - [2024-04-23T22:37:35.269+0000] {dag.py:3504} INFO - Setting next_dagrun for example_weekday_branch_operator to 2024-04-22T00:00:00+00:00, run_after=2024-04-23T00:00:00+00:00
[2024-04-23T22:37:35.309+0000] {processor.py:179} INFO - Processing /usr/local/python/3.10.13/lib/python3.10/site-packages/airflow/example_dags/example_branch_day_of_week_operator.py took 0.077 seconds
[2024-04-23T22:38:24.735+0000] {processor.py:157} INFO - Started process (PID=36058) to work on /usr/local/python/3.10.13/lib/python3.10/site-packages/airflow/example_dags/example_branch_day_of_week_operator.py
[2024-04-23T22:38:24.735+0000] {processor.py:826} INFO - Processing file /usr/local/python/3.10.13/lib/python3.10/site-packages/airflow/example_dags/example_branch_day_of_week_operator.py for tasks to queue
[2024-04-23T22:38:24.736+0000] {logging_mixin.py:150} INFO - [2024-04-23T22:38:24.736+0000] {dagbag.py:541} INFO - Filling up the DagBag from /usr/local/python/3.10.13/lib/python3.10/site-packages/airflow/example_dags/example_branch_day_of_week_operator.py
[2024-04-23T22:38:24.742+0000] {processor.py:836} INFO - DAG(s) dict_keys(['example_weekday_branch_operator']) retrieved from /usr/local/python/3.10.13/lib/python3.10/site-packages/airflow/example_dags/example_branch_day_of_week_operator.py
[2024-04-23T22:38:24.756+0000] {logging_mixin.py:150} INFO - [2024-04-23T22:38:24.756+0000] {dag.py:2742} INFO - Sync 1 DAGs
[2024-04-23T22:38:24.774+0000] {logging_mixin.py:150} INFO - [2024-04-23T22:38:24.773+0000] {dag.py:3504} INFO - Setting next_dagrun for example_weekday_branch_operator to 2024-04-22T00:00:00+00:00, run_after=2024-04-23T00:00:00+00:00
[2024-04-23T22:38:24.814+0000] {processor.py:179} INFO - Processing /usr/local/python/3.10.13/lib/python3.10/site-packages/airflow/example_dags/example_branch_day_of_week_operator.py took 0.082 seconds
[2024-04-23T22:39:15.256+0000] {processor.py:157} INFO - Started process (PID=36459) to work on /usr/local/python/3.10.13/lib/python3.10/site-packages/airflow/example_dags/example_branch_day_of_week_operator.py
[2024-04-23T22:39:15.256+0000] {processor.py:826} INFO - Processing file /usr/local/python/3.10.13/lib/python3.10/site-packages/airflow/example_dags/example_branch_day_of_week_operator.py for tasks to queue
[2024-04-23T22:39:15.257+0000] {logging_mixin.py:150} INFO - [2024-04-23T22:39:15.257+0000] {dagbag.py:541} INFO - Filling up the DagBag from /usr/local/python/3.10.13/lib/python3.10/site-packages/airflow/example_dags/example_branch_day_of_week_operator.py
[2024-04-23T22:39:15.264+0000] {processor.py:836} INFO - DAG(s) dict_keys(['example_weekday_branch_operator']) retrieved from /usr/local/python/3.10.13/lib/python3.10/site-packages/airflow/example_dags/example_branch_day_of_week_operator.py
[2024-04-23T22:39:15.277+0000] {logging_mixin.py:150} INFO - [2024-04-23T22:39:15.277+0000] {dag.py:2742} INFO - Sync 1 DAGs
[2024-04-23T22:39:15.294+0000] {logging_mixin.py:150} INFO - [2024-04-23T22:39:15.293+0000] {dag.py:3504} INFO - Setting next_dagrun for example_weekday_branch_operator to 2024-04-22T00:00:00+00:00, run_after=2024-04-23T00:00:00+00:00
[2024-04-23T22:39:15.346+0000] {processor.py:179} INFO - Processing /usr/local/python/3.10.13/lib/python3.10/site-packages/airflow/example_dags/example_branch_day_of_week_operator.py took 0.092 seconds
[2024-04-23T22:40:05.696+0000] {processor.py:157} INFO - Started process (PID=36839) to work on /usr/local/python/3.10.13/lib/python3.10/site-packages/airflow/example_dags/example_branch_day_of_week_operator.py
[2024-04-23T22:40:05.697+0000] {processor.py:826} INFO - Processing file /usr/local/python/3.10.13/lib/python3.10/site-packages/airflow/example_dags/example_branch_day_of_week_operator.py for tasks to queue
[2024-04-23T22:40:05.698+0000] {logging_mixin.py:150} INFO - [2024-04-23T22:40:05.697+0000] {dagbag.py:541} INFO - Filling up the DagBag from /usr/local/python/3.10.13/lib/python3.10/site-packages/airflow/example_dags/example_branch_day_of_week_operator.py
[2024-04-23T22:40:05.703+0000] {processor.py:836} INFO - DAG(s) dict_keys(['example_weekday_branch_operator']) retrieved from /usr/local/python/3.10.13/lib/python3.10/site-packages/airflow/example_dags/example_branch_day_of_week_operator.py
[2024-04-23T22:40:05.717+0000] {logging_mixin.py:150} INFO - [2024-04-23T22:40:05.716+0000] {dag.py:2742} INFO - Sync 1 DAGs
[2024-04-23T22:40:05.735+0000] {logging_mixin.py:150} INFO - [2024-04-23T22:40:05.735+0000] {dag.py:3504} INFO - Setting next_dagrun for example_weekday_branch_operator to 2024-04-22T00:00:00+00:00, run_after=2024-04-23T00:00:00+00:00
[2024-04-23T22:40:05.776+0000] {processor.py:179} INFO - Processing /usr/local/python/3.10.13/lib/python3.10/site-packages/airflow/example_dags/example_branch_day_of_week_operator.py took 0.082 seconds
[2024-04-23T22:40:59.906+0000] {processor.py:157} INFO - Started process (PID=37255) to work on /usr/local/python/3.10.13/lib/python3.10/site-packages/airflow/example_dags/example_branch_day_of_week_operator.py
[2024-04-23T22:40:59.906+0000] {processor.py:826} INFO - Processing file /usr/local/python/3.10.13/lib/python3.10/site-packages/airflow/example_dags/example_branch_day_of_week_operator.py for tasks to queue
[2024-04-23T22:40:59.907+0000] {logging_mixin.py:150} INFO - [2024-04-23T22:40:59.907+0000] {dagbag.py:541} INFO - Filling up the DagBag from /usr/local/python/3.10.13/lib/python3.10/site-packages/airflow/example_dags/example_branch_day_of_week_operator.py
[2024-04-23T22:40:59.913+0000] {processor.py:836} INFO - DAG(s) dict_keys(['example_weekday_branch_operator']) retrieved from /usr/local/python/3.10.13/lib/python3.10/site-packages/airflow/example_dags/example_branch_day_of_week_operator.py
[2024-04-23T22:40:59.926+0000] {logging_mixin.py:150} INFO - [2024-04-23T22:40:59.926+0000] {dag.py:2742} INFO - Sync 1 DAGs
[2024-04-23T22:40:59.942+0000] {logging_mixin.py:150} INFO - [2024-04-23T22:40:59.942+0000] {dag.py:3504} INFO - Setting next_dagrun for example_weekday_branch_operator to 2024-04-22T00:00:00+00:00, run_after=2024-04-23T00:00:00+00:00
[2024-04-23T22:40:59.980+0000] {processor.py:179} INFO - Processing /usr/local/python/3.10.13/lib/python3.10/site-packages/airflow/example_dags/example_branch_day_of_week_operator.py took 0.076 seconds
[2024-04-23T22:41:56.192+0000] {processor.py:157} INFO - Started process (PID=37665) to work on /usr/local/python/3.10.13/lib/python3.10/site-packages/airflow/example_dags/example_branch_day_of_week_operator.py
[2024-04-23T22:41:56.193+0000] {processor.py:826} INFO - Processing file /usr/local/python/3.10.13/lib/python3.10/site-packages/airflow/example_dags/example_branch_day_of_week_operator.py for tasks to queue
[2024-04-23T22:41:56.193+0000] {logging_mixin.py:150} INFO - [2024-04-23T22:41:56.193+0000] {dagbag.py:541} INFO - Filling up the DagBag from /usr/local/python/3.10.13/lib/python3.10/site-packages/airflow/example_dags/example_branch_day_of_week_operator.py
[2024-04-23T22:41:56.199+0000] {processor.py:836} INFO - DAG(s) dict_keys(['example_weekday_branch_operator']) retrieved from /usr/local/python/3.10.13/lib/python3.10/site-packages/airflow/example_dags/example_branch_day_of_week_operator.py
[2024-04-23T22:41:56.212+0000] {logging_mixin.py:150} INFO - [2024-04-23T22:41:56.212+0000] {dag.py:2742} INFO - Sync 1 DAGs
[2024-04-23T22:41:56.230+0000] {logging_mixin.py:150} INFO - [2024-04-23T22:41:56.230+0000] {dag.py:3504} INFO - Setting next_dagrun for example_weekday_branch_operator to 2024-04-22T00:00:00+00:00, run_after=2024-04-23T00:00:00+00:00
[2024-04-23T22:41:56.281+0000] {processor.py:179} INFO - Processing /usr/local/python/3.10.13/lib/python3.10/site-packages/airflow/example_dags/example_branch_day_of_week_operator.py took 0.091 seconds
[2024-04-23T22:42:47.862+0000] {processor.py:157} INFO - Started process (PID=38046) to work on /usr/local/python/3.10.13/lib/python3.10/site-packages/airflow/example_dags/example_branch_day_of_week_operator.py
[2024-04-23T22:42:47.862+0000] {processor.py:826} INFO - Processing file /usr/local/python/3.10.13/lib/python3.10/site-packages/airflow/example_dags/example_branch_day_of_week_operator.py for tasks to queue
[2024-04-23T22:42:47.863+0000] {logging_mixin.py:150} INFO - [2024-04-23T22:42:47.863+0000] {dagbag.py:541} INFO - Filling up the DagBag from /usr/local/python/3.10.13/lib/python3.10/site-packages/airflow/example_dags/example_branch_day_of_week_operator.py
[2024-04-23T22:42:47.869+0000] {processor.py:836} INFO - DAG(s) dict_keys(['example_weekday_branch_operator']) retrieved from /usr/local/python/3.10.13/lib/python3.10/site-packages/airflow/example_dags/example_branch_day_of_week_operator.py
[2024-04-23T22:42:47.882+0000] {logging_mixin.py:150} INFO - [2024-04-23T22:42:47.881+0000] {dag.py:2742} INFO - Sync 1 DAGs
[2024-04-23T22:42:47.898+0000] {logging_mixin.py:150} INFO - [2024-04-23T22:42:47.897+0000] {dag.py:3504} INFO - Setting next_dagrun for example_weekday_branch_operator to 2024-04-22T00:00:00+00:00, run_after=2024-04-23T00:00:00+00:00
[2024-04-23T22:42:47.937+0000] {processor.py:179} INFO - Processing /usr/local/python/3.10.13/lib/python3.10/site-packages/airflow/example_dags/example_branch_day_of_week_operator.py took 0.078 seconds
[2024-04-23T22:43:39.415+0000] {processor.py:157} INFO - Started process (PID=38418) to work on /usr/local/python/3.10.13/lib/python3.10/site-packages/airflow/example_dags/example_branch_day_of_week_operator.py
[2024-04-23T22:43:39.415+0000] {processor.py:826} INFO - Processing file /usr/local/python/3.10.13/lib/python3.10/site-packages/airflow/example_dags/example_branch_day_of_week_operator.py for tasks to queue
[2024-04-23T22:43:39.416+0000] {logging_mixin.py:150} INFO - [2024-04-23T22:43:39.416+0000] {dagbag.py:541} INFO - Filling up the DagBag from /usr/local/python/3.10.13/lib/python3.10/site-packages/airflow/example_dags/example_branch_day_of_week_operator.py
[2024-04-23T22:43:39.422+0000] {processor.py:836} INFO - DAG(s) dict_keys(['example_weekday_branch_operator']) retrieved from /usr/local/python/3.10.13/lib/python3.10/site-packages/airflow/example_dags/example_branch_day_of_week_operator.py
[2024-04-23T22:43:39.434+0000] {logging_mixin.py:150} INFO - [2024-04-23T22:43:39.434+0000] {dag.py:2742} INFO - Sync 1 DAGs
[2024-04-23T22:43:39.451+0000] {logging_mixin.py:150} INFO - [2024-04-23T22:43:39.451+0000] {dag.py:3504} INFO - Setting next_dagrun for example_weekday_branch_operator to 2024-04-22T00:00:00+00:00, run_after=2024-04-23T00:00:00+00:00
[2024-04-23T22:43:39.487+0000] {processor.py:179} INFO - Processing /usr/local/python/3.10.13/lib/python3.10/site-packages/airflow/example_dags/example_branch_day_of_week_operator.py took 0.075 seconds
[2024-04-23T22:44:27.986+0000] {processor.py:157} INFO - Started process (PID=38773) to work on /usr/local/python/3.10.13/lib/python3.10/site-packages/airflow/example_dags/example_branch_day_of_week_operator.py
[2024-04-23T22:44:27.986+0000] {processor.py:826} INFO - Processing file /usr/local/python/3.10.13/lib/python3.10/site-packages/airflow/example_dags/example_branch_day_of_week_operator.py for tasks to queue
[2024-04-23T22:44:27.987+0000] {logging_mixin.py:150} INFO - [2024-04-23T22:44:27.987+0000] {dagbag.py:541} INFO - Filling up the DagBag from /usr/local/python/3.10.13/lib/python3.10/site-packages/airflow/example_dags/example_branch_day_of_week_operator.py
[2024-04-23T22:44:27.993+0000] {processor.py:836} INFO - DAG(s) dict_keys(['example_weekday_branch_operator']) retrieved from /usr/local/python/3.10.13/lib/python3.10/site-packages/airflow/example_dags/example_branch_day_of_week_operator.py
[2024-04-23T22:44:28.006+0000] {logging_mixin.py:150} INFO - [2024-04-23T22:44:28.006+0000] {dag.py:2742} INFO - Sync 1 DAGs
[2024-04-23T22:44:28.022+0000] {logging_mixin.py:150} INFO - [2024-04-23T22:44:28.022+0000] {dag.py:3504} INFO - Setting next_dagrun for example_weekday_branch_operator to 2024-04-22T00:00:00+00:00, run_after=2024-04-23T00:00:00+00:00
[2024-04-23T22:44:28.060+0000] {processor.py:179} INFO - Processing /usr/local/python/3.10.13/lib/python3.10/site-packages/airflow/example_dags/example_branch_day_of_week_operator.py took 0.077 seconds
[2024-04-23T22:45:18.181+0000] {processor.py:157} INFO - Started process (PID=39163) to work on /usr/local/python/3.10.13/lib/python3.10/site-packages/airflow/example_dags/example_branch_day_of_week_operator.py
[2024-04-23T22:45:18.182+0000] {processor.py:826} INFO - Processing file /usr/local/python/3.10.13/lib/python3.10/site-packages/airflow/example_dags/example_branch_day_of_week_operator.py for tasks to queue
[2024-04-23T22:45:18.182+0000] {logging_mixin.py:150} INFO - [2024-04-23T22:45:18.182+0000] {dagbag.py:541} INFO - Filling up the DagBag from /usr/local/python/3.10.13/lib/python3.10/site-packages/airflow/example_dags/example_branch_day_of_week_operator.py
[2024-04-23T22:45:18.188+0000] {processor.py:836} INFO - DAG(s) dict_keys(['example_weekday_branch_operator']) retrieved from /usr/local/python/3.10.13/lib/python3.10/site-packages/airflow/example_dags/example_branch_day_of_week_operator.py
[2024-04-23T22:45:18.206+0000] {logging_mixin.py:150} INFO - [2024-04-23T22:45:18.206+0000] {dag.py:2742} INFO - Sync 1 DAGs
[2024-04-23T22:45:18.224+0000] {logging_mixin.py:150} INFO - [2024-04-23T22:45:18.223+0000] {dag.py:3504} INFO - Setting next_dagrun for example_weekday_branch_operator to 2024-04-22T00:00:00+00:00, run_after=2024-04-23T00:00:00+00:00
[2024-04-23T22:45:18.267+0000] {processor.py:179} INFO - Processing /usr/local/python/3.10.13/lib/python3.10/site-packages/airflow/example_dags/example_branch_day_of_week_operator.py took 0.089 seconds
[2024-04-23T22:46:08.704+0000] {processor.py:157} INFO - Started process (PID=39537) to work on /usr/local/python/3.10.13/lib/python3.10/site-packages/airflow/example_dags/example_branch_day_of_week_operator.py
[2024-04-23T22:46:08.705+0000] {processor.py:826} INFO - Processing file /usr/local/python/3.10.13/lib/python3.10/site-packages/airflow/example_dags/example_branch_day_of_week_operator.py for tasks to queue
[2024-04-23T22:46:08.705+0000] {logging_mixin.py:150} INFO - [2024-04-23T22:46:08.705+0000] {dagbag.py:541} INFO - Filling up the DagBag from /usr/local/python/3.10.13/lib/python3.10/site-packages/airflow/example_dags/example_branch_day_of_week_operator.py
[2024-04-23T22:46:08.711+0000] {processor.py:836} INFO - DAG(s) dict_keys(['example_weekday_branch_operator']) retrieved from /usr/local/python/3.10.13/lib/python3.10/site-packages/airflow/example_dags/example_branch_day_of_week_operator.py
[2024-04-23T22:46:08.724+0000] {logging_mixin.py:150} INFO - [2024-04-23T22:46:08.724+0000] {dag.py:2742} INFO - Sync 1 DAGs
[2024-04-23T22:46:08.740+0000] {logging_mixin.py:150} INFO - [2024-04-23T22:46:08.740+0000] {dag.py:3504} INFO - Setting next_dagrun for example_weekday_branch_operator to 2024-04-22T00:00:00+00:00, run_after=2024-04-23T00:00:00+00:00
[2024-04-23T22:46:08.778+0000] {processor.py:179} INFO - Processing /usr/local/python/3.10.13/lib/python3.10/site-packages/airflow/example_dags/example_branch_day_of_week_operator.py took 0.076 seconds
[2024-04-23T22:47:03.632+0000] {processor.py:157} INFO - Started process (PID=39939) to work on /usr/local/python/3.10.13/lib/python3.10/site-packages/airflow/example_dags/example_branch_day_of_week_operator.py
[2024-04-23T22:47:03.632+0000] {processor.py:826} INFO - Processing file /usr/local/python/3.10.13/lib/python3.10/site-packages/airflow/example_dags/example_branch_day_of_week_operator.py for tasks to queue
[2024-04-23T22:47:03.633+0000] {logging_mixin.py:150} INFO - [2024-04-23T22:47:03.633+0000] {dagbag.py:541} INFO - Filling up the DagBag from /usr/local/python/3.10.13/lib/python3.10/site-packages/airflow/example_dags/example_branch_day_of_week_operator.py
[2024-04-23T22:47:03.639+0000] {processor.py:836} INFO - DAG(s) dict_keys(['example_weekday_branch_operator']) retrieved from /usr/local/python/3.10.13/lib/python3.10/site-packages/airflow/example_dags/example_branch_day_of_week_operator.py
[2024-04-23T22:47:03.651+0000] {logging_mixin.py:150} INFO - [2024-04-23T22:47:03.651+0000] {dag.py:2742} INFO - Sync 1 DAGs
[2024-04-23T22:47:03.668+0000] {logging_mixin.py:150} INFO - [2024-04-23T22:47:03.668+0000] {dag.py:3504} INFO - Setting next_dagrun for example_weekday_branch_operator to 2024-04-22T00:00:00+00:00, run_after=2024-04-23T00:00:00+00:00
[2024-04-23T22:47:03.706+0000] {processor.py:179} INFO - Processing /usr/local/python/3.10.13/lib/python3.10/site-packages/airflow/example_dags/example_branch_day_of_week_operator.py took 0.077 seconds
[2024-04-23T22:47:58.328+0000] {processor.py:157} INFO - Started process (PID=40359) to work on /usr/local/python/3.10.13/lib/python3.10/site-packages/airflow/example_dags/example_branch_day_of_week_operator.py
[2024-04-23T22:47:58.329+0000] {processor.py:826} INFO - Processing file /usr/local/python/3.10.13/lib/python3.10/site-packages/airflow/example_dags/example_branch_day_of_week_operator.py for tasks to queue
[2024-04-23T22:47:58.330+0000] {logging_mixin.py:150} INFO - [2024-04-23T22:47:58.329+0000] {dagbag.py:541} INFO - Filling up the DagBag from /usr/local/python/3.10.13/lib/python3.10/site-packages/airflow/example_dags/example_branch_day_of_week_operator.py
[2024-04-23T22:47:58.335+0000] {processor.py:836} INFO - DAG(s) dict_keys(['example_weekday_branch_operator']) retrieved from /usr/local/python/3.10.13/lib/python3.10/site-packages/airflow/example_dags/example_branch_day_of_week_operator.py
[2024-04-23T22:47:58.350+0000] {logging_mixin.py:150} INFO - [2024-04-23T22:47:58.350+0000] {dag.py:2742} INFO - Sync 1 DAGs
[2024-04-23T22:47:58.366+0000] {logging_mixin.py:150} INFO - [2024-04-23T22:47:58.366+0000] {dag.py:3504} INFO - Setting next_dagrun for example_weekday_branch_operator to 2024-04-22T00:00:00+00:00, run_after=2024-04-23T00:00:00+00:00
[2024-04-23T22:47:58.408+0000] {processor.py:179} INFO - Processing /usr/local/python/3.10.13/lib/python3.10/site-packages/airflow/example_dags/example_branch_day_of_week_operator.py took 0.082 seconds
[2024-04-23T22:48:48.885+0000] {processor.py:157} INFO - Started process (PID=40752) to work on /usr/local/python/3.10.13/lib/python3.10/site-packages/airflow/example_dags/example_branch_day_of_week_operator.py
[2024-04-23T22:48:48.886+0000] {processor.py:826} INFO - Processing file /usr/local/python/3.10.13/lib/python3.10/site-packages/airflow/example_dags/example_branch_day_of_week_operator.py for tasks to queue
[2024-04-23T22:48:48.887+0000] {logging_mixin.py:150} INFO - [2024-04-23T22:48:48.886+0000] {dagbag.py:541} INFO - Filling up the DagBag from /usr/local/python/3.10.13/lib/python3.10/site-packages/airflow/example_dags/example_branch_day_of_week_operator.py
[2024-04-23T22:48:48.892+0000] {processor.py:836} INFO - DAG(s) dict_keys(['example_weekday_branch_operator']) retrieved from /usr/local/python/3.10.13/lib/python3.10/site-packages/airflow/example_dags/example_branch_day_of_week_operator.py
[2024-04-23T22:48:48.905+0000] {logging_mixin.py:150} INFO - [2024-04-23T22:48:48.905+0000] {dag.py:2742} INFO - Sync 1 DAGs
[2024-04-23T22:48:48.922+0000] {logging_mixin.py:150} INFO - [2024-04-23T22:48:48.922+0000] {dag.py:3504} INFO - Setting next_dagrun for example_weekday_branch_operator to 2024-04-22T00:00:00+00:00, run_after=2024-04-23T00:00:00+00:00
[2024-04-23T22:48:48.961+0000] {processor.py:179} INFO - Processing /usr/local/python/3.10.13/lib/python3.10/site-packages/airflow/example_dags/example_branch_day_of_week_operator.py took 0.078 seconds
[2024-04-23T22:49:38.600+0000] {processor.py:157} INFO - Started process (PID=41137) to work on /usr/local/python/3.10.13/lib/python3.10/site-packages/airflow/example_dags/example_branch_day_of_week_operator.py
[2024-04-23T22:49:38.601+0000] {processor.py:826} INFO - Processing file /usr/local/python/3.10.13/lib/python3.10/site-packages/airflow/example_dags/example_branch_day_of_week_operator.py for tasks to queue
[2024-04-23T22:49:38.602+0000] {logging_mixin.py:150} INFO - [2024-04-23T22:49:38.601+0000] {dagbag.py:541} INFO - Filling up the DagBag from /usr/local/python/3.10.13/lib/python3.10/site-packages/airflow/example_dags/example_branch_day_of_week_operator.py
[2024-04-23T22:49:38.607+0000] {processor.py:836} INFO - DAG(s) dict_keys(['example_weekday_branch_operator']) retrieved from /usr/local/python/3.10.13/lib/python3.10/site-packages/airflow/example_dags/example_branch_day_of_week_operator.py
[2024-04-23T22:49:38.621+0000] {logging_mixin.py:150} INFO - [2024-04-23T22:49:38.620+0000] {dag.py:2742} INFO - Sync 1 DAGs
[2024-04-23T22:49:38.637+0000] {logging_mixin.py:150} INFO - [2024-04-23T22:49:38.637+0000] {dag.py:3504} INFO - Setting next_dagrun for example_weekday_branch_operator to 2024-04-22T00:00:00+00:00, run_after=2024-04-23T00:00:00+00:00
[2024-04-23T22:49:38.679+0000] {processor.py:179} INFO - Processing /usr/local/python/3.10.13/lib/python3.10/site-packages/airflow/example_dags/example_branch_day_of_week_operator.py took 0.081 seconds
[2024-04-23T22:50:32.562+0000] {processor.py:157} INFO - Started process (PID=41526) to work on /usr/local/python/3.10.13/lib/python3.10/site-packages/airflow/example_dags/example_branch_day_of_week_operator.py
[2024-04-23T22:50:32.562+0000] {processor.py:826} INFO - Processing file /usr/local/python/3.10.13/lib/python3.10/site-packages/airflow/example_dags/example_branch_day_of_week_operator.py for tasks to queue
[2024-04-23T22:50:32.563+0000] {logging_mixin.py:150} INFO - [2024-04-23T22:50:32.563+0000] {dagbag.py:541} INFO - Filling up the DagBag from /usr/local/python/3.10.13/lib/python3.10/site-packages/airflow/example_dags/example_branch_day_of_week_operator.py
[2024-04-23T22:50:32.569+0000] {processor.py:836} INFO - DAG(s) dict_keys(['example_weekday_branch_operator']) retrieved from /usr/local/python/3.10.13/lib/python3.10/site-packages/airflow/example_dags/example_branch_day_of_week_operator.py
[2024-04-23T22:50:32.581+0000] {logging_mixin.py:150} INFO - [2024-04-23T22:50:32.581+0000] {dag.py:2742} INFO - Sync 1 DAGs
[2024-04-23T22:50:32.598+0000] {logging_mixin.py:150} INFO - [2024-04-23T22:50:32.598+0000] {dag.py:3504} INFO - Setting next_dagrun for example_weekday_branch_operator to 2024-04-22T00:00:00+00:00, run_after=2024-04-23T00:00:00+00:00
[2024-04-23T22:50:32.639+0000] {processor.py:179} INFO - Processing /usr/local/python/3.10.13/lib/python3.10/site-packages/airflow/example_dags/example_branch_day_of_week_operator.py took 0.079 seconds
[2024-04-23T22:51:20.385+0000] {processor.py:157} INFO - Started process (PID=41901) to work on /usr/local/python/3.10.13/lib/python3.10/site-packages/airflow/example_dags/example_branch_day_of_week_operator.py
[2024-04-23T22:51:20.385+0000] {processor.py:826} INFO - Processing file /usr/local/python/3.10.13/lib/python3.10/site-packages/airflow/example_dags/example_branch_day_of_week_operator.py for tasks to queue
[2024-04-23T22:51:20.386+0000] {logging_mixin.py:150} INFO - [2024-04-23T22:51:20.386+0000] {dagbag.py:541} INFO - Filling up the DagBag from /usr/local/python/3.10.13/lib/python3.10/site-packages/airflow/example_dags/example_branch_day_of_week_operator.py
[2024-04-23T22:51:20.392+0000] {processor.py:836} INFO - DAG(s) dict_keys(['example_weekday_branch_operator']) retrieved from /usr/local/python/3.10.13/lib/python3.10/site-packages/airflow/example_dags/example_branch_day_of_week_operator.py
[2024-04-23T22:51:20.404+0000] {logging_mixin.py:150} INFO - [2024-04-23T22:51:20.404+0000] {dag.py:2742} INFO - Sync 1 DAGs
[2024-04-23T22:51:20.421+0000] {logging_mixin.py:150} INFO - [2024-04-23T22:51:20.420+0000] {dag.py:3504} INFO - Setting next_dagrun for example_weekday_branch_operator to 2024-04-22T00:00:00+00:00, run_after=2024-04-23T00:00:00+00:00
[2024-04-23T22:51:20.457+0000] {processor.py:179} INFO - Processing /usr/local/python/3.10.13/lib/python3.10/site-packages/airflow/example_dags/example_branch_day_of_week_operator.py took 0.075 seconds
[2024-04-23T22:52:13.229+0000] {processor.py:157} INFO - Started process (PID=42294) to work on /usr/local/python/3.10.13/lib/python3.10/site-packages/airflow/example_dags/example_branch_day_of_week_operator.py
[2024-04-23T22:52:13.230+0000] {processor.py:826} INFO - Processing file /usr/local/python/3.10.13/lib/python3.10/site-packages/airflow/example_dags/example_branch_day_of_week_operator.py for tasks to queue
[2024-04-23T22:52:13.231+0000] {logging_mixin.py:150} INFO - [2024-04-23T22:52:13.230+0000] {dagbag.py:541} INFO - Filling up the DagBag from /usr/local/python/3.10.13/lib/python3.10/site-packages/airflow/example_dags/example_branch_day_of_week_operator.py
[2024-04-23T22:52:13.236+0000] {processor.py:836} INFO - DAG(s) dict_keys(['example_weekday_branch_operator']) retrieved from /usr/local/python/3.10.13/lib/python3.10/site-packages/airflow/example_dags/example_branch_day_of_week_operator.py
[2024-04-23T22:52:13.250+0000] {logging_mixin.py:150} INFO - [2024-04-23T22:52:13.250+0000] {dag.py:2742} INFO - Sync 1 DAGs
[2024-04-23T22:52:13.267+0000] {logging_mixin.py:150} INFO - [2024-04-23T22:52:13.267+0000] {dag.py:3504} INFO - Setting next_dagrun for example_weekday_branch_operator to 2024-04-22T00:00:00+00:00, run_after=2024-04-23T00:00:00+00:00
[2024-04-23T22:52:13.319+0000] {processor.py:179} INFO - Processing /usr/local/python/3.10.13/lib/python3.10/site-packages/airflow/example_dags/example_branch_day_of_week_operator.py took 0.092 seconds
[2024-04-23T22:53:04.400+0000] {processor.py:157} INFO - Started process (PID=42672) to work on /usr/local/python/3.10.13/lib/python3.10/site-packages/airflow/example_dags/example_branch_day_of_week_operator.py
[2024-04-23T22:53:04.401+0000] {processor.py:826} INFO - Processing file /usr/local/python/3.10.13/lib/python3.10/site-packages/airflow/example_dags/example_branch_day_of_week_operator.py for tasks to queue
[2024-04-23T22:53:04.401+0000] {logging_mixin.py:150} INFO - [2024-04-23T22:53:04.401+0000] {dagbag.py:541} INFO - Filling up the DagBag from /usr/local/python/3.10.13/lib/python3.10/site-packages/airflow/example_dags/example_branch_day_of_week_operator.py
[2024-04-23T22:53:04.407+0000] {processor.py:836} INFO - DAG(s) dict_keys(['example_weekday_branch_operator']) retrieved from /usr/local/python/3.10.13/lib/python3.10/site-packages/airflow/example_dags/example_branch_day_of_week_operator.py
[2024-04-23T22:53:04.419+0000] {logging_mixin.py:150} INFO - [2024-04-23T22:53:04.419+0000] {dag.py:2742} INFO - Sync 1 DAGs
[2024-04-23T22:53:04.435+0000] {logging_mixin.py:150} INFO - [2024-04-23T22:53:04.435+0000] {dag.py:3504} INFO - Setting next_dagrun for example_weekday_branch_operator to 2024-04-22T00:00:00+00:00, run_after=2024-04-23T00:00:00+00:00
[2024-04-23T22:53:04.475+0000] {processor.py:179} INFO - Processing /usr/local/python/3.10.13/lib/python3.10/site-packages/airflow/example_dags/example_branch_day_of_week_operator.py took 0.077 seconds
[2024-04-23T22:54:04.601+0000] {processor.py:157} INFO - Started process (PID=43098) to work on /usr/local/python/3.10.13/lib/python3.10/site-packages/airflow/example_dags/example_branch_day_of_week_operator.py
[2024-04-23T22:54:04.602+0000] {processor.py:826} INFO - Processing file /usr/local/python/3.10.13/lib/python3.10/site-packages/airflow/example_dags/example_branch_day_of_week_operator.py for tasks to queue
[2024-04-23T22:54:04.603+0000] {logging_mixin.py:150} INFO - [2024-04-23T22:54:04.602+0000] {dagbag.py:541} INFO - Filling up the DagBag from /usr/local/python/3.10.13/lib/python3.10/site-packages/airflow/example_dags/example_branch_day_of_week_operator.py
[2024-04-23T22:54:04.608+0000] {processor.py:836} INFO - DAG(s) dict_keys(['example_weekday_branch_operator']) retrieved from /usr/local/python/3.10.13/lib/python3.10/site-packages/airflow/example_dags/example_branch_day_of_week_operator.py
[2024-04-23T22:54:04.621+0000] {logging_mixin.py:150} INFO - [2024-04-23T22:54:04.621+0000] {dag.py:2742} INFO - Sync 1 DAGs
[2024-04-23T22:54:04.637+0000] {logging_mixin.py:150} INFO - [2024-04-23T22:54:04.637+0000] {dag.py:3504} INFO - Setting next_dagrun for example_weekday_branch_operator to 2024-04-22T00:00:00+00:00, run_after=2024-04-23T00:00:00+00:00
[2024-04-23T22:54:04.691+0000] {processor.py:179} INFO - Processing /usr/local/python/3.10.13/lib/python3.10/site-packages/airflow/example_dags/example_branch_day_of_week_operator.py took 0.092 seconds
[2024-04-23T22:55:08.103+0000] {processor.py:157} INFO - Started process (PID=43528) to work on /usr/local/python/3.10.13/lib/python3.10/site-packages/airflow/example_dags/example_branch_day_of_week_operator.py
[2024-04-23T22:55:08.103+0000] {processor.py:826} INFO - Processing file /usr/local/python/3.10.13/lib/python3.10/site-packages/airflow/example_dags/example_branch_day_of_week_operator.py for tasks to queue
[2024-04-23T22:55:08.104+0000] {logging_mixin.py:150} INFO - [2024-04-23T22:55:08.104+0000] {dagbag.py:541} INFO - Filling up the DagBag from /usr/local/python/3.10.13/lib/python3.10/site-packages/airflow/example_dags/example_branch_day_of_week_operator.py
[2024-04-23T22:55:08.110+0000] {processor.py:836} INFO - DAG(s) dict_keys(['example_weekday_branch_operator']) retrieved from /usr/local/python/3.10.13/lib/python3.10/site-packages/airflow/example_dags/example_branch_day_of_week_operator.py
[2024-04-23T22:55:08.123+0000] {logging_mixin.py:150} INFO - [2024-04-23T22:55:08.123+0000] {dag.py:2742} INFO - Sync 1 DAGs
[2024-04-23T22:55:08.140+0000] {logging_mixin.py:150} INFO - [2024-04-23T22:55:08.140+0000] {dag.py:3504} INFO - Setting next_dagrun for example_weekday_branch_operator to 2024-04-22T00:00:00+00:00, run_after=2024-04-23T00:00:00+00:00
[2024-04-23T22:55:08.177+0000] {processor.py:179} INFO - Processing /usr/local/python/3.10.13/lib/python3.10/site-packages/airflow/example_dags/example_branch_day_of_week_operator.py took 0.077 seconds
[2024-04-23T22:56:05.109+0000] {processor.py:157} INFO - Started process (PID=43927) to work on /usr/local/python/3.10.13/lib/python3.10/site-packages/airflow/example_dags/example_branch_day_of_week_operator.py
[2024-04-23T22:56:05.109+0000] {processor.py:826} INFO - Processing file /usr/local/python/3.10.13/lib/python3.10/site-packages/airflow/example_dags/example_branch_day_of_week_operator.py for tasks to queue
[2024-04-23T22:56:05.110+0000] {logging_mixin.py:150} INFO - [2024-04-23T22:56:05.110+0000] {dagbag.py:541} INFO - Filling up the DagBag from /usr/local/python/3.10.13/lib/python3.10/site-packages/airflow/example_dags/example_branch_day_of_week_operator.py
[2024-04-23T22:56:05.116+0000] {processor.py:836} INFO - DAG(s) dict_keys(['example_weekday_branch_operator']) retrieved from /usr/local/python/3.10.13/lib/python3.10/site-packages/airflow/example_dags/example_branch_day_of_week_operator.py
[2024-04-23T22:56:05.128+0000] {logging_mixin.py:150} INFO - [2024-04-23T22:56:05.128+0000] {dag.py:2742} INFO - Sync 1 DAGs
[2024-04-23T22:56:05.145+0000] {logging_mixin.py:150} INFO - [2024-04-23T22:56:05.145+0000] {dag.py:3504} INFO - Setting next_dagrun for example_weekday_branch_operator to 2024-04-22T00:00:00+00:00, run_after=2024-04-23T00:00:00+00:00
[2024-04-23T22:56:05.185+0000] {processor.py:179} INFO - Processing /usr/local/python/3.10.13/lib/python3.10/site-packages/airflow/example_dags/example_branch_day_of_week_operator.py took 0.078 seconds
[2024-04-23T22:57:11.122+0000] {processor.py:157} INFO - Started process (PID=44405) to work on /usr/local/python/3.10.13/lib/python3.10/site-packages/airflow/example_dags/example_branch_day_of_week_operator.py
[2024-04-23T22:57:11.123+0000] {processor.py:826} INFO - Processing file /usr/local/python/3.10.13/lib/python3.10/site-packages/airflow/example_dags/example_branch_day_of_week_operator.py for tasks to queue
[2024-04-23T22:57:11.124+0000] {logging_mixin.py:150} INFO - [2024-04-23T22:57:11.123+0000] {dagbag.py:541} INFO - Filling up the DagBag from /usr/local/python/3.10.13/lib/python3.10/site-packages/airflow/example_dags/example_branch_day_of_week_operator.py
[2024-04-23T22:57:11.129+0000] {processor.py:836} INFO - DAG(s) dict_keys(['example_weekday_branch_operator']) retrieved from /usr/local/python/3.10.13/lib/python3.10/site-packages/airflow/example_dags/example_branch_day_of_week_operator.py
[2024-04-23T22:57:11.143+0000] {logging_mixin.py:150} INFO - [2024-04-23T22:57:11.142+0000] {dag.py:2742} INFO - Sync 1 DAGs
[2024-04-23T22:57:11.160+0000] {logging_mixin.py:150} INFO - [2024-04-23T22:57:11.160+0000] {dag.py:3504} INFO - Setting next_dagrun for example_weekday_branch_operator to 2024-04-22T00:00:00+00:00, run_after=2024-04-23T00:00:00+00:00
[2024-04-23T22:57:11.200+0000] {processor.py:179} INFO - Processing /usr/local/python/3.10.13/lib/python3.10/site-packages/airflow/example_dags/example_branch_day_of_week_operator.py took 0.081 seconds
[2024-04-23T22:58:06.654+0000] {processor.py:157} INFO - Started process (PID=44841) to work on /usr/local/python/3.10.13/lib/python3.10/site-packages/airflow/example_dags/example_branch_day_of_week_operator.py
[2024-04-23T22:58:06.655+0000] {processor.py:826} INFO - Processing file /usr/local/python/3.10.13/lib/python3.10/site-packages/airflow/example_dags/example_branch_day_of_week_operator.py for tasks to queue
[2024-04-23T22:58:06.655+0000] {logging_mixin.py:150} INFO - [2024-04-23T22:58:06.655+0000] {dagbag.py:541} INFO - Filling up the DagBag from /usr/local/python/3.10.13/lib/python3.10/site-packages/airflow/example_dags/example_branch_day_of_week_operator.py
[2024-04-23T22:58:06.661+0000] {processor.py:836} INFO - DAG(s) dict_keys(['example_weekday_branch_operator']) retrieved from /usr/local/python/3.10.13/lib/python3.10/site-packages/airflow/example_dags/example_branch_day_of_week_operator.py
[2024-04-23T22:58:06.674+0000] {logging_mixin.py:150} INFO - [2024-04-23T22:58:06.673+0000] {dag.py:2742} INFO - Sync 1 DAGs
[2024-04-23T22:58:06.690+0000] {logging_mixin.py:150} INFO - [2024-04-23T22:58:06.689+0000] {dag.py:3504} INFO - Setting next_dagrun for example_weekday_branch_operator to 2024-04-22T00:00:00+00:00, run_after=2024-04-23T00:00:00+00:00
[2024-04-23T22:58:06.727+0000] {processor.py:179} INFO - Processing /usr/local/python/3.10.13/lib/python3.10/site-packages/airflow/example_dags/example_branch_day_of_week_operator.py took 0.075 seconds
[2024-04-23T22:58:59.003+0000] {processor.py:157} INFO - Started process (PID=45230) to work on /usr/local/python/3.10.13/lib/python3.10/site-packages/airflow/example_dags/example_branch_day_of_week_operator.py
[2024-04-23T22:58:59.004+0000] {processor.py:826} INFO - Processing file /usr/local/python/3.10.13/lib/python3.10/site-packages/airflow/example_dags/example_branch_day_of_week_operator.py for tasks to queue
[2024-04-23T22:58:59.005+0000] {logging_mixin.py:150} INFO - [2024-04-23T22:58:59.004+0000] {dagbag.py:541} INFO - Filling up the DagBag from /usr/local/python/3.10.13/lib/python3.10/site-packages/airflow/example_dags/example_branch_day_of_week_operator.py
[2024-04-23T22:58:59.010+0000] {processor.py:836} INFO - DAG(s) dict_keys(['example_weekday_branch_operator']) retrieved from /usr/local/python/3.10.13/lib/python3.10/site-packages/airflow/example_dags/example_branch_day_of_week_operator.py
[2024-04-23T22:58:59.023+0000] {logging_mixin.py:150} INFO - [2024-04-23T22:58:59.023+0000] {dag.py:2742} INFO - Sync 1 DAGs
[2024-04-23T22:58:59.039+0000] {logging_mixin.py:150} INFO - [2024-04-23T22:58:59.039+0000] {dag.py:3504} INFO - Setting next_dagrun for example_weekday_branch_operator to 2024-04-22T00:00:00+00:00, run_after=2024-04-23T00:00:00+00:00
[2024-04-23T22:58:59.088+0000] {processor.py:179} INFO - Processing /usr/local/python/3.10.13/lib/python3.10/site-packages/airflow/example_dags/example_branch_day_of_week_operator.py took 0.087 seconds
[2024-04-23T22:59:45.983+0000] {processor.py:157} INFO - Started process (PID=45610) to work on /usr/local/python/3.10.13/lib/python3.10/site-packages/airflow/example_dags/example_branch_day_of_week_operator.py
[2024-04-23T22:59:45.983+0000] {processor.py:826} INFO - Processing file /usr/local/python/3.10.13/lib/python3.10/site-packages/airflow/example_dags/example_branch_day_of_week_operator.py for tasks to queue
[2024-04-23T22:59:45.984+0000] {logging_mixin.py:150} INFO - [2024-04-23T22:59:45.984+0000] {dagbag.py:541} INFO - Filling up the DagBag from /usr/local/python/3.10.13/lib/python3.10/site-packages/airflow/example_dags/example_branch_day_of_week_operator.py
[2024-04-23T22:59:45.991+0000] {processor.py:836} INFO - DAG(s) dict_keys(['example_weekday_branch_operator']) retrieved from /usr/local/python/3.10.13/lib/python3.10/site-packages/airflow/example_dags/example_branch_day_of_week_operator.py
[2024-04-23T22:59:46.005+0000] {logging_mixin.py:150} INFO - [2024-04-23T22:59:46.005+0000] {dag.py:2742} INFO - Sync 1 DAGs
[2024-04-23T22:59:46.022+0000] {logging_mixin.py:150} INFO - [2024-04-23T22:59:46.021+0000] {dag.py:3504} INFO - Setting next_dagrun for example_weekday_branch_operator to 2024-04-22T00:00:00+00:00, run_after=2024-04-23T00:00:00+00:00
[2024-04-23T22:59:46.058+0000] {processor.py:179} INFO - Processing /usr/local/python/3.10.13/lib/python3.10/site-packages/airflow/example_dags/example_branch_day_of_week_operator.py took 0.078 seconds
