[2024-04-23T22:23:56.608+0000] {processor.py:157} INFO - Started process (PID=28887) to work on /usr/local/python/3.10.13/lib/python3.10/site-packages/airflow/example_dags/example_branch_datetime_operator.py
[2024-04-23T22:23:56.608+0000] {processor.py:826} INFO - Processing file /usr/local/python/3.10.13/lib/python3.10/site-packages/airflow/example_dags/example_branch_datetime_operator.py for tasks to queue
[2024-04-23T22:23:56.609+0000] {logging_mixin.py:150} INFO - [2024-04-23T22:23:56.609+0000] {dagbag.py:541} INFO - Filling up the DagBag from /usr/local/python/3.10.13/lib/python3.10/site-packages/airflow/example_dags/example_branch_datetime_operator.py
[2024-04-23T22:23:56.616+0000] {processor.py:836} INFO - DAG(s) dict_keys(['example_branch_datetime_operator_3', 'example_branch_datetime_operator_2', 'example_branch_datetime_operator']) retrieved from /usr/local/python/3.10.13/lib/python3.10/site-packages/airflow/example_dags/example_branch_datetime_operator.py
[2024-04-23T22:23:56.748+0000] {logging_mixin.py:150} INFO - [2024-04-23T22:23:56.748+0000] {manager.py:504} INFO - Created Permission View: can delete on DAG:example_branch_datetime_operator_3
[2024-04-23T22:23:56.784+0000] {logging_mixin.py:150} INFO - [2024-04-23T22:23:56.784+0000] {manager.py:504} INFO - Created Permission View: can edit on DAG:example_branch_datetime_operator_3
[2024-04-23T22:23:56.812+0000] {logging_mixin.py:150} INFO - [2024-04-23T22:23:56.812+0000] {manager.py:504} INFO - Created Permission View: can read on DAG:example_branch_datetime_operator_3
[2024-04-23T22:23:56.885+0000] {logging_mixin.py:150} INFO - [2024-04-23T22:23:56.885+0000] {manager.py:504} INFO - Created Permission View: can delete on DAG:example_branch_datetime_operator_2
[2024-04-23T22:23:56.913+0000] {logging_mixin.py:150} INFO - [2024-04-23T22:23:56.912+0000] {manager.py:504} INFO - Created Permission View: can edit on DAG:example_branch_datetime_operator_2
[2024-04-23T22:23:56.943+0000] {logging_mixin.py:150} INFO - [2024-04-23T22:23:56.943+0000] {manager.py:504} INFO - Created Permission View: can read on DAG:example_branch_datetime_operator_2
[2024-04-23T22:23:57.010+0000] {logging_mixin.py:150} INFO - [2024-04-23T22:23:57.010+0000] {manager.py:504} INFO - Created Permission View: can delete on DAG:example_branch_datetime_operator
[2024-04-23T22:23:57.042+0000] {logging_mixin.py:150} INFO - [2024-04-23T22:23:57.042+0000] {manager.py:504} INFO - Created Permission View: can edit on DAG:example_branch_datetime_operator
[2024-04-23T22:23:57.073+0000] {logging_mixin.py:150} INFO - [2024-04-23T22:23:57.072+0000] {manager.py:504} INFO - Created Permission View: can read on DAG:example_branch_datetime_operator
[2024-04-23T22:23:57.076+0000] {logging_mixin.py:150} INFO - [2024-04-23T22:23:57.076+0000] {dag.py:2742} INFO - Sync 3 DAGs
[2024-04-23T22:23:57.085+0000] {logging_mixin.py:150} INFO - [2024-04-23T22:23:57.085+0000] {dag.py:2763} INFO - Creating ORM DAG for example_branch_datetime_operator_2
[2024-04-23T22:23:57.086+0000] {logging_mixin.py:150} INFO - [2024-04-23T22:23:57.086+0000] {dag.py:2763} INFO - Creating ORM DAG for example_branch_datetime_operator_3
[2024-04-23T22:23:57.086+0000] {logging_mixin.py:150} INFO - [2024-04-23T22:23:57.086+0000] {dag.py:2763} INFO - Creating ORM DAG for example_branch_datetime_operator
[2024-04-23T22:23:57.094+0000] {logging_mixin.py:150} INFO - [2024-04-23T22:23:57.094+0000] {dag.py:3504} INFO - Setting next_dagrun for example_branch_datetime_operator to 2024-04-22T00:00:00+00:00, run_after=2024-04-23T00:00:00+00:00
[2024-04-23T22:23:57.096+0000] {logging_mixin.py:150} INFO - [2024-04-23T22:23:57.096+0000] {dag.py:3504} INFO - Setting next_dagrun for example_branch_datetime_operator_2 to 2024-04-22T00:00:00+00:00, run_after=2024-04-23T00:00:00+00:00
[2024-04-23T22:23:57.097+0000] {logging_mixin.py:150} INFO - [2024-04-23T22:23:57.097+0000] {dag.py:3504} INFO - Setting next_dagrun for example_branch_datetime_operator_3 to 2024-04-22T00:00:00+00:00, run_after=2024-04-23T00:00:00+00:00
[2024-04-23T22:23:57.142+0000] {processor.py:179} INFO - Processing /usr/local/python/3.10.13/lib/python3.10/site-packages/airflow/example_dags/example_branch_datetime_operator.py took 0.536 seconds
[2024-04-23T22:24:43.837+0000] {processor.py:157} INFO - Started process (PID=29221) to work on /usr/local/python/3.10.13/lib/python3.10/site-packages/airflow/example_dags/example_branch_datetime_operator.py
[2024-04-23T22:24:43.838+0000] {processor.py:826} INFO - Processing file /usr/local/python/3.10.13/lib/python3.10/site-packages/airflow/example_dags/example_branch_datetime_operator.py for tasks to queue
[2024-04-23T22:24:43.838+0000] {logging_mixin.py:150} INFO - [2024-04-23T22:24:43.838+0000] {dagbag.py:541} INFO - Filling up the DagBag from /usr/local/python/3.10.13/lib/python3.10/site-packages/airflow/example_dags/example_branch_datetime_operator.py
[2024-04-23T22:24:43.846+0000] {processor.py:836} INFO - DAG(s) dict_keys(['example_branch_datetime_operator', 'example_branch_datetime_operator_2', 'example_branch_datetime_operator_3']) retrieved from /usr/local/python/3.10.13/lib/python3.10/site-packages/airflow/example_dags/example_branch_datetime_operator.py
[2024-04-23T22:24:43.863+0000] {logging_mixin.py:150} INFO - [2024-04-23T22:24:43.862+0000] {dag.py:2742} INFO - Sync 3 DAGs
[2024-04-23T22:24:43.879+0000] {logging_mixin.py:150} INFO - [2024-04-23T22:24:43.879+0000] {dag.py:3504} INFO - Setting next_dagrun for example_branch_datetime_operator to 2024-04-22T00:00:00+00:00, run_after=2024-04-23T00:00:00+00:00
[2024-04-23T22:24:43.882+0000] {logging_mixin.py:150} INFO - [2024-04-23T22:24:43.882+0000] {dag.py:3504} INFO - Setting next_dagrun for example_branch_datetime_operator_2 to 2024-04-22T00:00:00+00:00, run_after=2024-04-23T00:00:00+00:00
[2024-04-23T22:24:43.884+0000] {logging_mixin.py:150} INFO - [2024-04-23T22:24:43.884+0000] {dag.py:3504} INFO - Setting next_dagrun for example_branch_datetime_operator_3 to 2024-04-22T00:00:00+00:00, run_after=2024-04-23T00:00:00+00:00
[2024-04-23T22:24:43.922+0000] {processor.py:179} INFO - Processing /usr/local/python/3.10.13/lib/python3.10/site-packages/airflow/example_dags/example_branch_datetime_operator.py took 0.088 seconds
[2024-04-23T22:25:33.329+0000] {processor.py:157} INFO - Started process (PID=29551) to work on /usr/local/python/3.10.13/lib/python3.10/site-packages/airflow/example_dags/example_branch_datetime_operator.py
[2024-04-23T22:25:33.330+0000] {processor.py:826} INFO - Processing file /usr/local/python/3.10.13/lib/python3.10/site-packages/airflow/example_dags/example_branch_datetime_operator.py for tasks to queue
[2024-04-23T22:25:33.330+0000] {logging_mixin.py:150} INFO - [2024-04-23T22:25:33.330+0000] {dagbag.py:541} INFO - Filling up the DagBag from /usr/local/python/3.10.13/lib/python3.10/site-packages/airflow/example_dags/example_branch_datetime_operator.py
[2024-04-23T22:25:33.338+0000] {processor.py:836} INFO - DAG(s) dict_keys(['example_branch_datetime_operator', 'example_branch_datetime_operator_2', 'example_branch_datetime_operator_3']) retrieved from /usr/local/python/3.10.13/lib/python3.10/site-packages/airflow/example_dags/example_branch_datetime_operator.py
[2024-04-23T22:25:33.358+0000] {logging_mixin.py:150} INFO - [2024-04-23T22:25:33.358+0000] {dag.py:2742} INFO - Sync 3 DAGs
[2024-04-23T22:25:33.374+0000] {logging_mixin.py:150} INFO - [2024-04-23T22:25:33.374+0000] {dag.py:3504} INFO - Setting next_dagrun for example_branch_datetime_operator to 2024-04-22T00:00:00+00:00, run_after=2024-04-23T00:00:00+00:00
[2024-04-23T22:25:33.378+0000] {logging_mixin.py:150} INFO - [2024-04-23T22:25:33.378+0000] {dag.py:3504} INFO - Setting next_dagrun for example_branch_datetime_operator_2 to 2024-04-22T00:00:00+00:00, run_after=2024-04-23T00:00:00+00:00
[2024-04-23T22:25:33.380+0000] {logging_mixin.py:150} INFO - [2024-04-23T22:25:33.380+0000] {dag.py:3504} INFO - Setting next_dagrun for example_branch_datetime_operator_3 to 2024-04-22T00:00:00+00:00, run_after=2024-04-23T00:00:00+00:00
[2024-04-23T22:25:33.417+0000] {processor.py:179} INFO - Processing /usr/local/python/3.10.13/lib/python3.10/site-packages/airflow/example_dags/example_branch_datetime_operator.py took 0.090 seconds
[2024-04-23T22:26:21.451+0000] {processor.py:157} INFO - Started process (PID=29887) to work on /usr/local/python/3.10.13/lib/python3.10/site-packages/airflow/example_dags/example_branch_datetime_operator.py
[2024-04-23T22:26:21.451+0000] {processor.py:826} INFO - Processing file /usr/local/python/3.10.13/lib/python3.10/site-packages/airflow/example_dags/example_branch_datetime_operator.py for tasks to queue
[2024-04-23T22:26:21.452+0000] {logging_mixin.py:150} INFO - [2024-04-23T22:26:21.451+0000] {dagbag.py:541} INFO - Filling up the DagBag from /usr/local/python/3.10.13/lib/python3.10/site-packages/airflow/example_dags/example_branch_datetime_operator.py
[2024-04-23T22:26:21.460+0000] {processor.py:836} INFO - DAG(s) dict_keys(['example_branch_datetime_operator', 'example_branch_datetime_operator_2', 'example_branch_datetime_operator_3']) retrieved from /usr/local/python/3.10.13/lib/python3.10/site-packages/airflow/example_dags/example_branch_datetime_operator.py
[2024-04-23T22:26:21.476+0000] {logging_mixin.py:150} INFO - [2024-04-23T22:26:21.476+0000] {dag.py:2742} INFO - Sync 3 DAGs
[2024-04-23T22:26:21.492+0000] {logging_mixin.py:150} INFO - [2024-04-23T22:26:21.492+0000] {dag.py:3504} INFO - Setting next_dagrun for example_branch_datetime_operator to 2024-04-22T00:00:00+00:00, run_after=2024-04-23T00:00:00+00:00
[2024-04-23T22:26:21.496+0000] {logging_mixin.py:150} INFO - [2024-04-23T22:26:21.496+0000] {dag.py:3504} INFO - Setting next_dagrun for example_branch_datetime_operator_2 to 2024-04-22T00:00:00+00:00, run_after=2024-04-23T00:00:00+00:00
[2024-04-23T22:26:21.498+0000] {logging_mixin.py:150} INFO - [2024-04-23T22:26:21.498+0000] {dag.py:3504} INFO - Setting next_dagrun for example_branch_datetime_operator_3 to 2024-04-22T00:00:00+00:00, run_after=2024-04-23T00:00:00+00:00
[2024-04-23T22:26:21.534+0000] {processor.py:179} INFO - Processing /usr/local/python/3.10.13/lib/python3.10/site-packages/airflow/example_dags/example_branch_datetime_operator.py took 0.085 seconds
[2024-04-23T22:27:08.439+0000] {processor.py:157} INFO - Started process (PID=30230) to work on /usr/local/python/3.10.13/lib/python3.10/site-packages/airflow/example_dags/example_branch_datetime_operator.py
[2024-04-23T22:27:08.440+0000] {processor.py:826} INFO - Processing file /usr/local/python/3.10.13/lib/python3.10/site-packages/airflow/example_dags/example_branch_datetime_operator.py for tasks to queue
[2024-04-23T22:27:08.440+0000] {logging_mixin.py:150} INFO - [2024-04-23T22:27:08.440+0000] {dagbag.py:541} INFO - Filling up the DagBag from /usr/local/python/3.10.13/lib/python3.10/site-packages/airflow/example_dags/example_branch_datetime_operator.py
[2024-04-23T22:27:08.448+0000] {processor.py:836} INFO - DAG(s) dict_keys(['example_branch_datetime_operator_2', 'example_branch_datetime_operator', 'example_branch_datetime_operator_3']) retrieved from /usr/local/python/3.10.13/lib/python3.10/site-packages/airflow/example_dags/example_branch_datetime_operator.py
[2024-04-23T22:27:08.520+0000] {logging_mixin.py:150} INFO - [2024-04-23T22:27:08.520+0000] {dag.py:2742} INFO - Sync 3 DAGs
[2024-04-23T22:27:08.559+0000] {logging_mixin.py:150} INFO - [2024-04-23T22:27:08.558+0000] {dag.py:3504} INFO - Setting next_dagrun for example_branch_datetime_operator to 2024-04-22T00:00:00+00:00, run_after=2024-04-23T00:00:00+00:00
[2024-04-23T22:27:08.564+0000] {logging_mixin.py:150} INFO - [2024-04-23T22:27:08.564+0000] {dag.py:3504} INFO - Setting next_dagrun for example_branch_datetime_operator_2 to 2024-04-22T00:00:00+00:00, run_after=2024-04-23T00:00:00+00:00
[2024-04-23T22:27:08.567+0000] {logging_mixin.py:150} INFO - [2024-04-23T22:27:08.567+0000] {dag.py:3504} INFO - Setting next_dagrun for example_branch_datetime_operator_3 to 2024-04-22T00:00:00+00:00, run_after=2024-04-23T00:00:00+00:00
[2024-04-23T22:27:08.639+0000] {processor.py:179} INFO - Processing /usr/local/python/3.10.13/lib/python3.10/site-packages/airflow/example_dags/example_branch_datetime_operator.py took 0.203 seconds
[2024-04-23T22:27:57.253+0000] {processor.py:157} INFO - Started process (PID=30778) to work on /usr/local/python/3.10.13/lib/python3.10/site-packages/airflow/example_dags/example_branch_datetime_operator.py
[2024-04-23T22:27:57.254+0000] {processor.py:826} INFO - Processing file /usr/local/python/3.10.13/lib/python3.10/site-packages/airflow/example_dags/example_branch_datetime_operator.py for tasks to queue
[2024-04-23T22:27:57.254+0000] {logging_mixin.py:150} INFO - [2024-04-23T22:27:57.254+0000] {dagbag.py:541} INFO - Filling up the DagBag from /usr/local/python/3.10.13/lib/python3.10/site-packages/airflow/example_dags/example_branch_datetime_operator.py
[2024-04-23T22:27:57.262+0000] {processor.py:836} INFO - DAG(s) dict_keys(['example_branch_datetime_operator_2', 'example_branch_datetime_operator', 'example_branch_datetime_operator_3']) retrieved from /usr/local/python/3.10.13/lib/python3.10/site-packages/airflow/example_dags/example_branch_datetime_operator.py
[2024-04-23T22:27:57.279+0000] {logging_mixin.py:150} INFO - [2024-04-23T22:27:57.278+0000] {dag.py:2742} INFO - Sync 3 DAGs
[2024-04-23T22:27:57.295+0000] {logging_mixin.py:150} INFO - [2024-04-23T22:27:57.295+0000] {dag.py:3504} INFO - Setting next_dagrun for example_branch_datetime_operator to 2024-04-22T00:00:00+00:00, run_after=2024-04-23T00:00:00+00:00
[2024-04-23T22:27:57.299+0000] {logging_mixin.py:150} INFO - [2024-04-23T22:27:57.299+0000] {dag.py:3504} INFO - Setting next_dagrun for example_branch_datetime_operator_2 to 2024-04-22T00:00:00+00:00, run_after=2024-04-23T00:00:00+00:00
[2024-04-23T22:27:57.301+0000] {logging_mixin.py:150} INFO - [2024-04-23T22:27:57.301+0000] {dag.py:3504} INFO - Setting next_dagrun for example_branch_datetime_operator_3 to 2024-04-22T00:00:00+00:00, run_after=2024-04-23T00:00:00+00:00
[2024-04-23T22:27:57.345+0000] {processor.py:179} INFO - Processing /usr/local/python/3.10.13/lib/python3.10/site-packages/airflow/example_dags/example_branch_datetime_operator.py took 0.094 seconds
[2024-04-23T22:28:43.463+0000] {processor.py:157} INFO - Started process (PID=31554) to work on /usr/local/python/3.10.13/lib/python3.10/site-packages/airflow/example_dags/example_branch_datetime_operator.py
[2024-04-23T22:28:43.464+0000] {processor.py:826} INFO - Processing file /usr/local/python/3.10.13/lib/python3.10/site-packages/airflow/example_dags/example_branch_datetime_operator.py for tasks to queue
[2024-04-23T22:28:43.465+0000] {logging_mixin.py:150} INFO - [2024-04-23T22:28:43.464+0000] {dagbag.py:541} INFO - Filling up the DagBag from /usr/local/python/3.10.13/lib/python3.10/site-packages/airflow/example_dags/example_branch_datetime_operator.py
[2024-04-23T22:28:43.472+0000] {processor.py:836} INFO - DAG(s) dict_keys(['example_branch_datetime_operator_2', 'example_branch_datetime_operator_3', 'example_branch_datetime_operator']) retrieved from /usr/local/python/3.10.13/lib/python3.10/site-packages/airflow/example_dags/example_branch_datetime_operator.py
[2024-04-23T22:28:43.488+0000] {logging_mixin.py:150} INFO - [2024-04-23T22:28:43.488+0000] {dag.py:2742} INFO - Sync 3 DAGs
[2024-04-23T22:28:43.505+0000] {logging_mixin.py:150} INFO - [2024-04-23T22:28:43.504+0000] {dag.py:3504} INFO - Setting next_dagrun for example_branch_datetime_operator to 2024-04-22T00:00:00+00:00, run_after=2024-04-23T00:00:00+00:00
[2024-04-23T22:28:43.508+0000] {logging_mixin.py:150} INFO - [2024-04-23T22:28:43.508+0000] {dag.py:3504} INFO - Setting next_dagrun for example_branch_datetime_operator_2 to 2024-04-22T00:00:00+00:00, run_after=2024-04-23T00:00:00+00:00
[2024-04-23T22:28:43.510+0000] {logging_mixin.py:150} INFO - [2024-04-23T22:28:43.510+0000] {dag.py:3504} INFO - Setting next_dagrun for example_branch_datetime_operator_3 to 2024-04-22T00:00:00+00:00, run_after=2024-04-23T00:00:00+00:00
[2024-04-23T22:28:43.545+0000] {processor.py:179} INFO - Processing /usr/local/python/3.10.13/lib/python3.10/site-packages/airflow/example_dags/example_branch_datetime_operator.py took 0.083 seconds
[2024-04-23T22:29:29.798+0000] {processor.py:157} INFO - Started process (PID=31921) to work on /usr/local/python/3.10.13/lib/python3.10/site-packages/airflow/example_dags/example_branch_datetime_operator.py
[2024-04-23T22:29:29.799+0000] {processor.py:826} INFO - Processing file /usr/local/python/3.10.13/lib/python3.10/site-packages/airflow/example_dags/example_branch_datetime_operator.py for tasks to queue
[2024-04-23T22:29:29.799+0000] {logging_mixin.py:150} INFO - [2024-04-23T22:29:29.799+0000] {dagbag.py:541} INFO - Filling up the DagBag from /usr/local/python/3.10.13/lib/python3.10/site-packages/airflow/example_dags/example_branch_datetime_operator.py
[2024-04-23T22:29:29.808+0000] {processor.py:836} INFO - DAG(s) dict_keys(['example_branch_datetime_operator', 'example_branch_datetime_operator_3', 'example_branch_datetime_operator_2']) retrieved from /usr/local/python/3.10.13/lib/python3.10/site-packages/airflow/example_dags/example_branch_datetime_operator.py
[2024-04-23T22:29:29.825+0000] {logging_mixin.py:150} INFO - [2024-04-23T22:29:29.825+0000] {dag.py:2742} INFO - Sync 3 DAGs
[2024-04-23T22:29:29.842+0000] {logging_mixin.py:150} INFO - [2024-04-23T22:29:29.842+0000] {dag.py:3504} INFO - Setting next_dagrun for example_branch_datetime_operator to 2024-04-22T00:00:00+00:00, run_after=2024-04-23T00:00:00+00:00
[2024-04-23T22:29:29.845+0000] {logging_mixin.py:150} INFO - [2024-04-23T22:29:29.845+0000] {dag.py:3504} INFO - Setting next_dagrun for example_branch_datetime_operator_2 to 2024-04-22T00:00:00+00:00, run_after=2024-04-23T00:00:00+00:00
[2024-04-23T22:29:29.847+0000] {logging_mixin.py:150} INFO - [2024-04-23T22:29:29.847+0000] {dag.py:3504} INFO - Setting next_dagrun for example_branch_datetime_operator_3 to 2024-04-22T00:00:00+00:00, run_after=2024-04-23T00:00:00+00:00
[2024-04-23T22:29:29.899+0000] {processor.py:179} INFO - Processing /usr/local/python/3.10.13/lib/python3.10/site-packages/airflow/example_dags/example_branch_datetime_operator.py took 0.103 seconds
[2024-04-23T22:30:20.516+0000] {processor.py:157} INFO - Started process (PID=32307) to work on /usr/local/python/3.10.13/lib/python3.10/site-packages/airflow/example_dags/example_branch_datetime_operator.py
[2024-04-23T22:30:20.517+0000] {processor.py:826} INFO - Processing file /usr/local/python/3.10.13/lib/python3.10/site-packages/airflow/example_dags/example_branch_datetime_operator.py for tasks to queue
[2024-04-23T22:30:20.518+0000] {logging_mixin.py:150} INFO - [2024-04-23T22:30:20.517+0000] {dagbag.py:541} INFO - Filling up the DagBag from /usr/local/python/3.10.13/lib/python3.10/site-packages/airflow/example_dags/example_branch_datetime_operator.py
[2024-04-23T22:30:20.527+0000] {processor.py:836} INFO - DAG(s) dict_keys(['example_branch_datetime_operator', 'example_branch_datetime_operator_2', 'example_branch_datetime_operator_3']) retrieved from /usr/local/python/3.10.13/lib/python3.10/site-packages/airflow/example_dags/example_branch_datetime_operator.py
[2024-04-23T22:30:20.551+0000] {logging_mixin.py:150} INFO - [2024-04-23T22:30:20.550+0000] {dag.py:2742} INFO - Sync 3 DAGs
[2024-04-23T22:30:20.577+0000] {logging_mixin.py:150} INFO - [2024-04-23T22:30:20.577+0000] {dag.py:3504} INFO - Setting next_dagrun for example_branch_datetime_operator to 2024-04-22T00:00:00+00:00, run_after=2024-04-23T00:00:00+00:00
[2024-04-23T22:30:20.585+0000] {logging_mixin.py:150} INFO - [2024-04-23T22:30:20.584+0000] {dag.py:3504} INFO - Setting next_dagrun for example_branch_datetime_operator_2 to 2024-04-22T00:00:00+00:00, run_after=2024-04-23T00:00:00+00:00
[2024-04-23T22:30:20.587+0000] {logging_mixin.py:150} INFO - [2024-04-23T22:30:20.587+0000] {dag.py:3504} INFO - Setting next_dagrun for example_branch_datetime_operator_3 to 2024-04-22T00:00:00+00:00, run_after=2024-04-23T00:00:00+00:00
[2024-04-23T22:30:20.630+0000] {processor.py:179} INFO - Processing /usr/local/python/3.10.13/lib/python3.10/site-packages/airflow/example_dags/example_branch_datetime_operator.py took 0.116 seconds
[2024-04-23T22:31:13.682+0000] {processor.py:157} INFO - Started process (PID=32706) to work on /usr/local/python/3.10.13/lib/python3.10/site-packages/airflow/example_dags/example_branch_datetime_operator.py
[2024-04-23T22:31:13.683+0000] {processor.py:826} INFO - Processing file /usr/local/python/3.10.13/lib/python3.10/site-packages/airflow/example_dags/example_branch_datetime_operator.py for tasks to queue
[2024-04-23T22:31:13.683+0000] {logging_mixin.py:150} INFO - [2024-04-23T22:31:13.683+0000] {dagbag.py:541} INFO - Filling up the DagBag from /usr/local/python/3.10.13/lib/python3.10/site-packages/airflow/example_dags/example_branch_datetime_operator.py
[2024-04-23T22:31:13.691+0000] {processor.py:836} INFO - DAG(s) dict_keys(['example_branch_datetime_operator', 'example_branch_datetime_operator_2', 'example_branch_datetime_operator_3']) retrieved from /usr/local/python/3.10.13/lib/python3.10/site-packages/airflow/example_dags/example_branch_datetime_operator.py
[2024-04-23T22:31:13.707+0000] {logging_mixin.py:150} INFO - [2024-04-23T22:31:13.707+0000] {dag.py:2742} INFO - Sync 3 DAGs
[2024-04-23T22:31:13.724+0000] {logging_mixin.py:150} INFO - [2024-04-23T22:31:13.723+0000] {dag.py:3504} INFO - Setting next_dagrun for example_branch_datetime_operator to 2024-04-22T00:00:00+00:00, run_after=2024-04-23T00:00:00+00:00
[2024-04-23T22:31:13.727+0000] {logging_mixin.py:150} INFO - [2024-04-23T22:31:13.727+0000] {dag.py:3504} INFO - Setting next_dagrun for example_branch_datetime_operator_2 to 2024-04-22T00:00:00+00:00, run_after=2024-04-23T00:00:00+00:00
[2024-04-23T22:31:13.729+0000] {logging_mixin.py:150} INFO - [2024-04-23T22:31:13.729+0000] {dag.py:3504} INFO - Setting next_dagrun for example_branch_datetime_operator_3 to 2024-04-22T00:00:00+00:00, run_after=2024-04-23T00:00:00+00:00
[2024-04-23T22:31:13.765+0000] {processor.py:179} INFO - Processing /usr/local/python/3.10.13/lib/python3.10/site-packages/airflow/example_dags/example_branch_datetime_operator.py took 0.085 seconds
[2024-04-23T22:32:07.526+0000] {processor.py:157} INFO - Started process (PID=33101) to work on /usr/local/python/3.10.13/lib/python3.10/site-packages/airflow/example_dags/example_branch_datetime_operator.py
[2024-04-23T22:32:07.526+0000] {processor.py:826} INFO - Processing file /usr/local/python/3.10.13/lib/python3.10/site-packages/airflow/example_dags/example_branch_datetime_operator.py for tasks to queue
[2024-04-23T22:32:07.527+0000] {logging_mixin.py:150} INFO - [2024-04-23T22:32:07.527+0000] {dagbag.py:541} INFO - Filling up the DagBag from /usr/local/python/3.10.13/lib/python3.10/site-packages/airflow/example_dags/example_branch_datetime_operator.py
[2024-04-23T22:32:07.534+0000] {processor.py:836} INFO - DAG(s) dict_keys(['example_branch_datetime_operator_2', 'example_branch_datetime_operator', 'example_branch_datetime_operator_3']) retrieved from /usr/local/python/3.10.13/lib/python3.10/site-packages/airflow/example_dags/example_branch_datetime_operator.py
[2024-04-23T22:32:07.552+0000] {logging_mixin.py:150} INFO - [2024-04-23T22:32:07.551+0000] {dag.py:2742} INFO - Sync 3 DAGs
[2024-04-23T22:32:07.569+0000] {logging_mixin.py:150} INFO - [2024-04-23T22:32:07.569+0000] {dag.py:3504} INFO - Setting next_dagrun for example_branch_datetime_operator to 2024-04-22T00:00:00+00:00, run_after=2024-04-23T00:00:00+00:00
[2024-04-23T22:32:07.573+0000] {logging_mixin.py:150} INFO - [2024-04-23T22:32:07.573+0000] {dag.py:3504} INFO - Setting next_dagrun for example_branch_datetime_operator_2 to 2024-04-22T00:00:00+00:00, run_after=2024-04-23T00:00:00+00:00
[2024-04-23T22:32:07.575+0000] {logging_mixin.py:150} INFO - [2024-04-23T22:32:07.575+0000] {dag.py:3504} INFO - Setting next_dagrun for example_branch_datetime_operator_3 to 2024-04-22T00:00:00+00:00, run_after=2024-04-23T00:00:00+00:00
[2024-04-23T22:32:07.612+0000] {processor.py:179} INFO - Processing /usr/local/python/3.10.13/lib/python3.10/site-packages/airflow/example_dags/example_branch_datetime_operator.py took 0.088 seconds
[2024-04-23T22:32:58.637+0000] {processor.py:157} INFO - Started process (PID=33483) to work on /usr/local/python/3.10.13/lib/python3.10/site-packages/airflow/example_dags/example_branch_datetime_operator.py
[2024-04-23T22:32:58.638+0000] {processor.py:826} INFO - Processing file /usr/local/python/3.10.13/lib/python3.10/site-packages/airflow/example_dags/example_branch_datetime_operator.py for tasks to queue
[2024-04-23T22:32:58.638+0000] {logging_mixin.py:150} INFO - [2024-04-23T22:32:58.638+0000] {dagbag.py:541} INFO - Filling up the DagBag from /usr/local/python/3.10.13/lib/python3.10/site-packages/airflow/example_dags/example_branch_datetime_operator.py
[2024-04-23T22:32:58.646+0000] {processor.py:836} INFO - DAG(s) dict_keys(['example_branch_datetime_operator', 'example_branch_datetime_operator_2', 'example_branch_datetime_operator_3']) retrieved from /usr/local/python/3.10.13/lib/python3.10/site-packages/airflow/example_dags/example_branch_datetime_operator.py
[2024-04-23T22:32:58.663+0000] {logging_mixin.py:150} INFO - [2024-04-23T22:32:58.663+0000] {dag.py:2742} INFO - Sync 3 DAGs
[2024-04-23T22:32:58.679+0000] {logging_mixin.py:150} INFO - [2024-04-23T22:32:58.679+0000] {dag.py:3504} INFO - Setting next_dagrun for example_branch_datetime_operator to 2024-04-22T00:00:00+00:00, run_after=2024-04-23T00:00:00+00:00
[2024-04-23T22:32:58.683+0000] {logging_mixin.py:150} INFO - [2024-04-23T22:32:58.683+0000] {dag.py:3504} INFO - Setting next_dagrun for example_branch_datetime_operator_2 to 2024-04-22T00:00:00+00:00, run_after=2024-04-23T00:00:00+00:00
[2024-04-23T22:32:58.685+0000] {logging_mixin.py:150} INFO - [2024-04-23T22:32:58.685+0000] {dag.py:3504} INFO - Setting next_dagrun for example_branch_datetime_operator_3 to 2024-04-22T00:00:00+00:00, run_after=2024-04-23T00:00:00+00:00
[2024-04-23T22:32:58.721+0000] {processor.py:179} INFO - Processing /usr/local/python/3.10.13/lib/python3.10/site-packages/airflow/example_dags/example_branch_datetime_operator.py took 0.086 seconds
[2024-04-23T22:33:48.741+0000] {processor.py:157} INFO - Started process (PID=33867) to work on /usr/local/python/3.10.13/lib/python3.10/site-packages/airflow/example_dags/example_branch_datetime_operator.py
[2024-04-23T22:33:48.742+0000] {processor.py:826} INFO - Processing file /usr/local/python/3.10.13/lib/python3.10/site-packages/airflow/example_dags/example_branch_datetime_operator.py for tasks to queue
[2024-04-23T22:33:48.743+0000] {logging_mixin.py:150} INFO - [2024-04-23T22:33:48.742+0000] {dagbag.py:541} INFO - Filling up the DagBag from /usr/local/python/3.10.13/lib/python3.10/site-packages/airflow/example_dags/example_branch_datetime_operator.py
[2024-04-23T22:33:48.751+0000] {processor.py:836} INFO - DAG(s) dict_keys(['example_branch_datetime_operator_2', 'example_branch_datetime_operator_3', 'example_branch_datetime_operator']) retrieved from /usr/local/python/3.10.13/lib/python3.10/site-packages/airflow/example_dags/example_branch_datetime_operator.py
[2024-04-23T22:33:48.767+0000] {logging_mixin.py:150} INFO - [2024-04-23T22:33:48.767+0000] {dag.py:2742} INFO - Sync 3 DAGs
[2024-04-23T22:33:48.784+0000] {logging_mixin.py:150} INFO - [2024-04-23T22:33:48.784+0000] {dag.py:3504} INFO - Setting next_dagrun for example_branch_datetime_operator to 2024-04-22T00:00:00+00:00, run_after=2024-04-23T00:00:00+00:00
[2024-04-23T22:33:48.787+0000] {logging_mixin.py:150} INFO - [2024-04-23T22:33:48.787+0000] {dag.py:3504} INFO - Setting next_dagrun for example_branch_datetime_operator_2 to 2024-04-22T00:00:00+00:00, run_after=2024-04-23T00:00:00+00:00
[2024-04-23T22:33:48.789+0000] {logging_mixin.py:150} INFO - [2024-04-23T22:33:48.789+0000] {dag.py:3504} INFO - Setting next_dagrun for example_branch_datetime_operator_3 to 2024-04-22T00:00:00+00:00, run_after=2024-04-23T00:00:00+00:00
[2024-04-23T22:33:48.827+0000] {processor.py:179} INFO - Processing /usr/local/python/3.10.13/lib/python3.10/site-packages/airflow/example_dags/example_branch_datetime_operator.py took 0.088 seconds
[2024-04-23T22:34:43.578+0000] {processor.py:157} INFO - Started process (PID=34290) to work on /usr/local/python/3.10.13/lib/python3.10/site-packages/airflow/example_dags/example_branch_datetime_operator.py
[2024-04-23T22:34:43.579+0000] {processor.py:826} INFO - Processing file /usr/local/python/3.10.13/lib/python3.10/site-packages/airflow/example_dags/example_branch_datetime_operator.py for tasks to queue
[2024-04-23T22:34:43.579+0000] {logging_mixin.py:150} INFO - [2024-04-23T22:34:43.579+0000] {dagbag.py:541} INFO - Filling up the DagBag from /usr/local/python/3.10.13/lib/python3.10/site-packages/airflow/example_dags/example_branch_datetime_operator.py
[2024-04-23T22:34:43.588+0000] {processor.py:836} INFO - DAG(s) dict_keys(['example_branch_datetime_operator', 'example_branch_datetime_operator_2', 'example_branch_datetime_operator_3']) retrieved from /usr/local/python/3.10.13/lib/python3.10/site-packages/airflow/example_dags/example_branch_datetime_operator.py
[2024-04-23T22:34:43.608+0000] {logging_mixin.py:150} INFO - [2024-04-23T22:34:43.608+0000] {dag.py:2742} INFO - Sync 3 DAGs
[2024-04-23T22:34:43.626+0000] {logging_mixin.py:150} INFO - [2024-04-23T22:34:43.626+0000] {dag.py:3504} INFO - Setting next_dagrun for example_branch_datetime_operator to 2024-04-22T00:00:00+00:00, run_after=2024-04-23T00:00:00+00:00
[2024-04-23T22:34:43.629+0000] {logging_mixin.py:150} INFO - [2024-04-23T22:34:43.629+0000] {dag.py:3504} INFO - Setting next_dagrun for example_branch_datetime_operator_2 to 2024-04-22T00:00:00+00:00, run_after=2024-04-23T00:00:00+00:00
[2024-04-23T22:34:43.631+0000] {logging_mixin.py:150} INFO - [2024-04-23T22:34:43.631+0000] {dag.py:3504} INFO - Setting next_dagrun for example_branch_datetime_operator_3 to 2024-04-22T00:00:00+00:00, run_after=2024-04-23T00:00:00+00:00
[2024-04-23T22:34:43.669+0000] {processor.py:179} INFO - Processing /usr/local/python/3.10.13/lib/python3.10/site-packages/airflow/example_dags/example_branch_datetime_operator.py took 0.094 seconds
[2024-04-23T22:35:34.406+0000] {processor.py:157} INFO - Started process (PID=34783) to work on /usr/local/python/3.10.13/lib/python3.10/site-packages/airflow/example_dags/example_branch_datetime_operator.py
[2024-04-23T22:35:34.407+0000] {processor.py:826} INFO - Processing file /usr/local/python/3.10.13/lib/python3.10/site-packages/airflow/example_dags/example_branch_datetime_operator.py for tasks to queue
[2024-04-23T22:35:34.408+0000] {logging_mixin.py:150} INFO - [2024-04-23T22:35:34.407+0000] {dagbag.py:541} INFO - Filling up the DagBag from /usr/local/python/3.10.13/lib/python3.10/site-packages/airflow/example_dags/example_branch_datetime_operator.py
[2024-04-23T22:35:34.415+0000] {processor.py:836} INFO - DAG(s) dict_keys(['example_branch_datetime_operator_2', 'example_branch_datetime_operator_3', 'example_branch_datetime_operator']) retrieved from /usr/local/python/3.10.13/lib/python3.10/site-packages/airflow/example_dags/example_branch_datetime_operator.py
[2024-04-23T22:35:34.433+0000] {logging_mixin.py:150} INFO - [2024-04-23T22:35:34.432+0000] {dag.py:2742} INFO - Sync 3 DAGs
[2024-04-23T22:35:34.449+0000] {logging_mixin.py:150} INFO - [2024-04-23T22:35:34.449+0000] {dag.py:3504} INFO - Setting next_dagrun for example_branch_datetime_operator to 2024-04-22T00:00:00+00:00, run_after=2024-04-23T00:00:00+00:00
[2024-04-23T22:35:34.454+0000] {logging_mixin.py:150} INFO - [2024-04-23T22:35:34.454+0000] {dag.py:3504} INFO - Setting next_dagrun for example_branch_datetime_operator_2 to 2024-04-22T00:00:00+00:00, run_after=2024-04-23T00:00:00+00:00
[2024-04-23T22:35:34.456+0000] {logging_mixin.py:150} INFO - [2024-04-23T22:35:34.455+0000] {dag.py:3504} INFO - Setting next_dagrun for example_branch_datetime_operator_3 to 2024-04-22T00:00:00+00:00, run_after=2024-04-23T00:00:00+00:00
[2024-04-23T22:35:34.492+0000] {processor.py:179} INFO - Processing /usr/local/python/3.10.13/lib/python3.10/site-packages/airflow/example_dags/example_branch_datetime_operator.py took 0.088 seconds
[2024-04-23T22:36:23.591+0000] {processor.py:157} INFO - Started process (PID=35151) to work on /usr/local/python/3.10.13/lib/python3.10/site-packages/airflow/example_dags/example_branch_datetime_operator.py
[2024-04-23T22:36:23.592+0000] {processor.py:826} INFO - Processing file /usr/local/python/3.10.13/lib/python3.10/site-packages/airflow/example_dags/example_branch_datetime_operator.py for tasks to queue
[2024-04-23T22:36:23.592+0000] {logging_mixin.py:150} INFO - [2024-04-23T22:36:23.592+0000] {dagbag.py:541} INFO - Filling up the DagBag from /usr/local/python/3.10.13/lib/python3.10/site-packages/airflow/example_dags/example_branch_datetime_operator.py
[2024-04-23T22:36:23.600+0000] {processor.py:836} INFO - DAG(s) dict_keys(['example_branch_datetime_operator', 'example_branch_datetime_operator_3', 'example_branch_datetime_operator_2']) retrieved from /usr/local/python/3.10.13/lib/python3.10/site-packages/airflow/example_dags/example_branch_datetime_operator.py
[2024-04-23T22:36:23.616+0000] {logging_mixin.py:150} INFO - [2024-04-23T22:36:23.616+0000] {dag.py:2742} INFO - Sync 3 DAGs
[2024-04-23T22:36:23.632+0000] {logging_mixin.py:150} INFO - [2024-04-23T22:36:23.632+0000] {dag.py:3504} INFO - Setting next_dagrun for example_branch_datetime_operator to 2024-04-22T00:00:00+00:00, run_after=2024-04-23T00:00:00+00:00
[2024-04-23T22:36:23.636+0000] {logging_mixin.py:150} INFO - [2024-04-23T22:36:23.636+0000] {dag.py:3504} INFO - Setting next_dagrun for example_branch_datetime_operator_2 to 2024-04-22T00:00:00+00:00, run_after=2024-04-23T00:00:00+00:00
[2024-04-23T22:36:23.638+0000] {logging_mixin.py:150} INFO - [2024-04-23T22:36:23.638+0000] {dag.py:3504} INFO - Setting next_dagrun for example_branch_datetime_operator_3 to 2024-04-22T00:00:00+00:00, run_after=2024-04-23T00:00:00+00:00
[2024-04-23T22:36:23.674+0000] {processor.py:179} INFO - Processing /usr/local/python/3.10.13/lib/python3.10/site-packages/airflow/example_dags/example_branch_datetime_operator.py took 0.085 seconds
[2024-04-23T22:37:18.592+0000] {processor.py:157} INFO - Started process (PID=35578) to work on /usr/local/python/3.10.13/lib/python3.10/site-packages/airflow/example_dags/example_branch_datetime_operator.py
[2024-04-23T22:37:18.592+0000] {processor.py:826} INFO - Processing file /usr/local/python/3.10.13/lib/python3.10/site-packages/airflow/example_dags/example_branch_datetime_operator.py for tasks to queue
[2024-04-23T22:37:18.593+0000] {logging_mixin.py:150} INFO - [2024-04-23T22:37:18.593+0000] {dagbag.py:541} INFO - Filling up the DagBag from /usr/local/python/3.10.13/lib/python3.10/site-packages/airflow/example_dags/example_branch_datetime_operator.py
[2024-04-23T22:37:18.602+0000] {processor.py:836} INFO - DAG(s) dict_keys(['example_branch_datetime_operator', 'example_branch_datetime_operator_3', 'example_branch_datetime_operator_2']) retrieved from /usr/local/python/3.10.13/lib/python3.10/site-packages/airflow/example_dags/example_branch_datetime_operator.py
[2024-04-23T22:37:18.619+0000] {logging_mixin.py:150} INFO - [2024-04-23T22:37:18.619+0000] {dag.py:2742} INFO - Sync 3 DAGs
[2024-04-23T22:37:18.635+0000] {logging_mixin.py:150} INFO - [2024-04-23T22:37:18.635+0000] {dag.py:3504} INFO - Setting next_dagrun for example_branch_datetime_operator to 2024-04-22T00:00:00+00:00, run_after=2024-04-23T00:00:00+00:00
[2024-04-23T22:37:18.639+0000] {logging_mixin.py:150} INFO - [2024-04-23T22:37:18.639+0000] {dag.py:3504} INFO - Setting next_dagrun for example_branch_datetime_operator_2 to 2024-04-22T00:00:00+00:00, run_after=2024-04-23T00:00:00+00:00
[2024-04-23T22:37:18.641+0000] {logging_mixin.py:150} INFO - [2024-04-23T22:37:18.641+0000] {dag.py:3504} INFO - Setting next_dagrun for example_branch_datetime_operator_3 to 2024-04-22T00:00:00+00:00, run_after=2024-04-23T00:00:00+00:00
[2024-04-23T22:37:18.680+0000] {processor.py:179} INFO - Processing /usr/local/python/3.10.13/lib/python3.10/site-packages/airflow/example_dags/example_branch_datetime_operator.py took 0.091 seconds
[2024-04-23T22:38:08.381+0000] {processor.py:157} INFO - Started process (PID=35951) to work on /usr/local/python/3.10.13/lib/python3.10/site-packages/airflow/example_dags/example_branch_datetime_operator.py
[2024-04-23T22:38:08.382+0000] {processor.py:826} INFO - Processing file /usr/local/python/3.10.13/lib/python3.10/site-packages/airflow/example_dags/example_branch_datetime_operator.py for tasks to queue
[2024-04-23T22:38:08.382+0000] {logging_mixin.py:150} INFO - [2024-04-23T22:38:08.382+0000] {dagbag.py:541} INFO - Filling up the DagBag from /usr/local/python/3.10.13/lib/python3.10/site-packages/airflow/example_dags/example_branch_datetime_operator.py
[2024-04-23T22:38:08.390+0000] {processor.py:836} INFO - DAG(s) dict_keys(['example_branch_datetime_operator_2', 'example_branch_datetime_operator', 'example_branch_datetime_operator_3']) retrieved from /usr/local/python/3.10.13/lib/python3.10/site-packages/airflow/example_dags/example_branch_datetime_operator.py
[2024-04-23T22:38:08.408+0000] {logging_mixin.py:150} INFO - [2024-04-23T22:38:08.407+0000] {dag.py:2742} INFO - Sync 3 DAGs
[2024-04-23T22:38:08.424+0000] {logging_mixin.py:150} INFO - [2024-04-23T22:38:08.424+0000] {dag.py:3504} INFO - Setting next_dagrun for example_branch_datetime_operator to 2024-04-22T00:00:00+00:00, run_after=2024-04-23T00:00:00+00:00
[2024-04-23T22:38:08.428+0000] {logging_mixin.py:150} INFO - [2024-04-23T22:38:08.428+0000] {dag.py:3504} INFO - Setting next_dagrun for example_branch_datetime_operator_2 to 2024-04-22T00:00:00+00:00, run_after=2024-04-23T00:00:00+00:00
[2024-04-23T22:38:08.430+0000] {logging_mixin.py:150} INFO - [2024-04-23T22:38:08.430+0000] {dag.py:3504} INFO - Setting next_dagrun for example_branch_datetime_operator_3 to 2024-04-22T00:00:00+00:00, run_after=2024-04-23T00:00:00+00:00
[2024-04-23T22:38:08.479+0000] {processor.py:179} INFO - Processing /usr/local/python/3.10.13/lib/python3.10/site-packages/airflow/example_dags/example_branch_datetime_operator.py took 0.100 seconds
[2024-04-23T22:38:59.764+0000] {processor.py:157} INFO - Started process (PID=36335) to work on /usr/local/python/3.10.13/lib/python3.10/site-packages/airflow/example_dags/example_branch_datetime_operator.py
[2024-04-23T22:38:59.765+0000] {processor.py:826} INFO - Processing file /usr/local/python/3.10.13/lib/python3.10/site-packages/airflow/example_dags/example_branch_datetime_operator.py for tasks to queue
[2024-04-23T22:38:59.765+0000] {logging_mixin.py:150} INFO - [2024-04-23T22:38:59.765+0000] {dagbag.py:541} INFO - Filling up the DagBag from /usr/local/python/3.10.13/lib/python3.10/site-packages/airflow/example_dags/example_branch_datetime_operator.py
[2024-04-23T22:38:59.774+0000] {processor.py:836} INFO - DAG(s) dict_keys(['example_branch_datetime_operator_2', 'example_branch_datetime_operator_3', 'example_branch_datetime_operator']) retrieved from /usr/local/python/3.10.13/lib/python3.10/site-packages/airflow/example_dags/example_branch_datetime_operator.py
[2024-04-23T22:38:59.791+0000] {logging_mixin.py:150} INFO - [2024-04-23T22:38:59.791+0000] {dag.py:2742} INFO - Sync 3 DAGs
[2024-04-23T22:38:59.808+0000] {logging_mixin.py:150} INFO - [2024-04-23T22:38:59.808+0000] {dag.py:3504} INFO - Setting next_dagrun for example_branch_datetime_operator to 2024-04-22T00:00:00+00:00, run_after=2024-04-23T00:00:00+00:00
[2024-04-23T22:38:59.812+0000] {logging_mixin.py:150} INFO - [2024-04-23T22:38:59.811+0000] {dag.py:3504} INFO - Setting next_dagrun for example_branch_datetime_operator_2 to 2024-04-22T00:00:00+00:00, run_after=2024-04-23T00:00:00+00:00
[2024-04-23T22:38:59.814+0000] {logging_mixin.py:150} INFO - [2024-04-23T22:38:59.813+0000] {dag.py:3504} INFO - Setting next_dagrun for example_branch_datetime_operator_3 to 2024-04-22T00:00:00+00:00, run_after=2024-04-23T00:00:00+00:00
[2024-04-23T22:38:59.850+0000] {processor.py:179} INFO - Processing /usr/local/python/3.10.13/lib/python3.10/site-packages/airflow/example_dags/example_branch_datetime_operator.py took 0.088 seconds
[2024-04-23T22:39:49.962+0000] {processor.py:157} INFO - Started process (PID=36727) to work on /usr/local/python/3.10.13/lib/python3.10/site-packages/airflow/example_dags/example_branch_datetime_operator.py
[2024-04-23T22:39:49.963+0000] {processor.py:826} INFO - Processing file /usr/local/python/3.10.13/lib/python3.10/site-packages/airflow/example_dags/example_branch_datetime_operator.py for tasks to queue
[2024-04-23T22:39:49.963+0000] {logging_mixin.py:150} INFO - [2024-04-23T22:39:49.963+0000] {dagbag.py:541} INFO - Filling up the DagBag from /usr/local/python/3.10.13/lib/python3.10/site-packages/airflow/example_dags/example_branch_datetime_operator.py
[2024-04-23T22:39:49.971+0000] {processor.py:836} INFO - DAG(s) dict_keys(['example_branch_datetime_operator_2', 'example_branch_datetime_operator', 'example_branch_datetime_operator_3']) retrieved from /usr/local/python/3.10.13/lib/python3.10/site-packages/airflow/example_dags/example_branch_datetime_operator.py
[2024-04-23T22:39:49.990+0000] {logging_mixin.py:150} INFO - [2024-04-23T22:39:49.990+0000] {dag.py:2742} INFO - Sync 3 DAGs
[2024-04-23T22:39:50.006+0000] {logging_mixin.py:150} INFO - [2024-04-23T22:39:50.006+0000] {dag.py:3504} INFO - Setting next_dagrun for example_branch_datetime_operator to 2024-04-22T00:00:00+00:00, run_after=2024-04-23T00:00:00+00:00
[2024-04-23T22:39:50.010+0000] {logging_mixin.py:150} INFO - [2024-04-23T22:39:50.010+0000] {dag.py:3504} INFO - Setting next_dagrun for example_branch_datetime_operator_2 to 2024-04-22T00:00:00+00:00, run_after=2024-04-23T00:00:00+00:00
[2024-04-23T22:39:50.012+0000] {logging_mixin.py:150} INFO - [2024-04-23T22:39:50.012+0000] {dag.py:3504} INFO - Setting next_dagrun for example_branch_datetime_operator_3 to 2024-04-22T00:00:00+00:00, run_after=2024-04-23T00:00:00+00:00
[2024-04-23T22:39:50.049+0000] {processor.py:179} INFO - Processing /usr/local/python/3.10.13/lib/python3.10/site-packages/airflow/example_dags/example_branch_datetime_operator.py took 0.089 seconds
[2024-04-23T22:40:41.987+0000] {processor.py:157} INFO - Started process (PID=37121) to work on /usr/local/python/3.10.13/lib/python3.10/site-packages/airflow/example_dags/example_branch_datetime_operator.py
[2024-04-23T22:40:41.988+0000] {processor.py:826} INFO - Processing file /usr/local/python/3.10.13/lib/python3.10/site-packages/airflow/example_dags/example_branch_datetime_operator.py for tasks to queue
[2024-04-23T22:40:41.988+0000] {logging_mixin.py:150} INFO - [2024-04-23T22:40:41.988+0000] {dagbag.py:541} INFO - Filling up the DagBag from /usr/local/python/3.10.13/lib/python3.10/site-packages/airflow/example_dags/example_branch_datetime_operator.py
[2024-04-23T22:40:41.997+0000] {processor.py:836} INFO - DAG(s) dict_keys(['example_branch_datetime_operator_2', 'example_branch_datetime_operator', 'example_branch_datetime_operator_3']) retrieved from /usr/local/python/3.10.13/lib/python3.10/site-packages/airflow/example_dags/example_branch_datetime_operator.py
[2024-04-23T22:40:42.015+0000] {logging_mixin.py:150} INFO - [2024-04-23T22:40:42.014+0000] {dag.py:2742} INFO - Sync 3 DAGs
[2024-04-23T22:40:42.032+0000] {logging_mixin.py:150} INFO - [2024-04-23T22:40:42.032+0000] {dag.py:3504} INFO - Setting next_dagrun for example_branch_datetime_operator to 2024-04-22T00:00:00+00:00, run_after=2024-04-23T00:00:00+00:00
[2024-04-23T22:40:42.036+0000] {logging_mixin.py:150} INFO - [2024-04-23T22:40:42.035+0000] {dag.py:3504} INFO - Setting next_dagrun for example_branch_datetime_operator_2 to 2024-04-22T00:00:00+00:00, run_after=2024-04-23T00:00:00+00:00
[2024-04-23T22:40:42.037+0000] {logging_mixin.py:150} INFO - [2024-04-23T22:40:42.037+0000] {dag.py:3504} INFO - Setting next_dagrun for example_branch_datetime_operator_3 to 2024-04-22T00:00:00+00:00, run_after=2024-04-23T00:00:00+00:00
[2024-04-23T22:40:42.078+0000] {processor.py:179} INFO - Processing /usr/local/python/3.10.13/lib/python3.10/site-packages/airflow/example_dags/example_branch_datetime_operator.py took 0.093 seconds
[2024-04-23T22:41:37.700+0000] {processor.py:157} INFO - Started process (PID=37524) to work on /usr/local/python/3.10.13/lib/python3.10/site-packages/airflow/example_dags/example_branch_datetime_operator.py
[2024-04-23T22:41:37.700+0000] {processor.py:826} INFO - Processing file /usr/local/python/3.10.13/lib/python3.10/site-packages/airflow/example_dags/example_branch_datetime_operator.py for tasks to queue
[2024-04-23T22:41:37.701+0000] {logging_mixin.py:150} INFO - [2024-04-23T22:41:37.701+0000] {dagbag.py:541} INFO - Filling up the DagBag from /usr/local/python/3.10.13/lib/python3.10/site-packages/airflow/example_dags/example_branch_datetime_operator.py
[2024-04-23T22:41:37.709+0000] {processor.py:836} INFO - DAG(s) dict_keys(['example_branch_datetime_operator_2', 'example_branch_datetime_operator', 'example_branch_datetime_operator_3']) retrieved from /usr/local/python/3.10.13/lib/python3.10/site-packages/airflow/example_dags/example_branch_datetime_operator.py
[2024-04-23T22:41:37.726+0000] {logging_mixin.py:150} INFO - [2024-04-23T22:41:37.726+0000] {dag.py:2742} INFO - Sync 3 DAGs
[2024-04-23T22:41:37.742+0000] {logging_mixin.py:150} INFO - [2024-04-23T22:41:37.742+0000] {dag.py:3504} INFO - Setting next_dagrun for example_branch_datetime_operator to 2024-04-22T00:00:00+00:00, run_after=2024-04-23T00:00:00+00:00
[2024-04-23T22:41:37.746+0000] {logging_mixin.py:150} INFO - [2024-04-23T22:41:37.746+0000] {dag.py:3504} INFO - Setting next_dagrun for example_branch_datetime_operator_2 to 2024-04-22T00:00:00+00:00, run_after=2024-04-23T00:00:00+00:00
[2024-04-23T22:41:37.749+0000] {logging_mixin.py:150} INFO - [2024-04-23T22:41:37.749+0000] {dag.py:3504} INFO - Setting next_dagrun for example_branch_datetime_operator_3 to 2024-04-22T00:00:00+00:00, run_after=2024-04-23T00:00:00+00:00
[2024-04-23T22:41:37.789+0000] {processor.py:179} INFO - Processing /usr/local/python/3.10.13/lib/python3.10/site-packages/airflow/example_dags/example_branch_datetime_operator.py took 0.092 seconds
[2024-04-23T22:42:32.375+0000] {processor.py:157} INFO - Started process (PID=37951) to work on /usr/local/python/3.10.13/lib/python3.10/site-packages/airflow/example_dags/example_branch_datetime_operator.py
[2024-04-23T22:42:32.375+0000] {processor.py:826} INFO - Processing file /usr/local/python/3.10.13/lib/python3.10/site-packages/airflow/example_dags/example_branch_datetime_operator.py for tasks to queue
[2024-04-23T22:42:32.376+0000] {logging_mixin.py:150} INFO - [2024-04-23T22:42:32.376+0000] {dagbag.py:541} INFO - Filling up the DagBag from /usr/local/python/3.10.13/lib/python3.10/site-packages/airflow/example_dags/example_branch_datetime_operator.py
[2024-04-23T22:42:32.384+0000] {processor.py:836} INFO - DAG(s) dict_keys(['example_branch_datetime_operator_3', 'example_branch_datetime_operator_2', 'example_branch_datetime_operator']) retrieved from /usr/local/python/3.10.13/lib/python3.10/site-packages/airflow/example_dags/example_branch_datetime_operator.py
[2024-04-23T22:42:32.400+0000] {logging_mixin.py:150} INFO - [2024-04-23T22:42:32.400+0000] {dag.py:2742} INFO - Sync 3 DAGs
[2024-04-23T22:42:32.417+0000] {logging_mixin.py:150} INFO - [2024-04-23T22:42:32.417+0000] {dag.py:3504} INFO - Setting next_dagrun for example_branch_datetime_operator to 2024-04-22T00:00:00+00:00, run_after=2024-04-23T00:00:00+00:00
[2024-04-23T22:42:32.421+0000] {logging_mixin.py:150} INFO - [2024-04-23T22:42:32.421+0000] {dag.py:3504} INFO - Setting next_dagrun for example_branch_datetime_operator_2 to 2024-04-22T00:00:00+00:00, run_after=2024-04-23T00:00:00+00:00
[2024-04-23T22:42:32.423+0000] {logging_mixin.py:150} INFO - [2024-04-23T22:42:32.423+0000] {dag.py:3504} INFO - Setting next_dagrun for example_branch_datetime_operator_3 to 2024-04-22T00:00:00+00:00, run_after=2024-04-23T00:00:00+00:00
[2024-04-23T22:42:32.462+0000] {processor.py:179} INFO - Processing /usr/local/python/3.10.13/lib/python3.10/site-packages/airflow/example_dags/example_branch_datetime_operator.py took 0.090 seconds
[2024-04-23T22:43:22.749+0000] {processor.py:157} INFO - Started process (PID=38304) to work on /usr/local/python/3.10.13/lib/python3.10/site-packages/airflow/example_dags/example_branch_datetime_operator.py
[2024-04-23T22:43:22.749+0000] {processor.py:826} INFO - Processing file /usr/local/python/3.10.13/lib/python3.10/site-packages/airflow/example_dags/example_branch_datetime_operator.py for tasks to queue
[2024-04-23T22:43:22.750+0000] {logging_mixin.py:150} INFO - [2024-04-23T22:43:22.750+0000] {dagbag.py:541} INFO - Filling up the DagBag from /usr/local/python/3.10.13/lib/python3.10/site-packages/airflow/example_dags/example_branch_datetime_operator.py
[2024-04-23T22:43:22.758+0000] {processor.py:836} INFO - DAG(s) dict_keys(['example_branch_datetime_operator_3', 'example_branch_datetime_operator_2', 'example_branch_datetime_operator']) retrieved from /usr/local/python/3.10.13/lib/python3.10/site-packages/airflow/example_dags/example_branch_datetime_operator.py
[2024-04-23T22:43:22.775+0000] {logging_mixin.py:150} INFO - [2024-04-23T22:43:22.774+0000] {dag.py:2742} INFO - Sync 3 DAGs
[2024-04-23T22:43:22.791+0000] {logging_mixin.py:150} INFO - [2024-04-23T22:43:22.791+0000] {dag.py:3504} INFO - Setting next_dagrun for example_branch_datetime_operator to 2024-04-22T00:00:00+00:00, run_after=2024-04-23T00:00:00+00:00
[2024-04-23T22:43:22.795+0000] {logging_mixin.py:150} INFO - [2024-04-23T22:43:22.795+0000] {dag.py:3504} INFO - Setting next_dagrun for example_branch_datetime_operator_2 to 2024-04-22T00:00:00+00:00, run_after=2024-04-23T00:00:00+00:00
[2024-04-23T22:43:22.797+0000] {logging_mixin.py:150} INFO - [2024-04-23T22:43:22.797+0000] {dag.py:3504} INFO - Setting next_dagrun for example_branch_datetime_operator_3 to 2024-04-22T00:00:00+00:00, run_after=2024-04-23T00:00:00+00:00
[2024-04-23T22:43:22.836+0000] {processor.py:179} INFO - Processing /usr/local/python/3.10.13/lib/python3.10/site-packages/airflow/example_dags/example_branch_datetime_operator.py took 0.090 seconds
[2024-04-23T22:44:13.308+0000] {processor.py:157} INFO - Started process (PID=38685) to work on /usr/local/python/3.10.13/lib/python3.10/site-packages/airflow/example_dags/example_branch_datetime_operator.py
[2024-04-23T22:44:13.308+0000] {processor.py:826} INFO - Processing file /usr/local/python/3.10.13/lib/python3.10/site-packages/airflow/example_dags/example_branch_datetime_operator.py for tasks to queue
[2024-04-23T22:44:13.309+0000] {logging_mixin.py:150} INFO - [2024-04-23T22:44:13.309+0000] {dagbag.py:541} INFO - Filling up the DagBag from /usr/local/python/3.10.13/lib/python3.10/site-packages/airflow/example_dags/example_branch_datetime_operator.py
[2024-04-23T22:44:13.317+0000] {processor.py:836} INFO - DAG(s) dict_keys(['example_branch_datetime_operator_2', 'example_branch_datetime_operator', 'example_branch_datetime_operator_3']) retrieved from /usr/local/python/3.10.13/lib/python3.10/site-packages/airflow/example_dags/example_branch_datetime_operator.py
[2024-04-23T22:44:13.335+0000] {logging_mixin.py:150} INFO - [2024-04-23T22:44:13.335+0000] {dag.py:2742} INFO - Sync 3 DAGs
[2024-04-23T22:44:13.353+0000] {logging_mixin.py:150} INFO - [2024-04-23T22:44:13.353+0000] {dag.py:3504} INFO - Setting next_dagrun for example_branch_datetime_operator to 2024-04-22T00:00:00+00:00, run_after=2024-04-23T00:00:00+00:00
[2024-04-23T22:44:13.357+0000] {logging_mixin.py:150} INFO - [2024-04-23T22:44:13.357+0000] {dag.py:3504} INFO - Setting next_dagrun for example_branch_datetime_operator_2 to 2024-04-22T00:00:00+00:00, run_after=2024-04-23T00:00:00+00:00
[2024-04-23T22:44:13.359+0000] {logging_mixin.py:150} INFO - [2024-04-23T22:44:13.359+0000] {dag.py:3504} INFO - Setting next_dagrun for example_branch_datetime_operator_3 to 2024-04-22T00:00:00+00:00, run_after=2024-04-23T00:00:00+00:00
[2024-04-23T22:44:13.398+0000] {processor.py:179} INFO - Processing /usr/local/python/3.10.13/lib/python3.10/site-packages/airflow/example_dags/example_branch_datetime_operator.py took 0.093 seconds
[2024-04-23T22:45:03.818+0000] {processor.py:157} INFO - Started process (PID=39045) to work on /usr/local/python/3.10.13/lib/python3.10/site-packages/airflow/example_dags/example_branch_datetime_operator.py
[2024-04-23T22:45:03.818+0000] {processor.py:826} INFO - Processing file /usr/local/python/3.10.13/lib/python3.10/site-packages/airflow/example_dags/example_branch_datetime_operator.py for tasks to queue
[2024-04-23T22:45:03.819+0000] {logging_mixin.py:150} INFO - [2024-04-23T22:45:03.819+0000] {dagbag.py:541} INFO - Filling up the DagBag from /usr/local/python/3.10.13/lib/python3.10/site-packages/airflow/example_dags/example_branch_datetime_operator.py
[2024-04-23T22:45:03.827+0000] {processor.py:836} INFO - DAG(s) dict_keys(['example_branch_datetime_operator_2', 'example_branch_datetime_operator', 'example_branch_datetime_operator_3']) retrieved from /usr/local/python/3.10.13/lib/python3.10/site-packages/airflow/example_dags/example_branch_datetime_operator.py
[2024-04-23T22:45:03.843+0000] {logging_mixin.py:150} INFO - [2024-04-23T22:45:03.843+0000] {dag.py:2742} INFO - Sync 3 DAGs
[2024-04-23T22:45:03.860+0000] {logging_mixin.py:150} INFO - [2024-04-23T22:45:03.859+0000] {dag.py:3504} INFO - Setting next_dagrun for example_branch_datetime_operator to 2024-04-22T00:00:00+00:00, run_after=2024-04-23T00:00:00+00:00
[2024-04-23T22:45:03.863+0000] {logging_mixin.py:150} INFO - [2024-04-23T22:45:03.863+0000] {dag.py:3504} INFO - Setting next_dagrun for example_branch_datetime_operator_2 to 2024-04-22T00:00:00+00:00, run_after=2024-04-23T00:00:00+00:00
[2024-04-23T22:45:03.865+0000] {logging_mixin.py:150} INFO - [2024-04-23T22:45:03.865+0000] {dag.py:3504} INFO - Setting next_dagrun for example_branch_datetime_operator_3 to 2024-04-22T00:00:00+00:00, run_after=2024-04-23T00:00:00+00:00
[2024-04-23T22:45:03.902+0000] {processor.py:179} INFO - Processing /usr/local/python/3.10.13/lib/python3.10/site-packages/airflow/example_dags/example_branch_datetime_operator.py took 0.086 seconds
[2024-04-23T22:45:51.249+0000] {processor.py:157} INFO - Started process (PID=39402) to work on /usr/local/python/3.10.13/lib/python3.10/site-packages/airflow/example_dags/example_branch_datetime_operator.py
[2024-04-23T22:45:51.250+0000] {processor.py:826} INFO - Processing file /usr/local/python/3.10.13/lib/python3.10/site-packages/airflow/example_dags/example_branch_datetime_operator.py for tasks to queue
[2024-04-23T22:45:51.250+0000] {logging_mixin.py:150} INFO - [2024-04-23T22:45:51.250+0000] {dagbag.py:541} INFO - Filling up the DagBag from /usr/local/python/3.10.13/lib/python3.10/site-packages/airflow/example_dags/example_branch_datetime_operator.py
[2024-04-23T22:45:51.258+0000] {processor.py:836} INFO - DAG(s) dict_keys(['example_branch_datetime_operator_3', 'example_branch_datetime_operator_2', 'example_branch_datetime_operator']) retrieved from /usr/local/python/3.10.13/lib/python3.10/site-packages/airflow/example_dags/example_branch_datetime_operator.py
[2024-04-23T22:45:51.275+0000] {logging_mixin.py:150} INFO - [2024-04-23T22:45:51.275+0000] {dag.py:2742} INFO - Sync 3 DAGs
[2024-04-23T22:45:51.291+0000] {logging_mixin.py:150} INFO - [2024-04-23T22:45:51.291+0000] {dag.py:3504} INFO - Setting next_dagrun for example_branch_datetime_operator to 2024-04-22T00:00:00+00:00, run_after=2024-04-23T00:00:00+00:00
[2024-04-23T22:45:51.295+0000] {logging_mixin.py:150} INFO - [2024-04-23T22:45:51.295+0000] {dag.py:3504} INFO - Setting next_dagrun for example_branch_datetime_operator_2 to 2024-04-22T00:00:00+00:00, run_after=2024-04-23T00:00:00+00:00
[2024-04-23T22:45:51.297+0000] {logging_mixin.py:150} INFO - [2024-04-23T22:45:51.297+0000] {dag.py:3504} INFO - Setting next_dagrun for example_branch_datetime_operator_3 to 2024-04-22T00:00:00+00:00, run_after=2024-04-23T00:00:00+00:00
[2024-04-23T22:45:51.336+0000] {processor.py:179} INFO - Processing /usr/local/python/3.10.13/lib/python3.10/site-packages/airflow/example_dags/example_branch_datetime_operator.py took 0.090 seconds
[2024-04-23T22:46:46.157+0000] {processor.py:157} INFO - Started process (PID=39821) to work on /usr/local/python/3.10.13/lib/python3.10/site-packages/airflow/example_dags/example_branch_datetime_operator.py
[2024-04-23T22:46:46.157+0000] {processor.py:826} INFO - Processing file /usr/local/python/3.10.13/lib/python3.10/site-packages/airflow/example_dags/example_branch_datetime_operator.py for tasks to queue
[2024-04-23T22:46:46.158+0000] {logging_mixin.py:150} INFO - [2024-04-23T22:46:46.158+0000] {dagbag.py:541} INFO - Filling up the DagBag from /usr/local/python/3.10.13/lib/python3.10/site-packages/airflow/example_dags/example_branch_datetime_operator.py
[2024-04-23T22:46:46.165+0000] {processor.py:836} INFO - DAG(s) dict_keys(['example_branch_datetime_operator_3', 'example_branch_datetime_operator_2', 'example_branch_datetime_operator']) retrieved from /usr/local/python/3.10.13/lib/python3.10/site-packages/airflow/example_dags/example_branch_datetime_operator.py
[2024-04-23T22:46:46.182+0000] {logging_mixin.py:150} INFO - [2024-04-23T22:46:46.182+0000] {dag.py:2742} INFO - Sync 3 DAGs
[2024-04-23T22:46:46.198+0000] {logging_mixin.py:150} INFO - [2024-04-23T22:46:46.198+0000] {dag.py:3504} INFO - Setting next_dagrun for example_branch_datetime_operator to 2024-04-22T00:00:00+00:00, run_after=2024-04-23T00:00:00+00:00
[2024-04-23T22:46:46.202+0000] {logging_mixin.py:150} INFO - [2024-04-23T22:46:46.202+0000] {dag.py:3504} INFO - Setting next_dagrun for example_branch_datetime_operator_2 to 2024-04-22T00:00:00+00:00, run_after=2024-04-23T00:00:00+00:00
[2024-04-23T22:46:46.204+0000] {logging_mixin.py:150} INFO - [2024-04-23T22:46:46.204+0000] {dag.py:3504} INFO - Setting next_dagrun for example_branch_datetime_operator_3 to 2024-04-22T00:00:00+00:00, run_after=2024-04-23T00:00:00+00:00
[2024-04-23T22:46:46.239+0000] {processor.py:179} INFO - Processing /usr/local/python/3.10.13/lib/python3.10/site-packages/airflow/example_dags/example_branch_datetime_operator.py took 0.085 seconds
[2024-04-23T22:47:40.694+0000] {processor.py:157} INFO - Started process (PID=40228) to work on /usr/local/python/3.10.13/lib/python3.10/site-packages/airflow/example_dags/example_branch_datetime_operator.py
[2024-04-23T22:47:40.695+0000] {processor.py:826} INFO - Processing file /usr/local/python/3.10.13/lib/python3.10/site-packages/airflow/example_dags/example_branch_datetime_operator.py for tasks to queue
[2024-04-23T22:47:40.695+0000] {logging_mixin.py:150} INFO - [2024-04-23T22:47:40.695+0000] {dagbag.py:541} INFO - Filling up the DagBag from /usr/local/python/3.10.13/lib/python3.10/site-packages/airflow/example_dags/example_branch_datetime_operator.py
[2024-04-23T22:47:40.703+0000] {processor.py:836} INFO - DAG(s) dict_keys(['example_branch_datetime_operator_2', 'example_branch_datetime_operator', 'example_branch_datetime_operator_3']) retrieved from /usr/local/python/3.10.13/lib/python3.10/site-packages/airflow/example_dags/example_branch_datetime_operator.py
[2024-04-23T22:47:40.720+0000] {logging_mixin.py:150} INFO - [2024-04-23T22:47:40.720+0000] {dag.py:2742} INFO - Sync 3 DAGs
[2024-04-23T22:47:40.736+0000] {logging_mixin.py:150} INFO - [2024-04-23T22:47:40.736+0000] {dag.py:3504} INFO - Setting next_dagrun for example_branch_datetime_operator to 2024-04-22T00:00:00+00:00, run_after=2024-04-23T00:00:00+00:00
[2024-04-23T22:47:40.740+0000] {logging_mixin.py:150} INFO - [2024-04-23T22:47:40.740+0000] {dag.py:3504} INFO - Setting next_dagrun for example_branch_datetime_operator_2 to 2024-04-22T00:00:00+00:00, run_after=2024-04-23T00:00:00+00:00
[2024-04-23T22:47:40.742+0000] {logging_mixin.py:150} INFO - [2024-04-23T22:47:40.742+0000] {dag.py:3504} INFO - Setting next_dagrun for example_branch_datetime_operator_3 to 2024-04-22T00:00:00+00:00, run_after=2024-04-23T00:00:00+00:00
[2024-04-23T22:47:40.785+0000] {processor.py:179} INFO - Processing /usr/local/python/3.10.13/lib/python3.10/site-packages/airflow/example_dags/example_branch_datetime_operator.py took 0.093 seconds
[2024-04-23T22:48:32.831+0000] {processor.py:157} INFO - Started process (PID=40624) to work on /usr/local/python/3.10.13/lib/python3.10/site-packages/airflow/example_dags/example_branch_datetime_operator.py
[2024-04-23T22:48:32.831+0000] {processor.py:826} INFO - Processing file /usr/local/python/3.10.13/lib/python3.10/site-packages/airflow/example_dags/example_branch_datetime_operator.py for tasks to queue
[2024-04-23T22:48:32.832+0000] {logging_mixin.py:150} INFO - [2024-04-23T22:48:32.832+0000] {dagbag.py:541} INFO - Filling up the DagBag from /usr/local/python/3.10.13/lib/python3.10/site-packages/airflow/example_dags/example_branch_datetime_operator.py
[2024-04-23T22:48:32.840+0000] {processor.py:836} INFO - DAG(s) dict_keys(['example_branch_datetime_operator_2', 'example_branch_datetime_operator_3', 'example_branch_datetime_operator']) retrieved from /usr/local/python/3.10.13/lib/python3.10/site-packages/airflow/example_dags/example_branch_datetime_operator.py
[2024-04-23T22:48:32.858+0000] {logging_mixin.py:150} INFO - [2024-04-23T22:48:32.858+0000] {dag.py:2742} INFO - Sync 3 DAGs
[2024-04-23T22:48:32.875+0000] {logging_mixin.py:150} INFO - [2024-04-23T22:48:32.875+0000] {dag.py:3504} INFO - Setting next_dagrun for example_branch_datetime_operator to 2024-04-22T00:00:00+00:00, run_after=2024-04-23T00:00:00+00:00
[2024-04-23T22:48:32.878+0000] {logging_mixin.py:150} INFO - [2024-04-23T22:48:32.878+0000] {dag.py:3504} INFO - Setting next_dagrun for example_branch_datetime_operator_2 to 2024-04-22T00:00:00+00:00, run_after=2024-04-23T00:00:00+00:00
[2024-04-23T22:48:32.880+0000] {logging_mixin.py:150} INFO - [2024-04-23T22:48:32.880+0000] {dag.py:3504} INFO - Setting next_dagrun for example_branch_datetime_operator_3 to 2024-04-22T00:00:00+00:00, run_after=2024-04-23T00:00:00+00:00
[2024-04-23T22:48:32.919+0000] {processor.py:179} INFO - Processing /usr/local/python/3.10.13/lib/python3.10/site-packages/airflow/example_dags/example_branch_datetime_operator.py took 0.090 seconds
[2024-04-23T22:49:23.509+0000] {processor.py:157} INFO - Started process (PID=41008) to work on /usr/local/python/3.10.13/lib/python3.10/site-packages/airflow/example_dags/example_branch_datetime_operator.py
[2024-04-23T22:49:23.526+0000] {processor.py:826} INFO - Processing file /usr/local/python/3.10.13/lib/python3.10/site-packages/airflow/example_dags/example_branch_datetime_operator.py for tasks to queue
[2024-04-23T22:49:23.527+0000] {logging_mixin.py:150} INFO - [2024-04-23T22:49:23.527+0000] {dagbag.py:541} INFO - Filling up the DagBag from /usr/local/python/3.10.13/lib/python3.10/site-packages/airflow/example_dags/example_branch_datetime_operator.py
[2024-04-23T22:49:23.544+0000] {processor.py:836} INFO - DAG(s) dict_keys(['example_branch_datetime_operator', 'example_branch_datetime_operator_2', 'example_branch_datetime_operator_3']) retrieved from /usr/local/python/3.10.13/lib/python3.10/site-packages/airflow/example_dags/example_branch_datetime_operator.py
[2024-04-23T22:49:23.569+0000] {logging_mixin.py:150} INFO - [2024-04-23T22:49:23.569+0000] {dag.py:2742} INFO - Sync 3 DAGs
[2024-04-23T22:49:23.587+0000] {logging_mixin.py:150} INFO - [2024-04-23T22:49:23.587+0000] {dag.py:3504} INFO - Setting next_dagrun for example_branch_datetime_operator to 2024-04-22T00:00:00+00:00, run_after=2024-04-23T00:00:00+00:00
[2024-04-23T22:49:23.591+0000] {logging_mixin.py:150} INFO - [2024-04-23T22:49:23.591+0000] {dag.py:3504} INFO - Setting next_dagrun for example_branch_datetime_operator_2 to 2024-04-22T00:00:00+00:00, run_after=2024-04-23T00:00:00+00:00
[2024-04-23T22:49:23.593+0000] {logging_mixin.py:150} INFO - [2024-04-23T22:49:23.593+0000] {dag.py:3504} INFO - Setting next_dagrun for example_branch_datetime_operator_3 to 2024-04-22T00:00:00+00:00, run_after=2024-04-23T00:00:00+00:00
[2024-04-23T22:49:23.630+0000] {processor.py:179} INFO - Processing /usr/local/python/3.10.13/lib/python3.10/site-packages/airflow/example_dags/example_branch_datetime_operator.py took 0.123 seconds
[2024-04-23T22:50:15.356+0000] {processor.py:157} INFO - Started process (PID=41390) to work on /usr/local/python/3.10.13/lib/python3.10/site-packages/airflow/example_dags/example_branch_datetime_operator.py
[2024-04-23T22:50:15.357+0000] {processor.py:826} INFO - Processing file /usr/local/python/3.10.13/lib/python3.10/site-packages/airflow/example_dags/example_branch_datetime_operator.py for tasks to queue
[2024-04-23T22:50:15.358+0000] {logging_mixin.py:150} INFO - [2024-04-23T22:50:15.357+0000] {dagbag.py:541} INFO - Filling up the DagBag from /usr/local/python/3.10.13/lib/python3.10/site-packages/airflow/example_dags/example_branch_datetime_operator.py
[2024-04-23T22:50:15.366+0000] {processor.py:836} INFO - DAG(s) dict_keys(['example_branch_datetime_operator_2', 'example_branch_datetime_operator_3', 'example_branch_datetime_operator']) retrieved from /usr/local/python/3.10.13/lib/python3.10/site-packages/airflow/example_dags/example_branch_datetime_operator.py
[2024-04-23T22:50:15.383+0000] {logging_mixin.py:150} INFO - [2024-04-23T22:50:15.382+0000] {dag.py:2742} INFO - Sync 3 DAGs
[2024-04-23T22:50:15.399+0000] {logging_mixin.py:150} INFO - [2024-04-23T22:50:15.399+0000] {dag.py:3504} INFO - Setting next_dagrun for example_branch_datetime_operator to 2024-04-22T00:00:00+00:00, run_after=2024-04-23T00:00:00+00:00
[2024-04-23T22:50:15.403+0000] {logging_mixin.py:150} INFO - [2024-04-23T22:50:15.403+0000] {dag.py:3504} INFO - Setting next_dagrun for example_branch_datetime_operator_2 to 2024-04-22T00:00:00+00:00, run_after=2024-04-23T00:00:00+00:00
[2024-04-23T22:50:15.405+0000] {logging_mixin.py:150} INFO - [2024-04-23T22:50:15.404+0000] {dag.py:3504} INFO - Setting next_dagrun for example_branch_datetime_operator_3 to 2024-04-22T00:00:00+00:00, run_after=2024-04-23T00:00:00+00:00
[2024-04-23T22:50:15.443+0000] {processor.py:179} INFO - Processing /usr/local/python/3.10.13/lib/python3.10/site-packages/airflow/example_dags/example_branch_datetime_operator.py took 0.089 seconds
[2024-04-23T22:51:07.183+0000] {processor.py:157} INFO - Started process (PID=41779) to work on /usr/local/python/3.10.13/lib/python3.10/site-packages/airflow/example_dags/example_branch_datetime_operator.py
[2024-04-23T22:51:07.184+0000] {processor.py:826} INFO - Processing file /usr/local/python/3.10.13/lib/python3.10/site-packages/airflow/example_dags/example_branch_datetime_operator.py for tasks to queue
[2024-04-23T22:51:07.184+0000] {logging_mixin.py:150} INFO - [2024-04-23T22:51:07.184+0000] {dagbag.py:541} INFO - Filling up the DagBag from /usr/local/python/3.10.13/lib/python3.10/site-packages/airflow/example_dags/example_branch_datetime_operator.py
[2024-04-23T22:51:07.192+0000] {processor.py:836} INFO - DAG(s) dict_keys(['example_branch_datetime_operator_3', 'example_branch_datetime_operator', 'example_branch_datetime_operator_2']) retrieved from /usr/local/python/3.10.13/lib/python3.10/site-packages/airflow/example_dags/example_branch_datetime_operator.py
[2024-04-23T22:51:07.209+0000] {logging_mixin.py:150} INFO - [2024-04-23T22:51:07.209+0000] {dag.py:2742} INFO - Sync 3 DAGs
[2024-04-23T22:51:07.232+0000] {logging_mixin.py:150} INFO - [2024-04-23T22:51:07.231+0000] {dag.py:3504} INFO - Setting next_dagrun for example_branch_datetime_operator to 2024-04-22T00:00:00+00:00, run_after=2024-04-23T00:00:00+00:00
[2024-04-23T22:51:07.236+0000] {logging_mixin.py:150} INFO - [2024-04-23T22:51:07.236+0000] {dag.py:3504} INFO - Setting next_dagrun for example_branch_datetime_operator_2 to 2024-04-22T00:00:00+00:00, run_after=2024-04-23T00:00:00+00:00
[2024-04-23T22:51:07.238+0000] {logging_mixin.py:150} INFO - [2024-04-23T22:51:07.238+0000] {dag.py:3504} INFO - Setting next_dagrun for example_branch_datetime_operator_3 to 2024-04-22T00:00:00+00:00, run_after=2024-04-23T00:00:00+00:00
[2024-04-23T22:51:07.276+0000] {processor.py:179} INFO - Processing /usr/local/python/3.10.13/lib/python3.10/site-packages/airflow/example_dags/example_branch_datetime_operator.py took 0.096 seconds
[2024-04-23T22:51:57.749+0000] {processor.py:157} INFO - Started process (PID=42168) to work on /usr/local/python/3.10.13/lib/python3.10/site-packages/airflow/example_dags/example_branch_datetime_operator.py
[2024-04-23T22:51:57.750+0000] {processor.py:826} INFO - Processing file /usr/local/python/3.10.13/lib/python3.10/site-packages/airflow/example_dags/example_branch_datetime_operator.py for tasks to queue
[2024-04-23T22:51:57.751+0000] {logging_mixin.py:150} INFO - [2024-04-23T22:51:57.750+0000] {dagbag.py:541} INFO - Filling up the DagBag from /usr/local/python/3.10.13/lib/python3.10/site-packages/airflow/example_dags/example_branch_datetime_operator.py
[2024-04-23T22:51:57.758+0000] {processor.py:836} INFO - DAG(s) dict_keys(['example_branch_datetime_operator', 'example_branch_datetime_operator_2', 'example_branch_datetime_operator_3']) retrieved from /usr/local/python/3.10.13/lib/python3.10/site-packages/airflow/example_dags/example_branch_datetime_operator.py
[2024-04-23T22:51:57.775+0000] {logging_mixin.py:150} INFO - [2024-04-23T22:51:57.775+0000] {dag.py:2742} INFO - Sync 3 DAGs
[2024-04-23T22:51:57.792+0000] {logging_mixin.py:150} INFO - [2024-04-23T22:51:57.792+0000] {dag.py:3504} INFO - Setting next_dagrun for example_branch_datetime_operator to 2024-04-22T00:00:00+00:00, run_after=2024-04-23T00:00:00+00:00
[2024-04-23T22:51:57.795+0000] {logging_mixin.py:150} INFO - [2024-04-23T22:51:57.795+0000] {dag.py:3504} INFO - Setting next_dagrun for example_branch_datetime_operator_2 to 2024-04-22T00:00:00+00:00, run_after=2024-04-23T00:00:00+00:00
[2024-04-23T22:51:57.797+0000] {logging_mixin.py:150} INFO - [2024-04-23T22:51:57.797+0000] {dag.py:3504} INFO - Setting next_dagrun for example_branch_datetime_operator_3 to 2024-04-22T00:00:00+00:00, run_after=2024-04-23T00:00:00+00:00
[2024-04-23T22:51:57.833+0000] {processor.py:179} INFO - Processing /usr/local/python/3.10.13/lib/python3.10/site-packages/airflow/example_dags/example_branch_datetime_operator.py took 0.085 seconds
[2024-04-23T22:52:48.348+0000] {processor.py:157} INFO - Started process (PID=42550) to work on /usr/local/python/3.10.13/lib/python3.10/site-packages/airflow/example_dags/example_branch_datetime_operator.py
[2024-04-23T22:52:48.349+0000] {processor.py:826} INFO - Processing file /usr/local/python/3.10.13/lib/python3.10/site-packages/airflow/example_dags/example_branch_datetime_operator.py for tasks to queue
[2024-04-23T22:52:48.350+0000] {logging_mixin.py:150} INFO - [2024-04-23T22:52:48.349+0000] {dagbag.py:541} INFO - Filling up the DagBag from /usr/local/python/3.10.13/lib/python3.10/site-packages/airflow/example_dags/example_branch_datetime_operator.py
[2024-04-23T22:52:48.358+0000] {processor.py:836} INFO - DAG(s) dict_keys(['example_branch_datetime_operator', 'example_branch_datetime_operator_3', 'example_branch_datetime_operator_2']) retrieved from /usr/local/python/3.10.13/lib/python3.10/site-packages/airflow/example_dags/example_branch_datetime_operator.py
[2024-04-23T22:52:48.374+0000] {logging_mixin.py:150} INFO - [2024-04-23T22:52:48.374+0000] {dag.py:2742} INFO - Sync 3 DAGs
[2024-04-23T22:52:48.391+0000] {logging_mixin.py:150} INFO - [2024-04-23T22:52:48.390+0000] {dag.py:3504} INFO - Setting next_dagrun for example_branch_datetime_operator to 2024-04-22T00:00:00+00:00, run_after=2024-04-23T00:00:00+00:00
[2024-04-23T22:52:48.482+0000] {logging_mixin.py:150} INFO - [2024-04-23T22:52:48.482+0000] {dag.py:3504} INFO - Setting next_dagrun for example_branch_datetime_operator_2 to 2024-04-22T00:00:00+00:00, run_after=2024-04-23T00:00:00+00:00
[2024-04-23T22:52:48.484+0000] {logging_mixin.py:150} INFO - [2024-04-23T22:52:48.484+0000] {dag.py:3504} INFO - Setting next_dagrun for example_branch_datetime_operator_3 to 2024-04-22T00:00:00+00:00, run_after=2024-04-23T00:00:00+00:00
[2024-04-23T22:52:48.519+0000] {processor.py:179} INFO - Processing /usr/local/python/3.10.13/lib/python3.10/site-packages/airflow/example_dags/example_branch_datetime_operator.py took 0.174 seconds
[2024-04-23T22:53:43.893+0000] {processor.py:157} INFO - Started process (PID=42949) to work on /usr/local/python/3.10.13/lib/python3.10/site-packages/airflow/example_dags/example_branch_datetime_operator.py
[2024-04-23T22:53:43.894+0000] {processor.py:826} INFO - Processing file /usr/local/python/3.10.13/lib/python3.10/site-packages/airflow/example_dags/example_branch_datetime_operator.py for tasks to queue
[2024-04-23T22:53:43.895+0000] {logging_mixin.py:150} INFO - [2024-04-23T22:53:43.894+0000] {dagbag.py:541} INFO - Filling up the DagBag from /usr/local/python/3.10.13/lib/python3.10/site-packages/airflow/example_dags/example_branch_datetime_operator.py
[2024-04-23T22:53:43.902+0000] {processor.py:836} INFO - DAG(s) dict_keys(['example_branch_datetime_operator_3', 'example_branch_datetime_operator_2', 'example_branch_datetime_operator']) retrieved from /usr/local/python/3.10.13/lib/python3.10/site-packages/airflow/example_dags/example_branch_datetime_operator.py
[2024-04-23T22:53:43.919+0000] {logging_mixin.py:150} INFO - [2024-04-23T22:53:43.919+0000] {dag.py:2742} INFO - Sync 3 DAGs
[2024-04-23T22:53:43.936+0000] {logging_mixin.py:150} INFO - [2024-04-23T22:53:43.936+0000] {dag.py:3504} INFO - Setting next_dagrun for example_branch_datetime_operator to 2024-04-22T00:00:00+00:00, run_after=2024-04-23T00:00:00+00:00
[2024-04-23T22:53:44.033+0000] {logging_mixin.py:150} INFO - [2024-04-23T22:53:44.033+0000] {dag.py:3504} INFO - Setting next_dagrun for example_branch_datetime_operator_2 to 2024-04-22T00:00:00+00:00, run_after=2024-04-23T00:00:00+00:00
[2024-04-23T22:53:44.035+0000] {logging_mixin.py:150} INFO - [2024-04-23T22:53:44.035+0000] {dag.py:3504} INFO - Setting next_dagrun for example_branch_datetime_operator_3 to 2024-04-22T00:00:00+00:00, run_after=2024-04-23T00:00:00+00:00
[2024-04-23T22:53:44.071+0000] {processor.py:179} INFO - Processing /usr/local/python/3.10.13/lib/python3.10/site-packages/airflow/example_dags/example_branch_datetime_operator.py took 0.180 seconds
[2024-04-23T22:54:48.722+0000] {processor.py:157} INFO - Started process (PID=43390) to work on /usr/local/python/3.10.13/lib/python3.10/site-packages/airflow/example_dags/example_branch_datetime_operator.py
[2024-04-23T22:54:48.722+0000] {processor.py:826} INFO - Processing file /usr/local/python/3.10.13/lib/python3.10/site-packages/airflow/example_dags/example_branch_datetime_operator.py for tasks to queue
[2024-04-23T22:54:48.723+0000] {logging_mixin.py:150} INFO - [2024-04-23T22:54:48.723+0000] {dagbag.py:541} INFO - Filling up the DagBag from /usr/local/python/3.10.13/lib/python3.10/site-packages/airflow/example_dags/example_branch_datetime_operator.py
[2024-04-23T22:54:48.730+0000] {processor.py:836} INFO - DAG(s) dict_keys(['example_branch_datetime_operator_2', 'example_branch_datetime_operator_3', 'example_branch_datetime_operator']) retrieved from /usr/local/python/3.10.13/lib/python3.10/site-packages/airflow/example_dags/example_branch_datetime_operator.py
[2024-04-23T22:54:48.829+0000] {logging_mixin.py:150} INFO - [2024-04-23T22:54:48.829+0000] {dag.py:2742} INFO - Sync 3 DAGs
[2024-04-23T22:54:48.845+0000] {logging_mixin.py:150} INFO - [2024-04-23T22:54:48.844+0000] {dag.py:3504} INFO - Setting next_dagrun for example_branch_datetime_operator to 2024-04-22T00:00:00+00:00, run_after=2024-04-23T00:00:00+00:00
[2024-04-23T22:54:48.848+0000] {logging_mixin.py:150} INFO - [2024-04-23T22:54:48.848+0000] {dag.py:3504} INFO - Setting next_dagrun for example_branch_datetime_operator_2 to 2024-04-22T00:00:00+00:00, run_after=2024-04-23T00:00:00+00:00
[2024-04-23T22:54:48.850+0000] {logging_mixin.py:150} INFO - [2024-04-23T22:54:48.850+0000] {dag.py:3504} INFO - Setting next_dagrun for example_branch_datetime_operator_3 to 2024-04-22T00:00:00+00:00, run_after=2024-04-23T00:00:00+00:00
[2024-04-23T22:54:48.887+0000] {processor.py:179} INFO - Processing /usr/local/python/3.10.13/lib/python3.10/site-packages/airflow/example_dags/example_branch_datetime_operator.py took 0.167 seconds
[2024-04-23T22:55:46.932+0000] {processor.py:157} INFO - Started process (PID=43792) to work on /usr/local/python/3.10.13/lib/python3.10/site-packages/airflow/example_dags/example_branch_datetime_operator.py
[2024-04-23T22:55:46.932+0000] {processor.py:826} INFO - Processing file /usr/local/python/3.10.13/lib/python3.10/site-packages/airflow/example_dags/example_branch_datetime_operator.py for tasks to queue
[2024-04-23T22:55:46.933+0000] {logging_mixin.py:150} INFO - [2024-04-23T22:55:46.933+0000] {dagbag.py:541} INFO - Filling up the DagBag from /usr/local/python/3.10.13/lib/python3.10/site-packages/airflow/example_dags/example_branch_datetime_operator.py
[2024-04-23T22:55:46.940+0000] {processor.py:836} INFO - DAG(s) dict_keys(['example_branch_datetime_operator', 'example_branch_datetime_operator_3', 'example_branch_datetime_operator_2']) retrieved from /usr/local/python/3.10.13/lib/python3.10/site-packages/airflow/example_dags/example_branch_datetime_operator.py
[2024-04-23T22:55:46.959+0000] {logging_mixin.py:150} INFO - [2024-04-23T22:55:46.959+0000] {dag.py:2742} INFO - Sync 3 DAGs
[2024-04-23T22:55:46.976+0000] {logging_mixin.py:150} INFO - [2024-04-23T22:55:46.975+0000] {dag.py:3504} INFO - Setting next_dagrun for example_branch_datetime_operator to 2024-04-22T00:00:00+00:00, run_after=2024-04-23T00:00:00+00:00
[2024-04-23T22:55:46.979+0000] {logging_mixin.py:150} INFO - [2024-04-23T22:55:46.979+0000] {dag.py:3504} INFO - Setting next_dagrun for example_branch_datetime_operator_2 to 2024-04-22T00:00:00+00:00, run_after=2024-04-23T00:00:00+00:00
[2024-04-23T22:55:46.981+0000] {logging_mixin.py:150} INFO - [2024-04-23T22:55:46.981+0000] {dag.py:3504} INFO - Setting next_dagrun for example_branch_datetime_operator_3 to 2024-04-22T00:00:00+00:00, run_after=2024-04-23T00:00:00+00:00
[2024-04-23T22:55:47.021+0000] {processor.py:179} INFO - Processing /usr/local/python/3.10.13/lib/python3.10/site-packages/airflow/example_dags/example_branch_datetime_operator.py took 0.091 seconds
[2024-04-23T22:56:50.326+0000] {processor.py:157} INFO - Started process (PID=44264) to work on /usr/local/python/3.10.13/lib/python3.10/site-packages/airflow/example_dags/example_branch_datetime_operator.py
[2024-04-23T22:56:50.327+0000] {processor.py:826} INFO - Processing file /usr/local/python/3.10.13/lib/python3.10/site-packages/airflow/example_dags/example_branch_datetime_operator.py for tasks to queue
[2024-04-23T22:56:50.328+0000] {logging_mixin.py:150} INFO - [2024-04-23T22:56:50.327+0000] {dagbag.py:541} INFO - Filling up the DagBag from /usr/local/python/3.10.13/lib/python3.10/site-packages/airflow/example_dags/example_branch_datetime_operator.py
[2024-04-23T22:56:50.336+0000] {processor.py:836} INFO - DAG(s) dict_keys(['example_branch_datetime_operator_2', 'example_branch_datetime_operator', 'example_branch_datetime_operator_3']) retrieved from /usr/local/python/3.10.13/lib/python3.10/site-packages/airflow/example_dags/example_branch_datetime_operator.py
[2024-04-23T22:56:50.352+0000] {logging_mixin.py:150} INFO - [2024-04-23T22:56:50.352+0000] {dag.py:2742} INFO - Sync 3 DAGs
[2024-04-23T22:56:50.368+0000] {logging_mixin.py:150} INFO - [2024-04-23T22:56:50.368+0000] {dag.py:3504} INFO - Setting next_dagrun for example_branch_datetime_operator to 2024-04-22T00:00:00+00:00, run_after=2024-04-23T00:00:00+00:00
[2024-04-23T22:56:50.372+0000] {logging_mixin.py:150} INFO - [2024-04-23T22:56:50.372+0000] {dag.py:3504} INFO - Setting next_dagrun for example_branch_datetime_operator_2 to 2024-04-22T00:00:00+00:00, run_after=2024-04-23T00:00:00+00:00
[2024-04-23T22:56:50.374+0000] {logging_mixin.py:150} INFO - [2024-04-23T22:56:50.374+0000] {dag.py:3504} INFO - Setting next_dagrun for example_branch_datetime_operator_3 to 2024-04-22T00:00:00+00:00, run_after=2024-04-23T00:00:00+00:00
[2024-04-23T22:56:50.415+0000] {processor.py:179} INFO - Processing /usr/local/python/3.10.13/lib/python3.10/site-packages/airflow/example_dags/example_branch_datetime_operator.py took 0.091 seconds
[2024-04-23T22:57:50.690+0000] {processor.py:157} INFO - Started process (PID=44707) to work on /usr/local/python/3.10.13/lib/python3.10/site-packages/airflow/example_dags/example_branch_datetime_operator.py
[2024-04-23T22:57:50.690+0000] {processor.py:826} INFO - Processing file /usr/local/python/3.10.13/lib/python3.10/site-packages/airflow/example_dags/example_branch_datetime_operator.py for tasks to queue
[2024-04-23T22:57:50.691+0000] {logging_mixin.py:150} INFO - [2024-04-23T22:57:50.691+0000] {dagbag.py:541} INFO - Filling up the DagBag from /usr/local/python/3.10.13/lib/python3.10/site-packages/airflow/example_dags/example_branch_datetime_operator.py
[2024-04-23T22:57:50.698+0000] {processor.py:836} INFO - DAG(s) dict_keys(['example_branch_datetime_operator', 'example_branch_datetime_operator_3', 'example_branch_datetime_operator_2']) retrieved from /usr/local/python/3.10.13/lib/python3.10/site-packages/airflow/example_dags/example_branch_datetime_operator.py
[2024-04-23T22:57:50.715+0000] {logging_mixin.py:150} INFO - [2024-04-23T22:57:50.715+0000] {dag.py:2742} INFO - Sync 3 DAGs
[2024-04-23T22:57:50.731+0000] {logging_mixin.py:150} INFO - [2024-04-23T22:57:50.731+0000] {dag.py:3504} INFO - Setting next_dagrun for example_branch_datetime_operator to 2024-04-22T00:00:00+00:00, run_after=2024-04-23T00:00:00+00:00
[2024-04-23T22:57:50.735+0000] {logging_mixin.py:150} INFO - [2024-04-23T22:57:50.735+0000] {dag.py:3504} INFO - Setting next_dagrun for example_branch_datetime_operator_2 to 2024-04-22T00:00:00+00:00, run_after=2024-04-23T00:00:00+00:00
[2024-04-23T22:57:50.737+0000] {logging_mixin.py:150} INFO - [2024-04-23T22:57:50.737+0000] {dag.py:3504} INFO - Setting next_dagrun for example_branch_datetime_operator_3 to 2024-04-22T00:00:00+00:00, run_after=2024-04-23T00:00:00+00:00
[2024-04-23T22:57:50.781+0000] {processor.py:179} INFO - Processing /usr/local/python/3.10.13/lib/python3.10/site-packages/airflow/example_dags/example_branch_datetime_operator.py took 0.093 seconds
[2024-04-23T22:58:42.328+0000] {processor.py:157} INFO - Started process (PID=45100) to work on /usr/local/python/3.10.13/lib/python3.10/site-packages/airflow/example_dags/example_branch_datetime_operator.py
[2024-04-23T22:58:42.329+0000] {processor.py:826} INFO - Processing file /usr/local/python/3.10.13/lib/python3.10/site-packages/airflow/example_dags/example_branch_datetime_operator.py for tasks to queue
[2024-04-23T22:58:42.329+0000] {logging_mixin.py:150} INFO - [2024-04-23T22:58:42.329+0000] {dagbag.py:541} INFO - Filling up the DagBag from /usr/local/python/3.10.13/lib/python3.10/site-packages/airflow/example_dags/example_branch_datetime_operator.py
[2024-04-23T22:58:42.337+0000] {processor.py:836} INFO - DAG(s) dict_keys(['example_branch_datetime_operator_2', 'example_branch_datetime_operator', 'example_branch_datetime_operator_3']) retrieved from /usr/local/python/3.10.13/lib/python3.10/site-packages/airflow/example_dags/example_branch_datetime_operator.py
[2024-04-23T22:58:42.354+0000] {logging_mixin.py:150} INFO - [2024-04-23T22:58:42.354+0000] {dag.py:2742} INFO - Sync 3 DAGs
[2024-04-23T22:58:42.371+0000] {logging_mixin.py:150} INFO - [2024-04-23T22:58:42.371+0000] {dag.py:3504} INFO - Setting next_dagrun for example_branch_datetime_operator to 2024-04-22T00:00:00+00:00, run_after=2024-04-23T00:00:00+00:00
[2024-04-23T22:58:42.374+0000] {logging_mixin.py:150} INFO - [2024-04-23T22:58:42.374+0000] {dag.py:3504} INFO - Setting next_dagrun for example_branch_datetime_operator_2 to 2024-04-22T00:00:00+00:00, run_after=2024-04-23T00:00:00+00:00
[2024-04-23T22:58:42.376+0000] {logging_mixin.py:150} INFO - [2024-04-23T22:58:42.376+0000] {dag.py:3504} INFO - Setting next_dagrun for example_branch_datetime_operator_3 to 2024-04-22T00:00:00+00:00, run_after=2024-04-23T00:00:00+00:00
[2024-04-23T22:58:42.413+0000] {processor.py:179} INFO - Processing /usr/local/python/3.10.13/lib/python3.10/site-packages/airflow/example_dags/example_branch_datetime_operator.py took 0.087 seconds
[2024-04-23T22:59:31.284+0000] {processor.py:157} INFO - Started process (PID=45487) to work on /usr/local/python/3.10.13/lib/python3.10/site-packages/airflow/example_dags/example_branch_datetime_operator.py
[2024-04-23T22:59:31.285+0000] {processor.py:826} INFO - Processing file /usr/local/python/3.10.13/lib/python3.10/site-packages/airflow/example_dags/example_branch_datetime_operator.py for tasks to queue
[2024-04-23T22:59:31.286+0000] {logging_mixin.py:150} INFO - [2024-04-23T22:59:31.285+0000] {dagbag.py:541} INFO - Filling up the DagBag from /usr/local/python/3.10.13/lib/python3.10/site-packages/airflow/example_dags/example_branch_datetime_operator.py
[2024-04-23T22:59:31.293+0000] {processor.py:836} INFO - DAG(s) dict_keys(['example_branch_datetime_operator', 'example_branch_datetime_operator_3', 'example_branch_datetime_operator_2']) retrieved from /usr/local/python/3.10.13/lib/python3.10/site-packages/airflow/example_dags/example_branch_datetime_operator.py
[2024-04-23T22:59:31.310+0000] {logging_mixin.py:150} INFO - [2024-04-23T22:59:31.309+0000] {dag.py:2742} INFO - Sync 3 DAGs
[2024-04-23T22:59:31.326+0000] {logging_mixin.py:150} INFO - [2024-04-23T22:59:31.326+0000] {dag.py:3504} INFO - Setting next_dagrun for example_branch_datetime_operator to 2024-04-22T00:00:00+00:00, run_after=2024-04-23T00:00:00+00:00
[2024-04-23T22:59:31.330+0000] {logging_mixin.py:150} INFO - [2024-04-23T22:59:31.330+0000] {dag.py:3504} INFO - Setting next_dagrun for example_branch_datetime_operator_2 to 2024-04-22T00:00:00+00:00, run_after=2024-04-23T00:00:00+00:00
[2024-04-23T22:59:31.332+0000] {logging_mixin.py:150} INFO - [2024-04-23T22:59:31.332+0000] {dag.py:3504} INFO - Setting next_dagrun for example_branch_datetime_operator_3 to 2024-04-22T00:00:00+00:00, run_after=2024-04-23T00:00:00+00:00
[2024-04-23T22:59:31.367+0000] {processor.py:179} INFO - Processing /usr/local/python/3.10.13/lib/python3.10/site-packages/airflow/example_dags/example_branch_datetime_operator.py took 0.085 seconds
[2024-04-23T23:00:21.458+0000] {processor.py:157} INFO - Started process (PID=45915) to work on /usr/local/python/3.10.13/lib/python3.10/site-packages/airflow/example_dags/example_branch_datetime_operator.py
[2024-04-23T23:00:21.459+0000] {processor.py:826} INFO - Processing file /usr/local/python/3.10.13/lib/python3.10/site-packages/airflow/example_dags/example_branch_datetime_operator.py for tasks to queue
[2024-04-23T23:00:21.459+0000] {logging_mixin.py:150} INFO - [2024-04-23T23:00:21.459+0000] {dagbag.py:541} INFO - Filling up the DagBag from /usr/local/python/3.10.13/lib/python3.10/site-packages/airflow/example_dags/example_branch_datetime_operator.py
[2024-04-23T23:00:21.468+0000] {processor.py:836} INFO - DAG(s) dict_keys(['example_branch_datetime_operator', 'example_branch_datetime_operator_2', 'example_branch_datetime_operator_3']) retrieved from /usr/local/python/3.10.13/lib/python3.10/site-packages/airflow/example_dags/example_branch_datetime_operator.py
[2024-04-23T23:00:21.486+0000] {logging_mixin.py:150} INFO - [2024-04-23T23:00:21.486+0000] {dag.py:2742} INFO - Sync 3 DAGs
[2024-04-23T23:00:21.502+0000] {logging_mixin.py:150} INFO - [2024-04-23T23:00:21.502+0000] {dag.py:3504} INFO - Setting next_dagrun for example_branch_datetime_operator to 2024-04-22T00:00:00+00:00, run_after=2024-04-23T00:00:00+00:00
[2024-04-23T23:00:21.505+0000] {logging_mixin.py:150} INFO - [2024-04-23T23:00:21.505+0000] {dag.py:3504} INFO - Setting next_dagrun for example_branch_datetime_operator_2 to 2024-04-22T00:00:00+00:00, run_after=2024-04-23T00:00:00+00:00
[2024-04-23T23:00:21.507+0000] {logging_mixin.py:150} INFO - [2024-04-23T23:00:21.507+0000] {dag.py:3504} INFO - Setting next_dagrun for example_branch_datetime_operator_3 to 2024-04-22T00:00:00+00:00, run_after=2024-04-23T00:00:00+00:00
[2024-04-23T23:00:21.547+0000] {processor.py:179} INFO - Processing /usr/local/python/3.10.13/lib/python3.10/site-packages/airflow/example_dags/example_branch_datetime_operator.py took 0.091 seconds
