[2024-04-23T22:23:25.317+0000] {processor.py:157} INFO - Started process (PID=28673) to work on /usr/local/python/3.10.13/lib/python3.10/site-packages/airflow/example_dags/tutorial_dag.py
[2024-04-23T22:23:25.318+0000] {processor.py:826} INFO - Processing file /usr/local/python/3.10.13/lib/python3.10/site-packages/airflow/example_dags/tutorial_dag.py for tasks to queue
[2024-04-23T22:23:25.318+0000] {logging_mixin.py:150} INFO - [2024-04-23T22:23:25.318+0000] {dagbag.py:541} INFO - Filling up the DagBag from /usr/local/python/3.10.13/lib/python3.10/site-packages/airflow/example_dags/tutorial_dag.py
[2024-04-23T22:23:25.324+0000] {processor.py:836} INFO - DAG(s) dict_keys(['tutorial_dag']) retrieved from /usr/local/python/3.10.13/lib/python3.10/site-packages/airflow/example_dags/tutorial_dag.py
[2024-04-23T22:23:25.459+0000] {logging_mixin.py:150} INFO - [2024-04-23T22:23:25.459+0000] {manager.py:504} INFO - Created Permission View: can delete on DAG:tutorial_dag
[2024-04-23T22:23:25.492+0000] {logging_mixin.py:150} INFO - [2024-04-23T22:23:25.492+0000] {manager.py:504} INFO - Created Permission View: can edit on DAG:tutorial_dag
[2024-04-23T22:23:25.522+0000] {logging_mixin.py:150} INFO - [2024-04-23T22:23:25.522+0000] {manager.py:504} INFO - Created Permission View: can read on DAG:tutorial_dag
[2024-04-23T22:23:25.535+0000] {logging_mixin.py:150} INFO - [2024-04-23T22:23:25.535+0000] {dag.py:2742} INFO - Sync 1 DAGs
[2024-04-23T22:23:25.544+0000] {logging_mixin.py:150} INFO - [2024-04-23T22:23:25.544+0000] {dag.py:2763} INFO - Creating ORM DAG for tutorial_dag
[2024-04-23T22:23:25.552+0000] {logging_mixin.py:150} INFO - [2024-04-23T22:23:25.552+0000] {dag.py:3504} INFO - Setting next_dagrun for tutorial_dag to None, run_after=None
[2024-04-23T22:23:25.599+0000] {processor.py:179} INFO - Processing /usr/local/python/3.10.13/lib/python3.10/site-packages/airflow/example_dags/tutorial_dag.py took 0.284 seconds
[2024-04-23T22:24:19.502+0000] {processor.py:157} INFO - Started process (PID=29039) to work on /usr/local/python/3.10.13/lib/python3.10/site-packages/airflow/example_dags/tutorial_dag.py
[2024-04-23T22:24:19.503+0000] {processor.py:826} INFO - Processing file /usr/local/python/3.10.13/lib/python3.10/site-packages/airflow/example_dags/tutorial_dag.py for tasks to queue
[2024-04-23T22:24:19.503+0000] {logging_mixin.py:150} INFO - [2024-04-23T22:24:19.503+0000] {dagbag.py:541} INFO - Filling up the DagBag from /usr/local/python/3.10.13/lib/python3.10/site-packages/airflow/example_dags/tutorial_dag.py
[2024-04-23T22:24:19.507+0000] {processor.py:836} INFO - DAG(s) dict_keys(['tutorial_dag']) retrieved from /usr/local/python/3.10.13/lib/python3.10/site-packages/airflow/example_dags/tutorial_dag.py
[2024-04-23T22:24:19.520+0000] {logging_mixin.py:150} INFO - [2024-04-23T22:24:19.520+0000] {dag.py:2742} INFO - Sync 1 DAGs
[2024-04-23T22:24:19.534+0000] {logging_mixin.py:150} INFO - [2024-04-23T22:24:19.534+0000] {dag.py:3504} INFO - Setting next_dagrun for tutorial_dag to None, run_after=None
[2024-04-23T22:24:19.571+0000] {processor.py:179} INFO - Processing /usr/local/python/3.10.13/lib/python3.10/site-packages/airflow/example_dags/tutorial_dag.py took 0.071 seconds
[2024-04-23T22:25:05.572+0000] {processor.py:157} INFO - Started process (PID=29368) to work on /usr/local/python/3.10.13/lib/python3.10/site-packages/airflow/example_dags/tutorial_dag.py
[2024-04-23T22:25:05.573+0000] {processor.py:826} INFO - Processing file /usr/local/python/3.10.13/lib/python3.10/site-packages/airflow/example_dags/tutorial_dag.py for tasks to queue
[2024-04-23T22:25:05.574+0000] {logging_mixin.py:150} INFO - [2024-04-23T22:25:05.573+0000] {dagbag.py:541} INFO - Filling up the DagBag from /usr/local/python/3.10.13/lib/python3.10/site-packages/airflow/example_dags/tutorial_dag.py
[2024-04-23T22:25:05.577+0000] {processor.py:836} INFO - DAG(s) dict_keys(['tutorial_dag']) retrieved from /usr/local/python/3.10.13/lib/python3.10/site-packages/airflow/example_dags/tutorial_dag.py
[2024-04-23T22:25:05.589+0000] {logging_mixin.py:150} INFO - [2024-04-23T22:25:05.589+0000] {dag.py:2742} INFO - Sync 1 DAGs
[2024-04-23T22:25:05.604+0000] {logging_mixin.py:150} INFO - [2024-04-23T22:25:05.604+0000] {dag.py:3504} INFO - Setting next_dagrun for tutorial_dag to None, run_after=None
[2024-04-23T22:25:05.643+0000] {processor.py:179} INFO - Processing /usr/local/python/3.10.13/lib/python3.10/site-packages/airflow/example_dags/tutorial_dag.py took 0.073 seconds
[2024-04-23T22:25:54.001+0000] {processor.py:157} INFO - Started process (PID=29696) to work on /usr/local/python/3.10.13/lib/python3.10/site-packages/airflow/example_dags/tutorial_dag.py
[2024-04-23T22:25:54.001+0000] {processor.py:826} INFO - Processing file /usr/local/python/3.10.13/lib/python3.10/site-packages/airflow/example_dags/tutorial_dag.py for tasks to queue
[2024-04-23T22:25:54.002+0000] {logging_mixin.py:150} INFO - [2024-04-23T22:25:54.002+0000] {dagbag.py:541} INFO - Filling up the DagBag from /usr/local/python/3.10.13/lib/python3.10/site-packages/airflow/example_dags/tutorial_dag.py
[2024-04-23T22:25:54.005+0000] {processor.py:836} INFO - DAG(s) dict_keys(['tutorial_dag']) retrieved from /usr/local/python/3.10.13/lib/python3.10/site-packages/airflow/example_dags/tutorial_dag.py
[2024-04-23T22:25:54.017+0000] {logging_mixin.py:150} INFO - [2024-04-23T22:25:54.017+0000] {dag.py:2742} INFO - Sync 1 DAGs
[2024-04-23T22:25:54.032+0000] {logging_mixin.py:150} INFO - [2024-04-23T22:25:54.032+0000] {dag.py:3504} INFO - Setting next_dagrun for tutorial_dag to None, run_after=None
[2024-04-23T22:25:54.073+0000] {processor.py:179} INFO - Processing /usr/local/python/3.10.13/lib/python3.10/site-packages/airflow/example_dags/tutorial_dag.py took 0.074 seconds
[2024-04-23T22:26:40.791+0000] {processor.py:157} INFO - Started process (PID=30022) to work on /usr/local/python/3.10.13/lib/python3.10/site-packages/airflow/example_dags/tutorial_dag.py
[2024-04-23T22:26:40.792+0000] {processor.py:826} INFO - Processing file /usr/local/python/3.10.13/lib/python3.10/site-packages/airflow/example_dags/tutorial_dag.py for tasks to queue
[2024-04-23T22:26:40.792+0000] {logging_mixin.py:150} INFO - [2024-04-23T22:26:40.792+0000] {dagbag.py:541} INFO - Filling up the DagBag from /usr/local/python/3.10.13/lib/python3.10/site-packages/airflow/example_dags/tutorial_dag.py
[2024-04-23T22:26:40.796+0000] {processor.py:836} INFO - DAG(s) dict_keys(['tutorial_dag']) retrieved from /usr/local/python/3.10.13/lib/python3.10/site-packages/airflow/example_dags/tutorial_dag.py
[2024-04-23T22:26:40.808+0000] {logging_mixin.py:150} INFO - [2024-04-23T22:26:40.807+0000] {dag.py:2742} INFO - Sync 1 DAGs
[2024-04-23T22:26:40.822+0000] {logging_mixin.py:150} INFO - [2024-04-23T22:26:40.822+0000] {dag.py:3504} INFO - Setting next_dagrun for tutorial_dag to None, run_after=None
[2024-04-23T22:26:40.864+0000] {processor.py:179} INFO - Processing /usr/local/python/3.10.13/lib/python3.10/site-packages/airflow/example_dags/tutorial_dag.py took 0.075 seconds
[2024-04-23T22:27:27.466+0000] {processor.py:157} INFO - Started process (PID=30439) to work on /usr/local/python/3.10.13/lib/python3.10/site-packages/airflow/example_dags/tutorial_dag.py
[2024-04-23T22:27:27.467+0000] {processor.py:826} INFO - Processing file /usr/local/python/3.10.13/lib/python3.10/site-packages/airflow/example_dags/tutorial_dag.py for tasks to queue
[2024-04-23T22:27:27.467+0000] {logging_mixin.py:150} INFO - [2024-04-23T22:27:27.467+0000] {dagbag.py:541} INFO - Filling up the DagBag from /usr/local/python/3.10.13/lib/python3.10/site-packages/airflow/example_dags/tutorial_dag.py
[2024-04-23T22:27:27.471+0000] {processor.py:836} INFO - DAG(s) dict_keys(['tutorial_dag']) retrieved from /usr/local/python/3.10.13/lib/python3.10/site-packages/airflow/example_dags/tutorial_dag.py
[2024-04-23T22:27:27.483+0000] {logging_mixin.py:150} INFO - [2024-04-23T22:27:27.483+0000] {dag.py:2742} INFO - Sync 1 DAGs
[2024-04-23T22:27:27.497+0000] {logging_mixin.py:150} INFO - [2024-04-23T22:27:27.497+0000] {dag.py:3504} INFO - Setting next_dagrun for tutorial_dag to None, run_after=None
[2024-04-23T22:27:27.534+0000] {processor.py:179} INFO - Processing /usr/local/python/3.10.13/lib/python3.10/site-packages/airflow/example_dags/tutorial_dag.py took 0.070 seconds
[2024-04-23T22:28:08.748+0000] {processor.py:157} INFO - Started process (PID=30863) to work on /usr/local/python/3.10.13/lib/python3.10/site-packages/airflow/example_dags/tutorial_dag.py
[2024-04-23T22:28:08.749+0000] {processor.py:826} INFO - Processing file /usr/local/python/3.10.13/lib/python3.10/site-packages/airflow/example_dags/tutorial_dag.py for tasks to queue
[2024-04-23T22:28:08.750+0000] {logging_mixin.py:150} INFO - [2024-04-23T22:28:08.749+0000] {dagbag.py:541} INFO - Filling up the DagBag from /usr/local/python/3.10.13/lib/python3.10/site-packages/airflow/example_dags/tutorial_dag.py
[2024-04-23T22:28:08.753+0000] {processor.py:836} INFO - DAG(s) dict_keys(['tutorial_dag']) retrieved from /usr/local/python/3.10.13/lib/python3.10/site-packages/airflow/example_dags/tutorial_dag.py
[2024-04-23T22:28:08.765+0000] {logging_mixin.py:150} INFO - [2024-04-23T22:28:08.765+0000] {dag.py:2742} INFO - Sync 1 DAGs
[2024-04-23T22:28:08.780+0000] {logging_mixin.py:150} INFO - [2024-04-23T22:28:08.780+0000] {dag.py:3504} INFO - Setting next_dagrun for tutorial_dag to None, run_after=None
[2024-04-23T22:28:08.818+0000] {processor.py:179} INFO - Processing /usr/local/python/3.10.13/lib/python3.10/site-packages/airflow/example_dags/tutorial_dag.py took 0.072 seconds
[2024-04-23T22:28:54.069+0000] {processor.py:157} INFO - Started process (PID=31633) to work on /usr/local/python/3.10.13/lib/python3.10/site-packages/airflow/example_dags/tutorial_dag.py
[2024-04-23T22:28:54.070+0000] {processor.py:826} INFO - Processing file /usr/local/python/3.10.13/lib/python3.10/site-packages/airflow/example_dags/tutorial_dag.py for tasks to queue
[2024-04-23T22:28:54.070+0000] {logging_mixin.py:150} INFO - [2024-04-23T22:28:54.070+0000] {dagbag.py:541} INFO - Filling up the DagBag from /usr/local/python/3.10.13/lib/python3.10/site-packages/airflow/example_dags/tutorial_dag.py
[2024-04-23T22:28:54.074+0000] {processor.py:836} INFO - DAG(s) dict_keys(['tutorial_dag']) retrieved from /usr/local/python/3.10.13/lib/python3.10/site-packages/airflow/example_dags/tutorial_dag.py
[2024-04-23T22:28:54.086+0000] {logging_mixin.py:150} INFO - [2024-04-23T22:28:54.086+0000] {dag.py:2742} INFO - Sync 1 DAGs
[2024-04-23T22:28:54.102+0000] {logging_mixin.py:150} INFO - [2024-04-23T22:28:54.101+0000] {dag.py:3504} INFO - Setting next_dagrun for tutorial_dag to None, run_after=None
[2024-04-23T22:28:54.140+0000] {processor.py:179} INFO - Processing /usr/local/python/3.10.13/lib/python3.10/site-packages/airflow/example_dags/tutorial_dag.py took 0.074 seconds
[2024-04-23T22:29:40.244+0000] {processor.py:157} INFO - Started process (PID=31998) to work on /usr/local/python/3.10.13/lib/python3.10/site-packages/airflow/example_dags/tutorial_dag.py
[2024-04-23T22:29:40.245+0000] {processor.py:826} INFO - Processing file /usr/local/python/3.10.13/lib/python3.10/site-packages/airflow/example_dags/tutorial_dag.py for tasks to queue
[2024-04-23T22:29:40.246+0000] {logging_mixin.py:150} INFO - [2024-04-23T22:29:40.245+0000] {dagbag.py:541} INFO - Filling up the DagBag from /usr/local/python/3.10.13/lib/python3.10/site-packages/airflow/example_dags/tutorial_dag.py
[2024-04-23T22:29:40.249+0000] {processor.py:836} INFO - DAG(s) dict_keys(['tutorial_dag']) retrieved from /usr/local/python/3.10.13/lib/python3.10/site-packages/airflow/example_dags/tutorial_dag.py
[2024-04-23T22:29:40.262+0000] {logging_mixin.py:150} INFO - [2024-04-23T22:29:40.262+0000] {dag.py:2742} INFO - Sync 1 DAGs
[2024-04-23T22:29:40.280+0000] {logging_mixin.py:150} INFO - [2024-04-23T22:29:40.279+0000] {dag.py:3504} INFO - Setting next_dagrun for tutorial_dag to None, run_after=None
[2024-04-23T22:29:40.317+0000] {processor.py:179} INFO - Processing /usr/local/python/3.10.13/lib/python3.10/site-packages/airflow/example_dags/tutorial_dag.py took 0.075 seconds
[2024-04-23T22:30:32.419+0000] {processor.py:157} INFO - Started process (PID=32399) to work on /usr/local/python/3.10.13/lib/python3.10/site-packages/airflow/example_dags/tutorial_dag.py
[2024-04-23T22:30:32.419+0000] {processor.py:826} INFO - Processing file /usr/local/python/3.10.13/lib/python3.10/site-packages/airflow/example_dags/tutorial_dag.py for tasks to queue
[2024-04-23T22:30:32.420+0000] {logging_mixin.py:150} INFO - [2024-04-23T22:30:32.420+0000] {dagbag.py:541} INFO - Filling up the DagBag from /usr/local/python/3.10.13/lib/python3.10/site-packages/airflow/example_dags/tutorial_dag.py
[2024-04-23T22:30:32.423+0000] {processor.py:836} INFO - DAG(s) dict_keys(['tutorial_dag']) retrieved from /usr/local/python/3.10.13/lib/python3.10/site-packages/airflow/example_dags/tutorial_dag.py
[2024-04-23T22:30:32.436+0000] {logging_mixin.py:150} INFO - [2024-04-23T22:30:32.436+0000] {dag.py:2742} INFO - Sync 1 DAGs
[2024-04-23T22:30:32.451+0000] {logging_mixin.py:150} INFO - [2024-04-23T22:30:32.451+0000] {dag.py:3504} INFO - Setting next_dagrun for tutorial_dag to None, run_after=None
[2024-04-23T22:30:32.488+0000] {processor.py:179} INFO - Processing /usr/local/python/3.10.13/lib/python3.10/site-packages/airflow/example_dags/tutorial_dag.py took 0.071 seconds
[2024-04-23T22:31:25.211+0000] {processor.py:157} INFO - Started process (PID=32783) to work on /usr/local/python/3.10.13/lib/python3.10/site-packages/airflow/example_dags/tutorial_dag.py
[2024-04-23T22:31:25.212+0000] {processor.py:826} INFO - Processing file /usr/local/python/3.10.13/lib/python3.10/site-packages/airflow/example_dags/tutorial_dag.py for tasks to queue
[2024-04-23T22:31:25.212+0000] {logging_mixin.py:150} INFO - [2024-04-23T22:31:25.212+0000] {dagbag.py:541} INFO - Filling up the DagBag from /usr/local/python/3.10.13/lib/python3.10/site-packages/airflow/example_dags/tutorial_dag.py
[2024-04-23T22:31:25.217+0000] {processor.py:836} INFO - DAG(s) dict_keys(['tutorial_dag']) retrieved from /usr/local/python/3.10.13/lib/python3.10/site-packages/airflow/example_dags/tutorial_dag.py
[2024-04-23T22:31:25.231+0000] {logging_mixin.py:150} INFO - [2024-04-23T22:31:25.231+0000] {dag.py:2742} INFO - Sync 1 DAGs
[2024-04-23T22:31:25.246+0000] {logging_mixin.py:150} INFO - [2024-04-23T22:31:25.246+0000] {dag.py:3504} INFO - Setting next_dagrun for tutorial_dag to None, run_after=None
[2024-04-23T22:31:25.295+0000] {processor.py:179} INFO - Processing /usr/local/python/3.10.13/lib/python3.10/site-packages/airflow/example_dags/tutorial_dag.py took 0.086 seconds
[2024-04-23T22:32:19.185+0000] {processor.py:157} INFO - Started process (PID=33182) to work on /usr/local/python/3.10.13/lib/python3.10/site-packages/airflow/example_dags/tutorial_dag.py
[2024-04-23T22:32:19.185+0000] {processor.py:826} INFO - Processing file /usr/local/python/3.10.13/lib/python3.10/site-packages/airflow/example_dags/tutorial_dag.py for tasks to queue
[2024-04-23T22:32:19.186+0000] {logging_mixin.py:150} INFO - [2024-04-23T22:32:19.186+0000] {dagbag.py:541} INFO - Filling up the DagBag from /usr/local/python/3.10.13/lib/python3.10/site-packages/airflow/example_dags/tutorial_dag.py
[2024-04-23T22:32:19.191+0000] {processor.py:836} INFO - DAG(s) dict_keys(['tutorial_dag']) retrieved from /usr/local/python/3.10.13/lib/python3.10/site-packages/airflow/example_dags/tutorial_dag.py
[2024-04-23T22:32:19.208+0000] {logging_mixin.py:150} INFO - [2024-04-23T22:32:19.207+0000] {dag.py:2742} INFO - Sync 1 DAGs
[2024-04-23T22:32:19.228+0000] {logging_mixin.py:150} INFO - [2024-04-23T22:32:19.228+0000] {dag.py:3504} INFO - Setting next_dagrun for tutorial_dag to None, run_after=None
[2024-04-23T22:32:19.268+0000] {processor.py:179} INFO - Processing /usr/local/python/3.10.13/lib/python3.10/site-packages/airflow/example_dags/tutorial_dag.py took 0.086 seconds
[2024-04-23T22:33:07.258+0000] {processor.py:157} INFO - Started process (PID=33550) to work on /usr/local/python/3.10.13/lib/python3.10/site-packages/airflow/example_dags/tutorial_dag.py
[2024-04-23T22:33:07.258+0000] {processor.py:826} INFO - Processing file /usr/local/python/3.10.13/lib/python3.10/site-packages/airflow/example_dags/tutorial_dag.py for tasks to queue
[2024-04-23T22:33:07.259+0000] {logging_mixin.py:150} INFO - [2024-04-23T22:33:07.259+0000] {dagbag.py:541} INFO - Filling up the DagBag from /usr/local/python/3.10.13/lib/python3.10/site-packages/airflow/example_dags/tutorial_dag.py
[2024-04-23T22:33:07.263+0000] {processor.py:836} INFO - DAG(s) dict_keys(['tutorial_dag']) retrieved from /usr/local/python/3.10.13/lib/python3.10/site-packages/airflow/example_dags/tutorial_dag.py
[2024-04-23T22:33:07.281+0000] {logging_mixin.py:150} INFO - [2024-04-23T22:33:07.280+0000] {dag.py:2742} INFO - Sync 1 DAGs
[2024-04-23T22:33:07.297+0000] {logging_mixin.py:150} INFO - [2024-04-23T22:33:07.297+0000] {dag.py:3504} INFO - Setting next_dagrun for tutorial_dag to None, run_after=None
[2024-04-23T22:33:07.340+0000] {processor.py:179} INFO - Processing /usr/local/python/3.10.13/lib/python3.10/site-packages/airflow/example_dags/tutorial_dag.py took 0.085 seconds
[2024-04-23T22:34:01.393+0000] {processor.py:157} INFO - Started process (PID=33960) to work on /usr/local/python/3.10.13/lib/python3.10/site-packages/airflow/example_dags/tutorial_dag.py
[2024-04-23T22:34:01.394+0000] {processor.py:826} INFO - Processing file /usr/local/python/3.10.13/lib/python3.10/site-packages/airflow/example_dags/tutorial_dag.py for tasks to queue
[2024-04-23T22:34:01.394+0000] {logging_mixin.py:150} INFO - [2024-04-23T22:34:01.394+0000] {dagbag.py:541} INFO - Filling up the DagBag from /usr/local/python/3.10.13/lib/python3.10/site-packages/airflow/example_dags/tutorial_dag.py
[2024-04-23T22:34:01.398+0000] {processor.py:836} INFO - DAG(s) dict_keys(['tutorial_dag']) retrieved from /usr/local/python/3.10.13/lib/python3.10/site-packages/airflow/example_dags/tutorial_dag.py
[2024-04-23T22:34:01.413+0000] {logging_mixin.py:150} INFO - [2024-04-23T22:34:01.413+0000] {dag.py:2742} INFO - Sync 1 DAGs
[2024-04-23T22:34:01.433+0000] {logging_mixin.py:150} INFO - [2024-04-23T22:34:01.433+0000] {dag.py:3504} INFO - Setting next_dagrun for tutorial_dag to None, run_after=None
[2024-04-23T22:34:01.471+0000] {processor.py:179} INFO - Processing /usr/local/python/3.10.13/lib/python3.10/site-packages/airflow/example_dags/tutorial_dag.py took 0.080 seconds
[2024-04-23T22:34:53.185+0000] {processor.py:157} INFO - Started process (PID=34362) to work on /usr/local/python/3.10.13/lib/python3.10/site-packages/airflow/example_dags/tutorial_dag.py
[2024-04-23T22:34:53.186+0000] {processor.py:826} INFO - Processing file /usr/local/python/3.10.13/lib/python3.10/site-packages/airflow/example_dags/tutorial_dag.py for tasks to queue
[2024-04-23T22:34:53.186+0000] {logging_mixin.py:150} INFO - [2024-04-23T22:34:53.186+0000] {dagbag.py:541} INFO - Filling up the DagBag from /usr/local/python/3.10.13/lib/python3.10/site-packages/airflow/example_dags/tutorial_dag.py
[2024-04-23T22:34:53.190+0000] {processor.py:836} INFO - DAG(s) dict_keys(['tutorial_dag']) retrieved from /usr/local/python/3.10.13/lib/python3.10/site-packages/airflow/example_dags/tutorial_dag.py
[2024-04-23T22:34:53.202+0000] {logging_mixin.py:150} INFO - [2024-04-23T22:34:53.202+0000] {dag.py:2742} INFO - Sync 1 DAGs
[2024-04-23T22:34:53.218+0000] {logging_mixin.py:150} INFO - [2024-04-23T22:34:53.218+0000] {dag.py:3504} INFO - Setting next_dagrun for tutorial_dag to None, run_after=None
[2024-04-23T22:34:53.258+0000] {processor.py:179} INFO - Processing /usr/local/python/3.10.13/lib/python3.10/site-packages/airflow/example_dags/tutorial_dag.py took 0.075 seconds
[2024-04-23T22:35:42.392+0000] {processor.py:157} INFO - Started process (PID=34824) to work on /usr/local/python/3.10.13/lib/python3.10/site-packages/airflow/example_dags/tutorial_dag.py
[2024-04-23T22:35:42.392+0000] {processor.py:826} INFO - Processing file /usr/local/python/3.10.13/lib/python3.10/site-packages/airflow/example_dags/tutorial_dag.py for tasks to queue
[2024-04-23T22:35:42.393+0000] {logging_mixin.py:150} INFO - [2024-04-23T22:35:42.393+0000] {dagbag.py:541} INFO - Filling up the DagBag from /usr/local/python/3.10.13/lib/python3.10/site-packages/airflow/example_dags/tutorial_dag.py
[2024-04-23T22:35:42.396+0000] {processor.py:836} INFO - DAG(s) dict_keys(['tutorial_dag']) retrieved from /usr/local/python/3.10.13/lib/python3.10/site-packages/airflow/example_dags/tutorial_dag.py
[2024-04-23T22:35:42.408+0000] {logging_mixin.py:150} INFO - [2024-04-23T22:35:42.408+0000] {dag.py:2742} INFO - Sync 1 DAGs
[2024-04-23T22:35:42.423+0000] {logging_mixin.py:150} INFO - [2024-04-23T22:35:42.423+0000] {dag.py:3504} INFO - Setting next_dagrun for tutorial_dag to None, run_after=None
[2024-04-23T22:35:42.462+0000] {processor.py:179} INFO - Processing /usr/local/python/3.10.13/lib/python3.10/site-packages/airflow/example_dags/tutorial_dag.py took 0.073 seconds
[2024-04-23T22:36:33.139+0000] {processor.py:157} INFO - Started process (PID=35230) to work on /usr/local/python/3.10.13/lib/python3.10/site-packages/airflow/example_dags/tutorial_dag.py
[2024-04-23T22:36:33.139+0000] {processor.py:826} INFO - Processing file /usr/local/python/3.10.13/lib/python3.10/site-packages/airflow/example_dags/tutorial_dag.py for tasks to queue
[2024-04-23T22:36:33.140+0000] {logging_mixin.py:150} INFO - [2024-04-23T22:36:33.140+0000] {dagbag.py:541} INFO - Filling up the DagBag from /usr/local/python/3.10.13/lib/python3.10/site-packages/airflow/example_dags/tutorial_dag.py
[2024-04-23T22:36:33.144+0000] {processor.py:836} INFO - DAG(s) dict_keys(['tutorial_dag']) retrieved from /usr/local/python/3.10.13/lib/python3.10/site-packages/airflow/example_dags/tutorial_dag.py
[2024-04-23T22:36:33.158+0000] {logging_mixin.py:150} INFO - [2024-04-23T22:36:33.158+0000] {dag.py:2742} INFO - Sync 1 DAGs
[2024-04-23T22:36:33.175+0000] {logging_mixin.py:150} INFO - [2024-04-23T22:36:33.175+0000] {dag.py:3504} INFO - Setting next_dagrun for tutorial_dag to None, run_after=None
[2024-04-23T22:36:33.213+0000] {processor.py:179} INFO - Processing /usr/local/python/3.10.13/lib/python3.10/site-packages/airflow/example_dags/tutorial_dag.py took 0.076 seconds
[2024-04-23T22:37:27.782+0000] {processor.py:157} INFO - Started process (PID=35647) to work on /usr/local/python/3.10.13/lib/python3.10/site-packages/airflow/example_dags/tutorial_dag.py
[2024-04-23T22:37:27.782+0000] {processor.py:826} INFO - Processing file /usr/local/python/3.10.13/lib/python3.10/site-packages/airflow/example_dags/tutorial_dag.py for tasks to queue
[2024-04-23T22:37:27.783+0000] {logging_mixin.py:150} INFO - [2024-04-23T22:37:27.783+0000] {dagbag.py:541} INFO - Filling up the DagBag from /usr/local/python/3.10.13/lib/python3.10/site-packages/airflow/example_dags/tutorial_dag.py
[2024-04-23T22:37:27.786+0000] {processor.py:836} INFO - DAG(s) dict_keys(['tutorial_dag']) retrieved from /usr/local/python/3.10.13/lib/python3.10/site-packages/airflow/example_dags/tutorial_dag.py
[2024-04-23T22:37:27.798+0000] {logging_mixin.py:150} INFO - [2024-04-23T22:37:27.798+0000] {dag.py:2742} INFO - Sync 1 DAGs
[2024-04-23T22:37:27.812+0000] {logging_mixin.py:150} INFO - [2024-04-23T22:37:27.812+0000] {dag.py:3504} INFO - Setting next_dagrun for tutorial_dag to None, run_after=None
[2024-04-23T22:37:27.849+0000] {processor.py:179} INFO - Processing /usr/local/python/3.10.13/lib/python3.10/site-packages/airflow/example_dags/tutorial_dag.py took 0.069 seconds
[2024-04-23T22:38:16.891+0000] {processor.py:157} INFO - Started process (PID=36023) to work on /usr/local/python/3.10.13/lib/python3.10/site-packages/airflow/example_dags/tutorial_dag.py
[2024-04-23T22:38:16.891+0000] {processor.py:826} INFO - Processing file /usr/local/python/3.10.13/lib/python3.10/site-packages/airflow/example_dags/tutorial_dag.py for tasks to queue
[2024-04-23T22:38:16.892+0000] {logging_mixin.py:150} INFO - [2024-04-23T22:38:16.892+0000] {dagbag.py:541} INFO - Filling up the DagBag from /usr/local/python/3.10.13/lib/python3.10/site-packages/airflow/example_dags/tutorial_dag.py
[2024-04-23T22:38:16.896+0000] {processor.py:836} INFO - DAG(s) dict_keys(['tutorial_dag']) retrieved from /usr/local/python/3.10.13/lib/python3.10/site-packages/airflow/example_dags/tutorial_dag.py
[2024-04-23T22:38:16.907+0000] {logging_mixin.py:150} INFO - [2024-04-23T22:38:16.907+0000] {dag.py:2742} INFO - Sync 1 DAGs
[2024-04-23T22:38:16.922+0000] {logging_mixin.py:150} INFO - [2024-04-23T22:38:16.922+0000] {dag.py:3504} INFO - Setting next_dagrun for tutorial_dag to None, run_after=None
[2024-04-23T22:38:16.961+0000] {processor.py:179} INFO - Processing /usr/local/python/3.10.13/lib/python3.10/site-packages/airflow/example_dags/tutorial_dag.py took 0.072 seconds
[2024-04-23T22:39:08.540+0000] {processor.py:157} INFO - Started process (PID=36400) to work on /usr/local/python/3.10.13/lib/python3.10/site-packages/airflow/example_dags/tutorial_dag.py
[2024-04-23T22:39:08.540+0000] {processor.py:826} INFO - Processing file /usr/local/python/3.10.13/lib/python3.10/site-packages/airflow/example_dags/tutorial_dag.py for tasks to queue
[2024-04-23T22:39:08.541+0000] {logging_mixin.py:150} INFO - [2024-04-23T22:39:08.541+0000] {dagbag.py:541} INFO - Filling up the DagBag from /usr/local/python/3.10.13/lib/python3.10/site-packages/airflow/example_dags/tutorial_dag.py
[2024-04-23T22:39:08.545+0000] {processor.py:836} INFO - DAG(s) dict_keys(['tutorial_dag']) retrieved from /usr/local/python/3.10.13/lib/python3.10/site-packages/airflow/example_dags/tutorial_dag.py
[2024-04-23T22:39:08.558+0000] {logging_mixin.py:150} INFO - [2024-04-23T22:39:08.557+0000] {dag.py:2742} INFO - Sync 1 DAGs
[2024-04-23T22:39:08.575+0000] {logging_mixin.py:150} INFO - [2024-04-23T22:39:08.575+0000] {dag.py:3504} INFO - Setting next_dagrun for tutorial_dag to None, run_after=None
[2024-04-23T22:39:08.613+0000] {processor.py:179} INFO - Processing /usr/local/python/3.10.13/lib/python3.10/site-packages/airflow/example_dags/tutorial_dag.py took 0.076 seconds
[2024-04-23T22:39:58.951+0000] {processor.py:157} INFO - Started process (PID=36803) to work on /usr/local/python/3.10.13/lib/python3.10/site-packages/airflow/example_dags/tutorial_dag.py
[2024-04-23T22:39:58.952+0000] {processor.py:826} INFO - Processing file /usr/local/python/3.10.13/lib/python3.10/site-packages/airflow/example_dags/tutorial_dag.py for tasks to queue
[2024-04-23T22:39:58.952+0000] {logging_mixin.py:150} INFO - [2024-04-23T22:39:58.952+0000] {dagbag.py:541} INFO - Filling up the DagBag from /usr/local/python/3.10.13/lib/python3.10/site-packages/airflow/example_dags/tutorial_dag.py
[2024-04-23T22:39:58.956+0000] {processor.py:836} INFO - DAG(s) dict_keys(['tutorial_dag']) retrieved from /usr/local/python/3.10.13/lib/python3.10/site-packages/airflow/example_dags/tutorial_dag.py
[2024-04-23T22:39:58.968+0000] {logging_mixin.py:150} INFO - [2024-04-23T22:39:58.968+0000] {dag.py:2742} INFO - Sync 1 DAGs
[2024-04-23T22:39:58.983+0000] {logging_mixin.py:150} INFO - [2024-04-23T22:39:58.983+0000] {dag.py:3504} INFO - Setting next_dagrun for tutorial_dag to None, run_after=None
[2024-04-23T22:39:59.023+0000] {processor.py:179} INFO - Processing /usr/local/python/3.10.13/lib/python3.10/site-packages/airflow/example_dags/tutorial_dag.py took 0.074 seconds
[2024-04-23T22:40:52.154+0000] {processor.py:157} INFO - Started process (PID=37189) to work on /usr/local/python/3.10.13/lib/python3.10/site-packages/airflow/example_dags/tutorial_dag.py
[2024-04-23T22:40:52.155+0000] {processor.py:826} INFO - Processing file /usr/local/python/3.10.13/lib/python3.10/site-packages/airflow/example_dags/tutorial_dag.py for tasks to queue
[2024-04-23T22:40:52.155+0000] {logging_mixin.py:150} INFO - [2024-04-23T22:40:52.155+0000] {dagbag.py:541} INFO - Filling up the DagBag from /usr/local/python/3.10.13/lib/python3.10/site-packages/airflow/example_dags/tutorial_dag.py
[2024-04-23T22:40:52.159+0000] {processor.py:836} INFO - DAG(s) dict_keys(['tutorial_dag']) retrieved from /usr/local/python/3.10.13/lib/python3.10/site-packages/airflow/example_dags/tutorial_dag.py
[2024-04-23T22:40:52.172+0000] {logging_mixin.py:150} INFO - [2024-04-23T22:40:52.172+0000] {dag.py:2742} INFO - Sync 1 DAGs
[2024-04-23T22:40:52.186+0000] {logging_mixin.py:150} INFO - [2024-04-23T22:40:52.186+0000] {dag.py:3504} INFO - Setting next_dagrun for tutorial_dag to None, run_after=None
[2024-04-23T22:40:52.226+0000] {processor.py:179} INFO - Processing /usr/local/python/3.10.13/lib/python3.10/site-packages/airflow/example_dags/tutorial_dag.py took 0.075 seconds
[2024-04-23T22:41:47.572+0000] {processor.py:157} INFO - Started process (PID=37603) to work on /usr/local/python/3.10.13/lib/python3.10/site-packages/airflow/example_dags/tutorial_dag.py
[2024-04-23T22:41:47.572+0000] {processor.py:826} INFO - Processing file /usr/local/python/3.10.13/lib/python3.10/site-packages/airflow/example_dags/tutorial_dag.py for tasks to queue
[2024-04-23T22:41:47.573+0000] {logging_mixin.py:150} INFO - [2024-04-23T22:41:47.573+0000] {dagbag.py:541} INFO - Filling up the DagBag from /usr/local/python/3.10.13/lib/python3.10/site-packages/airflow/example_dags/tutorial_dag.py
[2024-04-23T22:41:47.578+0000] {processor.py:836} INFO - DAG(s) dict_keys(['tutorial_dag']) retrieved from /usr/local/python/3.10.13/lib/python3.10/site-packages/airflow/example_dags/tutorial_dag.py
[2024-04-23T22:41:47.594+0000] {logging_mixin.py:150} INFO - [2024-04-23T22:41:47.594+0000] {dag.py:2742} INFO - Sync 1 DAGs
[2024-04-23T22:41:47.617+0000] {logging_mixin.py:150} INFO - [2024-04-23T22:41:47.617+0000] {dag.py:3504} INFO - Setting next_dagrun for tutorial_dag to None, run_after=None
[2024-04-23T22:41:47.656+0000] {processor.py:179} INFO - Processing /usr/local/python/3.10.13/lib/python3.10/site-packages/airflow/example_dags/tutorial_dag.py took 0.087 seconds
[2024-04-23T22:42:39.827+0000] {processor.py:157} INFO - Started process (PID=38002) to work on /usr/local/python/3.10.13/lib/python3.10/site-packages/airflow/example_dags/tutorial_dag.py
[2024-04-23T22:42:39.828+0000] {processor.py:826} INFO - Processing file /usr/local/python/3.10.13/lib/python3.10/site-packages/airflow/example_dags/tutorial_dag.py for tasks to queue
[2024-04-23T22:42:39.828+0000] {logging_mixin.py:150} INFO - [2024-04-23T22:42:39.828+0000] {dagbag.py:541} INFO - Filling up the DagBag from /usr/local/python/3.10.13/lib/python3.10/site-packages/airflow/example_dags/tutorial_dag.py
[2024-04-23T22:42:39.833+0000] {processor.py:836} INFO - DAG(s) dict_keys(['tutorial_dag']) retrieved from /usr/local/python/3.10.13/lib/python3.10/site-packages/airflow/example_dags/tutorial_dag.py
[2024-04-23T22:42:39.847+0000] {logging_mixin.py:150} INFO - [2024-04-23T22:42:39.847+0000] {dag.py:2742} INFO - Sync 1 DAGs
[2024-04-23T22:42:39.862+0000] {logging_mixin.py:150} INFO - [2024-04-23T22:42:39.862+0000] {dag.py:3504} INFO - Setting next_dagrun for tutorial_dag to None, run_after=None
[2024-04-23T22:42:39.909+0000] {processor.py:179} INFO - Processing /usr/local/python/3.10.13/lib/python3.10/site-packages/airflow/example_dags/tutorial_dag.py took 0.084 seconds
[2024-04-23T22:43:32.614+0000] {processor.py:157} INFO - Started process (PID=38382) to work on /usr/local/python/3.10.13/lib/python3.10/site-packages/airflow/example_dags/tutorial_dag.py
[2024-04-23T22:43:32.615+0000] {processor.py:826} INFO - Processing file /usr/local/python/3.10.13/lib/python3.10/site-packages/airflow/example_dags/tutorial_dag.py for tasks to queue
[2024-04-23T22:43:32.615+0000] {logging_mixin.py:150} INFO - [2024-04-23T22:43:32.615+0000] {dagbag.py:541} INFO - Filling up the DagBag from /usr/local/python/3.10.13/lib/python3.10/site-packages/airflow/example_dags/tutorial_dag.py
[2024-04-23T22:43:32.619+0000] {processor.py:836} INFO - DAG(s) dict_keys(['tutorial_dag']) retrieved from /usr/local/python/3.10.13/lib/python3.10/site-packages/airflow/example_dags/tutorial_dag.py
[2024-04-23T22:43:32.631+0000] {logging_mixin.py:150} INFO - [2024-04-23T22:43:32.631+0000] {dag.py:2742} INFO - Sync 1 DAGs
[2024-04-23T22:43:32.647+0000] {logging_mixin.py:150} INFO - [2024-04-23T22:43:32.647+0000] {dag.py:3504} INFO - Setting next_dagrun for tutorial_dag to None, run_after=None
[2024-04-23T22:43:32.685+0000] {processor.py:179} INFO - Processing /usr/local/python/3.10.13/lib/python3.10/site-packages/airflow/example_dags/tutorial_dag.py took 0.073 seconds
[2024-04-23T22:44:20.154+0000] {processor.py:157} INFO - Started process (PID=38716) to work on /usr/local/python/3.10.13/lib/python3.10/site-packages/airflow/example_dags/tutorial_dag.py
[2024-04-23T22:44:20.154+0000] {processor.py:826} INFO - Processing file /usr/local/python/3.10.13/lib/python3.10/site-packages/airflow/example_dags/tutorial_dag.py for tasks to queue
[2024-04-23T22:44:20.155+0000] {logging_mixin.py:150} INFO - [2024-04-23T22:44:20.155+0000] {dagbag.py:541} INFO - Filling up the DagBag from /usr/local/python/3.10.13/lib/python3.10/site-packages/airflow/example_dags/tutorial_dag.py
[2024-04-23T22:44:20.159+0000] {processor.py:836} INFO - DAG(s) dict_keys(['tutorial_dag']) retrieved from /usr/local/python/3.10.13/lib/python3.10/site-packages/airflow/example_dags/tutorial_dag.py
[2024-04-23T22:44:20.172+0000] {logging_mixin.py:150} INFO - [2024-04-23T22:44:20.171+0000] {dag.py:2742} INFO - Sync 1 DAGs
[2024-04-23T22:44:20.188+0000] {logging_mixin.py:150} INFO - [2024-04-23T22:44:20.188+0000] {dag.py:3504} INFO - Setting next_dagrun for tutorial_dag to None, run_after=None
[2024-04-23T22:44:20.225+0000] {processor.py:179} INFO - Processing /usr/local/python/3.10.13/lib/python3.10/site-packages/airflow/example_dags/tutorial_dag.py took 0.074 seconds
[2024-04-23T22:45:10.419+0000] {processor.py:157} INFO - Started process (PID=39083) to work on /usr/local/python/3.10.13/lib/python3.10/site-packages/airflow/example_dags/tutorial_dag.py
[2024-04-23T22:45:10.420+0000] {processor.py:826} INFO - Processing file /usr/local/python/3.10.13/lib/python3.10/site-packages/airflow/example_dags/tutorial_dag.py for tasks to queue
[2024-04-23T22:45:10.420+0000] {logging_mixin.py:150} INFO - [2024-04-23T22:45:10.420+0000] {dagbag.py:541} INFO - Filling up the DagBag from /usr/local/python/3.10.13/lib/python3.10/site-packages/airflow/example_dags/tutorial_dag.py
[2024-04-23T22:45:10.424+0000] {processor.py:836} INFO - DAG(s) dict_keys(['tutorial_dag']) retrieved from /usr/local/python/3.10.13/lib/python3.10/site-packages/airflow/example_dags/tutorial_dag.py
[2024-04-23T22:45:10.436+0000] {logging_mixin.py:150} INFO - [2024-04-23T22:45:10.436+0000] {dag.py:2742} INFO - Sync 1 DAGs
[2024-04-23T22:45:10.453+0000] {logging_mixin.py:150} INFO - [2024-04-23T22:45:10.453+0000] {dag.py:3504} INFO - Setting next_dagrun for tutorial_dag to None, run_after=None
[2024-04-23T22:45:10.490+0000] {processor.py:179} INFO - Processing /usr/local/python/3.10.13/lib/python3.10/site-packages/airflow/example_dags/tutorial_dag.py took 0.073 seconds
[2024-04-23T22:46:01.859+0000] {processor.py:157} INFO - Started process (PID=39480) to work on /usr/local/python/3.10.13/lib/python3.10/site-packages/airflow/example_dags/tutorial_dag.py
[2024-04-23T22:46:01.859+0000] {processor.py:826} INFO - Processing file /usr/local/python/3.10.13/lib/python3.10/site-packages/airflow/example_dags/tutorial_dag.py for tasks to queue
[2024-04-23T22:46:01.860+0000] {logging_mixin.py:150} INFO - [2024-04-23T22:46:01.860+0000] {dagbag.py:541} INFO - Filling up the DagBag from /usr/local/python/3.10.13/lib/python3.10/site-packages/airflow/example_dags/tutorial_dag.py
[2024-04-23T22:46:01.866+0000] {processor.py:836} INFO - DAG(s) dict_keys(['tutorial_dag']) retrieved from /usr/local/python/3.10.13/lib/python3.10/site-packages/airflow/example_dags/tutorial_dag.py
[2024-04-23T22:46:01.882+0000] {logging_mixin.py:150} INFO - [2024-04-23T22:46:01.882+0000] {dag.py:2742} INFO - Sync 1 DAGs
[2024-04-23T22:46:01.904+0000] {logging_mixin.py:150} INFO - [2024-04-23T22:46:01.904+0000] {dag.py:3504} INFO - Setting next_dagrun for tutorial_dag to None, run_after=None
[2024-04-23T22:46:01.946+0000] {processor.py:179} INFO - Processing /usr/local/python/3.10.13/lib/python3.10/site-packages/airflow/example_dags/tutorial_dag.py took 0.089 seconds
[2024-04-23T22:46:55.136+0000] {processor.py:157} INFO - Started process (PID=39892) to work on /usr/local/python/3.10.13/lib/python3.10/site-packages/airflow/example_dags/tutorial_dag.py
[2024-04-23T22:46:55.136+0000] {processor.py:826} INFO - Processing file /usr/local/python/3.10.13/lib/python3.10/site-packages/airflow/example_dags/tutorial_dag.py for tasks to queue
[2024-04-23T22:46:55.137+0000] {logging_mixin.py:150} INFO - [2024-04-23T22:46:55.137+0000] {dagbag.py:541} INFO - Filling up the DagBag from /usr/local/python/3.10.13/lib/python3.10/site-packages/airflow/example_dags/tutorial_dag.py
[2024-04-23T22:46:55.141+0000] {processor.py:836} INFO - DAG(s) dict_keys(['tutorial_dag']) retrieved from /usr/local/python/3.10.13/lib/python3.10/site-packages/airflow/example_dags/tutorial_dag.py
[2024-04-23T22:46:55.153+0000] {logging_mixin.py:150} INFO - [2024-04-23T22:46:55.153+0000] {dag.py:2742} INFO - Sync 1 DAGs
[2024-04-23T22:46:55.168+0000] {logging_mixin.py:150} INFO - [2024-04-23T22:46:55.167+0000] {dag.py:3504} INFO - Setting next_dagrun for tutorial_dag to None, run_after=None
[2024-04-23T22:46:55.204+0000] {processor.py:179} INFO - Processing /usr/local/python/3.10.13/lib/python3.10/site-packages/airflow/example_dags/tutorial_dag.py took 0.071 seconds
[2024-04-23T22:47:50.821+0000] {processor.py:157} INFO - Started process (PID=40306) to work on /usr/local/python/3.10.13/lib/python3.10/site-packages/airflow/example_dags/tutorial_dag.py
[2024-04-23T22:47:50.822+0000] {processor.py:826} INFO - Processing file /usr/local/python/3.10.13/lib/python3.10/site-packages/airflow/example_dags/tutorial_dag.py for tasks to queue
[2024-04-23T22:47:50.822+0000] {logging_mixin.py:150} INFO - [2024-04-23T22:47:50.822+0000] {dagbag.py:541} INFO - Filling up the DagBag from /usr/local/python/3.10.13/lib/python3.10/site-packages/airflow/example_dags/tutorial_dag.py
[2024-04-23T22:47:50.826+0000] {processor.py:836} INFO - DAG(s) dict_keys(['tutorial_dag']) retrieved from /usr/local/python/3.10.13/lib/python3.10/site-packages/airflow/example_dags/tutorial_dag.py
[2024-04-23T22:47:50.838+0000] {logging_mixin.py:150} INFO - [2024-04-23T22:47:50.838+0000] {dag.py:2742} INFO - Sync 1 DAGs
[2024-04-23T22:47:50.854+0000] {logging_mixin.py:150} INFO - [2024-04-23T22:47:50.854+0000] {dag.py:3504} INFO - Setting next_dagrun for tutorial_dag to None, run_after=None
[2024-04-23T22:47:50.892+0000] {processor.py:179} INFO - Processing /usr/local/python/3.10.13/lib/python3.10/site-packages/airflow/example_dags/tutorial_dag.py took 0.073 seconds
[2024-04-23T22:48:40.703+0000] {processor.py:157} INFO - Started process (PID=40692) to work on /usr/local/python/3.10.13/lib/python3.10/site-packages/airflow/example_dags/tutorial_dag.py
[2024-04-23T22:48:40.704+0000] {processor.py:826} INFO - Processing file /usr/local/python/3.10.13/lib/python3.10/site-packages/airflow/example_dags/tutorial_dag.py for tasks to queue
[2024-04-23T22:48:40.705+0000] {logging_mixin.py:150} INFO - [2024-04-23T22:48:40.704+0000] {dagbag.py:541} INFO - Filling up the DagBag from /usr/local/python/3.10.13/lib/python3.10/site-packages/airflow/example_dags/tutorial_dag.py
[2024-04-23T22:48:40.708+0000] {processor.py:836} INFO - DAG(s) dict_keys(['tutorial_dag']) retrieved from /usr/local/python/3.10.13/lib/python3.10/site-packages/airflow/example_dags/tutorial_dag.py
[2024-04-23T22:48:40.721+0000] {logging_mixin.py:150} INFO - [2024-04-23T22:48:40.721+0000] {dag.py:2742} INFO - Sync 1 DAGs
[2024-04-23T22:48:40.735+0000] {logging_mixin.py:150} INFO - [2024-04-23T22:48:40.735+0000] {dag.py:3504} INFO - Setting next_dagrun for tutorial_dag to None, run_after=None
[2024-04-23T22:48:40.773+0000] {processor.py:179} INFO - Processing /usr/local/python/3.10.13/lib/python3.10/site-packages/airflow/example_dags/tutorial_dag.py took 0.072 seconds
[2024-04-23T22:49:30.383+0000] {processor.py:157} INFO - Started process (PID=41070) to work on /usr/local/python/3.10.13/lib/python3.10/site-packages/airflow/example_dags/tutorial_dag.py
[2024-04-23T22:49:30.383+0000] {processor.py:826} INFO - Processing file /usr/local/python/3.10.13/lib/python3.10/site-packages/airflow/example_dags/tutorial_dag.py for tasks to queue
[2024-04-23T22:49:30.384+0000] {logging_mixin.py:150} INFO - [2024-04-23T22:49:30.384+0000] {dagbag.py:541} INFO - Filling up the DagBag from /usr/local/python/3.10.13/lib/python3.10/site-packages/airflow/example_dags/tutorial_dag.py
[2024-04-23T22:49:30.387+0000] {processor.py:836} INFO - DAG(s) dict_keys(['tutorial_dag']) retrieved from /usr/local/python/3.10.13/lib/python3.10/site-packages/airflow/example_dags/tutorial_dag.py
[2024-04-23T22:49:30.400+0000] {logging_mixin.py:150} INFO - [2024-04-23T22:49:30.400+0000] {dag.py:2742} INFO - Sync 1 DAGs
[2024-04-23T22:49:30.415+0000] {logging_mixin.py:150} INFO - [2024-04-23T22:49:30.414+0000] {dag.py:3504} INFO - Setting next_dagrun for tutorial_dag to None, run_after=None
[2024-04-23T22:49:30.454+0000] {processor.py:179} INFO - Processing /usr/local/python/3.10.13/lib/python3.10/site-packages/airflow/example_dags/tutorial_dag.py took 0.075 seconds
[2024-04-23T22:50:24.039+0000] {processor.py:157} INFO - Started process (PID=41465) to work on /usr/local/python/3.10.13/lib/python3.10/site-packages/airflow/example_dags/tutorial_dag.py
[2024-04-23T22:50:24.039+0000] {processor.py:826} INFO - Processing file /usr/local/python/3.10.13/lib/python3.10/site-packages/airflow/example_dags/tutorial_dag.py for tasks to queue
[2024-04-23T22:50:24.040+0000] {logging_mixin.py:150} INFO - [2024-04-23T22:50:24.040+0000] {dagbag.py:541} INFO - Filling up the DagBag from /usr/local/python/3.10.13/lib/python3.10/site-packages/airflow/example_dags/tutorial_dag.py
[2024-04-23T22:50:24.044+0000] {processor.py:836} INFO - DAG(s) dict_keys(['tutorial_dag']) retrieved from /usr/local/python/3.10.13/lib/python3.10/site-packages/airflow/example_dags/tutorial_dag.py
[2024-04-23T22:50:24.056+0000] {logging_mixin.py:150} INFO - [2024-04-23T22:50:24.056+0000] {dag.py:2742} INFO - Sync 1 DAGs
[2024-04-23T22:50:24.071+0000] {logging_mixin.py:150} INFO - [2024-04-23T22:50:24.071+0000] {dag.py:3504} INFO - Setting next_dagrun for tutorial_dag to None, run_after=None
[2024-04-23T22:50:24.109+0000] {processor.py:179} INFO - Processing /usr/local/python/3.10.13/lib/python3.10/site-packages/airflow/example_dags/tutorial_dag.py took 0.072 seconds
[2024-04-23T22:51:12.357+0000] {processor.py:157} INFO - Started process (PID=41833) to work on /usr/local/python/3.10.13/lib/python3.10/site-packages/airflow/example_dags/tutorial_dag.py
[2024-04-23T22:51:12.357+0000] {processor.py:826} INFO - Processing file /usr/local/python/3.10.13/lib/python3.10/site-packages/airflow/example_dags/tutorial_dag.py for tasks to queue
[2024-04-23T22:51:12.358+0000] {logging_mixin.py:150} INFO - [2024-04-23T22:51:12.358+0000] {dagbag.py:541} INFO - Filling up the DagBag from /usr/local/python/3.10.13/lib/python3.10/site-packages/airflow/example_dags/tutorial_dag.py
[2024-04-23T22:51:12.362+0000] {processor.py:836} INFO - DAG(s) dict_keys(['tutorial_dag']) retrieved from /usr/local/python/3.10.13/lib/python3.10/site-packages/airflow/example_dags/tutorial_dag.py
[2024-04-23T22:51:12.377+0000] {logging_mixin.py:150} INFO - [2024-04-23T22:51:12.377+0000] {dag.py:2742} INFO - Sync 1 DAGs
[2024-04-23T22:51:12.394+0000] {logging_mixin.py:150} INFO - [2024-04-23T22:51:12.394+0000] {dag.py:3504} INFO - Setting next_dagrun for tutorial_dag to None, run_after=None
[2024-04-23T22:51:12.453+0000] {processor.py:179} INFO - Processing /usr/local/python/3.10.13/lib/python3.10/site-packages/airflow/example_dags/tutorial_dag.py took 0.098 seconds
[2024-04-23T22:52:05.753+0000] {processor.py:157} INFO - Started process (PID=42241) to work on /usr/local/python/3.10.13/lib/python3.10/site-packages/airflow/example_dags/tutorial_dag.py
[2024-04-23T22:52:05.754+0000] {processor.py:826} INFO - Processing file /usr/local/python/3.10.13/lib/python3.10/site-packages/airflow/example_dags/tutorial_dag.py for tasks to queue
[2024-04-23T22:52:05.754+0000] {logging_mixin.py:150} INFO - [2024-04-23T22:52:05.754+0000] {dagbag.py:541} INFO - Filling up the DagBag from /usr/local/python/3.10.13/lib/python3.10/site-packages/airflow/example_dags/tutorial_dag.py
[2024-04-23T22:52:05.758+0000] {processor.py:836} INFO - DAG(s) dict_keys(['tutorial_dag']) retrieved from /usr/local/python/3.10.13/lib/python3.10/site-packages/airflow/example_dags/tutorial_dag.py
[2024-04-23T22:52:05.770+0000] {logging_mixin.py:150} INFO - [2024-04-23T22:52:05.770+0000] {dag.py:2742} INFO - Sync 1 DAGs
[2024-04-23T22:52:05.785+0000] {logging_mixin.py:150} INFO - [2024-04-23T22:52:05.784+0000] {dag.py:3504} INFO - Setting next_dagrun for tutorial_dag to None, run_after=None
[2024-04-23T22:52:05.823+0000] {processor.py:179} INFO - Processing /usr/local/python/3.10.13/lib/python3.10/site-packages/airflow/example_dags/tutorial_dag.py took 0.072 seconds
[2024-04-23T22:52:57.239+0000] {processor.py:157} INFO - Started process (PID=42619) to work on /usr/local/python/3.10.13/lib/python3.10/site-packages/airflow/example_dags/tutorial_dag.py
[2024-04-23T22:52:57.240+0000] {processor.py:826} INFO - Processing file /usr/local/python/3.10.13/lib/python3.10/site-packages/airflow/example_dags/tutorial_dag.py for tasks to queue
[2024-04-23T22:52:57.240+0000] {logging_mixin.py:150} INFO - [2024-04-23T22:52:57.240+0000] {dagbag.py:541} INFO - Filling up the DagBag from /usr/local/python/3.10.13/lib/python3.10/site-packages/airflow/example_dags/tutorial_dag.py
[2024-04-23T22:52:57.244+0000] {processor.py:836} INFO - DAG(s) dict_keys(['tutorial_dag']) retrieved from /usr/local/python/3.10.13/lib/python3.10/site-packages/airflow/example_dags/tutorial_dag.py
[2024-04-23T22:52:57.256+0000] {logging_mixin.py:150} INFO - [2024-04-23T22:52:57.255+0000] {dag.py:2742} INFO - Sync 1 DAGs
[2024-04-23T22:52:57.270+0000] {logging_mixin.py:150} INFO - [2024-04-23T22:52:57.270+0000] {dag.py:3504} INFO - Setting next_dagrun for tutorial_dag to None, run_after=None
[2024-04-23T22:52:57.308+0000] {processor.py:179} INFO - Processing /usr/local/python/3.10.13/lib/python3.10/site-packages/airflow/example_dags/tutorial_dag.py took 0.071 seconds
[2024-04-23T22:53:54.179+0000] {processor.py:157} INFO - Started process (PID=43024) to work on /usr/local/python/3.10.13/lib/python3.10/site-packages/airflow/example_dags/tutorial_dag.py
[2024-04-23T22:53:54.179+0000] {processor.py:826} INFO - Processing file /usr/local/python/3.10.13/lib/python3.10/site-packages/airflow/example_dags/tutorial_dag.py for tasks to queue
[2024-04-23T22:53:54.180+0000] {logging_mixin.py:150} INFO - [2024-04-23T22:53:54.180+0000] {dagbag.py:541} INFO - Filling up the DagBag from /usr/local/python/3.10.13/lib/python3.10/site-packages/airflow/example_dags/tutorial_dag.py
[2024-04-23T22:53:54.183+0000] {processor.py:836} INFO - DAG(s) dict_keys(['tutorial_dag']) retrieved from /usr/local/python/3.10.13/lib/python3.10/site-packages/airflow/example_dags/tutorial_dag.py
[2024-04-23T22:53:54.196+0000] {logging_mixin.py:150} INFO - [2024-04-23T22:53:54.196+0000] {dag.py:2742} INFO - Sync 1 DAGs
[2024-04-23T22:53:54.297+0000] {logging_mixin.py:150} INFO - [2024-04-23T22:53:54.297+0000] {dag.py:3504} INFO - Setting next_dagrun for tutorial_dag to None, run_after=None
[2024-04-23T22:53:54.334+0000] {processor.py:179} INFO - Processing /usr/local/python/3.10.13/lib/python3.10/site-packages/airflow/example_dags/tutorial_dag.py took 0.158 seconds
[2024-04-23T22:54:36.088+0000] {processor.py:157} INFO - Started process (PID=43306) to work on /usr/local/python/3.10.13/lib/python3.10/site-packages/airflow/example_dags/tutorial_dag.py
[2024-04-23T22:54:36.089+0000] {processor.py:826} INFO - Processing file /usr/local/python/3.10.13/lib/python3.10/site-packages/airflow/example_dags/tutorial_dag.py for tasks to queue
[2024-04-23T22:54:36.089+0000] {logging_mixin.py:150} INFO - [2024-04-23T22:54:36.089+0000] {dagbag.py:541} INFO - Filling up the DagBag from /usr/local/python/3.10.13/lib/python3.10/site-packages/airflow/example_dags/tutorial_dag.py
[2024-04-23T22:54:36.093+0000] {processor.py:836} INFO - DAG(s) dict_keys(['tutorial_dag']) retrieved from /usr/local/python/3.10.13/lib/python3.10/site-packages/airflow/example_dags/tutorial_dag.py
[2024-04-23T22:54:36.105+0000] {logging_mixin.py:150} INFO - [2024-04-23T22:54:36.105+0000] {dag.py:2742} INFO - Sync 1 DAGs
[2024-04-23T22:54:36.120+0000] {logging_mixin.py:150} INFO - [2024-04-23T22:54:36.120+0000] {dag.py:3504} INFO - Setting next_dagrun for tutorial_dag to None, run_after=None
[2024-04-23T22:54:36.246+0000] {processor.py:179} INFO - Processing /usr/local/python/3.10.13/lib/python3.10/site-packages/airflow/example_dags/tutorial_dag.py took 0.160 seconds
[2024-04-23T22:55:17.958+0000] {processor.py:157} INFO - Started process (PID=43594) to work on /usr/local/python/3.10.13/lib/python3.10/site-packages/airflow/example_dags/tutorial_dag.py
[2024-04-23T22:55:17.959+0000] {processor.py:826} INFO - Processing file /usr/local/python/3.10.13/lib/python3.10/site-packages/airflow/example_dags/tutorial_dag.py for tasks to queue
[2024-04-23T22:55:17.959+0000] {logging_mixin.py:150} INFO - [2024-04-23T22:55:17.959+0000] {dagbag.py:541} INFO - Filling up the DagBag from /usr/local/python/3.10.13/lib/python3.10/site-packages/airflow/example_dags/tutorial_dag.py
[2024-04-23T22:55:17.963+0000] {processor.py:836} INFO - DAG(s) dict_keys(['tutorial_dag']) retrieved from /usr/local/python/3.10.13/lib/python3.10/site-packages/airflow/example_dags/tutorial_dag.py
[2024-04-23T22:55:17.975+0000] {logging_mixin.py:150} INFO - [2024-04-23T22:55:17.975+0000] {dag.py:2742} INFO - Sync 1 DAGs
[2024-04-23T22:55:17.991+0000] {logging_mixin.py:150} INFO - [2024-04-23T22:55:17.990+0000] {dag.py:3504} INFO - Setting next_dagrun for tutorial_dag to None, run_after=None
[2024-04-23T22:55:18.035+0000] {processor.py:179} INFO - Processing /usr/local/python/3.10.13/lib/python3.10/site-packages/airflow/example_dags/tutorial_dag.py took 0.080 seconds
[2024-04-23T22:56:16.617+0000] {processor.py:157} INFO - Started process (PID=44020) to work on /usr/local/python/3.10.13/lib/python3.10/site-packages/airflow/example_dags/tutorial_dag.py
[2024-04-23T22:56:16.618+0000] {processor.py:826} INFO - Processing file /usr/local/python/3.10.13/lib/python3.10/site-packages/airflow/example_dags/tutorial_dag.py for tasks to queue
[2024-04-23T22:56:16.619+0000] {logging_mixin.py:150} INFO - [2024-04-23T22:56:16.618+0000] {dagbag.py:541} INFO - Filling up the DagBag from /usr/local/python/3.10.13/lib/python3.10/site-packages/airflow/example_dags/tutorial_dag.py
[2024-04-23T22:56:16.622+0000] {processor.py:836} INFO - DAG(s) dict_keys(['tutorial_dag']) retrieved from /usr/local/python/3.10.13/lib/python3.10/site-packages/airflow/example_dags/tutorial_dag.py
[2024-04-23T22:56:16.634+0000] {logging_mixin.py:150} INFO - [2024-04-23T22:56:16.634+0000] {dag.py:2742} INFO - Sync 1 DAGs
[2024-04-23T22:56:16.649+0000] {logging_mixin.py:150} INFO - [2024-04-23T22:56:16.649+0000] {dag.py:3504} INFO - Setting next_dagrun for tutorial_dag to None, run_after=None
[2024-04-23T22:56:16.687+0000] {processor.py:179} INFO - Processing /usr/local/python/3.10.13/lib/python3.10/site-packages/airflow/example_dags/tutorial_dag.py took 0.072 seconds
[2024-04-23T22:56:59.495+0000] {processor.py:157} INFO - Started process (PID=44328) to work on /usr/local/python/3.10.13/lib/python3.10/site-packages/airflow/example_dags/tutorial_dag.py
[2024-04-23T22:56:59.495+0000] {processor.py:826} INFO - Processing file /usr/local/python/3.10.13/lib/python3.10/site-packages/airflow/example_dags/tutorial_dag.py for tasks to queue
[2024-04-23T22:56:59.496+0000] {logging_mixin.py:150} INFO - [2024-04-23T22:56:59.496+0000] {dagbag.py:541} INFO - Filling up the DagBag from /usr/local/python/3.10.13/lib/python3.10/site-packages/airflow/example_dags/tutorial_dag.py
[2024-04-23T22:56:59.499+0000] {processor.py:836} INFO - DAG(s) dict_keys(['tutorial_dag']) retrieved from /usr/local/python/3.10.13/lib/python3.10/site-packages/airflow/example_dags/tutorial_dag.py
[2024-04-23T22:56:59.512+0000] {logging_mixin.py:150} INFO - [2024-04-23T22:56:59.511+0000] {dag.py:2742} INFO - Sync 1 DAGs
[2024-04-23T22:56:59.529+0000] {logging_mixin.py:150} INFO - [2024-04-23T22:56:59.529+0000] {dag.py:3504} INFO - Setting next_dagrun for tutorial_dag to None, run_after=None
[2024-04-23T22:56:59.571+0000] {processor.py:179} INFO - Processing /usr/local/python/3.10.13/lib/python3.10/site-packages/airflow/example_dags/tutorial_dag.py took 0.079 seconds
[2024-04-23T22:57:42.686+0000] {processor.py:157} INFO - Started process (PID=44647) to work on /usr/local/python/3.10.13/lib/python3.10/site-packages/airflow/example_dags/tutorial_dag.py
[2024-04-23T22:57:42.687+0000] {processor.py:826} INFO - Processing file /usr/local/python/3.10.13/lib/python3.10/site-packages/airflow/example_dags/tutorial_dag.py for tasks to queue
[2024-04-23T22:57:42.687+0000] {logging_mixin.py:150} INFO - [2024-04-23T22:57:42.687+0000] {dagbag.py:541} INFO - Filling up the DagBag from /usr/local/python/3.10.13/lib/python3.10/site-packages/airflow/example_dags/tutorial_dag.py
[2024-04-23T22:57:42.691+0000] {processor.py:836} INFO - DAG(s) dict_keys(['tutorial_dag']) retrieved from /usr/local/python/3.10.13/lib/python3.10/site-packages/airflow/example_dags/tutorial_dag.py
[2024-04-23T22:57:42.703+0000] {logging_mixin.py:150} INFO - [2024-04-23T22:57:42.703+0000] {dag.py:2742} INFO - Sync 1 DAGs
[2024-04-23T22:57:42.720+0000] {logging_mixin.py:150} INFO - [2024-04-23T22:57:42.720+0000] {dag.py:3504} INFO - Setting next_dagrun for tutorial_dag to None, run_after=None
[2024-04-23T22:57:42.760+0000] {processor.py:179} INFO - Processing /usr/local/python/3.10.13/lib/python3.10/site-packages/airflow/example_dags/tutorial_dag.py took 0.076 seconds
[2024-04-23T22:58:34.331+0000] {processor.py:157} INFO - Started process (PID=45041) to work on /usr/local/python/3.10.13/lib/python3.10/site-packages/airflow/example_dags/tutorial_dag.py
[2024-04-23T22:58:34.332+0000] {processor.py:826} INFO - Processing file /usr/local/python/3.10.13/lib/python3.10/site-packages/airflow/example_dags/tutorial_dag.py for tasks to queue
[2024-04-23T22:58:34.333+0000] {logging_mixin.py:150} INFO - [2024-04-23T22:58:34.332+0000] {dagbag.py:541} INFO - Filling up the DagBag from /usr/local/python/3.10.13/lib/python3.10/site-packages/airflow/example_dags/tutorial_dag.py
[2024-04-23T22:58:34.337+0000] {processor.py:836} INFO - DAG(s) dict_keys(['tutorial_dag']) retrieved from /usr/local/python/3.10.13/lib/python3.10/site-packages/airflow/example_dags/tutorial_dag.py
[2024-04-23T22:58:34.352+0000] {logging_mixin.py:150} INFO - [2024-04-23T22:58:34.352+0000] {dag.py:2742} INFO - Sync 1 DAGs
[2024-04-23T22:58:34.372+0000] {logging_mixin.py:150} INFO - [2024-04-23T22:58:34.371+0000] {dag.py:3504} INFO - Setting next_dagrun for tutorial_dag to None, run_after=None
[2024-04-23T22:58:34.410+0000] {processor.py:179} INFO - Processing /usr/local/python/3.10.13/lib/python3.10/site-packages/airflow/example_dags/tutorial_dag.py took 0.081 seconds
[2024-04-23T22:59:23.658+0000] {processor.py:157} INFO - Started process (PID=45418) to work on /usr/local/python/3.10.13/lib/python3.10/site-packages/airflow/example_dags/tutorial_dag.py
[2024-04-23T22:59:23.659+0000] {processor.py:826} INFO - Processing file /usr/local/python/3.10.13/lib/python3.10/site-packages/airflow/example_dags/tutorial_dag.py for tasks to queue
[2024-04-23T22:59:23.659+0000] {logging_mixin.py:150} INFO - [2024-04-23T22:59:23.659+0000] {dagbag.py:541} INFO - Filling up the DagBag from /usr/local/python/3.10.13/lib/python3.10/site-packages/airflow/example_dags/tutorial_dag.py
[2024-04-23T22:59:23.663+0000] {processor.py:836} INFO - DAG(s) dict_keys(['tutorial_dag']) retrieved from /usr/local/python/3.10.13/lib/python3.10/site-packages/airflow/example_dags/tutorial_dag.py
[2024-04-23T22:59:23.674+0000] {logging_mixin.py:150} INFO - [2024-04-23T22:59:23.674+0000] {dag.py:2742} INFO - Sync 1 DAGs
[2024-04-23T22:59:23.689+0000] {logging_mixin.py:150} INFO - [2024-04-23T22:59:23.689+0000] {dag.py:3504} INFO - Setting next_dagrun for tutorial_dag to None, run_after=None
[2024-04-23T22:59:23.731+0000] {processor.py:179} INFO - Processing /usr/local/python/3.10.13/lib/python3.10/site-packages/airflow/example_dags/tutorial_dag.py took 0.075 seconds
[2024-04-23T23:00:15.114+0000] {processor.py:157} INFO - Started process (PID=45849) to work on /usr/local/python/3.10.13/lib/python3.10/site-packages/airflow/example_dags/tutorial_dag.py
[2024-04-23T23:00:15.114+0000] {processor.py:826} INFO - Processing file /usr/local/python/3.10.13/lib/python3.10/site-packages/airflow/example_dags/tutorial_dag.py for tasks to queue
[2024-04-23T23:00:15.115+0000] {logging_mixin.py:150} INFO - [2024-04-23T23:00:15.115+0000] {dagbag.py:541} INFO - Filling up the DagBag from /usr/local/python/3.10.13/lib/python3.10/site-packages/airflow/example_dags/tutorial_dag.py
[2024-04-23T23:00:15.119+0000] {processor.py:836} INFO - DAG(s) dict_keys(['tutorial_dag']) retrieved from /usr/local/python/3.10.13/lib/python3.10/site-packages/airflow/example_dags/tutorial_dag.py
[2024-04-23T23:00:15.131+0000] {logging_mixin.py:150} INFO - [2024-04-23T23:00:15.130+0000] {dag.py:2742} INFO - Sync 1 DAGs
[2024-04-23T23:00:15.145+0000] {logging_mixin.py:150} INFO - [2024-04-23T23:00:15.145+0000] {dag.py:3504} INFO - Setting next_dagrun for tutorial_dag to None, run_after=None
[2024-04-23T23:00:15.185+0000] {processor.py:179} INFO - Processing /usr/local/python/3.10.13/lib/python3.10/site-packages/airflow/example_dags/tutorial_dag.py took 0.073 seconds
