[2024-04-23T22:23:05.701+0000] {processor.py:157} INFO - Started process (PID=28526) to work on /usr/local/python/3.10.13/lib/python3.10/site-packages/airflow/example_dags/tutorial_taskflow_api_virtualenv.py
[2024-04-23T22:23:05.702+0000] {processor.py:826} INFO - Processing file /usr/local/python/3.10.13/lib/python3.10/site-packages/airflow/example_dags/tutorial_taskflow_api_virtualenv.py for tasks to queue
[2024-04-23T22:23:05.703+0000] {logging_mixin.py:150} INFO - [2024-04-23T22:23:05.702+0000] {dagbag.py:541} INFO - Filling up the DagBag from /usr/local/python/3.10.13/lib/python3.10/site-packages/airflow/example_dags/tutorial_taskflow_api_virtualenv.py
[2024-04-23T22:23:05.775+0000] {processor.py:836} INFO - DAG(s) dict_keys(['tutorial_taskflow_api_virtualenv']) retrieved from /usr/local/python/3.10.13/lib/python3.10/site-packages/airflow/example_dags/tutorial_taskflow_api_virtualenv.py
[2024-04-23T22:23:05.914+0000] {logging_mixin.py:150} INFO - [2024-04-23T22:23:05.914+0000] {manager.py:504} INFO - Created Permission View: can delete on DAG:tutorial_taskflow_api_virtualenv
[2024-04-23T22:23:05.946+0000] {logging_mixin.py:150} INFO - [2024-04-23T22:23:05.946+0000] {manager.py:504} INFO - Created Permission View: can edit on DAG:tutorial_taskflow_api_virtualenv
[2024-04-23T22:23:05.978+0000] {logging_mixin.py:150} INFO - [2024-04-23T22:23:05.977+0000] {manager.py:504} INFO - Created Permission View: can read on DAG:tutorial_taskflow_api_virtualenv
[2024-04-23T22:23:05.987+0000] {logging_mixin.py:150} INFO - [2024-04-23T22:23:05.986+0000] {dag.py:2742} INFO - Sync 1 DAGs
[2024-04-23T22:23:05.994+0000] {logging_mixin.py:150} INFO - [2024-04-23T22:23:05.993+0000] {dag.py:2763} INFO - Creating ORM DAG for tutorial_taskflow_api_virtualenv
[2024-04-23T22:23:06.000+0000] {logging_mixin.py:150} INFO - [2024-04-23T22:23:06.000+0000] {dag.py:3504} INFO - Setting next_dagrun for tutorial_taskflow_api_virtualenv to None, run_after=None
[2024-04-23T22:23:06.059+0000] {processor.py:179} INFO - Processing /usr/local/python/3.10.13/lib/python3.10/site-packages/airflow/example_dags/tutorial_taskflow_api_virtualenv.py took 0.360 seconds
[2024-04-23T22:24:05.133+0000] {processor.py:157} INFO - Started process (PID=28948) to work on /usr/local/python/3.10.13/lib/python3.10/site-packages/airflow/example_dags/tutorial_taskflow_api_virtualenv.py
[2024-04-23T22:24:05.134+0000] {processor.py:826} INFO - Processing file /usr/local/python/3.10.13/lib/python3.10/site-packages/airflow/example_dags/tutorial_taskflow_api_virtualenv.py for tasks to queue
[2024-04-23T22:24:05.135+0000] {logging_mixin.py:150} INFO - [2024-04-23T22:24:05.135+0000] {dagbag.py:541} INFO - Filling up the DagBag from /usr/local/python/3.10.13/lib/python3.10/site-packages/airflow/example_dags/tutorial_taskflow_api_virtualenv.py
[2024-04-23T22:24:05.142+0000] {processor.py:836} INFO - DAG(s) dict_keys(['tutorial_taskflow_api_virtualenv']) retrieved from /usr/local/python/3.10.13/lib/python3.10/site-packages/airflow/example_dags/tutorial_taskflow_api_virtualenv.py
[2024-04-23T22:24:05.154+0000] {logging_mixin.py:150} INFO - [2024-04-23T22:24:05.154+0000] {dag.py:2742} INFO - Sync 1 DAGs
[2024-04-23T22:24:05.169+0000] {logging_mixin.py:150} INFO - [2024-04-23T22:24:05.169+0000] {dag.py:3504} INFO - Setting next_dagrun for tutorial_taskflow_api_virtualenv to None, run_after=None
[2024-04-23T22:24:05.209+0000] {processor.py:179} INFO - Processing /usr/local/python/3.10.13/lib/python3.10/site-packages/airflow/example_dags/tutorial_taskflow_api_virtualenv.py took 0.078 seconds
[2024-04-23T22:24:44.993+0000] {processor.py:157} INFO - Started process (PID=29222) to work on /usr/local/python/3.10.13/lib/python3.10/site-packages/airflow/example_dags/tutorial_taskflow_api_virtualenv.py
[2024-04-23T22:24:44.993+0000] {processor.py:826} INFO - Processing file /usr/local/python/3.10.13/lib/python3.10/site-packages/airflow/example_dags/tutorial_taskflow_api_virtualenv.py for tasks to queue
[2024-04-23T22:24:44.994+0000] {logging_mixin.py:150} INFO - [2024-04-23T22:24:44.994+0000] {dagbag.py:541} INFO - Filling up the DagBag from /usr/local/python/3.10.13/lib/python3.10/site-packages/airflow/example_dags/tutorial_taskflow_api_virtualenv.py
[2024-04-23T22:24:44.999+0000] {processor.py:836} INFO - DAG(s) dict_keys(['tutorial_taskflow_api_virtualenv']) retrieved from /usr/local/python/3.10.13/lib/python3.10/site-packages/airflow/example_dags/tutorial_taskflow_api_virtualenv.py
[2024-04-23T22:24:45.010+0000] {logging_mixin.py:150} INFO - [2024-04-23T22:24:45.010+0000] {dag.py:2742} INFO - Sync 1 DAGs
[2024-04-23T22:24:45.025+0000] {logging_mixin.py:150} INFO - [2024-04-23T22:24:45.025+0000] {dag.py:3504} INFO - Setting next_dagrun for tutorial_taskflow_api_virtualenv to None, run_after=None
[2024-04-23T22:24:45.065+0000] {processor.py:179} INFO - Processing /usr/local/python/3.10.13/lib/python3.10/site-packages/airflow/example_dags/tutorial_taskflow_api_virtualenv.py took 0.074 seconds
[2024-04-23T22:25:17.836+0000] {processor.py:157} INFO - Started process (PID=29446) to work on /usr/local/python/3.10.13/lib/python3.10/site-packages/airflow/example_dags/tutorial_taskflow_api_virtualenv.py
[2024-04-23T22:25:17.836+0000] {processor.py:826} INFO - Processing file /usr/local/python/3.10.13/lib/python3.10/site-packages/airflow/example_dags/tutorial_taskflow_api_virtualenv.py for tasks to queue
[2024-04-23T22:25:17.837+0000] {logging_mixin.py:150} INFO - [2024-04-23T22:25:17.837+0000] {dagbag.py:541} INFO - Filling up the DagBag from /usr/local/python/3.10.13/lib/python3.10/site-packages/airflow/example_dags/tutorial_taskflow_api_virtualenv.py
[2024-04-23T22:25:17.842+0000] {processor.py:836} INFO - DAG(s) dict_keys(['tutorial_taskflow_api_virtualenv']) retrieved from /usr/local/python/3.10.13/lib/python3.10/site-packages/airflow/example_dags/tutorial_taskflow_api_virtualenv.py
[2024-04-23T22:25:17.853+0000] {logging_mixin.py:150} INFO - [2024-04-23T22:25:17.853+0000] {dag.py:2742} INFO - Sync 1 DAGs
[2024-04-23T22:25:17.868+0000] {logging_mixin.py:150} INFO - [2024-04-23T22:25:17.867+0000] {dag.py:3504} INFO - Setting next_dagrun for tutorial_taskflow_api_virtualenv to None, run_after=None
[2024-04-23T22:25:17.908+0000] {processor.py:179} INFO - Processing /usr/local/python/3.10.13/lib/python3.10/site-packages/airflow/example_dags/tutorial_taskflow_api_virtualenv.py took 0.074 seconds
[2024-04-23T22:25:49.842+0000] {processor.py:157} INFO - Started process (PID=29671) to work on /usr/local/python/3.10.13/lib/python3.10/site-packages/airflow/example_dags/tutorial_taskflow_api_virtualenv.py
[2024-04-23T22:25:49.843+0000] {processor.py:826} INFO - Processing file /usr/local/python/3.10.13/lib/python3.10/site-packages/airflow/example_dags/tutorial_taskflow_api_virtualenv.py for tasks to queue
[2024-04-23T22:25:49.843+0000] {logging_mixin.py:150} INFO - [2024-04-23T22:25:49.843+0000] {dagbag.py:541} INFO - Filling up the DagBag from /usr/local/python/3.10.13/lib/python3.10/site-packages/airflow/example_dags/tutorial_taskflow_api_virtualenv.py
[2024-04-23T22:25:49.849+0000] {processor.py:836} INFO - DAG(s) dict_keys(['tutorial_taskflow_api_virtualenv']) retrieved from /usr/local/python/3.10.13/lib/python3.10/site-packages/airflow/example_dags/tutorial_taskflow_api_virtualenv.py
[2024-04-23T22:25:49.860+0000] {logging_mixin.py:150} INFO - [2024-04-23T22:25:49.860+0000] {dag.py:2742} INFO - Sync 1 DAGs
[2024-04-23T22:25:49.875+0000] {logging_mixin.py:150} INFO - [2024-04-23T22:25:49.875+0000] {dag.py:3504} INFO - Setting next_dagrun for tutorial_taskflow_api_virtualenv to None, run_after=None
[2024-04-23T22:25:49.913+0000] {processor.py:179} INFO - Processing /usr/local/python/3.10.13/lib/python3.10/site-packages/airflow/example_dags/tutorial_taskflow_api_virtualenv.py took 0.073 seconds
[2024-04-23T22:26:22.584+0000] {processor.py:157} INFO - Started process (PID=29888) to work on /usr/local/python/3.10.13/lib/python3.10/site-packages/airflow/example_dags/tutorial_taskflow_api_virtualenv.py
[2024-04-23T22:26:22.585+0000] {processor.py:826} INFO - Processing file /usr/local/python/3.10.13/lib/python3.10/site-packages/airflow/example_dags/tutorial_taskflow_api_virtualenv.py for tasks to queue
[2024-04-23T22:26:22.586+0000] {logging_mixin.py:150} INFO - [2024-04-23T22:26:22.585+0000] {dagbag.py:541} INFO - Filling up the DagBag from /usr/local/python/3.10.13/lib/python3.10/site-packages/airflow/example_dags/tutorial_taskflow_api_virtualenv.py
[2024-04-23T22:26:22.591+0000] {processor.py:836} INFO - DAG(s) dict_keys(['tutorial_taskflow_api_virtualenv']) retrieved from /usr/local/python/3.10.13/lib/python3.10/site-packages/airflow/example_dags/tutorial_taskflow_api_virtualenv.py
[2024-04-23T22:26:22.602+0000] {logging_mixin.py:150} INFO - [2024-04-23T22:26:22.602+0000] {dag.py:2742} INFO - Sync 1 DAGs
[2024-04-23T22:26:22.617+0000] {logging_mixin.py:150} INFO - [2024-04-23T22:26:22.617+0000] {dag.py:3504} INFO - Setting next_dagrun for tutorial_taskflow_api_virtualenv to None, run_after=None
[2024-04-23T22:26:22.654+0000] {processor.py:179} INFO - Processing /usr/local/python/3.10.13/lib/python3.10/site-packages/airflow/example_dags/tutorial_taskflow_api_virtualenv.py took 0.072 seconds
[2024-04-23T22:26:54.465+0000] {processor.py:157} INFO - Started process (PID=30115) to work on /usr/local/python/3.10.13/lib/python3.10/site-packages/airflow/example_dags/tutorial_taskflow_api_virtualenv.py
[2024-04-23T22:26:54.466+0000] {processor.py:826} INFO - Processing file /usr/local/python/3.10.13/lib/python3.10/site-packages/airflow/example_dags/tutorial_taskflow_api_virtualenv.py for tasks to queue
[2024-04-23T22:26:54.466+0000] {logging_mixin.py:150} INFO - [2024-04-23T22:26:54.466+0000] {dagbag.py:541} INFO - Filling up the DagBag from /usr/local/python/3.10.13/lib/python3.10/site-packages/airflow/example_dags/tutorial_taskflow_api_virtualenv.py
[2024-04-23T22:26:54.471+0000] {processor.py:836} INFO - DAG(s) dict_keys(['tutorial_taskflow_api_virtualenv']) retrieved from /usr/local/python/3.10.13/lib/python3.10/site-packages/airflow/example_dags/tutorial_taskflow_api_virtualenv.py
[2024-04-23T22:26:54.483+0000] {logging_mixin.py:150} INFO - [2024-04-23T22:26:54.483+0000] {dag.py:2742} INFO - Sync 1 DAGs
[2024-04-23T22:26:54.497+0000] {logging_mixin.py:150} INFO - [2024-04-23T22:26:54.497+0000] {dag.py:3504} INFO - Setting next_dagrun for tutorial_taskflow_api_virtualenv to None, run_after=None
[2024-04-23T22:26:54.535+0000] {processor.py:179} INFO - Processing /usr/local/python/3.10.13/lib/python3.10/site-packages/airflow/example_dags/tutorial_taskflow_api_virtualenv.py took 0.072 seconds
[2024-04-23T22:27:26.063+0000] {processor.py:157} INFO - Started process (PID=30422) to work on /usr/local/python/3.10.13/lib/python3.10/site-packages/airflow/example_dags/tutorial_taskflow_api_virtualenv.py
[2024-04-23T22:27:26.063+0000] {processor.py:826} INFO - Processing file /usr/local/python/3.10.13/lib/python3.10/site-packages/airflow/example_dags/tutorial_taskflow_api_virtualenv.py for tasks to queue
[2024-04-23T22:27:26.064+0000] {logging_mixin.py:150} INFO - [2024-04-23T22:27:26.064+0000] {dagbag.py:541} INFO - Filling up the DagBag from /usr/local/python/3.10.13/lib/python3.10/site-packages/airflow/example_dags/tutorial_taskflow_api_virtualenv.py
[2024-04-23T22:27:26.069+0000] {processor.py:836} INFO - DAG(s) dict_keys(['tutorial_taskflow_api_virtualenv']) retrieved from /usr/local/python/3.10.13/lib/python3.10/site-packages/airflow/example_dags/tutorial_taskflow_api_virtualenv.py
[2024-04-23T22:27:26.080+0000] {logging_mixin.py:150} INFO - [2024-04-23T22:27:26.080+0000] {dag.py:2742} INFO - Sync 1 DAGs
[2024-04-23T22:27:26.096+0000] {logging_mixin.py:150} INFO - [2024-04-23T22:27:26.095+0000] {dag.py:3504} INFO - Setting next_dagrun for tutorial_taskflow_api_virtualenv to None, run_after=None
[2024-04-23T22:27:26.136+0000] {processor.py:179} INFO - Processing /usr/local/python/3.10.13/lib/python3.10/site-packages/airflow/example_dags/tutorial_taskflow_api_virtualenv.py took 0.075 seconds
[2024-04-23T22:27:58.416+0000] {processor.py:157} INFO - Started process (PID=30785) to work on /usr/local/python/3.10.13/lib/python3.10/site-packages/airflow/example_dags/tutorial_taskflow_api_virtualenv.py
[2024-04-23T22:27:58.417+0000] {processor.py:826} INFO - Processing file /usr/local/python/3.10.13/lib/python3.10/site-packages/airflow/example_dags/tutorial_taskflow_api_virtualenv.py for tasks to queue
[2024-04-23T22:27:58.417+0000] {logging_mixin.py:150} INFO - [2024-04-23T22:27:58.417+0000] {dagbag.py:541} INFO - Filling up the DagBag from /usr/local/python/3.10.13/lib/python3.10/site-packages/airflow/example_dags/tutorial_taskflow_api_virtualenv.py
[2024-04-23T22:27:58.423+0000] {processor.py:836} INFO - DAG(s) dict_keys(['tutorial_taskflow_api_virtualenv']) retrieved from /usr/local/python/3.10.13/lib/python3.10/site-packages/airflow/example_dags/tutorial_taskflow_api_virtualenv.py
[2024-04-23T22:27:58.436+0000] {logging_mixin.py:150} INFO - [2024-04-23T22:27:58.435+0000] {dag.py:2742} INFO - Sync 1 DAGs
[2024-04-23T22:27:58.450+0000] {logging_mixin.py:150} INFO - [2024-04-23T22:27:58.450+0000] {dag.py:3504} INFO - Setting next_dagrun for tutorial_taskflow_api_virtualenv to None, run_after=None
[2024-04-23T22:27:58.490+0000] {processor.py:179} INFO - Processing /usr/local/python/3.10.13/lib/python3.10/site-packages/airflow/example_dags/tutorial_taskflow_api_virtualenv.py took 0.075 seconds
[2024-04-23T22:28:29.315+0000] {processor.py:157} INFO - Started process (PID=31047) to work on /usr/local/python/3.10.13/lib/python3.10/site-packages/airflow/example_dags/tutorial_taskflow_api_virtualenv.py
[2024-04-23T22:28:29.316+0000] {processor.py:826} INFO - Processing file /usr/local/python/3.10.13/lib/python3.10/site-packages/airflow/example_dags/tutorial_taskflow_api_virtualenv.py for tasks to queue
[2024-04-23T22:28:29.316+0000] {logging_mixin.py:150} INFO - [2024-04-23T22:28:29.316+0000] {dagbag.py:541} INFO - Filling up the DagBag from /usr/local/python/3.10.13/lib/python3.10/site-packages/airflow/example_dags/tutorial_taskflow_api_virtualenv.py
[2024-04-23T22:28:29.321+0000] {processor.py:836} INFO - DAG(s) dict_keys(['tutorial_taskflow_api_virtualenv']) retrieved from /usr/local/python/3.10.13/lib/python3.10/site-packages/airflow/example_dags/tutorial_taskflow_api_virtualenv.py
[2024-04-23T22:28:29.333+0000] {logging_mixin.py:150} INFO - [2024-04-23T22:28:29.333+0000] {dag.py:2742} INFO - Sync 1 DAGs
[2024-04-23T22:28:29.348+0000] {logging_mixin.py:150} INFO - [2024-04-23T22:28:29.348+0000] {dag.py:3504} INFO - Setting next_dagrun for tutorial_taskflow_api_virtualenv to None, run_after=None
[2024-04-23T22:28:29.389+0000] {processor.py:179} INFO - Processing /usr/local/python/3.10.13/lib/python3.10/site-packages/airflow/example_dags/tutorial_taskflow_api_virtualenv.py took 0.076 seconds
[2024-04-23T22:29:00.420+0000] {processor.py:157} INFO - Started process (PID=31685) to work on /usr/local/python/3.10.13/lib/python3.10/site-packages/airflow/example_dags/tutorial_taskflow_api_virtualenv.py
[2024-04-23T22:29:00.421+0000] {processor.py:826} INFO - Processing file /usr/local/python/3.10.13/lib/python3.10/site-packages/airflow/example_dags/tutorial_taskflow_api_virtualenv.py for tasks to queue
[2024-04-23T22:29:00.421+0000] {logging_mixin.py:150} INFO - [2024-04-23T22:29:00.421+0000] {dagbag.py:541} INFO - Filling up the DagBag from /usr/local/python/3.10.13/lib/python3.10/site-packages/airflow/example_dags/tutorial_taskflow_api_virtualenv.py
[2024-04-23T22:29:00.426+0000] {processor.py:836} INFO - DAG(s) dict_keys(['tutorial_taskflow_api_virtualenv']) retrieved from /usr/local/python/3.10.13/lib/python3.10/site-packages/airflow/example_dags/tutorial_taskflow_api_virtualenv.py
[2024-04-23T22:29:00.438+0000] {logging_mixin.py:150} INFO - [2024-04-23T22:29:00.438+0000] {dag.py:2742} INFO - Sync 1 DAGs
[2024-04-23T22:29:00.453+0000] {logging_mixin.py:150} INFO - [2024-04-23T22:29:00.453+0000] {dag.py:3504} INFO - Setting next_dagrun for tutorial_taskflow_api_virtualenv to None, run_after=None
[2024-04-23T22:29:00.491+0000] {processor.py:179} INFO - Processing /usr/local/python/3.10.13/lib/python3.10/site-packages/airflow/example_dags/tutorial_taskflow_api_virtualenv.py took 0.073 seconds
[2024-04-23T22:29:46.913+0000] {processor.py:157} INFO - Started process (PID=32032) to work on /usr/local/python/3.10.13/lib/python3.10/site-packages/airflow/example_dags/tutorial_taskflow_api_virtualenv.py
[2024-04-23T22:29:46.914+0000] {processor.py:826} INFO - Processing file /usr/local/python/3.10.13/lib/python3.10/site-packages/airflow/example_dags/tutorial_taskflow_api_virtualenv.py for tasks to queue
[2024-04-23T22:29:46.914+0000] {logging_mixin.py:150} INFO - [2024-04-23T22:29:46.914+0000] {dagbag.py:541} INFO - Filling up the DagBag from /usr/local/python/3.10.13/lib/python3.10/site-packages/airflow/example_dags/tutorial_taskflow_api_virtualenv.py
[2024-04-23T22:29:46.920+0000] {processor.py:836} INFO - DAG(s) dict_keys(['tutorial_taskflow_api_virtualenv']) retrieved from /usr/local/python/3.10.13/lib/python3.10/site-packages/airflow/example_dags/tutorial_taskflow_api_virtualenv.py
[2024-04-23T22:29:46.931+0000] {logging_mixin.py:150} INFO - [2024-04-23T22:29:46.931+0000] {dag.py:2742} INFO - Sync 1 DAGs
[2024-04-23T22:29:46.945+0000] {logging_mixin.py:150} INFO - [2024-04-23T22:29:46.945+0000] {dag.py:3504} INFO - Setting next_dagrun for tutorial_taskflow_api_virtualenv to None, run_after=None
[2024-04-23T22:29:46.984+0000] {processor.py:179} INFO - Processing /usr/local/python/3.10.13/lib/python3.10/site-packages/airflow/example_dags/tutorial_taskflow_api_virtualenv.py took 0.073 seconds
[2024-04-23T22:30:22.092+0000] {processor.py:157} INFO - Started process (PID=32318) to work on /usr/local/python/3.10.13/lib/python3.10/site-packages/airflow/example_dags/tutorial_taskflow_api_virtualenv.py
[2024-04-23T22:30:22.092+0000] {processor.py:826} INFO - Processing file /usr/local/python/3.10.13/lib/python3.10/site-packages/airflow/example_dags/tutorial_taskflow_api_virtualenv.py for tasks to queue
[2024-04-23T22:30:22.093+0000] {logging_mixin.py:150} INFO - [2024-04-23T22:30:22.092+0000] {dagbag.py:541} INFO - Filling up the DagBag from /usr/local/python/3.10.13/lib/python3.10/site-packages/airflow/example_dags/tutorial_taskflow_api_virtualenv.py
[2024-04-23T22:30:22.099+0000] {processor.py:836} INFO - DAG(s) dict_keys(['tutorial_taskflow_api_virtualenv']) retrieved from /usr/local/python/3.10.13/lib/python3.10/site-packages/airflow/example_dags/tutorial_taskflow_api_virtualenv.py
[2024-04-23T22:30:22.110+0000] {logging_mixin.py:150} INFO - [2024-04-23T22:30:22.110+0000] {dag.py:2742} INFO - Sync 1 DAGs
[2024-04-23T22:30:22.126+0000] {logging_mixin.py:150} INFO - [2024-04-23T22:30:22.125+0000] {dag.py:3504} INFO - Setting next_dagrun for tutorial_taskflow_api_virtualenv to None, run_after=None
[2024-04-23T22:30:22.163+0000] {processor.py:179} INFO - Processing /usr/local/python/3.10.13/lib/python3.10/site-packages/airflow/example_dags/tutorial_taskflow_api_virtualenv.py took 0.074 seconds
[2024-04-23T22:30:57.196+0000] {processor.py:157} INFO - Started process (PID=32575) to work on /usr/local/python/3.10.13/lib/python3.10/site-packages/airflow/example_dags/tutorial_taskflow_api_virtualenv.py
[2024-04-23T22:30:57.196+0000] {processor.py:826} INFO - Processing file /usr/local/python/3.10.13/lib/python3.10/site-packages/airflow/example_dags/tutorial_taskflow_api_virtualenv.py for tasks to queue
[2024-04-23T22:30:57.197+0000] {logging_mixin.py:150} INFO - [2024-04-23T22:30:57.197+0000] {dagbag.py:541} INFO - Filling up the DagBag from /usr/local/python/3.10.13/lib/python3.10/site-packages/airflow/example_dags/tutorial_taskflow_api_virtualenv.py
[2024-04-23T22:30:57.202+0000] {processor.py:836} INFO - DAG(s) dict_keys(['tutorial_taskflow_api_virtualenv']) retrieved from /usr/local/python/3.10.13/lib/python3.10/site-packages/airflow/example_dags/tutorial_taskflow_api_virtualenv.py
[2024-04-23T22:30:57.214+0000] {logging_mixin.py:150} INFO - [2024-04-23T22:30:57.213+0000] {dag.py:2742} INFO - Sync 1 DAGs
[2024-04-23T22:30:57.228+0000] {logging_mixin.py:150} INFO - [2024-04-23T22:30:57.228+0000] {dag.py:3504} INFO - Setting next_dagrun for tutorial_taskflow_api_virtualenv to None, run_after=None
[2024-04-23T22:30:57.266+0000] {processor.py:179} INFO - Processing /usr/local/python/3.10.13/lib/python3.10/site-packages/airflow/example_dags/tutorial_taskflow_api_virtualenv.py took 0.072 seconds
[2024-04-23T22:31:34.342+0000] {processor.py:157} INFO - Started process (PID=32857) to work on /usr/local/python/3.10.13/lib/python3.10/site-packages/airflow/example_dags/tutorial_taskflow_api_virtualenv.py
[2024-04-23T22:31:34.342+0000] {processor.py:826} INFO - Processing file /usr/local/python/3.10.13/lib/python3.10/site-packages/airflow/example_dags/tutorial_taskflow_api_virtualenv.py for tasks to queue
[2024-04-23T22:31:34.343+0000] {logging_mixin.py:150} INFO - [2024-04-23T22:31:34.343+0000] {dagbag.py:541} INFO - Filling up the DagBag from /usr/local/python/3.10.13/lib/python3.10/site-packages/airflow/example_dags/tutorial_taskflow_api_virtualenv.py
[2024-04-23T22:31:34.348+0000] {processor.py:836} INFO - DAG(s) dict_keys(['tutorial_taskflow_api_virtualenv']) retrieved from /usr/local/python/3.10.13/lib/python3.10/site-packages/airflow/example_dags/tutorial_taskflow_api_virtualenv.py
[2024-04-23T22:31:34.360+0000] {logging_mixin.py:150} INFO - [2024-04-23T22:31:34.360+0000] {dag.py:2742} INFO - Sync 1 DAGs
[2024-04-23T22:31:34.375+0000] {logging_mixin.py:150} INFO - [2024-04-23T22:31:34.374+0000] {dag.py:3504} INFO - Setting next_dagrun for tutorial_taskflow_api_virtualenv to None, run_after=None
[2024-04-23T22:31:34.412+0000] {processor.py:179} INFO - Processing /usr/local/python/3.10.13/lib/python3.10/site-packages/airflow/example_dags/tutorial_taskflow_api_virtualenv.py took 0.073 seconds
[2024-04-23T22:32:09.820+0000] {processor.py:157} INFO - Started process (PID=33109) to work on /usr/local/python/3.10.13/lib/python3.10/site-packages/airflow/example_dags/tutorial_taskflow_api_virtualenv.py
[2024-04-23T22:32:09.820+0000] {processor.py:826} INFO - Processing file /usr/local/python/3.10.13/lib/python3.10/site-packages/airflow/example_dags/tutorial_taskflow_api_virtualenv.py for tasks to queue
[2024-04-23T22:32:09.821+0000] {logging_mixin.py:150} INFO - [2024-04-23T22:32:09.821+0000] {dagbag.py:541} INFO - Filling up the DagBag from /usr/local/python/3.10.13/lib/python3.10/site-packages/airflow/example_dags/tutorial_taskflow_api_virtualenv.py
[2024-04-23T22:32:09.826+0000] {processor.py:836} INFO - DAG(s) dict_keys(['tutorial_taskflow_api_virtualenv']) retrieved from /usr/local/python/3.10.13/lib/python3.10/site-packages/airflow/example_dags/tutorial_taskflow_api_virtualenv.py
[2024-04-23T22:32:09.837+0000] {logging_mixin.py:150} INFO - [2024-04-23T22:32:09.837+0000] {dag.py:2742} INFO - Sync 1 DAGs
[2024-04-23T22:32:09.852+0000] {logging_mixin.py:150} INFO - [2024-04-23T22:32:09.852+0000] {dag.py:3504} INFO - Setting next_dagrun for tutorial_taskflow_api_virtualenv to None, run_after=None
[2024-04-23T22:32:09.891+0000] {processor.py:179} INFO - Processing /usr/local/python/3.10.13/lib/python3.10/site-packages/airflow/example_dags/tutorial_taskflow_api_virtualenv.py took 0.073 seconds
[2024-04-23T22:32:44.635+0000] {processor.py:157} INFO - Started process (PID=33383) to work on /usr/local/python/3.10.13/lib/python3.10/site-packages/airflow/example_dags/tutorial_taskflow_api_virtualenv.py
[2024-04-23T22:32:44.636+0000] {processor.py:826} INFO - Processing file /usr/local/python/3.10.13/lib/python3.10/site-packages/airflow/example_dags/tutorial_taskflow_api_virtualenv.py for tasks to queue
[2024-04-23T22:32:44.636+0000] {logging_mixin.py:150} INFO - [2024-04-23T22:32:44.636+0000] {dagbag.py:541} INFO - Filling up the DagBag from /usr/local/python/3.10.13/lib/python3.10/site-packages/airflow/example_dags/tutorial_taskflow_api_virtualenv.py
[2024-04-23T22:32:44.642+0000] {processor.py:836} INFO - DAG(s) dict_keys(['tutorial_taskflow_api_virtualenv']) retrieved from /usr/local/python/3.10.13/lib/python3.10/site-packages/airflow/example_dags/tutorial_taskflow_api_virtualenv.py
[2024-04-23T22:32:44.655+0000] {logging_mixin.py:150} INFO - [2024-04-23T22:32:44.655+0000] {dag.py:2742} INFO - Sync 1 DAGs
[2024-04-23T22:32:44.672+0000] {logging_mixin.py:150} INFO - [2024-04-23T22:32:44.672+0000] {dag.py:3504} INFO - Setting next_dagrun for tutorial_taskflow_api_virtualenv to None, run_after=None
[2024-04-23T22:32:44.716+0000] {processor.py:179} INFO - Processing /usr/local/python/3.10.13/lib/python3.10/site-packages/airflow/example_dags/tutorial_taskflow_api_virtualenv.py took 0.083 seconds
[2024-04-23T22:33:15.262+0000] {processor.py:157} INFO - Started process (PID=33626) to work on /usr/local/python/3.10.13/lib/python3.10/site-packages/airflow/example_dags/tutorial_taskflow_api_virtualenv.py
[2024-04-23T22:33:15.263+0000] {processor.py:826} INFO - Processing file /usr/local/python/3.10.13/lib/python3.10/site-packages/airflow/example_dags/tutorial_taskflow_api_virtualenv.py for tasks to queue
[2024-04-23T22:33:15.264+0000] {logging_mixin.py:150} INFO - [2024-04-23T22:33:15.264+0000] {dagbag.py:541} INFO - Filling up the DagBag from /usr/local/python/3.10.13/lib/python3.10/site-packages/airflow/example_dags/tutorial_taskflow_api_virtualenv.py
[2024-04-23T22:33:15.269+0000] {processor.py:836} INFO - DAG(s) dict_keys(['tutorial_taskflow_api_virtualenv']) retrieved from /usr/local/python/3.10.13/lib/python3.10/site-packages/airflow/example_dags/tutorial_taskflow_api_virtualenv.py
[2024-04-23T22:33:15.281+0000] {logging_mixin.py:150} INFO - [2024-04-23T22:33:15.280+0000] {dag.py:2742} INFO - Sync 1 DAGs
[2024-04-23T22:33:15.300+0000] {logging_mixin.py:150} INFO - [2024-04-23T22:33:15.300+0000] {dag.py:3504} INFO - Setting next_dagrun for tutorial_taskflow_api_virtualenv to None, run_after=None
[2024-04-23T22:33:15.340+0000] {processor.py:179} INFO - Processing /usr/local/python/3.10.13/lib/python3.10/site-packages/airflow/example_dags/tutorial_taskflow_api_virtualenv.py took 0.080 seconds
[2024-04-23T22:33:51.064+0000] {processor.py:157} INFO - Started process (PID=33881) to work on /usr/local/python/3.10.13/lib/python3.10/site-packages/airflow/example_dags/tutorial_taskflow_api_virtualenv.py
[2024-04-23T22:33:51.065+0000] {processor.py:826} INFO - Processing file /usr/local/python/3.10.13/lib/python3.10/site-packages/airflow/example_dags/tutorial_taskflow_api_virtualenv.py for tasks to queue
[2024-04-23T22:33:51.065+0000] {logging_mixin.py:150} INFO - [2024-04-23T22:33:51.065+0000] {dagbag.py:541} INFO - Filling up the DagBag from /usr/local/python/3.10.13/lib/python3.10/site-packages/airflow/example_dags/tutorial_taskflow_api_virtualenv.py
[2024-04-23T22:33:51.071+0000] {processor.py:836} INFO - DAG(s) dict_keys(['tutorial_taskflow_api_virtualenv']) retrieved from /usr/local/python/3.10.13/lib/python3.10/site-packages/airflow/example_dags/tutorial_taskflow_api_virtualenv.py
[2024-04-23T22:33:51.083+0000] {logging_mixin.py:150} INFO - [2024-04-23T22:33:51.082+0000] {dag.py:2742} INFO - Sync 1 DAGs
[2024-04-23T22:33:51.098+0000] {logging_mixin.py:150} INFO - [2024-04-23T22:33:51.097+0000] {dag.py:3504} INFO - Setting next_dagrun for tutorial_taskflow_api_virtualenv to None, run_after=None
[2024-04-23T22:33:51.134+0000] {processor.py:179} INFO - Processing /usr/local/python/3.10.13/lib/python3.10/site-packages/airflow/example_dags/tutorial_taskflow_api_virtualenv.py took 0.072 seconds
[2024-04-23T22:34:28.439+0000] {processor.py:157} INFO - Started process (PID=34169) to work on /usr/local/python/3.10.13/lib/python3.10/site-packages/airflow/example_dags/tutorial_taskflow_api_virtualenv.py
[2024-04-23T22:34:28.439+0000] {processor.py:826} INFO - Processing file /usr/local/python/3.10.13/lib/python3.10/site-packages/airflow/example_dags/tutorial_taskflow_api_virtualenv.py for tasks to queue
[2024-04-23T22:34:28.440+0000] {logging_mixin.py:150} INFO - [2024-04-23T22:34:28.440+0000] {dagbag.py:541} INFO - Filling up the DagBag from /usr/local/python/3.10.13/lib/python3.10/site-packages/airflow/example_dags/tutorial_taskflow_api_virtualenv.py
[2024-04-23T22:34:28.445+0000] {processor.py:836} INFO - DAG(s) dict_keys(['tutorial_taskflow_api_virtualenv']) retrieved from /usr/local/python/3.10.13/lib/python3.10/site-packages/airflow/example_dags/tutorial_taskflow_api_virtualenv.py
[2024-04-23T22:34:28.457+0000] {logging_mixin.py:150} INFO - [2024-04-23T22:34:28.457+0000] {dag.py:2742} INFO - Sync 1 DAGs
[2024-04-23T22:34:28.474+0000] {logging_mixin.py:150} INFO - [2024-04-23T22:34:28.473+0000] {dag.py:3504} INFO - Setting next_dagrun for tutorial_taskflow_api_virtualenv to None, run_after=None
[2024-04-23T22:34:28.513+0000] {processor.py:179} INFO - Processing /usr/local/python/3.10.13/lib/python3.10/site-packages/airflow/example_dags/tutorial_taskflow_api_virtualenv.py took 0.076 seconds
[2024-04-23T22:35:03.333+0000] {processor.py:157} INFO - Started process (PID=34511) to work on /usr/local/python/3.10.13/lib/python3.10/site-packages/airflow/example_dags/tutorial_taskflow_api_virtualenv.py
[2024-04-23T22:35:03.334+0000] {processor.py:826} INFO - Processing file /usr/local/python/3.10.13/lib/python3.10/site-packages/airflow/example_dags/tutorial_taskflow_api_virtualenv.py for tasks to queue
[2024-04-23T22:35:03.334+0000] {logging_mixin.py:150} INFO - [2024-04-23T22:35:03.334+0000] {dagbag.py:541} INFO - Filling up the DagBag from /usr/local/python/3.10.13/lib/python3.10/site-packages/airflow/example_dags/tutorial_taskflow_api_virtualenv.py
[2024-04-23T22:35:03.340+0000] {processor.py:836} INFO - DAG(s) dict_keys(['tutorial_taskflow_api_virtualenv']) retrieved from /usr/local/python/3.10.13/lib/python3.10/site-packages/airflow/example_dags/tutorial_taskflow_api_virtualenv.py
[2024-04-23T22:35:03.352+0000] {logging_mixin.py:150} INFO - [2024-04-23T22:35:03.351+0000] {dag.py:2742} INFO - Sync 1 DAGs
[2024-04-23T22:35:03.366+0000] {logging_mixin.py:150} INFO - [2024-04-23T22:35:03.366+0000] {dag.py:3504} INFO - Setting next_dagrun for tutorial_taskflow_api_virtualenv to None, run_after=None
[2024-04-23T22:35:03.407+0000] {processor.py:179} INFO - Processing /usr/local/python/3.10.13/lib/python3.10/site-packages/airflow/example_dags/tutorial_taskflow_api_virtualenv.py took 0.076 seconds
[2024-04-23T22:35:36.695+0000] {processor.py:157} INFO - Started process (PID=34791) to work on /usr/local/python/3.10.13/lib/python3.10/site-packages/airflow/example_dags/tutorial_taskflow_api_virtualenv.py
[2024-04-23T22:35:36.696+0000] {processor.py:826} INFO - Processing file /usr/local/python/3.10.13/lib/python3.10/site-packages/airflow/example_dags/tutorial_taskflow_api_virtualenv.py for tasks to queue
[2024-04-23T22:35:36.697+0000] {logging_mixin.py:150} INFO - [2024-04-23T22:35:36.696+0000] {dagbag.py:541} INFO - Filling up the DagBag from /usr/local/python/3.10.13/lib/python3.10/site-packages/airflow/example_dags/tutorial_taskflow_api_virtualenv.py
[2024-04-23T22:35:36.702+0000] {processor.py:836} INFO - DAG(s) dict_keys(['tutorial_taskflow_api_virtualenv']) retrieved from /usr/local/python/3.10.13/lib/python3.10/site-packages/airflow/example_dags/tutorial_taskflow_api_virtualenv.py
[2024-04-23T22:35:36.713+0000] {logging_mixin.py:150} INFO - [2024-04-23T22:35:36.713+0000] {dag.py:2742} INFO - Sync 1 DAGs
[2024-04-23T22:35:36.728+0000] {logging_mixin.py:150} INFO - [2024-04-23T22:35:36.728+0000] {dag.py:3504} INFO - Setting next_dagrun for tutorial_taskflow_api_virtualenv to None, run_after=None
[2024-04-23T22:35:36.770+0000] {processor.py:179} INFO - Processing /usr/local/python/3.10.13/lib/python3.10/site-packages/airflow/example_dags/tutorial_taskflow_api_virtualenv.py took 0.077 seconds
[2024-04-23T22:36:08.065+0000] {processor.py:157} INFO - Started process (PID=35036) to work on /usr/local/python/3.10.13/lib/python3.10/site-packages/airflow/example_dags/tutorial_taskflow_api_virtualenv.py
[2024-04-23T22:36:08.066+0000] {processor.py:826} INFO - Processing file /usr/local/python/3.10.13/lib/python3.10/site-packages/airflow/example_dags/tutorial_taskflow_api_virtualenv.py for tasks to queue
[2024-04-23T22:36:08.067+0000] {logging_mixin.py:150} INFO - [2024-04-23T22:36:08.066+0000] {dagbag.py:541} INFO - Filling up the DagBag from /usr/local/python/3.10.13/lib/python3.10/site-packages/airflow/example_dags/tutorial_taskflow_api_virtualenv.py
[2024-04-23T22:36:08.074+0000] {processor.py:836} INFO - DAG(s) dict_keys(['tutorial_taskflow_api_virtualenv']) retrieved from /usr/local/python/3.10.13/lib/python3.10/site-packages/airflow/example_dags/tutorial_taskflow_api_virtualenv.py
[2024-04-23T22:36:08.091+0000] {logging_mixin.py:150} INFO - [2024-04-23T22:36:08.091+0000] {dag.py:2742} INFO - Sync 1 DAGs
[2024-04-23T22:36:08.114+0000] {logging_mixin.py:150} INFO - [2024-04-23T22:36:08.114+0000] {dag.py:3504} INFO - Setting next_dagrun for tutorial_taskflow_api_virtualenv to None, run_after=None
[2024-04-23T22:36:08.156+0000] {processor.py:179} INFO - Processing /usr/local/python/3.10.13/lib/python3.10/site-packages/airflow/example_dags/tutorial_taskflow_api_virtualenv.py took 0.094 seconds
[2024-04-23T22:36:43.821+0000] {processor.py:157} INFO - Started process (PID=35309) to work on /usr/local/python/3.10.13/lib/python3.10/site-packages/airflow/example_dags/tutorial_taskflow_api_virtualenv.py
[2024-04-23T22:36:43.822+0000] {processor.py:826} INFO - Processing file /usr/local/python/3.10.13/lib/python3.10/site-packages/airflow/example_dags/tutorial_taskflow_api_virtualenv.py for tasks to queue
[2024-04-23T22:36:43.822+0000] {logging_mixin.py:150} INFO - [2024-04-23T22:36:43.822+0000] {dagbag.py:541} INFO - Filling up the DagBag from /usr/local/python/3.10.13/lib/python3.10/site-packages/airflow/example_dags/tutorial_taskflow_api_virtualenv.py
[2024-04-23T22:36:43.827+0000] {processor.py:836} INFO - DAG(s) dict_keys(['tutorial_taskflow_api_virtualenv']) retrieved from /usr/local/python/3.10.13/lib/python3.10/site-packages/airflow/example_dags/tutorial_taskflow_api_virtualenv.py
[2024-04-23T22:36:43.843+0000] {logging_mixin.py:150} INFO - [2024-04-23T22:36:43.842+0000] {dag.py:2742} INFO - Sync 1 DAGs
[2024-04-23T22:36:43.858+0000] {logging_mixin.py:150} INFO - [2024-04-23T22:36:43.858+0000] {dag.py:3504} INFO - Setting next_dagrun for tutorial_taskflow_api_virtualenv to None, run_after=None
[2024-04-23T22:36:43.899+0000] {processor.py:179} INFO - Processing /usr/local/python/3.10.13/lib/python3.10/site-packages/airflow/example_dags/tutorial_taskflow_api_virtualenv.py took 0.081 seconds
[2024-04-23T22:37:20.300+0000] {processor.py:157} INFO - Started process (PID=35583) to work on /usr/local/python/3.10.13/lib/python3.10/site-packages/airflow/example_dags/tutorial_taskflow_api_virtualenv.py
[2024-04-23T22:37:20.300+0000] {processor.py:826} INFO - Processing file /usr/local/python/3.10.13/lib/python3.10/site-packages/airflow/example_dags/tutorial_taskflow_api_virtualenv.py for tasks to queue
[2024-04-23T22:37:20.301+0000] {logging_mixin.py:150} INFO - [2024-04-23T22:37:20.301+0000] {dagbag.py:541} INFO - Filling up the DagBag from /usr/local/python/3.10.13/lib/python3.10/site-packages/airflow/example_dags/tutorial_taskflow_api_virtualenv.py
[2024-04-23T22:37:20.306+0000] {processor.py:836} INFO - DAG(s) dict_keys(['tutorial_taskflow_api_virtualenv']) retrieved from /usr/local/python/3.10.13/lib/python3.10/site-packages/airflow/example_dags/tutorial_taskflow_api_virtualenv.py
[2024-04-23T22:37:20.319+0000] {logging_mixin.py:150} INFO - [2024-04-23T22:37:20.319+0000] {dag.py:2742} INFO - Sync 1 DAGs
[2024-04-23T22:37:20.335+0000] {logging_mixin.py:150} INFO - [2024-04-23T22:37:20.335+0000] {dag.py:3504} INFO - Setting next_dagrun for tutorial_taskflow_api_virtualenv to None, run_after=None
[2024-04-23T22:37:20.371+0000] {processor.py:179} INFO - Processing /usr/local/python/3.10.13/lib/python3.10/site-packages/airflow/example_dags/tutorial_taskflow_api_virtualenv.py took 0.074 seconds
[2024-04-23T22:37:54.843+0000] {processor.py:157} INFO - Started process (PID=35840) to work on /usr/local/python/3.10.13/lib/python3.10/site-packages/airflow/example_dags/tutorial_taskflow_api_virtualenv.py
[2024-04-23T22:37:54.843+0000] {processor.py:826} INFO - Processing file /usr/local/python/3.10.13/lib/python3.10/site-packages/airflow/example_dags/tutorial_taskflow_api_virtualenv.py for tasks to queue
[2024-04-23T22:37:54.844+0000] {logging_mixin.py:150} INFO - [2024-04-23T22:37:54.844+0000] {dagbag.py:541} INFO - Filling up the DagBag from /usr/local/python/3.10.13/lib/python3.10/site-packages/airflow/example_dags/tutorial_taskflow_api_virtualenv.py
[2024-04-23T22:37:54.849+0000] {processor.py:836} INFO - DAG(s) dict_keys(['tutorial_taskflow_api_virtualenv']) retrieved from /usr/local/python/3.10.13/lib/python3.10/site-packages/airflow/example_dags/tutorial_taskflow_api_virtualenv.py
[2024-04-23T22:37:54.861+0000] {logging_mixin.py:150} INFO - [2024-04-23T22:37:54.861+0000] {dag.py:2742} INFO - Sync 1 DAGs
[2024-04-23T22:37:54.876+0000] {logging_mixin.py:150} INFO - [2024-04-23T22:37:54.876+0000] {dag.py:3504} INFO - Setting next_dagrun for tutorial_taskflow_api_virtualenv to None, run_after=None
[2024-04-23T22:37:54.912+0000] {processor.py:179} INFO - Processing /usr/local/python/3.10.13/lib/python3.10/site-packages/airflow/example_dags/tutorial_taskflow_api_virtualenv.py took 0.071 seconds
[2024-04-23T22:38:27.025+0000] {processor.py:157} INFO - Started process (PID=36093) to work on /usr/local/python/3.10.13/lib/python3.10/site-packages/airflow/example_dags/tutorial_taskflow_api_virtualenv.py
[2024-04-23T22:38:27.026+0000] {processor.py:826} INFO - Processing file /usr/local/python/3.10.13/lib/python3.10/site-packages/airflow/example_dags/tutorial_taskflow_api_virtualenv.py for tasks to queue
[2024-04-23T22:38:27.026+0000] {logging_mixin.py:150} INFO - [2024-04-23T22:38:27.026+0000] {dagbag.py:541} INFO - Filling up the DagBag from /usr/local/python/3.10.13/lib/python3.10/site-packages/airflow/example_dags/tutorial_taskflow_api_virtualenv.py
[2024-04-23T22:38:27.032+0000] {processor.py:836} INFO - DAG(s) dict_keys(['tutorial_taskflow_api_virtualenv']) retrieved from /usr/local/python/3.10.13/lib/python3.10/site-packages/airflow/example_dags/tutorial_taskflow_api_virtualenv.py
[2024-04-23T22:38:27.045+0000] {logging_mixin.py:150} INFO - [2024-04-23T22:38:27.045+0000] {dag.py:2742} INFO - Sync 1 DAGs
[2024-04-23T22:38:27.060+0000] {logging_mixin.py:150} INFO - [2024-04-23T22:38:27.060+0000] {dag.py:3504} INFO - Setting next_dagrun for tutorial_taskflow_api_virtualenv to None, run_after=None
[2024-04-23T22:38:27.101+0000] {processor.py:179} INFO - Processing /usr/local/python/3.10.13/lib/python3.10/site-packages/airflow/example_dags/tutorial_taskflow_api_virtualenv.py took 0.078 seconds
[2024-04-23T22:39:00.928+0000] {processor.py:157} INFO - Started process (PID=36346) to work on /usr/local/python/3.10.13/lib/python3.10/site-packages/airflow/example_dags/tutorial_taskflow_api_virtualenv.py
[2024-04-23T22:39:00.928+0000] {processor.py:826} INFO - Processing file /usr/local/python/3.10.13/lib/python3.10/site-packages/airflow/example_dags/tutorial_taskflow_api_virtualenv.py for tasks to queue
[2024-04-23T22:39:00.929+0000] {logging_mixin.py:150} INFO - [2024-04-23T22:39:00.929+0000] {dagbag.py:541} INFO - Filling up the DagBag from /usr/local/python/3.10.13/lib/python3.10/site-packages/airflow/example_dags/tutorial_taskflow_api_virtualenv.py
[2024-04-23T22:39:00.934+0000] {processor.py:836} INFO - DAG(s) dict_keys(['tutorial_taskflow_api_virtualenv']) retrieved from /usr/local/python/3.10.13/lib/python3.10/site-packages/airflow/example_dags/tutorial_taskflow_api_virtualenv.py
[2024-04-23T22:39:00.946+0000] {logging_mixin.py:150} INFO - [2024-04-23T22:39:00.946+0000] {dag.py:2742} INFO - Sync 1 DAGs
[2024-04-23T22:39:00.961+0000] {logging_mixin.py:150} INFO - [2024-04-23T22:39:00.960+0000] {dag.py:3504} INFO - Setting next_dagrun for tutorial_taskflow_api_virtualenv to None, run_after=None
[2024-04-23T22:39:00.999+0000] {processor.py:179} INFO - Processing /usr/local/python/3.10.13/lib/python3.10/site-packages/airflow/example_dags/tutorial_taskflow_api_virtualenv.py took 0.074 seconds
[2024-04-23T22:39:34.714+0000] {processor.py:157} INFO - Started process (PID=36602) to work on /usr/local/python/3.10.13/lib/python3.10/site-packages/airflow/example_dags/tutorial_taskflow_api_virtualenv.py
[2024-04-23T22:39:34.715+0000] {processor.py:826} INFO - Processing file /usr/local/python/3.10.13/lib/python3.10/site-packages/airflow/example_dags/tutorial_taskflow_api_virtualenv.py for tasks to queue
[2024-04-23T22:39:34.715+0000] {logging_mixin.py:150} INFO - [2024-04-23T22:39:34.715+0000] {dagbag.py:541} INFO - Filling up the DagBag from /usr/local/python/3.10.13/lib/python3.10/site-packages/airflow/example_dags/tutorial_taskflow_api_virtualenv.py
[2024-04-23T22:39:34.721+0000] {processor.py:836} INFO - DAG(s) dict_keys(['tutorial_taskflow_api_virtualenv']) retrieved from /usr/local/python/3.10.13/lib/python3.10/site-packages/airflow/example_dags/tutorial_taskflow_api_virtualenv.py
[2024-04-23T22:39:34.733+0000] {logging_mixin.py:150} INFO - [2024-04-23T22:39:34.732+0000] {dag.py:2742} INFO - Sync 1 DAGs
[2024-04-23T22:39:34.747+0000] {logging_mixin.py:150} INFO - [2024-04-23T22:39:34.747+0000] {dag.py:3504} INFO - Setting next_dagrun for tutorial_taskflow_api_virtualenv to None, run_after=None
[2024-04-23T22:39:34.790+0000] {processor.py:179} INFO - Processing /usr/local/python/3.10.13/lib/python3.10/site-packages/airflow/example_dags/tutorial_taskflow_api_virtualenv.py took 0.078 seconds
[2024-04-23T22:40:08.690+0000] {processor.py:157} INFO - Started process (PID=36875) to work on /usr/local/python/3.10.13/lib/python3.10/site-packages/airflow/example_dags/tutorial_taskflow_api_virtualenv.py
[2024-04-23T22:40:08.691+0000] {processor.py:826} INFO - Processing file /usr/local/python/3.10.13/lib/python3.10/site-packages/airflow/example_dags/tutorial_taskflow_api_virtualenv.py for tasks to queue
[2024-04-23T22:40:08.692+0000] {logging_mixin.py:150} INFO - [2024-04-23T22:40:08.691+0000] {dagbag.py:541} INFO - Filling up the DagBag from /usr/local/python/3.10.13/lib/python3.10/site-packages/airflow/example_dags/tutorial_taskflow_api_virtualenv.py
[2024-04-23T22:40:08.699+0000] {processor.py:836} INFO - DAG(s) dict_keys(['tutorial_taskflow_api_virtualenv']) retrieved from /usr/local/python/3.10.13/lib/python3.10/site-packages/airflow/example_dags/tutorial_taskflow_api_virtualenv.py
[2024-04-23T22:40:08.714+0000] {logging_mixin.py:150} INFO - [2024-04-23T22:40:08.714+0000] {dag.py:2742} INFO - Sync 1 DAGs
[2024-04-23T22:40:08.734+0000] {logging_mixin.py:150} INFO - [2024-04-23T22:40:08.734+0000] {dag.py:3504} INFO - Setting next_dagrun for tutorial_taskflow_api_virtualenv to None, run_after=None
[2024-04-23T22:40:08.776+0000] {processor.py:179} INFO - Processing /usr/local/python/3.10.13/lib/python3.10/site-packages/airflow/example_dags/tutorial_taskflow_api_virtualenv.py took 0.089 seconds
[2024-04-23T22:40:44.310+0000] {processor.py:157} INFO - Started process (PID=37132) to work on /usr/local/python/3.10.13/lib/python3.10/site-packages/airflow/example_dags/tutorial_taskflow_api_virtualenv.py
[2024-04-23T22:40:44.311+0000] {processor.py:826} INFO - Processing file /usr/local/python/3.10.13/lib/python3.10/site-packages/airflow/example_dags/tutorial_taskflow_api_virtualenv.py for tasks to queue
[2024-04-23T22:40:44.311+0000] {logging_mixin.py:150} INFO - [2024-04-23T22:40:44.311+0000] {dagbag.py:541} INFO - Filling up the DagBag from /usr/local/python/3.10.13/lib/python3.10/site-packages/airflow/example_dags/tutorial_taskflow_api_virtualenv.py
[2024-04-23T22:40:44.317+0000] {processor.py:836} INFO - DAG(s) dict_keys(['tutorial_taskflow_api_virtualenv']) retrieved from /usr/local/python/3.10.13/lib/python3.10/site-packages/airflow/example_dags/tutorial_taskflow_api_virtualenv.py
[2024-04-23T22:40:44.329+0000] {logging_mixin.py:150} INFO - [2024-04-23T22:40:44.329+0000] {dag.py:2742} INFO - Sync 1 DAGs
[2024-04-23T22:40:44.346+0000] {logging_mixin.py:150} INFO - [2024-04-23T22:40:44.346+0000] {dag.py:3504} INFO - Setting next_dagrun for tutorial_taskflow_api_virtualenv to None, run_after=None
[2024-04-23T22:40:44.388+0000] {processor.py:179} INFO - Processing /usr/local/python/3.10.13/lib/python3.10/site-packages/airflow/example_dags/tutorial_taskflow_api_virtualenv.py took 0.080 seconds
[2024-04-23T22:41:22.158+0000] {processor.py:157} INFO - Started process (PID=37422) to work on /usr/local/python/3.10.13/lib/python3.10/site-packages/airflow/example_dags/tutorial_taskflow_api_virtualenv.py
[2024-04-23T22:41:22.159+0000] {processor.py:826} INFO - Processing file /usr/local/python/3.10.13/lib/python3.10/site-packages/airflow/example_dags/tutorial_taskflow_api_virtualenv.py for tasks to queue
[2024-04-23T22:41:22.159+0000] {logging_mixin.py:150} INFO - [2024-04-23T22:41:22.159+0000] {dagbag.py:541} INFO - Filling up the DagBag from /usr/local/python/3.10.13/lib/python3.10/site-packages/airflow/example_dags/tutorial_taskflow_api_virtualenv.py
[2024-04-23T22:41:22.165+0000] {processor.py:836} INFO - DAG(s) dict_keys(['tutorial_taskflow_api_virtualenv']) retrieved from /usr/local/python/3.10.13/lib/python3.10/site-packages/airflow/example_dags/tutorial_taskflow_api_virtualenv.py
[2024-04-23T22:41:22.177+0000] {logging_mixin.py:150} INFO - [2024-04-23T22:41:22.177+0000] {dag.py:2742} INFO - Sync 1 DAGs
[2024-04-23T22:41:22.192+0000] {logging_mixin.py:150} INFO - [2024-04-23T22:41:22.192+0000] {dag.py:3504} INFO - Setting next_dagrun for tutorial_taskflow_api_virtualenv to None, run_after=None
[2024-04-23T22:41:22.236+0000] {processor.py:179} INFO - Processing /usr/local/python/3.10.13/lib/python3.10/site-packages/airflow/example_dags/tutorial_taskflow_api_virtualenv.py took 0.080 seconds
[2024-04-23T22:41:59.650+0000] {processor.py:157} INFO - Started process (PID=37708) to work on /usr/local/python/3.10.13/lib/python3.10/site-packages/airflow/example_dags/tutorial_taskflow_api_virtualenv.py
[2024-04-23T22:41:59.650+0000] {processor.py:826} INFO - Processing file /usr/local/python/3.10.13/lib/python3.10/site-packages/airflow/example_dags/tutorial_taskflow_api_virtualenv.py for tasks to queue
[2024-04-23T22:41:59.651+0000] {logging_mixin.py:150} INFO - [2024-04-23T22:41:59.651+0000] {dagbag.py:541} INFO - Filling up the DagBag from /usr/local/python/3.10.13/lib/python3.10/site-packages/airflow/example_dags/tutorial_taskflow_api_virtualenv.py
[2024-04-23T22:41:59.656+0000] {processor.py:836} INFO - DAG(s) dict_keys(['tutorial_taskflow_api_virtualenv']) retrieved from /usr/local/python/3.10.13/lib/python3.10/site-packages/airflow/example_dags/tutorial_taskflow_api_virtualenv.py
[2024-04-23T22:41:59.669+0000] {logging_mixin.py:150} INFO - [2024-04-23T22:41:59.669+0000] {dag.py:2742} INFO - Sync 1 DAGs
[2024-04-23T22:41:59.685+0000] {logging_mixin.py:150} INFO - [2024-04-23T22:41:59.685+0000] {dag.py:3504} INFO - Setting next_dagrun for tutorial_taskflow_api_virtualenv to None, run_after=None
[2024-04-23T22:41:59.722+0000] {processor.py:179} INFO - Processing /usr/local/python/3.10.13/lib/python3.10/site-packages/airflow/example_dags/tutorial_taskflow_api_virtualenv.py took 0.075 seconds
[2024-04-23T22:42:33.710+0000] {processor.py:157} INFO - Started process (PID=37953) to work on /usr/local/python/3.10.13/lib/python3.10/site-packages/airflow/example_dags/tutorial_taskflow_api_virtualenv.py
[2024-04-23T22:42:33.711+0000] {processor.py:826} INFO - Processing file /usr/local/python/3.10.13/lib/python3.10/site-packages/airflow/example_dags/tutorial_taskflow_api_virtualenv.py for tasks to queue
[2024-04-23T22:42:33.711+0000] {logging_mixin.py:150} INFO - [2024-04-23T22:42:33.711+0000] {dagbag.py:541} INFO - Filling up the DagBag from /usr/local/python/3.10.13/lib/python3.10/site-packages/airflow/example_dags/tutorial_taskflow_api_virtualenv.py
[2024-04-23T22:42:33.717+0000] {processor.py:836} INFO - DAG(s) dict_keys(['tutorial_taskflow_api_virtualenv']) retrieved from /usr/local/python/3.10.13/lib/python3.10/site-packages/airflow/example_dags/tutorial_taskflow_api_virtualenv.py
[2024-04-23T22:42:33.728+0000] {logging_mixin.py:150} INFO - [2024-04-23T22:42:33.728+0000] {dag.py:2742} INFO - Sync 1 DAGs
[2024-04-23T22:42:33.743+0000] {logging_mixin.py:150} INFO - [2024-04-23T22:42:33.743+0000] {dag.py:3504} INFO - Setting next_dagrun for tutorial_taskflow_api_virtualenv to None, run_after=None
[2024-04-23T22:42:33.781+0000] {processor.py:179} INFO - Processing /usr/local/python/3.10.13/lib/python3.10/site-packages/airflow/example_dags/tutorial_taskflow_api_virtualenv.py took 0.074 seconds
[2024-04-23T22:43:06.835+0000] {processor.py:157} INFO - Started process (PID=38179) to work on /usr/local/python/3.10.13/lib/python3.10/site-packages/airflow/example_dags/tutorial_taskflow_api_virtualenv.py
[2024-04-23T22:43:06.836+0000] {processor.py:826} INFO - Processing file /usr/local/python/3.10.13/lib/python3.10/site-packages/airflow/example_dags/tutorial_taskflow_api_virtualenv.py for tasks to queue
[2024-04-23T22:43:06.837+0000] {logging_mixin.py:150} INFO - [2024-04-23T22:43:06.836+0000] {dagbag.py:541} INFO - Filling up the DagBag from /usr/local/python/3.10.13/lib/python3.10/site-packages/airflow/example_dags/tutorial_taskflow_api_virtualenv.py
[2024-04-23T22:43:06.842+0000] {processor.py:836} INFO - DAG(s) dict_keys(['tutorial_taskflow_api_virtualenv']) retrieved from /usr/local/python/3.10.13/lib/python3.10/site-packages/airflow/example_dags/tutorial_taskflow_api_virtualenv.py
[2024-04-23T22:43:06.854+0000] {logging_mixin.py:150} INFO - [2024-04-23T22:43:06.854+0000] {dag.py:2742} INFO - Sync 1 DAGs
[2024-04-23T22:43:06.869+0000] {logging_mixin.py:150} INFO - [2024-04-23T22:43:06.869+0000] {dag.py:3504} INFO - Setting next_dagrun for tutorial_taskflow_api_virtualenv to None, run_after=None
[2024-04-23T22:43:06.906+0000] {processor.py:179} INFO - Processing /usr/local/python/3.10.13/lib/python3.10/site-packages/airflow/example_dags/tutorial_taskflow_api_virtualenv.py took 0.073 seconds
[2024-04-23T22:43:41.706+0000] {processor.py:157} INFO - Started process (PID=38452) to work on /usr/local/python/3.10.13/lib/python3.10/site-packages/airflow/example_dags/tutorial_taskflow_api_virtualenv.py
[2024-04-23T22:43:41.706+0000] {processor.py:826} INFO - Processing file /usr/local/python/3.10.13/lib/python3.10/site-packages/airflow/example_dags/tutorial_taskflow_api_virtualenv.py for tasks to queue
[2024-04-23T22:43:41.707+0000] {logging_mixin.py:150} INFO - [2024-04-23T22:43:41.706+0000] {dagbag.py:541} INFO - Filling up the DagBag from /usr/local/python/3.10.13/lib/python3.10/site-packages/airflow/example_dags/tutorial_taskflow_api_virtualenv.py
[2024-04-23T22:43:41.712+0000] {processor.py:836} INFO - DAG(s) dict_keys(['tutorial_taskflow_api_virtualenv']) retrieved from /usr/local/python/3.10.13/lib/python3.10/site-packages/airflow/example_dags/tutorial_taskflow_api_virtualenv.py
[2024-04-23T22:43:41.724+0000] {logging_mixin.py:150} INFO - [2024-04-23T22:43:41.724+0000] {dag.py:2742} INFO - Sync 1 DAGs
[2024-04-23T22:43:41.739+0000] {logging_mixin.py:150} INFO - [2024-04-23T22:43:41.739+0000] {dag.py:3504} INFO - Setting next_dagrun for tutorial_taskflow_api_virtualenv to None, run_after=None
[2024-04-23T22:43:41.784+0000] {processor.py:179} INFO - Processing /usr/local/python/3.10.13/lib/python3.10/site-packages/airflow/example_dags/tutorial_taskflow_api_virtualenv.py took 0.080 seconds
[2024-04-23T22:44:14.465+0000] {processor.py:157} INFO - Started process (PID=38686) to work on /usr/local/python/3.10.13/lib/python3.10/site-packages/airflow/example_dags/tutorial_taskflow_api_virtualenv.py
[2024-04-23T22:44:14.466+0000] {processor.py:826} INFO - Processing file /usr/local/python/3.10.13/lib/python3.10/site-packages/airflow/example_dags/tutorial_taskflow_api_virtualenv.py for tasks to queue
[2024-04-23T22:44:14.467+0000] {logging_mixin.py:150} INFO - [2024-04-23T22:44:14.466+0000] {dagbag.py:541} INFO - Filling up the DagBag from /usr/local/python/3.10.13/lib/python3.10/site-packages/airflow/example_dags/tutorial_taskflow_api_virtualenv.py
[2024-04-23T22:44:14.472+0000] {processor.py:836} INFO - DAG(s) dict_keys(['tutorial_taskflow_api_virtualenv']) retrieved from /usr/local/python/3.10.13/lib/python3.10/site-packages/airflow/example_dags/tutorial_taskflow_api_virtualenv.py
[2024-04-23T22:44:14.484+0000] {logging_mixin.py:150} INFO - [2024-04-23T22:44:14.483+0000] {dag.py:2742} INFO - Sync 1 DAGs
[2024-04-23T22:44:14.499+0000] {logging_mixin.py:150} INFO - [2024-04-23T22:44:14.498+0000] {dag.py:3504} INFO - Setting next_dagrun for tutorial_taskflow_api_virtualenv to None, run_after=None
[2024-04-23T22:44:14.540+0000] {processor.py:179} INFO - Processing /usr/local/python/3.10.13/lib/python3.10/site-packages/airflow/example_dags/tutorial_taskflow_api_virtualenv.py took 0.076 seconds
[2024-04-23T22:44:47.185+0000] {processor.py:157} INFO - Started process (PID=38915) to work on /usr/local/python/3.10.13/lib/python3.10/site-packages/airflow/example_dags/tutorial_taskflow_api_virtualenv.py
[2024-04-23T22:44:47.185+0000] {processor.py:826} INFO - Processing file /usr/local/python/3.10.13/lib/python3.10/site-packages/airflow/example_dags/tutorial_taskflow_api_virtualenv.py for tasks to queue
[2024-04-23T22:44:47.186+0000] {logging_mixin.py:150} INFO - [2024-04-23T22:44:47.186+0000] {dagbag.py:541} INFO - Filling up the DagBag from /usr/local/python/3.10.13/lib/python3.10/site-packages/airflow/example_dags/tutorial_taskflow_api_virtualenv.py
[2024-04-23T22:44:47.191+0000] {processor.py:836} INFO - DAG(s) dict_keys(['tutorial_taskflow_api_virtualenv']) retrieved from /usr/local/python/3.10.13/lib/python3.10/site-packages/airflow/example_dags/tutorial_taskflow_api_virtualenv.py
[2024-04-23T22:44:47.203+0000] {logging_mixin.py:150} INFO - [2024-04-23T22:44:47.203+0000] {dag.py:2742} INFO - Sync 1 DAGs
[2024-04-23T22:44:47.219+0000] {logging_mixin.py:150} INFO - [2024-04-23T22:44:47.218+0000] {dag.py:3504} INFO - Setting next_dagrun for tutorial_taskflow_api_virtualenv to None, run_after=None
[2024-04-23T22:44:47.257+0000] {processor.py:179} INFO - Processing /usr/local/python/3.10.13/lib/python3.10/site-packages/airflow/example_dags/tutorial_taskflow_api_virtualenv.py took 0.075 seconds
[2024-04-23T22:45:19.810+0000] {processor.py:157} INFO - Started process (PID=39171) to work on /usr/local/python/3.10.13/lib/python3.10/site-packages/airflow/example_dags/tutorial_taskflow_api_virtualenv.py
[2024-04-23T22:45:19.810+0000] {processor.py:826} INFO - Processing file /usr/local/python/3.10.13/lib/python3.10/site-packages/airflow/example_dags/tutorial_taskflow_api_virtualenv.py for tasks to queue
[2024-04-23T22:45:19.811+0000] {logging_mixin.py:150} INFO - [2024-04-23T22:45:19.811+0000] {dagbag.py:541} INFO - Filling up the DagBag from /usr/local/python/3.10.13/lib/python3.10/site-packages/airflow/example_dags/tutorial_taskflow_api_virtualenv.py
[2024-04-23T22:45:19.816+0000] {processor.py:836} INFO - DAG(s) dict_keys(['tutorial_taskflow_api_virtualenv']) retrieved from /usr/local/python/3.10.13/lib/python3.10/site-packages/airflow/example_dags/tutorial_taskflow_api_virtualenv.py
[2024-04-23T22:45:19.828+0000] {logging_mixin.py:150} INFO - [2024-04-23T22:45:19.828+0000] {dag.py:2742} INFO - Sync 1 DAGs
[2024-04-23T22:45:19.843+0000] {logging_mixin.py:150} INFO - [2024-04-23T22:45:19.843+0000] {dag.py:3504} INFO - Setting next_dagrun for tutorial_taskflow_api_virtualenv to None, run_after=None
[2024-04-23T22:45:19.881+0000] {processor.py:179} INFO - Processing /usr/local/python/3.10.13/lib/python3.10/site-packages/airflow/example_dags/tutorial_taskflow_api_virtualenv.py took 0.074 seconds
[2024-04-23T22:45:52.382+0000] {processor.py:157} INFO - Started process (PID=39406) to work on /usr/local/python/3.10.13/lib/python3.10/site-packages/airflow/example_dags/tutorial_taskflow_api_virtualenv.py
[2024-04-23T22:45:52.382+0000] {processor.py:826} INFO - Processing file /usr/local/python/3.10.13/lib/python3.10/site-packages/airflow/example_dags/tutorial_taskflow_api_virtualenv.py for tasks to queue
[2024-04-23T22:45:52.383+0000] {logging_mixin.py:150} INFO - [2024-04-23T22:45:52.383+0000] {dagbag.py:541} INFO - Filling up the DagBag from /usr/local/python/3.10.13/lib/python3.10/site-packages/airflow/example_dags/tutorial_taskflow_api_virtualenv.py
[2024-04-23T22:45:52.388+0000] {processor.py:836} INFO - DAG(s) dict_keys(['tutorial_taskflow_api_virtualenv']) retrieved from /usr/local/python/3.10.13/lib/python3.10/site-packages/airflow/example_dags/tutorial_taskflow_api_virtualenv.py
[2024-04-23T22:45:52.400+0000] {logging_mixin.py:150} INFO - [2024-04-23T22:45:52.400+0000] {dag.py:2742} INFO - Sync 1 DAGs
[2024-04-23T22:45:52.415+0000] {logging_mixin.py:150} INFO - [2024-04-23T22:45:52.414+0000] {dag.py:3504} INFO - Setting next_dagrun for tutorial_taskflow_api_virtualenv to None, run_after=None
[2024-04-23T22:45:52.450+0000] {processor.py:179} INFO - Processing /usr/local/python/3.10.13/lib/python3.10/site-packages/airflow/example_dags/tutorial_taskflow_api_virtualenv.py took 0.071 seconds
[2024-04-23T22:46:28.603+0000] {processor.py:157} INFO - Started process (PID=39683) to work on /usr/local/python/3.10.13/lib/python3.10/site-packages/airflow/example_dags/tutorial_taskflow_api_virtualenv.py
[2024-04-23T22:46:28.603+0000] {processor.py:826} INFO - Processing file /usr/local/python/3.10.13/lib/python3.10/site-packages/airflow/example_dags/tutorial_taskflow_api_virtualenv.py for tasks to queue
[2024-04-23T22:46:28.604+0000] {logging_mixin.py:150} INFO - [2024-04-23T22:46:28.604+0000] {dagbag.py:541} INFO - Filling up the DagBag from /usr/local/python/3.10.13/lib/python3.10/site-packages/airflow/example_dags/tutorial_taskflow_api_virtualenv.py
[2024-04-23T22:46:28.609+0000] {processor.py:836} INFO - DAG(s) dict_keys(['tutorial_taskflow_api_virtualenv']) retrieved from /usr/local/python/3.10.13/lib/python3.10/site-packages/airflow/example_dags/tutorial_taskflow_api_virtualenv.py
[2024-04-23T22:46:28.621+0000] {logging_mixin.py:150} INFO - [2024-04-23T22:46:28.621+0000] {dag.py:2742} INFO - Sync 1 DAGs
[2024-04-23T22:46:28.639+0000] {logging_mixin.py:150} INFO - [2024-04-23T22:46:28.638+0000] {dag.py:3504} INFO - Setting next_dagrun for tutorial_taskflow_api_virtualenv to None, run_after=None
[2024-04-23T22:46:28.678+0000] {processor.py:179} INFO - Processing /usr/local/python/3.10.13/lib/python3.10/site-packages/airflow/example_dags/tutorial_taskflow_api_virtualenv.py took 0.078 seconds
[2024-04-23T22:47:05.344+0000] {processor.py:157} INFO - Started process (PID=39969) to work on /usr/local/python/3.10.13/lib/python3.10/site-packages/airflow/example_dags/tutorial_taskflow_api_virtualenv.py
[2024-04-23T22:47:05.345+0000] {processor.py:826} INFO - Processing file /usr/local/python/3.10.13/lib/python3.10/site-packages/airflow/example_dags/tutorial_taskflow_api_virtualenv.py for tasks to queue
[2024-04-23T22:47:05.346+0000] {logging_mixin.py:150} INFO - [2024-04-23T22:47:05.345+0000] {dagbag.py:541} INFO - Filling up the DagBag from /usr/local/python/3.10.13/lib/python3.10/site-packages/airflow/example_dags/tutorial_taskflow_api_virtualenv.py
[2024-04-23T22:47:05.352+0000] {processor.py:836} INFO - DAG(s) dict_keys(['tutorial_taskflow_api_virtualenv']) retrieved from /usr/local/python/3.10.13/lib/python3.10/site-packages/airflow/example_dags/tutorial_taskflow_api_virtualenv.py
[2024-04-23T22:47:05.365+0000] {logging_mixin.py:150} INFO - [2024-04-23T22:47:05.365+0000] {dag.py:2742} INFO - Sync 1 DAGs
[2024-04-23T22:47:05.382+0000] {logging_mixin.py:150} INFO - [2024-04-23T22:47:05.382+0000] {dag.py:3504} INFO - Setting next_dagrun for tutorial_taskflow_api_virtualenv to None, run_after=None
[2024-04-23T22:47:05.424+0000] {processor.py:179} INFO - Processing /usr/local/python/3.10.13/lib/python3.10/site-packages/airflow/example_dags/tutorial_taskflow_api_virtualenv.py took 0.083 seconds
[2024-04-23T22:47:41.776+0000] {processor.py:157} INFO - Started process (PID=40229) to work on /usr/local/python/3.10.13/lib/python3.10/site-packages/airflow/example_dags/tutorial_taskflow_api_virtualenv.py
[2024-04-23T22:47:41.776+0000] {processor.py:826} INFO - Processing file /usr/local/python/3.10.13/lib/python3.10/site-packages/airflow/example_dags/tutorial_taskflow_api_virtualenv.py for tasks to queue
[2024-04-23T22:47:41.777+0000] {logging_mixin.py:150} INFO - [2024-04-23T22:47:41.777+0000] {dagbag.py:541} INFO - Filling up the DagBag from /usr/local/python/3.10.13/lib/python3.10/site-packages/airflow/example_dags/tutorial_taskflow_api_virtualenv.py
[2024-04-23T22:47:41.782+0000] {processor.py:836} INFO - DAG(s) dict_keys(['tutorial_taskflow_api_virtualenv']) retrieved from /usr/local/python/3.10.13/lib/python3.10/site-packages/airflow/example_dags/tutorial_taskflow_api_virtualenv.py
[2024-04-23T22:47:41.794+0000] {logging_mixin.py:150} INFO - [2024-04-23T22:47:41.794+0000] {dag.py:2742} INFO - Sync 1 DAGs
[2024-04-23T22:47:41.809+0000] {logging_mixin.py:150} INFO - [2024-04-23T22:47:41.808+0000] {dag.py:3504} INFO - Setting next_dagrun for tutorial_taskflow_api_virtualenv to None, run_after=None
[2024-04-23T22:47:41.846+0000] {processor.py:179} INFO - Processing /usr/local/python/3.10.13/lib/python3.10/site-packages/airflow/example_dags/tutorial_taskflow_api_virtualenv.py took 0.072 seconds
[2024-04-23T22:48:17.430+0000] {processor.py:157} INFO - Started process (PID=40518) to work on /usr/local/python/3.10.13/lib/python3.10/site-packages/airflow/example_dags/tutorial_taskflow_api_virtualenv.py
[2024-04-23T22:48:17.431+0000] {processor.py:826} INFO - Processing file /usr/local/python/3.10.13/lib/python3.10/site-packages/airflow/example_dags/tutorial_taskflow_api_virtualenv.py for tasks to queue
[2024-04-23T22:48:17.432+0000] {logging_mixin.py:150} INFO - [2024-04-23T22:48:17.431+0000] {dagbag.py:541} INFO - Filling up the DagBag from /usr/local/python/3.10.13/lib/python3.10/site-packages/airflow/example_dags/tutorial_taskflow_api_virtualenv.py
[2024-04-23T22:48:17.437+0000] {processor.py:836} INFO - DAG(s) dict_keys(['tutorial_taskflow_api_virtualenv']) retrieved from /usr/local/python/3.10.13/lib/python3.10/site-packages/airflow/example_dags/tutorial_taskflow_api_virtualenv.py
[2024-04-23T22:48:17.448+0000] {logging_mixin.py:150} INFO - [2024-04-23T22:48:17.448+0000] {dag.py:2742} INFO - Sync 1 DAGs
[2024-04-23T22:48:17.464+0000] {logging_mixin.py:150} INFO - [2024-04-23T22:48:17.464+0000] {dag.py:3504} INFO - Setting next_dagrun for tutorial_taskflow_api_virtualenv to None, run_after=None
[2024-04-23T22:48:17.508+0000] {processor.py:179} INFO - Processing /usr/local/python/3.10.13/lib/python3.10/site-packages/airflow/example_dags/tutorial_taskflow_api_virtualenv.py took 0.080 seconds
[2024-04-23T22:48:50.868+0000] {processor.py:157} INFO - Started process (PID=40770) to work on /usr/local/python/3.10.13/lib/python3.10/site-packages/airflow/example_dags/tutorial_taskflow_api_virtualenv.py
[2024-04-23T22:48:50.869+0000] {processor.py:826} INFO - Processing file /usr/local/python/3.10.13/lib/python3.10/site-packages/airflow/example_dags/tutorial_taskflow_api_virtualenv.py for tasks to queue
[2024-04-23T22:48:50.870+0000] {logging_mixin.py:150} INFO - [2024-04-23T22:48:50.870+0000] {dagbag.py:541} INFO - Filling up the DagBag from /usr/local/python/3.10.13/lib/python3.10/site-packages/airflow/example_dags/tutorial_taskflow_api_virtualenv.py
[2024-04-23T22:48:50.875+0000] {processor.py:836} INFO - DAG(s) dict_keys(['tutorial_taskflow_api_virtualenv']) retrieved from /usr/local/python/3.10.13/lib/python3.10/site-packages/airflow/example_dags/tutorial_taskflow_api_virtualenv.py
[2024-04-23T22:48:50.886+0000] {logging_mixin.py:150} INFO - [2024-04-23T22:48:50.886+0000] {dag.py:2742} INFO - Sync 1 DAGs
[2024-04-23T22:48:50.901+0000] {logging_mixin.py:150} INFO - [2024-04-23T22:48:50.901+0000] {dag.py:3504} INFO - Setting next_dagrun for tutorial_taskflow_api_virtualenv to None, run_after=None
[2024-04-23T22:48:50.940+0000] {processor.py:179} INFO - Processing /usr/local/python/3.10.13/lib/python3.10/site-packages/airflow/example_dags/tutorial_taskflow_api_virtualenv.py took 0.074 seconds
[2024-04-23T22:49:25.025+0000] {processor.py:157} INFO - Started process (PID=41016) to work on /usr/local/python/3.10.13/lib/python3.10/site-packages/airflow/example_dags/tutorial_taskflow_api_virtualenv.py
[2024-04-23T22:49:25.025+0000] {processor.py:826} INFO - Processing file /usr/local/python/3.10.13/lib/python3.10/site-packages/airflow/example_dags/tutorial_taskflow_api_virtualenv.py for tasks to queue
[2024-04-23T22:49:25.026+0000] {logging_mixin.py:150} INFO - [2024-04-23T22:49:25.026+0000] {dagbag.py:541} INFO - Filling up the DagBag from /usr/local/python/3.10.13/lib/python3.10/site-packages/airflow/example_dags/tutorial_taskflow_api_virtualenv.py
[2024-04-23T22:49:25.031+0000] {processor.py:836} INFO - DAG(s) dict_keys(['tutorial_taskflow_api_virtualenv']) retrieved from /usr/local/python/3.10.13/lib/python3.10/site-packages/airflow/example_dags/tutorial_taskflow_api_virtualenv.py
[2024-04-23T22:49:25.043+0000] {logging_mixin.py:150} INFO - [2024-04-23T22:49:25.043+0000] {dag.py:2742} INFO - Sync 1 DAGs
[2024-04-23T22:49:25.058+0000] {logging_mixin.py:150} INFO - [2024-04-23T22:49:25.058+0000] {dag.py:3504} INFO - Setting next_dagrun for tutorial_taskflow_api_virtualenv to None, run_after=None
[2024-04-23T22:49:25.099+0000] {processor.py:179} INFO - Processing /usr/local/python/3.10.13/lib/python3.10/site-packages/airflow/example_dags/tutorial_taskflow_api_virtualenv.py took 0.076 seconds
[2024-04-23T22:49:59.523+0000] {processor.py:157} INFO - Started process (PID=41284) to work on /usr/local/python/3.10.13/lib/python3.10/site-packages/airflow/example_dags/tutorial_taskflow_api_virtualenv.py
[2024-04-23T22:49:59.523+0000] {processor.py:826} INFO - Processing file /usr/local/python/3.10.13/lib/python3.10/site-packages/airflow/example_dags/tutorial_taskflow_api_virtualenv.py for tasks to queue
[2024-04-23T22:49:59.524+0000] {logging_mixin.py:150} INFO - [2024-04-23T22:49:59.524+0000] {dagbag.py:541} INFO - Filling up the DagBag from /usr/local/python/3.10.13/lib/python3.10/site-packages/airflow/example_dags/tutorial_taskflow_api_virtualenv.py
[2024-04-23T22:49:59.529+0000] {processor.py:836} INFO - DAG(s) dict_keys(['tutorial_taskflow_api_virtualenv']) retrieved from /usr/local/python/3.10.13/lib/python3.10/site-packages/airflow/example_dags/tutorial_taskflow_api_virtualenv.py
[2024-04-23T22:49:59.540+0000] {logging_mixin.py:150} INFO - [2024-04-23T22:49:59.540+0000] {dag.py:2742} INFO - Sync 1 DAGs
[2024-04-23T22:49:59.555+0000] {logging_mixin.py:150} INFO - [2024-04-23T22:49:59.555+0000] {dag.py:3504} INFO - Setting next_dagrun for tutorial_taskflow_api_virtualenv to None, run_after=None
[2024-04-23T22:49:59.609+0000] {processor.py:179} INFO - Processing /usr/local/python/3.10.13/lib/python3.10/site-packages/airflow/example_dags/tutorial_taskflow_api_virtualenv.py took 0.089 seconds
[2024-04-23T22:50:34.881+0000] {processor.py:157} INFO - Started process (PID=41540) to work on /usr/local/python/3.10.13/lib/python3.10/site-packages/airflow/example_dags/tutorial_taskflow_api_virtualenv.py
[2024-04-23T22:50:34.881+0000] {processor.py:826} INFO - Processing file /usr/local/python/3.10.13/lib/python3.10/site-packages/airflow/example_dags/tutorial_taskflow_api_virtualenv.py for tasks to queue
[2024-04-23T22:50:34.882+0000] {logging_mixin.py:150} INFO - [2024-04-23T22:50:34.882+0000] {dagbag.py:541} INFO - Filling up the DagBag from /usr/local/python/3.10.13/lib/python3.10/site-packages/airflow/example_dags/tutorial_taskflow_api_virtualenv.py
[2024-04-23T22:50:34.887+0000] {processor.py:836} INFO - DAG(s) dict_keys(['tutorial_taskflow_api_virtualenv']) retrieved from /usr/local/python/3.10.13/lib/python3.10/site-packages/airflow/example_dags/tutorial_taskflow_api_virtualenv.py
[2024-04-23T22:50:34.898+0000] {logging_mixin.py:150} INFO - [2024-04-23T22:50:34.898+0000] {dag.py:2742} INFO - Sync 1 DAGs
[2024-04-23T22:50:34.914+0000] {logging_mixin.py:150} INFO - [2024-04-23T22:50:34.914+0000] {dag.py:3504} INFO - Setting next_dagrun for tutorial_taskflow_api_virtualenv to None, run_after=None
[2024-04-23T22:50:34.953+0000] {processor.py:179} INFO - Processing /usr/local/python/3.10.13/lib/python3.10/site-packages/airflow/example_dags/tutorial_taskflow_api_virtualenv.py took 0.074 seconds
[2024-04-23T22:51:07.518+0000] {processor.py:157} INFO - Started process (PID=41786) to work on /usr/local/python/3.10.13/lib/python3.10/site-packages/airflow/example_dags/tutorial_taskflow_api_virtualenv.py
[2024-04-23T22:51:07.518+0000] {processor.py:826} INFO - Processing file /usr/local/python/3.10.13/lib/python3.10/site-packages/airflow/example_dags/tutorial_taskflow_api_virtualenv.py for tasks to queue
[2024-04-23T22:51:07.519+0000] {logging_mixin.py:150} INFO - [2024-04-23T22:51:07.519+0000] {dagbag.py:541} INFO - Filling up the DagBag from /usr/local/python/3.10.13/lib/python3.10/site-packages/airflow/example_dags/tutorial_taskflow_api_virtualenv.py
[2024-04-23T22:51:07.524+0000] {processor.py:836} INFO - DAG(s) dict_keys(['tutorial_taskflow_api_virtualenv']) retrieved from /usr/local/python/3.10.13/lib/python3.10/site-packages/airflow/example_dags/tutorial_taskflow_api_virtualenv.py
[2024-04-23T22:51:07.537+0000] {logging_mixin.py:150} INFO - [2024-04-23T22:51:07.536+0000] {dag.py:2742} INFO - Sync 1 DAGs
[2024-04-23T22:51:07.556+0000] {logging_mixin.py:150} INFO - [2024-04-23T22:51:07.556+0000] {dag.py:3504} INFO - Setting next_dagrun for tutorial_taskflow_api_virtualenv to None, run_after=None
[2024-04-23T22:51:07.598+0000] {processor.py:179} INFO - Processing /usr/local/python/3.10.13/lib/python3.10/site-packages/airflow/example_dags/tutorial_taskflow_api_virtualenv.py took 0.083 seconds
[2024-04-23T22:51:39.965+0000] {processor.py:157} INFO - Started process (PID=42052) to work on /usr/local/python/3.10.13/lib/python3.10/site-packages/airflow/example_dags/tutorial_taskflow_api_virtualenv.py
[2024-04-23T22:51:39.966+0000] {processor.py:826} INFO - Processing file /usr/local/python/3.10.13/lib/python3.10/site-packages/airflow/example_dags/tutorial_taskflow_api_virtualenv.py for tasks to queue
[2024-04-23T22:51:39.966+0000] {logging_mixin.py:150} INFO - [2024-04-23T22:51:39.966+0000] {dagbag.py:541} INFO - Filling up the DagBag from /usr/local/python/3.10.13/lib/python3.10/site-packages/airflow/example_dags/tutorial_taskflow_api_virtualenv.py
[2024-04-23T22:51:39.971+0000] {processor.py:836} INFO - DAG(s) dict_keys(['tutorial_taskflow_api_virtualenv']) retrieved from /usr/local/python/3.10.13/lib/python3.10/site-packages/airflow/example_dags/tutorial_taskflow_api_virtualenv.py
[2024-04-23T22:51:39.983+0000] {logging_mixin.py:150} INFO - [2024-04-23T22:51:39.983+0000] {dag.py:2742} INFO - Sync 1 DAGs
[2024-04-23T22:51:39.998+0000] {logging_mixin.py:150} INFO - [2024-04-23T22:51:39.997+0000] {dag.py:3504} INFO - Setting next_dagrun for tutorial_taskflow_api_virtualenv to None, run_after=None
[2024-04-23T22:51:40.033+0000] {processor.py:179} INFO - Processing /usr/local/python/3.10.13/lib/python3.10/site-packages/airflow/example_dags/tutorial_taskflow_api_virtualenv.py took 0.070 seconds
[2024-04-23T22:52:15.519+0000] {processor.py:157} INFO - Started process (PID=42305) to work on /usr/local/python/3.10.13/lib/python3.10/site-packages/airflow/example_dags/tutorial_taskflow_api_virtualenv.py
[2024-04-23T22:52:15.520+0000] {processor.py:826} INFO - Processing file /usr/local/python/3.10.13/lib/python3.10/site-packages/airflow/example_dags/tutorial_taskflow_api_virtualenv.py for tasks to queue
[2024-04-23T22:52:15.520+0000] {logging_mixin.py:150} INFO - [2024-04-23T22:52:15.520+0000] {dagbag.py:541} INFO - Filling up the DagBag from /usr/local/python/3.10.13/lib/python3.10/site-packages/airflow/example_dags/tutorial_taskflow_api_virtualenv.py
[2024-04-23T22:52:15.525+0000] {processor.py:836} INFO - DAG(s) dict_keys(['tutorial_taskflow_api_virtualenv']) retrieved from /usr/local/python/3.10.13/lib/python3.10/site-packages/airflow/example_dags/tutorial_taskflow_api_virtualenv.py
[2024-04-23T22:52:15.537+0000] {logging_mixin.py:150} INFO - [2024-04-23T22:52:15.536+0000] {dag.py:2742} INFO - Sync 1 DAGs
[2024-04-23T22:52:15.551+0000] {logging_mixin.py:150} INFO - [2024-04-23T22:52:15.551+0000] {dag.py:3504} INFO - Setting next_dagrun for tutorial_taskflow_api_virtualenv to None, run_after=None
[2024-04-23T22:52:15.588+0000] {processor.py:179} INFO - Processing /usr/local/python/3.10.13/lib/python3.10/site-packages/airflow/example_dags/tutorial_taskflow_api_virtualenv.py took 0.071 seconds
[2024-04-23T22:52:49.581+0000] {processor.py:157} INFO - Started process (PID=42578) to work on /usr/local/python/3.10.13/lib/python3.10/site-packages/airflow/example_dags/tutorial_taskflow_api_virtualenv.py
[2024-04-23T22:52:49.582+0000] {processor.py:826} INFO - Processing file /usr/local/python/3.10.13/lib/python3.10/site-packages/airflow/example_dags/tutorial_taskflow_api_virtualenv.py for tasks to queue
[2024-04-23T22:52:49.582+0000] {logging_mixin.py:150} INFO - [2024-04-23T22:52:49.582+0000] {dagbag.py:541} INFO - Filling up the DagBag from /usr/local/python/3.10.13/lib/python3.10/site-packages/airflow/example_dags/tutorial_taskflow_api_virtualenv.py
[2024-04-23T22:52:49.588+0000] {processor.py:836} INFO - DAG(s) dict_keys(['tutorial_taskflow_api_virtualenv']) retrieved from /usr/local/python/3.10.13/lib/python3.10/site-packages/airflow/example_dags/tutorial_taskflow_api_virtualenv.py
[2024-04-23T22:52:49.600+0000] {logging_mixin.py:150} INFO - [2024-04-23T22:52:49.599+0000] {dag.py:2742} INFO - Sync 1 DAGs
[2024-04-23T22:52:49.615+0000] {logging_mixin.py:150} INFO - [2024-04-23T22:52:49.615+0000] {dag.py:3504} INFO - Setting next_dagrun for tutorial_taskflow_api_virtualenv to None, run_after=None
[2024-04-23T22:52:49.742+0000] {processor.py:179} INFO - Processing /usr/local/python/3.10.13/lib/python3.10/site-packages/airflow/example_dags/tutorial_taskflow_api_virtualenv.py took 0.163 seconds
[2024-04-23T22:53:25.216+0000] {processor.py:157} INFO - Started process (PID=42814) to work on /usr/local/python/3.10.13/lib/python3.10/site-packages/airflow/example_dags/tutorial_taskflow_api_virtualenv.py
[2024-04-23T22:53:25.217+0000] {processor.py:826} INFO - Processing file /usr/local/python/3.10.13/lib/python3.10/site-packages/airflow/example_dags/tutorial_taskflow_api_virtualenv.py for tasks to queue
[2024-04-23T22:53:25.217+0000] {logging_mixin.py:150} INFO - [2024-04-23T22:53:25.217+0000] {dagbag.py:541} INFO - Filling up the DagBag from /usr/local/python/3.10.13/lib/python3.10/site-packages/airflow/example_dags/tutorial_taskflow_api_virtualenv.py
[2024-04-23T22:53:25.222+0000] {processor.py:836} INFO - DAG(s) dict_keys(['tutorial_taskflow_api_virtualenv']) retrieved from /usr/local/python/3.10.13/lib/python3.10/site-packages/airflow/example_dags/tutorial_taskflow_api_virtualenv.py
[2024-04-23T22:53:25.234+0000] {logging_mixin.py:150} INFO - [2024-04-23T22:53:25.234+0000] {dag.py:2742} INFO - Sync 1 DAGs
[2024-04-23T22:53:25.250+0000] {logging_mixin.py:150} INFO - [2024-04-23T22:53:25.250+0000] {dag.py:3504} INFO - Setting next_dagrun for tutorial_taskflow_api_virtualenv to None, run_after=None
[2024-04-23T22:53:25.288+0000] {processor.py:179} INFO - Processing /usr/local/python/3.10.13/lib/python3.10/site-packages/airflow/example_dags/tutorial_taskflow_api_virtualenv.py took 0.074 seconds
[2024-04-23T22:54:06.687+0000] {processor.py:157} INFO - Started process (PID=43106) to work on /usr/local/python/3.10.13/lib/python3.10/site-packages/airflow/example_dags/tutorial_taskflow_api_virtualenv.py
[2024-04-23T22:54:06.687+0000] {processor.py:826} INFO - Processing file /usr/local/python/3.10.13/lib/python3.10/site-packages/airflow/example_dags/tutorial_taskflow_api_virtualenv.py for tasks to queue
[2024-04-23T22:54:06.688+0000] {logging_mixin.py:150} INFO - [2024-04-23T22:54:06.688+0000] {dagbag.py:541} INFO - Filling up the DagBag from /usr/local/python/3.10.13/lib/python3.10/site-packages/airflow/example_dags/tutorial_taskflow_api_virtualenv.py
[2024-04-23T22:54:06.693+0000] {processor.py:836} INFO - DAG(s) dict_keys(['tutorial_taskflow_api_virtualenv']) retrieved from /usr/local/python/3.10.13/lib/python3.10/site-packages/airflow/example_dags/tutorial_taskflow_api_virtualenv.py
[2024-04-23T22:54:06.705+0000] {logging_mixin.py:150} INFO - [2024-04-23T22:54:06.705+0000] {dag.py:2742} INFO - Sync 1 DAGs
[2024-04-23T22:54:06.720+0000] {logging_mixin.py:150} INFO - [2024-04-23T22:54:06.720+0000] {dag.py:3504} INFO - Setting next_dagrun for tutorial_taskflow_api_virtualenv to None, run_after=None
[2024-04-23T22:54:06.757+0000] {processor.py:179} INFO - Processing /usr/local/python/3.10.13/lib/python3.10/site-packages/airflow/example_dags/tutorial_taskflow_api_virtualenv.py took 0.073 seconds
[2024-04-23T22:54:49.978+0000] {processor.py:157} INFO - Started process (PID=43397) to work on /usr/local/python/3.10.13/lib/python3.10/site-packages/airflow/example_dags/tutorial_taskflow_api_virtualenv.py
[2024-04-23T22:54:49.979+0000] {processor.py:826} INFO - Processing file /usr/local/python/3.10.13/lib/python3.10/site-packages/airflow/example_dags/tutorial_taskflow_api_virtualenv.py for tasks to queue
[2024-04-23T22:54:49.979+0000] {logging_mixin.py:150} INFO - [2024-04-23T22:54:49.979+0000] {dagbag.py:541} INFO - Filling up the DagBag from /usr/local/python/3.10.13/lib/python3.10/site-packages/airflow/example_dags/tutorial_taskflow_api_virtualenv.py
[2024-04-23T22:54:49.984+0000] {processor.py:836} INFO - DAG(s) dict_keys(['tutorial_taskflow_api_virtualenv']) retrieved from /usr/local/python/3.10.13/lib/python3.10/site-packages/airflow/example_dags/tutorial_taskflow_api_virtualenv.py
[2024-04-23T22:54:50.081+0000] {logging_mixin.py:150} INFO - [2024-04-23T22:54:50.080+0000] {dag.py:2742} INFO - Sync 1 DAGs
[2024-04-23T22:54:50.094+0000] {logging_mixin.py:150} INFO - [2024-04-23T22:54:50.094+0000] {dag.py:3504} INFO - Setting next_dagrun for tutorial_taskflow_api_virtualenv to None, run_after=None
[2024-04-23T22:54:50.133+0000] {processor.py:179} INFO - Processing /usr/local/python/3.10.13/lib/python3.10/site-packages/airflow/example_dags/tutorial_taskflow_api_virtualenv.py took 0.157 seconds
[2024-04-23T22:55:28.286+0000] {processor.py:157} INFO - Started process (PID=43666) to work on /usr/local/python/3.10.13/lib/python3.10/site-packages/airflow/example_dags/tutorial_taskflow_api_virtualenv.py
[2024-04-23T22:55:28.286+0000] {processor.py:826} INFO - Processing file /usr/local/python/3.10.13/lib/python3.10/site-packages/airflow/example_dags/tutorial_taskflow_api_virtualenv.py for tasks to queue
[2024-04-23T22:55:28.287+0000] {logging_mixin.py:150} INFO - [2024-04-23T22:55:28.287+0000] {dagbag.py:541} INFO - Filling up the DagBag from /usr/local/python/3.10.13/lib/python3.10/site-packages/airflow/example_dags/tutorial_taskflow_api_virtualenv.py
[2024-04-23T22:55:28.292+0000] {processor.py:836} INFO - DAG(s) dict_keys(['tutorial_taskflow_api_virtualenv']) retrieved from /usr/local/python/3.10.13/lib/python3.10/site-packages/airflow/example_dags/tutorial_taskflow_api_virtualenv.py
[2024-04-23T22:55:28.304+0000] {logging_mixin.py:150} INFO - [2024-04-23T22:55:28.304+0000] {dag.py:2742} INFO - Sync 1 DAGs
[2024-04-23T22:55:28.319+0000] {logging_mixin.py:150} INFO - [2024-04-23T22:55:28.319+0000] {dag.py:3504} INFO - Setting next_dagrun for tutorial_taskflow_api_virtualenv to None, run_after=None
[2024-04-23T22:55:28.359+0000] {processor.py:179} INFO - Processing /usr/local/python/3.10.13/lib/python3.10/site-packages/airflow/example_dags/tutorial_taskflow_api_virtualenv.py took 0.075 seconds
[2024-04-23T22:56:07.427+0000] {processor.py:157} INFO - Started process (PID=43935) to work on /usr/local/python/3.10.13/lib/python3.10/site-packages/airflow/example_dags/tutorial_taskflow_api_virtualenv.py
[2024-04-23T22:56:07.427+0000] {processor.py:826} INFO - Processing file /usr/local/python/3.10.13/lib/python3.10/site-packages/airflow/example_dags/tutorial_taskflow_api_virtualenv.py for tasks to queue
[2024-04-23T22:56:07.428+0000] {logging_mixin.py:150} INFO - [2024-04-23T22:56:07.428+0000] {dagbag.py:541} INFO - Filling up the DagBag from /usr/local/python/3.10.13/lib/python3.10/site-packages/airflow/example_dags/tutorial_taskflow_api_virtualenv.py
[2024-04-23T22:56:07.433+0000] {processor.py:836} INFO - DAG(s) dict_keys(['tutorial_taskflow_api_virtualenv']) retrieved from /usr/local/python/3.10.13/lib/python3.10/site-packages/airflow/example_dags/tutorial_taskflow_api_virtualenv.py
[2024-04-23T22:56:07.444+0000] {logging_mixin.py:150} INFO - [2024-04-23T22:56:07.444+0000] {dag.py:2742} INFO - Sync 1 DAGs
[2024-04-23T22:56:07.459+0000] {logging_mixin.py:150} INFO - [2024-04-23T22:56:07.459+0000] {dag.py:3504} INFO - Setting next_dagrun for tutorial_taskflow_api_virtualenv to None, run_after=None
[2024-04-23T22:56:07.496+0000] {processor.py:179} INFO - Processing /usr/local/python/3.10.13/lib/python3.10/site-packages/airflow/example_dags/tutorial_taskflow_api_virtualenv.py took 0.071 seconds
[2024-04-23T22:56:51.460+0000] {processor.py:157} INFO - Started process (PID=44271) to work on /usr/local/python/3.10.13/lib/python3.10/site-packages/airflow/example_dags/tutorial_taskflow_api_virtualenv.py
[2024-04-23T22:56:51.461+0000] {processor.py:826} INFO - Processing file /usr/local/python/3.10.13/lib/python3.10/site-packages/airflow/example_dags/tutorial_taskflow_api_virtualenv.py for tasks to queue
[2024-04-23T22:56:51.461+0000] {logging_mixin.py:150} INFO - [2024-04-23T22:56:51.461+0000] {dagbag.py:541} INFO - Filling up the DagBag from /usr/local/python/3.10.13/lib/python3.10/site-packages/airflow/example_dags/tutorial_taskflow_api_virtualenv.py
[2024-04-23T22:56:51.467+0000] {processor.py:836} INFO - DAG(s) dict_keys(['tutorial_taskflow_api_virtualenv']) retrieved from /usr/local/python/3.10.13/lib/python3.10/site-packages/airflow/example_dags/tutorial_taskflow_api_virtualenv.py
[2024-04-23T22:56:51.479+0000] {logging_mixin.py:150} INFO - [2024-04-23T22:56:51.478+0000] {dag.py:2742} INFO - Sync 1 DAGs
[2024-04-23T22:56:51.493+0000] {logging_mixin.py:150} INFO - [2024-04-23T22:56:51.493+0000] {dag.py:3504} INFO - Setting next_dagrun for tutorial_taskflow_api_virtualenv to None, run_after=None
[2024-04-23T22:56:51.532+0000] {processor.py:179} INFO - Processing /usr/local/python/3.10.13/lib/python3.10/site-packages/airflow/example_dags/tutorial_taskflow_api_virtualenv.py took 0.074 seconds
[2024-04-23T22:57:33.526+0000] {processor.py:157} INFO - Started process (PID=44589) to work on /usr/local/python/3.10.13/lib/python3.10/site-packages/airflow/example_dags/tutorial_taskflow_api_virtualenv.py
[2024-04-23T22:57:33.526+0000] {processor.py:826} INFO - Processing file /usr/local/python/3.10.13/lib/python3.10/site-packages/airflow/example_dags/tutorial_taskflow_api_virtualenv.py for tasks to queue
[2024-04-23T22:57:33.527+0000] {logging_mixin.py:150} INFO - [2024-04-23T22:57:33.527+0000] {dagbag.py:541} INFO - Filling up the DagBag from /usr/local/python/3.10.13/lib/python3.10/site-packages/airflow/example_dags/tutorial_taskflow_api_virtualenv.py
[2024-04-23T22:57:33.533+0000] {processor.py:836} INFO - DAG(s) dict_keys(['tutorial_taskflow_api_virtualenv']) retrieved from /usr/local/python/3.10.13/lib/python3.10/site-packages/airflow/example_dags/tutorial_taskflow_api_virtualenv.py
[2024-04-23T22:57:33.547+0000] {logging_mixin.py:150} INFO - [2024-04-23T22:57:33.547+0000] {dag.py:2742} INFO - Sync 1 DAGs
[2024-04-23T22:57:33.563+0000] {logging_mixin.py:150} INFO - [2024-04-23T22:57:33.563+0000] {dag.py:3504} INFO - Setting next_dagrun for tutorial_taskflow_api_virtualenv to None, run_after=None
[2024-04-23T22:57:33.600+0000] {processor.py:179} INFO - Processing /usr/local/python/3.10.13/lib/python3.10/site-packages/airflow/example_dags/tutorial_taskflow_api_virtualenv.py took 0.076 seconds
[2024-04-23T22:58:08.949+0000] {processor.py:157} INFO - Started process (PID=44858) to work on /usr/local/python/3.10.13/lib/python3.10/site-packages/airflow/example_dags/tutorial_taskflow_api_virtualenv.py
[2024-04-23T22:58:08.950+0000] {processor.py:826} INFO - Processing file /usr/local/python/3.10.13/lib/python3.10/site-packages/airflow/example_dags/tutorial_taskflow_api_virtualenv.py for tasks to queue
[2024-04-23T22:58:08.950+0000] {logging_mixin.py:150} INFO - [2024-04-23T22:58:08.950+0000] {dagbag.py:541} INFO - Filling up the DagBag from /usr/local/python/3.10.13/lib/python3.10/site-packages/airflow/example_dags/tutorial_taskflow_api_virtualenv.py
[2024-04-23T22:58:08.955+0000] {processor.py:836} INFO - DAG(s) dict_keys(['tutorial_taskflow_api_virtualenv']) retrieved from /usr/local/python/3.10.13/lib/python3.10/site-packages/airflow/example_dags/tutorial_taskflow_api_virtualenv.py
[2024-04-23T22:58:08.968+0000] {logging_mixin.py:150} INFO - [2024-04-23T22:58:08.967+0000] {dag.py:2742} INFO - Sync 1 DAGs
[2024-04-23T22:58:08.983+0000] {logging_mixin.py:150} INFO - [2024-04-23T22:58:08.982+0000] {dag.py:3504} INFO - Setting next_dagrun for tutorial_taskflow_api_virtualenv to None, run_after=None
[2024-04-23T22:58:09.022+0000] {processor.py:179} INFO - Processing /usr/local/python/3.10.13/lib/python3.10/site-packages/airflow/example_dags/tutorial_taskflow_api_virtualenv.py took 0.075 seconds
[2024-04-23T22:58:43.489+0000] {processor.py:157} INFO - Started process (PID=45110) to work on /usr/local/python/3.10.13/lib/python3.10/site-packages/airflow/example_dags/tutorial_taskflow_api_virtualenv.py
[2024-04-23T22:58:43.490+0000] {processor.py:826} INFO - Processing file /usr/local/python/3.10.13/lib/python3.10/site-packages/airflow/example_dags/tutorial_taskflow_api_virtualenv.py for tasks to queue
[2024-04-23T22:58:43.491+0000] {logging_mixin.py:150} INFO - [2024-04-23T22:58:43.490+0000] {dagbag.py:541} INFO - Filling up the DagBag from /usr/local/python/3.10.13/lib/python3.10/site-packages/airflow/example_dags/tutorial_taskflow_api_virtualenv.py
[2024-04-23T22:58:43.496+0000] {processor.py:836} INFO - DAG(s) dict_keys(['tutorial_taskflow_api_virtualenv']) retrieved from /usr/local/python/3.10.13/lib/python3.10/site-packages/airflow/example_dags/tutorial_taskflow_api_virtualenv.py
[2024-04-23T22:58:43.507+0000] {logging_mixin.py:150} INFO - [2024-04-23T22:58:43.507+0000] {dag.py:2742} INFO - Sync 1 DAGs
[2024-04-23T22:58:43.522+0000] {logging_mixin.py:150} INFO - [2024-04-23T22:58:43.522+0000] {dag.py:3504} INFO - Setting next_dagrun for tutorial_taskflow_api_virtualenv to None, run_after=None
[2024-04-23T22:58:43.558+0000] {processor.py:179} INFO - Processing /usr/local/python/3.10.13/lib/python3.10/site-packages/airflow/example_dags/tutorial_taskflow_api_virtualenv.py took 0.071 seconds
[2024-04-23T22:59:16.814+0000] {processor.py:157} INFO - Started process (PID=45383) to work on /usr/local/python/3.10.13/lib/python3.10/site-packages/airflow/example_dags/tutorial_taskflow_api_virtualenv.py
[2024-04-23T22:59:16.814+0000] {processor.py:826} INFO - Processing file /usr/local/python/3.10.13/lib/python3.10/site-packages/airflow/example_dags/tutorial_taskflow_api_virtualenv.py for tasks to queue
[2024-04-23T22:59:16.815+0000] {logging_mixin.py:150} INFO - [2024-04-23T22:59:16.815+0000] {dagbag.py:541} INFO - Filling up the DagBag from /usr/local/python/3.10.13/lib/python3.10/site-packages/airflow/example_dags/tutorial_taskflow_api_virtualenv.py
[2024-04-23T22:59:16.820+0000] {processor.py:836} INFO - DAG(s) dict_keys(['tutorial_taskflow_api_virtualenv']) retrieved from /usr/local/python/3.10.13/lib/python3.10/site-packages/airflow/example_dags/tutorial_taskflow_api_virtualenv.py
[2024-04-23T22:59:16.831+0000] {logging_mixin.py:150} INFO - [2024-04-23T22:59:16.831+0000] {dag.py:2742} INFO - Sync 1 DAGs
[2024-04-23T22:59:16.846+0000] {logging_mixin.py:150} INFO - [2024-04-23T22:59:16.846+0000] {dag.py:3504} INFO - Setting next_dagrun for tutorial_taskflow_api_virtualenv to None, run_after=None
[2024-04-23T22:59:16.883+0000] {processor.py:179} INFO - Processing /usr/local/python/3.10.13/lib/python3.10/site-packages/airflow/example_dags/tutorial_taskflow_api_virtualenv.py took 0.072 seconds
[2024-04-23T22:59:48.273+0000] {processor.py:157} INFO - Started process (PID=45618) to work on /usr/local/python/3.10.13/lib/python3.10/site-packages/airflow/example_dags/tutorial_taskflow_api_virtualenv.py
[2024-04-23T22:59:48.274+0000] {processor.py:826} INFO - Processing file /usr/local/python/3.10.13/lib/python3.10/site-packages/airflow/example_dags/tutorial_taskflow_api_virtualenv.py for tasks to queue
[2024-04-23T22:59:48.274+0000] {logging_mixin.py:150} INFO - [2024-04-23T22:59:48.274+0000] {dagbag.py:541} INFO - Filling up the DagBag from /usr/local/python/3.10.13/lib/python3.10/site-packages/airflow/example_dags/tutorial_taskflow_api_virtualenv.py
[2024-04-23T22:59:48.279+0000] {processor.py:836} INFO - DAG(s) dict_keys(['tutorial_taskflow_api_virtualenv']) retrieved from /usr/local/python/3.10.13/lib/python3.10/site-packages/airflow/example_dags/tutorial_taskflow_api_virtualenv.py
[2024-04-23T22:59:48.291+0000] {logging_mixin.py:150} INFO - [2024-04-23T22:59:48.291+0000] {dag.py:2742} INFO - Sync 1 DAGs
[2024-04-23T22:59:48.306+0000] {logging_mixin.py:150} INFO - [2024-04-23T22:59:48.305+0000] {dag.py:3504} INFO - Setting next_dagrun for tutorial_taskflow_api_virtualenv to None, run_after=None
[2024-04-23T22:59:48.345+0000] {processor.py:179} INFO - Processing /usr/local/python/3.10.13/lib/python3.10/site-packages/airflow/example_dags/tutorial_taskflow_api_virtualenv.py took 0.075 seconds
[2024-04-23T23:00:22.619+0000] {processor.py:157} INFO - Started process (PID=45925) to work on /usr/local/python/3.10.13/lib/python3.10/site-packages/airflow/example_dags/tutorial_taskflow_api_virtualenv.py
[2024-04-23T23:00:22.620+0000] {processor.py:826} INFO - Processing file /usr/local/python/3.10.13/lib/python3.10/site-packages/airflow/example_dags/tutorial_taskflow_api_virtualenv.py for tasks to queue
[2024-04-23T23:00:22.621+0000] {logging_mixin.py:150} INFO - [2024-04-23T23:00:22.620+0000] {dagbag.py:541} INFO - Filling up the DagBag from /usr/local/python/3.10.13/lib/python3.10/site-packages/airflow/example_dags/tutorial_taskflow_api_virtualenv.py
[2024-04-23T23:00:22.628+0000] {processor.py:836} INFO - DAG(s) dict_keys(['tutorial_taskflow_api_virtualenv']) retrieved from /usr/local/python/3.10.13/lib/python3.10/site-packages/airflow/example_dags/tutorial_taskflow_api_virtualenv.py
[2024-04-23T23:00:22.643+0000] {logging_mixin.py:150} INFO - [2024-04-23T23:00:22.643+0000] {dag.py:2742} INFO - Sync 1 DAGs
[2024-04-23T23:00:22.658+0000] {logging_mixin.py:150} INFO - [2024-04-23T23:00:22.658+0000] {dag.py:3504} INFO - Setting next_dagrun for tutorial_taskflow_api_virtualenv to None, run_after=None
[2024-04-23T23:00:22.698+0000] {processor.py:179} INFO - Processing /usr/local/python/3.10.13/lib/python3.10/site-packages/airflow/example_dags/tutorial_taskflow_api_virtualenv.py took 0.082 seconds
