[2024-03-28T20:00:25.332+0000] {processor.py:153} INFO - Started process (PID=44770) to work on /usr/local/python/3.10.13/lib/python3.10/site-packages/airflow/example_dags/example_branch_operator_decorator.py
[2024-03-28T20:00:25.332+0000] {processor.py:743} INFO - Processing file /usr/local/python/3.10.13/lib/python3.10/site-packages/airflow/example_dags/example_branch_operator_decorator.py for tasks to queue
[2024-03-28T20:00:25.333+0000] {logging_mixin.py:137} INFO - [2024-03-28T20:00:25.333+0000] {dagbag.py:538} INFO - Filling up the DagBag from /usr/local/python/3.10.13/lib/python3.10/site-packages/airflow/example_dags/example_branch_operator_decorator.py
[2024-03-28T20:00:25.355+0000] {processor.py:753} INFO - DAG(s) dict_keys(['example_branch_python_operator_decorator']) retrieved from /usr/local/python/3.10.13/lib/python3.10/site-packages/airflow/example_dags/example_branch_operator_decorator.py
[2024-03-28T20:00:25.501+0000] {logging_mixin.py:137} INFO - [2024-03-28T20:00:25.501+0000] {manager.py:504} INFO - Created Permission View: can read on DAG:example_branch_python_operator_decorator
[2024-03-28T20:00:25.539+0000] {logging_mixin.py:137} INFO - [2024-03-28T20:00:25.538+0000] {manager.py:504} INFO - Created Permission View: can delete on DAG:example_branch_python_operator_decorator
[2024-03-28T20:00:25.575+0000] {logging_mixin.py:137} INFO - [2024-03-28T20:00:25.574+0000] {manager.py:504} INFO - Created Permission View: can edit on DAG:example_branch_python_operator_decorator
[2024-03-28T20:00:25.575+0000] {logging_mixin.py:137} INFO - [2024-03-28T20:00:25.575+0000] {dag.py:2690} INFO - Sync 1 DAGs
[2024-03-28T20:00:25.585+0000] {logging_mixin.py:137} INFO - [2024-03-28T20:00:25.585+0000] {dag.py:2711} INFO - Creating ORM DAG for example_branch_python_operator_decorator
[2024-03-28T20:00:25.594+0000] {logging_mixin.py:137} INFO - [2024-03-28T20:00:25.594+0000] {dag.py:3437} INFO - Setting next_dagrun for example_branch_python_operator_decorator to 2024-03-27T00:00:00+00:00, run_after=2024-03-28T00:00:00+00:00
[2024-03-28T20:00:25.637+0000] {processor.py:175} INFO - Processing /usr/local/python/3.10.13/lib/python3.10/site-packages/airflow/example_dags/example_branch_operator_decorator.py took 0.307 seconds
[2024-03-28T20:01:07.583+0000] {processor.py:153} INFO - Started process (PID=45059) to work on /usr/local/python/3.10.13/lib/python3.10/site-packages/airflow/example_dags/example_branch_operator_decorator.py
[2024-03-28T20:01:07.584+0000] {processor.py:743} INFO - Processing file /usr/local/python/3.10.13/lib/python3.10/site-packages/airflow/example_dags/example_branch_operator_decorator.py for tasks to queue
[2024-03-28T20:01:07.584+0000] {logging_mixin.py:137} INFO - [2024-03-28T20:01:07.584+0000] {dagbag.py:538} INFO - Filling up the DagBag from /usr/local/python/3.10.13/lib/python3.10/site-packages/airflow/example_dags/example_branch_operator_decorator.py
[2024-03-28T20:01:07.622+0000] {processor.py:753} INFO - DAG(s) dict_keys(['example_branch_python_operator_decorator']) retrieved from /usr/local/python/3.10.13/lib/python3.10/site-packages/airflow/example_dags/example_branch_operator_decorator.py
[2024-03-28T20:01:07.640+0000] {logging_mixin.py:137} INFO - [2024-03-28T20:01:07.640+0000] {dag.py:2690} INFO - Sync 1 DAGs
[2024-03-28T20:01:07.656+0000] {logging_mixin.py:137} INFO - [2024-03-28T20:01:07.656+0000] {dag.py:3437} INFO - Setting next_dagrun for example_branch_python_operator_decorator to 2024-03-27T00:00:00+00:00, run_after=2024-03-28T00:00:00+00:00
[2024-03-28T20:01:07.699+0000] {processor.py:175} INFO - Processing /usr/local/python/3.10.13/lib/python3.10/site-packages/airflow/example_dags/example_branch_operator_decorator.py took 0.118 seconds
[2024-03-28T20:01:48.974+0000] {processor.py:153} INFO - Started process (PID=45337) to work on /usr/local/python/3.10.13/lib/python3.10/site-packages/airflow/example_dags/example_branch_operator_decorator.py
[2024-03-28T20:01:48.974+0000] {processor.py:743} INFO - Processing file /usr/local/python/3.10.13/lib/python3.10/site-packages/airflow/example_dags/example_branch_operator_decorator.py for tasks to queue
[2024-03-28T20:01:48.975+0000] {logging_mixin.py:137} INFO - [2024-03-28T20:01:48.975+0000] {dagbag.py:538} INFO - Filling up the DagBag from /usr/local/python/3.10.13/lib/python3.10/site-packages/airflow/example_dags/example_branch_operator_decorator.py
[2024-03-28T20:01:48.998+0000] {processor.py:753} INFO - DAG(s) dict_keys(['example_branch_python_operator_decorator']) retrieved from /usr/local/python/3.10.13/lib/python3.10/site-packages/airflow/example_dags/example_branch_operator_decorator.py
[2024-03-28T20:01:49.012+0000] {logging_mixin.py:137} INFO - [2024-03-28T20:01:49.012+0000] {dag.py:2690} INFO - Sync 1 DAGs
[2024-03-28T20:01:49.028+0000] {logging_mixin.py:137} INFO - [2024-03-28T20:01:49.028+0000] {dag.py:3437} INFO - Setting next_dagrun for example_branch_python_operator_decorator to 2024-03-27T00:00:00+00:00, run_after=2024-03-28T00:00:00+00:00
[2024-03-28T20:01:49.072+0000] {processor.py:175} INFO - Processing /usr/local/python/3.10.13/lib/python3.10/site-packages/airflow/example_dags/example_branch_operator_decorator.py took 0.100 seconds
[2024-03-28T20:02:29.578+0000] {processor.py:153} INFO - Started process (PID=45627) to work on /usr/local/python/3.10.13/lib/python3.10/site-packages/airflow/example_dags/example_branch_operator_decorator.py
[2024-03-28T20:02:29.579+0000] {processor.py:743} INFO - Processing file /usr/local/python/3.10.13/lib/python3.10/site-packages/airflow/example_dags/example_branch_operator_decorator.py for tasks to queue
[2024-03-28T20:02:29.580+0000] {logging_mixin.py:137} INFO - [2024-03-28T20:02:29.579+0000] {dagbag.py:538} INFO - Filling up the DagBag from /usr/local/python/3.10.13/lib/python3.10/site-packages/airflow/example_dags/example_branch_operator_decorator.py
[2024-03-28T20:02:29.601+0000] {processor.py:753} INFO - DAG(s) dict_keys(['example_branch_python_operator_decorator']) retrieved from /usr/local/python/3.10.13/lib/python3.10/site-packages/airflow/example_dags/example_branch_operator_decorator.py
[2024-03-28T20:02:29.620+0000] {logging_mixin.py:137} INFO - [2024-03-28T20:02:29.620+0000] {dag.py:2690} INFO - Sync 1 DAGs
[2024-03-28T20:02:29.639+0000] {logging_mixin.py:137} INFO - [2024-03-28T20:02:29.639+0000] {dag.py:3437} INFO - Setting next_dagrun for example_branch_python_operator_decorator to 2024-03-27T00:00:00+00:00, run_after=2024-03-28T00:00:00+00:00
[2024-03-28T20:02:29.681+0000] {processor.py:175} INFO - Processing /usr/local/python/3.10.13/lib/python3.10/site-packages/airflow/example_dags/example_branch_operator_decorator.py took 0.104 seconds
[2024-03-28T20:03:09.387+0000] {processor.py:153} INFO - Started process (PID=46023) to work on /usr/local/python/3.10.13/lib/python3.10/site-packages/airflow/example_dags/example_branch_operator_decorator.py
[2024-03-28T20:03:09.388+0000] {processor.py:743} INFO - Processing file /usr/local/python/3.10.13/lib/python3.10/site-packages/airflow/example_dags/example_branch_operator_decorator.py for tasks to queue
[2024-03-28T20:03:09.389+0000] {logging_mixin.py:137} INFO - [2024-03-28T20:03:09.388+0000] {dagbag.py:538} INFO - Filling up the DagBag from /usr/local/python/3.10.13/lib/python3.10/site-packages/airflow/example_dags/example_branch_operator_decorator.py
[2024-03-28T20:03:09.419+0000] {processor.py:753} INFO - DAG(s) dict_keys(['example_branch_python_operator_decorator']) retrieved from /usr/local/python/3.10.13/lib/python3.10/site-packages/airflow/example_dags/example_branch_operator_decorator.py
[2024-03-28T20:03:09.438+0000] {logging_mixin.py:137} INFO - [2024-03-28T20:03:09.438+0000] {dag.py:2690} INFO - Sync 1 DAGs
[2024-03-28T20:03:09.464+0000] {logging_mixin.py:137} INFO - [2024-03-28T20:03:09.463+0000] {dag.py:3437} INFO - Setting next_dagrun for example_branch_python_operator_decorator to 2024-03-27T00:00:00+00:00, run_after=2024-03-28T00:00:00+00:00
[2024-03-28T20:03:09.511+0000] {processor.py:175} INFO - Processing /usr/local/python/3.10.13/lib/python3.10/site-packages/airflow/example_dags/example_branch_operator_decorator.py took 0.126 seconds
[2024-03-28T20:03:54.995+0000] {processor.py:153} INFO - Started process (PID=46427) to work on /usr/local/python/3.10.13/lib/python3.10/site-packages/airflow/example_dags/example_branch_operator_decorator.py
[2024-03-28T20:03:54.996+0000] {processor.py:743} INFO - Processing file /usr/local/python/3.10.13/lib/python3.10/site-packages/airflow/example_dags/example_branch_operator_decorator.py for tasks to queue
[2024-03-28T20:03:54.997+0000] {logging_mixin.py:137} INFO - [2024-03-28T20:03:54.997+0000] {dagbag.py:538} INFO - Filling up the DagBag from /usr/local/python/3.10.13/lib/python3.10/site-packages/airflow/example_dags/example_branch_operator_decorator.py
[2024-03-28T20:03:55.023+0000] {processor.py:753} INFO - DAG(s) dict_keys(['example_branch_python_operator_decorator']) retrieved from /usr/local/python/3.10.13/lib/python3.10/site-packages/airflow/example_dags/example_branch_operator_decorator.py
[2024-03-28T20:03:55.039+0000] {logging_mixin.py:137} INFO - [2024-03-28T20:03:55.039+0000] {dag.py:2690} INFO - Sync 1 DAGs
[2024-03-28T20:03:55.055+0000] {logging_mixin.py:137} INFO - [2024-03-28T20:03:55.055+0000] {dag.py:3437} INFO - Setting next_dagrun for example_branch_python_operator_decorator to 2024-03-27T00:00:00+00:00, run_after=2024-03-28T00:00:00+00:00
[2024-03-28T20:03:55.096+0000] {processor.py:175} INFO - Processing /usr/local/python/3.10.13/lib/python3.10/site-packages/airflow/example_dags/example_branch_operator_decorator.py took 0.104 seconds
[2024-03-28T20:04:42.728+0000] {processor.py:153} INFO - Started process (PID=46891) to work on /usr/local/python/3.10.13/lib/python3.10/site-packages/airflow/example_dags/example_branch_operator_decorator.py
[2024-03-28T20:04:42.729+0000] {processor.py:743} INFO - Processing file /usr/local/python/3.10.13/lib/python3.10/site-packages/airflow/example_dags/example_branch_operator_decorator.py for tasks to queue
[2024-03-28T20:04:42.729+0000] {logging_mixin.py:137} INFO - [2024-03-28T20:04:42.729+0000] {dagbag.py:538} INFO - Filling up the DagBag from /usr/local/python/3.10.13/lib/python3.10/site-packages/airflow/example_dags/example_branch_operator_decorator.py
[2024-03-28T20:04:42.752+0000] {processor.py:753} INFO - DAG(s) dict_keys(['example_branch_python_operator_decorator']) retrieved from /usr/local/python/3.10.13/lib/python3.10/site-packages/airflow/example_dags/example_branch_operator_decorator.py
[2024-03-28T20:04:42.766+0000] {logging_mixin.py:137} INFO - [2024-03-28T20:04:42.766+0000] {dag.py:2690} INFO - Sync 1 DAGs
[2024-03-28T20:04:42.783+0000] {logging_mixin.py:137} INFO - [2024-03-28T20:04:42.783+0000] {dag.py:3437} INFO - Setting next_dagrun for example_branch_python_operator_decorator to 2024-03-27T00:00:00+00:00, run_after=2024-03-28T00:00:00+00:00
[2024-03-28T20:04:42.830+0000] {processor.py:175} INFO - Processing /usr/local/python/3.10.13/lib/python3.10/site-packages/airflow/example_dags/example_branch_operator_decorator.py took 0.104 seconds
[2024-03-28T20:05:31.982+0000] {processor.py:153} INFO - Started process (PID=47373) to work on /usr/local/python/3.10.13/lib/python3.10/site-packages/airflow/example_dags/example_branch_operator_decorator.py
[2024-03-28T20:05:31.982+0000] {processor.py:743} INFO - Processing file /usr/local/python/3.10.13/lib/python3.10/site-packages/airflow/example_dags/example_branch_operator_decorator.py for tasks to queue
[2024-03-28T20:05:31.983+0000] {logging_mixin.py:137} INFO - [2024-03-28T20:05:31.983+0000] {dagbag.py:538} INFO - Filling up the DagBag from /usr/local/python/3.10.13/lib/python3.10/site-packages/airflow/example_dags/example_branch_operator_decorator.py
[2024-03-28T20:05:32.018+0000] {processor.py:753} INFO - DAG(s) dict_keys(['example_branch_python_operator_decorator']) retrieved from /usr/local/python/3.10.13/lib/python3.10/site-packages/airflow/example_dags/example_branch_operator_decorator.py
[2024-03-28T20:05:32.039+0000] {logging_mixin.py:137} INFO - [2024-03-28T20:05:32.039+0000] {dag.py:2690} INFO - Sync 1 DAGs
[2024-03-28T20:05:32.063+0000] {logging_mixin.py:137} INFO - [2024-03-28T20:05:32.063+0000] {dag.py:3437} INFO - Setting next_dagrun for example_branch_python_operator_decorator to 2024-03-27T00:00:00+00:00, run_after=2024-03-28T00:00:00+00:00
[2024-03-28T20:05:32.125+0000] {processor.py:175} INFO - Processing /usr/local/python/3.10.13/lib/python3.10/site-packages/airflow/example_dags/example_branch_operator_decorator.py took 0.147 seconds
[2024-03-28T20:06:14.436+0000] {processor.py:153} INFO - Started process (PID=47848) to work on /usr/local/python/3.10.13/lib/python3.10/site-packages/airflow/example_dags/example_branch_operator_decorator.py
[2024-03-28T20:06:14.436+0000] {processor.py:743} INFO - Processing file /usr/local/python/3.10.13/lib/python3.10/site-packages/airflow/example_dags/example_branch_operator_decorator.py for tasks to queue
[2024-03-28T20:06:14.437+0000] {logging_mixin.py:137} INFO - [2024-03-28T20:06:14.437+0000] {dagbag.py:538} INFO - Filling up the DagBag from /usr/local/python/3.10.13/lib/python3.10/site-packages/airflow/example_dags/example_branch_operator_decorator.py
[2024-03-28T20:06:14.459+0000] {processor.py:753} INFO - DAG(s) dict_keys(['example_branch_python_operator_decorator']) retrieved from /usr/local/python/3.10.13/lib/python3.10/site-packages/airflow/example_dags/example_branch_operator_decorator.py
[2024-03-28T20:06:14.474+0000] {logging_mixin.py:137} INFO - [2024-03-28T20:06:14.474+0000] {dag.py:2690} INFO - Sync 1 DAGs
[2024-03-28T20:06:14.490+0000] {logging_mixin.py:137} INFO - [2024-03-28T20:06:14.490+0000] {dag.py:3437} INFO - Setting next_dagrun for example_branch_python_operator_decorator to 2024-03-27T00:00:00+00:00, run_after=2024-03-28T00:00:00+00:00
[2024-03-28T20:06:14.651+0000] {processor.py:175} INFO - Processing /usr/local/python/3.10.13/lib/python3.10/site-packages/airflow/example_dags/example_branch_operator_decorator.py took 0.217 seconds
[2024-03-28T20:07:07.877+0000] {processor.py:153} INFO - Started process (PID=48227) to work on /usr/local/python/3.10.13/lib/python3.10/site-packages/airflow/example_dags/example_branch_operator_decorator.py
[2024-03-28T20:07:07.877+0000] {processor.py:743} INFO - Processing file /usr/local/python/3.10.13/lib/python3.10/site-packages/airflow/example_dags/example_branch_operator_decorator.py for tasks to queue
[2024-03-28T20:07:07.878+0000] {logging_mixin.py:137} INFO - [2024-03-28T20:07:07.878+0000] {dagbag.py:538} INFO - Filling up the DagBag from /usr/local/python/3.10.13/lib/python3.10/site-packages/airflow/example_dags/example_branch_operator_decorator.py
[2024-03-28T20:07:07.900+0000] {processor.py:753} INFO - DAG(s) dict_keys(['example_branch_python_operator_decorator']) retrieved from /usr/local/python/3.10.13/lib/python3.10/site-packages/airflow/example_dags/example_branch_operator_decorator.py
[2024-03-28T20:07:07.915+0000] {logging_mixin.py:137} INFO - [2024-03-28T20:07:07.915+0000] {dag.py:2690} INFO - Sync 1 DAGs
[2024-03-28T20:07:08.029+0000] {logging_mixin.py:137} INFO - [2024-03-28T20:07:08.028+0000] {dag.py:3437} INFO - Setting next_dagrun for example_branch_python_operator_decorator to 2024-03-27T00:00:00+00:00, run_after=2024-03-28T00:00:00+00:00
[2024-03-28T20:07:08.079+0000] {processor.py:175} INFO - Processing /usr/local/python/3.10.13/lib/python3.10/site-packages/airflow/example_dags/example_branch_operator_decorator.py took 0.204 seconds
[2024-03-28T20:07:52.719+0000] {processor.py:153} INFO - Started process (PID=48618) to work on /usr/local/python/3.10.13/lib/python3.10/site-packages/airflow/example_dags/example_branch_operator_decorator.py
[2024-03-28T20:07:52.719+0000] {processor.py:743} INFO - Processing file /usr/local/python/3.10.13/lib/python3.10/site-packages/airflow/example_dags/example_branch_operator_decorator.py for tasks to queue
[2024-03-28T20:07:52.720+0000] {logging_mixin.py:137} INFO - [2024-03-28T20:07:52.720+0000] {dagbag.py:538} INFO - Filling up the DagBag from /usr/local/python/3.10.13/lib/python3.10/site-packages/airflow/example_dags/example_branch_operator_decorator.py
[2024-03-28T20:07:52.742+0000] {processor.py:753} INFO - DAG(s) dict_keys(['example_branch_python_operator_decorator']) retrieved from /usr/local/python/3.10.13/lib/python3.10/site-packages/airflow/example_dags/example_branch_operator_decorator.py
[2024-03-28T20:07:52.756+0000] {logging_mixin.py:137} INFO - [2024-03-28T20:07:52.756+0000] {dag.py:2690} INFO - Sync 1 DAGs
[2024-03-28T20:07:52.864+0000] {logging_mixin.py:137} INFO - [2024-03-28T20:07:52.864+0000] {dag.py:3437} INFO - Setting next_dagrun for example_branch_python_operator_decorator to 2024-03-27T00:00:00+00:00, run_after=2024-03-28T00:00:00+00:00
[2024-03-28T20:07:52.910+0000] {processor.py:175} INFO - Processing /usr/local/python/3.10.13/lib/python3.10/site-packages/airflow/example_dags/example_branch_operator_decorator.py took 0.193 seconds
[2024-03-28T20:08:37.762+0000] {processor.py:153} INFO - Started process (PID=49039) to work on /usr/local/python/3.10.13/lib/python3.10/site-packages/airflow/example_dags/example_branch_operator_decorator.py
[2024-03-28T20:08:37.762+0000] {processor.py:743} INFO - Processing file /usr/local/python/3.10.13/lib/python3.10/site-packages/airflow/example_dags/example_branch_operator_decorator.py for tasks to queue
[2024-03-28T20:08:37.763+0000] {logging_mixin.py:137} INFO - [2024-03-28T20:08:37.763+0000] {dagbag.py:538} INFO - Filling up the DagBag from /usr/local/python/3.10.13/lib/python3.10/site-packages/airflow/example_dags/example_branch_operator_decorator.py
[2024-03-28T20:08:37.785+0000] {processor.py:753} INFO - DAG(s) dict_keys(['example_branch_python_operator_decorator']) retrieved from /usr/local/python/3.10.13/lib/python3.10/site-packages/airflow/example_dags/example_branch_operator_decorator.py
[2024-03-28T20:08:37.802+0000] {logging_mixin.py:137} INFO - [2024-03-28T20:08:37.802+0000] {dag.py:2690} INFO - Sync 1 DAGs
[2024-03-28T20:08:37.946+0000] {logging_mixin.py:137} INFO - [2024-03-28T20:08:37.946+0000] {dag.py:3437} INFO - Setting next_dagrun for example_branch_python_operator_decorator to 2024-03-27T00:00:00+00:00, run_after=2024-03-28T00:00:00+00:00
[2024-03-28T20:08:37.990+0000] {processor.py:175} INFO - Processing /usr/local/python/3.10.13/lib/python3.10/site-packages/airflow/example_dags/example_branch_operator_decorator.py took 0.231 seconds
[2024-03-28T20:09:25.340+0000] {processor.py:153} INFO - Started process (PID=49498) to work on /usr/local/python/3.10.13/lib/python3.10/site-packages/airflow/example_dags/example_branch_operator_decorator.py
[2024-03-28T20:09:25.341+0000] {processor.py:743} INFO - Processing file /usr/local/python/3.10.13/lib/python3.10/site-packages/airflow/example_dags/example_branch_operator_decorator.py for tasks to queue
[2024-03-28T20:09:25.341+0000] {logging_mixin.py:137} INFO - [2024-03-28T20:09:25.341+0000] {dagbag.py:538} INFO - Filling up the DagBag from /usr/local/python/3.10.13/lib/python3.10/site-packages/airflow/example_dags/example_branch_operator_decorator.py
[2024-03-28T20:09:25.363+0000] {processor.py:753} INFO - DAG(s) dict_keys(['example_branch_python_operator_decorator']) retrieved from /usr/local/python/3.10.13/lib/python3.10/site-packages/airflow/example_dags/example_branch_operator_decorator.py
[2024-03-28T20:09:25.473+0000] {logging_mixin.py:137} INFO - [2024-03-28T20:09:25.473+0000] {dag.py:2690} INFO - Sync 1 DAGs
[2024-03-28T20:09:25.488+0000] {logging_mixin.py:137} INFO - [2024-03-28T20:09:25.488+0000] {dag.py:3437} INFO - Setting next_dagrun for example_branch_python_operator_decorator to 2024-03-27T00:00:00+00:00, run_after=2024-03-28T00:00:00+00:00
[2024-03-28T20:09:25.531+0000] {processor.py:175} INFO - Processing /usr/local/python/3.10.13/lib/python3.10/site-packages/airflow/example_dags/example_branch_operator_decorator.py took 0.193 seconds
[2024-03-28T20:10:10.245+0000] {processor.py:153} INFO - Started process (PID=49879) to work on /usr/local/python/3.10.13/lib/python3.10/site-packages/airflow/example_dags/example_branch_operator_decorator.py
[2024-03-28T20:10:10.246+0000] {processor.py:743} INFO - Processing file /usr/local/python/3.10.13/lib/python3.10/site-packages/airflow/example_dags/example_branch_operator_decorator.py for tasks to queue
[2024-03-28T20:10:10.246+0000] {logging_mixin.py:137} INFO - [2024-03-28T20:10:10.246+0000] {dagbag.py:538} INFO - Filling up the DagBag from /usr/local/python/3.10.13/lib/python3.10/site-packages/airflow/example_dags/example_branch_operator_decorator.py
[2024-03-28T20:10:10.393+0000] {processor.py:753} INFO - DAG(s) dict_keys(['example_branch_python_operator_decorator']) retrieved from /usr/local/python/3.10.13/lib/python3.10/site-packages/airflow/example_dags/example_branch_operator_decorator.py
[2024-03-28T20:10:10.406+0000] {logging_mixin.py:137} INFO - [2024-03-28T20:10:10.406+0000] {dag.py:2690} INFO - Sync 1 DAGs
[2024-03-28T20:10:10.423+0000] {logging_mixin.py:137} INFO - [2024-03-28T20:10:10.422+0000] {dag.py:3437} INFO - Setting next_dagrun for example_branch_python_operator_decorator to 2024-03-27T00:00:00+00:00, run_after=2024-03-28T00:00:00+00:00
[2024-03-28T20:10:10.480+0000] {processor.py:175} INFO - Processing /usr/local/python/3.10.13/lib/python3.10/site-packages/airflow/example_dags/example_branch_operator_decorator.py took 0.237 seconds
