[2024-03-28T19:59:57.983+0000] {processor.py:153} INFO - Started process (PID=44582) to work on /usr/local/python/3.10.13/lib/python3.10/site-packages/airflow/example_dags/example_task_group_decorator.py
[2024-03-28T19:59:57.983+0000] {processor.py:743} INFO - Processing file /usr/local/python/3.10.13/lib/python3.10/site-packages/airflow/example_dags/example_task_group_decorator.py for tasks to queue
[2024-03-28T19:59:57.984+0000] {logging_mixin.py:137} INFO - [2024-03-28T19:59:57.984+0000] {dagbag.py:538} INFO - Filling up the DagBag from /usr/local/python/3.10.13/lib/python3.10/site-packages/airflow/example_dags/example_task_group_decorator.py
[2024-03-28T19:59:58.008+0000] {processor.py:753} INFO - DAG(s) dict_keys(['example_task_group_decorator']) retrieved from /usr/local/python/3.10.13/lib/python3.10/site-packages/airflow/example_dags/example_task_group_decorator.py
[2024-03-28T19:59:58.152+0000] {logging_mixin.py:137} INFO - [2024-03-28T19:59:58.151+0000] {manager.py:504} INFO - Created Permission View: can read on DAG:example_task_group_decorator
[2024-03-28T19:59:58.185+0000] {logging_mixin.py:137} INFO - [2024-03-28T19:59:58.184+0000] {manager.py:504} INFO - Created Permission View: can delete on DAG:example_task_group_decorator
[2024-03-28T19:59:58.218+0000] {logging_mixin.py:137} INFO - [2024-03-28T19:59:58.218+0000] {manager.py:504} INFO - Created Permission View: can edit on DAG:example_task_group_decorator
[2024-03-28T19:59:58.218+0000] {logging_mixin.py:137} INFO - [2024-03-28T19:59:58.218+0000] {dag.py:2690} INFO - Sync 1 DAGs
[2024-03-28T19:59:58.226+0000] {logging_mixin.py:137} INFO - [2024-03-28T19:59:58.226+0000] {dag.py:2711} INFO - Creating ORM DAG for example_task_group_decorator
[2024-03-28T19:59:58.233+0000] {logging_mixin.py:137} INFO - [2024-03-28T19:59:58.233+0000] {dag.py:3437} INFO - Setting next_dagrun for example_task_group_decorator to 2024-03-27T19:59:58.233345+00:00, run_after=2024-03-28T19:59:58.233345+00:00
[2024-03-28T19:59:58.280+0000] {processor.py:175} INFO - Processing /usr/local/python/3.10.13/lib/python3.10/site-packages/airflow/example_dags/example_task_group_decorator.py took 0.299 seconds
[2024-03-28T20:00:44.979+0000] {processor.py:153} INFO - Started process (PID=44909) to work on /usr/local/python/3.10.13/lib/python3.10/site-packages/airflow/example_dags/example_task_group_decorator.py
[2024-03-28T20:00:44.979+0000] {processor.py:743} INFO - Processing file /usr/local/python/3.10.13/lib/python3.10/site-packages/airflow/example_dags/example_task_group_decorator.py for tasks to queue
[2024-03-28T20:00:44.980+0000] {logging_mixin.py:137} INFO - [2024-03-28T20:00:44.980+0000] {dagbag.py:538} INFO - Filling up the DagBag from /usr/local/python/3.10.13/lib/python3.10/site-packages/airflow/example_dags/example_task_group_decorator.py
[2024-03-28T20:00:45.020+0000] {processor.py:753} INFO - DAG(s) dict_keys(['example_task_group_decorator']) retrieved from /usr/local/python/3.10.13/lib/python3.10/site-packages/airflow/example_dags/example_task_group_decorator.py
[2024-03-28T20:00:45.038+0000] {logging_mixin.py:137} INFO - [2024-03-28T20:00:45.038+0000] {dag.py:2690} INFO - Sync 1 DAGs
[2024-03-28T20:00:45.053+0000] {logging_mixin.py:137} INFO - [2024-03-28T20:00:45.053+0000] {dag.py:3437} INFO - Setting next_dagrun for example_task_group_decorator to 2024-03-27T20:00:45.053087+00:00, run_after=2024-03-28T20:00:45.053087+00:00
[2024-03-28T20:00:45.096+0000] {processor.py:175} INFO - Processing /usr/local/python/3.10.13/lib/python3.10/site-packages/airflow/example_dags/example_task_group_decorator.py took 0.120 seconds
[2024-03-28T20:01:24.369+0000] {processor.py:153} INFO - Started process (PID=45182) to work on /usr/local/python/3.10.13/lib/python3.10/site-packages/airflow/example_dags/example_task_group_decorator.py
[2024-03-28T20:01:24.369+0000] {processor.py:743} INFO - Processing file /usr/local/python/3.10.13/lib/python3.10/site-packages/airflow/example_dags/example_task_group_decorator.py for tasks to queue
[2024-03-28T20:01:24.370+0000] {logging_mixin.py:137} INFO - [2024-03-28T20:01:24.370+0000] {dagbag.py:538} INFO - Filling up the DagBag from /usr/local/python/3.10.13/lib/python3.10/site-packages/airflow/example_dags/example_task_group_decorator.py
[2024-03-28T20:01:24.395+0000] {processor.py:753} INFO - DAG(s) dict_keys(['example_task_group_decorator']) retrieved from /usr/local/python/3.10.13/lib/python3.10/site-packages/airflow/example_dags/example_task_group_decorator.py
[2024-03-28T20:01:24.410+0000] {logging_mixin.py:137} INFO - [2024-03-28T20:01:24.410+0000] {dag.py:2690} INFO - Sync 1 DAGs
[2024-03-28T20:01:24.425+0000] {logging_mixin.py:137} INFO - [2024-03-28T20:01:24.425+0000] {dag.py:3437} INFO - Setting next_dagrun for example_task_group_decorator to 2024-03-27T20:01:24.424853+00:00, run_after=2024-03-28T20:01:24.424853+00:00
[2024-03-28T20:01:24.469+0000] {processor.py:175} INFO - Processing /usr/local/python/3.10.13/lib/python3.10/site-packages/airflow/example_dags/example_task_group_decorator.py took 0.102 seconds
[2024-03-28T20:02:04.742+0000] {processor.py:153} INFO - Started process (PID=45450) to work on /usr/local/python/3.10.13/lib/python3.10/site-packages/airflow/example_dags/example_task_group_decorator.py
[2024-03-28T20:02:04.742+0000] {processor.py:743} INFO - Processing file /usr/local/python/3.10.13/lib/python3.10/site-packages/airflow/example_dags/example_task_group_decorator.py for tasks to queue
[2024-03-28T20:02:04.743+0000] {logging_mixin.py:137} INFO - [2024-03-28T20:02:04.743+0000] {dagbag.py:538} INFO - Filling up the DagBag from /usr/local/python/3.10.13/lib/python3.10/site-packages/airflow/example_dags/example_task_group_decorator.py
[2024-03-28T20:02:04.767+0000] {processor.py:753} INFO - DAG(s) dict_keys(['example_task_group_decorator']) retrieved from /usr/local/python/3.10.13/lib/python3.10/site-packages/airflow/example_dags/example_task_group_decorator.py
[2024-03-28T20:02:04.783+0000] {logging_mixin.py:137} INFO - [2024-03-28T20:02:04.783+0000] {dag.py:2690} INFO - Sync 1 DAGs
[2024-03-28T20:02:04.798+0000] {logging_mixin.py:137} INFO - [2024-03-28T20:02:04.798+0000] {dag.py:3437} INFO - Setting next_dagrun for example_task_group_decorator to 2024-03-27T20:02:04.797833+00:00, run_after=2024-03-28T20:02:04.797833+00:00
[2024-03-28T20:02:04.841+0000] {processor.py:175} INFO - Processing /usr/local/python/3.10.13/lib/python3.10/site-packages/airflow/example_dags/example_task_group_decorator.py took 0.101 seconds
[2024-03-28T20:02:44.167+0000] {processor.py:153} INFO - Started process (PID=45795) to work on /usr/local/python/3.10.13/lib/python3.10/site-packages/airflow/example_dags/example_task_group_decorator.py
[2024-03-28T20:02:44.168+0000] {processor.py:743} INFO - Processing file /usr/local/python/3.10.13/lib/python3.10/site-packages/airflow/example_dags/example_task_group_decorator.py for tasks to queue
[2024-03-28T20:02:44.168+0000] {logging_mixin.py:137} INFO - [2024-03-28T20:02:44.168+0000] {dagbag.py:538} INFO - Filling up the DagBag from /usr/local/python/3.10.13/lib/python3.10/site-packages/airflow/example_dags/example_task_group_decorator.py
[2024-03-28T20:02:44.193+0000] {processor.py:753} INFO - DAG(s) dict_keys(['example_task_group_decorator']) retrieved from /usr/local/python/3.10.13/lib/python3.10/site-packages/airflow/example_dags/example_task_group_decorator.py
[2024-03-28T20:02:44.209+0000] {logging_mixin.py:137} INFO - [2024-03-28T20:02:44.209+0000] {dag.py:2690} INFO - Sync 1 DAGs
[2024-03-28T20:02:44.226+0000] {logging_mixin.py:137} INFO - [2024-03-28T20:02:44.226+0000] {dag.py:3437} INFO - Setting next_dagrun for example_task_group_decorator to 2024-03-27T20:02:44.226555+00:00, run_after=2024-03-28T20:02:44.226555+00:00
[2024-03-28T20:02:44.282+0000] {processor.py:175} INFO - Processing /usr/local/python/3.10.13/lib/python3.10/site-packages/airflow/example_dags/example_task_group_decorator.py took 0.117 seconds
[2024-03-28T20:03:23.553+0000] {processor.py:153} INFO - Started process (PID=46110) to work on /usr/local/python/3.10.13/lib/python3.10/site-packages/airflow/example_dags/example_task_group_decorator.py
[2024-03-28T20:03:23.554+0000] {processor.py:743} INFO - Processing file /usr/local/python/3.10.13/lib/python3.10/site-packages/airflow/example_dags/example_task_group_decorator.py for tasks to queue
[2024-03-28T20:03:23.554+0000] {logging_mixin.py:137} INFO - [2024-03-28T20:03:23.554+0000] {dagbag.py:538} INFO - Filling up the DagBag from /usr/local/python/3.10.13/lib/python3.10/site-packages/airflow/example_dags/example_task_group_decorator.py
[2024-03-28T20:03:23.579+0000] {processor.py:753} INFO - DAG(s) dict_keys(['example_task_group_decorator']) retrieved from /usr/local/python/3.10.13/lib/python3.10/site-packages/airflow/example_dags/example_task_group_decorator.py
[2024-03-28T20:03:23.595+0000] {logging_mixin.py:137} INFO - [2024-03-28T20:03:23.595+0000] {dag.py:2690} INFO - Sync 1 DAGs
[2024-03-28T20:03:23.610+0000] {logging_mixin.py:137} INFO - [2024-03-28T20:03:23.610+0000] {dag.py:3437} INFO - Setting next_dagrun for example_task_group_decorator to 2024-03-27T20:03:23.610299+00:00, run_after=2024-03-28T20:03:23.610299+00:00
[2024-03-28T20:03:23.653+0000] {processor.py:175} INFO - Processing /usr/local/python/3.10.13/lib/python3.10/site-packages/airflow/example_dags/example_task_group_decorator.py took 0.103 seconds
[2024-03-28T20:04:02.155+0000] {processor.py:153} INFO - Started process (PID=46489) to work on /usr/local/python/3.10.13/lib/python3.10/site-packages/airflow/example_dags/example_task_group_decorator.py
[2024-03-28T20:04:02.156+0000] {processor.py:743} INFO - Processing file /usr/local/python/3.10.13/lib/python3.10/site-packages/airflow/example_dags/example_task_group_decorator.py for tasks to queue
[2024-03-28T20:04:02.156+0000] {logging_mixin.py:137} INFO - [2024-03-28T20:04:02.156+0000] {dagbag.py:538} INFO - Filling up the DagBag from /usr/local/python/3.10.13/lib/python3.10/site-packages/airflow/example_dags/example_task_group_decorator.py
[2024-03-28T20:04:02.180+0000] {processor.py:753} INFO - DAG(s) dict_keys(['example_task_group_decorator']) retrieved from /usr/local/python/3.10.13/lib/python3.10/site-packages/airflow/example_dags/example_task_group_decorator.py
[2024-03-28T20:04:02.196+0000] {logging_mixin.py:137} INFO - [2024-03-28T20:04:02.196+0000] {dag.py:2690} INFO - Sync 1 DAGs
[2024-03-28T20:04:02.210+0000] {logging_mixin.py:137} INFO - [2024-03-28T20:04:02.210+0000] {dag.py:3437} INFO - Setting next_dagrun for example_task_group_decorator to 2024-03-27T20:04:02.210661+00:00, run_after=2024-03-28T20:04:02.210661+00:00
[2024-03-28T20:04:02.273+0000] {processor.py:175} INFO - Processing /usr/local/python/3.10.13/lib/python3.10/site-packages/airflow/example_dags/example_task_group_decorator.py took 0.120 seconds
[2024-03-28T20:04:40.100+0000] {processor.py:153} INFO - Started process (PID=46872) to work on /usr/local/python/3.10.13/lib/python3.10/site-packages/airflow/example_dags/example_task_group_decorator.py
[2024-03-28T20:04:40.101+0000] {processor.py:743} INFO - Processing file /usr/local/python/3.10.13/lib/python3.10/site-packages/airflow/example_dags/example_task_group_decorator.py for tasks to queue
[2024-03-28T20:04:40.101+0000] {logging_mixin.py:137} INFO - [2024-03-28T20:04:40.101+0000] {dagbag.py:538} INFO - Filling up the DagBag from /usr/local/python/3.10.13/lib/python3.10/site-packages/airflow/example_dags/example_task_group_decorator.py
[2024-03-28T20:04:40.126+0000] {processor.py:753} INFO - DAG(s) dict_keys(['example_task_group_decorator']) retrieved from /usr/local/python/3.10.13/lib/python3.10/site-packages/airflow/example_dags/example_task_group_decorator.py
[2024-03-28T20:04:40.142+0000] {logging_mixin.py:137} INFO - [2024-03-28T20:04:40.142+0000] {dag.py:2690} INFO - Sync 1 DAGs
[2024-03-28T20:04:40.156+0000] {logging_mixin.py:137} INFO - [2024-03-28T20:04:40.156+0000] {dag.py:3437} INFO - Setting next_dagrun for example_task_group_decorator to 2024-03-27T20:04:40.156082+00:00, run_after=2024-03-28T20:04:40.156082+00:00
[2024-03-28T20:04:40.201+0000] {processor.py:175} INFO - Processing /usr/local/python/3.10.13/lib/python3.10/site-packages/airflow/example_dags/example_task_group_decorator.py took 0.103 seconds
[2024-03-28T20:05:17.161+0000] {processor.py:153} INFO - Started process (PID=47265) to work on /usr/local/python/3.10.13/lib/python3.10/site-packages/airflow/example_dags/example_task_group_decorator.py
[2024-03-28T20:05:17.162+0000] {processor.py:743} INFO - Processing file /usr/local/python/3.10.13/lib/python3.10/site-packages/airflow/example_dags/example_task_group_decorator.py for tasks to queue
[2024-03-28T20:05:17.162+0000] {logging_mixin.py:137} INFO - [2024-03-28T20:05:17.162+0000] {dagbag.py:538} INFO - Filling up the DagBag from /usr/local/python/3.10.13/lib/python3.10/site-packages/airflow/example_dags/example_task_group_decorator.py
[2024-03-28T20:05:17.199+0000] {processor.py:753} INFO - DAG(s) dict_keys(['example_task_group_decorator']) retrieved from /usr/local/python/3.10.13/lib/python3.10/site-packages/airflow/example_dags/example_task_group_decorator.py
[2024-03-28T20:05:17.215+0000] {logging_mixin.py:137} INFO - [2024-03-28T20:05:17.215+0000] {dag.py:2690} INFO - Sync 1 DAGs
[2024-03-28T20:05:17.230+0000] {logging_mixin.py:137} INFO - [2024-03-28T20:05:17.230+0000] {dag.py:3437} INFO - Setting next_dagrun for example_task_group_decorator to 2024-03-27T20:05:17.230048+00:00, run_after=2024-03-28T20:05:17.230048+00:00
[2024-03-28T20:05:17.274+0000] {processor.py:175} INFO - Processing /usr/local/python/3.10.13/lib/python3.10/site-packages/airflow/example_dags/example_task_group_decorator.py took 0.115 seconds
[2024-03-28T20:05:59.396+0000] {processor.py:153} INFO - Started process (PID=47698) to work on /usr/local/python/3.10.13/lib/python3.10/site-packages/airflow/example_dags/example_task_group_decorator.py
[2024-03-28T20:05:59.397+0000] {processor.py:743} INFO - Processing file /usr/local/python/3.10.13/lib/python3.10/site-packages/airflow/example_dags/example_task_group_decorator.py for tasks to queue
[2024-03-28T20:05:59.398+0000] {logging_mixin.py:137} INFO - [2024-03-28T20:05:59.398+0000] {dagbag.py:538} INFO - Filling up the DagBag from /usr/local/python/3.10.13/lib/python3.10/site-packages/airflow/example_dags/example_task_group_decorator.py
[2024-03-28T20:05:59.430+0000] {processor.py:753} INFO - DAG(s) dict_keys(['example_task_group_decorator']) retrieved from /usr/local/python/3.10.13/lib/python3.10/site-packages/airflow/example_dags/example_task_group_decorator.py
[2024-03-28T20:05:59.448+0000] {logging_mixin.py:137} INFO - [2024-03-28T20:05:59.448+0000] {dag.py:2690} INFO - Sync 1 DAGs
[2024-03-28T20:05:59.464+0000] {logging_mixin.py:137} INFO - [2024-03-28T20:05:59.464+0000] {dag.py:3437} INFO - Setting next_dagrun for example_task_group_decorator to 2024-03-27T20:05:59.463965+00:00, run_after=2024-03-28T20:05:59.463965+00:00
[2024-03-28T20:05:59.513+0000] {processor.py:175} INFO - Processing /usr/local/python/3.10.13/lib/python3.10/site-packages/airflow/example_dags/example_task_group_decorator.py took 0.120 seconds
[2024-03-28T20:06:44.989+0000] {processor.py:153} INFO - Started process (PID=48074) to work on /usr/local/python/3.10.13/lib/python3.10/site-packages/airflow/example_dags/example_task_group_decorator.py
[2024-03-28T20:06:44.989+0000] {processor.py:743} INFO - Processing file /usr/local/python/3.10.13/lib/python3.10/site-packages/airflow/example_dags/example_task_group_decorator.py for tasks to queue
[2024-03-28T20:06:44.990+0000] {logging_mixin.py:137} INFO - [2024-03-28T20:06:44.990+0000] {dagbag.py:538} INFO - Filling up the DagBag from /usr/local/python/3.10.13/lib/python3.10/site-packages/airflow/example_dags/example_task_group_decorator.py
[2024-03-28T20:06:45.014+0000] {processor.py:753} INFO - DAG(s) dict_keys(['example_task_group_decorator']) retrieved from /usr/local/python/3.10.13/lib/python3.10/site-packages/airflow/example_dags/example_task_group_decorator.py
[2024-03-28T20:06:45.037+0000] {logging_mixin.py:137} INFO - [2024-03-28T20:06:45.037+0000] {dag.py:2690} INFO - Sync 1 DAGs
[2024-03-28T20:06:45.061+0000] {logging_mixin.py:137} INFO - [2024-03-28T20:06:45.061+0000] {dag.py:3437} INFO - Setting next_dagrun for example_task_group_decorator to 2024-03-27T20:06:45.060302+00:00, run_after=2024-03-28T20:06:45.060302+00:00
[2024-03-28T20:06:45.222+0000] {processor.py:175} INFO - Processing /usr/local/python/3.10.13/lib/python3.10/site-packages/airflow/example_dags/example_task_group_decorator.py took 0.236 seconds
[2024-03-28T20:07:28.137+0000] {processor.py:153} INFO - Started process (PID=48404) to work on /usr/local/python/3.10.13/lib/python3.10/site-packages/airflow/example_dags/example_task_group_decorator.py
[2024-03-28T20:07:28.138+0000] {processor.py:743} INFO - Processing file /usr/local/python/3.10.13/lib/python3.10/site-packages/airflow/example_dags/example_task_group_decorator.py for tasks to queue
[2024-03-28T20:07:28.139+0000] {logging_mixin.py:137} INFO - [2024-03-28T20:07:28.139+0000] {dagbag.py:538} INFO - Filling up the DagBag from /usr/local/python/3.10.13/lib/python3.10/site-packages/airflow/example_dags/example_task_group_decorator.py
[2024-03-28T20:07:28.167+0000] {processor.py:753} INFO - DAG(s) dict_keys(['example_task_group_decorator']) retrieved from /usr/local/python/3.10.13/lib/python3.10/site-packages/airflow/example_dags/example_task_group_decorator.py
[2024-03-28T20:07:28.183+0000] {logging_mixin.py:137} INFO - [2024-03-28T20:07:28.182+0000] {dag.py:2690} INFO - Sync 1 DAGs
[2024-03-28T20:07:28.291+0000] {logging_mixin.py:137} INFO - [2024-03-28T20:07:28.291+0000] {dag.py:3437} INFO - Setting next_dagrun for example_task_group_decorator to 2024-03-27T20:07:28.290980+00:00, run_after=2024-03-28T20:07:28.290980+00:00
[2024-03-28T20:07:28.334+0000] {processor.py:175} INFO - Processing /usr/local/python/3.10.13/lib/python3.10/site-packages/airflow/example_dags/example_task_group_decorator.py took 0.199 seconds
[2024-03-28T20:08:12.311+0000] {processor.py:153} INFO - Started process (PID=48839) to work on /usr/local/python/3.10.13/lib/python3.10/site-packages/airflow/example_dags/example_task_group_decorator.py
[2024-03-28T20:08:12.312+0000] {processor.py:743} INFO - Processing file /usr/local/python/3.10.13/lib/python3.10/site-packages/airflow/example_dags/example_task_group_decorator.py for tasks to queue
[2024-03-28T20:08:12.313+0000] {logging_mixin.py:137} INFO - [2024-03-28T20:08:12.312+0000] {dagbag.py:538} INFO - Filling up the DagBag from /usr/local/python/3.10.13/lib/python3.10/site-packages/airflow/example_dags/example_task_group_decorator.py
[2024-03-28T20:08:12.341+0000] {processor.py:753} INFO - DAG(s) dict_keys(['example_task_group_decorator']) retrieved from /usr/local/python/3.10.13/lib/python3.10/site-packages/airflow/example_dags/example_task_group_decorator.py
[2024-03-28T20:08:12.360+0000] {logging_mixin.py:137} INFO - [2024-03-28T20:08:12.360+0000] {dag.py:2690} INFO - Sync 1 DAGs
[2024-03-28T20:08:12.505+0000] {logging_mixin.py:137} INFO - [2024-03-28T20:08:12.505+0000] {dag.py:3437} INFO - Setting next_dagrun for example_task_group_decorator to 2024-03-27T20:08:12.505415+00:00, run_after=2024-03-28T20:08:12.505415+00:00
[2024-03-28T20:08:12.549+0000] {processor.py:175} INFO - Processing /usr/local/python/3.10.13/lib/python3.10/site-packages/airflow/example_dags/example_task_group_decorator.py took 0.241 seconds
[2024-03-28T20:09:00.264+0000] {processor.py:153} INFO - Started process (PID=49272) to work on /usr/local/python/3.10.13/lib/python3.10/site-packages/airflow/example_dags/example_task_group_decorator.py
[2024-03-28T20:09:00.265+0000] {processor.py:743} INFO - Processing file /usr/local/python/3.10.13/lib/python3.10/site-packages/airflow/example_dags/example_task_group_decorator.py for tasks to queue
[2024-03-28T20:09:00.265+0000] {logging_mixin.py:137} INFO - [2024-03-28T20:09:00.265+0000] {dagbag.py:538} INFO - Filling up the DagBag from /usr/local/python/3.10.13/lib/python3.10/site-packages/airflow/example_dags/example_task_group_decorator.py
[2024-03-28T20:09:00.290+0000] {processor.py:753} INFO - DAG(s) dict_keys(['example_task_group_decorator']) retrieved from /usr/local/python/3.10.13/lib/python3.10/site-packages/airflow/example_dags/example_task_group_decorator.py
[2024-03-28T20:09:00.400+0000] {logging_mixin.py:137} INFO - [2024-03-28T20:09:00.400+0000] {dag.py:2690} INFO - Sync 1 DAGs
[2024-03-28T20:09:00.413+0000] {logging_mixin.py:137} INFO - [2024-03-28T20:09:00.413+0000] {dag.py:3437} INFO - Setting next_dagrun for example_task_group_decorator to 2024-03-27T20:09:00.413703+00:00, run_after=2024-03-28T20:09:00.413703+00:00
[2024-03-28T20:09:00.458+0000] {processor.py:175} INFO - Processing /usr/local/python/3.10.13/lib/python3.10/site-packages/airflow/example_dags/example_task_group_decorator.py took 0.196 seconds
[2024-03-28T20:09:44.632+0000] {processor.py:153} INFO - Started process (PID=49645) to work on /usr/local/python/3.10.13/lib/python3.10/site-packages/airflow/example_dags/example_task_group_decorator.py
[2024-03-28T20:09:44.633+0000] {processor.py:743} INFO - Processing file /usr/local/python/3.10.13/lib/python3.10/site-packages/airflow/example_dags/example_task_group_decorator.py for tasks to queue
[2024-03-28T20:09:44.634+0000] {logging_mixin.py:137} INFO - [2024-03-28T20:09:44.633+0000] {dagbag.py:538} INFO - Filling up the DagBag from /usr/local/python/3.10.13/lib/python3.10/site-packages/airflow/example_dags/example_task_group_decorator.py
[2024-03-28T20:09:44.755+0000] {processor.py:753} INFO - DAG(s) dict_keys(['example_task_group_decorator']) retrieved from /usr/local/python/3.10.13/lib/python3.10/site-packages/airflow/example_dags/example_task_group_decorator.py
[2024-03-28T20:09:44.769+0000] {logging_mixin.py:137} INFO - [2024-03-28T20:09:44.769+0000] {dag.py:2690} INFO - Sync 1 DAGs
[2024-03-28T20:09:44.783+0000] {logging_mixin.py:137} INFO - [2024-03-28T20:09:44.783+0000] {dag.py:3437} INFO - Setting next_dagrun for example_task_group_decorator to 2024-03-27T20:09:44.782901+00:00, run_after=2024-03-28T20:09:44.782901+00:00
[2024-03-28T20:09:44.828+0000] {processor.py:175} INFO - Processing /usr/local/python/3.10.13/lib/python3.10/site-packages/airflow/example_dags/example_task_group_decorator.py took 0.198 seconds
[2024-03-28T20:10:29.425+0000] {processor.py:153} INFO - Started process (PID=50039) to work on /usr/local/python/3.10.13/lib/python3.10/site-packages/airflow/example_dags/example_task_group_decorator.py
[2024-03-28T20:10:29.426+0000] {processor.py:743} INFO - Processing file /usr/local/python/3.10.13/lib/python3.10/site-packages/airflow/example_dags/example_task_group_decorator.py for tasks to queue
[2024-03-28T20:10:29.426+0000] {logging_mixin.py:137} INFO - [2024-03-28T20:10:29.426+0000] {dagbag.py:538} INFO - Filling up the DagBag from /usr/local/python/3.10.13/lib/python3.10/site-packages/airflow/example_dags/example_task_group_decorator.py
[2024-03-28T20:10:29.581+0000] {processor.py:753} INFO - DAG(s) dict_keys(['example_task_group_decorator']) retrieved from /usr/local/python/3.10.13/lib/python3.10/site-packages/airflow/example_dags/example_task_group_decorator.py
[2024-03-28T20:10:29.599+0000] {logging_mixin.py:137} INFO - [2024-03-28T20:10:29.599+0000] {dag.py:2690} INFO - Sync 1 DAGs
[2024-03-28T20:10:29.613+0000] {logging_mixin.py:137} INFO - [2024-03-28T20:10:29.612+0000] {dag.py:3437} INFO - Setting next_dagrun for example_task_group_decorator to 2024-03-27T20:10:29.612774+00:00, run_after=2024-03-28T20:10:29.612774+00:00
[2024-03-28T20:10:29.659+0000] {processor.py:175} INFO - Processing /usr/local/python/3.10.13/lib/python3.10/site-packages/airflow/example_dags/example_task_group_decorator.py took 0.236 seconds
