[2024-03-28T19:59:59.451+0000] {processor.py:153} INFO - Started process (PID=44589) to work on /usr/local/python/3.10.13/lib/python3.10/site-packages/airflow/example_dags/example_trigger_controller_dag.py
[2024-03-28T19:59:59.452+0000] {processor.py:743} INFO - Processing file /usr/local/python/3.10.13/lib/python3.10/site-packages/airflow/example_dags/example_trigger_controller_dag.py for tasks to queue
[2024-03-28T19:59:59.452+0000] {logging_mixin.py:137} INFO - [2024-03-28T19:59:59.452+0000] {dagbag.py:538} INFO - Filling up the DagBag from /usr/local/python/3.10.13/lib/python3.10/site-packages/airflow/example_dags/example_trigger_controller_dag.py
[2024-03-28T19:59:59.462+0000] {processor.py:753} INFO - DAG(s) dict_keys(['example_trigger_controller_dag']) retrieved from /usr/local/python/3.10.13/lib/python3.10/site-packages/airflow/example_dags/example_trigger_controller_dag.py
[2024-03-28T19:59:59.604+0000] {logging_mixin.py:137} INFO - [2024-03-28T19:59:59.603+0000] {manager.py:504} INFO - Created Permission View: can read on DAG:example_trigger_controller_dag
[2024-03-28T19:59:59.641+0000] {logging_mixin.py:137} INFO - [2024-03-28T19:59:59.640+0000] {manager.py:504} INFO - Created Permission View: can delete on DAG:example_trigger_controller_dag
[2024-03-28T19:59:59.674+0000] {logging_mixin.py:137} INFO - [2024-03-28T19:59:59.674+0000] {manager.py:504} INFO - Created Permission View: can edit on DAG:example_trigger_controller_dag
[2024-03-28T19:59:59.675+0000] {logging_mixin.py:137} INFO - [2024-03-28T19:59:59.675+0000] {dag.py:2690} INFO - Sync 1 DAGs
[2024-03-28T19:59:59.684+0000] {logging_mixin.py:137} INFO - [2024-03-28T19:59:59.684+0000] {dag.py:2711} INFO - Creating ORM DAG for example_trigger_controller_dag
[2024-03-28T19:59:59.690+0000] {logging_mixin.py:137} INFO - [2024-03-28T19:59:59.690+0000] {dag.py:3437} INFO - Setting next_dagrun for example_trigger_controller_dag to 2021-01-01T00:00:00+00:00, run_after=2021-01-01T00:00:00+00:00
[2024-03-28T19:59:59.733+0000] {processor.py:175} INFO - Processing /usr/local/python/3.10.13/lib/python3.10/site-packages/airflow/example_dags/example_trigger_controller_dag.py took 0.284 seconds
[2024-03-28T20:00:46.226+0000] {processor.py:153} INFO - Started process (PID=44913) to work on /usr/local/python/3.10.13/lib/python3.10/site-packages/airflow/example_dags/example_trigger_controller_dag.py
[2024-03-28T20:00:46.227+0000] {processor.py:743} INFO - Processing file /usr/local/python/3.10.13/lib/python3.10/site-packages/airflow/example_dags/example_trigger_controller_dag.py for tasks to queue
[2024-03-28T20:00:46.228+0000] {logging_mixin.py:137} INFO - [2024-03-28T20:00:46.228+0000] {dagbag.py:538} INFO - Filling up the DagBag from /usr/local/python/3.10.13/lib/python3.10/site-packages/airflow/example_dags/example_trigger_controller_dag.py
[2024-03-28T20:00:46.243+0000] {processor.py:753} INFO - DAG(s) dict_keys(['example_trigger_controller_dag']) retrieved from /usr/local/python/3.10.13/lib/python3.10/site-packages/airflow/example_dags/example_trigger_controller_dag.py
[2024-03-28T20:00:46.265+0000] {logging_mixin.py:137} INFO - [2024-03-28T20:00:46.264+0000] {dag.py:2690} INFO - Sync 1 DAGs
[2024-03-28T20:00:46.285+0000] {logging_mixin.py:137} INFO - [2024-03-28T20:00:46.285+0000] {dag.py:3437} INFO - Setting next_dagrun for example_trigger_controller_dag to 2021-01-01T00:00:00+00:00, run_after=2021-01-01T00:00:00+00:00
[2024-03-28T20:00:46.331+0000] {processor.py:175} INFO - Processing /usr/local/python/3.10.13/lib/python3.10/site-packages/airflow/example_dags/example_trigger_controller_dag.py took 0.109 seconds
[2024-03-28T20:01:25.603+0000] {processor.py:153} INFO - Started process (PID=45183) to work on /usr/local/python/3.10.13/lib/python3.10/site-packages/airflow/example_dags/example_trigger_controller_dag.py
[2024-03-28T20:01:25.603+0000] {processor.py:743} INFO - Processing file /usr/local/python/3.10.13/lib/python3.10/site-packages/airflow/example_dags/example_trigger_controller_dag.py for tasks to queue
[2024-03-28T20:01:25.604+0000] {logging_mixin.py:137} INFO - [2024-03-28T20:01:25.604+0000] {dagbag.py:538} INFO - Filling up the DagBag from /usr/local/python/3.10.13/lib/python3.10/site-packages/airflow/example_dags/example_trigger_controller_dag.py
[2024-03-28T20:01:25.614+0000] {processor.py:753} INFO - DAG(s) dict_keys(['example_trigger_controller_dag']) retrieved from /usr/local/python/3.10.13/lib/python3.10/site-packages/airflow/example_dags/example_trigger_controller_dag.py
[2024-03-28T20:01:25.628+0000] {logging_mixin.py:137} INFO - [2024-03-28T20:01:25.628+0000] {dag.py:2690} INFO - Sync 1 DAGs
[2024-03-28T20:01:25.647+0000] {logging_mixin.py:137} INFO - [2024-03-28T20:01:25.647+0000] {dag.py:3437} INFO - Setting next_dagrun for example_trigger_controller_dag to 2021-01-01T00:00:00+00:00, run_after=2021-01-01T00:00:00+00:00
[2024-03-28T20:01:25.696+0000] {processor.py:175} INFO - Processing /usr/local/python/3.10.13/lib/python3.10/site-packages/airflow/example_dags/example_trigger_controller_dag.py took 0.095 seconds
[2024-03-28T20:02:05.133+0000] {processor.py:153} INFO - Started process (PID=45457) to work on /usr/local/python/3.10.13/lib/python3.10/site-packages/airflow/example_dags/example_trigger_controller_dag.py
[2024-03-28T20:02:05.134+0000] {processor.py:743} INFO - Processing file /usr/local/python/3.10.13/lib/python3.10/site-packages/airflow/example_dags/example_trigger_controller_dag.py for tasks to queue
[2024-03-28T20:02:05.134+0000] {logging_mixin.py:137} INFO - [2024-03-28T20:02:05.134+0000] {dagbag.py:538} INFO - Filling up the DagBag from /usr/local/python/3.10.13/lib/python3.10/site-packages/airflow/example_dags/example_trigger_controller_dag.py
[2024-03-28T20:02:05.146+0000] {processor.py:753} INFO - DAG(s) dict_keys(['example_trigger_controller_dag']) retrieved from /usr/local/python/3.10.13/lib/python3.10/site-packages/airflow/example_dags/example_trigger_controller_dag.py
[2024-03-28T20:02:05.160+0000] {logging_mixin.py:137} INFO - [2024-03-28T20:02:05.160+0000] {dag.py:2690} INFO - Sync 1 DAGs
[2024-03-28T20:02:05.175+0000] {logging_mixin.py:137} INFO - [2024-03-28T20:02:05.174+0000] {dag.py:3437} INFO - Setting next_dagrun for example_trigger_controller_dag to 2021-01-01T00:00:00+00:00, run_after=2021-01-01T00:00:00+00:00
[2024-03-28T20:02:05.215+0000] {processor.py:175} INFO - Processing /usr/local/python/3.10.13/lib/python3.10/site-packages/airflow/example_dags/example_trigger_controller_dag.py took 0.085 seconds
[2024-03-28T20:02:45.400+0000] {processor.py:153} INFO - Started process (PID=45808) to work on /usr/local/python/3.10.13/lib/python3.10/site-packages/airflow/example_dags/example_trigger_controller_dag.py
[2024-03-28T20:02:45.401+0000] {processor.py:743} INFO - Processing file /usr/local/python/3.10.13/lib/python3.10/site-packages/airflow/example_dags/example_trigger_controller_dag.py for tasks to queue
[2024-03-28T20:02:45.401+0000] {logging_mixin.py:137} INFO - [2024-03-28T20:02:45.401+0000] {dagbag.py:538} INFO - Filling up the DagBag from /usr/local/python/3.10.13/lib/python3.10/site-packages/airflow/example_dags/example_trigger_controller_dag.py
[2024-03-28T20:02:45.411+0000] {processor.py:753} INFO - DAG(s) dict_keys(['example_trigger_controller_dag']) retrieved from /usr/local/python/3.10.13/lib/python3.10/site-packages/airflow/example_dags/example_trigger_controller_dag.py
[2024-03-28T20:02:45.424+0000] {logging_mixin.py:137} INFO - [2024-03-28T20:02:45.424+0000] {dag.py:2690} INFO - Sync 1 DAGs
[2024-03-28T20:02:45.439+0000] {logging_mixin.py:137} INFO - [2024-03-28T20:02:45.439+0000] {dag.py:3437} INFO - Setting next_dagrun for example_trigger_controller_dag to 2021-01-01T00:00:00+00:00, run_after=2021-01-01T00:00:00+00:00
[2024-03-28T20:02:45.484+0000] {processor.py:175} INFO - Processing /usr/local/python/3.10.13/lib/python3.10/site-packages/airflow/example_dags/example_trigger_controller_dag.py took 0.086 seconds
[2024-03-28T20:03:24.622+0000] {processor.py:153} INFO - Started process (PID=46136) to work on /usr/local/python/3.10.13/lib/python3.10/site-packages/airflow/example_dags/example_trigger_controller_dag.py
[2024-03-28T20:03:24.622+0000] {processor.py:743} INFO - Processing file /usr/local/python/3.10.13/lib/python3.10/site-packages/airflow/example_dags/example_trigger_controller_dag.py for tasks to queue
[2024-03-28T20:03:24.624+0000] {logging_mixin.py:137} INFO - [2024-03-28T20:03:24.624+0000] {dagbag.py:538} INFO - Filling up the DagBag from /usr/local/python/3.10.13/lib/python3.10/site-packages/airflow/example_dags/example_trigger_controller_dag.py
[2024-03-28T20:03:24.633+0000] {processor.py:753} INFO - DAG(s) dict_keys(['example_trigger_controller_dag']) retrieved from /usr/local/python/3.10.13/lib/python3.10/site-packages/airflow/example_dags/example_trigger_controller_dag.py
[2024-03-28T20:03:24.647+0000] {logging_mixin.py:137} INFO - [2024-03-28T20:03:24.647+0000] {dag.py:2690} INFO - Sync 1 DAGs
[2024-03-28T20:03:24.661+0000] {logging_mixin.py:137} INFO - [2024-03-28T20:03:24.661+0000] {dag.py:3437} INFO - Setting next_dagrun for example_trigger_controller_dag to 2021-01-01T00:00:00+00:00, run_after=2021-01-01T00:00:00+00:00
[2024-03-28T20:03:24.706+0000] {processor.py:175} INFO - Processing /usr/local/python/3.10.13/lib/python3.10/site-packages/airflow/example_dags/example_trigger_controller_dag.py took 0.087 seconds
[2024-03-28T20:04:03.392+0000] {processor.py:153} INFO - Started process (PID=46496) to work on /usr/local/python/3.10.13/lib/python3.10/site-packages/airflow/example_dags/example_trigger_controller_dag.py
[2024-03-28T20:04:03.392+0000] {processor.py:743} INFO - Processing file /usr/local/python/3.10.13/lib/python3.10/site-packages/airflow/example_dags/example_trigger_controller_dag.py for tasks to queue
[2024-03-28T20:04:03.393+0000] {logging_mixin.py:137} INFO - [2024-03-28T20:04:03.393+0000] {dagbag.py:538} INFO - Filling up the DagBag from /usr/local/python/3.10.13/lib/python3.10/site-packages/airflow/example_dags/example_trigger_controller_dag.py
[2024-03-28T20:04:03.403+0000] {processor.py:753} INFO - DAG(s) dict_keys(['example_trigger_controller_dag']) retrieved from /usr/local/python/3.10.13/lib/python3.10/site-packages/airflow/example_dags/example_trigger_controller_dag.py
[2024-03-28T20:04:03.417+0000] {logging_mixin.py:137} INFO - [2024-03-28T20:04:03.417+0000] {dag.py:2690} INFO - Sync 1 DAGs
[2024-03-28T20:04:03.433+0000] {logging_mixin.py:137} INFO - [2024-03-28T20:04:03.433+0000] {dag.py:3437} INFO - Setting next_dagrun for example_trigger_controller_dag to 2021-01-01T00:00:00+00:00, run_after=2021-01-01T00:00:00+00:00
[2024-03-28T20:04:03.481+0000] {processor.py:175} INFO - Processing /usr/local/python/3.10.13/lib/python3.10/site-packages/airflow/example_dags/example_trigger_controller_dag.py took 0.093 seconds
[2024-03-28T20:04:40.638+0000] {processor.py:153} INFO - Started process (PID=46879) to work on /usr/local/python/3.10.13/lib/python3.10/site-packages/airflow/example_dags/example_trigger_controller_dag.py
[2024-03-28T20:04:40.639+0000] {processor.py:743} INFO - Processing file /usr/local/python/3.10.13/lib/python3.10/site-packages/airflow/example_dags/example_trigger_controller_dag.py for tasks to queue
[2024-03-28T20:04:40.640+0000] {logging_mixin.py:137} INFO - [2024-03-28T20:04:40.639+0000] {dagbag.py:538} INFO - Filling up the DagBag from /usr/local/python/3.10.13/lib/python3.10/site-packages/airflow/example_dags/example_trigger_controller_dag.py
[2024-03-28T20:04:40.649+0000] {processor.py:753} INFO - DAG(s) dict_keys(['example_trigger_controller_dag']) retrieved from /usr/local/python/3.10.13/lib/python3.10/site-packages/airflow/example_dags/example_trigger_controller_dag.py
[2024-03-28T20:04:40.667+0000] {logging_mixin.py:137} INFO - [2024-03-28T20:04:40.667+0000] {dag.py:2690} INFO - Sync 1 DAGs
[2024-03-28T20:04:40.682+0000] {logging_mixin.py:137} INFO - [2024-03-28T20:04:40.682+0000] {dag.py:3437} INFO - Setting next_dagrun for example_trigger_controller_dag to 2021-01-01T00:00:00+00:00, run_after=2021-01-01T00:00:00+00:00
[2024-03-28T20:04:40.724+0000] {processor.py:175} INFO - Processing /usr/local/python/3.10.13/lib/python3.10/site-packages/airflow/example_dags/example_trigger_controller_dag.py took 0.088 seconds
[2024-03-28T20:05:17.999+0000] {processor.py:153} INFO - Started process (PID=47281) to work on /usr/local/python/3.10.13/lib/python3.10/site-packages/airflow/example_dags/example_trigger_controller_dag.py
[2024-03-28T20:05:18.000+0000] {processor.py:743} INFO - Processing file /usr/local/python/3.10.13/lib/python3.10/site-packages/airflow/example_dags/example_trigger_controller_dag.py for tasks to queue
[2024-03-28T20:05:18.001+0000] {logging_mixin.py:137} INFO - [2024-03-28T20:05:18.001+0000] {dagbag.py:538} INFO - Filling up the DagBag from /usr/local/python/3.10.13/lib/python3.10/site-packages/airflow/example_dags/example_trigger_controller_dag.py
[2024-03-28T20:05:18.010+0000] {processor.py:753} INFO - DAG(s) dict_keys(['example_trigger_controller_dag']) retrieved from /usr/local/python/3.10.13/lib/python3.10/site-packages/airflow/example_dags/example_trigger_controller_dag.py
[2024-03-28T20:05:18.024+0000] {logging_mixin.py:137} INFO - [2024-03-28T20:05:18.024+0000] {dag.py:2690} INFO - Sync 1 DAGs
[2024-03-28T20:05:18.039+0000] {logging_mixin.py:137} INFO - [2024-03-28T20:05:18.039+0000] {dag.py:3437} INFO - Setting next_dagrun for example_trigger_controller_dag to 2021-01-01T00:00:00+00:00, run_after=2021-01-01T00:00:00+00:00
[2024-03-28T20:05:18.083+0000] {processor.py:175} INFO - Processing /usr/local/python/3.10.13/lib/python3.10/site-packages/airflow/example_dags/example_trigger_controller_dag.py took 0.087 seconds
[2024-03-28T20:05:59.802+0000] {processor.py:153} INFO - Started process (PID=47700) to work on /usr/local/python/3.10.13/lib/python3.10/site-packages/airflow/example_dags/example_trigger_controller_dag.py
[2024-03-28T20:05:59.803+0000] {processor.py:743} INFO - Processing file /usr/local/python/3.10.13/lib/python3.10/site-packages/airflow/example_dags/example_trigger_controller_dag.py for tasks to queue
[2024-03-28T20:05:59.803+0000] {logging_mixin.py:137} INFO - [2024-03-28T20:05:59.803+0000] {dagbag.py:538} INFO - Filling up the DagBag from /usr/local/python/3.10.13/lib/python3.10/site-packages/airflow/example_dags/example_trigger_controller_dag.py
[2024-03-28T20:05:59.818+0000] {processor.py:753} INFO - DAG(s) dict_keys(['example_trigger_controller_dag']) retrieved from /usr/local/python/3.10.13/lib/python3.10/site-packages/airflow/example_dags/example_trigger_controller_dag.py
[2024-03-28T20:05:59.838+0000] {logging_mixin.py:137} INFO - [2024-03-28T20:05:59.838+0000] {dag.py:2690} INFO - Sync 1 DAGs
[2024-03-28T20:05:59.859+0000] {logging_mixin.py:137} INFO - [2024-03-28T20:05:59.858+0000] {dag.py:3437} INFO - Setting next_dagrun for example_trigger_controller_dag to 2021-01-01T00:00:00+00:00, run_after=2021-01-01T00:00:00+00:00
[2024-03-28T20:05:59.902+0000] {processor.py:175} INFO - Processing /usr/local/python/3.10.13/lib/python3.10/site-packages/airflow/example_dags/example_trigger_controller_dag.py took 0.103 seconds
[2024-03-28T20:06:46.326+0000] {processor.py:153} INFO - Started process (PID=48081) to work on /usr/local/python/3.10.13/lib/python3.10/site-packages/airflow/example_dags/example_trigger_controller_dag.py
[2024-03-28T20:06:46.326+0000] {processor.py:743} INFO - Processing file /usr/local/python/3.10.13/lib/python3.10/site-packages/airflow/example_dags/example_trigger_controller_dag.py for tasks to queue
[2024-03-28T20:06:46.327+0000] {logging_mixin.py:137} INFO - [2024-03-28T20:06:46.327+0000] {dagbag.py:538} INFO - Filling up the DagBag from /usr/local/python/3.10.13/lib/python3.10/site-packages/airflow/example_dags/example_trigger_controller_dag.py
[2024-03-28T20:06:46.337+0000] {processor.py:753} INFO - DAG(s) dict_keys(['example_trigger_controller_dag']) retrieved from /usr/local/python/3.10.13/lib/python3.10/site-packages/airflow/example_dags/example_trigger_controller_dag.py
[2024-03-28T20:06:46.350+0000] {logging_mixin.py:137} INFO - [2024-03-28T20:06:46.350+0000] {dag.py:2690} INFO - Sync 1 DAGs
[2024-03-28T20:06:46.365+0000] {logging_mixin.py:137} INFO - [2024-03-28T20:06:46.365+0000] {dag.py:3437} INFO - Setting next_dagrun for example_trigger_controller_dag to 2021-01-01T00:00:00+00:00, run_after=2021-01-01T00:00:00+00:00
[2024-03-28T20:06:46.409+0000] {processor.py:175} INFO - Processing /usr/local/python/3.10.13/lib/python3.10/site-packages/airflow/example_dags/example_trigger_controller_dag.py took 0.086 seconds
[2024-03-28T20:07:28.902+0000] {processor.py:153} INFO - Started process (PID=48426) to work on /usr/local/python/3.10.13/lib/python3.10/site-packages/airflow/example_dags/example_trigger_controller_dag.py
[2024-03-28T20:07:28.902+0000] {processor.py:743} INFO - Processing file /usr/local/python/3.10.13/lib/python3.10/site-packages/airflow/example_dags/example_trigger_controller_dag.py for tasks to queue
[2024-03-28T20:07:28.903+0000] {logging_mixin.py:137} INFO - [2024-03-28T20:07:28.903+0000] {dagbag.py:538} INFO - Filling up the DagBag from /usr/local/python/3.10.13/lib/python3.10/site-packages/airflow/example_dags/example_trigger_controller_dag.py
[2024-03-28T20:07:28.917+0000] {processor.py:753} INFO - DAG(s) dict_keys(['example_trigger_controller_dag']) retrieved from /usr/local/python/3.10.13/lib/python3.10/site-packages/airflow/example_dags/example_trigger_controller_dag.py
[2024-03-28T20:07:28.939+0000] {logging_mixin.py:137} INFO - [2024-03-28T20:07:28.939+0000] {dag.py:2690} INFO - Sync 1 DAGs
[2024-03-28T20:07:28.960+0000] {logging_mixin.py:137} INFO - [2024-03-28T20:07:28.960+0000] {dag.py:3437} INFO - Setting next_dagrun for example_trigger_controller_dag to 2021-01-01T00:00:00+00:00, run_after=2021-01-01T00:00:00+00:00
[2024-03-28T20:07:29.110+0000] {processor.py:175} INFO - Processing /usr/local/python/3.10.13/lib/python3.10/site-packages/airflow/example_dags/example_trigger_controller_dag.py took 0.211 seconds
[2024-03-28T20:08:13.643+0000] {processor.py:153} INFO - Started process (PID=48846) to work on /usr/local/python/3.10.13/lib/python3.10/site-packages/airflow/example_dags/example_trigger_controller_dag.py
[2024-03-28T20:08:13.643+0000] {processor.py:743} INFO - Processing file /usr/local/python/3.10.13/lib/python3.10/site-packages/airflow/example_dags/example_trigger_controller_dag.py for tasks to queue
[2024-03-28T20:08:13.644+0000] {logging_mixin.py:137} INFO - [2024-03-28T20:08:13.644+0000] {dagbag.py:538} INFO - Filling up the DagBag from /usr/local/python/3.10.13/lib/python3.10/site-packages/airflow/example_dags/example_trigger_controller_dag.py
[2024-03-28T20:08:13.654+0000] {processor.py:753} INFO - DAG(s) dict_keys(['example_trigger_controller_dag']) retrieved from /usr/local/python/3.10.13/lib/python3.10/site-packages/airflow/example_dags/example_trigger_controller_dag.py
[2024-03-28T20:08:13.668+0000] {logging_mixin.py:137} INFO - [2024-03-28T20:08:13.667+0000] {dag.py:2690} INFO - Sync 1 DAGs
[2024-03-28T20:08:13.776+0000] {logging_mixin.py:137} INFO - [2024-03-28T20:08:13.776+0000] {dag.py:3437} INFO - Setting next_dagrun for example_trigger_controller_dag to 2021-01-01T00:00:00+00:00, run_after=2021-01-01T00:00:00+00:00
[2024-03-28T20:08:13.820+0000] {processor.py:175} INFO - Processing /usr/local/python/3.10.13/lib/python3.10/site-packages/airflow/example_dags/example_trigger_controller_dag.py took 0.180 seconds
[2024-03-28T20:09:01.507+0000] {processor.py:153} INFO - Started process (PID=49273) to work on /usr/local/python/3.10.13/lib/python3.10/site-packages/airflow/example_dags/example_trigger_controller_dag.py
[2024-03-28T20:09:01.507+0000] {processor.py:743} INFO - Processing file /usr/local/python/3.10.13/lib/python3.10/site-packages/airflow/example_dags/example_trigger_controller_dag.py for tasks to queue
[2024-03-28T20:09:01.508+0000] {logging_mixin.py:137} INFO - [2024-03-28T20:09:01.508+0000] {dagbag.py:538} INFO - Filling up the DagBag from /usr/local/python/3.10.13/lib/python3.10/site-packages/airflow/example_dags/example_trigger_controller_dag.py
[2024-03-28T20:09:01.517+0000] {processor.py:753} INFO - DAG(s) dict_keys(['example_trigger_controller_dag']) retrieved from /usr/local/python/3.10.13/lib/python3.10/site-packages/airflow/example_dags/example_trigger_controller_dag.py
[2024-03-28T20:09:01.531+0000] {logging_mixin.py:137} INFO - [2024-03-28T20:09:01.531+0000] {dag.py:2690} INFO - Sync 1 DAGs
[2024-03-28T20:09:01.658+0000] {logging_mixin.py:137} INFO - [2024-03-28T20:09:01.658+0000] {dag.py:3437} INFO - Setting next_dagrun for example_trigger_controller_dag to 2021-01-01T00:00:00+00:00, run_after=2021-01-01T00:00:00+00:00
[2024-03-28T20:09:01.707+0000] {processor.py:175} INFO - Processing /usr/local/python/3.10.13/lib/python3.10/site-packages/airflow/example_dags/example_trigger_controller_dag.py took 0.203 seconds
[2024-03-28T20:09:46.007+0000] {processor.py:153} INFO - Started process (PID=49652) to work on /usr/local/python/3.10.13/lib/python3.10/site-packages/airflow/example_dags/example_trigger_controller_dag.py
[2024-03-28T20:09:46.008+0000] {processor.py:743} INFO - Processing file /usr/local/python/3.10.13/lib/python3.10/site-packages/airflow/example_dags/example_trigger_controller_dag.py for tasks to queue
[2024-03-28T20:09:46.008+0000] {logging_mixin.py:137} INFO - [2024-03-28T20:09:46.008+0000] {dagbag.py:538} INFO - Filling up the DagBag from /usr/local/python/3.10.13/lib/python3.10/site-packages/airflow/example_dags/example_trigger_controller_dag.py
[2024-03-28T20:09:46.018+0000] {processor.py:753} INFO - DAG(s) dict_keys(['example_trigger_controller_dag']) retrieved from /usr/local/python/3.10.13/lib/python3.10/site-packages/airflow/example_dags/example_trigger_controller_dag.py
[2024-03-28T20:09:46.126+0000] {logging_mixin.py:137} INFO - [2024-03-28T20:09:46.126+0000] {dag.py:2690} INFO - Sync 1 DAGs
[2024-03-28T20:09:46.142+0000] {logging_mixin.py:137} INFO - [2024-03-28T20:09:46.142+0000] {dag.py:3437} INFO - Setting next_dagrun for example_trigger_controller_dag to 2021-01-01T00:00:00+00:00, run_after=2021-01-01T00:00:00+00:00
[2024-03-28T20:09:46.184+0000] {processor.py:175} INFO - Processing /usr/local/python/3.10.13/lib/python3.10/site-packages/airflow/example_dags/example_trigger_controller_dag.py took 0.179 seconds
[2024-03-28T20:10:30.583+0000] {processor.py:153} INFO - Started process (PID=50044) to work on /usr/local/python/3.10.13/lib/python3.10/site-packages/airflow/example_dags/example_trigger_controller_dag.py
[2024-03-28T20:10:30.584+0000] {processor.py:743} INFO - Processing file /usr/local/python/3.10.13/lib/python3.10/site-packages/airflow/example_dags/example_trigger_controller_dag.py for tasks to queue
[2024-03-28T20:10:30.584+0000] {logging_mixin.py:137} INFO - [2024-03-28T20:10:30.584+0000] {dagbag.py:538} INFO - Filling up the DagBag from /usr/local/python/3.10.13/lib/python3.10/site-packages/airflow/example_dags/example_trigger_controller_dag.py
[2024-03-28T20:10:30.594+0000] {processor.py:753} INFO - DAG(s) dict_keys(['example_trigger_controller_dag']) retrieved from /usr/local/python/3.10.13/lib/python3.10/site-packages/airflow/example_dags/example_trigger_controller_dag.py
[2024-03-28T20:10:30.708+0000] {logging_mixin.py:137} INFO - [2024-03-28T20:10:30.708+0000] {dag.py:2690} INFO - Sync 1 DAGs
[2024-03-28T20:10:30.721+0000] {logging_mixin.py:137} INFO - [2024-03-28T20:10:30.721+0000] {dag.py:3437} INFO - Setting next_dagrun for example_trigger_controller_dag to 2021-01-01T00:00:00+00:00, run_after=2021-01-01T00:00:00+00:00
[2024-03-28T20:10:30.778+0000] {processor.py:175} INFO - Processing /usr/local/python/3.10.13/lib/python3.10/site-packages/airflow/example_dags/example_trigger_controller_dag.py took 0.197 seconds
