[2024-03-28T20:00:21.575+0000] {processor.py:153} INFO - Started process (PID=44755) to work on /usr/local/python/3.10.13/lib/python3.10/site-packages/airflow/example_dags/example_dag_decorator.py
[2024-03-28T20:00:21.575+0000] {processor.py:743} INFO - Processing file /usr/local/python/3.10.13/lib/python3.10/site-packages/airflow/example_dags/example_dag_decorator.py for tasks to queue
[2024-03-28T20:00:21.576+0000] {logging_mixin.py:137} INFO - [2024-03-28T20:00:21.576+0000] {dagbag.py:538} INFO - Filling up the DagBag from /usr/local/python/3.10.13/lib/python3.10/site-packages/airflow/example_dags/example_dag_decorator.py
[2024-03-28T20:00:21.591+0000] {logging_mixin.py:137} INFO - [2024-03-28T20:00:21.591+0000] {taskmixin.py:205} WARNING - Dependency <Task(_PythonDecoratedOperator): prepare_email>, send_email already registered for DAG: example_dag_decorator
[2024-03-28T20:00:21.591+0000] {logging_mixin.py:137} INFO - [2024-03-28T20:00:21.591+0000] {taskmixin.py:205} WARNING - Dependency <Task(EmailOperator): send_email>, prepare_email already registered for DAG: example_dag_decorator
[2024-03-28T20:00:21.602+0000] {processor.py:753} INFO - DAG(s) dict_keys(['example_dag_decorator']) retrieved from /usr/local/python/3.10.13/lib/python3.10/site-packages/airflow/example_dags/example_dag_decorator.py
[2024-03-28T20:00:21.754+0000] {logging_mixin.py:137} INFO - [2024-03-28T20:00:21.754+0000] {manager.py:504} INFO - Created Permission View: can read on DAG:example_dag_decorator
[2024-03-28T20:00:21.790+0000] {logging_mixin.py:137} INFO - [2024-03-28T20:00:21.790+0000] {manager.py:504} INFO - Created Permission View: can delete on DAG:example_dag_decorator
[2024-03-28T20:00:21.822+0000] {logging_mixin.py:137} INFO - [2024-03-28T20:00:21.822+0000] {manager.py:504} INFO - Created Permission View: can edit on DAG:example_dag_decorator
[2024-03-28T20:00:21.822+0000] {logging_mixin.py:137} INFO - [2024-03-28T20:00:21.822+0000] {dag.py:2690} INFO - Sync 1 DAGs
[2024-03-28T20:00:21.830+0000] {logging_mixin.py:137} INFO - [2024-03-28T20:00:21.830+0000] {dag.py:2711} INFO - Creating ORM DAG for example_dag_decorator
[2024-03-28T20:00:21.839+0000] {logging_mixin.py:137} INFO - [2024-03-28T20:00:21.839+0000] {dag.py:3437} INFO - Setting next_dagrun for example_dag_decorator to None, run_after=None
[2024-03-28T20:00:21.890+0000] {processor.py:175} INFO - Processing /usr/local/python/3.10.13/lib/python3.10/site-packages/airflow/example_dags/example_dag_decorator.py took 0.318 seconds
[2024-03-28T20:01:04.819+0000] {processor.py:153} INFO - Started process (PID=45038) to work on /usr/local/python/3.10.13/lib/python3.10/site-packages/airflow/example_dags/example_dag_decorator.py
[2024-03-28T20:01:04.819+0000] {processor.py:743} INFO - Processing file /usr/local/python/3.10.13/lib/python3.10/site-packages/airflow/example_dags/example_dag_decorator.py for tasks to queue
[2024-03-28T20:01:04.820+0000] {logging_mixin.py:137} INFO - [2024-03-28T20:01:04.820+0000] {dagbag.py:538} INFO - Filling up the DagBag from /usr/local/python/3.10.13/lib/python3.10/site-packages/airflow/example_dags/example_dag_decorator.py
[2024-03-28T20:01:04.835+0000] {logging_mixin.py:137} INFO - [2024-03-28T20:01:04.835+0000] {taskmixin.py:205} WARNING - Dependency <Task(_PythonDecoratedOperator): prepare_email>, send_email already registered for DAG: example_dag_decorator
[2024-03-28T20:01:04.835+0000] {logging_mixin.py:137} INFO - [2024-03-28T20:01:04.835+0000] {taskmixin.py:205} WARNING - Dependency <Task(EmailOperator): send_email>, prepare_email already registered for DAG: example_dag_decorator
[2024-03-28T20:01:04.850+0000] {processor.py:753} INFO - DAG(s) dict_keys(['example_dag_decorator']) retrieved from /usr/local/python/3.10.13/lib/python3.10/site-packages/airflow/example_dags/example_dag_decorator.py
[2024-03-28T20:01:04.949+0000] {logging_mixin.py:137} INFO - [2024-03-28T20:01:04.948+0000] {dag.py:2690} INFO - Sync 1 DAGs
[2024-03-28T20:01:04.988+0000] {logging_mixin.py:137} INFO - [2024-03-28T20:01:04.988+0000] {dag.py:3437} INFO - Setting next_dagrun for example_dag_decorator to None, run_after=None
[2024-03-28T20:01:05.037+0000] {processor.py:175} INFO - Processing /usr/local/python/3.10.13/lib/python3.10/site-packages/airflow/example_dags/example_dag_decorator.py took 0.220 seconds
[2024-03-28T20:01:45.474+0000] {processor.py:153} INFO - Started process (PID=45322) to work on /usr/local/python/3.10.13/lib/python3.10/site-packages/airflow/example_dags/example_dag_decorator.py
[2024-03-28T20:01:45.475+0000] {processor.py:743} INFO - Processing file /usr/local/python/3.10.13/lib/python3.10/site-packages/airflow/example_dags/example_dag_decorator.py for tasks to queue
[2024-03-28T20:01:45.476+0000] {logging_mixin.py:137} INFO - [2024-03-28T20:01:45.476+0000] {dagbag.py:538} INFO - Filling up the DagBag from /usr/local/python/3.10.13/lib/python3.10/site-packages/airflow/example_dags/example_dag_decorator.py
[2024-03-28T20:01:45.501+0000] {logging_mixin.py:137} INFO - [2024-03-28T20:01:45.501+0000] {taskmixin.py:205} WARNING - Dependency <Task(_PythonDecoratedOperator): prepare_email>, send_email already registered for DAG: example_dag_decorator
[2024-03-28T20:01:45.502+0000] {logging_mixin.py:137} INFO - [2024-03-28T20:01:45.501+0000] {taskmixin.py:205} WARNING - Dependency <Task(EmailOperator): send_email>, prepare_email already registered for DAG: example_dag_decorator
[2024-03-28T20:01:45.517+0000] {processor.py:753} INFO - DAG(s) dict_keys(['example_dag_decorator']) retrieved from /usr/local/python/3.10.13/lib/python3.10/site-packages/airflow/example_dags/example_dag_decorator.py
[2024-03-28T20:01:45.573+0000] {logging_mixin.py:137} INFO - [2024-03-28T20:01:45.573+0000] {dag.py:2690} INFO - Sync 1 DAGs
[2024-03-28T20:01:45.587+0000] {logging_mixin.py:137} INFO - [2024-03-28T20:01:45.587+0000] {dag.py:3437} INFO - Setting next_dagrun for example_dag_decorator to None, run_after=None
[2024-03-28T20:01:45.633+0000] {processor.py:175} INFO - Processing /usr/local/python/3.10.13/lib/python3.10/site-packages/airflow/example_dags/example_dag_decorator.py took 0.162 seconds
[2024-03-28T20:02:26.040+0000] {processor.py:153} INFO - Started process (PID=45608) to work on /usr/local/python/3.10.13/lib/python3.10/site-packages/airflow/example_dags/example_dag_decorator.py
[2024-03-28T20:02:26.041+0000] {processor.py:743} INFO - Processing file /usr/local/python/3.10.13/lib/python3.10/site-packages/airflow/example_dags/example_dag_decorator.py for tasks to queue
[2024-03-28T20:02:26.041+0000] {logging_mixin.py:137} INFO - [2024-03-28T20:02:26.041+0000] {dagbag.py:538} INFO - Filling up the DagBag from /usr/local/python/3.10.13/lib/python3.10/site-packages/airflow/example_dags/example_dag_decorator.py
[2024-03-28T20:02:26.064+0000] {logging_mixin.py:137} INFO - [2024-03-28T20:02:26.064+0000] {taskmixin.py:205} WARNING - Dependency <Task(_PythonDecoratedOperator): prepare_email>, send_email already registered for DAG: example_dag_decorator
[2024-03-28T20:02:26.064+0000] {logging_mixin.py:137} INFO - [2024-03-28T20:02:26.064+0000] {taskmixin.py:205} WARNING - Dependency <Task(EmailOperator): send_email>, prepare_email already registered for DAG: example_dag_decorator
[2024-03-28T20:02:26.079+0000] {processor.py:753} INFO - DAG(s) dict_keys(['example_dag_decorator']) retrieved from /usr/local/python/3.10.13/lib/python3.10/site-packages/airflow/example_dags/example_dag_decorator.py
[2024-03-28T20:02:26.140+0000] {logging_mixin.py:137} INFO - [2024-03-28T20:02:26.140+0000] {dag.py:2690} INFO - Sync 1 DAGs
[2024-03-28T20:02:26.154+0000] {logging_mixin.py:137} INFO - [2024-03-28T20:02:26.154+0000] {dag.py:3437} INFO - Setting next_dagrun for example_dag_decorator to None, run_after=None
[2024-03-28T20:02:26.198+0000] {processor.py:175} INFO - Processing /usr/local/python/3.10.13/lib/python3.10/site-packages/airflow/example_dags/example_dag_decorator.py took 0.161 seconds
[2024-03-28T20:03:07.541+0000] {processor.py:153} INFO - Started process (PID=46010) to work on /usr/local/python/3.10.13/lib/python3.10/site-packages/airflow/example_dags/example_dag_decorator.py
[2024-03-28T20:03:07.541+0000] {processor.py:743} INFO - Processing file /usr/local/python/3.10.13/lib/python3.10/site-packages/airflow/example_dags/example_dag_decorator.py for tasks to queue
[2024-03-28T20:03:07.542+0000] {logging_mixin.py:137} INFO - [2024-03-28T20:03:07.542+0000] {dagbag.py:538} INFO - Filling up the DagBag from /usr/local/python/3.10.13/lib/python3.10/site-packages/airflow/example_dags/example_dag_decorator.py
[2024-03-28T20:03:07.557+0000] {logging_mixin.py:137} INFO - [2024-03-28T20:03:07.557+0000] {taskmixin.py:205} WARNING - Dependency <Task(_PythonDecoratedOperator): prepare_email>, send_email already registered for DAG: example_dag_decorator
[2024-03-28T20:03:07.557+0000] {logging_mixin.py:137} INFO - [2024-03-28T20:03:07.557+0000] {taskmixin.py:205} WARNING - Dependency <Task(EmailOperator): send_email>, prepare_email already registered for DAG: example_dag_decorator
[2024-03-28T20:03:07.567+0000] {processor.py:753} INFO - DAG(s) dict_keys(['example_dag_decorator']) retrieved from /usr/local/python/3.10.13/lib/python3.10/site-packages/airflow/example_dags/example_dag_decorator.py
[2024-03-28T20:03:07.609+0000] {logging_mixin.py:137} INFO - [2024-03-28T20:03:07.609+0000] {dag.py:2690} INFO - Sync 1 DAGs
[2024-03-28T20:03:07.623+0000] {logging_mixin.py:137} INFO - [2024-03-28T20:03:07.623+0000] {dag.py:3437} INFO - Setting next_dagrun for example_dag_decorator to None, run_after=None
[2024-03-28T20:03:07.670+0000] {processor.py:175} INFO - Processing /usr/local/python/3.10.13/lib/python3.10/site-packages/airflow/example_dags/example_dag_decorator.py took 0.131 seconds
[2024-03-28T20:03:45.539+0000] {processor.py:153} INFO - Started process (PID=46320) to work on /usr/local/python/3.10.13/lib/python3.10/site-packages/airflow/example_dags/example_dag_decorator.py
[2024-03-28T20:03:45.540+0000] {processor.py:743} INFO - Processing file /usr/local/python/3.10.13/lib/python3.10/site-packages/airflow/example_dags/example_dag_decorator.py for tasks to queue
[2024-03-28T20:03:45.540+0000] {logging_mixin.py:137} INFO - [2024-03-28T20:03:45.540+0000] {dagbag.py:538} INFO - Filling up the DagBag from /usr/local/python/3.10.13/lib/python3.10/site-packages/airflow/example_dags/example_dag_decorator.py
[2024-03-28T20:03:45.556+0000] {logging_mixin.py:137} INFO - [2024-03-28T20:03:45.556+0000] {taskmixin.py:205} WARNING - Dependency <Task(_PythonDecoratedOperator): prepare_email>, send_email already registered for DAG: example_dag_decorator
[2024-03-28T20:03:45.557+0000] {logging_mixin.py:137} INFO - [2024-03-28T20:03:45.556+0000] {taskmixin.py:205} WARNING - Dependency <Task(EmailOperator): send_email>, prepare_email already registered for DAG: example_dag_decorator
[2024-03-28T20:03:45.567+0000] {processor.py:753} INFO - DAG(s) dict_keys(['example_dag_decorator']) retrieved from /usr/local/python/3.10.13/lib/python3.10/site-packages/airflow/example_dags/example_dag_decorator.py
[2024-03-28T20:03:45.608+0000] {logging_mixin.py:137} INFO - [2024-03-28T20:03:45.608+0000] {dag.py:2690} INFO - Sync 1 DAGs
[2024-03-28T20:03:45.622+0000] {logging_mixin.py:137} INFO - [2024-03-28T20:03:45.622+0000] {dag.py:3437} INFO - Setting next_dagrun for example_dag_decorator to None, run_after=None
[2024-03-28T20:03:45.667+0000] {processor.py:175} INFO - Processing /usr/local/python/3.10.13/lib/python3.10/site-packages/airflow/example_dags/example_dag_decorator.py took 0.130 seconds
[2024-03-28T20:04:32.320+0000] {processor.py:153} INFO - Started process (PID=46786) to work on /usr/local/python/3.10.13/lib/python3.10/site-packages/airflow/example_dags/example_dag_decorator.py
[2024-03-28T20:04:32.321+0000] {processor.py:743} INFO - Processing file /usr/local/python/3.10.13/lib/python3.10/site-packages/airflow/example_dags/example_dag_decorator.py for tasks to queue
[2024-03-28T20:04:32.321+0000] {logging_mixin.py:137} INFO - [2024-03-28T20:04:32.321+0000] {dagbag.py:538} INFO - Filling up the DagBag from /usr/local/python/3.10.13/lib/python3.10/site-packages/airflow/example_dags/example_dag_decorator.py
[2024-03-28T20:04:32.336+0000] {logging_mixin.py:137} INFO - [2024-03-28T20:04:32.336+0000] {taskmixin.py:205} WARNING - Dependency <Task(_PythonDecoratedOperator): prepare_email>, send_email already registered for DAG: example_dag_decorator
[2024-03-28T20:04:32.337+0000] {logging_mixin.py:137} INFO - [2024-03-28T20:04:32.336+0000] {taskmixin.py:205} WARNING - Dependency <Task(EmailOperator): send_email>, prepare_email already registered for DAG: example_dag_decorator
[2024-03-28T20:04:32.346+0000] {processor.py:753} INFO - DAG(s) dict_keys(['example_dag_decorator']) retrieved from /usr/local/python/3.10.13/lib/python3.10/site-packages/airflow/example_dags/example_dag_decorator.py
[2024-03-28T20:04:32.385+0000] {logging_mixin.py:137} INFO - [2024-03-28T20:04:32.385+0000] {dag.py:2690} INFO - Sync 1 DAGs
[2024-03-28T20:04:32.399+0000] {logging_mixin.py:137} INFO - [2024-03-28T20:04:32.399+0000] {dag.py:3437} INFO - Setting next_dagrun for example_dag_decorator to None, run_after=None
[2024-03-28T20:04:32.543+0000] {processor.py:175} INFO - Processing /usr/local/python/3.10.13/lib/python3.10/site-packages/airflow/example_dags/example_dag_decorator.py took 0.225 seconds
[2024-03-28T20:05:20.400+0000] {processor.py:153} INFO - Started process (PID=47292) to work on /usr/local/python/3.10.13/lib/python3.10/site-packages/airflow/example_dags/example_dag_decorator.py
[2024-03-28T20:05:20.401+0000] {processor.py:743} INFO - Processing file /usr/local/python/3.10.13/lib/python3.10/site-packages/airflow/example_dags/example_dag_decorator.py for tasks to queue
[2024-03-28T20:05:20.402+0000] {logging_mixin.py:137} INFO - [2024-03-28T20:05:20.401+0000] {dagbag.py:538} INFO - Filling up the DagBag from /usr/local/python/3.10.13/lib/python3.10/site-packages/airflow/example_dags/example_dag_decorator.py
[2024-03-28T20:05:20.416+0000] {logging_mixin.py:137} INFO - [2024-03-28T20:05:20.416+0000] {taskmixin.py:205} WARNING - Dependency <Task(_PythonDecoratedOperator): prepare_email>, send_email already registered for DAG: example_dag_decorator
[2024-03-28T20:05:20.417+0000] {logging_mixin.py:137} INFO - [2024-03-28T20:05:20.417+0000] {taskmixin.py:205} WARNING - Dependency <Task(EmailOperator): send_email>, prepare_email already registered for DAG: example_dag_decorator
[2024-03-28T20:05:20.426+0000] {processor.py:753} INFO - DAG(s) dict_keys(['example_dag_decorator']) retrieved from /usr/local/python/3.10.13/lib/python3.10/site-packages/airflow/example_dags/example_dag_decorator.py
[2024-03-28T20:05:20.464+0000] {logging_mixin.py:137} INFO - [2024-03-28T20:05:20.464+0000] {dag.py:2690} INFO - Sync 1 DAGs
[2024-03-28T20:05:20.574+0000] {logging_mixin.py:137} INFO - [2024-03-28T20:05:20.574+0000] {dag.py:3437} INFO - Setting next_dagrun for example_dag_decorator to None, run_after=None
[2024-03-28T20:05:20.622+0000] {processor.py:175} INFO - Processing /usr/local/python/3.10.13/lib/python3.10/site-packages/airflow/example_dags/example_dag_decorator.py took 0.223 seconds
[2024-03-28T20:06:02.320+0000] {processor.py:153} INFO - Started process (PID=47719) to work on /usr/local/python/3.10.13/lib/python3.10/site-packages/airflow/example_dags/example_dag_decorator.py
[2024-03-28T20:06:02.321+0000] {processor.py:743} INFO - Processing file /usr/local/python/3.10.13/lib/python3.10/site-packages/airflow/example_dags/example_dag_decorator.py for tasks to queue
[2024-03-28T20:06:02.322+0000] {logging_mixin.py:137} INFO - [2024-03-28T20:06:02.322+0000] {dagbag.py:538} INFO - Filling up the DagBag from /usr/local/python/3.10.13/lib/python3.10/site-packages/airflow/example_dags/example_dag_decorator.py
[2024-03-28T20:06:02.338+0000] {logging_mixin.py:137} INFO - [2024-03-28T20:06:02.338+0000] {taskmixin.py:205} WARNING - Dependency <Task(_PythonDecoratedOperator): prepare_email>, send_email already registered for DAG: example_dag_decorator
[2024-03-28T20:06:02.339+0000] {logging_mixin.py:137} INFO - [2024-03-28T20:06:02.339+0000] {taskmixin.py:205} WARNING - Dependency <Task(EmailOperator): send_email>, prepare_email already registered for DAG: example_dag_decorator
[2024-03-28T20:06:02.348+0000] {processor.py:753} INFO - DAG(s) dict_keys(['example_dag_decorator']) retrieved from /usr/local/python/3.10.13/lib/python3.10/site-packages/airflow/example_dags/example_dag_decorator.py
[2024-03-28T20:06:02.390+0000] {logging_mixin.py:137} INFO - [2024-03-28T20:06:02.390+0000] {dag.py:2690} INFO - Sync 1 DAGs
[2024-03-28T20:06:02.505+0000] {logging_mixin.py:137} INFO - [2024-03-28T20:06:02.505+0000] {dag.py:3437} INFO - Setting next_dagrun for example_dag_decorator to None, run_after=None
[2024-03-28T20:06:02.554+0000] {processor.py:175} INFO - Processing /usr/local/python/3.10.13/lib/python3.10/site-packages/airflow/example_dags/example_dag_decorator.py took 0.235 seconds
[2024-03-28T20:06:52.061+0000] {processor.py:153} INFO - Started process (PID=48133) to work on /usr/local/python/3.10.13/lib/python3.10/site-packages/airflow/example_dags/example_dag_decorator.py
[2024-03-28T20:06:52.062+0000] {processor.py:743} INFO - Processing file /usr/local/python/3.10.13/lib/python3.10/site-packages/airflow/example_dags/example_dag_decorator.py for tasks to queue
[2024-03-28T20:06:52.062+0000] {logging_mixin.py:137} INFO - [2024-03-28T20:06:52.062+0000] {dagbag.py:538} INFO - Filling up the DagBag from /usr/local/python/3.10.13/lib/python3.10/site-packages/airflow/example_dags/example_dag_decorator.py
[2024-03-28T20:06:52.078+0000] {logging_mixin.py:137} INFO - [2024-03-28T20:06:52.077+0000] {taskmixin.py:205} WARNING - Dependency <Task(_PythonDecoratedOperator): prepare_email>, send_email already registered for DAG: example_dag_decorator
[2024-03-28T20:06:52.078+0000] {logging_mixin.py:137} INFO - [2024-03-28T20:06:52.078+0000] {taskmixin.py:205} WARNING - Dependency <Task(EmailOperator): send_email>, prepare_email already registered for DAG: example_dag_decorator
[2024-03-28T20:06:52.088+0000] {processor.py:753} INFO - DAG(s) dict_keys(['example_dag_decorator']) retrieved from /usr/local/python/3.10.13/lib/python3.10/site-packages/airflow/example_dags/example_dag_decorator.py
[2024-03-28T20:06:52.221+0000] {logging_mixin.py:137} INFO - [2024-03-28T20:06:52.221+0000] {dag.py:2690} INFO - Sync 1 DAGs
[2024-03-28T20:06:52.234+0000] {logging_mixin.py:137} INFO - [2024-03-28T20:06:52.234+0000] {dag.py:3437} INFO - Setting next_dagrun for example_dag_decorator to None, run_after=None
[2024-03-28T20:06:52.283+0000] {processor.py:175} INFO - Processing /usr/local/python/3.10.13/lib/python3.10/site-packages/airflow/example_dags/example_dag_decorator.py took 0.225 seconds
[2024-03-28T20:07:36.342+0000] {processor.py:153} INFO - Started process (PID=48474) to work on /usr/local/python/3.10.13/lib/python3.10/site-packages/airflow/example_dags/example_dag_decorator.py
[2024-03-28T20:07:36.343+0000] {processor.py:743} INFO - Processing file /usr/local/python/3.10.13/lib/python3.10/site-packages/airflow/example_dags/example_dag_decorator.py for tasks to queue
[2024-03-28T20:07:36.343+0000] {logging_mixin.py:137} INFO - [2024-03-28T20:07:36.343+0000] {dagbag.py:538} INFO - Filling up the DagBag from /usr/local/python/3.10.13/lib/python3.10/site-packages/airflow/example_dags/example_dag_decorator.py
[2024-03-28T20:07:36.358+0000] {logging_mixin.py:137} INFO - [2024-03-28T20:07:36.358+0000] {taskmixin.py:205} WARNING - Dependency <Task(_PythonDecoratedOperator): prepare_email>, send_email already registered for DAG: example_dag_decorator
[2024-03-28T20:07:36.358+0000] {logging_mixin.py:137} INFO - [2024-03-28T20:07:36.358+0000] {taskmixin.py:205} WARNING - Dependency <Task(EmailOperator): send_email>, prepare_email already registered for DAG: example_dag_decorator
[2024-03-28T20:07:36.368+0000] {processor.py:753} INFO - DAG(s) dict_keys(['example_dag_decorator']) retrieved from /usr/local/python/3.10.13/lib/python3.10/site-packages/airflow/example_dags/example_dag_decorator.py
[2024-03-28T20:07:36.543+0000] {logging_mixin.py:137} INFO - [2024-03-28T20:07:36.543+0000] {dag.py:2690} INFO - Sync 1 DAGs
[2024-03-28T20:07:36.557+0000] {logging_mixin.py:137} INFO - [2024-03-28T20:07:36.557+0000] {dag.py:3437} INFO - Setting next_dagrun for example_dag_decorator to None, run_after=None
[2024-03-28T20:07:36.605+0000] {processor.py:175} INFO - Processing /usr/local/python/3.10.13/lib/python3.10/site-packages/airflow/example_dags/example_dag_decorator.py took 0.265 seconds
[2024-03-28T20:08:21.204+0000] {processor.py:153} INFO - Started process (PID=48911) to work on /usr/local/python/3.10.13/lib/python3.10/site-packages/airflow/example_dags/example_dag_decorator.py
[2024-03-28T20:08:21.205+0000] {processor.py:743} INFO - Processing file /usr/local/python/3.10.13/lib/python3.10/site-packages/airflow/example_dags/example_dag_decorator.py for tasks to queue
[2024-03-28T20:08:21.205+0000] {logging_mixin.py:137} INFO - [2024-03-28T20:08:21.205+0000] {dagbag.py:538} INFO - Filling up the DagBag from /usr/local/python/3.10.13/lib/python3.10/site-packages/airflow/example_dags/example_dag_decorator.py
[2024-03-28T20:08:21.226+0000] {logging_mixin.py:137} INFO - [2024-03-28T20:08:21.225+0000] {taskmixin.py:205} WARNING - Dependency <Task(_PythonDecoratedOperator): prepare_email>, send_email already registered for DAG: example_dag_decorator
[2024-03-28T20:08:21.226+0000] {logging_mixin.py:137} INFO - [2024-03-28T20:08:21.226+0000] {taskmixin.py:205} WARNING - Dependency <Task(EmailOperator): send_email>, prepare_email already registered for DAG: example_dag_decorator
[2024-03-28T20:08:21.237+0000] {processor.py:753} INFO - DAG(s) dict_keys(['example_dag_decorator']) retrieved from /usr/local/python/3.10.13/lib/python3.10/site-packages/airflow/example_dags/example_dag_decorator.py
[2024-03-28T20:08:21.379+0000] {logging_mixin.py:137} INFO - [2024-03-28T20:08:21.379+0000] {dag.py:2690} INFO - Sync 1 DAGs
[2024-03-28T20:08:21.392+0000] {logging_mixin.py:137} INFO - [2024-03-28T20:08:21.392+0000] {dag.py:3437} INFO - Setting next_dagrun for example_dag_decorator to None, run_after=None
[2024-03-28T20:08:21.435+0000] {processor.py:175} INFO - Processing /usr/local/python/3.10.13/lib/python3.10/site-packages/airflow/example_dags/example_dag_decorator.py took 0.234 seconds
[2024-03-28T20:09:08.509+0000] {processor.py:153} INFO - Started process (PID=49317) to work on /usr/local/python/3.10.13/lib/python3.10/site-packages/airflow/example_dags/example_dag_decorator.py
[2024-03-28T20:09:08.510+0000] {processor.py:743} INFO - Processing file /usr/local/python/3.10.13/lib/python3.10/site-packages/airflow/example_dags/example_dag_decorator.py for tasks to queue
[2024-03-28T20:09:08.510+0000] {logging_mixin.py:137} INFO - [2024-03-28T20:09:08.510+0000] {dagbag.py:538} INFO - Filling up the DagBag from /usr/local/python/3.10.13/lib/python3.10/site-packages/airflow/example_dags/example_dag_decorator.py
[2024-03-28T20:09:08.525+0000] {logging_mixin.py:137} INFO - [2024-03-28T20:09:08.525+0000] {taskmixin.py:205} WARNING - Dependency <Task(_PythonDecoratedOperator): prepare_email>, send_email already registered for DAG: example_dag_decorator
[2024-03-28T20:09:08.525+0000] {logging_mixin.py:137} INFO - [2024-03-28T20:09:08.525+0000] {taskmixin.py:205} WARNING - Dependency <Task(EmailOperator): send_email>, prepare_email already registered for DAG: example_dag_decorator
[2024-03-28T20:09:08.535+0000] {processor.py:753} INFO - DAG(s) dict_keys(['example_dag_decorator']) retrieved from /usr/local/python/3.10.13/lib/python3.10/site-packages/airflow/example_dags/example_dag_decorator.py
[2024-03-28T20:09:08.663+0000] {logging_mixin.py:137} INFO - [2024-03-28T20:09:08.663+0000] {dag.py:2690} INFO - Sync 1 DAGs
[2024-03-28T20:09:08.676+0000] {logging_mixin.py:137} INFO - [2024-03-28T20:09:08.676+0000] {dag.py:3437} INFO - Setting next_dagrun for example_dag_decorator to None, run_after=None
[2024-03-28T20:09:08.720+0000] {processor.py:175} INFO - Processing /usr/local/python/3.10.13/lib/python3.10/site-packages/airflow/example_dags/example_dag_decorator.py took 0.213 seconds
[2024-03-28T20:09:53.756+0000] {processor.py:153} INFO - Started process (PID=49728) to work on /usr/local/python/3.10.13/lib/python3.10/site-packages/airflow/example_dags/example_dag_decorator.py
[2024-03-28T20:09:53.756+0000] {processor.py:743} INFO - Processing file /usr/local/python/3.10.13/lib/python3.10/site-packages/airflow/example_dags/example_dag_decorator.py for tasks to queue
[2024-03-28T20:09:53.757+0000] {logging_mixin.py:137} INFO - [2024-03-28T20:09:53.757+0000] {dagbag.py:538} INFO - Filling up the DagBag from /usr/local/python/3.10.13/lib/python3.10/site-packages/airflow/example_dags/example_dag_decorator.py
[2024-03-28T20:09:53.772+0000] {logging_mixin.py:137} INFO - [2024-03-28T20:09:53.772+0000] {taskmixin.py:205} WARNING - Dependency <Task(_PythonDecoratedOperator): prepare_email>, send_email already registered for DAG: example_dag_decorator
[2024-03-28T20:09:53.772+0000] {logging_mixin.py:137} INFO - [2024-03-28T20:09:53.772+0000] {taskmixin.py:205} WARNING - Dependency <Task(EmailOperator): send_email>, prepare_email already registered for DAG: example_dag_decorator
[2024-03-28T20:09:53.929+0000] {processor.py:753} INFO - DAG(s) dict_keys(['example_dag_decorator']) retrieved from /usr/local/python/3.10.13/lib/python3.10/site-packages/airflow/example_dags/example_dag_decorator.py
[2024-03-28T20:09:53.970+0000] {logging_mixin.py:137} INFO - [2024-03-28T20:09:53.970+0000] {dag.py:2690} INFO - Sync 1 DAGs
[2024-03-28T20:09:53.983+0000] {logging_mixin.py:137} INFO - [2024-03-28T20:09:53.983+0000] {dag.py:3437} INFO - Setting next_dagrun for example_dag_decorator to None, run_after=None
[2024-03-28T20:09:54.026+0000] {processor.py:175} INFO - Processing /usr/local/python/3.10.13/lib/python3.10/site-packages/airflow/example_dags/example_dag_decorator.py took 0.273 seconds
[2024-03-28T20:10:37.368+0000] {processor.py:153} INFO - Started process (PID=50110) to work on /usr/local/python/3.10.13/lib/python3.10/site-packages/airflow/example_dags/example_dag_decorator.py
[2024-03-28T20:10:37.368+0000] {processor.py:743} INFO - Processing file /usr/local/python/3.10.13/lib/python3.10/site-packages/airflow/example_dags/example_dag_decorator.py for tasks to queue
[2024-03-28T20:10:37.369+0000] {logging_mixin.py:137} INFO - [2024-03-28T20:10:37.369+0000] {dagbag.py:538} INFO - Filling up the DagBag from /usr/local/python/3.10.13/lib/python3.10/site-packages/airflow/example_dags/example_dag_decorator.py
[2024-03-28T20:10:37.495+0000] {logging_mixin.py:137} INFO - [2024-03-28T20:10:37.495+0000] {taskmixin.py:205} WARNING - Dependency <Task(_PythonDecoratedOperator): prepare_email>, send_email already registered for DAG: example_dag_decorator
[2024-03-28T20:10:37.495+0000] {logging_mixin.py:137} INFO - [2024-03-28T20:10:37.495+0000] {taskmixin.py:205} WARNING - Dependency <Task(EmailOperator): send_email>, prepare_email already registered for DAG: example_dag_decorator
[2024-03-28T20:10:37.504+0000] {processor.py:753} INFO - DAG(s) dict_keys(['example_dag_decorator']) retrieved from /usr/local/python/3.10.13/lib/python3.10/site-packages/airflow/example_dags/example_dag_decorator.py
[2024-03-28T20:10:37.542+0000] {logging_mixin.py:137} INFO - [2024-03-28T20:10:37.542+0000] {dag.py:2690} INFO - Sync 1 DAGs
[2024-03-28T20:10:37.555+0000] {logging_mixin.py:137} INFO - [2024-03-28T20:10:37.555+0000] {dag.py:3437} INFO - Setting next_dagrun for example_dag_decorator to None, run_after=None
[2024-03-28T20:10:37.603+0000] {processor.py:175} INFO - Processing /usr/local/python/3.10.13/lib/python3.10/site-packages/airflow/example_dags/example_dag_decorator.py took 0.238 seconds
