[2024-03-28T20:00:22.542+0000] {processor.py:153} INFO - Started process (PID=44756) to work on /usr/local/python/3.10.13/lib/python3.10/site-packages/airflow/example_dags/example_branch_day_of_week_operator.py
[2024-03-28T20:00:22.543+0000] {processor.py:743} INFO - Processing file /usr/local/python/3.10.13/lib/python3.10/site-packages/airflow/example_dags/example_branch_day_of_week_operator.py for tasks to queue
[2024-03-28T20:00:22.543+0000] {logging_mixin.py:137} INFO - [2024-03-28T20:00:22.543+0000] {dagbag.py:538} INFO - Filling up the DagBag from /usr/local/python/3.10.13/lib/python3.10/site-packages/airflow/example_dags/example_branch_day_of_week_operator.py
[2024-03-28T20:00:22.556+0000] {processor.py:753} INFO - DAG(s) dict_keys(['example_weekday_branch_operator']) retrieved from /usr/local/python/3.10.13/lib/python3.10/site-packages/airflow/example_dags/example_branch_day_of_week_operator.py
[2024-03-28T20:00:22.701+0000] {logging_mixin.py:137} INFO - [2024-03-28T20:00:22.700+0000] {manager.py:504} INFO - Created Permission View: can read on DAG:example_weekday_branch_operator
[2024-03-28T20:00:22.735+0000] {logging_mixin.py:137} INFO - [2024-03-28T20:00:22.735+0000] {manager.py:504} INFO - Created Permission View: can delete on DAG:example_weekday_branch_operator
[2024-03-28T20:00:22.768+0000] {logging_mixin.py:137} INFO - [2024-03-28T20:00:22.768+0000] {manager.py:504} INFO - Created Permission View: can edit on DAG:example_weekday_branch_operator
[2024-03-28T20:00:22.768+0000] {logging_mixin.py:137} INFO - [2024-03-28T20:00:22.768+0000] {dag.py:2690} INFO - Sync 1 DAGs
[2024-03-28T20:00:22.777+0000] {logging_mixin.py:137} INFO - [2024-03-28T20:00:22.777+0000] {dag.py:2711} INFO - Creating ORM DAG for example_weekday_branch_operator
[2024-03-28T20:00:22.785+0000] {logging_mixin.py:137} INFO - [2024-03-28T20:00:22.785+0000] {dag.py:3437} INFO - Setting next_dagrun for example_weekday_branch_operator to 2024-03-27T00:00:00+00:00, run_after=2024-03-28T00:00:00+00:00
[2024-03-28T20:00:22.836+0000] {processor.py:175} INFO - Processing /usr/local/python/3.10.13/lib/python3.10/site-packages/airflow/example_dags/example_branch_day_of_week_operator.py took 0.296 seconds
[2024-03-28T20:01:06.158+0000] {processor.py:153} INFO - Started process (PID=45045) to work on /usr/local/python/3.10.13/lib/python3.10/site-packages/airflow/example_dags/example_branch_day_of_week_operator.py
[2024-03-28T20:01:06.159+0000] {processor.py:743} INFO - Processing file /usr/local/python/3.10.13/lib/python3.10/site-packages/airflow/example_dags/example_branch_day_of_week_operator.py for tasks to queue
[2024-03-28T20:01:06.159+0000] {logging_mixin.py:137} INFO - [2024-03-28T20:01:06.159+0000] {dagbag.py:538} INFO - Filling up the DagBag from /usr/local/python/3.10.13/lib/python3.10/site-packages/airflow/example_dags/example_branch_day_of_week_operator.py
[2024-03-28T20:01:06.175+0000] {processor.py:753} INFO - DAG(s) dict_keys(['example_weekday_branch_operator']) retrieved from /usr/local/python/3.10.13/lib/python3.10/site-packages/airflow/example_dags/example_branch_day_of_week_operator.py
[2024-03-28T20:01:06.190+0000] {logging_mixin.py:137} INFO - [2024-03-28T20:01:06.190+0000] {dag.py:2690} INFO - Sync 1 DAGs
[2024-03-28T20:01:06.207+0000] {logging_mixin.py:137} INFO - [2024-03-28T20:01:06.206+0000] {dag.py:3437} INFO - Setting next_dagrun for example_weekday_branch_operator to 2024-03-27T00:00:00+00:00, run_after=2024-03-28T00:00:00+00:00
[2024-03-28T20:01:06.249+0000] {processor.py:175} INFO - Processing /usr/local/python/3.10.13/lib/python3.10/site-packages/airflow/example_dags/example_branch_day_of_week_operator.py took 0.093 seconds
[2024-03-28T20:01:46.706+0000] {processor.py:153} INFO - Started process (PID=45329) to work on /usr/local/python/3.10.13/lib/python3.10/site-packages/airflow/example_dags/example_branch_day_of_week_operator.py
[2024-03-28T20:01:46.707+0000] {processor.py:743} INFO - Processing file /usr/local/python/3.10.13/lib/python3.10/site-packages/airflow/example_dags/example_branch_day_of_week_operator.py for tasks to queue
[2024-03-28T20:01:46.707+0000] {logging_mixin.py:137} INFO - [2024-03-28T20:01:46.707+0000] {dagbag.py:538} INFO - Filling up the DagBag from /usr/local/python/3.10.13/lib/python3.10/site-packages/airflow/example_dags/example_branch_day_of_week_operator.py
[2024-03-28T20:01:46.721+0000] {processor.py:753} INFO - DAG(s) dict_keys(['example_weekday_branch_operator']) retrieved from /usr/local/python/3.10.13/lib/python3.10/site-packages/airflow/example_dags/example_branch_day_of_week_operator.py
[2024-03-28T20:01:46.735+0000] {logging_mixin.py:137} INFO - [2024-03-28T20:01:46.735+0000] {dag.py:2690} INFO - Sync 1 DAGs
[2024-03-28T20:01:46.751+0000] {logging_mixin.py:137} INFO - [2024-03-28T20:01:46.751+0000] {dag.py:3437} INFO - Setting next_dagrun for example_weekday_branch_operator to 2024-03-27T00:00:00+00:00, run_after=2024-03-28T00:00:00+00:00
[2024-03-28T20:01:46.792+0000] {processor.py:175} INFO - Processing /usr/local/python/3.10.13/lib/python3.10/site-packages/airflow/example_dags/example_branch_day_of_week_operator.py took 0.088 seconds
[2024-03-28T20:02:27.311+0000] {processor.py:153} INFO - Started process (PID=45613) to work on /usr/local/python/3.10.13/lib/python3.10/site-packages/airflow/example_dags/example_branch_day_of_week_operator.py
[2024-03-28T20:02:27.312+0000] {processor.py:743} INFO - Processing file /usr/local/python/3.10.13/lib/python3.10/site-packages/airflow/example_dags/example_branch_day_of_week_operator.py for tasks to queue
[2024-03-28T20:02:27.312+0000] {logging_mixin.py:137} INFO - [2024-03-28T20:02:27.312+0000] {dagbag.py:538} INFO - Filling up the DagBag from /usr/local/python/3.10.13/lib/python3.10/site-packages/airflow/example_dags/example_branch_day_of_week_operator.py
[2024-03-28T20:02:27.326+0000] {processor.py:753} INFO - DAG(s) dict_keys(['example_weekday_branch_operator']) retrieved from /usr/local/python/3.10.13/lib/python3.10/site-packages/airflow/example_dags/example_branch_day_of_week_operator.py
[2024-03-28T20:02:27.341+0000] {logging_mixin.py:137} INFO - [2024-03-28T20:02:27.340+0000] {dag.py:2690} INFO - Sync 1 DAGs
[2024-03-28T20:02:27.357+0000] {logging_mixin.py:137} INFO - [2024-03-28T20:02:27.357+0000] {dag.py:3437} INFO - Setting next_dagrun for example_weekday_branch_operator to 2024-03-27T00:00:00+00:00, run_after=2024-03-28T00:00:00+00:00
[2024-03-28T20:02:27.400+0000] {processor.py:175} INFO - Processing /usr/local/python/3.10.13/lib/python3.10/site-packages/airflow/example_dags/example_branch_day_of_week_operator.py took 0.091 seconds
[2024-03-28T20:03:07.835+0000] {processor.py:153} INFO - Started process (PID=46015) to work on /usr/local/python/3.10.13/lib/python3.10/site-packages/airflow/example_dags/example_branch_day_of_week_operator.py
[2024-03-28T20:03:07.836+0000] {processor.py:743} INFO - Processing file /usr/local/python/3.10.13/lib/python3.10/site-packages/airflow/example_dags/example_branch_day_of_week_operator.py for tasks to queue
[2024-03-28T20:03:07.837+0000] {logging_mixin.py:137} INFO - [2024-03-28T20:03:07.836+0000] {dagbag.py:538} INFO - Filling up the DagBag from /usr/local/python/3.10.13/lib/python3.10/site-packages/airflow/example_dags/example_branch_day_of_week_operator.py
[2024-03-28T20:03:07.856+0000] {processor.py:753} INFO - DAG(s) dict_keys(['example_weekday_branch_operator']) retrieved from /usr/local/python/3.10.13/lib/python3.10/site-packages/airflow/example_dags/example_branch_day_of_week_operator.py
[2024-03-28T20:03:07.873+0000] {logging_mixin.py:137} INFO - [2024-03-28T20:03:07.873+0000] {dag.py:2690} INFO - Sync 1 DAGs
[2024-03-28T20:03:07.890+0000] {logging_mixin.py:137} INFO - [2024-03-28T20:03:07.890+0000] {dag.py:3437} INFO - Setting next_dagrun for example_weekday_branch_operator to 2024-03-27T00:00:00+00:00, run_after=2024-03-28T00:00:00+00:00
[2024-03-28T20:03:07.933+0000] {processor.py:175} INFO - Processing /usr/local/python/3.10.13/lib/python3.10/site-packages/airflow/example_dags/example_branch_day_of_week_operator.py took 0.101 seconds
[2024-03-28T20:03:46.773+0000] {processor.py:153} INFO - Started process (PID=46334) to work on /usr/local/python/3.10.13/lib/python3.10/site-packages/airflow/example_dags/example_branch_day_of_week_operator.py
[2024-03-28T20:03:46.774+0000] {processor.py:743} INFO - Processing file /usr/local/python/3.10.13/lib/python3.10/site-packages/airflow/example_dags/example_branch_day_of_week_operator.py for tasks to queue
[2024-03-28T20:03:46.775+0000] {logging_mixin.py:137} INFO - [2024-03-28T20:03:46.775+0000] {dagbag.py:538} INFO - Filling up the DagBag from /usr/local/python/3.10.13/lib/python3.10/site-packages/airflow/example_dags/example_branch_day_of_week_operator.py
[2024-03-28T20:03:46.789+0000] {processor.py:753} INFO - DAG(s) dict_keys(['example_weekday_branch_operator']) retrieved from /usr/local/python/3.10.13/lib/python3.10/site-packages/airflow/example_dags/example_branch_day_of_week_operator.py
[2024-03-28T20:03:46.804+0000] {logging_mixin.py:137} INFO - [2024-03-28T20:03:46.804+0000] {dag.py:2690} INFO - Sync 1 DAGs
[2024-03-28T20:03:46.821+0000] {logging_mixin.py:137} INFO - [2024-03-28T20:03:46.820+0000] {dag.py:3437} INFO - Setting next_dagrun for example_weekday_branch_operator to 2024-03-27T00:00:00+00:00, run_after=2024-03-28T00:00:00+00:00
[2024-03-28T20:03:46.866+0000] {processor.py:175} INFO - Processing /usr/local/python/3.10.13/lib/python3.10/site-packages/airflow/example_dags/example_branch_day_of_week_operator.py took 0.095 seconds
[2024-03-28T20:04:32.768+0000] {processor.py:153} INFO - Started process (PID=46789) to work on /usr/local/python/3.10.13/lib/python3.10/site-packages/airflow/example_dags/example_branch_day_of_week_operator.py
[2024-03-28T20:04:32.768+0000] {processor.py:743} INFO - Processing file /usr/local/python/3.10.13/lib/python3.10/site-packages/airflow/example_dags/example_branch_day_of_week_operator.py for tasks to queue
[2024-03-28T20:04:32.769+0000] {logging_mixin.py:137} INFO - [2024-03-28T20:04:32.769+0000] {dagbag.py:538} INFO - Filling up the DagBag from /usr/local/python/3.10.13/lib/python3.10/site-packages/airflow/example_dags/example_branch_day_of_week_operator.py
[2024-03-28T20:04:32.782+0000] {processor.py:753} INFO - DAG(s) dict_keys(['example_weekday_branch_operator']) retrieved from /usr/local/python/3.10.13/lib/python3.10/site-packages/airflow/example_dags/example_branch_day_of_week_operator.py
[2024-03-28T20:04:32.797+0000] {logging_mixin.py:137} INFO - [2024-03-28T20:04:32.797+0000] {dag.py:2690} INFO - Sync 1 DAGs
[2024-03-28T20:04:32.813+0000] {logging_mixin.py:137} INFO - [2024-03-28T20:04:32.813+0000] {dag.py:3437} INFO - Setting next_dagrun for example_weekday_branch_operator to 2024-03-27T00:00:00+00:00, run_after=2024-03-28T00:00:00+00:00
[2024-03-28T20:04:32.853+0000] {processor.py:175} INFO - Processing /usr/local/python/3.10.13/lib/python3.10/site-packages/airflow/example_dags/example_branch_day_of_week_operator.py took 0.088 seconds
[2024-03-28T20:05:21.734+0000] {processor.py:153} INFO - Started process (PID=47293) to work on /usr/local/python/3.10.13/lib/python3.10/site-packages/airflow/example_dags/example_branch_day_of_week_operator.py
[2024-03-28T20:05:21.735+0000] {processor.py:743} INFO - Processing file /usr/local/python/3.10.13/lib/python3.10/site-packages/airflow/example_dags/example_branch_day_of_week_operator.py for tasks to queue
[2024-03-28T20:05:21.736+0000] {logging_mixin.py:137} INFO - [2024-03-28T20:05:21.735+0000] {dagbag.py:538} INFO - Filling up the DagBag from /usr/local/python/3.10.13/lib/python3.10/site-packages/airflow/example_dags/example_branch_day_of_week_operator.py
[2024-03-28T20:05:21.749+0000] {processor.py:753} INFO - DAG(s) dict_keys(['example_weekday_branch_operator']) retrieved from /usr/local/python/3.10.13/lib/python3.10/site-packages/airflow/example_dags/example_branch_day_of_week_operator.py
[2024-03-28T20:05:21.763+0000] {logging_mixin.py:137} INFO - [2024-03-28T20:05:21.763+0000] {dag.py:2690} INFO - Sync 1 DAGs
[2024-03-28T20:05:21.779+0000] {logging_mixin.py:137} INFO - [2024-03-28T20:05:21.779+0000] {dag.py:3437} INFO - Setting next_dagrun for example_weekday_branch_operator to 2024-03-27T00:00:00+00:00, run_after=2024-03-28T00:00:00+00:00
[2024-03-28T20:05:21.827+0000] {processor.py:175} INFO - Processing /usr/local/python/3.10.13/lib/python3.10/site-packages/airflow/example_dags/example_branch_day_of_week_operator.py took 0.094 seconds
[2024-03-28T20:06:03.660+0000] {processor.py:153} INFO - Started process (PID=47724) to work on /usr/local/python/3.10.13/lib/python3.10/site-packages/airflow/example_dags/example_branch_day_of_week_operator.py
[2024-03-28T20:06:03.661+0000] {processor.py:743} INFO - Processing file /usr/local/python/3.10.13/lib/python3.10/site-packages/airflow/example_dags/example_branch_day_of_week_operator.py for tasks to queue
[2024-03-28T20:06:03.662+0000] {logging_mixin.py:137} INFO - [2024-03-28T20:06:03.662+0000] {dagbag.py:538} INFO - Filling up the DagBag from /usr/local/python/3.10.13/lib/python3.10/site-packages/airflow/example_dags/example_branch_day_of_week_operator.py
[2024-03-28T20:06:03.677+0000] {processor.py:753} INFO - DAG(s) dict_keys(['example_weekday_branch_operator']) retrieved from /usr/local/python/3.10.13/lib/python3.10/site-packages/airflow/example_dags/example_branch_day_of_week_operator.py
[2024-03-28T20:06:03.691+0000] {logging_mixin.py:137} INFO - [2024-03-28T20:06:03.691+0000] {dag.py:2690} INFO - Sync 1 DAGs
[2024-03-28T20:06:03.709+0000] {logging_mixin.py:137} INFO - [2024-03-28T20:06:03.709+0000] {dag.py:3437} INFO - Setting next_dagrun for example_weekday_branch_operator to 2024-03-27T00:00:00+00:00, run_after=2024-03-28T00:00:00+00:00
[2024-03-28T20:06:03.758+0000] {processor.py:175} INFO - Processing /usr/local/python/3.10.13/lib/python3.10/site-packages/airflow/example_dags/example_branch_day_of_week_operator.py took 0.101 seconds
[2024-03-28T20:06:53.434+0000] {processor.py:153} INFO - Started process (PID=48134) to work on /usr/local/python/3.10.13/lib/python3.10/site-packages/airflow/example_dags/example_branch_day_of_week_operator.py
[2024-03-28T20:06:53.434+0000] {processor.py:743} INFO - Processing file /usr/local/python/3.10.13/lib/python3.10/site-packages/airflow/example_dags/example_branch_day_of_week_operator.py for tasks to queue
[2024-03-28T20:06:53.435+0000] {logging_mixin.py:137} INFO - [2024-03-28T20:06:53.435+0000] {dagbag.py:538} INFO - Filling up the DagBag from /usr/local/python/3.10.13/lib/python3.10/site-packages/airflow/example_dags/example_branch_day_of_week_operator.py
[2024-03-28T20:06:53.448+0000] {processor.py:753} INFO - DAG(s) dict_keys(['example_weekday_branch_operator']) retrieved from /usr/local/python/3.10.13/lib/python3.10/site-packages/airflow/example_dags/example_branch_day_of_week_operator.py
[2024-03-28T20:06:53.462+0000] {logging_mixin.py:137} INFO - [2024-03-28T20:06:53.462+0000] {dag.py:2690} INFO - Sync 1 DAGs
[2024-03-28T20:06:53.478+0000] {logging_mixin.py:137} INFO - [2024-03-28T20:06:53.478+0000] {dag.py:3437} INFO - Setting next_dagrun for example_weekday_branch_operator to 2024-03-27T00:00:00+00:00, run_after=2024-03-28T00:00:00+00:00
[2024-03-28T20:06:53.526+0000] {processor.py:175} INFO - Processing /usr/local/python/3.10.13/lib/python3.10/site-packages/airflow/example_dags/example_branch_day_of_week_operator.py took 0.095 seconds
[2024-03-28T20:07:37.683+0000] {processor.py:153} INFO - Started process (PID=48485) to work on /usr/local/python/3.10.13/lib/python3.10/site-packages/airflow/example_dags/example_branch_day_of_week_operator.py
[2024-03-28T20:07:37.684+0000] {processor.py:743} INFO - Processing file /usr/local/python/3.10.13/lib/python3.10/site-packages/airflow/example_dags/example_branch_day_of_week_operator.py for tasks to queue
[2024-03-28T20:07:37.684+0000] {logging_mixin.py:137} INFO - [2024-03-28T20:07:37.684+0000] {dagbag.py:538} INFO - Filling up the DagBag from /usr/local/python/3.10.13/lib/python3.10/site-packages/airflow/example_dags/example_branch_day_of_week_operator.py
[2024-03-28T20:07:37.698+0000] {processor.py:753} INFO - DAG(s) dict_keys(['example_weekday_branch_operator']) retrieved from /usr/local/python/3.10.13/lib/python3.10/site-packages/airflow/example_dags/example_branch_day_of_week_operator.py
[2024-03-28T20:07:37.717+0000] {logging_mixin.py:137} INFO - [2024-03-28T20:07:37.717+0000] {dag.py:2690} INFO - Sync 1 DAGs
[2024-03-28T20:07:37.734+0000] {logging_mixin.py:137} INFO - [2024-03-28T20:07:37.734+0000] {dag.py:3437} INFO - Setting next_dagrun for example_weekday_branch_operator to 2024-03-27T00:00:00+00:00, run_after=2024-03-28T00:00:00+00:00
[2024-03-28T20:07:37.872+0000] {processor.py:175} INFO - Processing /usr/local/python/3.10.13/lib/python3.10/site-packages/airflow/example_dags/example_branch_day_of_week_operator.py took 0.192 seconds
[2024-03-28T20:08:22.575+0000] {processor.py:153} INFO - Started process (PID=48916) to work on /usr/local/python/3.10.13/lib/python3.10/site-packages/airflow/example_dags/example_branch_day_of_week_operator.py
[2024-03-28T20:08:22.576+0000] {processor.py:743} INFO - Processing file /usr/local/python/3.10.13/lib/python3.10/site-packages/airflow/example_dags/example_branch_day_of_week_operator.py for tasks to queue
[2024-03-28T20:08:22.576+0000] {logging_mixin.py:137} INFO - [2024-03-28T20:08:22.576+0000] {dagbag.py:538} INFO - Filling up the DagBag from /usr/local/python/3.10.13/lib/python3.10/site-packages/airflow/example_dags/example_branch_day_of_week_operator.py
[2024-03-28T20:08:22.590+0000] {processor.py:753} INFO - DAG(s) dict_keys(['example_weekday_branch_operator']) retrieved from /usr/local/python/3.10.13/lib/python3.10/site-packages/airflow/example_dags/example_branch_day_of_week_operator.py
[2024-03-28T20:08:22.605+0000] {logging_mixin.py:137} INFO - [2024-03-28T20:08:22.605+0000] {dag.py:2690} INFO - Sync 1 DAGs
[2024-03-28T20:08:22.713+0000] {logging_mixin.py:137} INFO - [2024-03-28T20:08:22.713+0000] {dag.py:3437} INFO - Setting next_dagrun for example_weekday_branch_operator to 2024-03-27T00:00:00+00:00, run_after=2024-03-28T00:00:00+00:00
[2024-03-28T20:08:22.779+0000] {processor.py:175} INFO - Processing /usr/local/python/3.10.13/lib/python3.10/site-packages/airflow/example_dags/example_branch_day_of_week_operator.py took 0.206 seconds
[2024-03-28T20:09:09.881+0000] {processor.py:153} INFO - Started process (PID=49318) to work on /usr/local/python/3.10.13/lib/python3.10/site-packages/airflow/example_dags/example_branch_day_of_week_operator.py
[2024-03-28T20:09:09.881+0000] {processor.py:743} INFO - Processing file /usr/local/python/3.10.13/lib/python3.10/site-packages/airflow/example_dags/example_branch_day_of_week_operator.py for tasks to queue
[2024-03-28T20:09:09.882+0000] {logging_mixin.py:137} INFO - [2024-03-28T20:09:09.882+0000] {dagbag.py:538} INFO - Filling up the DagBag from /usr/local/python/3.10.13/lib/python3.10/site-packages/airflow/example_dags/example_branch_day_of_week_operator.py
[2024-03-28T20:09:09.895+0000] {processor.py:753} INFO - DAG(s) dict_keys(['example_weekday_branch_operator']) retrieved from /usr/local/python/3.10.13/lib/python3.10/site-packages/airflow/example_dags/example_branch_day_of_week_operator.py
[2024-03-28T20:09:09.909+0000] {logging_mixin.py:137} INFO - [2024-03-28T20:09:09.909+0000] {dag.py:2690} INFO - Sync 1 DAGs
[2024-03-28T20:09:10.019+0000] {logging_mixin.py:137} INFO - [2024-03-28T20:09:10.018+0000] {dag.py:3437} INFO - Setting next_dagrun for example_weekday_branch_operator to 2024-03-27T00:00:00+00:00, run_after=2024-03-28T00:00:00+00:00
[2024-03-28T20:09:10.066+0000] {processor.py:175} INFO - Processing /usr/local/python/3.10.13/lib/python3.10/site-packages/airflow/example_dags/example_branch_day_of_week_operator.py took 0.188 seconds
[2024-03-28T20:09:55.084+0000] {processor.py:153} INFO - Started process (PID=49748) to work on /usr/local/python/3.10.13/lib/python3.10/site-packages/airflow/example_dags/example_branch_day_of_week_operator.py
[2024-03-28T20:09:55.085+0000] {processor.py:743} INFO - Processing file /usr/local/python/3.10.13/lib/python3.10/site-packages/airflow/example_dags/example_branch_day_of_week_operator.py for tasks to queue
[2024-03-28T20:09:55.086+0000] {logging_mixin.py:137} INFO - [2024-03-28T20:09:55.085+0000] {dagbag.py:538} INFO - Filling up the DagBag from /usr/local/python/3.10.13/lib/python3.10/site-packages/airflow/example_dags/example_branch_day_of_week_operator.py
[2024-03-28T20:09:55.101+0000] {processor.py:753} INFO - DAG(s) dict_keys(['example_weekday_branch_operator']) retrieved from /usr/local/python/3.10.13/lib/python3.10/site-packages/airflow/example_dags/example_branch_day_of_week_operator.py
[2024-03-28T20:09:55.212+0000] {logging_mixin.py:137} INFO - [2024-03-28T20:09:55.212+0000] {dag.py:2690} INFO - Sync 1 DAGs
[2024-03-28T20:09:55.226+0000] {logging_mixin.py:137} INFO - [2024-03-28T20:09:55.226+0000] {dag.py:3437} INFO - Setting next_dagrun for example_weekday_branch_operator to 2024-03-27T00:00:00+00:00, run_after=2024-03-28T00:00:00+00:00
[2024-03-28T20:09:55.269+0000] {processor.py:175} INFO - Processing /usr/local/python/3.10.13/lib/python3.10/site-packages/airflow/example_dags/example_branch_day_of_week_operator.py took 0.187 seconds
[2024-03-28T20:10:38.737+0000] {processor.py:153} INFO - Started process (PID=50111) to work on /usr/local/python/3.10.13/lib/python3.10/site-packages/airflow/example_dags/example_branch_day_of_week_operator.py
[2024-03-28T20:10:38.738+0000] {processor.py:743} INFO - Processing file /usr/local/python/3.10.13/lib/python3.10/site-packages/airflow/example_dags/example_branch_day_of_week_operator.py for tasks to queue
[2024-03-28T20:10:38.738+0000] {logging_mixin.py:137} INFO - [2024-03-28T20:10:38.738+0000] {dagbag.py:538} INFO - Filling up the DagBag from /usr/local/python/3.10.13/lib/python3.10/site-packages/airflow/example_dags/example_branch_day_of_week_operator.py
[2024-03-28T20:10:38.753+0000] {processor.py:753} INFO - DAG(s) dict_keys(['example_weekday_branch_operator']) retrieved from /usr/local/python/3.10.13/lib/python3.10/site-packages/airflow/example_dags/example_branch_day_of_week_operator.py
[2024-03-28T20:10:38.859+0000] {logging_mixin.py:137} INFO - [2024-03-28T20:10:38.858+0000] {dag.py:2690} INFO - Sync 1 DAGs
[2024-03-28T20:10:38.873+0000] {logging_mixin.py:137} INFO - [2024-03-28T20:10:38.873+0000] {dag.py:3437} INFO - Setting next_dagrun for example_weekday_branch_operator to 2024-03-27T00:00:00+00:00, run_after=2024-03-28T00:00:00+00:00
[2024-03-28T20:10:38.919+0000] {processor.py:175} INFO - Processing /usr/local/python/3.10.13/lib/python3.10/site-packages/airflow/example_dags/example_branch_day_of_week_operator.py took 0.184 seconds
