[2024-03-28T19:59:47.310+0000] {processor.py:153} INFO - Started process (PID=44509) to work on /usr/local/python/3.10.13/lib/python3.10/site-packages/airflow/example_dags/example_time_delta_sensor_async.py
[2024-03-28T19:59:47.311+0000] {processor.py:743} INFO - Processing file /usr/local/python/3.10.13/lib/python3.10/site-packages/airflow/example_dags/example_time_delta_sensor_async.py for tasks to queue
[2024-03-28T19:59:47.311+0000] {logging_mixin.py:137} INFO - [2024-03-28T19:59:47.311+0000] {dagbag.py:538} INFO - Filling up the DagBag from /usr/local/python/3.10.13/lib/python3.10/site-packages/airflow/example_dags/example_time_delta_sensor_async.py
[2024-03-28T19:59:47.321+0000] {processor.py:753} INFO - DAG(s) dict_keys(['example_time_delta_sensor_async']) retrieved from /usr/local/python/3.10.13/lib/python3.10/site-packages/airflow/example_dags/example_time_delta_sensor_async.py
[2024-03-28T19:59:47.456+0000] {logging_mixin.py:137} INFO - [2024-03-28T19:59:47.456+0000] {manager.py:504} INFO - Created Permission View: can read on DAG:example_time_delta_sensor_async
[2024-03-28T19:59:47.491+0000] {logging_mixin.py:137} INFO - [2024-03-28T19:59:47.491+0000] {manager.py:504} INFO - Created Permission View: can delete on DAG:example_time_delta_sensor_async
[2024-03-28T19:59:47.523+0000] {logging_mixin.py:137} INFO - [2024-03-28T19:59:47.523+0000] {manager.py:504} INFO - Created Permission View: can edit on DAG:example_time_delta_sensor_async
[2024-03-28T19:59:47.524+0000] {logging_mixin.py:137} INFO - [2024-03-28T19:59:47.523+0000] {dag.py:2690} INFO - Sync 1 DAGs
[2024-03-28T19:59:47.533+0000] {logging_mixin.py:137} INFO - [2024-03-28T19:59:47.533+0000] {dag.py:2711} INFO - Creating ORM DAG for example_time_delta_sensor_async
[2024-03-28T19:59:47.540+0000] {logging_mixin.py:137} INFO - [2024-03-28T19:59:47.540+0000] {dag.py:3437} INFO - Setting next_dagrun for example_time_delta_sensor_async to None, run_after=None
[2024-03-28T19:59:47.586+0000] {processor.py:175} INFO - Processing /usr/local/python/3.10.13/lib/python3.10/site-packages/airflow/example_dags/example_time_delta_sensor_async.py took 0.278 seconds
[2024-03-28T20:00:36.077+0000] {processor.py:153} INFO - Started process (PID=44845) to work on /usr/local/python/3.10.13/lib/python3.10/site-packages/airflow/example_dags/example_time_delta_sensor_async.py
[2024-03-28T20:00:36.078+0000] {processor.py:743} INFO - Processing file /usr/local/python/3.10.13/lib/python3.10/site-packages/airflow/example_dags/example_time_delta_sensor_async.py for tasks to queue
[2024-03-28T20:00:36.078+0000] {logging_mixin.py:137} INFO - [2024-03-28T20:00:36.078+0000] {dagbag.py:538} INFO - Filling up the DagBag from /usr/local/python/3.10.13/lib/python3.10/site-packages/airflow/example_dags/example_time_delta_sensor_async.py
[2024-03-28T20:00:36.091+0000] {processor.py:753} INFO - DAG(s) dict_keys(['example_time_delta_sensor_async']) retrieved from /usr/local/python/3.10.13/lib/python3.10/site-packages/airflow/example_dags/example_time_delta_sensor_async.py
[2024-03-28T20:00:36.109+0000] {logging_mixin.py:137} INFO - [2024-03-28T20:00:36.109+0000] {dag.py:2690} INFO - Sync 1 DAGs
[2024-03-28T20:00:36.128+0000] {logging_mixin.py:137} INFO - [2024-03-28T20:00:36.128+0000] {dag.py:3437} INFO - Setting next_dagrun for example_time_delta_sensor_async to None, run_after=None
[2024-03-28T20:00:36.174+0000] {processor.py:175} INFO - Processing /usr/local/python/3.10.13/lib/python3.10/site-packages/airflow/example_dags/example_time_delta_sensor_async.py took 0.098 seconds
[2024-03-28T20:01:15.159+0000] {processor.py:153} INFO - Started process (PID=45109) to work on /usr/local/python/3.10.13/lib/python3.10/site-packages/airflow/example_dags/example_time_delta_sensor_async.py
[2024-03-28T20:01:15.159+0000] {processor.py:743} INFO - Processing file /usr/local/python/3.10.13/lib/python3.10/site-packages/airflow/example_dags/example_time_delta_sensor_async.py for tasks to queue
[2024-03-28T20:01:15.160+0000] {logging_mixin.py:137} INFO - [2024-03-28T20:01:15.160+0000] {dagbag.py:538} INFO - Filling up the DagBag from /usr/local/python/3.10.13/lib/python3.10/site-packages/airflow/example_dags/example_time_delta_sensor_async.py
[2024-03-28T20:01:15.171+0000] {processor.py:753} INFO - DAG(s) dict_keys(['example_time_delta_sensor_async']) retrieved from /usr/local/python/3.10.13/lib/python3.10/site-packages/airflow/example_dags/example_time_delta_sensor_async.py
[2024-03-28T20:01:15.187+0000] {logging_mixin.py:137} INFO - [2024-03-28T20:01:15.187+0000] {dag.py:2690} INFO - Sync 1 DAGs
[2024-03-28T20:01:15.201+0000] {logging_mixin.py:137} INFO - [2024-03-28T20:01:15.201+0000] {dag.py:3437} INFO - Setting next_dagrun for example_time_delta_sensor_async to None, run_after=None
[2024-03-28T20:01:15.247+0000] {processor.py:175} INFO - Processing /usr/local/python/3.10.13/lib/python3.10/site-packages/airflow/example_dags/example_time_delta_sensor_async.py took 0.091 seconds
[2024-03-28T20:01:54.636+0000] {processor.py:153} INFO - Started process (PID=45384) to work on /usr/local/python/3.10.13/lib/python3.10/site-packages/airflow/example_dags/example_time_delta_sensor_async.py
[2024-03-28T20:01:54.636+0000] {processor.py:743} INFO - Processing file /usr/local/python/3.10.13/lib/python3.10/site-packages/airflow/example_dags/example_time_delta_sensor_async.py for tasks to queue
[2024-03-28T20:01:54.637+0000] {logging_mixin.py:137} INFO - [2024-03-28T20:01:54.637+0000] {dagbag.py:538} INFO - Filling up the DagBag from /usr/local/python/3.10.13/lib/python3.10/site-packages/airflow/example_dags/example_time_delta_sensor_async.py
[2024-03-28T20:01:54.653+0000] {processor.py:753} INFO - DAG(s) dict_keys(['example_time_delta_sensor_async']) retrieved from /usr/local/python/3.10.13/lib/python3.10/site-packages/airflow/example_dags/example_time_delta_sensor_async.py
[2024-03-28T20:01:54.674+0000] {logging_mixin.py:137} INFO - [2024-03-28T20:01:54.674+0000] {dag.py:2690} INFO - Sync 1 DAGs
[2024-03-28T20:01:54.689+0000] {logging_mixin.py:137} INFO - [2024-03-28T20:01:54.689+0000] {dag.py:3437} INFO - Setting next_dagrun for example_time_delta_sensor_async to None, run_after=None
[2024-03-28T20:01:54.732+0000] {processor.py:175} INFO - Processing /usr/local/python/3.10.13/lib/python3.10/site-packages/airflow/example_dags/example_time_delta_sensor_async.py took 0.099 seconds
[2024-03-28T20:02:34.859+0000] {processor.py:153} INFO - Started process (PID=45714) to work on /usr/local/python/3.10.13/lib/python3.10/site-packages/airflow/example_dags/example_time_delta_sensor_async.py
[2024-03-28T20:02:34.860+0000] {processor.py:743} INFO - Processing file /usr/local/python/3.10.13/lib/python3.10/site-packages/airflow/example_dags/example_time_delta_sensor_async.py for tasks to queue
[2024-03-28T20:02:34.860+0000] {logging_mixin.py:137} INFO - [2024-03-28T20:02:34.860+0000] {dagbag.py:538} INFO - Filling up the DagBag from /usr/local/python/3.10.13/lib/python3.10/site-packages/airflow/example_dags/example_time_delta_sensor_async.py
[2024-03-28T20:02:34.872+0000] {processor.py:753} INFO - DAG(s) dict_keys(['example_time_delta_sensor_async']) retrieved from /usr/local/python/3.10.13/lib/python3.10/site-packages/airflow/example_dags/example_time_delta_sensor_async.py
[2024-03-28T20:02:34.885+0000] {logging_mixin.py:137} INFO - [2024-03-28T20:02:34.885+0000] {dag.py:2690} INFO - Sync 1 DAGs
[2024-03-28T20:02:34.900+0000] {logging_mixin.py:137} INFO - [2024-03-28T20:02:34.900+0000] {dag.py:3437} INFO - Setting next_dagrun for example_time_delta_sensor_async to None, run_after=None
[2024-03-28T20:02:34.943+0000] {processor.py:175} INFO - Processing /usr/local/python/3.10.13/lib/python3.10/site-packages/airflow/example_dags/example_time_delta_sensor_async.py took 0.086 seconds
[2024-03-28T20:03:14.284+0000] {processor.py:153} INFO - Started process (PID=46064) to work on /usr/local/python/3.10.13/lib/python3.10/site-packages/airflow/example_dags/example_time_delta_sensor_async.py
[2024-03-28T20:03:14.285+0000] {processor.py:743} INFO - Processing file /usr/local/python/3.10.13/lib/python3.10/site-packages/airflow/example_dags/example_time_delta_sensor_async.py for tasks to queue
[2024-03-28T20:03:14.285+0000] {logging_mixin.py:137} INFO - [2024-03-28T20:03:14.285+0000] {dagbag.py:538} INFO - Filling up the DagBag from /usr/local/python/3.10.13/lib/python3.10/site-packages/airflow/example_dags/example_time_delta_sensor_async.py
[2024-03-28T20:03:14.296+0000] {processor.py:753} INFO - DAG(s) dict_keys(['example_time_delta_sensor_async']) retrieved from /usr/local/python/3.10.13/lib/python3.10/site-packages/airflow/example_dags/example_time_delta_sensor_async.py
[2024-03-28T20:03:14.311+0000] {logging_mixin.py:137} INFO - [2024-03-28T20:03:14.310+0000] {dag.py:2690} INFO - Sync 1 DAGs
[2024-03-28T20:03:14.325+0000] {logging_mixin.py:137} INFO - [2024-03-28T20:03:14.325+0000] {dag.py:3437} INFO - Setting next_dagrun for example_time_delta_sensor_async to None, run_after=None
[2024-03-28T20:03:14.371+0000] {processor.py:175} INFO - Processing /usr/local/python/3.10.13/lib/python3.10/site-packages/airflow/example_dags/example_time_delta_sensor_async.py took 0.090 seconds
[2024-03-28T20:03:51.851+0000] {processor.py:153} INFO - Started process (PID=46373) to work on /usr/local/python/3.10.13/lib/python3.10/site-packages/airflow/example_dags/example_time_delta_sensor_async.py
[2024-03-28T20:03:51.852+0000] {processor.py:743} INFO - Processing file /usr/local/python/3.10.13/lib/python3.10/site-packages/airflow/example_dags/example_time_delta_sensor_async.py for tasks to queue
[2024-03-28T20:03:51.852+0000] {logging_mixin.py:137} INFO - [2024-03-28T20:03:51.852+0000] {dagbag.py:538} INFO - Filling up the DagBag from /usr/local/python/3.10.13/lib/python3.10/site-packages/airflow/example_dags/example_time_delta_sensor_async.py
[2024-03-28T20:03:51.863+0000] {processor.py:753} INFO - DAG(s) dict_keys(['example_time_delta_sensor_async']) retrieved from /usr/local/python/3.10.13/lib/python3.10/site-packages/airflow/example_dags/example_time_delta_sensor_async.py
[2024-03-28T20:03:51.879+0000] {logging_mixin.py:137} INFO - [2024-03-28T20:03:51.879+0000] {dag.py:2690} INFO - Sync 1 DAGs
[2024-03-28T20:03:51.894+0000] {logging_mixin.py:137} INFO - [2024-03-28T20:03:51.894+0000] {dag.py:3437} INFO - Setting next_dagrun for example_time_delta_sensor_async to None, run_after=None
[2024-03-28T20:03:51.939+0000] {processor.py:175} INFO - Processing /usr/local/python/3.10.13/lib/python3.10/site-packages/airflow/example_dags/example_time_delta_sensor_async.py took 0.090 seconds
[2024-03-28T20:04:28.259+0000] {processor.py:153} INFO - Started process (PID=46755) to work on /usr/local/python/3.10.13/lib/python3.10/site-packages/airflow/example_dags/example_time_delta_sensor_async.py
[2024-03-28T20:04:28.260+0000] {processor.py:743} INFO - Processing file /usr/local/python/3.10.13/lib/python3.10/site-packages/airflow/example_dags/example_time_delta_sensor_async.py for tasks to queue
[2024-03-28T20:04:28.261+0000] {logging_mixin.py:137} INFO - [2024-03-28T20:04:28.261+0000] {dagbag.py:538} INFO - Filling up the DagBag from /usr/local/python/3.10.13/lib/python3.10/site-packages/airflow/example_dags/example_time_delta_sensor_async.py
[2024-03-28T20:04:28.276+0000] {processor.py:753} INFO - DAG(s) dict_keys(['example_time_delta_sensor_async']) retrieved from /usr/local/python/3.10.13/lib/python3.10/site-packages/airflow/example_dags/example_time_delta_sensor_async.py
[2024-03-28T20:04:28.290+0000] {logging_mixin.py:137} INFO - [2024-03-28T20:04:28.290+0000] {dag.py:2690} INFO - Sync 1 DAGs
[2024-03-28T20:04:28.306+0000] {logging_mixin.py:137} INFO - [2024-03-28T20:04:28.306+0000] {dag.py:3437} INFO - Setting next_dagrun for example_time_delta_sensor_async to None, run_after=None
[2024-03-28T20:04:28.351+0000] {processor.py:175} INFO - Processing /usr/local/python/3.10.13/lib/python3.10/site-packages/airflow/example_dags/example_time_delta_sensor_async.py took 0.095 seconds
[2024-03-28T20:05:06.718+0000] {processor.py:153} INFO - Started process (PID=47111) to work on /usr/local/python/3.10.13/lib/python3.10/site-packages/airflow/example_dags/example_time_delta_sensor_async.py
[2024-03-28T20:05:06.718+0000] {processor.py:743} INFO - Processing file /usr/local/python/3.10.13/lib/python3.10/site-packages/airflow/example_dags/example_time_delta_sensor_async.py for tasks to queue
[2024-03-28T20:05:06.719+0000] {logging_mixin.py:137} INFO - [2024-03-28T20:05:06.719+0000] {dagbag.py:538} INFO - Filling up the DagBag from /usr/local/python/3.10.13/lib/python3.10/site-packages/airflow/example_dags/example_time_delta_sensor_async.py
[2024-03-28T20:05:06.732+0000] {processor.py:753} INFO - DAG(s) dict_keys(['example_time_delta_sensor_async']) retrieved from /usr/local/python/3.10.13/lib/python3.10/site-packages/airflow/example_dags/example_time_delta_sensor_async.py
[2024-03-28T20:05:06.746+0000] {logging_mixin.py:137} INFO - [2024-03-28T20:05:06.746+0000] {dag.py:2690} INFO - Sync 1 DAGs
[2024-03-28T20:05:06.765+0000] {logging_mixin.py:137} INFO - [2024-03-28T20:05:06.765+0000] {dag.py:3437} INFO - Setting next_dagrun for example_time_delta_sensor_async to None, run_after=None
[2024-03-28T20:05:06.809+0000] {processor.py:175} INFO - Processing /usr/local/python/3.10.13/lib/python3.10/site-packages/airflow/example_dags/example_time_delta_sensor_async.py took 0.094 seconds
[2024-03-28T20:05:46.571+0000] {processor.py:153} INFO - Started process (PID=47526) to work on /usr/local/python/3.10.13/lib/python3.10/site-packages/airflow/example_dags/example_time_delta_sensor_async.py
[2024-03-28T20:05:46.572+0000] {processor.py:743} INFO - Processing file /usr/local/python/3.10.13/lib/python3.10/site-packages/airflow/example_dags/example_time_delta_sensor_async.py for tasks to queue
[2024-03-28T20:05:46.572+0000] {logging_mixin.py:137} INFO - [2024-03-28T20:05:46.572+0000] {dagbag.py:538} INFO - Filling up the DagBag from /usr/local/python/3.10.13/lib/python3.10/site-packages/airflow/example_dags/example_time_delta_sensor_async.py
[2024-03-28T20:05:46.589+0000] {processor.py:753} INFO - DAG(s) dict_keys(['example_time_delta_sensor_async']) retrieved from /usr/local/python/3.10.13/lib/python3.10/site-packages/airflow/example_dags/example_time_delta_sensor_async.py
[2024-03-28T20:05:46.611+0000] {logging_mixin.py:137} INFO - [2024-03-28T20:05:46.611+0000] {dag.py:2690} INFO - Sync 1 DAGs
[2024-03-28T20:05:46.629+0000] {logging_mixin.py:137} INFO - [2024-03-28T20:05:46.629+0000] {dag.py:3437} INFO - Setting next_dagrun for example_time_delta_sensor_async to None, run_after=None
[2024-03-28T20:05:46.672+0000] {processor.py:175} INFO - Processing /usr/local/python/3.10.13/lib/python3.10/site-packages/airflow/example_dags/example_time_delta_sensor_async.py took 0.105 seconds
[2024-03-28T20:06:30.984+0000] {processor.py:153} INFO - Started process (PID=47978) to work on /usr/local/python/3.10.13/lib/python3.10/site-packages/airflow/example_dags/example_time_delta_sensor_async.py
[2024-03-28T20:06:30.984+0000] {processor.py:743} INFO - Processing file /usr/local/python/3.10.13/lib/python3.10/site-packages/airflow/example_dags/example_time_delta_sensor_async.py for tasks to queue
[2024-03-28T20:06:30.985+0000] {logging_mixin.py:137} INFO - [2024-03-28T20:06:30.984+0000] {dagbag.py:538} INFO - Filling up the DagBag from /usr/local/python/3.10.13/lib/python3.10/site-packages/airflow/example_dags/example_time_delta_sensor_async.py
[2024-03-28T20:06:31.000+0000] {processor.py:753} INFO - DAG(s) dict_keys(['example_time_delta_sensor_async']) retrieved from /usr/local/python/3.10.13/lib/python3.10/site-packages/airflow/example_dags/example_time_delta_sensor_async.py
[2024-03-28T20:06:31.015+0000] {logging_mixin.py:137} INFO - [2024-03-28T20:06:31.014+0000] {dag.py:2690} INFO - Sync 1 DAGs
[2024-03-28T20:06:31.029+0000] {logging_mixin.py:137} INFO - [2024-03-28T20:06:31.029+0000] {dag.py:3437} INFO - Setting next_dagrun for example_time_delta_sensor_async to None, run_after=None
[2024-03-28T20:06:31.073+0000] {processor.py:175} INFO - Processing /usr/local/python/3.10.13/lib/python3.10/site-packages/airflow/example_dags/example_time_delta_sensor_async.py took 0.092 seconds
[2024-03-28T20:07:12.996+0000] {processor.py:153} INFO - Started process (PID=48279) to work on /usr/local/python/3.10.13/lib/python3.10/site-packages/airflow/example_dags/example_time_delta_sensor_async.py
[2024-03-28T20:07:12.997+0000] {processor.py:743} INFO - Processing file /usr/local/python/3.10.13/lib/python3.10/site-packages/airflow/example_dags/example_time_delta_sensor_async.py for tasks to queue
[2024-03-28T20:07:12.997+0000] {logging_mixin.py:137} INFO - [2024-03-28T20:07:12.997+0000] {dagbag.py:538} INFO - Filling up the DagBag from /usr/local/python/3.10.13/lib/python3.10/site-packages/airflow/example_dags/example_time_delta_sensor_async.py
[2024-03-28T20:07:13.007+0000] {processor.py:753} INFO - DAG(s) dict_keys(['example_time_delta_sensor_async']) retrieved from /usr/local/python/3.10.13/lib/python3.10/site-packages/airflow/example_dags/example_time_delta_sensor_async.py
[2024-03-28T20:07:13.021+0000] {logging_mixin.py:137} INFO - [2024-03-28T20:07:13.021+0000] {dag.py:2690} INFO - Sync 1 DAGs
[2024-03-28T20:07:13.035+0000] {logging_mixin.py:137} INFO - [2024-03-28T20:07:13.035+0000] {dag.py:3437} INFO - Setting next_dagrun for example_time_delta_sensor_async to None, run_after=None
[2024-03-28T20:07:13.080+0000] {processor.py:175} INFO - Processing /usr/local/python/3.10.13/lib/python3.10/site-packages/airflow/example_dags/example_time_delta_sensor_async.py took 0.086 seconds
[2024-03-28T20:07:58.152+0000] {processor.py:153} INFO - Started process (PID=48663) to work on /usr/local/python/3.10.13/lib/python3.10/site-packages/airflow/example_dags/example_time_delta_sensor_async.py
[2024-03-28T20:07:58.153+0000] {processor.py:743} INFO - Processing file /usr/local/python/3.10.13/lib/python3.10/site-packages/airflow/example_dags/example_time_delta_sensor_async.py for tasks to queue
[2024-03-28T20:07:58.153+0000] {logging_mixin.py:137} INFO - [2024-03-28T20:07:58.153+0000] {dagbag.py:538} INFO - Filling up the DagBag from /usr/local/python/3.10.13/lib/python3.10/site-packages/airflow/example_dags/example_time_delta_sensor_async.py
[2024-03-28T20:07:58.164+0000] {processor.py:753} INFO - DAG(s) dict_keys(['example_time_delta_sensor_async']) retrieved from /usr/local/python/3.10.13/lib/python3.10/site-packages/airflow/example_dags/example_time_delta_sensor_async.py
[2024-03-28T20:07:58.178+0000] {logging_mixin.py:137} INFO - [2024-03-28T20:07:58.178+0000] {dag.py:2690} INFO - Sync 1 DAGs
[2024-03-28T20:07:58.196+0000] {logging_mixin.py:137} INFO - [2024-03-28T20:07:58.195+0000] {dag.py:3437} INFO - Setting next_dagrun for example_time_delta_sensor_async to None, run_after=None
[2024-03-28T20:07:58.332+0000] {processor.py:175} INFO - Processing /usr/local/python/3.10.13/lib/python3.10/site-packages/airflow/example_dags/example_time_delta_sensor_async.py took 0.183 seconds
[2024-03-28T20:08:45.020+0000] {processor.py:153} INFO - Started process (PID=49093) to work on /usr/local/python/3.10.13/lib/python3.10/site-packages/airflow/example_dags/example_time_delta_sensor_async.py
[2024-03-28T20:08:45.020+0000] {processor.py:743} INFO - Processing file /usr/local/python/3.10.13/lib/python3.10/site-packages/airflow/example_dags/example_time_delta_sensor_async.py for tasks to queue
[2024-03-28T20:08:45.021+0000] {logging_mixin.py:137} INFO - [2024-03-28T20:08:45.021+0000] {dagbag.py:538} INFO - Filling up the DagBag from /usr/local/python/3.10.13/lib/python3.10/site-packages/airflow/example_dags/example_time_delta_sensor_async.py
[2024-03-28T20:08:45.033+0000] {processor.py:753} INFO - DAG(s) dict_keys(['example_time_delta_sensor_async']) retrieved from /usr/local/python/3.10.13/lib/python3.10/site-packages/airflow/example_dags/example_time_delta_sensor_async.py
[2024-03-28T20:08:45.046+0000] {logging_mixin.py:137} INFO - [2024-03-28T20:08:45.046+0000] {dag.py:2690} INFO - Sync 1 DAGs
[2024-03-28T20:08:45.160+0000] {logging_mixin.py:137} INFO - [2024-03-28T20:08:45.159+0000] {dag.py:3437} INFO - Setting next_dagrun for example_time_delta_sensor_async to None, run_after=None
[2024-03-28T20:08:45.204+0000] {processor.py:175} INFO - Processing /usr/local/python/3.10.13/lib/python3.10/site-packages/airflow/example_dags/example_time_delta_sensor_async.py took 0.187 seconds
[2024-03-28T20:09:30.642+0000] {processor.py:153} INFO - Started process (PID=49531) to work on /usr/local/python/3.10.13/lib/python3.10/site-packages/airflow/example_dags/example_time_delta_sensor_async.py
[2024-03-28T20:09:30.644+0000] {processor.py:743} INFO - Processing file /usr/local/python/3.10.13/lib/python3.10/site-packages/airflow/example_dags/example_time_delta_sensor_async.py for tasks to queue
[2024-03-28T20:09:30.646+0000] {logging_mixin.py:137} INFO - [2024-03-28T20:09:30.645+0000] {dagbag.py:538} INFO - Filling up the DagBag from /usr/local/python/3.10.13/lib/python3.10/site-packages/airflow/example_dags/example_time_delta_sensor_async.py
[2024-03-28T20:09:30.659+0000] {processor.py:753} INFO - DAG(s) dict_keys(['example_time_delta_sensor_async']) retrieved from /usr/local/python/3.10.13/lib/python3.10/site-packages/airflow/example_dags/example_time_delta_sensor_async.py
[2024-03-28T20:09:30.688+0000] {logging_mixin.py:137} INFO - [2024-03-28T20:09:30.687+0000] {dag.py:2690} INFO - Sync 1 DAGs
[2024-03-28T20:09:30.811+0000] {logging_mixin.py:137} INFO - [2024-03-28T20:09:30.811+0000] {dag.py:3437} INFO - Setting next_dagrun for example_time_delta_sensor_async to None, run_after=None
[2024-03-28T20:09:30.856+0000] {processor.py:175} INFO - Processing /usr/local/python/3.10.13/lib/python3.10/site-packages/airflow/example_dags/example_time_delta_sensor_async.py took 0.217 seconds
[2024-03-28T20:10:15.245+0000] {processor.py:153} INFO - Started process (PID=49926) to work on /usr/local/python/3.10.13/lib/python3.10/site-packages/airflow/example_dags/example_time_delta_sensor_async.py
[2024-03-28T20:10:15.245+0000] {processor.py:743} INFO - Processing file /usr/local/python/3.10.13/lib/python3.10/site-packages/airflow/example_dags/example_time_delta_sensor_async.py for tasks to queue
[2024-03-28T20:10:15.246+0000] {logging_mixin.py:137} INFO - [2024-03-28T20:10:15.246+0000] {dagbag.py:538} INFO - Filling up the DagBag from /usr/local/python/3.10.13/lib/python3.10/site-packages/airflow/example_dags/example_time_delta_sensor_async.py
[2024-03-28T20:10:15.262+0000] {processor.py:753} INFO - DAG(s) dict_keys(['example_time_delta_sensor_async']) retrieved from /usr/local/python/3.10.13/lib/python3.10/site-packages/airflow/example_dags/example_time_delta_sensor_async.py
[2024-03-28T20:10:15.382+0000] {logging_mixin.py:137} INFO - [2024-03-28T20:10:15.382+0000] {dag.py:2690} INFO - Sync 1 DAGs
[2024-03-28T20:10:15.395+0000] {logging_mixin.py:137} INFO - [2024-03-28T20:10:15.395+0000] {dag.py:3437} INFO - Setting next_dagrun for example_time_delta_sensor_async to None, run_after=None
[2024-03-28T20:10:15.440+0000] {processor.py:175} INFO - Processing /usr/local/python/3.10.13/lib/python3.10/site-packages/airflow/example_dags/example_time_delta_sensor_async.py took 0.198 seconds
[2024-03-28T20:10:56.015+0000] {processor.py:153} INFO - Started process (PID=50254) to work on /usr/local/python/3.10.13/lib/python3.10/site-packages/airflow/example_dags/example_time_delta_sensor_async.py
[2024-03-28T20:10:56.016+0000] {processor.py:743} INFO - Processing file /usr/local/python/3.10.13/lib/python3.10/site-packages/airflow/example_dags/example_time_delta_sensor_async.py for tasks to queue
[2024-03-28T20:10:56.016+0000] {logging_mixin.py:137} INFO - [2024-03-28T20:10:56.016+0000] {dagbag.py:538} INFO - Filling up the DagBag from /usr/local/python/3.10.13/lib/python3.10/site-packages/airflow/example_dags/example_time_delta_sensor_async.py
[2024-03-28T20:10:56.129+0000] {processor.py:753} INFO - DAG(s) dict_keys(['example_time_delta_sensor_async']) retrieved from /usr/local/python/3.10.13/lib/python3.10/site-packages/airflow/example_dags/example_time_delta_sensor_async.py
[2024-03-28T20:10:56.141+0000] {logging_mixin.py:137} INFO - [2024-03-28T20:10:56.140+0000] {dag.py:2690} INFO - Sync 1 DAGs
[2024-03-28T20:10:56.155+0000] {logging_mixin.py:137} INFO - [2024-03-28T20:10:56.155+0000] {dag.py:3437} INFO - Setting next_dagrun for example_time_delta_sensor_async to None, run_after=None
[2024-03-28T20:10:56.197+0000] {processor.py:175} INFO - Processing /usr/local/python/3.10.13/lib/python3.10/site-packages/airflow/example_dags/example_time_delta_sensor_async.py took 0.185 seconds
