[2024-03-28T20:00:11.928+0000] {processor.py:153} INFO - Started process (PID=44684) to work on /usr/local/python/3.10.13/lib/python3.10/site-packages/airflow/example_dags/example_complex.py
[2024-03-28T20:00:11.929+0000] {processor.py:743} INFO - Processing file /usr/local/python/3.10.13/lib/python3.10/site-packages/airflow/example_dags/example_complex.py for tasks to queue
[2024-03-28T20:00:11.929+0000] {logging_mixin.py:137} INFO - [2024-03-28T20:00:11.929+0000] {dagbag.py:538} INFO - Filling up the DagBag from /usr/local/python/3.10.13/lib/python3.10/site-packages/airflow/example_dags/example_complex.py
[2024-03-28T20:00:11.938+0000] {logging_mixin.py:137} INFO - [2024-03-28T20:00:11.938+0000] {taskmixin.py:205} WARNING - Dependency <Task(BashOperator): create_entry_group>, delete_entry_group already registered for DAG: example_complex
[2024-03-28T20:00:11.938+0000] {logging_mixin.py:137} INFO - [2024-03-28T20:00:11.938+0000] {taskmixin.py:205} WARNING - Dependency <Task(BashOperator): delete_entry_group>, create_entry_group already registered for DAG: example_complex
[2024-03-28T20:00:11.938+0000] {logging_mixin.py:137} INFO - [2024-03-28T20:00:11.938+0000] {taskmixin.py:205} WARNING - Dependency <Task(BashOperator): create_entry_gcs>, delete_entry already registered for DAG: example_complex
[2024-03-28T20:00:11.939+0000] {logging_mixin.py:137} INFO - [2024-03-28T20:00:11.939+0000] {taskmixin.py:205} WARNING - Dependency <Task(BashOperator): delete_entry>, create_entry_gcs already registered for DAG: example_complex
[2024-03-28T20:00:11.939+0000] {logging_mixin.py:137} INFO - [2024-03-28T20:00:11.939+0000] {taskmixin.py:205} WARNING - Dependency <Task(BashOperator): create_tag>, delete_tag already registered for DAG: example_complex
[2024-03-28T20:00:11.939+0000] {logging_mixin.py:137} INFO - [2024-03-28T20:00:11.939+0000] {taskmixin.py:205} WARNING - Dependency <Task(BashOperator): delete_tag>, create_tag already registered for DAG: example_complex
[2024-03-28T20:00:11.946+0000] {processor.py:753} INFO - DAG(s) dict_keys(['example_complex']) retrieved from /usr/local/python/3.10.13/lib/python3.10/site-packages/airflow/example_dags/example_complex.py
[2024-03-28T20:00:12.096+0000] {logging_mixin.py:137} INFO - [2024-03-28T20:00:12.096+0000] {manager.py:504} INFO - Created Permission View: can read on DAG:example_complex
[2024-03-28T20:00:12.130+0000] {logging_mixin.py:137} INFO - [2024-03-28T20:00:12.130+0000] {manager.py:504} INFO - Created Permission View: can delete on DAG:example_complex
[2024-03-28T20:00:12.166+0000] {logging_mixin.py:137} INFO - [2024-03-28T20:00:12.166+0000] {manager.py:504} INFO - Created Permission View: can edit on DAG:example_complex
[2024-03-28T20:00:12.166+0000] {logging_mixin.py:137} INFO - [2024-03-28T20:00:12.166+0000] {dag.py:2690} INFO - Sync 1 DAGs
[2024-03-28T20:00:12.174+0000] {logging_mixin.py:137} INFO - [2024-03-28T20:00:12.174+0000] {dag.py:2711} INFO - Creating ORM DAG for example_complex
[2024-03-28T20:00:12.182+0000] {logging_mixin.py:137} INFO - [2024-03-28T20:00:12.181+0000] {dag.py:3437} INFO - Setting next_dagrun for example_complex to None, run_after=None
[2024-03-28T20:00:12.236+0000] {processor.py:175} INFO - Processing /usr/local/python/3.10.13/lib/python3.10/site-packages/airflow/example_dags/example_complex.py took 0.310 seconds
[2024-03-28T20:00:56.550+0000] {processor.py:153} INFO - Started process (PID=44981) to work on /usr/local/python/3.10.13/lib/python3.10/site-packages/airflow/example_dags/example_complex.py
[2024-03-28T20:00:56.551+0000] {processor.py:743} INFO - Processing file /usr/local/python/3.10.13/lib/python3.10/site-packages/airflow/example_dags/example_complex.py for tasks to queue
[2024-03-28T20:00:56.551+0000] {logging_mixin.py:137} INFO - [2024-03-28T20:00:56.551+0000] {dagbag.py:538} INFO - Filling up the DagBag from /usr/local/python/3.10.13/lib/python3.10/site-packages/airflow/example_dags/example_complex.py
[2024-03-28T20:00:56.562+0000] {logging_mixin.py:137} INFO - [2024-03-28T20:00:56.562+0000] {taskmixin.py:205} WARNING - Dependency <Task(BashOperator): create_entry_group>, delete_entry_group already registered for DAG: example_complex
[2024-03-28T20:00:56.562+0000] {logging_mixin.py:137} INFO - [2024-03-28T20:00:56.562+0000] {taskmixin.py:205} WARNING - Dependency <Task(BashOperator): delete_entry_group>, create_entry_group already registered for DAG: example_complex
[2024-03-28T20:00:56.563+0000] {logging_mixin.py:137} INFO - [2024-03-28T20:00:56.563+0000] {taskmixin.py:205} WARNING - Dependency <Task(BashOperator): create_entry_gcs>, delete_entry already registered for DAG: example_complex
[2024-03-28T20:00:56.563+0000] {logging_mixin.py:137} INFO - [2024-03-28T20:00:56.563+0000] {taskmixin.py:205} WARNING - Dependency <Task(BashOperator): delete_entry>, create_entry_gcs already registered for DAG: example_complex
[2024-03-28T20:00:56.563+0000] {logging_mixin.py:137} INFO - [2024-03-28T20:00:56.563+0000] {taskmixin.py:205} WARNING - Dependency <Task(BashOperator): create_tag>, delete_tag already registered for DAG: example_complex
[2024-03-28T20:00:56.564+0000] {logging_mixin.py:137} INFO - [2024-03-28T20:00:56.563+0000] {taskmixin.py:205} WARNING - Dependency <Task(BashOperator): delete_tag>, create_tag already registered for DAG: example_complex
[2024-03-28T20:00:56.572+0000] {processor.py:753} INFO - DAG(s) dict_keys(['example_complex']) retrieved from /usr/local/python/3.10.13/lib/python3.10/site-packages/airflow/example_dags/example_complex.py
[2024-03-28T20:00:56.602+0000] {logging_mixin.py:137} INFO - [2024-03-28T20:00:56.602+0000] {dag.py:2690} INFO - Sync 1 DAGs
[2024-03-28T20:00:56.625+0000] {logging_mixin.py:137} INFO - [2024-03-28T20:00:56.625+0000] {dag.py:3437} INFO - Setting next_dagrun for example_complex to None, run_after=None
[2024-03-28T20:00:56.670+0000] {processor.py:175} INFO - Processing /usr/local/python/3.10.13/lib/python3.10/site-packages/airflow/example_dags/example_complex.py took 0.122 seconds
[2024-03-28T20:01:36.147+0000] {processor.py:153} INFO - Started process (PID=45259) to work on /usr/local/python/3.10.13/lib/python3.10/site-packages/airflow/example_dags/example_complex.py
[2024-03-28T20:01:36.148+0000] {processor.py:743} INFO - Processing file /usr/local/python/3.10.13/lib/python3.10/site-packages/airflow/example_dags/example_complex.py for tasks to queue
[2024-03-28T20:01:36.149+0000] {logging_mixin.py:137} INFO - [2024-03-28T20:01:36.148+0000] {dagbag.py:538} INFO - Filling up the DagBag from /usr/local/python/3.10.13/lib/python3.10/site-packages/airflow/example_dags/example_complex.py
[2024-03-28T20:01:36.157+0000] {logging_mixin.py:137} INFO - [2024-03-28T20:01:36.157+0000] {taskmixin.py:205} WARNING - Dependency <Task(BashOperator): create_entry_group>, delete_entry_group already registered for DAG: example_complex
[2024-03-28T20:01:36.158+0000] {logging_mixin.py:137} INFO - [2024-03-28T20:01:36.157+0000] {taskmixin.py:205} WARNING - Dependency <Task(BashOperator): delete_entry_group>, create_entry_group already registered for DAG: example_complex
[2024-03-28T20:01:36.158+0000] {logging_mixin.py:137} INFO - [2024-03-28T20:01:36.158+0000] {taskmixin.py:205} WARNING - Dependency <Task(BashOperator): create_entry_gcs>, delete_entry already registered for DAG: example_complex
[2024-03-28T20:01:36.158+0000] {logging_mixin.py:137} INFO - [2024-03-28T20:01:36.158+0000] {taskmixin.py:205} WARNING - Dependency <Task(BashOperator): delete_entry>, create_entry_gcs already registered for DAG: example_complex
[2024-03-28T20:01:36.158+0000] {logging_mixin.py:137} INFO - [2024-03-28T20:01:36.158+0000] {taskmixin.py:205} WARNING - Dependency <Task(BashOperator): create_tag>, delete_tag already registered for DAG: example_complex
[2024-03-28T20:01:36.158+0000] {logging_mixin.py:137} INFO - [2024-03-28T20:01:36.158+0000] {taskmixin.py:205} WARNING - Dependency <Task(BashOperator): delete_tag>, create_tag already registered for DAG: example_complex
[2024-03-28T20:01:36.166+0000] {processor.py:753} INFO - DAG(s) dict_keys(['example_complex']) retrieved from /usr/local/python/3.10.13/lib/python3.10/site-packages/airflow/example_dags/example_complex.py
[2024-03-28T20:01:36.188+0000] {logging_mixin.py:137} INFO - [2024-03-28T20:01:36.188+0000] {dag.py:2690} INFO - Sync 1 DAGs
[2024-03-28T20:01:36.202+0000] {logging_mixin.py:137} INFO - [2024-03-28T20:01:36.202+0000] {dag.py:3437} INFO - Setting next_dagrun for example_complex to None, run_after=None
[2024-03-28T20:01:36.246+0000] {processor.py:175} INFO - Processing /usr/local/python/3.10.13/lib/python3.10/site-packages/airflow/example_dags/example_complex.py took 0.100 seconds
[2024-03-28T20:02:18.084+0000] {processor.py:153} INFO - Started process (PID=45547) to work on /usr/local/python/3.10.13/lib/python3.10/site-packages/airflow/example_dags/example_complex.py
[2024-03-28T20:02:18.085+0000] {processor.py:743} INFO - Processing file /usr/local/python/3.10.13/lib/python3.10/site-packages/airflow/example_dags/example_complex.py for tasks to queue
[2024-03-28T20:02:18.087+0000] {logging_mixin.py:137} INFO - [2024-03-28T20:02:18.087+0000] {dagbag.py:538} INFO - Filling up the DagBag from /usr/local/python/3.10.13/lib/python3.10/site-packages/airflow/example_dags/example_complex.py
[2024-03-28T20:02:18.096+0000] {logging_mixin.py:137} INFO - [2024-03-28T20:02:18.096+0000] {taskmixin.py:205} WARNING - Dependency <Task(BashOperator): create_entry_group>, delete_entry_group already registered for DAG: example_complex
[2024-03-28T20:02:18.096+0000] {logging_mixin.py:137} INFO - [2024-03-28T20:02:18.096+0000] {taskmixin.py:205} WARNING - Dependency <Task(BashOperator): delete_entry_group>, create_entry_group already registered for DAG: example_complex
[2024-03-28T20:02:18.097+0000] {logging_mixin.py:137} INFO - [2024-03-28T20:02:18.097+0000] {taskmixin.py:205} WARNING - Dependency <Task(BashOperator): create_entry_gcs>, delete_entry already registered for DAG: example_complex
[2024-03-28T20:02:18.097+0000] {logging_mixin.py:137} INFO - [2024-03-28T20:02:18.097+0000] {taskmixin.py:205} WARNING - Dependency <Task(BashOperator): delete_entry>, create_entry_gcs already registered for DAG: example_complex
[2024-03-28T20:02:18.097+0000] {logging_mixin.py:137} INFO - [2024-03-28T20:02:18.097+0000] {taskmixin.py:205} WARNING - Dependency <Task(BashOperator): create_tag>, delete_tag already registered for DAG: example_complex
[2024-03-28T20:02:18.097+0000] {logging_mixin.py:137} INFO - [2024-03-28T20:02:18.097+0000] {taskmixin.py:205} WARNING - Dependency <Task(BashOperator): delete_tag>, create_tag already registered for DAG: example_complex
[2024-03-28T20:02:18.104+0000] {processor.py:753} INFO - DAG(s) dict_keys(['example_complex']) retrieved from /usr/local/python/3.10.13/lib/python3.10/site-packages/airflow/example_dags/example_complex.py
[2024-03-28T20:02:18.123+0000] {logging_mixin.py:137} INFO - [2024-03-28T20:02:18.122+0000] {dag.py:2690} INFO - Sync 1 DAGs
[2024-03-28T20:02:18.140+0000] {logging_mixin.py:137} INFO - [2024-03-28T20:02:18.140+0000] {dag.py:3437} INFO - Setting next_dagrun for example_complex to None, run_after=None
[2024-03-28T20:02:18.185+0000] {processor.py:175} INFO - Processing /usr/local/python/3.10.13/lib/python3.10/site-packages/airflow/example_dags/example_complex.py took 0.103 seconds
[2024-03-28T20:02:58.557+0000] {processor.py:153} INFO - Started process (PID=45922) to work on /usr/local/python/3.10.13/lib/python3.10/site-packages/airflow/example_dags/example_complex.py
[2024-03-28T20:02:58.557+0000] {processor.py:743} INFO - Processing file /usr/local/python/3.10.13/lib/python3.10/site-packages/airflow/example_dags/example_complex.py for tasks to queue
[2024-03-28T20:02:58.558+0000] {logging_mixin.py:137} INFO - [2024-03-28T20:02:58.558+0000] {dagbag.py:538} INFO - Filling up the DagBag from /usr/local/python/3.10.13/lib/python3.10/site-packages/airflow/example_dags/example_complex.py
[2024-03-28T20:02:58.567+0000] {logging_mixin.py:137} INFO - [2024-03-28T20:02:58.567+0000] {taskmixin.py:205} WARNING - Dependency <Task(BashOperator): create_entry_group>, delete_entry_group already registered for DAG: example_complex
[2024-03-28T20:02:58.567+0000] {logging_mixin.py:137} INFO - [2024-03-28T20:02:58.567+0000] {taskmixin.py:205} WARNING - Dependency <Task(BashOperator): delete_entry_group>, create_entry_group already registered for DAG: example_complex
[2024-03-28T20:02:58.567+0000] {logging_mixin.py:137} INFO - [2024-03-28T20:02:58.567+0000] {taskmixin.py:205} WARNING - Dependency <Task(BashOperator): create_entry_gcs>, delete_entry already registered for DAG: example_complex
[2024-03-28T20:02:58.567+0000] {logging_mixin.py:137} INFO - [2024-03-28T20:02:58.567+0000] {taskmixin.py:205} WARNING - Dependency <Task(BashOperator): delete_entry>, create_entry_gcs already registered for DAG: example_complex
[2024-03-28T20:02:58.568+0000] {logging_mixin.py:137} INFO - [2024-03-28T20:02:58.568+0000] {taskmixin.py:205} WARNING - Dependency <Task(BashOperator): create_tag>, delete_tag already registered for DAG: example_complex
[2024-03-28T20:02:58.568+0000] {logging_mixin.py:137} INFO - [2024-03-28T20:02:58.568+0000] {taskmixin.py:205} WARNING - Dependency <Task(BashOperator): delete_tag>, create_tag already registered for DAG: example_complex
[2024-03-28T20:02:58.574+0000] {processor.py:753} INFO - DAG(s) dict_keys(['example_complex']) retrieved from /usr/local/python/3.10.13/lib/python3.10/site-packages/airflow/example_dags/example_complex.py
[2024-03-28T20:02:58.592+0000] {logging_mixin.py:137} INFO - [2024-03-28T20:02:58.592+0000] {dag.py:2690} INFO - Sync 1 DAGs
[2024-03-28T20:02:58.606+0000] {logging_mixin.py:137} INFO - [2024-03-28T20:02:58.606+0000] {dag.py:3437} INFO - Setting next_dagrun for example_complex to None, run_after=None
[2024-03-28T20:02:58.654+0000] {processor.py:175} INFO - Processing /usr/local/python/3.10.13/lib/python3.10/site-packages/airflow/example_dags/example_complex.py took 0.099 seconds
[2024-03-28T20:03:37.488+0000] {processor.py:153} INFO - Started process (PID=46220) to work on /usr/local/python/3.10.13/lib/python3.10/site-packages/airflow/example_dags/example_complex.py
[2024-03-28T20:03:37.488+0000] {processor.py:743} INFO - Processing file /usr/local/python/3.10.13/lib/python3.10/site-packages/airflow/example_dags/example_complex.py for tasks to queue
[2024-03-28T20:03:37.489+0000] {logging_mixin.py:137} INFO - [2024-03-28T20:03:37.489+0000] {dagbag.py:538} INFO - Filling up the DagBag from /usr/local/python/3.10.13/lib/python3.10/site-packages/airflow/example_dags/example_complex.py
[2024-03-28T20:03:37.498+0000] {logging_mixin.py:137} INFO - [2024-03-28T20:03:37.498+0000] {taskmixin.py:205} WARNING - Dependency <Task(BashOperator): create_entry_group>, delete_entry_group already registered for DAG: example_complex
[2024-03-28T20:03:37.499+0000] {logging_mixin.py:137} INFO - [2024-03-28T20:03:37.498+0000] {taskmixin.py:205} WARNING - Dependency <Task(BashOperator): delete_entry_group>, create_entry_group already registered for DAG: example_complex
[2024-03-28T20:03:37.499+0000] {logging_mixin.py:137} INFO - [2024-03-28T20:03:37.499+0000] {taskmixin.py:205} WARNING - Dependency <Task(BashOperator): create_entry_gcs>, delete_entry already registered for DAG: example_complex
[2024-03-28T20:03:37.499+0000] {logging_mixin.py:137} INFO - [2024-03-28T20:03:37.499+0000] {taskmixin.py:205} WARNING - Dependency <Task(BashOperator): delete_entry>, create_entry_gcs already registered for DAG: example_complex
[2024-03-28T20:03:37.499+0000] {logging_mixin.py:137} INFO - [2024-03-28T20:03:37.499+0000] {taskmixin.py:205} WARNING - Dependency <Task(BashOperator): create_tag>, delete_tag already registered for DAG: example_complex
[2024-03-28T20:03:37.499+0000] {logging_mixin.py:137} INFO - [2024-03-28T20:03:37.499+0000] {taskmixin.py:205} WARNING - Dependency <Task(BashOperator): delete_tag>, create_tag already registered for DAG: example_complex
[2024-03-28T20:03:37.506+0000] {processor.py:753} INFO - DAG(s) dict_keys(['example_complex']) retrieved from /usr/local/python/3.10.13/lib/python3.10/site-packages/airflow/example_dags/example_complex.py
[2024-03-28T20:03:37.534+0000] {logging_mixin.py:137} INFO - [2024-03-28T20:03:37.534+0000] {dag.py:2690} INFO - Sync 1 DAGs
[2024-03-28T20:03:37.550+0000] {logging_mixin.py:137} INFO - [2024-03-28T20:03:37.550+0000] {dag.py:3437} INFO - Setting next_dagrun for example_complex to None, run_after=None
[2024-03-28T20:03:37.596+0000] {processor.py:175} INFO - Processing /usr/local/python/3.10.13/lib/python3.10/site-packages/airflow/example_dags/example_complex.py took 0.110 seconds
[2024-03-28T20:04:19.244+0000] {processor.py:153} INFO - Started process (PID=46657) to work on /usr/local/python/3.10.13/lib/python3.10/site-packages/airflow/example_dags/example_complex.py
[2024-03-28T20:04:19.245+0000] {processor.py:743} INFO - Processing file /usr/local/python/3.10.13/lib/python3.10/site-packages/airflow/example_dags/example_complex.py for tasks to queue
[2024-03-28T20:04:19.245+0000] {logging_mixin.py:137} INFO - [2024-03-28T20:04:19.245+0000] {dagbag.py:538} INFO - Filling up the DagBag from /usr/local/python/3.10.13/lib/python3.10/site-packages/airflow/example_dags/example_complex.py
[2024-03-28T20:04:19.254+0000] {logging_mixin.py:137} INFO - [2024-03-28T20:04:19.254+0000] {taskmixin.py:205} WARNING - Dependency <Task(BashOperator): create_entry_group>, delete_entry_group already registered for DAG: example_complex
[2024-03-28T20:04:19.255+0000] {logging_mixin.py:137} INFO - [2024-03-28T20:04:19.254+0000] {taskmixin.py:205} WARNING - Dependency <Task(BashOperator): delete_entry_group>, create_entry_group already registered for DAG: example_complex
[2024-03-28T20:04:19.255+0000] {logging_mixin.py:137} INFO - [2024-03-28T20:04:19.255+0000] {taskmixin.py:205} WARNING - Dependency <Task(BashOperator): create_entry_gcs>, delete_entry already registered for DAG: example_complex
[2024-03-28T20:04:19.255+0000] {logging_mixin.py:137} INFO - [2024-03-28T20:04:19.255+0000] {taskmixin.py:205} WARNING - Dependency <Task(BashOperator): delete_entry>, create_entry_gcs already registered for DAG: example_complex
[2024-03-28T20:04:19.255+0000] {logging_mixin.py:137} INFO - [2024-03-28T20:04:19.255+0000] {taskmixin.py:205} WARNING - Dependency <Task(BashOperator): create_tag>, delete_tag already registered for DAG: example_complex
[2024-03-28T20:04:19.255+0000] {logging_mixin.py:137} INFO - [2024-03-28T20:04:19.255+0000] {taskmixin.py:205} WARNING - Dependency <Task(BashOperator): delete_tag>, create_tag already registered for DAG: example_complex
[2024-03-28T20:04:19.262+0000] {processor.py:753} INFO - DAG(s) dict_keys(['example_complex']) retrieved from /usr/local/python/3.10.13/lib/python3.10/site-packages/airflow/example_dags/example_complex.py
[2024-03-28T20:04:19.280+0000] {logging_mixin.py:137} INFO - [2024-03-28T20:04:19.280+0000] {dag.py:2690} INFO - Sync 1 DAGs
[2024-03-28T20:04:19.295+0000] {logging_mixin.py:137} INFO - [2024-03-28T20:04:19.295+0000] {dag.py:3437} INFO - Setting next_dagrun for example_complex to None, run_after=None
[2024-03-28T20:04:19.339+0000] {processor.py:175} INFO - Processing /usr/local/python/3.10.13/lib/python3.10/site-packages/airflow/example_dags/example_complex.py took 0.097 seconds
[2024-03-28T20:04:57.009+0000] {processor.py:153} INFO - Started process (PID=47021) to work on /usr/local/python/3.10.13/lib/python3.10/site-packages/airflow/example_dags/example_complex.py
[2024-03-28T20:04:57.009+0000] {processor.py:743} INFO - Processing file /usr/local/python/3.10.13/lib/python3.10/site-packages/airflow/example_dags/example_complex.py for tasks to queue
[2024-03-28T20:04:57.010+0000] {logging_mixin.py:137} INFO - [2024-03-28T20:04:57.010+0000] {dagbag.py:538} INFO - Filling up the DagBag from /usr/local/python/3.10.13/lib/python3.10/site-packages/airflow/example_dags/example_complex.py
[2024-03-28T20:04:57.021+0000] {logging_mixin.py:137} INFO - [2024-03-28T20:04:57.021+0000] {taskmixin.py:205} WARNING - Dependency <Task(BashOperator): create_entry_group>, delete_entry_group already registered for DAG: example_complex
[2024-03-28T20:04:57.021+0000] {logging_mixin.py:137} INFO - [2024-03-28T20:04:57.021+0000] {taskmixin.py:205} WARNING - Dependency <Task(BashOperator): delete_entry_group>, create_entry_group already registered for DAG: example_complex
[2024-03-28T20:04:57.021+0000] {logging_mixin.py:137} INFO - [2024-03-28T20:04:57.021+0000] {taskmixin.py:205} WARNING - Dependency <Task(BashOperator): create_entry_gcs>, delete_entry already registered for DAG: example_complex
[2024-03-28T20:04:57.022+0000] {logging_mixin.py:137} INFO - [2024-03-28T20:04:57.021+0000] {taskmixin.py:205} WARNING - Dependency <Task(BashOperator): delete_entry>, create_entry_gcs already registered for DAG: example_complex
[2024-03-28T20:04:57.022+0000] {logging_mixin.py:137} INFO - [2024-03-28T20:04:57.022+0000] {taskmixin.py:205} WARNING - Dependency <Task(BashOperator): create_tag>, delete_tag already registered for DAG: example_complex
[2024-03-28T20:04:57.022+0000] {logging_mixin.py:137} INFO - [2024-03-28T20:04:57.022+0000] {taskmixin.py:205} WARNING - Dependency <Task(BashOperator): delete_tag>, create_tag already registered for DAG: example_complex
[2024-03-28T20:04:57.029+0000] {processor.py:753} INFO - DAG(s) dict_keys(['example_complex']) retrieved from /usr/local/python/3.10.13/lib/python3.10/site-packages/airflow/example_dags/example_complex.py
[2024-03-28T20:04:57.048+0000] {logging_mixin.py:137} INFO - [2024-03-28T20:04:57.048+0000] {dag.py:2690} INFO - Sync 1 DAGs
[2024-03-28T20:04:57.064+0000] {logging_mixin.py:137} INFO - [2024-03-28T20:04:57.063+0000] {dag.py:3437} INFO - Setting next_dagrun for example_complex to None, run_after=None
[2024-03-28T20:04:57.107+0000] {processor.py:175} INFO - Processing /usr/local/python/3.10.13/lib/python3.10/site-packages/airflow/example_dags/example_complex.py took 0.101 seconds
[2024-03-28T20:05:37.957+0000] {processor.py:153} INFO - Started process (PID=47441) to work on /usr/local/python/3.10.13/lib/python3.10/site-packages/airflow/example_dags/example_complex.py
[2024-03-28T20:05:37.958+0000] {processor.py:743} INFO - Processing file /usr/local/python/3.10.13/lib/python3.10/site-packages/airflow/example_dags/example_complex.py for tasks to queue
[2024-03-28T20:05:37.958+0000] {logging_mixin.py:137} INFO - [2024-03-28T20:05:37.958+0000] {dagbag.py:538} INFO - Filling up the DagBag from /usr/local/python/3.10.13/lib/python3.10/site-packages/airflow/example_dags/example_complex.py
[2024-03-28T20:05:37.967+0000] {logging_mixin.py:137} INFO - [2024-03-28T20:05:37.967+0000] {taskmixin.py:205} WARNING - Dependency <Task(BashOperator): create_entry_group>, delete_entry_group already registered for DAG: example_complex
[2024-03-28T20:05:37.968+0000] {logging_mixin.py:137} INFO - [2024-03-28T20:05:37.967+0000] {taskmixin.py:205} WARNING - Dependency <Task(BashOperator): delete_entry_group>, create_entry_group already registered for DAG: example_complex
[2024-03-28T20:05:37.968+0000] {logging_mixin.py:137} INFO - [2024-03-28T20:05:37.968+0000] {taskmixin.py:205} WARNING - Dependency <Task(BashOperator): create_entry_gcs>, delete_entry already registered for DAG: example_complex
[2024-03-28T20:05:37.968+0000] {logging_mixin.py:137} INFO - [2024-03-28T20:05:37.968+0000] {taskmixin.py:205} WARNING - Dependency <Task(BashOperator): delete_entry>, create_entry_gcs already registered for DAG: example_complex
[2024-03-28T20:05:37.968+0000] {logging_mixin.py:137} INFO - [2024-03-28T20:05:37.968+0000] {taskmixin.py:205} WARNING - Dependency <Task(BashOperator): create_tag>, delete_tag already registered for DAG: example_complex
[2024-03-28T20:05:37.968+0000] {logging_mixin.py:137} INFO - [2024-03-28T20:05:37.968+0000] {taskmixin.py:205} WARNING - Dependency <Task(BashOperator): delete_tag>, create_tag already registered for DAG: example_complex
[2024-03-28T20:05:37.975+0000] {processor.py:753} INFO - DAG(s) dict_keys(['example_complex']) retrieved from /usr/local/python/3.10.13/lib/python3.10/site-packages/airflow/example_dags/example_complex.py
[2024-03-28T20:05:37.995+0000] {logging_mixin.py:137} INFO - [2024-03-28T20:05:37.995+0000] {dag.py:2690} INFO - Sync 1 DAGs
[2024-03-28T20:05:38.010+0000] {logging_mixin.py:137} INFO - [2024-03-28T20:05:38.010+0000] {dag.py:3437} INFO - Setting next_dagrun for example_complex to None, run_after=None
[2024-03-28T20:05:38.054+0000] {processor.py:175} INFO - Processing /usr/local/python/3.10.13/lib/python3.10/site-packages/airflow/example_dags/example_complex.py took 0.099 seconds
[2024-03-28T20:06:20.901+0000] {processor.py:153} INFO - Started process (PID=47902) to work on /usr/local/python/3.10.13/lib/python3.10/site-packages/airflow/example_dags/example_complex.py
[2024-03-28T20:06:20.902+0000] {processor.py:743} INFO - Processing file /usr/local/python/3.10.13/lib/python3.10/site-packages/airflow/example_dags/example_complex.py for tasks to queue
[2024-03-28T20:06:20.902+0000] {logging_mixin.py:137} INFO - [2024-03-28T20:06:20.902+0000] {dagbag.py:538} INFO - Filling up the DagBag from /usr/local/python/3.10.13/lib/python3.10/site-packages/airflow/example_dags/example_complex.py
[2024-03-28T20:06:20.913+0000] {logging_mixin.py:137} INFO - [2024-03-28T20:06:20.913+0000] {taskmixin.py:205} WARNING - Dependency <Task(BashOperator): create_entry_group>, delete_entry_group already registered for DAG: example_complex
[2024-03-28T20:06:20.913+0000] {logging_mixin.py:137} INFO - [2024-03-28T20:06:20.913+0000] {taskmixin.py:205} WARNING - Dependency <Task(BashOperator): delete_entry_group>, create_entry_group already registered for DAG: example_complex
[2024-03-28T20:06:20.913+0000] {logging_mixin.py:137} INFO - [2024-03-28T20:06:20.913+0000] {taskmixin.py:205} WARNING - Dependency <Task(BashOperator): create_entry_gcs>, delete_entry already registered for DAG: example_complex
[2024-03-28T20:06:20.913+0000] {logging_mixin.py:137} INFO - [2024-03-28T20:06:20.913+0000] {taskmixin.py:205} WARNING - Dependency <Task(BashOperator): delete_entry>, create_entry_gcs already registered for DAG: example_complex
[2024-03-28T20:06:20.914+0000] {logging_mixin.py:137} INFO - [2024-03-28T20:06:20.914+0000] {taskmixin.py:205} WARNING - Dependency <Task(BashOperator): create_tag>, delete_tag already registered for DAG: example_complex
[2024-03-28T20:06:20.914+0000] {logging_mixin.py:137} INFO - [2024-03-28T20:06:20.914+0000] {taskmixin.py:205} WARNING - Dependency <Task(BashOperator): delete_tag>, create_tag already registered for DAG: example_complex
[2024-03-28T20:06:20.920+0000] {processor.py:753} INFO - DAG(s) dict_keys(['example_complex']) retrieved from /usr/local/python/3.10.13/lib/python3.10/site-packages/airflow/example_dags/example_complex.py
[2024-03-28T20:06:20.940+0000] {logging_mixin.py:137} INFO - [2024-03-28T20:06:20.940+0000] {dag.py:2690} INFO - Sync 1 DAGs
[2024-03-28T20:06:20.956+0000] {logging_mixin.py:137} INFO - [2024-03-28T20:06:20.956+0000] {dag.py:3437} INFO - Setting next_dagrun for example_complex to None, run_after=None
[2024-03-28T20:06:20.996+0000] {processor.py:175} INFO - Processing /usr/local/python/3.10.13/lib/python3.10/site-packages/airflow/example_dags/example_complex.py took 0.097 seconds
[2024-03-28T20:07:03.877+0000] {processor.py:153} INFO - Started process (PID=48205) to work on /usr/local/python/3.10.13/lib/python3.10/site-packages/airflow/example_dags/example_complex.py
[2024-03-28T20:07:03.877+0000] {processor.py:743} INFO - Processing file /usr/local/python/3.10.13/lib/python3.10/site-packages/airflow/example_dags/example_complex.py for tasks to queue
[2024-03-28T20:07:03.878+0000] {logging_mixin.py:137} INFO - [2024-03-28T20:07:03.878+0000] {dagbag.py:538} INFO - Filling up the DagBag from /usr/local/python/3.10.13/lib/python3.10/site-packages/airflow/example_dags/example_complex.py
[2024-03-28T20:07:03.887+0000] {logging_mixin.py:137} INFO - [2024-03-28T20:07:03.887+0000] {taskmixin.py:205} WARNING - Dependency <Task(BashOperator): create_entry_group>, delete_entry_group already registered for DAG: example_complex
[2024-03-28T20:07:03.887+0000] {logging_mixin.py:137} INFO - [2024-03-28T20:07:03.887+0000] {taskmixin.py:205} WARNING - Dependency <Task(BashOperator): delete_entry_group>, create_entry_group already registered for DAG: example_complex
[2024-03-28T20:07:03.887+0000] {logging_mixin.py:137} INFO - [2024-03-28T20:07:03.887+0000] {taskmixin.py:205} WARNING - Dependency <Task(BashOperator): create_entry_gcs>, delete_entry already registered for DAG: example_complex
[2024-03-28T20:07:03.888+0000] {logging_mixin.py:137} INFO - [2024-03-28T20:07:03.888+0000] {taskmixin.py:205} WARNING - Dependency <Task(BashOperator): delete_entry>, create_entry_gcs already registered for DAG: example_complex
[2024-03-28T20:07:03.888+0000] {logging_mixin.py:137} INFO - [2024-03-28T20:07:03.888+0000] {taskmixin.py:205} WARNING - Dependency <Task(BashOperator): create_tag>, delete_tag already registered for DAG: example_complex
[2024-03-28T20:07:03.888+0000] {logging_mixin.py:137} INFO - [2024-03-28T20:07:03.888+0000] {taskmixin.py:205} WARNING - Dependency <Task(BashOperator): delete_tag>, create_tag already registered for DAG: example_complex
[2024-03-28T20:07:03.895+0000] {processor.py:753} INFO - DAG(s) dict_keys(['example_complex']) retrieved from /usr/local/python/3.10.13/lib/python3.10/site-packages/airflow/example_dags/example_complex.py
[2024-03-28T20:07:03.913+0000] {logging_mixin.py:137} INFO - [2024-03-28T20:07:03.913+0000] {dag.py:2690} INFO - Sync 1 DAGs
[2024-03-28T20:07:03.929+0000] {logging_mixin.py:137} INFO - [2024-03-28T20:07:03.929+0000] {dag.py:3437} INFO - Setting next_dagrun for example_complex to None, run_after=None
[2024-03-28T20:07:04.077+0000] {processor.py:175} INFO - Processing /usr/local/python/3.10.13/lib/python3.10/site-packages/airflow/example_dags/example_complex.py took 0.202 seconds
[2024-03-28T20:07:46.678+0000] {processor.py:153} INFO - Started process (PID=48558) to work on /usr/local/python/3.10.13/lib/python3.10/site-packages/airflow/example_dags/example_complex.py
[2024-03-28T20:07:46.678+0000] {processor.py:743} INFO - Processing file /usr/local/python/3.10.13/lib/python3.10/site-packages/airflow/example_dags/example_complex.py for tasks to queue
[2024-03-28T20:07:46.679+0000] {logging_mixin.py:137} INFO - [2024-03-28T20:07:46.679+0000] {dagbag.py:538} INFO - Filling up the DagBag from /usr/local/python/3.10.13/lib/python3.10/site-packages/airflow/example_dags/example_complex.py
[2024-03-28T20:07:46.690+0000] {logging_mixin.py:137} INFO - [2024-03-28T20:07:46.690+0000] {taskmixin.py:205} WARNING - Dependency <Task(BashOperator): create_entry_group>, delete_entry_group already registered for DAG: example_complex
[2024-03-28T20:07:46.690+0000] {logging_mixin.py:137} INFO - [2024-03-28T20:07:46.690+0000] {taskmixin.py:205} WARNING - Dependency <Task(BashOperator): delete_entry_group>, create_entry_group already registered for DAG: example_complex
[2024-03-28T20:07:46.690+0000] {logging_mixin.py:137} INFO - [2024-03-28T20:07:46.690+0000] {taskmixin.py:205} WARNING - Dependency <Task(BashOperator): create_entry_gcs>, delete_entry already registered for DAG: example_complex
[2024-03-28T20:07:46.690+0000] {logging_mixin.py:137} INFO - [2024-03-28T20:07:46.690+0000] {taskmixin.py:205} WARNING - Dependency <Task(BashOperator): delete_entry>, create_entry_gcs already registered for DAG: example_complex
[2024-03-28T20:07:46.691+0000] {logging_mixin.py:137} INFO - [2024-03-28T20:07:46.691+0000] {taskmixin.py:205} WARNING - Dependency <Task(BashOperator): create_tag>, delete_tag already registered for DAG: example_complex
[2024-03-28T20:07:46.691+0000] {logging_mixin.py:137} INFO - [2024-03-28T20:07:46.691+0000] {taskmixin.py:205} WARNING - Dependency <Task(BashOperator): delete_tag>, create_tag already registered for DAG: example_complex
[2024-03-28T20:07:46.698+0000] {processor.py:753} INFO - DAG(s) dict_keys(['example_complex']) retrieved from /usr/local/python/3.10.13/lib/python3.10/site-packages/airflow/example_dags/example_complex.py
[2024-03-28T20:07:46.720+0000] {logging_mixin.py:137} INFO - [2024-03-28T20:07:46.719+0000] {dag.py:2690} INFO - Sync 1 DAGs
[2024-03-28T20:07:46.833+0000] {logging_mixin.py:137} INFO - [2024-03-28T20:07:46.832+0000] {dag.py:3437} INFO - Setting next_dagrun for example_complex to None, run_after=None
[2024-03-28T20:07:46.879+0000] {processor.py:175} INFO - Processing /usr/local/python/3.10.13/lib/python3.10/site-packages/airflow/example_dags/example_complex.py took 0.204 seconds
[2024-03-28T20:08:31.965+0000] {processor.py:153} INFO - Started process (PID=48984) to work on /usr/local/python/3.10.13/lib/python3.10/site-packages/airflow/example_dags/example_complex.py
[2024-03-28T20:08:31.966+0000] {processor.py:743} INFO - Processing file /usr/local/python/3.10.13/lib/python3.10/site-packages/airflow/example_dags/example_complex.py for tasks to queue
[2024-03-28T20:08:31.966+0000] {logging_mixin.py:137} INFO - [2024-03-28T20:08:31.966+0000] {dagbag.py:538} INFO - Filling up the DagBag from /usr/local/python/3.10.13/lib/python3.10/site-packages/airflow/example_dags/example_complex.py
[2024-03-28T20:08:31.976+0000] {logging_mixin.py:137} INFO - [2024-03-28T20:08:31.976+0000] {taskmixin.py:205} WARNING - Dependency <Task(BashOperator): create_entry_group>, delete_entry_group already registered for DAG: example_complex
[2024-03-28T20:08:31.976+0000] {logging_mixin.py:137} INFO - [2024-03-28T20:08:31.976+0000] {taskmixin.py:205} WARNING - Dependency <Task(BashOperator): delete_entry_group>, create_entry_group already registered for DAG: example_complex
[2024-03-28T20:08:31.977+0000] {logging_mixin.py:137} INFO - [2024-03-28T20:08:31.977+0000] {taskmixin.py:205} WARNING - Dependency <Task(BashOperator): create_entry_gcs>, delete_entry already registered for DAG: example_complex
[2024-03-28T20:08:31.977+0000] {logging_mixin.py:137} INFO - [2024-03-28T20:08:31.977+0000] {taskmixin.py:205} WARNING - Dependency <Task(BashOperator): delete_entry>, create_entry_gcs already registered for DAG: example_complex
[2024-03-28T20:08:31.977+0000] {logging_mixin.py:137} INFO - [2024-03-28T20:08:31.977+0000] {taskmixin.py:205} WARNING - Dependency <Task(BashOperator): create_tag>, delete_tag already registered for DAG: example_complex
[2024-03-28T20:08:31.977+0000] {logging_mixin.py:137} INFO - [2024-03-28T20:08:31.977+0000] {taskmixin.py:205} WARNING - Dependency <Task(BashOperator): delete_tag>, create_tag already registered for DAG: example_complex
[2024-03-28T20:08:31.984+0000] {processor.py:753} INFO - DAG(s) dict_keys(['example_complex']) retrieved from /usr/local/python/3.10.13/lib/python3.10/site-packages/airflow/example_dags/example_complex.py
[2024-03-28T20:08:32.004+0000] {logging_mixin.py:137} INFO - [2024-03-28T20:08:32.004+0000] {dag.py:2690} INFO - Sync 1 DAGs
[2024-03-28T20:08:32.141+0000] {logging_mixin.py:137} INFO - [2024-03-28T20:08:32.141+0000] {dag.py:3437} INFO - Setting next_dagrun for example_complex to None, run_after=None
[2024-03-28T20:08:32.187+0000] {processor.py:175} INFO - Processing /usr/local/python/3.10.13/lib/python3.10/site-packages/airflow/example_dags/example_complex.py took 0.225 seconds
[2024-03-28T20:09:18.881+0000] {processor.py:153} INFO - Started process (PID=49446) to work on /usr/local/python/3.10.13/lib/python3.10/site-packages/airflow/example_dags/example_complex.py
[2024-03-28T20:09:18.881+0000] {processor.py:743} INFO - Processing file /usr/local/python/3.10.13/lib/python3.10/site-packages/airflow/example_dags/example_complex.py for tasks to queue
[2024-03-28T20:09:18.882+0000] {logging_mixin.py:137} INFO - [2024-03-28T20:09:18.882+0000] {dagbag.py:538} INFO - Filling up the DagBag from /usr/local/python/3.10.13/lib/python3.10/site-packages/airflow/example_dags/example_complex.py
[2024-03-28T20:09:18.891+0000] {logging_mixin.py:137} INFO - [2024-03-28T20:09:18.891+0000] {taskmixin.py:205} WARNING - Dependency <Task(BashOperator): create_entry_group>, delete_entry_group already registered for DAG: example_complex
[2024-03-28T20:09:18.891+0000] {logging_mixin.py:137} INFO - [2024-03-28T20:09:18.891+0000] {taskmixin.py:205} WARNING - Dependency <Task(BashOperator): delete_entry_group>, create_entry_group already registered for DAG: example_complex
[2024-03-28T20:09:18.892+0000] {logging_mixin.py:137} INFO - [2024-03-28T20:09:18.891+0000] {taskmixin.py:205} WARNING - Dependency <Task(BashOperator): create_entry_gcs>, delete_entry already registered for DAG: example_complex
[2024-03-28T20:09:18.892+0000] {logging_mixin.py:137} INFO - [2024-03-28T20:09:18.892+0000] {taskmixin.py:205} WARNING - Dependency <Task(BashOperator): delete_entry>, create_entry_gcs already registered for DAG: example_complex
[2024-03-28T20:09:18.892+0000] {logging_mixin.py:137} INFO - [2024-03-28T20:09:18.892+0000] {taskmixin.py:205} WARNING - Dependency <Task(BashOperator): create_tag>, delete_tag already registered for DAG: example_complex
[2024-03-28T20:09:18.892+0000] {logging_mixin.py:137} INFO - [2024-03-28T20:09:18.892+0000] {taskmixin.py:205} WARNING - Dependency <Task(BashOperator): delete_tag>, create_tag already registered for DAG: example_complex
[2024-03-28T20:09:18.899+0000] {processor.py:753} INFO - DAG(s) dict_keys(['example_complex']) retrieved from /usr/local/python/3.10.13/lib/python3.10/site-packages/airflow/example_dags/example_complex.py
[2024-03-28T20:09:18.918+0000] {logging_mixin.py:137} INFO - [2024-03-28T20:09:18.918+0000] {dag.py:2690} INFO - Sync 1 DAGs
[2024-03-28T20:09:19.039+0000] {logging_mixin.py:137} INFO - [2024-03-28T20:09:19.039+0000] {dag.py:3437} INFO - Setting next_dagrun for example_complex to None, run_after=None
[2024-03-28T20:09:19.098+0000] {processor.py:175} INFO - Processing /usr/local/python/3.10.13/lib/python3.10/site-packages/airflow/example_dags/example_complex.py took 0.219 seconds
[2024-03-28T20:10:05.331+0000] {processor.py:153} INFO - Started process (PID=49850) to work on /usr/local/python/3.10.13/lib/python3.10/site-packages/airflow/example_dags/example_complex.py
[2024-03-28T20:10:05.331+0000] {processor.py:743} INFO - Processing file /usr/local/python/3.10.13/lib/python3.10/site-packages/airflow/example_dags/example_complex.py for tasks to queue
[2024-03-28T20:10:05.332+0000] {logging_mixin.py:137} INFO - [2024-03-28T20:10:05.332+0000] {dagbag.py:538} INFO - Filling up the DagBag from /usr/local/python/3.10.13/lib/python3.10/site-packages/airflow/example_dags/example_complex.py
[2024-03-28T20:10:05.341+0000] {logging_mixin.py:137} INFO - [2024-03-28T20:10:05.341+0000] {taskmixin.py:205} WARNING - Dependency <Task(BashOperator): create_entry_group>, delete_entry_group already registered for DAG: example_complex
[2024-03-28T20:10:05.341+0000] {logging_mixin.py:137} INFO - [2024-03-28T20:10:05.341+0000] {taskmixin.py:205} WARNING - Dependency <Task(BashOperator): delete_entry_group>, create_entry_group already registered for DAG: example_complex
[2024-03-28T20:10:05.341+0000] {logging_mixin.py:137} INFO - [2024-03-28T20:10:05.341+0000] {taskmixin.py:205} WARNING - Dependency <Task(BashOperator): create_entry_gcs>, delete_entry already registered for DAG: example_complex
[2024-03-28T20:10:05.341+0000] {logging_mixin.py:137} INFO - [2024-03-28T20:10:05.341+0000] {taskmixin.py:205} WARNING - Dependency <Task(BashOperator): delete_entry>, create_entry_gcs already registered for DAG: example_complex
[2024-03-28T20:10:05.341+0000] {logging_mixin.py:137} INFO - [2024-03-28T20:10:05.341+0000] {taskmixin.py:205} WARNING - Dependency <Task(BashOperator): create_tag>, delete_tag already registered for DAG: example_complex
[2024-03-28T20:10:05.342+0000] {logging_mixin.py:137} INFO - [2024-03-28T20:10:05.342+0000] {taskmixin.py:205} WARNING - Dependency <Task(BashOperator): delete_tag>, create_tag already registered for DAG: example_complex
[2024-03-28T20:10:05.348+0000] {processor.py:753} INFO - DAG(s) dict_keys(['example_complex']) retrieved from /usr/local/python/3.10.13/lib/python3.10/site-packages/airflow/example_dags/example_complex.py
[2024-03-28T20:10:05.460+0000] {logging_mixin.py:137} INFO - [2024-03-28T20:10:05.460+0000] {dag.py:2690} INFO - Sync 1 DAGs
[2024-03-28T20:10:05.474+0000] {logging_mixin.py:137} INFO - [2024-03-28T20:10:05.474+0000] {dag.py:3437} INFO - Setting next_dagrun for example_complex to None, run_after=None
[2024-03-28T20:10:05.518+0000] {processor.py:175} INFO - Processing /usr/local/python/3.10.13/lib/python3.10/site-packages/airflow/example_dags/example_complex.py took 0.190 seconds
[2024-03-28T20:10:47.075+0000] {processor.py:153} INFO - Started process (PID=50178) to work on /usr/local/python/3.10.13/lib/python3.10/site-packages/airflow/example_dags/example_complex.py
[2024-03-28T20:10:47.076+0000] {processor.py:743} INFO - Processing file /usr/local/python/3.10.13/lib/python3.10/site-packages/airflow/example_dags/example_complex.py for tasks to queue
[2024-03-28T20:10:47.077+0000] {logging_mixin.py:137} INFO - [2024-03-28T20:10:47.077+0000] {dagbag.py:538} INFO - Filling up the DagBag from /usr/local/python/3.10.13/lib/python3.10/site-packages/airflow/example_dags/example_complex.py
[2024-03-28T20:10:47.087+0000] {logging_mixin.py:137} INFO - [2024-03-28T20:10:47.086+0000] {taskmixin.py:205} WARNING - Dependency <Task(BashOperator): create_entry_group>, delete_entry_group already registered for DAG: example_complex
[2024-03-28T20:10:47.087+0000] {logging_mixin.py:137} INFO - [2024-03-28T20:10:47.087+0000] {taskmixin.py:205} WARNING - Dependency <Task(BashOperator): delete_entry_group>, create_entry_group already registered for DAG: example_complex
[2024-03-28T20:10:47.087+0000] {logging_mixin.py:137} INFO - [2024-03-28T20:10:47.087+0000] {taskmixin.py:205} WARNING - Dependency <Task(BashOperator): create_entry_gcs>, delete_entry already registered for DAG: example_complex
[2024-03-28T20:10:47.087+0000] {logging_mixin.py:137} INFO - [2024-03-28T20:10:47.087+0000] {taskmixin.py:205} WARNING - Dependency <Task(BashOperator): delete_entry>, create_entry_gcs already registered for DAG: example_complex
[2024-03-28T20:10:47.087+0000] {logging_mixin.py:137} INFO - [2024-03-28T20:10:47.087+0000] {taskmixin.py:205} WARNING - Dependency <Task(BashOperator): create_tag>, delete_tag already registered for DAG: example_complex
[2024-03-28T20:10:47.088+0000] {logging_mixin.py:137} INFO - [2024-03-28T20:10:47.088+0000] {taskmixin.py:205} WARNING - Dependency <Task(BashOperator): delete_tag>, create_tag already registered for DAG: example_complex
[2024-03-28T20:10:47.188+0000] {processor.py:753} INFO - DAG(s) dict_keys(['example_complex']) retrieved from /usr/local/python/3.10.13/lib/python3.10/site-packages/airflow/example_dags/example_complex.py
[2024-03-28T20:10:47.205+0000] {logging_mixin.py:137} INFO - [2024-03-28T20:10:47.205+0000] {dag.py:2690} INFO - Sync 1 DAGs
[2024-03-28T20:10:47.218+0000] {logging_mixin.py:137} INFO - [2024-03-28T20:10:47.218+0000] {dag.py:3437} INFO - Setting next_dagrun for example_complex to None, run_after=None
[2024-03-28T20:10:47.261+0000] {processor.py:175} INFO - Processing /usr/local/python/3.10.13/lib/python3.10/site-packages/airflow/example_dags/example_complex.py took 0.187 seconds
