[2024-03-28T20:00:15.865+0000] {processor.py:153} INFO - Started process (PID=44709) to work on /usr/local/python/3.10.13/lib/python3.10/site-packages/airflow/example_dags/example_branch_datetime_operator.py
[2024-03-28T20:00:15.865+0000] {processor.py:743} INFO - Processing file /usr/local/python/3.10.13/lib/python3.10/site-packages/airflow/example_dags/example_branch_datetime_operator.py for tasks to queue
[2024-03-28T20:00:15.866+0000] {logging_mixin.py:137} INFO - [2024-03-28T20:00:15.866+0000] {dagbag.py:538} INFO - Filling up the DagBag from /usr/local/python/3.10.13/lib/python3.10/site-packages/airflow/example_dags/example_branch_datetime_operator.py
[2024-03-28T20:00:15.881+0000] {processor.py:753} INFO - DAG(s) dict_keys(['example_branch_datetime_operator_3', 'example_branch_datetime_operator_2', 'example_branch_datetime_operator']) retrieved from /usr/local/python/3.10.13/lib/python3.10/site-packages/airflow/example_dags/example_branch_datetime_operator.py
[2024-03-28T20:00:16.027+0000] {logging_mixin.py:137} INFO - [2024-03-28T20:00:16.027+0000] {manager.py:504} INFO - Created Permission View: can read on DAG:example_branch_datetime_operator_3
[2024-03-28T20:00:16.067+0000] {logging_mixin.py:137} INFO - [2024-03-28T20:00:16.067+0000] {manager.py:504} INFO - Created Permission View: can delete on DAG:example_branch_datetime_operator_3
[2024-03-28T20:00:16.114+0000] {logging_mixin.py:137} INFO - [2024-03-28T20:00:16.114+0000] {manager.py:504} INFO - Created Permission View: can edit on DAG:example_branch_datetime_operator_3
[2024-03-28T20:00:16.187+0000] {logging_mixin.py:137} INFO - [2024-03-28T20:00:16.187+0000] {manager.py:504} INFO - Created Permission View: can read on DAG:example_branch_datetime_operator_2
[2024-03-28T20:00:16.219+0000] {logging_mixin.py:137} INFO - [2024-03-28T20:00:16.219+0000] {manager.py:504} INFO - Created Permission View: can delete on DAG:example_branch_datetime_operator_2
[2024-03-28T20:00:16.251+0000] {logging_mixin.py:137} INFO - [2024-03-28T20:00:16.251+0000] {manager.py:504} INFO - Created Permission View: can edit on DAG:example_branch_datetime_operator_2
[2024-03-28T20:00:16.324+0000] {logging_mixin.py:137} INFO - [2024-03-28T20:00:16.324+0000] {manager.py:504} INFO - Created Permission View: can read on DAG:example_branch_datetime_operator
[2024-03-28T20:00:16.370+0000] {logging_mixin.py:137} INFO - [2024-03-28T20:00:16.370+0000] {manager.py:504} INFO - Created Permission View: can delete on DAG:example_branch_datetime_operator
[2024-03-28T20:00:16.405+0000] {logging_mixin.py:137} INFO - [2024-03-28T20:00:16.405+0000] {manager.py:504} INFO - Created Permission View: can edit on DAG:example_branch_datetime_operator
[2024-03-28T20:00:16.406+0000] {logging_mixin.py:137} INFO - [2024-03-28T20:00:16.405+0000] {dag.py:2690} INFO - Sync 3 DAGs
[2024-03-28T20:00:16.413+0000] {logging_mixin.py:137} INFO - [2024-03-28T20:00:16.413+0000] {dag.py:2711} INFO - Creating ORM DAG for example_branch_datetime_operator_2
[2024-03-28T20:00:16.414+0000] {logging_mixin.py:137} INFO - [2024-03-28T20:00:16.414+0000] {dag.py:2711} INFO - Creating ORM DAG for example_branch_datetime_operator_3
[2024-03-28T20:00:16.414+0000] {logging_mixin.py:137} INFO - [2024-03-28T20:00:16.414+0000] {dag.py:2711} INFO - Creating ORM DAG for example_branch_datetime_operator
[2024-03-28T20:00:16.422+0000] {logging_mixin.py:137} INFO - [2024-03-28T20:00:16.422+0000] {dag.py:3437} INFO - Setting next_dagrun for example_branch_datetime_operator to 2024-03-27T00:00:00+00:00, run_after=2024-03-28T00:00:00+00:00
[2024-03-28T20:00:16.424+0000] {logging_mixin.py:137} INFO - [2024-03-28T20:00:16.424+0000] {dag.py:3437} INFO - Setting next_dagrun for example_branch_datetime_operator_2 to 2024-03-27T00:00:00+00:00, run_after=2024-03-28T00:00:00+00:00
[2024-03-28T20:00:16.425+0000] {logging_mixin.py:137} INFO - [2024-03-28T20:00:16.425+0000] {dag.py:3437} INFO - Setting next_dagrun for example_branch_datetime_operator_3 to 2024-03-27T00:00:00+00:00, run_after=2024-03-28T00:00:00+00:00
[2024-03-28T20:00:16.474+0000] {processor.py:175} INFO - Processing /usr/local/python/3.10.13/lib/python3.10/site-packages/airflow/example_dags/example_branch_datetime_operator.py took 0.612 seconds
[2024-03-28T20:01:01.106+0000] {processor.py:153} INFO - Started process (PID=45011) to work on /usr/local/python/3.10.13/lib/python3.10/site-packages/airflow/example_dags/example_branch_datetime_operator.py
[2024-03-28T20:01:01.106+0000] {processor.py:743} INFO - Processing file /usr/local/python/3.10.13/lib/python3.10/site-packages/airflow/example_dags/example_branch_datetime_operator.py for tasks to queue
[2024-03-28T20:01:01.107+0000] {logging_mixin.py:137} INFO - [2024-03-28T20:01:01.107+0000] {dagbag.py:538} INFO - Filling up the DagBag from /usr/local/python/3.10.13/lib/python3.10/site-packages/airflow/example_dags/example_branch_datetime_operator.py
[2024-03-28T20:01:01.128+0000] {processor.py:753} INFO - DAG(s) dict_keys(['example_branch_datetime_operator_3', 'example_branch_datetime_operator_2', 'example_branch_datetime_operator']) retrieved from /usr/local/python/3.10.13/lib/python3.10/site-packages/airflow/example_dags/example_branch_datetime_operator.py
[2024-03-28T20:01:01.147+0000] {logging_mixin.py:137} INFO - [2024-03-28T20:01:01.147+0000] {dag.py:2690} INFO - Sync 3 DAGs
[2024-03-28T20:01:01.164+0000] {logging_mixin.py:137} INFO - [2024-03-28T20:01:01.163+0000] {dag.py:3437} INFO - Setting next_dagrun for example_branch_datetime_operator to 2024-03-27T00:00:00+00:00, run_after=2024-03-28T00:00:00+00:00
[2024-03-28T20:01:01.167+0000] {logging_mixin.py:137} INFO - [2024-03-28T20:01:01.167+0000] {dag.py:3437} INFO - Setting next_dagrun for example_branch_datetime_operator_2 to 2024-03-27T00:00:00+00:00, run_after=2024-03-28T00:00:00+00:00
[2024-03-28T20:01:01.170+0000] {logging_mixin.py:137} INFO - [2024-03-28T20:01:01.170+0000] {dag.py:3437} INFO - Setting next_dagrun for example_branch_datetime_operator_3 to 2024-03-27T00:00:00+00:00, run_after=2024-03-28T00:00:00+00:00
[2024-03-28T20:01:01.214+0000] {processor.py:175} INFO - Processing /usr/local/python/3.10.13/lib/python3.10/site-packages/airflow/example_dags/example_branch_datetime_operator.py took 0.110 seconds
[2024-03-28T20:01:41.856+0000] {processor.py:153} INFO - Started process (PID=45283) to work on /usr/local/python/3.10.13/lib/python3.10/site-packages/airflow/example_dags/example_branch_datetime_operator.py
[2024-03-28T20:01:41.857+0000] {processor.py:743} INFO - Processing file /usr/local/python/3.10.13/lib/python3.10/site-packages/airflow/example_dags/example_branch_datetime_operator.py for tasks to queue
[2024-03-28T20:01:41.857+0000] {logging_mixin.py:137} INFO - [2024-03-28T20:01:41.857+0000] {dagbag.py:538} INFO - Filling up the DagBag from /usr/local/python/3.10.13/lib/python3.10/site-packages/airflow/example_dags/example_branch_datetime_operator.py
[2024-03-28T20:01:41.874+0000] {processor.py:753} INFO - DAG(s) dict_keys(['example_branch_datetime_operator_3', 'example_branch_datetime_operator', 'example_branch_datetime_operator_2']) retrieved from /usr/local/python/3.10.13/lib/python3.10/site-packages/airflow/example_dags/example_branch_datetime_operator.py
[2024-03-28T20:01:41.891+0000] {logging_mixin.py:137} INFO - [2024-03-28T20:01:41.891+0000] {dag.py:2690} INFO - Sync 3 DAGs
[2024-03-28T20:01:41.907+0000] {logging_mixin.py:137} INFO - [2024-03-28T20:01:41.907+0000] {dag.py:3437} INFO - Setting next_dagrun for example_branch_datetime_operator to 2024-03-27T00:00:00+00:00, run_after=2024-03-28T00:00:00+00:00
[2024-03-28T20:01:41.910+0000] {logging_mixin.py:137} INFO - [2024-03-28T20:01:41.910+0000] {dag.py:3437} INFO - Setting next_dagrun for example_branch_datetime_operator_2 to 2024-03-27T00:00:00+00:00, run_after=2024-03-28T00:00:00+00:00
[2024-03-28T20:01:41.912+0000] {logging_mixin.py:137} INFO - [2024-03-28T20:01:41.912+0000] {dag.py:3437} INFO - Setting next_dagrun for example_branch_datetime_operator_3 to 2024-03-27T00:00:00+00:00, run_after=2024-03-28T00:00:00+00:00
[2024-03-28T20:01:41.956+0000] {processor.py:175} INFO - Processing /usr/local/python/3.10.13/lib/python3.10/site-packages/airflow/example_dags/example_branch_datetime_operator.py took 0.102 seconds
[2024-03-28T20:02:23.267+0000] {processor.py:153} INFO - Started process (PID=45593) to work on /usr/local/python/3.10.13/lib/python3.10/site-packages/airflow/example_dags/example_branch_datetime_operator.py
[2024-03-28T20:02:23.268+0000] {processor.py:743} INFO - Processing file /usr/local/python/3.10.13/lib/python3.10/site-packages/airflow/example_dags/example_branch_datetime_operator.py for tasks to queue
[2024-03-28T20:02:23.268+0000] {logging_mixin.py:137} INFO - [2024-03-28T20:02:23.268+0000] {dagbag.py:538} INFO - Filling up the DagBag from /usr/local/python/3.10.13/lib/python3.10/site-packages/airflow/example_dags/example_branch_datetime_operator.py
[2024-03-28T20:02:23.284+0000] {processor.py:753} INFO - DAG(s) dict_keys(['example_branch_datetime_operator', 'example_branch_datetime_operator_2', 'example_branch_datetime_operator_3']) retrieved from /usr/local/python/3.10.13/lib/python3.10/site-packages/airflow/example_dags/example_branch_datetime_operator.py
[2024-03-28T20:02:23.302+0000] {logging_mixin.py:137} INFO - [2024-03-28T20:02:23.302+0000] {dag.py:2690} INFO - Sync 3 DAGs
[2024-03-28T20:02:23.318+0000] {logging_mixin.py:137} INFO - [2024-03-28T20:02:23.318+0000] {dag.py:3437} INFO - Setting next_dagrun for example_branch_datetime_operator to 2024-03-27T00:00:00+00:00, run_after=2024-03-28T00:00:00+00:00
[2024-03-28T20:02:23.322+0000] {logging_mixin.py:137} INFO - [2024-03-28T20:02:23.322+0000] {dag.py:3437} INFO - Setting next_dagrun for example_branch_datetime_operator_2 to 2024-03-27T00:00:00+00:00, run_after=2024-03-28T00:00:00+00:00
[2024-03-28T20:02:23.324+0000] {logging_mixin.py:137} INFO - [2024-03-28T20:02:23.324+0000] {dag.py:3437} INFO - Setting next_dagrun for example_branch_datetime_operator_3 to 2024-03-27T00:00:00+00:00, run_after=2024-03-28T00:00:00+00:00
[2024-03-28T20:02:23.368+0000] {processor.py:175} INFO - Processing /usr/local/python/3.10.13/lib/python3.10/site-packages/airflow/example_dags/example_branch_datetime_operator.py took 0.103 seconds
[2024-03-28T20:03:03.835+0000] {processor.py:153} INFO - Started process (PID=45986) to work on /usr/local/python/3.10.13/lib/python3.10/site-packages/airflow/example_dags/example_branch_datetime_operator.py
[2024-03-28T20:03:03.835+0000] {processor.py:743} INFO - Processing file /usr/local/python/3.10.13/lib/python3.10/site-packages/airflow/example_dags/example_branch_datetime_operator.py for tasks to queue
[2024-03-28T20:03:03.836+0000] {logging_mixin.py:137} INFO - [2024-03-28T20:03:03.836+0000] {dagbag.py:538} INFO - Filling up the DagBag from /usr/local/python/3.10.13/lib/python3.10/site-packages/airflow/example_dags/example_branch_datetime_operator.py
[2024-03-28T20:03:03.850+0000] {processor.py:753} INFO - DAG(s) dict_keys(['example_branch_datetime_operator_3', 'example_branch_datetime_operator', 'example_branch_datetime_operator_2']) retrieved from /usr/local/python/3.10.13/lib/python3.10/site-packages/airflow/example_dags/example_branch_datetime_operator.py
[2024-03-28T20:03:03.870+0000] {logging_mixin.py:137} INFO - [2024-03-28T20:03:03.870+0000] {dag.py:2690} INFO - Sync 3 DAGs
[2024-03-28T20:03:03.888+0000] {logging_mixin.py:137} INFO - [2024-03-28T20:03:03.888+0000] {dag.py:3437} INFO - Setting next_dagrun for example_branch_datetime_operator to 2024-03-27T00:00:00+00:00, run_after=2024-03-28T00:00:00+00:00
[2024-03-28T20:03:03.892+0000] {logging_mixin.py:137} INFO - [2024-03-28T20:03:03.892+0000] {dag.py:3437} INFO - Setting next_dagrun for example_branch_datetime_operator_2 to 2024-03-27T00:00:00+00:00, run_after=2024-03-28T00:00:00+00:00
[2024-03-28T20:03:03.894+0000] {logging_mixin.py:137} INFO - [2024-03-28T20:03:03.894+0000] {dag.py:3437} INFO - Setting next_dagrun for example_branch_datetime_operator_3 to 2024-03-27T00:00:00+00:00, run_after=2024-03-28T00:00:00+00:00
[2024-03-28T20:03:03.936+0000] {processor.py:175} INFO - Processing /usr/local/python/3.10.13/lib/python3.10/site-packages/airflow/example_dags/example_branch_datetime_operator.py took 0.104 seconds
[2024-03-28T20:03:41.782+0000] {processor.py:153} INFO - Started process (PID=46268) to work on /usr/local/python/3.10.13/lib/python3.10/site-packages/airflow/example_dags/example_branch_datetime_operator.py
[2024-03-28T20:03:41.782+0000] {processor.py:743} INFO - Processing file /usr/local/python/3.10.13/lib/python3.10/site-packages/airflow/example_dags/example_branch_datetime_operator.py for tasks to queue
[2024-03-28T20:03:41.783+0000] {logging_mixin.py:137} INFO - [2024-03-28T20:03:41.783+0000] {dagbag.py:538} INFO - Filling up the DagBag from /usr/local/python/3.10.13/lib/python3.10/site-packages/airflow/example_dags/example_branch_datetime_operator.py
[2024-03-28T20:03:41.797+0000] {processor.py:753} INFO - DAG(s) dict_keys(['example_branch_datetime_operator', 'example_branch_datetime_operator_3', 'example_branch_datetime_operator_2']) retrieved from /usr/local/python/3.10.13/lib/python3.10/site-packages/airflow/example_dags/example_branch_datetime_operator.py
[2024-03-28T20:03:41.815+0000] {logging_mixin.py:137} INFO - [2024-03-28T20:03:41.815+0000] {dag.py:2690} INFO - Sync 3 DAGs
[2024-03-28T20:03:41.832+0000] {logging_mixin.py:137} INFO - [2024-03-28T20:03:41.832+0000] {dag.py:3437} INFO - Setting next_dagrun for example_branch_datetime_operator to 2024-03-27T00:00:00+00:00, run_after=2024-03-28T00:00:00+00:00
[2024-03-28T20:03:41.835+0000] {logging_mixin.py:137} INFO - [2024-03-28T20:03:41.835+0000] {dag.py:3437} INFO - Setting next_dagrun for example_branch_datetime_operator_2 to 2024-03-27T00:00:00+00:00, run_after=2024-03-28T00:00:00+00:00
[2024-03-28T20:03:41.837+0000] {logging_mixin.py:137} INFO - [2024-03-28T20:03:41.837+0000] {dag.py:3437} INFO - Setting next_dagrun for example_branch_datetime_operator_3 to 2024-03-27T00:00:00+00:00, run_after=2024-03-28T00:00:00+00:00
[2024-03-28T20:03:41.880+0000] {processor.py:175} INFO - Processing /usr/local/python/3.10.13/lib/python3.10/site-packages/airflow/example_dags/example_branch_datetime_operator.py took 0.100 seconds
[2024-03-28T20:04:21.940+0000] {processor.py:153} INFO - Started process (PID=46686) to work on /usr/local/python/3.10.13/lib/python3.10/site-packages/airflow/example_dags/example_branch_datetime_operator.py
[2024-03-28T20:04:21.943+0000] {processor.py:743} INFO - Processing file /usr/local/python/3.10.13/lib/python3.10/site-packages/airflow/example_dags/example_branch_datetime_operator.py for tasks to queue
[2024-03-28T20:04:21.944+0000] {logging_mixin.py:137} INFO - [2024-03-28T20:04:21.944+0000] {dagbag.py:538} INFO - Filling up the DagBag from /usr/local/python/3.10.13/lib/python3.10/site-packages/airflow/example_dags/example_branch_datetime_operator.py
[2024-03-28T20:04:21.962+0000] {processor.py:753} INFO - DAG(s) dict_keys(['example_branch_datetime_operator_2', 'example_branch_datetime_operator', 'example_branch_datetime_operator_3']) retrieved from /usr/local/python/3.10.13/lib/python3.10/site-packages/airflow/example_dags/example_branch_datetime_operator.py
[2024-03-28T20:04:21.981+0000] {logging_mixin.py:137} INFO - [2024-03-28T20:04:21.981+0000] {dag.py:2690} INFO - Sync 3 DAGs
[2024-03-28T20:04:21.998+0000] {logging_mixin.py:137} INFO - [2024-03-28T20:04:21.997+0000] {dag.py:3437} INFO - Setting next_dagrun for example_branch_datetime_operator to 2024-03-27T00:00:00+00:00, run_after=2024-03-28T00:00:00+00:00
[2024-03-28T20:04:22.001+0000] {logging_mixin.py:137} INFO - [2024-03-28T20:04:22.001+0000] {dag.py:3437} INFO - Setting next_dagrun for example_branch_datetime_operator_2 to 2024-03-27T00:00:00+00:00, run_after=2024-03-28T00:00:00+00:00
[2024-03-28T20:04:22.003+0000] {logging_mixin.py:137} INFO - [2024-03-28T20:04:22.003+0000] {dag.py:3437} INFO - Setting next_dagrun for example_branch_datetime_operator_3 to 2024-03-27T00:00:00+00:00, run_after=2024-03-28T00:00:00+00:00
[2024-03-28T20:04:22.044+0000] {processor.py:175} INFO - Processing /usr/local/python/3.10.13/lib/python3.10/site-packages/airflow/example_dags/example_branch_datetime_operator.py took 0.106 seconds
[2024-03-28T20:05:00.646+0000] {processor.py:153} INFO - Started process (PID=47042) to work on /usr/local/python/3.10.13/lib/python3.10/site-packages/airflow/example_dags/example_branch_datetime_operator.py
[2024-03-28T20:05:00.647+0000] {processor.py:743} INFO - Processing file /usr/local/python/3.10.13/lib/python3.10/site-packages/airflow/example_dags/example_branch_datetime_operator.py for tasks to queue
[2024-03-28T20:05:00.647+0000] {logging_mixin.py:137} INFO - [2024-03-28T20:05:00.647+0000] {dagbag.py:538} INFO - Filling up the DagBag from /usr/local/python/3.10.13/lib/python3.10/site-packages/airflow/example_dags/example_branch_datetime_operator.py
[2024-03-28T20:05:00.667+0000] {processor.py:753} INFO - DAG(s) dict_keys(['example_branch_datetime_operator', 'example_branch_datetime_operator_2', 'example_branch_datetime_operator_3']) retrieved from /usr/local/python/3.10.13/lib/python3.10/site-packages/airflow/example_dags/example_branch_datetime_operator.py
[2024-03-28T20:05:00.688+0000] {logging_mixin.py:137} INFO - [2024-03-28T20:05:00.688+0000] {dag.py:2690} INFO - Sync 3 DAGs
[2024-03-28T20:05:00.708+0000] {logging_mixin.py:137} INFO - [2024-03-28T20:05:00.708+0000] {dag.py:3437} INFO - Setting next_dagrun for example_branch_datetime_operator to 2024-03-27T00:00:00+00:00, run_after=2024-03-28T00:00:00+00:00
[2024-03-28T20:05:00.712+0000] {logging_mixin.py:137} INFO - [2024-03-28T20:05:00.712+0000] {dag.py:3437} INFO - Setting next_dagrun for example_branch_datetime_operator_2 to 2024-03-27T00:00:00+00:00, run_after=2024-03-28T00:00:00+00:00
[2024-03-28T20:05:00.714+0000] {logging_mixin.py:137} INFO - [2024-03-28T20:05:00.714+0000] {dag.py:3437} INFO - Setting next_dagrun for example_branch_datetime_operator_3 to 2024-03-27T00:00:00+00:00, run_after=2024-03-28T00:00:00+00:00
[2024-03-28T20:05:00.756+0000] {processor.py:175} INFO - Processing /usr/local/python/3.10.13/lib/python3.10/site-packages/airflow/example_dags/example_branch_datetime_operator.py took 0.112 seconds
[2024-03-28T20:05:41.496+0000] {processor.py:153} INFO - Started process (PID=47474) to work on /usr/local/python/3.10.13/lib/python3.10/site-packages/airflow/example_dags/example_branch_datetime_operator.py
[2024-03-28T20:05:41.497+0000] {processor.py:743} INFO - Processing file /usr/local/python/3.10.13/lib/python3.10/site-packages/airflow/example_dags/example_branch_datetime_operator.py for tasks to queue
[2024-03-28T20:05:41.497+0000] {logging_mixin.py:137} INFO - [2024-03-28T20:05:41.497+0000] {dagbag.py:538} INFO - Filling up the DagBag from /usr/local/python/3.10.13/lib/python3.10/site-packages/airflow/example_dags/example_branch_datetime_operator.py
[2024-03-28T20:05:41.513+0000] {processor.py:753} INFO - DAG(s) dict_keys(['example_branch_datetime_operator', 'example_branch_datetime_operator_3', 'example_branch_datetime_operator_2']) retrieved from /usr/local/python/3.10.13/lib/python3.10/site-packages/airflow/example_dags/example_branch_datetime_operator.py
[2024-03-28T20:05:41.531+0000] {logging_mixin.py:137} INFO - [2024-03-28T20:05:41.530+0000] {dag.py:2690} INFO - Sync 3 DAGs
[2024-03-28T20:05:41.547+0000] {logging_mixin.py:137} INFO - [2024-03-28T20:05:41.547+0000] {dag.py:3437} INFO - Setting next_dagrun for example_branch_datetime_operator to 2024-03-27T00:00:00+00:00, run_after=2024-03-28T00:00:00+00:00
[2024-03-28T20:05:41.550+0000] {logging_mixin.py:137} INFO - [2024-03-28T20:05:41.550+0000] {dag.py:3437} INFO - Setting next_dagrun for example_branch_datetime_operator_2 to 2024-03-27T00:00:00+00:00, run_after=2024-03-28T00:00:00+00:00
[2024-03-28T20:05:41.552+0000] {logging_mixin.py:137} INFO - [2024-03-28T20:05:41.552+0000] {dag.py:3437} INFO - Setting next_dagrun for example_branch_datetime_operator_3 to 2024-03-27T00:00:00+00:00, run_after=2024-03-28T00:00:00+00:00
[2024-03-28T20:05:41.595+0000] {processor.py:175} INFO - Processing /usr/local/python/3.10.13/lib/python3.10/site-packages/airflow/example_dags/example_branch_datetime_operator.py took 0.101 seconds
[2024-03-28T20:06:24.551+0000] {processor.py:153} INFO - Started process (PID=47921) to work on /usr/local/python/3.10.13/lib/python3.10/site-packages/airflow/example_dags/example_branch_datetime_operator.py
[2024-03-28T20:06:24.552+0000] {processor.py:743} INFO - Processing file /usr/local/python/3.10.13/lib/python3.10/site-packages/airflow/example_dags/example_branch_datetime_operator.py for tasks to queue
[2024-03-28T20:06:24.553+0000] {logging_mixin.py:137} INFO - [2024-03-28T20:06:24.552+0000] {dagbag.py:538} INFO - Filling up the DagBag from /usr/local/python/3.10.13/lib/python3.10/site-packages/airflow/example_dags/example_branch_datetime_operator.py
[2024-03-28T20:06:24.568+0000] {processor.py:753} INFO - DAG(s) dict_keys(['example_branch_datetime_operator_2', 'example_branch_datetime_operator', 'example_branch_datetime_operator_3']) retrieved from /usr/local/python/3.10.13/lib/python3.10/site-packages/airflow/example_dags/example_branch_datetime_operator.py
[2024-03-28T20:06:24.586+0000] {logging_mixin.py:137} INFO - [2024-03-28T20:06:24.586+0000] {dag.py:2690} INFO - Sync 3 DAGs
[2024-03-28T20:06:24.602+0000] {logging_mixin.py:137} INFO - [2024-03-28T20:06:24.602+0000] {dag.py:3437} INFO - Setting next_dagrun for example_branch_datetime_operator to 2024-03-27T00:00:00+00:00, run_after=2024-03-28T00:00:00+00:00
[2024-03-28T20:06:24.606+0000] {logging_mixin.py:137} INFO - [2024-03-28T20:06:24.606+0000] {dag.py:3437} INFO - Setting next_dagrun for example_branch_datetime_operator_2 to 2024-03-27T00:00:00+00:00, run_after=2024-03-28T00:00:00+00:00
[2024-03-28T20:06:24.608+0000] {logging_mixin.py:137} INFO - [2024-03-28T20:06:24.608+0000] {dag.py:3437} INFO - Setting next_dagrun for example_branch_datetime_operator_3 to 2024-03-27T00:00:00+00:00, run_after=2024-03-28T00:00:00+00:00
[2024-03-28T20:06:24.652+0000] {processor.py:175} INFO - Processing /usr/local/python/3.10.13/lib/python3.10/site-packages/airflow/example_dags/example_branch_datetime_operator.py took 0.102 seconds
[2024-03-28T20:07:06.900+0000] {processor.py:153} INFO - Started process (PID=48226) to work on /usr/local/python/3.10.13/lib/python3.10/site-packages/airflow/example_dags/example_branch_datetime_operator.py
[2024-03-28T20:07:06.901+0000] {processor.py:743} INFO - Processing file /usr/local/python/3.10.13/lib/python3.10/site-packages/airflow/example_dags/example_branch_datetime_operator.py for tasks to queue
[2024-03-28T20:07:06.901+0000] {logging_mixin.py:137} INFO - [2024-03-28T20:07:06.901+0000] {dagbag.py:538} INFO - Filling up the DagBag from /usr/local/python/3.10.13/lib/python3.10/site-packages/airflow/example_dags/example_branch_datetime_operator.py
[2024-03-28T20:07:06.917+0000] {processor.py:753} INFO - DAG(s) dict_keys(['example_branch_datetime_operator_2', 'example_branch_datetime_operator', 'example_branch_datetime_operator_3']) retrieved from /usr/local/python/3.10.13/lib/python3.10/site-packages/airflow/example_dags/example_branch_datetime_operator.py
[2024-03-28T20:07:06.934+0000] {logging_mixin.py:137} INFO - [2024-03-28T20:07:06.934+0000] {dag.py:2690} INFO - Sync 3 DAGs
[2024-03-28T20:07:06.950+0000] {logging_mixin.py:137} INFO - [2024-03-28T20:07:06.950+0000] {dag.py:3437} INFO - Setting next_dagrun for example_branch_datetime_operator to 2024-03-27T00:00:00+00:00, run_after=2024-03-28T00:00:00+00:00
[2024-03-28T20:07:06.954+0000] {logging_mixin.py:137} INFO - [2024-03-28T20:07:06.954+0000] {dag.py:3437} INFO - Setting next_dagrun for example_branch_datetime_operator_2 to 2024-03-27T00:00:00+00:00, run_after=2024-03-28T00:00:00+00:00
[2024-03-28T20:07:06.956+0000] {logging_mixin.py:137} INFO - [2024-03-28T20:07:06.956+0000] {dag.py:3437} INFO - Setting next_dagrun for example_branch_datetime_operator_3 to 2024-03-27T00:00:00+00:00, run_after=2024-03-28T00:00:00+00:00
[2024-03-28T20:07:07.004+0000] {processor.py:175} INFO - Processing /usr/local/python/3.10.13/lib/python3.10/site-packages/airflow/example_dags/example_branch_datetime_operator.py took 0.106 seconds
[2024-03-28T20:07:50.101+0000] {processor.py:153} INFO - Started process (PID=48597) to work on /usr/local/python/3.10.13/lib/python3.10/site-packages/airflow/example_dags/example_branch_datetime_operator.py
[2024-03-28T20:07:50.101+0000] {processor.py:743} INFO - Processing file /usr/local/python/3.10.13/lib/python3.10/site-packages/airflow/example_dags/example_branch_datetime_operator.py for tasks to queue
[2024-03-28T20:07:50.102+0000] {logging_mixin.py:137} INFO - [2024-03-28T20:07:50.102+0000] {dagbag.py:538} INFO - Filling up the DagBag from /usr/local/python/3.10.13/lib/python3.10/site-packages/airflow/example_dags/example_branch_datetime_operator.py
[2024-03-28T20:07:50.118+0000] {processor.py:753} INFO - DAG(s) dict_keys(['example_branch_datetime_operator_3', 'example_branch_datetime_operator', 'example_branch_datetime_operator_2']) retrieved from /usr/local/python/3.10.13/lib/python3.10/site-packages/airflow/example_dags/example_branch_datetime_operator.py
[2024-03-28T20:07:50.137+0000] {logging_mixin.py:137} INFO - [2024-03-28T20:07:50.136+0000] {dag.py:2690} INFO - Sync 3 DAGs
[2024-03-28T20:07:50.154+0000] {logging_mixin.py:137} INFO - [2024-03-28T20:07:50.154+0000] {dag.py:3437} INFO - Setting next_dagrun for example_branch_datetime_operator to 2024-03-27T00:00:00+00:00, run_after=2024-03-28T00:00:00+00:00
[2024-03-28T20:07:50.250+0000] {logging_mixin.py:137} INFO - [2024-03-28T20:07:50.250+0000] {dag.py:3437} INFO - Setting next_dagrun for example_branch_datetime_operator_2 to 2024-03-27T00:00:00+00:00, run_after=2024-03-28T00:00:00+00:00
[2024-03-28T20:07:50.252+0000] {logging_mixin.py:137} INFO - [2024-03-28T20:07:50.252+0000] {dag.py:3437} INFO - Setting next_dagrun for example_branch_datetime_operator_3 to 2024-03-27T00:00:00+00:00, run_after=2024-03-28T00:00:00+00:00
[2024-03-28T20:07:50.293+0000] {processor.py:175} INFO - Processing /usr/local/python/3.10.13/lib/python3.10/site-packages/airflow/example_dags/example_branch_datetime_operator.py took 0.195 seconds
[2024-03-28T20:08:35.903+0000] {processor.py:153} INFO - Started process (PID=49018) to work on /usr/local/python/3.10.13/lib/python3.10/site-packages/airflow/example_dags/example_branch_datetime_operator.py
[2024-03-28T20:08:35.904+0000] {processor.py:743} INFO - Processing file /usr/local/python/3.10.13/lib/python3.10/site-packages/airflow/example_dags/example_branch_datetime_operator.py for tasks to queue
[2024-03-28T20:08:35.904+0000] {logging_mixin.py:137} INFO - [2024-03-28T20:08:35.904+0000] {dagbag.py:538} INFO - Filling up the DagBag from /usr/local/python/3.10.13/lib/python3.10/site-packages/airflow/example_dags/example_branch_datetime_operator.py
[2024-03-28T20:08:35.919+0000] {processor.py:753} INFO - DAG(s) dict_keys(['example_branch_datetime_operator_3', 'example_branch_datetime_operator_2', 'example_branch_datetime_operator']) retrieved from /usr/local/python/3.10.13/lib/python3.10/site-packages/airflow/example_dags/example_branch_datetime_operator.py
[2024-03-28T20:08:35.937+0000] {logging_mixin.py:137} INFO - [2024-03-28T20:08:35.937+0000] {dag.py:2690} INFO - Sync 3 DAGs
[2024-03-28T20:08:36.048+0000] {logging_mixin.py:137} INFO - [2024-03-28T20:08:36.048+0000] {dag.py:3437} INFO - Setting next_dagrun for example_branch_datetime_operator to 2024-03-27T00:00:00+00:00, run_after=2024-03-28T00:00:00+00:00
[2024-03-28T20:08:36.052+0000] {logging_mixin.py:137} INFO - [2024-03-28T20:08:36.052+0000] {dag.py:3437} INFO - Setting next_dagrun for example_branch_datetime_operator_2 to 2024-03-27T00:00:00+00:00, run_after=2024-03-28T00:00:00+00:00
[2024-03-28T20:08:36.054+0000] {logging_mixin.py:137} INFO - [2024-03-28T20:08:36.054+0000] {dag.py:3437} INFO - Setting next_dagrun for example_branch_datetime_operator_3 to 2024-03-27T00:00:00+00:00, run_after=2024-03-28T00:00:00+00:00
[2024-03-28T20:08:36.102+0000] {processor.py:175} INFO - Processing /usr/local/python/3.10.13/lib/python3.10/site-packages/airflow/example_dags/example_branch_datetime_operator.py took 0.201 seconds
[2024-03-28T20:09:22.824+0000] {processor.py:153} INFO - Started process (PID=49486) to work on /usr/local/python/3.10.13/lib/python3.10/site-packages/airflow/example_dags/example_branch_datetime_operator.py
[2024-03-28T20:09:22.824+0000] {processor.py:743} INFO - Processing file /usr/local/python/3.10.13/lib/python3.10/site-packages/airflow/example_dags/example_branch_datetime_operator.py for tasks to queue
[2024-03-28T20:09:22.825+0000] {logging_mixin.py:137} INFO - [2024-03-28T20:09:22.825+0000] {dagbag.py:538} INFO - Filling up the DagBag from /usr/local/python/3.10.13/lib/python3.10/site-packages/airflow/example_dags/example_branch_datetime_operator.py
[2024-03-28T20:09:22.840+0000] {processor.py:753} INFO - DAG(s) dict_keys(['example_branch_datetime_operator_2', 'example_branch_datetime_operator_3', 'example_branch_datetime_operator']) retrieved from /usr/local/python/3.10.13/lib/python3.10/site-packages/airflow/example_dags/example_branch_datetime_operator.py
[2024-03-28T20:09:22.858+0000] {logging_mixin.py:137} INFO - [2024-03-28T20:09:22.858+0000] {dag.py:2690} INFO - Sync 3 DAGs
[2024-03-28T20:09:22.968+0000] {logging_mixin.py:137} INFO - [2024-03-28T20:09:22.968+0000] {dag.py:3437} INFO - Setting next_dagrun for example_branch_datetime_operator to 2024-03-27T00:00:00+00:00, run_after=2024-03-28T00:00:00+00:00
[2024-03-28T20:09:22.972+0000] {logging_mixin.py:137} INFO - [2024-03-28T20:09:22.972+0000] {dag.py:3437} INFO - Setting next_dagrun for example_branch_datetime_operator_2 to 2024-03-27T00:00:00+00:00, run_after=2024-03-28T00:00:00+00:00
[2024-03-28T20:09:22.974+0000] {logging_mixin.py:137} INFO - [2024-03-28T20:09:22.974+0000] {dag.py:3437} INFO - Setting next_dagrun for example_branch_datetime_operator_3 to 2024-03-27T00:00:00+00:00, run_after=2024-03-28T00:00:00+00:00
[2024-03-28T20:09:23.015+0000] {processor.py:175} INFO - Processing /usr/local/python/3.10.13/lib/python3.10/site-packages/airflow/example_dags/example_branch_datetime_operator.py took 0.194 seconds
[2024-03-28T20:10:08.227+0000] {processor.py:153} INFO - Started process (PID=49859) to work on /usr/local/python/3.10.13/lib/python3.10/site-packages/airflow/example_dags/example_branch_datetime_operator.py
[2024-03-28T20:10:08.228+0000] {processor.py:743} INFO - Processing file /usr/local/python/3.10.13/lib/python3.10/site-packages/airflow/example_dags/example_branch_datetime_operator.py for tasks to queue
[2024-03-28T20:10:08.229+0000] {logging_mixin.py:137} INFO - [2024-03-28T20:10:08.229+0000] {dagbag.py:538} INFO - Filling up the DagBag from /usr/local/python/3.10.13/lib/python3.10/site-packages/airflow/example_dags/example_branch_datetime_operator.py
[2024-03-28T20:10:08.251+0000] {processor.py:753} INFO - DAG(s) dict_keys(['example_branch_datetime_operator_2', 'example_branch_datetime_operator_3', 'example_branch_datetime_operator']) retrieved from /usr/local/python/3.10.13/lib/python3.10/site-packages/airflow/example_dags/example_branch_datetime_operator.py
[2024-03-28T20:10:08.375+0000] {logging_mixin.py:137} INFO - [2024-03-28T20:10:08.375+0000] {dag.py:2690} INFO - Sync 3 DAGs
[2024-03-28T20:10:08.390+0000] {logging_mixin.py:137} INFO - [2024-03-28T20:10:08.390+0000] {dag.py:3437} INFO - Setting next_dagrun for example_branch_datetime_operator to 2024-03-27T00:00:00+00:00, run_after=2024-03-28T00:00:00+00:00
[2024-03-28T20:10:08.393+0000] {logging_mixin.py:137} INFO - [2024-03-28T20:10:08.393+0000] {dag.py:3437} INFO - Setting next_dagrun for example_branch_datetime_operator_2 to 2024-03-27T00:00:00+00:00, run_after=2024-03-28T00:00:00+00:00
[2024-03-28T20:10:08.395+0000] {logging_mixin.py:137} INFO - [2024-03-28T20:10:08.395+0000] {dag.py:3437} INFO - Setting next_dagrun for example_branch_datetime_operator_3 to 2024-03-27T00:00:00+00:00, run_after=2024-03-28T00:00:00+00:00
[2024-03-28T20:10:08.437+0000] {processor.py:175} INFO - Processing /usr/local/python/3.10.13/lib/python3.10/site-packages/airflow/example_dags/example_branch_datetime_operator.py took 0.213 seconds
[2024-03-28T20:10:50.750+0000] {processor.py:153} INFO - Started process (PID=50203) to work on /usr/local/python/3.10.13/lib/python3.10/site-packages/airflow/example_dags/example_branch_datetime_operator.py
[2024-03-28T20:10:50.751+0000] {processor.py:743} INFO - Processing file /usr/local/python/3.10.13/lib/python3.10/site-packages/airflow/example_dags/example_branch_datetime_operator.py for tasks to queue
[2024-03-28T20:10:50.751+0000] {logging_mixin.py:137} INFO - [2024-03-28T20:10:50.751+0000] {dagbag.py:538} INFO - Filling up the DagBag from /usr/local/python/3.10.13/lib/python3.10/site-packages/airflow/example_dags/example_branch_datetime_operator.py
[2024-03-28T20:10:50.857+0000] {processor.py:753} INFO - DAG(s) dict_keys(['example_branch_datetime_operator_2', 'example_branch_datetime_operator', 'example_branch_datetime_operator_3']) retrieved from /usr/local/python/3.10.13/lib/python3.10/site-packages/airflow/example_dags/example_branch_datetime_operator.py
[2024-03-28T20:10:50.873+0000] {logging_mixin.py:137} INFO - [2024-03-28T20:10:50.873+0000] {dag.py:2690} INFO - Sync 3 DAGs
[2024-03-28T20:10:50.888+0000] {logging_mixin.py:137} INFO - [2024-03-28T20:10:50.888+0000] {dag.py:3437} INFO - Setting next_dagrun for example_branch_datetime_operator to 2024-03-27T00:00:00+00:00, run_after=2024-03-28T00:00:00+00:00
[2024-03-28T20:10:50.891+0000] {logging_mixin.py:137} INFO - [2024-03-28T20:10:50.891+0000] {dag.py:3437} INFO - Setting next_dagrun for example_branch_datetime_operator_2 to 2024-03-27T00:00:00+00:00, run_after=2024-03-28T00:00:00+00:00
[2024-03-28T20:10:50.893+0000] {logging_mixin.py:137} INFO - [2024-03-28T20:10:50.893+0000] {dag.py:3437} INFO - Setting next_dagrun for example_branch_datetime_operator_3 to 2024-03-27T00:00:00+00:00, run_after=2024-03-28T00:00:00+00:00
[2024-03-28T20:10:50.934+0000] {processor.py:175} INFO - Processing /usr/local/python/3.10.13/lib/python3.10/site-packages/airflow/example_dags/example_branch_datetime_operator.py took 0.186 seconds
