[2024-03-28T20:00:13.363+0000] {processor.py:153} INFO - Started process (PID=44701) to work on /usr/local/python/3.10.13/lib/python3.10/site-packages/airflow/example_dags/example_branch_python_dop_operator_3.py
[2024-03-28T20:00:13.363+0000] {processor.py:743} INFO - Processing file /usr/local/python/3.10.13/lib/python3.10/site-packages/airflow/example_dags/example_branch_python_dop_operator_3.py for tasks to queue
[2024-03-28T20:00:13.364+0000] {logging_mixin.py:137} INFO - [2024-03-28T20:00:13.364+0000] {dagbag.py:538} INFO - Filling up the DagBag from /usr/local/python/3.10.13/lib/python3.10/site-packages/airflow/example_dags/example_branch_python_dop_operator_3.py
[2024-03-28T20:00:13.385+0000] {processor.py:753} INFO - DAG(s) dict_keys(['example_branch_dop_operator_v3']) retrieved from /usr/local/python/3.10.13/lib/python3.10/site-packages/airflow/example_dags/example_branch_python_dop_operator_3.py
[2024-03-28T20:00:13.530+0000] {logging_mixin.py:137} INFO - [2024-03-28T20:00:13.530+0000] {manager.py:504} INFO - Created Permission View: can read on DAG:example_branch_dop_operator_v3
[2024-03-28T20:00:13.566+0000] {logging_mixin.py:137} INFO - [2024-03-28T20:00:13.566+0000] {manager.py:504} INFO - Created Permission View: can delete on DAG:example_branch_dop_operator_v3
[2024-03-28T20:00:13.600+0000] {logging_mixin.py:137} INFO - [2024-03-28T20:00:13.600+0000] {manager.py:504} INFO - Created Permission View: can edit on DAG:example_branch_dop_operator_v3
[2024-03-28T20:00:13.600+0000] {logging_mixin.py:137} INFO - [2024-03-28T20:00:13.600+0000] {dag.py:2690} INFO - Sync 1 DAGs
[2024-03-28T20:00:13.608+0000] {logging_mixin.py:137} INFO - [2024-03-28T20:00:13.608+0000] {dag.py:2711} INFO - Creating ORM DAG for example_branch_dop_operator_v3
[2024-03-28T20:00:13.619+0000] {logging_mixin.py:137} INFO - [2024-03-28T20:00:13.619+0000] {dag.py:3437} INFO - Setting next_dagrun for example_branch_dop_operator_v3 to 2024-03-28T19:59:00+00:00, run_after=2024-03-28T20:00:00+00:00
[2024-03-28T20:00:13.669+0000] {processor.py:175} INFO - Processing /usr/local/python/3.10.13/lib/python3.10/site-packages/airflow/example_dags/example_branch_python_dop_operator_3.py took 0.309 seconds
[2024-03-28T20:00:57.047+0000] {processor.py:153} INFO - Started process (PID=44988) to work on /usr/local/python/3.10.13/lib/python3.10/site-packages/airflow/example_dags/example_branch_python_dop_operator_3.py
[2024-03-28T20:00:57.048+0000] {processor.py:743} INFO - Processing file /usr/local/python/3.10.13/lib/python3.10/site-packages/airflow/example_dags/example_branch_python_dop_operator_3.py for tasks to queue
[2024-03-28T20:00:57.048+0000] {logging_mixin.py:137} INFO - [2024-03-28T20:00:57.048+0000] {dagbag.py:538} INFO - Filling up the DagBag from /usr/local/python/3.10.13/lib/python3.10/site-packages/airflow/example_dags/example_branch_python_dop_operator_3.py
[2024-03-28T20:00:57.071+0000] {processor.py:753} INFO - DAG(s) dict_keys(['example_branch_dop_operator_v3']) retrieved from /usr/local/python/3.10.13/lib/python3.10/site-packages/airflow/example_dags/example_branch_python_dop_operator_3.py
[2024-03-28T20:00:57.085+0000] {logging_mixin.py:137} INFO - [2024-03-28T20:00:57.085+0000] {dag.py:2690} INFO - Sync 1 DAGs
[2024-03-28T20:00:57.107+0000] {logging_mixin.py:137} INFO - [2024-03-28T20:00:57.107+0000] {dag.py:3437} INFO - Setting next_dagrun for example_branch_dop_operator_v3 to 2024-03-28T19:59:00+00:00, run_after=2024-03-28T20:00:00+00:00
[2024-03-28T20:00:57.148+0000] {processor.py:175} INFO - Processing /usr/local/python/3.10.13/lib/python3.10/site-packages/airflow/example_dags/example_branch_python_dop_operator_3.py took 0.103 seconds
[2024-03-28T20:01:37.117+0000] {processor.py:153} INFO - Started process (PID=45260) to work on /usr/local/python/3.10.13/lib/python3.10/site-packages/airflow/example_dags/example_branch_python_dop_operator_3.py
[2024-03-28T20:01:37.118+0000] {processor.py:743} INFO - Processing file /usr/local/python/3.10.13/lib/python3.10/site-packages/airflow/example_dags/example_branch_python_dop_operator_3.py for tasks to queue
[2024-03-28T20:01:37.118+0000] {logging_mixin.py:137} INFO - [2024-03-28T20:01:37.118+0000] {dagbag.py:538} INFO - Filling up the DagBag from /usr/local/python/3.10.13/lib/python3.10/site-packages/airflow/example_dags/example_branch_python_dop_operator_3.py
[2024-03-28T20:01:37.141+0000] {processor.py:753} INFO - DAG(s) dict_keys(['example_branch_dop_operator_v3']) retrieved from /usr/local/python/3.10.13/lib/python3.10/site-packages/airflow/example_dags/example_branch_python_dop_operator_3.py
[2024-03-28T20:01:37.155+0000] {logging_mixin.py:137} INFO - [2024-03-28T20:01:37.154+0000] {dag.py:2690} INFO - Sync 1 DAGs
[2024-03-28T20:01:37.173+0000] {logging_mixin.py:137} INFO - [2024-03-28T20:01:37.173+0000] {dag.py:3437} INFO - Setting next_dagrun for example_branch_dop_operator_v3 to 2024-03-28T20:00:00+00:00, run_after=2024-03-28T20:01:00+00:00
[2024-03-28T20:01:37.219+0000] {processor.py:175} INFO - Processing /usr/local/python/3.10.13/lib/python3.10/site-packages/airflow/example_dags/example_branch_python_dop_operator_3.py took 0.103 seconds
[2024-03-28T20:02:19.320+0000] {processor.py:153} INFO - Started process (PID=45548) to work on /usr/local/python/3.10.13/lib/python3.10/site-packages/airflow/example_dags/example_branch_python_dop_operator_3.py
[2024-03-28T20:02:19.320+0000] {processor.py:743} INFO - Processing file /usr/local/python/3.10.13/lib/python3.10/site-packages/airflow/example_dags/example_branch_python_dop_operator_3.py for tasks to queue
[2024-03-28T20:02:19.321+0000] {logging_mixin.py:137} INFO - [2024-03-28T20:02:19.321+0000] {dagbag.py:538} INFO - Filling up the DagBag from /usr/local/python/3.10.13/lib/python3.10/site-packages/airflow/example_dags/example_branch_python_dop_operator_3.py
[2024-03-28T20:02:19.342+0000] {processor.py:753} INFO - DAG(s) dict_keys(['example_branch_dop_operator_v3']) retrieved from /usr/local/python/3.10.13/lib/python3.10/site-packages/airflow/example_dags/example_branch_python_dop_operator_3.py
[2024-03-28T20:02:19.355+0000] {logging_mixin.py:137} INFO - [2024-03-28T20:02:19.355+0000] {dag.py:2690} INFO - Sync 1 DAGs
[2024-03-28T20:02:19.376+0000] {logging_mixin.py:137} INFO - [2024-03-28T20:02:19.375+0000] {dag.py:3437} INFO - Setting next_dagrun for example_branch_dop_operator_v3 to 2024-03-28T20:01:00+00:00, run_after=2024-03-28T20:02:00+00:00
[2024-03-28T20:02:19.422+0000] {processor.py:175} INFO - Processing /usr/local/python/3.10.13/lib/python3.10/site-packages/airflow/example_dags/example_branch_python_dop_operator_3.py took 0.107 seconds
[2024-03-28T20:02:59.790+0000] {processor.py:153} INFO - Started process (PID=45932) to work on /usr/local/python/3.10.13/lib/python3.10/site-packages/airflow/example_dags/example_branch_python_dop_operator_3.py
[2024-03-28T20:02:59.791+0000] {processor.py:743} INFO - Processing file /usr/local/python/3.10.13/lib/python3.10/site-packages/airflow/example_dags/example_branch_python_dop_operator_3.py for tasks to queue
[2024-03-28T20:02:59.792+0000] {logging_mixin.py:137} INFO - [2024-03-28T20:02:59.792+0000] {dagbag.py:538} INFO - Filling up the DagBag from /usr/local/python/3.10.13/lib/python3.10/site-packages/airflow/example_dags/example_branch_python_dop_operator_3.py
[2024-03-28T20:02:59.813+0000] {processor.py:753} INFO - DAG(s) dict_keys(['example_branch_dop_operator_v3']) retrieved from /usr/local/python/3.10.13/lib/python3.10/site-packages/airflow/example_dags/example_branch_python_dop_operator_3.py
[2024-03-28T20:02:59.826+0000] {logging_mixin.py:137} INFO - [2024-03-28T20:02:59.826+0000] {dag.py:2690} INFO - Sync 1 DAGs
[2024-03-28T20:02:59.846+0000] {logging_mixin.py:137} INFO - [2024-03-28T20:02:59.846+0000] {dag.py:3437} INFO - Setting next_dagrun for example_branch_dop_operator_v3 to 2024-03-28T20:01:00+00:00, run_after=2024-03-28T20:02:00+00:00
[2024-03-28T20:02:59.890+0000] {processor.py:175} INFO - Processing /usr/local/python/3.10.13/lib/python3.10/site-packages/airflow/example_dags/example_branch_python_dop_operator_3.py took 0.102 seconds
[2024-03-28T20:03:38.725+0000] {processor.py:153} INFO - Started process (PID=46233) to work on /usr/local/python/3.10.13/lib/python3.10/site-packages/airflow/example_dags/example_branch_python_dop_operator_3.py
[2024-03-28T20:03:38.726+0000] {processor.py:743} INFO - Processing file /usr/local/python/3.10.13/lib/python3.10/site-packages/airflow/example_dags/example_branch_python_dop_operator_3.py for tasks to queue
[2024-03-28T20:03:38.726+0000] {logging_mixin.py:137} INFO - [2024-03-28T20:03:38.726+0000] {dagbag.py:538} INFO - Filling up the DagBag from /usr/local/python/3.10.13/lib/python3.10/site-packages/airflow/example_dags/example_branch_python_dop_operator_3.py
[2024-03-28T20:03:38.748+0000] {processor.py:753} INFO - DAG(s) dict_keys(['example_branch_dop_operator_v3']) retrieved from /usr/local/python/3.10.13/lib/python3.10/site-packages/airflow/example_dags/example_branch_python_dop_operator_3.py
[2024-03-28T20:03:38.761+0000] {logging_mixin.py:137} INFO - [2024-03-28T20:03:38.761+0000] {dag.py:2690} INFO - Sync 1 DAGs
[2024-03-28T20:03:38.791+0000] {logging_mixin.py:137} INFO - [2024-03-28T20:03:38.791+0000] {dag.py:3437} INFO - Setting next_dagrun for example_branch_dop_operator_v3 to 2024-03-28T20:02:00+00:00, run_after=2024-03-28T20:03:00+00:00
[2024-03-28T20:03:38.840+0000] {processor.py:175} INFO - Processing /usr/local/python/3.10.13/lib/python3.10/site-packages/airflow/example_dags/example_branch_python_dop_operator_3.py took 0.117 seconds
[2024-03-28T20:04:20.383+0000] {processor.py:153} INFO - Started process (PID=46664) to work on /usr/local/python/3.10.13/lib/python3.10/site-packages/airflow/example_dags/example_branch_python_dop_operator_3.py
[2024-03-28T20:04:20.384+0000] {processor.py:743} INFO - Processing file /usr/local/python/3.10.13/lib/python3.10/site-packages/airflow/example_dags/example_branch_python_dop_operator_3.py for tasks to queue
[2024-03-28T20:04:20.384+0000] {logging_mixin.py:137} INFO - [2024-03-28T20:04:20.384+0000] {dagbag.py:538} INFO - Filling up the DagBag from /usr/local/python/3.10.13/lib/python3.10/site-packages/airflow/example_dags/example_branch_python_dop_operator_3.py
[2024-03-28T20:04:20.405+0000] {processor.py:753} INFO - DAG(s) dict_keys(['example_branch_dop_operator_v3']) retrieved from /usr/local/python/3.10.13/lib/python3.10/site-packages/airflow/example_dags/example_branch_python_dop_operator_3.py
[2024-03-28T20:04:20.419+0000] {logging_mixin.py:137} INFO - [2024-03-28T20:04:20.419+0000] {dag.py:2690} INFO - Sync 1 DAGs
[2024-03-28T20:04:20.438+0000] {logging_mixin.py:137} INFO - [2024-03-28T20:04:20.438+0000] {dag.py:3437} INFO - Setting next_dagrun for example_branch_dop_operator_v3 to 2024-03-28T20:03:00+00:00, run_after=2024-03-28T20:04:00+00:00
[2024-03-28T20:04:20.483+0000] {processor.py:175} INFO - Processing /usr/local/python/3.10.13/lib/python3.10/site-packages/airflow/example_dags/example_branch_python_dop_operator_3.py took 0.102 seconds
[2024-03-28T20:04:58.278+0000] {processor.py:153} INFO - Started process (PID=47028) to work on /usr/local/python/3.10.13/lib/python3.10/site-packages/airflow/example_dags/example_branch_python_dop_operator_3.py
[2024-03-28T20:04:58.279+0000] {processor.py:743} INFO - Processing file /usr/local/python/3.10.13/lib/python3.10/site-packages/airflow/example_dags/example_branch_python_dop_operator_3.py for tasks to queue
[2024-03-28T20:04:58.279+0000] {logging_mixin.py:137} INFO - [2024-03-28T20:04:58.279+0000] {dagbag.py:538} INFO - Filling up the DagBag from /usr/local/python/3.10.13/lib/python3.10/site-packages/airflow/example_dags/example_branch_python_dop_operator_3.py
[2024-03-28T20:04:58.301+0000] {processor.py:753} INFO - DAG(s) dict_keys(['example_branch_dop_operator_v3']) retrieved from /usr/local/python/3.10.13/lib/python3.10/site-packages/airflow/example_dags/example_branch_python_dop_operator_3.py
[2024-03-28T20:04:58.315+0000] {logging_mixin.py:137} INFO - [2024-03-28T20:04:58.315+0000] {dag.py:2690} INFO - Sync 1 DAGs
[2024-03-28T20:04:58.334+0000] {logging_mixin.py:137} INFO - [2024-03-28T20:04:58.333+0000] {dag.py:3437} INFO - Setting next_dagrun for example_branch_dop_operator_v3 to 2024-03-28T20:03:00+00:00, run_after=2024-03-28T20:04:00+00:00
[2024-03-28T20:04:58.378+0000] {processor.py:175} INFO - Processing /usr/local/python/3.10.13/lib/python3.10/site-packages/airflow/example_dags/example_branch_python_dop_operator_3.py took 0.102 seconds
[2024-03-28T20:05:38.981+0000] {processor.py:153} INFO - Started process (PID=47454) to work on /usr/local/python/3.10.13/lib/python3.10/site-packages/airflow/example_dags/example_branch_python_dop_operator_3.py
[2024-03-28T20:05:38.982+0000] {processor.py:743} INFO - Processing file /usr/local/python/3.10.13/lib/python3.10/site-packages/airflow/example_dags/example_branch_python_dop_operator_3.py for tasks to queue
[2024-03-28T20:05:38.982+0000] {logging_mixin.py:137} INFO - [2024-03-28T20:05:38.982+0000] {dagbag.py:538} INFO - Filling up the DagBag from /usr/local/python/3.10.13/lib/python3.10/site-packages/airflow/example_dags/example_branch_python_dop_operator_3.py
[2024-03-28T20:05:39.007+0000] {processor.py:753} INFO - DAG(s) dict_keys(['example_branch_dop_operator_v3']) retrieved from /usr/local/python/3.10.13/lib/python3.10/site-packages/airflow/example_dags/example_branch_python_dop_operator_3.py
[2024-03-28T20:05:39.022+0000] {logging_mixin.py:137} INFO - [2024-03-28T20:05:39.022+0000] {dag.py:2690} INFO - Sync 1 DAGs
[2024-03-28T20:05:39.042+0000] {logging_mixin.py:137} INFO - [2024-03-28T20:05:39.041+0000] {dag.py:3437} INFO - Setting next_dagrun for example_branch_dop_operator_v3 to 2024-03-28T20:04:00+00:00, run_after=2024-03-28T20:05:00+00:00
[2024-03-28T20:05:39.089+0000] {processor.py:175} INFO - Processing /usr/local/python/3.10.13/lib/python3.10/site-packages/airflow/example_dags/example_branch_python_dop_operator_3.py took 0.111 seconds
[2024-03-28T20:06:22.077+0000] {processor.py:153} INFO - Started process (PID=47909) to work on /usr/local/python/3.10.13/lib/python3.10/site-packages/airflow/example_dags/example_branch_python_dop_operator_3.py
[2024-03-28T20:06:22.078+0000] {processor.py:743} INFO - Processing file /usr/local/python/3.10.13/lib/python3.10/site-packages/airflow/example_dags/example_branch_python_dop_operator_3.py for tasks to queue
[2024-03-28T20:06:22.078+0000] {logging_mixin.py:137} INFO - [2024-03-28T20:06:22.078+0000] {dagbag.py:538} INFO - Filling up the DagBag from /usr/local/python/3.10.13/lib/python3.10/site-packages/airflow/example_dags/example_branch_python_dop_operator_3.py
[2024-03-28T20:06:22.100+0000] {processor.py:753} INFO - DAG(s) dict_keys(['example_branch_dop_operator_v3']) retrieved from /usr/local/python/3.10.13/lib/python3.10/site-packages/airflow/example_dags/example_branch_python_dop_operator_3.py
[2024-03-28T20:06:22.117+0000] {logging_mixin.py:137} INFO - [2024-03-28T20:06:22.117+0000] {dag.py:2690} INFO - Sync 1 DAGs
[2024-03-28T20:06:22.137+0000] {logging_mixin.py:137} INFO - [2024-03-28T20:06:22.137+0000] {dag.py:3437} INFO - Setting next_dagrun for example_branch_dop_operator_v3 to 2024-03-28T20:05:00+00:00, run_after=2024-03-28T20:06:00+00:00
[2024-03-28T20:06:22.276+0000] {processor.py:175} INFO - Processing /usr/local/python/3.10.13/lib/python3.10/site-packages/airflow/example_dags/example_branch_python_dop_operator_3.py took 0.201 seconds
[2024-03-28T20:07:05.211+0000] {processor.py:153} INFO - Started process (PID=48218) to work on /usr/local/python/3.10.13/lib/python3.10/site-packages/airflow/example_dags/example_branch_python_dop_operator_3.py
[2024-03-28T20:07:05.211+0000] {processor.py:743} INFO - Processing file /usr/local/python/3.10.13/lib/python3.10/site-packages/airflow/example_dags/example_branch_python_dop_operator_3.py for tasks to queue
[2024-03-28T20:07:05.212+0000] {logging_mixin.py:137} INFO - [2024-03-28T20:07:05.212+0000] {dagbag.py:538} INFO - Filling up the DagBag from /usr/local/python/3.10.13/lib/python3.10/site-packages/airflow/example_dags/example_branch_python_dop_operator_3.py
[2024-03-28T20:07:05.233+0000] {processor.py:753} INFO - DAG(s) dict_keys(['example_branch_dop_operator_v3']) retrieved from /usr/local/python/3.10.13/lib/python3.10/site-packages/airflow/example_dags/example_branch_python_dop_operator_3.py
[2024-03-28T20:07:05.247+0000] {logging_mixin.py:137} INFO - [2024-03-28T20:07:05.247+0000] {dag.py:2690} INFO - Sync 1 DAGs
[2024-03-28T20:07:05.267+0000] {logging_mixin.py:137} INFO - [2024-03-28T20:07:05.267+0000] {dag.py:3437} INFO - Setting next_dagrun for example_branch_dop_operator_v3 to 2024-03-28T20:06:00+00:00, run_after=2024-03-28T20:07:00+00:00
[2024-03-28T20:07:05.457+0000] {processor.py:175} INFO - Processing /usr/local/python/3.10.13/lib/python3.10/site-packages/airflow/example_dags/example_branch_python_dop_operator_3.py took 0.249 seconds
[2024-03-28T20:07:48.018+0000] {processor.py:153} INFO - Started process (PID=48565) to work on /usr/local/python/3.10.13/lib/python3.10/site-packages/airflow/example_dags/example_branch_python_dop_operator_3.py
[2024-03-28T20:07:48.019+0000] {processor.py:743} INFO - Processing file /usr/local/python/3.10.13/lib/python3.10/site-packages/airflow/example_dags/example_branch_python_dop_operator_3.py for tasks to queue
[2024-03-28T20:07:48.020+0000] {logging_mixin.py:137} INFO - [2024-03-28T20:07:48.020+0000] {dagbag.py:538} INFO - Filling up the DagBag from /usr/local/python/3.10.13/lib/python3.10/site-packages/airflow/example_dags/example_branch_python_dop_operator_3.py
[2024-03-28T20:07:48.042+0000] {processor.py:753} INFO - DAG(s) dict_keys(['example_branch_dop_operator_v3']) retrieved from /usr/local/python/3.10.13/lib/python3.10/site-packages/airflow/example_dags/example_branch_python_dop_operator_3.py
[2024-03-28T20:07:48.056+0000] {logging_mixin.py:137} INFO - [2024-03-28T20:07:48.056+0000] {dag.py:2690} INFO - Sync 1 DAGs
[2024-03-28T20:07:48.172+0000] {logging_mixin.py:137} INFO - [2024-03-28T20:07:48.172+0000] {dag.py:3437} INFO - Setting next_dagrun for example_branch_dop_operator_v3 to 2024-03-28T20:06:00+00:00, run_after=2024-03-28T20:07:00+00:00
[2024-03-28T20:07:48.218+0000] {processor.py:175} INFO - Processing /usr/local/python/3.10.13/lib/python3.10/site-packages/airflow/example_dags/example_branch_python_dop_operator_3.py took 0.203 seconds
[2024-03-28T20:08:33.335+0000] {processor.py:153} INFO - Started process (PID=49001) to work on /usr/local/python/3.10.13/lib/python3.10/site-packages/airflow/example_dags/example_branch_python_dop_operator_3.py
[2024-03-28T20:08:33.336+0000] {processor.py:743} INFO - Processing file /usr/local/python/3.10.13/lib/python3.10/site-packages/airflow/example_dags/example_branch_python_dop_operator_3.py for tasks to queue
[2024-03-28T20:08:33.337+0000] {logging_mixin.py:137} INFO - [2024-03-28T20:08:33.337+0000] {dagbag.py:538} INFO - Filling up the DagBag from /usr/local/python/3.10.13/lib/python3.10/site-packages/airflow/example_dags/example_branch_python_dop_operator_3.py
[2024-03-28T20:08:33.357+0000] {processor.py:753} INFO - DAG(s) dict_keys(['example_branch_dop_operator_v3']) retrieved from /usr/local/python/3.10.13/lib/python3.10/site-packages/airflow/example_dags/example_branch_python_dop_operator_3.py
[2024-03-28T20:08:33.376+0000] {logging_mixin.py:137} INFO - [2024-03-28T20:08:33.376+0000] {dag.py:2690} INFO - Sync 1 DAGs
[2024-03-28T20:08:33.488+0000] {logging_mixin.py:137} INFO - [2024-03-28T20:08:33.488+0000] {dag.py:3437} INFO - Setting next_dagrun for example_branch_dop_operator_v3 to 2024-03-28T20:07:00+00:00, run_after=2024-03-28T20:08:00+00:00
[2024-03-28T20:08:33.533+0000] {processor.py:175} INFO - Processing /usr/local/python/3.10.13/lib/python3.10/site-packages/airflow/example_dags/example_branch_python_dop_operator_3.py took 0.200 seconds
[2024-03-28T20:09:20.255+0000] {processor.py:153} INFO - Started process (PID=49447) to work on /usr/local/python/3.10.13/lib/python3.10/site-packages/airflow/example_dags/example_branch_python_dop_operator_3.py
[2024-03-28T20:09:20.256+0000] {processor.py:743} INFO - Processing file /usr/local/python/3.10.13/lib/python3.10/site-packages/airflow/example_dags/example_branch_python_dop_operator_3.py for tasks to queue
[2024-03-28T20:09:20.256+0000] {logging_mixin.py:137} INFO - [2024-03-28T20:09:20.256+0000] {dagbag.py:538} INFO - Filling up the DagBag from /usr/local/python/3.10.13/lib/python3.10/site-packages/airflow/example_dags/example_branch_python_dop_operator_3.py
[2024-03-28T20:09:20.278+0000] {processor.py:753} INFO - DAG(s) dict_keys(['example_branch_dop_operator_v3']) retrieved from /usr/local/python/3.10.13/lib/python3.10/site-packages/airflow/example_dags/example_branch_python_dop_operator_3.py
[2024-03-28T20:09:20.391+0000] {logging_mixin.py:137} INFO - [2024-03-28T20:09:20.391+0000] {dag.py:2690} INFO - Sync 1 DAGs
[2024-03-28T20:09:20.426+0000] {logging_mixin.py:137} INFO - [2024-03-28T20:09:20.426+0000] {dag.py:3437} INFO - Setting next_dagrun for example_branch_dop_operator_v3 to 2024-03-28T20:08:00+00:00, run_after=2024-03-28T20:09:00+00:00
[2024-03-28T20:09:20.480+0000] {processor.py:175} INFO - Processing /usr/local/python/3.10.13/lib/python3.10/site-packages/airflow/example_dags/example_branch_python_dop_operator_3.py took 0.227 seconds
[2024-03-28T20:10:05.623+0000] {processor.py:153} INFO - Started process (PID=49851) to work on /usr/local/python/3.10.13/lib/python3.10/site-packages/airflow/example_dags/example_branch_python_dop_operator_3.py
[2024-03-28T20:10:05.624+0000] {processor.py:743} INFO - Processing file /usr/local/python/3.10.13/lib/python3.10/site-packages/airflow/example_dags/example_branch_python_dop_operator_3.py for tasks to queue
[2024-03-28T20:10:05.624+0000] {logging_mixin.py:137} INFO - [2024-03-28T20:10:05.624+0000] {dagbag.py:538} INFO - Filling up the DagBag from /usr/local/python/3.10.13/lib/python3.10/site-packages/airflow/example_dags/example_branch_python_dop_operator_3.py
[2024-03-28T20:10:05.745+0000] {processor.py:753} INFO - DAG(s) dict_keys(['example_branch_dop_operator_v3']) retrieved from /usr/local/python/3.10.13/lib/python3.10/site-packages/airflow/example_dags/example_branch_python_dop_operator_3.py
[2024-03-28T20:10:05.761+0000] {logging_mixin.py:137} INFO - [2024-03-28T20:10:05.761+0000] {dag.py:2690} INFO - Sync 1 DAGs
[2024-03-28T20:10:05.780+0000] {logging_mixin.py:137} INFO - [2024-03-28T20:10:05.780+0000] {dag.py:3437} INFO - Setting next_dagrun for example_branch_dop_operator_v3 to 2024-03-28T20:09:00+00:00, run_after=2024-03-28T20:10:00+00:00
[2024-03-28T20:10:05.821+0000] {processor.py:175} INFO - Processing /usr/local/python/3.10.13/lib/python3.10/site-packages/airflow/example_dags/example_branch_python_dop_operator_3.py took 0.200 seconds
[2024-03-28T20:10:48.137+0000] {processor.py:153} INFO - Started process (PID=50191) to work on /usr/local/python/3.10.13/lib/python3.10/site-packages/airflow/example_dags/example_branch_python_dop_operator_3.py
[2024-03-28T20:10:48.138+0000] {processor.py:743} INFO - Processing file /usr/local/python/3.10.13/lib/python3.10/site-packages/airflow/example_dags/example_branch_python_dop_operator_3.py for tasks to queue
[2024-03-28T20:10:48.139+0000] {logging_mixin.py:137} INFO - [2024-03-28T20:10:48.138+0000] {dagbag.py:538} INFO - Filling up the DagBag from /usr/local/python/3.10.13/lib/python3.10/site-packages/airflow/example_dags/example_branch_python_dop_operator_3.py
[2024-03-28T20:10:48.262+0000] {processor.py:753} INFO - DAG(s) dict_keys(['example_branch_dop_operator_v3']) retrieved from /usr/local/python/3.10.13/lib/python3.10/site-packages/airflow/example_dags/example_branch_python_dop_operator_3.py
[2024-03-28T20:10:48.273+0000] {logging_mixin.py:137} INFO - [2024-03-28T20:10:48.273+0000] {dag.py:2690} INFO - Sync 1 DAGs
[2024-03-28T20:10:48.300+0000] {logging_mixin.py:137} INFO - [2024-03-28T20:10:48.300+0000] {dag.py:3437} INFO - Setting next_dagrun for example_branch_dop_operator_v3 to 2024-03-28T20:09:00+00:00, run_after=2024-03-28T20:10:00+00:00
[2024-03-28T20:10:48.353+0000] {processor.py:175} INFO - Processing /usr/local/python/3.10.13/lib/python3.10/site-packages/airflow/example_dags/example_branch_python_dop_operator_3.py took 0.220 seconds
