[2024-03-28T20:00:07.200+0000] {processor.py:153} INFO - Started process (PID=44649) to work on /usr/local/python/3.10.13/lib/python3.10/site-packages/airflow/example_dags/example_latest_only_with_trigger.py
[2024-03-28T20:00:07.201+0000] {processor.py:743} INFO - Processing file /usr/local/python/3.10.13/lib/python3.10/site-packages/airflow/example_dags/example_latest_only_with_trigger.py for tasks to queue
[2024-03-28T20:00:07.201+0000] {logging_mixin.py:137} INFO - [2024-03-28T20:00:07.201+0000] {dagbag.py:538} INFO - Filling up the DagBag from /usr/local/python/3.10.13/lib/python3.10/site-packages/airflow/example_dags/example_latest_only_with_trigger.py
[2024-03-28T20:00:07.213+0000] {processor.py:753} INFO - DAG(s) dict_keys(['latest_only_with_trigger']) retrieved from /usr/local/python/3.10.13/lib/python3.10/site-packages/airflow/example_dags/example_latest_only_with_trigger.py
[2024-03-28T20:00:07.355+0000] {logging_mixin.py:137} INFO - [2024-03-28T20:00:07.355+0000] {manager.py:504} INFO - Created Permission View: can read on DAG:latest_only_with_trigger
[2024-03-28T20:00:07.388+0000] {logging_mixin.py:137} INFO - [2024-03-28T20:00:07.388+0000] {manager.py:504} INFO - Created Permission View: can delete on DAG:latest_only_with_trigger
[2024-03-28T20:00:07.419+0000] {logging_mixin.py:137} INFO - [2024-03-28T20:00:07.419+0000] {manager.py:504} INFO - Created Permission View: can edit on DAG:latest_only_with_trigger
[2024-03-28T20:00:07.420+0000] {logging_mixin.py:137} INFO - [2024-03-28T20:00:07.420+0000] {dag.py:2690} INFO - Sync 1 DAGs
[2024-03-28T20:00:07.427+0000] {logging_mixin.py:137} INFO - [2024-03-28T20:00:07.427+0000] {dag.py:2711} INFO - Creating ORM DAG for latest_only_with_trigger
[2024-03-28T20:00:07.434+0000] {logging_mixin.py:137} INFO - [2024-03-28T20:00:07.434+0000] {dag.py:3437} INFO - Setting next_dagrun for latest_only_with_trigger to 2024-03-28T16:00:07.434448+00:00, run_after=2024-03-28T20:00:07.434448+00:00
[2024-03-28T20:00:07.481+0000] {processor.py:175} INFO - Processing /usr/local/python/3.10.13/lib/python3.10/site-packages/airflow/example_dags/example_latest_only_with_trigger.py took 0.283 seconds
[2024-03-28T20:00:51.879+0000] {processor.py:153} INFO - Started process (PID=44959) to work on /usr/local/python/3.10.13/lib/python3.10/site-packages/airflow/example_dags/example_latest_only_with_trigger.py
[2024-03-28T20:00:51.880+0000] {processor.py:743} INFO - Processing file /usr/local/python/3.10.13/lib/python3.10/site-packages/airflow/example_dags/example_latest_only_with_trigger.py for tasks to queue
[2024-03-28T20:00:51.880+0000] {logging_mixin.py:137} INFO - [2024-03-28T20:00:51.880+0000] {dagbag.py:538} INFO - Filling up the DagBag from /usr/local/python/3.10.13/lib/python3.10/site-packages/airflow/example_dags/example_latest_only_with_trigger.py
[2024-03-28T20:00:51.892+0000] {processor.py:753} INFO - DAG(s) dict_keys(['latest_only_with_trigger']) retrieved from /usr/local/python/3.10.13/lib/python3.10/site-packages/airflow/example_dags/example_latest_only_with_trigger.py
[2024-03-28T20:00:51.907+0000] {logging_mixin.py:137} INFO - [2024-03-28T20:00:51.907+0000] {dag.py:2690} INFO - Sync 1 DAGs
[2024-03-28T20:00:51.922+0000] {logging_mixin.py:137} INFO - [2024-03-28T20:00:51.922+0000] {dag.py:3437} INFO - Setting next_dagrun for latest_only_with_trigger to 2024-03-28T16:00:51.922082+00:00, run_after=2024-03-28T20:00:51.922082+00:00
[2024-03-28T20:00:51.969+0000] {processor.py:175} INFO - Processing /usr/local/python/3.10.13/lib/python3.10/site-packages/airflow/example_dags/example_latest_only_with_trigger.py took 0.092 seconds
[2024-03-28T20:01:31.619+0000] {processor.py:153} INFO - Started process (PID=45213) to work on /usr/local/python/3.10.13/lib/python3.10/site-packages/airflow/example_dags/example_latest_only_with_trigger.py
[2024-03-28T20:01:31.620+0000] {processor.py:743} INFO - Processing file /usr/local/python/3.10.13/lib/python3.10/site-packages/airflow/example_dags/example_latest_only_with_trigger.py for tasks to queue
[2024-03-28T20:01:31.620+0000] {logging_mixin.py:137} INFO - [2024-03-28T20:01:31.620+0000] {dagbag.py:538} INFO - Filling up the DagBag from /usr/local/python/3.10.13/lib/python3.10/site-packages/airflow/example_dags/example_latest_only_with_trigger.py
[2024-03-28T20:01:31.633+0000] {processor.py:753} INFO - DAG(s) dict_keys(['latest_only_with_trigger']) retrieved from /usr/local/python/3.10.13/lib/python3.10/site-packages/airflow/example_dags/example_latest_only_with_trigger.py
[2024-03-28T20:01:31.646+0000] {logging_mixin.py:137} INFO - [2024-03-28T20:01:31.646+0000] {dag.py:2690} INFO - Sync 1 DAGs
[2024-03-28T20:01:31.661+0000] {logging_mixin.py:137} INFO - [2024-03-28T20:01:31.661+0000] {dag.py:3437} INFO - Setting next_dagrun for latest_only_with_trigger to 2024-03-28T16:01:31.661097+00:00, run_after=2024-03-28T20:01:31.661097+00:00
[2024-03-28T20:01:31.705+0000] {processor.py:175} INFO - Processing /usr/local/python/3.10.13/lib/python3.10/site-packages/airflow/example_dags/example_latest_only_with_trigger.py took 0.088 seconds
[2024-03-28T20:02:13.945+0000] {processor.py:153} INFO - Started process (PID=45521) to work on /usr/local/python/3.10.13/lib/python3.10/site-packages/airflow/example_dags/example_latest_only_with_trigger.py
[2024-03-28T20:02:13.946+0000] {processor.py:743} INFO - Processing file /usr/local/python/3.10.13/lib/python3.10/site-packages/airflow/example_dags/example_latest_only_with_trigger.py for tasks to queue
[2024-03-28T20:02:13.946+0000] {logging_mixin.py:137} INFO - [2024-03-28T20:02:13.946+0000] {dagbag.py:538} INFO - Filling up the DagBag from /usr/local/python/3.10.13/lib/python3.10/site-packages/airflow/example_dags/example_latest_only_with_trigger.py
[2024-03-28T20:02:13.958+0000] {processor.py:753} INFO - DAG(s) dict_keys(['latest_only_with_trigger']) retrieved from /usr/local/python/3.10.13/lib/python3.10/site-packages/airflow/example_dags/example_latest_only_with_trigger.py
[2024-03-28T20:02:13.972+0000] {logging_mixin.py:137} INFO - [2024-03-28T20:02:13.972+0000] {dag.py:2690} INFO - Sync 1 DAGs
[2024-03-28T20:02:13.986+0000] {logging_mixin.py:137} INFO - [2024-03-28T20:02:13.986+0000] {dag.py:3437} INFO - Setting next_dagrun for latest_only_with_trigger to 2024-03-28T16:02:13.986449+00:00, run_after=2024-03-28T20:02:13.986449+00:00
[2024-03-28T20:02:14.035+0000] {processor.py:175} INFO - Processing /usr/local/python/3.10.13/lib/python3.10/site-packages/airflow/example_dags/example_latest_only_with_trigger.py took 0.092 seconds
[2024-03-28T20:02:54.247+0000] {processor.py:153} INFO - Started process (PID=45887) to work on /usr/local/python/3.10.13/lib/python3.10/site-packages/airflow/example_dags/example_latest_only_with_trigger.py
[2024-03-28T20:02:54.248+0000] {processor.py:743} INFO - Processing file /usr/local/python/3.10.13/lib/python3.10/site-packages/airflow/example_dags/example_latest_only_with_trigger.py for tasks to queue
[2024-03-28T20:02:54.249+0000] {logging_mixin.py:137} INFO - [2024-03-28T20:02:54.248+0000] {dagbag.py:538} INFO - Filling up the DagBag from /usr/local/python/3.10.13/lib/python3.10/site-packages/airflow/example_dags/example_latest_only_with_trigger.py
[2024-03-28T20:02:54.260+0000] {processor.py:753} INFO - DAG(s) dict_keys(['latest_only_with_trigger']) retrieved from /usr/local/python/3.10.13/lib/python3.10/site-packages/airflow/example_dags/example_latest_only_with_trigger.py
[2024-03-28T20:02:54.274+0000] {logging_mixin.py:137} INFO - [2024-03-28T20:02:54.274+0000] {dag.py:2690} INFO - Sync 1 DAGs
[2024-03-28T20:02:54.289+0000] {logging_mixin.py:137} INFO - [2024-03-28T20:02:54.289+0000] {dag.py:3437} INFO - Setting next_dagrun for latest_only_with_trigger to 2024-03-28T16:02:54.289255+00:00, run_after=2024-03-28T20:02:54.289255+00:00
[2024-03-28T20:02:54.334+0000] {processor.py:175} INFO - Processing /usr/local/python/3.10.13/lib/python3.10/site-packages/airflow/example_dags/example_latest_only_with_trigger.py took 0.088 seconds
[2024-03-28T20:03:33.916+0000] {processor.py:153} INFO - Started process (PID=46181) to work on /usr/local/python/3.10.13/lib/python3.10/site-packages/airflow/example_dags/example_latest_only_with_trigger.py
[2024-03-28T20:03:33.917+0000] {processor.py:743} INFO - Processing file /usr/local/python/3.10.13/lib/python3.10/site-packages/airflow/example_dags/example_latest_only_with_trigger.py for tasks to queue
[2024-03-28T20:03:33.917+0000] {logging_mixin.py:137} INFO - [2024-03-28T20:03:33.917+0000] {dagbag.py:538} INFO - Filling up the DagBag from /usr/local/python/3.10.13/lib/python3.10/site-packages/airflow/example_dags/example_latest_only_with_trigger.py
[2024-03-28T20:03:33.929+0000] {processor.py:753} INFO - DAG(s) dict_keys(['latest_only_with_trigger']) retrieved from /usr/local/python/3.10.13/lib/python3.10/site-packages/airflow/example_dags/example_latest_only_with_trigger.py
[2024-03-28T20:03:33.942+0000] {logging_mixin.py:137} INFO - [2024-03-28T20:03:33.942+0000] {dag.py:2690} INFO - Sync 1 DAGs
[2024-03-28T20:03:33.957+0000] {logging_mixin.py:137} INFO - [2024-03-28T20:03:33.957+0000] {dag.py:3437} INFO - Setting next_dagrun for latest_only_with_trigger to 2024-03-28T16:03:33.957540+00:00, run_after=2024-03-28T20:03:33.957540+00:00
[2024-03-28T20:03:34.001+0000] {processor.py:175} INFO - Processing /usr/local/python/3.10.13/lib/python3.10/site-packages/airflow/example_dags/example_latest_only_with_trigger.py took 0.087 seconds
[2024-03-28T20:04:12.390+0000] {processor.py:153} INFO - Started process (PID=46593) to work on /usr/local/python/3.10.13/lib/python3.10/site-packages/airflow/example_dags/example_latest_only_with_trigger.py
[2024-03-28T20:04:12.390+0000] {processor.py:743} INFO - Processing file /usr/local/python/3.10.13/lib/python3.10/site-packages/airflow/example_dags/example_latest_only_with_trigger.py for tasks to queue
[2024-03-28T20:04:12.391+0000] {logging_mixin.py:137} INFO - [2024-03-28T20:04:12.391+0000] {dagbag.py:538} INFO - Filling up the DagBag from /usr/local/python/3.10.13/lib/python3.10/site-packages/airflow/example_dags/example_latest_only_with_trigger.py
[2024-03-28T20:04:12.403+0000] {processor.py:753} INFO - DAG(s) dict_keys(['latest_only_with_trigger']) retrieved from /usr/local/python/3.10.13/lib/python3.10/site-packages/airflow/example_dags/example_latest_only_with_trigger.py
[2024-03-28T20:04:12.417+0000] {logging_mixin.py:137} INFO - [2024-03-28T20:04:12.417+0000] {dag.py:2690} INFO - Sync 1 DAGs
[2024-03-28T20:04:12.432+0000] {logging_mixin.py:137} INFO - [2024-03-28T20:04:12.432+0000] {dag.py:3437} INFO - Setting next_dagrun for latest_only_with_trigger to 2024-03-28T16:04:12.432241+00:00, run_after=2024-03-28T20:04:12.432241+00:00
[2024-03-28T20:04:12.481+0000] {processor.py:175} INFO - Processing /usr/local/python/3.10.13/lib/python3.10/site-packages/airflow/example_dags/example_latest_only_with_trigger.py took 0.094 seconds
[2024-03-28T20:04:51.499+0000] {processor.py:153} INFO - Started process (PID=46962) to work on /usr/local/python/3.10.13/lib/python3.10/site-packages/airflow/example_dags/example_latest_only_with_trigger.py
[2024-03-28T20:04:51.499+0000] {processor.py:743} INFO - Processing file /usr/local/python/3.10.13/lib/python3.10/site-packages/airflow/example_dags/example_latest_only_with_trigger.py for tasks to queue
[2024-03-28T20:04:51.500+0000] {logging_mixin.py:137} INFO - [2024-03-28T20:04:51.500+0000] {dagbag.py:538} INFO - Filling up the DagBag from /usr/local/python/3.10.13/lib/python3.10/site-packages/airflow/example_dags/example_latest_only_with_trigger.py
[2024-03-28T20:04:51.512+0000] {processor.py:753} INFO - DAG(s) dict_keys(['latest_only_with_trigger']) retrieved from /usr/local/python/3.10.13/lib/python3.10/site-packages/airflow/example_dags/example_latest_only_with_trigger.py
[2024-03-28T20:04:51.526+0000] {logging_mixin.py:137} INFO - [2024-03-28T20:04:51.526+0000] {dag.py:2690} INFO - Sync 1 DAGs
[2024-03-28T20:04:51.547+0000] {logging_mixin.py:137} INFO - [2024-03-28T20:04:51.546+0000] {dag.py:3437} INFO - Setting next_dagrun for latest_only_with_trigger to 2024-03-28T16:04:51.546577+00:00, run_after=2024-03-28T20:04:51.546577+00:00
[2024-03-28T20:04:51.594+0000] {processor.py:175} INFO - Processing /usr/local/python/3.10.13/lib/python3.10/site-packages/airflow/example_dags/example_latest_only_with_trigger.py took 0.097 seconds
[2024-03-28T20:05:29.712+0000] {processor.py:153} INFO - Started process (PID=47365) to work on /usr/local/python/3.10.13/lib/python3.10/site-packages/airflow/example_dags/example_latest_only_with_trigger.py
[2024-03-28T20:05:29.712+0000] {processor.py:743} INFO - Processing file /usr/local/python/3.10.13/lib/python3.10/site-packages/airflow/example_dags/example_latest_only_with_trigger.py for tasks to queue
[2024-03-28T20:05:29.713+0000] {logging_mixin.py:137} INFO - [2024-03-28T20:05:29.713+0000] {dagbag.py:538} INFO - Filling up the DagBag from /usr/local/python/3.10.13/lib/python3.10/site-packages/airflow/example_dags/example_latest_only_with_trigger.py
[2024-03-28T20:05:29.724+0000] {processor.py:753} INFO - DAG(s) dict_keys(['latest_only_with_trigger']) retrieved from /usr/local/python/3.10.13/lib/python3.10/site-packages/airflow/example_dags/example_latest_only_with_trigger.py
[2024-03-28T20:05:29.739+0000] {logging_mixin.py:137} INFO - [2024-03-28T20:05:29.739+0000] {dag.py:2690} INFO - Sync 1 DAGs
[2024-03-28T20:05:29.754+0000] {logging_mixin.py:137} INFO - [2024-03-28T20:05:29.754+0000] {dag.py:3437} INFO - Setting next_dagrun for latest_only_with_trigger to 2024-03-28T16:05:29.754269+00:00, run_after=2024-03-28T20:05:29.754269+00:00
[2024-03-28T20:05:29.801+0000] {processor.py:175} INFO - Processing /usr/local/python/3.10.13/lib/python3.10/site-packages/airflow/example_dags/example_latest_only_with_trigger.py took 0.091 seconds
[2024-03-28T20:06:12.148+0000] {processor.py:153} INFO - Started process (PID=47818) to work on /usr/local/python/3.10.13/lib/python3.10/site-packages/airflow/example_dags/example_latest_only_with_trigger.py
[2024-03-28T20:06:12.148+0000] {processor.py:743} INFO - Processing file /usr/local/python/3.10.13/lib/python3.10/site-packages/airflow/example_dags/example_latest_only_with_trigger.py for tasks to queue
[2024-03-28T20:06:12.149+0000] {logging_mixin.py:137} INFO - [2024-03-28T20:06:12.149+0000] {dagbag.py:538} INFO - Filling up the DagBag from /usr/local/python/3.10.13/lib/python3.10/site-packages/airflow/example_dags/example_latest_only_with_trigger.py
[2024-03-28T20:06:12.160+0000] {processor.py:753} INFO - DAG(s) dict_keys(['latest_only_with_trigger']) retrieved from /usr/local/python/3.10.13/lib/python3.10/site-packages/airflow/example_dags/example_latest_only_with_trigger.py
[2024-03-28T20:06:12.174+0000] {logging_mixin.py:137} INFO - [2024-03-28T20:06:12.174+0000] {dag.py:2690} INFO - Sync 1 DAGs
[2024-03-28T20:06:12.189+0000] {logging_mixin.py:137} INFO - [2024-03-28T20:06:12.189+0000] {dag.py:3437} INFO - Setting next_dagrun for latest_only_with_trigger to 2024-03-28T16:06:12.189280+00:00, run_after=2024-03-28T20:06:12.189280+00:00
[2024-03-28T20:06:12.232+0000] {processor.py:175} INFO - Processing /usr/local/python/3.10.13/lib/python3.10/site-packages/airflow/example_dags/example_latest_only_with_trigger.py took 0.086 seconds
[2024-03-28T20:06:58.996+0000] {processor.py:153} INFO - Started process (PID=48183) to work on /usr/local/python/3.10.13/lib/python3.10/site-packages/airflow/example_dags/example_latest_only_with_trigger.py
[2024-03-28T20:06:58.997+0000] {processor.py:743} INFO - Processing file /usr/local/python/3.10.13/lib/python3.10/site-packages/airflow/example_dags/example_latest_only_with_trigger.py for tasks to queue
[2024-03-28T20:06:58.997+0000] {logging_mixin.py:137} INFO - [2024-03-28T20:06:58.997+0000] {dagbag.py:538} INFO - Filling up the DagBag from /usr/local/python/3.10.13/lib/python3.10/site-packages/airflow/example_dags/example_latest_only_with_trigger.py
[2024-03-28T20:06:59.009+0000] {processor.py:753} INFO - DAG(s) dict_keys(['latest_only_with_trigger']) retrieved from /usr/local/python/3.10.13/lib/python3.10/site-packages/airflow/example_dags/example_latest_only_with_trigger.py
[2024-03-28T20:06:59.023+0000] {logging_mixin.py:137} INFO - [2024-03-28T20:06:59.023+0000] {dag.py:2690} INFO - Sync 1 DAGs
[2024-03-28T20:06:59.037+0000] {logging_mixin.py:137} INFO - [2024-03-28T20:06:59.037+0000] {dag.py:3437} INFO - Setting next_dagrun for latest_only_with_trigger to 2024-03-28T16:06:59.037707+00:00, run_after=2024-03-28T20:06:59.037707+00:00
[2024-03-28T20:06:59.084+0000] {processor.py:175} INFO - Processing /usr/local/python/3.10.13/lib/python3.10/site-packages/airflow/example_dags/example_latest_only_with_trigger.py took 0.090 seconds
[2024-03-28T20:07:43.200+0000] {processor.py:153} INFO - Started process (PID=48538) to work on /usr/local/python/3.10.13/lib/python3.10/site-packages/airflow/example_dags/example_latest_only_with_trigger.py
[2024-03-28T20:07:43.201+0000] {processor.py:743} INFO - Processing file /usr/local/python/3.10.13/lib/python3.10/site-packages/airflow/example_dags/example_latest_only_with_trigger.py for tasks to queue
[2024-03-28T20:07:43.202+0000] {logging_mixin.py:137} INFO - [2024-03-28T20:07:43.202+0000] {dagbag.py:538} INFO - Filling up the DagBag from /usr/local/python/3.10.13/lib/python3.10/site-packages/airflow/example_dags/example_latest_only_with_trigger.py
[2024-03-28T20:07:43.213+0000] {processor.py:753} INFO - DAG(s) dict_keys(['latest_only_with_trigger']) retrieved from /usr/local/python/3.10.13/lib/python3.10/site-packages/airflow/example_dags/example_latest_only_with_trigger.py
[2024-03-28T20:07:43.227+0000] {logging_mixin.py:137} INFO - [2024-03-28T20:07:43.227+0000] {dag.py:2690} INFO - Sync 1 DAGs
[2024-03-28T20:07:43.243+0000] {logging_mixin.py:137} INFO - [2024-03-28T20:07:43.243+0000] {dag.py:3437} INFO - Setting next_dagrun for latest_only_with_trigger to 2024-03-28T16:07:43.243142+00:00, run_after=2024-03-28T20:07:43.243142+00:00
[2024-03-28T20:07:43.411+0000] {processor.py:175} INFO - Processing /usr/local/python/3.10.13/lib/python3.10/site-packages/airflow/example_dags/example_latest_only_with_trigger.py took 0.213 seconds
[2024-03-28T20:08:27.527+0000] {processor.py:153} INFO - Started process (PID=48949) to work on /usr/local/python/3.10.13/lib/python3.10/site-packages/airflow/example_dags/example_latest_only_with_trigger.py
[2024-03-28T20:08:27.528+0000] {processor.py:743} INFO - Processing file /usr/local/python/3.10.13/lib/python3.10/site-packages/airflow/example_dags/example_latest_only_with_trigger.py for tasks to queue
[2024-03-28T20:08:27.529+0000] {logging_mixin.py:137} INFO - [2024-03-28T20:08:27.529+0000] {dagbag.py:538} INFO - Filling up the DagBag from /usr/local/python/3.10.13/lib/python3.10/site-packages/airflow/example_dags/example_latest_only_with_trigger.py
[2024-03-28T20:08:27.542+0000] {processor.py:753} INFO - DAG(s) dict_keys(['latest_only_with_trigger']) retrieved from /usr/local/python/3.10.13/lib/python3.10/site-packages/airflow/example_dags/example_latest_only_with_trigger.py
[2024-03-28T20:08:27.557+0000] {logging_mixin.py:137} INFO - [2024-03-28T20:08:27.557+0000] {dag.py:2690} INFO - Sync 1 DAGs
[2024-03-28T20:08:27.663+0000] {logging_mixin.py:137} INFO - [2024-03-28T20:08:27.663+0000] {dag.py:3437} INFO - Setting next_dagrun for latest_only_with_trigger to 2024-03-28T16:08:27.663577+00:00, run_after=2024-03-28T20:08:27.663577+00:00
[2024-03-28T20:08:27.712+0000] {processor.py:175} INFO - Processing /usr/local/python/3.10.13/lib/python3.10/site-packages/airflow/example_dags/example_latest_only_with_trigger.py took 0.188 seconds
[2024-03-28T20:09:14.262+0000] {processor.py:153} INFO - Started process (PID=49399) to work on /usr/local/python/3.10.13/lib/python3.10/site-packages/airflow/example_dags/example_latest_only_with_trigger.py
[2024-03-28T20:09:14.263+0000] {processor.py:743} INFO - Processing file /usr/local/python/3.10.13/lib/python3.10/site-packages/airflow/example_dags/example_latest_only_with_trigger.py for tasks to queue
[2024-03-28T20:09:14.263+0000] {logging_mixin.py:137} INFO - [2024-03-28T20:09:14.263+0000] {dagbag.py:538} INFO - Filling up the DagBag from /usr/local/python/3.10.13/lib/python3.10/site-packages/airflow/example_dags/example_latest_only_with_trigger.py
[2024-03-28T20:09:14.278+0000] {processor.py:753} INFO - DAG(s) dict_keys(['latest_only_with_trigger']) retrieved from /usr/local/python/3.10.13/lib/python3.10/site-packages/airflow/example_dags/example_latest_only_with_trigger.py
[2024-03-28T20:09:14.293+0000] {logging_mixin.py:137} INFO - [2024-03-28T20:09:14.293+0000] {dag.py:2690} INFO - Sync 1 DAGs
[2024-03-28T20:09:14.400+0000] {logging_mixin.py:137} INFO - [2024-03-28T20:09:14.400+0000] {dag.py:3437} INFO - Setting next_dagrun for latest_only_with_trigger to 2024-03-28T16:09:14.399980+00:00, run_after=2024-03-28T20:09:14.399980+00:00
[2024-03-28T20:09:14.442+0000] {processor.py:175} INFO - Processing /usr/local/python/3.10.13/lib/python3.10/site-packages/airflow/example_dags/example_latest_only_with_trigger.py took 0.183 seconds
[2024-03-28T20:10:00.356+0000] {processor.py:153} INFO - Started process (PID=49793) to work on /usr/local/python/3.10.13/lib/python3.10/site-packages/airflow/example_dags/example_latest_only_with_trigger.py
[2024-03-28T20:10:00.357+0000] {processor.py:743} INFO - Processing file /usr/local/python/3.10.13/lib/python3.10/site-packages/airflow/example_dags/example_latest_only_with_trigger.py for tasks to queue
[2024-03-28T20:10:00.357+0000] {logging_mixin.py:137} INFO - [2024-03-28T20:10:00.357+0000] {dagbag.py:538} INFO - Filling up the DagBag from /usr/local/python/3.10.13/lib/python3.10/site-packages/airflow/example_dags/example_latest_only_with_trigger.py
[2024-03-28T20:10:00.368+0000] {processor.py:753} INFO - DAG(s) dict_keys(['latest_only_with_trigger']) retrieved from /usr/local/python/3.10.13/lib/python3.10/site-packages/airflow/example_dags/example_latest_only_with_trigger.py
[2024-03-28T20:10:00.475+0000] {logging_mixin.py:137} INFO - [2024-03-28T20:10:00.474+0000] {dag.py:2690} INFO - Sync 1 DAGs
[2024-03-28T20:10:00.489+0000] {logging_mixin.py:137} INFO - [2024-03-28T20:10:00.488+0000] {dag.py:3437} INFO - Setting next_dagrun for latest_only_with_trigger to 2024-03-28T16:10:00.488835+00:00, run_after=2024-03-28T20:10:00.488835+00:00
[2024-03-28T20:10:00.534+0000] {processor.py:175} INFO - Processing /usr/local/python/3.10.13/lib/python3.10/site-packages/airflow/example_dags/example_latest_only_with_trigger.py took 0.180 seconds
[2024-03-28T20:10:42.736+0000] {processor.py:153} INFO - Started process (PID=50158) to work on /usr/local/python/3.10.13/lib/python3.10/site-packages/airflow/example_dags/example_latest_only_with_trigger.py
[2024-03-28T20:10:42.737+0000] {processor.py:743} INFO - Processing file /usr/local/python/3.10.13/lib/python3.10/site-packages/airflow/example_dags/example_latest_only_with_trigger.py for tasks to queue
[2024-03-28T20:10:42.738+0000] {logging_mixin.py:137} INFO - [2024-03-28T20:10:42.737+0000] {dagbag.py:538} INFO - Filling up the DagBag from /usr/local/python/3.10.13/lib/python3.10/site-packages/airflow/example_dags/example_latest_only_with_trigger.py
[2024-03-28T20:10:42.855+0000] {processor.py:753} INFO - DAG(s) dict_keys(['latest_only_with_trigger']) retrieved from /usr/local/python/3.10.13/lib/python3.10/site-packages/airflow/example_dags/example_latest_only_with_trigger.py
[2024-03-28T20:10:42.875+0000] {logging_mixin.py:137} INFO - [2024-03-28T20:10:42.875+0000] {dag.py:2690} INFO - Sync 1 DAGs
[2024-03-28T20:10:42.896+0000] {logging_mixin.py:137} INFO - [2024-03-28T20:10:42.896+0000] {dag.py:3437} INFO - Setting next_dagrun for latest_only_with_trigger to 2024-03-28T16:10:42.896001+00:00, run_after=2024-03-28T20:10:42.896001+00:00
[2024-03-28T20:10:42.949+0000] {processor.py:175} INFO - Processing /usr/local/python/3.10.13/lib/python3.10/site-packages/airflow/example_dags/example_latest_only_with_trigger.py took 0.216 seconds
