[2024-03-28T19:59:51.875+0000] {processor.py:153} INFO - Started process (PID=44549) to work on /usr/local/python/3.10.13/lib/python3.10/site-packages/airflow/example_dags/example_dynamic_task_mapping.py
[2024-03-28T19:59:51.875+0000] {processor.py:743} INFO - Processing file /usr/local/python/3.10.13/lib/python3.10/site-packages/airflow/example_dags/example_dynamic_task_mapping.py for tasks to queue
[2024-03-28T19:59:51.876+0000] {logging_mixin.py:137} INFO - [2024-03-28T19:59:51.876+0000] {dagbag.py:538} INFO - Filling up the DagBag from /usr/local/python/3.10.13/lib/python3.10/site-packages/airflow/example_dags/example_dynamic_task_mapping.py
[2024-03-28T19:59:51.896+0000] {processor.py:753} INFO - DAG(s) dict_keys(['example_dynamic_task_mapping']) retrieved from /usr/local/python/3.10.13/lib/python3.10/site-packages/airflow/example_dags/example_dynamic_task_mapping.py
[2024-03-28T19:59:52.036+0000] {logging_mixin.py:137} INFO - [2024-03-28T19:59:52.035+0000] {manager.py:504} INFO - Created Permission View: can read on DAG:example_dynamic_task_mapping
[2024-03-28T19:59:52.069+0000] {logging_mixin.py:137} INFO - [2024-03-28T19:59:52.068+0000] {manager.py:504} INFO - Created Permission View: can delete on DAG:example_dynamic_task_mapping
[2024-03-28T19:59:52.114+0000] {logging_mixin.py:137} INFO - [2024-03-28T19:59:52.114+0000] {manager.py:504} INFO - Created Permission View: can edit on DAG:example_dynamic_task_mapping
[2024-03-28T19:59:52.114+0000] {logging_mixin.py:137} INFO - [2024-03-28T19:59:52.114+0000] {dag.py:2690} INFO - Sync 1 DAGs
[2024-03-28T19:59:52.123+0000] {logging_mixin.py:137} INFO - [2024-03-28T19:59:52.123+0000] {dag.py:2711} INFO - Creating ORM DAG for example_dynamic_task_mapping
[2024-03-28T19:59:52.129+0000] {logging_mixin.py:137} INFO - [2024-03-28T19:59:52.129+0000] {dag.py:3437} INFO - Setting next_dagrun for example_dynamic_task_mapping to 2022-03-04T00:00:00+00:00, run_after=2022-03-05T00:00:00+00:00
[2024-03-28T19:59:52.175+0000] {processor.py:175} INFO - Processing /usr/local/python/3.10.13/lib/python3.10/site-packages/airflow/example_dags/example_dynamic_task_mapping.py took 0.302 seconds
[2024-03-28T20:00:39.688+0000] {processor.py:153} INFO - Started process (PID=44861) to work on /usr/local/python/3.10.13/lib/python3.10/site-packages/airflow/example_dags/example_dynamic_task_mapping.py
[2024-03-28T20:00:39.689+0000] {processor.py:743} INFO - Processing file /usr/local/python/3.10.13/lib/python3.10/site-packages/airflow/example_dags/example_dynamic_task_mapping.py for tasks to queue
[2024-03-28T20:00:39.690+0000] {logging_mixin.py:137} INFO - [2024-03-28T20:00:39.690+0000] {dagbag.py:538} INFO - Filling up the DagBag from /usr/local/python/3.10.13/lib/python3.10/site-packages/airflow/example_dags/example_dynamic_task_mapping.py
[2024-03-28T20:00:39.711+0000] {processor.py:753} INFO - DAG(s) dict_keys(['example_dynamic_task_mapping']) retrieved from /usr/local/python/3.10.13/lib/python3.10/site-packages/airflow/example_dags/example_dynamic_task_mapping.py
[2024-03-28T20:00:39.729+0000] {logging_mixin.py:137} INFO - [2024-03-28T20:00:39.729+0000] {dag.py:2690} INFO - Sync 1 DAGs
[2024-03-28T20:00:39.752+0000] {logging_mixin.py:137} INFO - [2024-03-28T20:00:39.752+0000] {dag.py:3437} INFO - Setting next_dagrun for example_dynamic_task_mapping to 2022-03-04T00:00:00+00:00, run_after=2022-03-05T00:00:00+00:00
[2024-03-28T20:00:39.797+0000] {processor.py:175} INFO - Processing /usr/local/python/3.10.13/lib/python3.10/site-packages/airflow/example_dags/example_dynamic_task_mapping.py took 0.111 seconds
[2024-03-28T20:01:19.110+0000] {processor.py:153} INFO - Started process (PID=45132) to work on /usr/local/python/3.10.13/lib/python3.10/site-packages/airflow/example_dags/example_dynamic_task_mapping.py
[2024-03-28T20:01:19.110+0000] {processor.py:743} INFO - Processing file /usr/local/python/3.10.13/lib/python3.10/site-packages/airflow/example_dags/example_dynamic_task_mapping.py for tasks to queue
[2024-03-28T20:01:19.111+0000] {logging_mixin.py:137} INFO - [2024-03-28T20:01:19.111+0000] {dagbag.py:538} INFO - Filling up the DagBag from /usr/local/python/3.10.13/lib/python3.10/site-packages/airflow/example_dags/example_dynamic_task_mapping.py
[2024-03-28T20:01:19.131+0000] {processor.py:753} INFO - DAG(s) dict_keys(['example_dynamic_task_mapping']) retrieved from /usr/local/python/3.10.13/lib/python3.10/site-packages/airflow/example_dags/example_dynamic_task_mapping.py
[2024-03-28T20:01:19.144+0000] {logging_mixin.py:137} INFO - [2024-03-28T20:01:19.144+0000] {dag.py:2690} INFO - Sync 1 DAGs
[2024-03-28T20:01:19.159+0000] {logging_mixin.py:137} INFO - [2024-03-28T20:01:19.159+0000] {dag.py:3437} INFO - Setting next_dagrun for example_dynamic_task_mapping to 2022-03-04T00:00:00+00:00, run_after=2022-03-05T00:00:00+00:00
[2024-03-28T20:01:19.202+0000] {processor.py:175} INFO - Processing /usr/local/python/3.10.13/lib/python3.10/site-packages/airflow/example_dags/example_dynamic_task_mapping.py took 0.095 seconds
[2024-03-28T20:01:59.316+0000] {processor.py:153} INFO - Started process (PID=45409) to work on /usr/local/python/3.10.13/lib/python3.10/site-packages/airflow/example_dags/example_dynamic_task_mapping.py
[2024-03-28T20:01:59.317+0000] {processor.py:743} INFO - Processing file /usr/local/python/3.10.13/lib/python3.10/site-packages/airflow/example_dags/example_dynamic_task_mapping.py for tasks to queue
[2024-03-28T20:01:59.318+0000] {logging_mixin.py:137} INFO - [2024-03-28T20:01:59.317+0000] {dagbag.py:538} INFO - Filling up the DagBag from /usr/local/python/3.10.13/lib/python3.10/site-packages/airflow/example_dags/example_dynamic_task_mapping.py
[2024-03-28T20:01:59.338+0000] {processor.py:753} INFO - DAG(s) dict_keys(['example_dynamic_task_mapping']) retrieved from /usr/local/python/3.10.13/lib/python3.10/site-packages/airflow/example_dags/example_dynamic_task_mapping.py
[2024-03-28T20:01:59.352+0000] {logging_mixin.py:137} INFO - [2024-03-28T20:01:59.352+0000] {dag.py:2690} INFO - Sync 1 DAGs
[2024-03-28T20:01:59.367+0000] {logging_mixin.py:137} INFO - [2024-03-28T20:01:59.367+0000] {dag.py:3437} INFO - Setting next_dagrun for example_dynamic_task_mapping to 2022-03-04T00:00:00+00:00, run_after=2022-03-05T00:00:00+00:00
[2024-03-28T20:01:59.410+0000] {processor.py:175} INFO - Processing /usr/local/python/3.10.13/lib/python3.10/site-packages/airflow/example_dags/example_dynamic_task_mapping.py took 0.096 seconds
[2024-03-28T20:02:38.489+0000] {processor.py:153} INFO - Started process (PID=45749) to work on /usr/local/python/3.10.13/lib/python3.10/site-packages/airflow/example_dags/example_dynamic_task_mapping.py
[2024-03-28T20:02:38.490+0000] {processor.py:743} INFO - Processing file /usr/local/python/3.10.13/lib/python3.10/site-packages/airflow/example_dags/example_dynamic_task_mapping.py for tasks to queue
[2024-03-28T20:02:38.490+0000] {logging_mixin.py:137} INFO - [2024-03-28T20:02:38.490+0000] {dagbag.py:538} INFO - Filling up the DagBag from /usr/local/python/3.10.13/lib/python3.10/site-packages/airflow/example_dags/example_dynamic_task_mapping.py
[2024-03-28T20:02:38.510+0000] {processor.py:753} INFO - DAG(s) dict_keys(['example_dynamic_task_mapping']) retrieved from /usr/local/python/3.10.13/lib/python3.10/site-packages/airflow/example_dags/example_dynamic_task_mapping.py
[2024-03-28T20:02:38.524+0000] {logging_mixin.py:137} INFO - [2024-03-28T20:02:38.524+0000] {dag.py:2690} INFO - Sync 1 DAGs
[2024-03-28T20:02:38.539+0000] {logging_mixin.py:137} INFO - [2024-03-28T20:02:38.539+0000] {dag.py:3437} INFO - Setting next_dagrun for example_dynamic_task_mapping to 2022-03-04T00:00:00+00:00, run_after=2022-03-05T00:00:00+00:00
[2024-03-28T20:02:38.583+0000] {processor.py:175} INFO - Processing /usr/local/python/3.10.13/lib/python3.10/site-packages/airflow/example_dags/example_dynamic_task_mapping.py took 0.095 seconds
[2024-03-28T20:03:18.287+0000] {processor.py:153} INFO - Started process (PID=46086) to work on /usr/local/python/3.10.13/lib/python3.10/site-packages/airflow/example_dags/example_dynamic_task_mapping.py
[2024-03-28T20:03:18.288+0000] {processor.py:743} INFO - Processing file /usr/local/python/3.10.13/lib/python3.10/site-packages/airflow/example_dags/example_dynamic_task_mapping.py for tasks to queue
[2024-03-28T20:03:18.289+0000] {logging_mixin.py:137} INFO - [2024-03-28T20:03:18.289+0000] {dagbag.py:538} INFO - Filling up the DagBag from /usr/local/python/3.10.13/lib/python3.10/site-packages/airflow/example_dags/example_dynamic_task_mapping.py
[2024-03-28T20:03:18.311+0000] {processor.py:753} INFO - DAG(s) dict_keys(['example_dynamic_task_mapping']) retrieved from /usr/local/python/3.10.13/lib/python3.10/site-packages/airflow/example_dags/example_dynamic_task_mapping.py
[2024-03-28T20:03:18.325+0000] {logging_mixin.py:137} INFO - [2024-03-28T20:03:18.325+0000] {dag.py:2690} INFO - Sync 1 DAGs
[2024-03-28T20:03:18.341+0000] {logging_mixin.py:137} INFO - [2024-03-28T20:03:18.340+0000] {dag.py:3437} INFO - Setting next_dagrun for example_dynamic_task_mapping to 2022-03-04T00:00:00+00:00, run_after=2022-03-05T00:00:00+00:00
[2024-03-28T20:03:18.383+0000] {processor.py:175} INFO - Processing /usr/local/python/3.10.13/lib/python3.10/site-packages/airflow/example_dags/example_dynamic_task_mapping.py took 0.098 seconds
[2024-03-28T20:03:56.229+0000] {processor.py:153} INFO - Started process (PID=46428) to work on /usr/local/python/3.10.13/lib/python3.10/site-packages/airflow/example_dags/example_dynamic_task_mapping.py
[2024-03-28T20:03:56.230+0000] {processor.py:743} INFO - Processing file /usr/local/python/3.10.13/lib/python3.10/site-packages/airflow/example_dags/example_dynamic_task_mapping.py for tasks to queue
[2024-03-28T20:03:56.230+0000] {logging_mixin.py:137} INFO - [2024-03-28T20:03:56.230+0000] {dagbag.py:538} INFO - Filling up the DagBag from /usr/local/python/3.10.13/lib/python3.10/site-packages/airflow/example_dags/example_dynamic_task_mapping.py
[2024-03-28T20:03:56.251+0000] {processor.py:753} INFO - DAG(s) dict_keys(['example_dynamic_task_mapping']) retrieved from /usr/local/python/3.10.13/lib/python3.10/site-packages/airflow/example_dags/example_dynamic_task_mapping.py
[2024-03-28T20:03:56.266+0000] {logging_mixin.py:137} INFO - [2024-03-28T20:03:56.266+0000] {dag.py:2690} INFO - Sync 1 DAGs
[2024-03-28T20:03:56.281+0000] {logging_mixin.py:137} INFO - [2024-03-28T20:03:56.281+0000] {dag.py:3437} INFO - Setting next_dagrun for example_dynamic_task_mapping to 2022-03-04T00:00:00+00:00, run_after=2022-03-05T00:00:00+00:00
[2024-03-28T20:03:56.328+0000] {processor.py:175} INFO - Processing /usr/local/python/3.10.13/lib/python3.10/site-packages/airflow/example_dags/example_dynamic_task_mapping.py took 0.102 seconds
[2024-03-28T20:04:35.038+0000] {processor.py:153} INFO - Started process (PID=46815) to work on /usr/local/python/3.10.13/lib/python3.10/site-packages/airflow/example_dags/example_dynamic_task_mapping.py
[2024-03-28T20:04:35.038+0000] {processor.py:743} INFO - Processing file /usr/local/python/3.10.13/lib/python3.10/site-packages/airflow/example_dags/example_dynamic_task_mapping.py for tasks to queue
[2024-03-28T20:04:35.039+0000] {logging_mixin.py:137} INFO - [2024-03-28T20:04:35.039+0000] {dagbag.py:538} INFO - Filling up the DagBag from /usr/local/python/3.10.13/lib/python3.10/site-packages/airflow/example_dags/example_dynamic_task_mapping.py
[2024-03-28T20:04:35.057+0000] {processor.py:753} INFO - DAG(s) dict_keys(['example_dynamic_task_mapping']) retrieved from /usr/local/python/3.10.13/lib/python3.10/site-packages/airflow/example_dags/example_dynamic_task_mapping.py
[2024-03-28T20:04:35.072+0000] {logging_mixin.py:137} INFO - [2024-03-28T20:04:35.072+0000] {dag.py:2690} INFO - Sync 1 DAGs
[2024-03-28T20:04:35.087+0000] {logging_mixin.py:137} INFO - [2024-03-28T20:04:35.087+0000] {dag.py:3437} INFO - Setting next_dagrun for example_dynamic_task_mapping to 2022-03-04T00:00:00+00:00, run_after=2022-03-05T00:00:00+00:00
[2024-03-28T20:04:35.130+0000] {processor.py:175} INFO - Processing /usr/local/python/3.10.13/lib/python3.10/site-packages/airflow/example_dags/example_dynamic_task_mapping.py took 0.095 seconds
[2024-03-28T20:05:12.271+0000] {processor.py:153} INFO - Started process (PID=47189) to work on /usr/local/python/3.10.13/lib/python3.10/site-packages/airflow/example_dags/example_dynamic_task_mapping.py
[2024-03-28T20:05:12.271+0000] {processor.py:743} INFO - Processing file /usr/local/python/3.10.13/lib/python3.10/site-packages/airflow/example_dags/example_dynamic_task_mapping.py for tasks to queue
[2024-03-28T20:05:12.272+0000] {logging_mixin.py:137} INFO - [2024-03-28T20:05:12.272+0000] {dagbag.py:538} INFO - Filling up the DagBag from /usr/local/python/3.10.13/lib/python3.10/site-packages/airflow/example_dags/example_dynamic_task_mapping.py
[2024-03-28T20:05:12.292+0000] {processor.py:753} INFO - DAG(s) dict_keys(['example_dynamic_task_mapping']) retrieved from /usr/local/python/3.10.13/lib/python3.10/site-packages/airflow/example_dags/example_dynamic_task_mapping.py
[2024-03-28T20:05:12.306+0000] {logging_mixin.py:137} INFO - [2024-03-28T20:05:12.306+0000] {dag.py:2690} INFO - Sync 1 DAGs
[2024-03-28T20:05:12.320+0000] {logging_mixin.py:137} INFO - [2024-03-28T20:05:12.320+0000] {dag.py:3437} INFO - Setting next_dagrun for example_dynamic_task_mapping to 2022-03-04T00:00:00+00:00, run_after=2022-03-05T00:00:00+00:00
[2024-03-28T20:05:12.363+0000] {processor.py:175} INFO - Processing /usr/local/python/3.10.13/lib/python3.10/site-packages/airflow/example_dags/example_dynamic_task_mapping.py took 0.095 seconds
[2024-03-28T20:05:50.603+0000] {processor.py:153} INFO - Started process (PID=47567) to work on /usr/local/python/3.10.13/lib/python3.10/site-packages/airflow/example_dags/example_dynamic_task_mapping.py
[2024-03-28T20:05:50.604+0000] {processor.py:743} INFO - Processing file /usr/local/python/3.10.13/lib/python3.10/site-packages/airflow/example_dags/example_dynamic_task_mapping.py for tasks to queue
[2024-03-28T20:05:50.604+0000] {logging_mixin.py:137} INFO - [2024-03-28T20:05:50.604+0000] {dagbag.py:538} INFO - Filling up the DagBag from /usr/local/python/3.10.13/lib/python3.10/site-packages/airflow/example_dags/example_dynamic_task_mapping.py
[2024-03-28T20:05:50.623+0000] {processor.py:753} INFO - DAG(s) dict_keys(['example_dynamic_task_mapping']) retrieved from /usr/local/python/3.10.13/lib/python3.10/site-packages/airflow/example_dags/example_dynamic_task_mapping.py
[2024-03-28T20:05:50.636+0000] {logging_mixin.py:137} INFO - [2024-03-28T20:05:50.636+0000] {dag.py:2690} INFO - Sync 1 DAGs
[2024-03-28T20:05:50.653+0000] {logging_mixin.py:137} INFO - [2024-03-28T20:05:50.653+0000] {dag.py:3437} INFO - Setting next_dagrun for example_dynamic_task_mapping to 2022-03-04T00:00:00+00:00, run_after=2022-03-05T00:00:00+00:00
[2024-03-28T20:05:50.698+0000] {processor.py:175} INFO - Processing /usr/local/python/3.10.13/lib/python3.10/site-packages/airflow/example_dags/example_dynamic_task_mapping.py took 0.097 seconds
[2024-03-28T20:06:34.790+0000] {processor.py:153} INFO - Started process (PID=47997) to work on /usr/local/python/3.10.13/lib/python3.10/site-packages/airflow/example_dags/example_dynamic_task_mapping.py
[2024-03-28T20:06:34.790+0000] {processor.py:743} INFO - Processing file /usr/local/python/3.10.13/lib/python3.10/site-packages/airflow/example_dags/example_dynamic_task_mapping.py for tasks to queue
[2024-03-28T20:06:34.791+0000] {logging_mixin.py:137} INFO - [2024-03-28T20:06:34.791+0000] {dagbag.py:538} INFO - Filling up the DagBag from /usr/local/python/3.10.13/lib/python3.10/site-packages/airflow/example_dags/example_dynamic_task_mapping.py
[2024-03-28T20:06:34.810+0000] {processor.py:753} INFO - DAG(s) dict_keys(['example_dynamic_task_mapping']) retrieved from /usr/local/python/3.10.13/lib/python3.10/site-packages/airflow/example_dags/example_dynamic_task_mapping.py
[2024-03-28T20:06:34.828+0000] {logging_mixin.py:137} INFO - [2024-03-28T20:06:34.828+0000] {dag.py:2690} INFO - Sync 1 DAGs
[2024-03-28T20:06:34.850+0000] {logging_mixin.py:137} INFO - [2024-03-28T20:06:34.850+0000] {dag.py:3437} INFO - Setting next_dagrun for example_dynamic_task_mapping to 2022-03-04T00:00:00+00:00, run_after=2022-03-05T00:00:00+00:00
[2024-03-28T20:06:35.055+0000] {processor.py:175} INFO - Processing /usr/local/python/3.10.13/lib/python3.10/site-packages/airflow/example_dags/example_dynamic_task_mapping.py took 0.268 seconds
[2024-03-28T20:07:17.005+0000] {processor.py:153} INFO - Started process (PID=48305) to work on /usr/local/python/3.10.13/lib/python3.10/site-packages/airflow/example_dags/example_dynamic_task_mapping.py
[2024-03-28T20:07:17.006+0000] {processor.py:743} INFO - Processing file /usr/local/python/3.10.13/lib/python3.10/site-packages/airflow/example_dags/example_dynamic_task_mapping.py for tasks to queue
[2024-03-28T20:07:17.006+0000] {logging_mixin.py:137} INFO - [2024-03-28T20:07:17.006+0000] {dagbag.py:538} INFO - Filling up the DagBag from /usr/local/python/3.10.13/lib/python3.10/site-packages/airflow/example_dags/example_dynamic_task_mapping.py
[2024-03-28T20:07:17.025+0000] {processor.py:753} INFO - DAG(s) dict_keys(['example_dynamic_task_mapping']) retrieved from /usr/local/python/3.10.13/lib/python3.10/site-packages/airflow/example_dags/example_dynamic_task_mapping.py
[2024-03-28T20:07:17.039+0000] {logging_mixin.py:137} INFO - [2024-03-28T20:07:17.039+0000] {dag.py:2690} INFO - Sync 1 DAGs
[2024-03-28T20:07:17.144+0000] {logging_mixin.py:137} INFO - [2024-03-28T20:07:17.143+0000] {dag.py:3437} INFO - Setting next_dagrun for example_dynamic_task_mapping to 2022-03-04T00:00:00+00:00, run_after=2022-03-05T00:00:00+00:00
[2024-03-28T20:07:17.188+0000] {processor.py:175} INFO - Processing /usr/local/python/3.10.13/lib/python3.10/site-packages/airflow/example_dags/example_dynamic_task_mapping.py took 0.185 seconds
[2024-03-28T20:08:01.736+0000] {processor.py:153} INFO - Started process (PID=48700) to work on /usr/local/python/3.10.13/lib/python3.10/site-packages/airflow/example_dags/example_dynamic_task_mapping.py
[2024-03-28T20:08:01.737+0000] {processor.py:743} INFO - Processing file /usr/local/python/3.10.13/lib/python3.10/site-packages/airflow/example_dags/example_dynamic_task_mapping.py for tasks to queue
[2024-03-28T20:08:01.737+0000] {logging_mixin.py:137} INFO - [2024-03-28T20:08:01.737+0000] {dagbag.py:538} INFO - Filling up the DagBag from /usr/local/python/3.10.13/lib/python3.10/site-packages/airflow/example_dags/example_dynamic_task_mapping.py
[2024-03-28T20:08:01.760+0000] {processor.py:753} INFO - DAG(s) dict_keys(['example_dynamic_task_mapping']) retrieved from /usr/local/python/3.10.13/lib/python3.10/site-packages/airflow/example_dags/example_dynamic_task_mapping.py
[2024-03-28T20:08:01.780+0000] {logging_mixin.py:137} INFO - [2024-03-28T20:08:01.780+0000] {dag.py:2690} INFO - Sync 1 DAGs
[2024-03-28T20:08:01.921+0000] {logging_mixin.py:137} INFO - [2024-03-28T20:08:01.921+0000] {dag.py:3437} INFO - Setting next_dagrun for example_dynamic_task_mapping to 2022-03-04T00:00:00+00:00, run_after=2022-03-05T00:00:00+00:00
[2024-03-28T20:08:01.969+0000] {processor.py:175} INFO - Processing /usr/local/python/3.10.13/lib/python3.10/site-packages/airflow/example_dags/example_dynamic_task_mapping.py took 0.235 seconds
[2024-03-28T20:08:49.238+0000] {processor.py:153} INFO - Started process (PID=49128) to work on /usr/local/python/3.10.13/lib/python3.10/site-packages/airflow/example_dags/example_dynamic_task_mapping.py
[2024-03-28T20:08:49.239+0000] {processor.py:743} INFO - Processing file /usr/local/python/3.10.13/lib/python3.10/site-packages/airflow/example_dags/example_dynamic_task_mapping.py for tasks to queue
[2024-03-28T20:08:49.239+0000] {logging_mixin.py:137} INFO - [2024-03-28T20:08:49.239+0000] {dagbag.py:538} INFO - Filling up the DagBag from /usr/local/python/3.10.13/lib/python3.10/site-packages/airflow/example_dags/example_dynamic_task_mapping.py
[2024-03-28T20:08:49.259+0000] {processor.py:753} INFO - DAG(s) dict_keys(['example_dynamic_task_mapping']) retrieved from /usr/local/python/3.10.13/lib/python3.10/site-packages/airflow/example_dags/example_dynamic_task_mapping.py
[2024-03-28T20:08:49.273+0000] {logging_mixin.py:137} INFO - [2024-03-28T20:08:49.273+0000] {dag.py:2690} INFO - Sync 1 DAGs
[2024-03-28T20:08:49.380+0000] {logging_mixin.py:137} INFO - [2024-03-28T20:08:49.380+0000] {dag.py:3437} INFO - Setting next_dagrun for example_dynamic_task_mapping to 2022-03-04T00:00:00+00:00, run_after=2022-03-05T00:00:00+00:00
[2024-03-28T20:08:49.426+0000] {processor.py:175} INFO - Processing /usr/local/python/3.10.13/lib/python3.10/site-packages/airflow/example_dags/example_dynamic_task_mapping.py took 0.190 seconds
[2024-03-28T20:09:35.617+0000] {processor.py:153} INFO - Started process (PID=49575) to work on /usr/local/python/3.10.13/lib/python3.10/site-packages/airflow/example_dags/example_dynamic_task_mapping.py
[2024-03-28T20:09:35.617+0000] {processor.py:743} INFO - Processing file /usr/local/python/3.10.13/lib/python3.10/site-packages/airflow/example_dags/example_dynamic_task_mapping.py for tasks to queue
[2024-03-28T20:09:35.618+0000] {logging_mixin.py:137} INFO - [2024-03-28T20:09:35.617+0000] {dagbag.py:538} INFO - Filling up the DagBag from /usr/local/python/3.10.13/lib/python3.10/site-packages/airflow/example_dags/example_dynamic_task_mapping.py
[2024-03-28T20:09:35.637+0000] {processor.py:753} INFO - DAG(s) dict_keys(['example_dynamic_task_mapping']) retrieved from /usr/local/python/3.10.13/lib/python3.10/site-packages/airflow/example_dags/example_dynamic_task_mapping.py
[2024-03-28T20:09:35.744+0000] {logging_mixin.py:137} INFO - [2024-03-28T20:09:35.744+0000] {dag.py:2690} INFO - Sync 1 DAGs
[2024-03-28T20:09:35.757+0000] {logging_mixin.py:137} INFO - [2024-03-28T20:09:35.757+0000] {dag.py:3437} INFO - Setting next_dagrun for example_dynamic_task_mapping to 2022-03-04T00:00:00+00:00, run_after=2022-03-05T00:00:00+00:00
[2024-03-28T20:09:35.800+0000] {processor.py:175} INFO - Processing /usr/local/python/3.10.13/lib/python3.10/site-packages/airflow/example_dags/example_dynamic_task_mapping.py took 0.185 seconds
[2024-03-28T20:10:20.005+0000] {processor.py:153} INFO - Started process (PID=49952) to work on /usr/local/python/3.10.13/lib/python3.10/site-packages/airflow/example_dags/example_dynamic_task_mapping.py
[2024-03-28T20:10:20.006+0000] {processor.py:743} INFO - Processing file /usr/local/python/3.10.13/lib/python3.10/site-packages/airflow/example_dags/example_dynamic_task_mapping.py for tasks to queue
[2024-03-28T20:10:20.006+0000] {logging_mixin.py:137} INFO - [2024-03-28T20:10:20.006+0000] {dagbag.py:538} INFO - Filling up the DagBag from /usr/local/python/3.10.13/lib/python3.10/site-packages/airflow/example_dags/example_dynamic_task_mapping.py
[2024-03-28T20:10:20.120+0000] {processor.py:753} INFO - DAG(s) dict_keys(['example_dynamic_task_mapping']) retrieved from /usr/local/python/3.10.13/lib/python3.10/site-packages/airflow/example_dags/example_dynamic_task_mapping.py
[2024-03-28T20:10:20.132+0000] {logging_mixin.py:137} INFO - [2024-03-28T20:10:20.132+0000] {dag.py:2690} INFO - Sync 1 DAGs
[2024-03-28T20:10:20.146+0000] {logging_mixin.py:137} INFO - [2024-03-28T20:10:20.145+0000] {dag.py:3437} INFO - Setting next_dagrun for example_dynamic_task_mapping to 2022-03-04T00:00:00+00:00, run_after=2022-03-05T00:00:00+00:00
[2024-03-28T20:10:20.188+0000] {processor.py:175} INFO - Processing /usr/local/python/3.10.13/lib/python3.10/site-packages/airflow/example_dags/example_dynamic_task_mapping.py took 0.185 seconds
[2024-03-28T20:11:00.161+0000] {processor.py:153} INFO - Started process (PID=50280) to work on /usr/local/python/3.10.13/lib/python3.10/site-packages/airflow/example_dags/example_dynamic_task_mapping.py
[2024-03-28T20:11:00.162+0000] {processor.py:743} INFO - Processing file /usr/local/python/3.10.13/lib/python3.10/site-packages/airflow/example_dags/example_dynamic_task_mapping.py for tasks to queue
[2024-03-28T20:11:00.162+0000] {logging_mixin.py:137} INFO - [2024-03-28T20:11:00.162+0000] {dagbag.py:538} INFO - Filling up the DagBag from /usr/local/python/3.10.13/lib/python3.10/site-packages/airflow/example_dags/example_dynamic_task_mapping.py
[2024-03-28T20:11:00.280+0000] {processor.py:753} INFO - DAG(s) dict_keys(['example_dynamic_task_mapping']) retrieved from /usr/local/python/3.10.13/lib/python3.10/site-packages/airflow/example_dags/example_dynamic_task_mapping.py
[2024-03-28T20:11:00.292+0000] {logging_mixin.py:137} INFO - [2024-03-28T20:11:00.292+0000] {dag.py:2690} INFO - Sync 1 DAGs
[2024-03-28T20:11:00.306+0000] {logging_mixin.py:137} INFO - [2024-03-28T20:11:00.305+0000] {dag.py:3437} INFO - Setting next_dagrun for example_dynamic_task_mapping to 2022-03-04T00:00:00+00:00, run_after=2022-03-05T00:00:00+00:00
[2024-03-28T20:11:00.350+0000] {processor.py:175} INFO - Processing /usr/local/python/3.10.13/lib/python3.10/site-packages/airflow/example_dags/example_dynamic_task_mapping.py took 0.191 seconds
