[2024-03-28T19:59:52.646+0000] {processor.py:153} INFO - Started process (PID=44556) to work on /usr/local/python/3.10.13/lib/python3.10/site-packages/airflow/example_dags/example_short_circuit_decorator.py
[2024-03-28T19:59:52.647+0000] {processor.py:743} INFO - Processing file /usr/local/python/3.10.13/lib/python3.10/site-packages/airflow/example_dags/example_short_circuit_decorator.py for tasks to queue
[2024-03-28T19:59:52.647+0000] {logging_mixin.py:137} INFO - [2024-03-28T19:59:52.647+0000] {dagbag.py:538} INFO - Filling up the DagBag from /usr/local/python/3.10.13/lib/python3.10/site-packages/airflow/example_dags/example_short_circuit_decorator.py
[2024-03-28T19:59:52.670+0000] {processor.py:753} INFO - DAG(s) dict_keys(['example_short_circuit_decorator']) retrieved from /usr/local/python/3.10.13/lib/python3.10/site-packages/airflow/example_dags/example_short_circuit_decorator.py
[2024-03-28T19:59:52.812+0000] {logging_mixin.py:137} INFO - [2024-03-28T19:59:52.811+0000] {manager.py:504} INFO - Created Permission View: can read on DAG:example_short_circuit_decorator
[2024-03-28T19:59:52.844+0000] {logging_mixin.py:137} INFO - [2024-03-28T19:59:52.843+0000] {manager.py:504} INFO - Created Permission View: can delete on DAG:example_short_circuit_decorator
[2024-03-28T19:59:52.876+0000] {logging_mixin.py:137} INFO - [2024-03-28T19:59:52.876+0000] {manager.py:504} INFO - Created Permission View: can edit on DAG:example_short_circuit_decorator
[2024-03-28T19:59:52.876+0000] {logging_mixin.py:137} INFO - [2024-03-28T19:59:52.876+0000] {dag.py:2690} INFO - Sync 1 DAGs
[2024-03-28T19:59:52.884+0000] {logging_mixin.py:137} INFO - [2024-03-28T19:59:52.884+0000] {dag.py:2711} INFO - Creating ORM DAG for example_short_circuit_decorator
[2024-03-28T19:59:52.891+0000] {logging_mixin.py:137} INFO - [2024-03-28T19:59:52.890+0000] {dag.py:3437} INFO - Setting next_dagrun for example_short_circuit_decorator to 2024-03-27T19:59:52.890742+00:00, run_after=2024-03-28T19:59:52.890742+00:00
[2024-03-28T19:59:52.935+0000] {processor.py:175} INFO - Processing /usr/local/python/3.10.13/lib/python3.10/site-packages/airflow/example_dags/example_short_circuit_decorator.py took 0.291 seconds
[2024-03-28T20:00:40.922+0000] {processor.py:153} INFO - Started process (PID=44868) to work on /usr/local/python/3.10.13/lib/python3.10/site-packages/airflow/example_dags/example_short_circuit_decorator.py
[2024-03-28T20:00:40.922+0000] {processor.py:743} INFO - Processing file /usr/local/python/3.10.13/lib/python3.10/site-packages/airflow/example_dags/example_short_circuit_decorator.py for tasks to queue
[2024-03-28T20:00:40.923+0000] {logging_mixin.py:137} INFO - [2024-03-28T20:00:40.923+0000] {dagbag.py:538} INFO - Filling up the DagBag from /usr/local/python/3.10.13/lib/python3.10/site-packages/airflow/example_dags/example_short_circuit_decorator.py
[2024-03-28T20:00:40.945+0000] {processor.py:753} INFO - DAG(s) dict_keys(['example_short_circuit_decorator']) retrieved from /usr/local/python/3.10.13/lib/python3.10/site-packages/airflow/example_dags/example_short_circuit_decorator.py
[2024-03-28T20:00:40.960+0000] {logging_mixin.py:137} INFO - [2024-03-28T20:00:40.960+0000] {dag.py:2690} INFO - Sync 1 DAGs
[2024-03-28T20:00:40.975+0000] {logging_mixin.py:137} INFO - [2024-03-28T20:00:40.975+0000] {dag.py:3437} INFO - Setting next_dagrun for example_short_circuit_decorator to 2024-03-27T20:00:40.975506+00:00, run_after=2024-03-28T20:00:40.975506+00:00
[2024-03-28T20:00:41.018+0000] {processor.py:175} INFO - Processing /usr/local/python/3.10.13/lib/python3.10/site-packages/airflow/example_dags/example_short_circuit_decorator.py took 0.098 seconds
[2024-03-28T20:01:20.249+0000] {processor.py:153} INFO - Started process (PID=45139) to work on /usr/local/python/3.10.13/lib/python3.10/site-packages/airflow/example_dags/example_short_circuit_decorator.py
[2024-03-28T20:01:20.249+0000] {processor.py:743} INFO - Processing file /usr/local/python/3.10.13/lib/python3.10/site-packages/airflow/example_dags/example_short_circuit_decorator.py for tasks to queue
[2024-03-28T20:01:20.250+0000] {logging_mixin.py:137} INFO - [2024-03-28T20:01:20.250+0000] {dagbag.py:538} INFO - Filling up the DagBag from /usr/local/python/3.10.13/lib/python3.10/site-packages/airflow/example_dags/example_short_circuit_decorator.py
[2024-03-28T20:01:20.274+0000] {processor.py:753} INFO - DAG(s) dict_keys(['example_short_circuit_decorator']) retrieved from /usr/local/python/3.10.13/lib/python3.10/site-packages/airflow/example_dags/example_short_circuit_decorator.py
[2024-03-28T20:01:20.288+0000] {logging_mixin.py:137} INFO - [2024-03-28T20:01:20.288+0000] {dag.py:2690} INFO - Sync 1 DAGs
[2024-03-28T20:01:20.303+0000] {logging_mixin.py:137} INFO - [2024-03-28T20:01:20.303+0000] {dag.py:3437} INFO - Setting next_dagrun for example_short_circuit_decorator to 2024-03-27T20:01:20.303178+00:00, run_after=2024-03-28T20:01:20.303178+00:00
[2024-03-28T20:01:20.346+0000] {processor.py:175} INFO - Processing /usr/local/python/3.10.13/lib/python3.10/site-packages/airflow/example_dags/example_short_circuit_decorator.py took 0.099 seconds
[2024-03-28T20:01:59.858+0000] {processor.py:153} INFO - Started process (PID=45410) to work on /usr/local/python/3.10.13/lib/python3.10/site-packages/airflow/example_dags/example_short_circuit_decorator.py
[2024-03-28T20:01:59.859+0000] {processor.py:743} INFO - Processing file /usr/local/python/3.10.13/lib/python3.10/site-packages/airflow/example_dags/example_short_circuit_decorator.py for tasks to queue
[2024-03-28T20:01:59.859+0000] {logging_mixin.py:137} INFO - [2024-03-28T20:01:59.859+0000] {dagbag.py:538} INFO - Filling up the DagBag from /usr/local/python/3.10.13/lib/python3.10/site-packages/airflow/example_dags/example_short_circuit_decorator.py
[2024-03-28T20:01:59.882+0000] {processor.py:753} INFO - DAG(s) dict_keys(['example_short_circuit_decorator']) retrieved from /usr/local/python/3.10.13/lib/python3.10/site-packages/airflow/example_dags/example_short_circuit_decorator.py
[2024-03-28T20:01:59.897+0000] {logging_mixin.py:137} INFO - [2024-03-28T20:01:59.897+0000] {dag.py:2690} INFO - Sync 1 DAGs
[2024-03-28T20:01:59.912+0000] {logging_mixin.py:137} INFO - [2024-03-28T20:01:59.912+0000] {dag.py:3437} INFO - Setting next_dagrun for example_short_circuit_decorator to 2024-03-27T20:01:59.912296+00:00, run_after=2024-03-28T20:01:59.912296+00:00
[2024-03-28T20:01:59.957+0000] {processor.py:175} INFO - Processing /usr/local/python/3.10.13/lib/python3.10/site-packages/airflow/example_dags/example_short_circuit_decorator.py took 0.101 seconds
[2024-03-28T20:02:39.004+0000] {processor.py:153} INFO - Started process (PID=45756) to work on /usr/local/python/3.10.13/lib/python3.10/site-packages/airflow/example_dags/example_short_circuit_decorator.py
[2024-03-28T20:02:39.004+0000] {processor.py:743} INFO - Processing file /usr/local/python/3.10.13/lib/python3.10/site-packages/airflow/example_dags/example_short_circuit_decorator.py for tasks to queue
[2024-03-28T20:02:39.005+0000] {logging_mixin.py:137} INFO - [2024-03-28T20:02:39.005+0000] {dagbag.py:538} INFO - Filling up the DagBag from /usr/local/python/3.10.13/lib/python3.10/site-packages/airflow/example_dags/example_short_circuit_decorator.py
[2024-03-28T20:02:39.036+0000] {processor.py:753} INFO - DAG(s) dict_keys(['example_short_circuit_decorator']) retrieved from /usr/local/python/3.10.13/lib/python3.10/site-packages/airflow/example_dags/example_short_circuit_decorator.py
[2024-03-28T20:02:39.058+0000] {logging_mixin.py:137} INFO - [2024-03-28T20:02:39.058+0000] {dag.py:2690} INFO - Sync 1 DAGs
[2024-03-28T20:02:39.079+0000] {logging_mixin.py:137} INFO - [2024-03-28T20:02:39.078+0000] {dag.py:3437} INFO - Setting next_dagrun for example_short_circuit_decorator to 2024-03-27T20:02:39.078794+00:00, run_after=2024-03-28T20:02:39.078794+00:00
[2024-03-28T20:02:39.122+0000] {processor.py:175} INFO - Processing /usr/local/python/3.10.13/lib/python3.10/site-packages/airflow/example_dags/example_short_circuit_decorator.py took 0.120 seconds
[2024-03-28T20:03:19.552+0000] {processor.py:153} INFO - Started process (PID=46087) to work on /usr/local/python/3.10.13/lib/python3.10/site-packages/airflow/example_dags/example_short_circuit_decorator.py
[2024-03-28T20:03:19.553+0000] {processor.py:743} INFO - Processing file /usr/local/python/3.10.13/lib/python3.10/site-packages/airflow/example_dags/example_short_circuit_decorator.py for tasks to queue
[2024-03-28T20:03:19.554+0000] {logging_mixin.py:137} INFO - [2024-03-28T20:03:19.553+0000] {dagbag.py:538} INFO - Filling up the DagBag from /usr/local/python/3.10.13/lib/python3.10/site-packages/airflow/example_dags/example_short_circuit_decorator.py
[2024-03-28T20:03:19.575+0000] {processor.py:753} INFO - DAG(s) dict_keys(['example_short_circuit_decorator']) retrieved from /usr/local/python/3.10.13/lib/python3.10/site-packages/airflow/example_dags/example_short_circuit_decorator.py
[2024-03-28T20:03:19.589+0000] {logging_mixin.py:137} INFO - [2024-03-28T20:03:19.589+0000] {dag.py:2690} INFO - Sync 1 DAGs
[2024-03-28T20:03:19.604+0000] {logging_mixin.py:137} INFO - [2024-03-28T20:03:19.604+0000] {dag.py:3437} INFO - Setting next_dagrun for example_short_circuit_decorator to 2024-03-27T20:03:19.604211+00:00, run_after=2024-03-28T20:03:19.604211+00:00
[2024-03-28T20:03:19.647+0000] {processor.py:175} INFO - Processing /usr/local/python/3.10.13/lib/python3.10/site-packages/airflow/example_dags/example_short_circuit_decorator.py took 0.097 seconds
[2024-03-28T20:03:57.468+0000] {processor.py:153} INFO - Started process (PID=46448) to work on /usr/local/python/3.10.13/lib/python3.10/site-packages/airflow/example_dags/example_short_circuit_decorator.py
[2024-03-28T20:03:57.469+0000] {processor.py:743} INFO - Processing file /usr/local/python/3.10.13/lib/python3.10/site-packages/airflow/example_dags/example_short_circuit_decorator.py for tasks to queue
[2024-03-28T20:03:57.469+0000] {logging_mixin.py:137} INFO - [2024-03-28T20:03:57.469+0000] {dagbag.py:538} INFO - Filling up the DagBag from /usr/local/python/3.10.13/lib/python3.10/site-packages/airflow/example_dags/example_short_circuit_decorator.py
[2024-03-28T20:03:57.490+0000] {processor.py:753} INFO - DAG(s) dict_keys(['example_short_circuit_decorator']) retrieved from /usr/local/python/3.10.13/lib/python3.10/site-packages/airflow/example_dags/example_short_circuit_decorator.py
[2024-03-28T20:03:57.506+0000] {logging_mixin.py:137} INFO - [2024-03-28T20:03:57.505+0000] {dag.py:2690} INFO - Sync 1 DAGs
[2024-03-28T20:03:57.520+0000] {logging_mixin.py:137} INFO - [2024-03-28T20:03:57.520+0000] {dag.py:3437} INFO - Setting next_dagrun for example_short_circuit_decorator to 2024-03-27T20:03:57.520233+00:00, run_after=2024-03-28T20:03:57.520233+00:00
[2024-03-28T20:03:57.564+0000] {processor.py:175} INFO - Processing /usr/local/python/3.10.13/lib/python3.10/site-packages/airflow/example_dags/example_short_circuit_decorator.py took 0.099 seconds
[2024-03-28T20:04:36.182+0000] {processor.py:153} INFO - Started process (PID=46837) to work on /usr/local/python/3.10.13/lib/python3.10/site-packages/airflow/example_dags/example_short_circuit_decorator.py
[2024-03-28T20:04:36.183+0000] {processor.py:743} INFO - Processing file /usr/local/python/3.10.13/lib/python3.10/site-packages/airflow/example_dags/example_short_circuit_decorator.py for tasks to queue
[2024-03-28T20:04:36.183+0000] {logging_mixin.py:137} INFO - [2024-03-28T20:04:36.183+0000] {dagbag.py:538} INFO - Filling up the DagBag from /usr/local/python/3.10.13/lib/python3.10/site-packages/airflow/example_dags/example_short_circuit_decorator.py
[2024-03-28T20:04:36.216+0000] {processor.py:753} INFO - DAG(s) dict_keys(['example_short_circuit_decorator']) retrieved from /usr/local/python/3.10.13/lib/python3.10/site-packages/airflow/example_dags/example_short_circuit_decorator.py
[2024-03-28T20:04:36.234+0000] {logging_mixin.py:137} INFO - [2024-03-28T20:04:36.233+0000] {dag.py:2690} INFO - Sync 1 DAGs
[2024-03-28T20:04:36.253+0000] {logging_mixin.py:137} INFO - [2024-03-28T20:04:36.253+0000] {dag.py:3437} INFO - Setting next_dagrun for example_short_circuit_decorator to 2024-03-27T20:04:36.253624+00:00, run_after=2024-03-28T20:04:36.253624+00:00
[2024-03-28T20:04:36.298+0000] {processor.py:175} INFO - Processing /usr/local/python/3.10.13/lib/python3.10/site-packages/airflow/example_dags/example_short_circuit_decorator.py took 0.119 seconds
[2024-03-28T20:05:12.724+0000] {processor.py:153} INFO - Started process (PID=47190) to work on /usr/local/python/3.10.13/lib/python3.10/site-packages/airflow/example_dags/example_short_circuit_decorator.py
[2024-03-28T20:05:12.724+0000] {processor.py:743} INFO - Processing file /usr/local/python/3.10.13/lib/python3.10/site-packages/airflow/example_dags/example_short_circuit_decorator.py for tasks to queue
[2024-03-28T20:05:12.725+0000] {logging_mixin.py:137} INFO - [2024-03-28T20:05:12.725+0000] {dagbag.py:538} INFO - Filling up the DagBag from /usr/local/python/3.10.13/lib/python3.10/site-packages/airflow/example_dags/example_short_circuit_decorator.py
[2024-03-28T20:05:12.746+0000] {processor.py:753} INFO - DAG(s) dict_keys(['example_short_circuit_decorator']) retrieved from /usr/local/python/3.10.13/lib/python3.10/site-packages/airflow/example_dags/example_short_circuit_decorator.py
[2024-03-28T20:05:12.761+0000] {logging_mixin.py:137} INFO - [2024-03-28T20:05:12.760+0000] {dag.py:2690} INFO - Sync 1 DAGs
[2024-03-28T20:05:12.775+0000] {logging_mixin.py:137} INFO - [2024-03-28T20:05:12.775+0000] {dag.py:3437} INFO - Setting next_dagrun for example_short_circuit_decorator to 2024-03-27T20:05:12.774991+00:00, run_after=2024-03-28T20:05:12.774991+00:00
[2024-03-28T20:05:12.820+0000] {processor.py:175} INFO - Processing /usr/local/python/3.10.13/lib/python3.10/site-packages/airflow/example_dags/example_short_circuit_decorator.py took 0.098 seconds
[2024-03-28T20:05:51.744+0000] {processor.py:153} INFO - Started process (PID=47586) to work on /usr/local/python/3.10.13/lib/python3.10/site-packages/airflow/example_dags/example_short_circuit_decorator.py
[2024-03-28T20:05:51.745+0000] {processor.py:743} INFO - Processing file /usr/local/python/3.10.13/lib/python3.10/site-packages/airflow/example_dags/example_short_circuit_decorator.py for tasks to queue
[2024-03-28T20:05:51.745+0000] {logging_mixin.py:137} INFO - [2024-03-28T20:05:51.745+0000] {dagbag.py:538} INFO - Filling up the DagBag from /usr/local/python/3.10.13/lib/python3.10/site-packages/airflow/example_dags/example_short_circuit_decorator.py
[2024-03-28T20:05:51.767+0000] {processor.py:753} INFO - DAG(s) dict_keys(['example_short_circuit_decorator']) retrieved from /usr/local/python/3.10.13/lib/python3.10/site-packages/airflow/example_dags/example_short_circuit_decorator.py
[2024-03-28T20:05:51.782+0000] {logging_mixin.py:137} INFO - [2024-03-28T20:05:51.781+0000] {dag.py:2690} INFO - Sync 1 DAGs
[2024-03-28T20:05:51.796+0000] {logging_mixin.py:137} INFO - [2024-03-28T20:05:51.796+0000] {dag.py:3437} INFO - Setting next_dagrun for example_short_circuit_decorator to 2024-03-27T20:05:51.796224+00:00, run_after=2024-03-28T20:05:51.796224+00:00
[2024-03-28T20:05:51.840+0000] {processor.py:175} INFO - Processing /usr/local/python/3.10.13/lib/python3.10/site-packages/airflow/example_dags/example_short_circuit_decorator.py took 0.099 seconds
[2024-03-28T20:06:36.147+0000] {processor.py:153} INFO - Started process (PID=48004) to work on /usr/local/python/3.10.13/lib/python3.10/site-packages/airflow/example_dags/example_short_circuit_decorator.py
[2024-03-28T20:06:36.148+0000] {processor.py:743} INFO - Processing file /usr/local/python/3.10.13/lib/python3.10/site-packages/airflow/example_dags/example_short_circuit_decorator.py for tasks to queue
[2024-03-28T20:06:36.148+0000] {logging_mixin.py:137} INFO - [2024-03-28T20:06:36.148+0000] {dagbag.py:538} INFO - Filling up the DagBag from /usr/local/python/3.10.13/lib/python3.10/site-packages/airflow/example_dags/example_short_circuit_decorator.py
[2024-03-28T20:06:36.171+0000] {processor.py:753} INFO - DAG(s) dict_keys(['example_short_circuit_decorator']) retrieved from /usr/local/python/3.10.13/lib/python3.10/site-packages/airflow/example_dags/example_short_circuit_decorator.py
[2024-03-28T20:06:36.186+0000] {logging_mixin.py:137} INFO - [2024-03-28T20:06:36.186+0000] {dag.py:2690} INFO - Sync 1 DAGs
[2024-03-28T20:06:36.202+0000] {logging_mixin.py:137} INFO - [2024-03-28T20:06:36.202+0000] {dag.py:3437} INFO - Setting next_dagrun for example_short_circuit_decorator to 2024-03-27T20:06:36.201151+00:00, run_after=2024-03-28T20:06:36.201151+00:00
[2024-03-28T20:06:36.356+0000] {processor.py:175} INFO - Processing /usr/local/python/3.10.13/lib/python3.10/site-packages/airflow/example_dags/example_short_circuit_decorator.py took 0.211 seconds
[2024-03-28T20:07:18.239+0000] {processor.py:153} INFO - Started process (PID=48306) to work on /usr/local/python/3.10.13/lib/python3.10/site-packages/airflow/example_dags/example_short_circuit_decorator.py
[2024-03-28T20:07:18.240+0000] {processor.py:743} INFO - Processing file /usr/local/python/3.10.13/lib/python3.10/site-packages/airflow/example_dags/example_short_circuit_decorator.py for tasks to queue
[2024-03-28T20:07:18.240+0000] {logging_mixin.py:137} INFO - [2024-03-28T20:07:18.240+0000] {dagbag.py:538} INFO - Filling up the DagBag from /usr/local/python/3.10.13/lib/python3.10/site-packages/airflow/example_dags/example_short_circuit_decorator.py
[2024-03-28T20:07:18.270+0000] {processor.py:753} INFO - DAG(s) dict_keys(['example_short_circuit_decorator']) retrieved from /usr/local/python/3.10.13/lib/python3.10/site-packages/airflow/example_dags/example_short_circuit_decorator.py
[2024-03-28T20:07:18.295+0000] {logging_mixin.py:137} INFO - [2024-03-28T20:07:18.295+0000] {dag.py:2690} INFO - Sync 1 DAGs
[2024-03-28T20:07:18.458+0000] {logging_mixin.py:137} INFO - [2024-03-28T20:07:18.457+0000] {dag.py:3437} INFO - Setting next_dagrun for example_short_circuit_decorator to 2024-03-27T20:07:18.457716+00:00, run_after=2024-03-28T20:07:18.457716+00:00
[2024-03-28T20:07:18.506+0000] {processor.py:175} INFO - Processing /usr/local/python/3.10.13/lib/python3.10/site-packages/airflow/example_dags/example_short_circuit_decorator.py took 0.270 seconds
[2024-03-28T20:08:03.075+0000] {processor.py:153} INFO - Started process (PID=48723) to work on /usr/local/python/3.10.13/lib/python3.10/site-packages/airflow/example_dags/example_short_circuit_decorator.py
[2024-03-28T20:08:03.076+0000] {processor.py:743} INFO - Processing file /usr/local/python/3.10.13/lib/python3.10/site-packages/airflow/example_dags/example_short_circuit_decorator.py for tasks to queue
[2024-03-28T20:08:03.076+0000] {logging_mixin.py:137} INFO - [2024-03-28T20:08:03.076+0000] {dagbag.py:538} INFO - Filling up the DagBag from /usr/local/python/3.10.13/lib/python3.10/site-packages/airflow/example_dags/example_short_circuit_decorator.py
[2024-03-28T20:08:03.098+0000] {processor.py:753} INFO - DAG(s) dict_keys(['example_short_circuit_decorator']) retrieved from /usr/local/python/3.10.13/lib/python3.10/site-packages/airflow/example_dags/example_short_circuit_decorator.py
[2024-03-28T20:08:03.112+0000] {logging_mixin.py:137} INFO - [2024-03-28T20:08:03.112+0000] {dag.py:2690} INFO - Sync 1 DAGs
[2024-03-28T20:08:03.228+0000] {logging_mixin.py:137} INFO - [2024-03-28T20:08:03.228+0000] {dag.py:3437} INFO - Setting next_dagrun for example_short_circuit_decorator to 2024-03-27T20:08:03.228404+00:00, run_after=2024-03-28T20:08:03.228404+00:00
[2024-03-28T20:08:03.272+0000] {processor.py:175} INFO - Processing /usr/local/python/3.10.13/lib/python3.10/site-packages/airflow/example_dags/example_short_circuit_decorator.py took 0.199 seconds
[2024-03-28T20:08:50.474+0000] {processor.py:153} INFO - Started process (PID=49156) to work on /usr/local/python/3.10.13/lib/python3.10/site-packages/airflow/example_dags/example_short_circuit_decorator.py
[2024-03-28T20:08:50.474+0000] {processor.py:743} INFO - Processing file /usr/local/python/3.10.13/lib/python3.10/site-packages/airflow/example_dags/example_short_circuit_decorator.py for tasks to queue
[2024-03-28T20:08:50.475+0000] {logging_mixin.py:137} INFO - [2024-03-28T20:08:50.475+0000] {dagbag.py:538} INFO - Filling up the DagBag from /usr/local/python/3.10.13/lib/python3.10/site-packages/airflow/example_dags/example_short_circuit_decorator.py
[2024-03-28T20:08:50.497+0000] {processor.py:753} INFO - DAG(s) dict_keys(['example_short_circuit_decorator']) retrieved from /usr/local/python/3.10.13/lib/python3.10/site-packages/airflow/example_dags/example_short_circuit_decorator.py
[2024-03-28T20:08:50.512+0000] {logging_mixin.py:137} INFO - [2024-03-28T20:08:50.512+0000] {dag.py:2690} INFO - Sync 1 DAGs
[2024-03-28T20:08:50.619+0000] {logging_mixin.py:137} INFO - [2024-03-28T20:08:50.619+0000] {dag.py:3437} INFO - Setting next_dagrun for example_short_circuit_decorator to 2024-03-27T20:08:50.618890+00:00, run_after=2024-03-28T20:08:50.618890+00:00
[2024-03-28T20:08:50.680+0000] {processor.py:175} INFO - Processing /usr/local/python/3.10.13/lib/python3.10/site-packages/airflow/example_dags/example_short_circuit_decorator.py took 0.208 seconds
[2024-03-28T20:09:36.851+0000] {processor.py:153} INFO - Started process (PID=49576) to work on /usr/local/python/3.10.13/lib/python3.10/site-packages/airflow/example_dags/example_short_circuit_decorator.py
[2024-03-28T20:09:36.851+0000] {processor.py:743} INFO - Processing file /usr/local/python/3.10.13/lib/python3.10/site-packages/airflow/example_dags/example_short_circuit_decorator.py for tasks to queue
[2024-03-28T20:09:36.852+0000] {logging_mixin.py:137} INFO - [2024-03-28T20:09:36.851+0000] {dagbag.py:538} INFO - Filling up the DagBag from /usr/local/python/3.10.13/lib/python3.10/site-packages/airflow/example_dags/example_short_circuit_decorator.py
[2024-03-28T20:09:36.874+0000] {processor.py:753} INFO - DAG(s) dict_keys(['example_short_circuit_decorator']) retrieved from /usr/local/python/3.10.13/lib/python3.10/site-packages/airflow/example_dags/example_short_circuit_decorator.py
[2024-03-28T20:09:36.985+0000] {logging_mixin.py:137} INFO - [2024-03-28T20:09:36.985+0000] {dag.py:2690} INFO - Sync 1 DAGs
[2024-03-28T20:09:36.999+0000] {logging_mixin.py:137} INFO - [2024-03-28T20:09:36.999+0000] {dag.py:3437} INFO - Setting next_dagrun for example_short_circuit_decorator to 2024-03-27T20:09:36.999346+00:00, run_after=2024-03-28T20:09:36.999346+00:00
[2024-03-28T20:09:37.047+0000] {processor.py:175} INFO - Processing /usr/local/python/3.10.13/lib/python3.10/site-packages/airflow/example_dags/example_short_circuit_decorator.py took 0.199 seconds
[2024-03-28T20:10:20.580+0000] {processor.py:153} INFO - Started process (PID=49953) to work on /usr/local/python/3.10.13/lib/python3.10/site-packages/airflow/example_dags/example_short_circuit_decorator.py
[2024-03-28T20:10:20.581+0000] {processor.py:743} INFO - Processing file /usr/local/python/3.10.13/lib/python3.10/site-packages/airflow/example_dags/example_short_circuit_decorator.py for tasks to queue
[2024-03-28T20:10:20.581+0000] {logging_mixin.py:137} INFO - [2024-03-28T20:10:20.581+0000] {dagbag.py:538} INFO - Filling up the DagBag from /usr/local/python/3.10.13/lib/python3.10/site-packages/airflow/example_dags/example_short_circuit_decorator.py
[2024-03-28T20:10:20.754+0000] {processor.py:753} INFO - DAG(s) dict_keys(['example_short_circuit_decorator']) retrieved from /usr/local/python/3.10.13/lib/python3.10/site-packages/airflow/example_dags/example_short_circuit_decorator.py
[2024-03-28T20:10:20.767+0000] {logging_mixin.py:137} INFO - [2024-03-28T20:10:20.767+0000] {dag.py:2690} INFO - Sync 1 DAGs
[2024-03-28T20:10:20.785+0000] {logging_mixin.py:137} INFO - [2024-03-28T20:10:20.785+0000] {dag.py:3437} INFO - Setting next_dagrun for example_short_circuit_decorator to 2024-03-27T20:10:20.785302+00:00, run_after=2024-03-28T20:10:20.785302+00:00
[2024-03-28T20:10:20.829+0000] {processor.py:175} INFO - Processing /usr/local/python/3.10.13/lib/python3.10/site-packages/airflow/example_dags/example_short_circuit_decorator.py took 0.251 seconds
[2024-03-28T20:11:01.072+0000] {processor.py:153} INFO - Started process (PID=50281) to work on /usr/local/python/3.10.13/lib/python3.10/site-packages/airflow/example_dags/example_short_circuit_decorator.py
[2024-03-28T20:11:01.073+0000] {processor.py:743} INFO - Processing file /usr/local/python/3.10.13/lib/python3.10/site-packages/airflow/example_dags/example_short_circuit_decorator.py for tasks to queue
[2024-03-28T20:11:01.073+0000] {logging_mixin.py:137} INFO - [2024-03-28T20:11:01.073+0000] {dagbag.py:538} INFO - Filling up the DagBag from /usr/local/python/3.10.13/lib/python3.10/site-packages/airflow/example_dags/example_short_circuit_decorator.py
[2024-03-28T20:11:01.190+0000] {processor.py:753} INFO - DAG(s) dict_keys(['example_short_circuit_decorator']) retrieved from /usr/local/python/3.10.13/lib/python3.10/site-packages/airflow/example_dags/example_short_circuit_decorator.py
[2024-03-28T20:11:01.203+0000] {logging_mixin.py:137} INFO - [2024-03-28T20:11:01.203+0000] {dag.py:2690} INFO - Sync 1 DAGs
[2024-03-28T20:11:01.216+0000] {logging_mixin.py:137} INFO - [2024-03-28T20:11:01.216+0000] {dag.py:3437} INFO - Setting next_dagrun for example_short_circuit_decorator to 2024-03-27T20:11:01.216691+00:00, run_after=2024-03-28T20:11:01.216691+00:00
[2024-03-28T20:11:01.261+0000] {processor.py:175} INFO - Processing /usr/local/python/3.10.13/lib/python3.10/site-packages/airflow/example_dags/example_short_circuit_decorator.py took 0.191 seconds
