[2024-03-28T20:00:05.021+0000] {processor.py:153} INFO - Started process (PID=44636) to work on /usr/local/python/3.10.13/lib/python3.10/site-packages/airflow/example_dags/example_python_operator.py
[2024-03-28T20:00:05.022+0000] {processor.py:743} INFO - Processing file /usr/local/python/3.10.13/lib/python3.10/site-packages/airflow/example_dags/example_python_operator.py for tasks to queue
[2024-03-28T20:00:05.022+0000] {logging_mixin.py:137} INFO - [2024-03-28T20:00:05.022+0000] {dagbag.py:538} INFO - Filling up the DagBag from /usr/local/python/3.10.13/lib/python3.10/site-packages/airflow/example_dags/example_python_operator.py
[2024-03-28T20:00:05.038+0000] {logging_mixin.py:137} INFO - [2024-03-28T20:00:05.037+0000] {taskmixin.py:205} WARNING - Dependency <Task(_PythonDecoratedOperator): print_the_context>, log_sql_query already registered for DAG: example_python_operator
[2024-03-28T20:00:05.038+0000] {logging_mixin.py:137} INFO - [2024-03-28T20:00:05.038+0000] {taskmixin.py:205} WARNING - Dependency <Task(_PythonDecoratedOperator): log_sql_query>, print_the_context already registered for DAG: example_python_operator
[2024-03-28T20:00:05.038+0000] {logging_mixin.py:137} INFO - [2024-03-28T20:00:05.038+0000] {taskmixin.py:205} WARNING - Dependency <Task(_PythonDecoratedOperator): print_the_context>, log_sql_query already registered for DAG: example_python_operator
[2024-03-28T20:00:05.038+0000] {logging_mixin.py:137} INFO - [2024-03-28T20:00:05.038+0000] {taskmixin.py:205} WARNING - Dependency <Task(_PythonDecoratedOperator): log_sql_query>, print_the_context already registered for DAG: example_python_operator
[2024-03-28T20:00:05.039+0000] {logging_mixin.py:137} INFO - [2024-03-28T20:00:05.039+0000] {taskmixin.py:205} WARNING - Dependency <Task(_PythonDecoratedOperator): print_the_context>, log_sql_query already registered for DAG: example_python_operator
[2024-03-28T20:00:05.039+0000] {logging_mixin.py:137} INFO - [2024-03-28T20:00:05.039+0000] {taskmixin.py:205} WARNING - Dependency <Task(_PythonDecoratedOperator): log_sql_query>, print_the_context already registered for DAG: example_python_operator
[2024-03-28T20:00:05.040+0000] {logging_mixin.py:137} INFO - [2024-03-28T20:00:05.040+0000] {taskmixin.py:205} WARNING - Dependency <Task(_PythonDecoratedOperator): print_the_context>, log_sql_query already registered for DAG: example_python_operator
[2024-03-28T20:00:05.040+0000] {logging_mixin.py:137} INFO - [2024-03-28T20:00:05.040+0000] {taskmixin.py:205} WARNING - Dependency <Task(_PythonDecoratedOperator): log_sql_query>, print_the_context already registered for DAG: example_python_operator
[2024-03-28T20:00:05.047+0000] {processor.py:753} INFO - DAG(s) dict_keys(['example_python_operator']) retrieved from /usr/local/python/3.10.13/lib/python3.10/site-packages/airflow/example_dags/example_python_operator.py
[2024-03-28T20:00:05.199+0000] {logging_mixin.py:137} INFO - [2024-03-28T20:00:05.199+0000] {manager.py:504} INFO - Created Permission View: can read on DAG:example_python_operator
[2024-03-28T20:00:05.234+0000] {logging_mixin.py:137} INFO - [2024-03-28T20:00:05.234+0000] {manager.py:504} INFO - Created Permission View: can delete on DAG:example_python_operator
[2024-03-28T20:00:05.267+0000] {logging_mixin.py:137} INFO - [2024-03-28T20:00:05.267+0000] {manager.py:504} INFO - Created Permission View: can edit on DAG:example_python_operator
[2024-03-28T20:00:05.268+0000] {logging_mixin.py:137} INFO - [2024-03-28T20:00:05.268+0000] {dag.py:2690} INFO - Sync 1 DAGs
[2024-03-28T20:00:05.276+0000] {logging_mixin.py:137} INFO - [2024-03-28T20:00:05.275+0000] {dag.py:2711} INFO - Creating ORM DAG for example_python_operator
[2024-03-28T20:00:05.282+0000] {logging_mixin.py:137} INFO - [2024-03-28T20:00:05.282+0000] {dag.py:3437} INFO - Setting next_dagrun for example_python_operator to None, run_after=None
[2024-03-28T20:00:05.331+0000] {processor.py:175} INFO - Processing /usr/local/python/3.10.13/lib/python3.10/site-packages/airflow/example_dags/example_python_operator.py took 0.312 seconds
[2024-03-28T20:00:49.824+0000] {processor.py:153} INFO - Started process (PID=44926) to work on /usr/local/python/3.10.13/lib/python3.10/site-packages/airflow/example_dags/example_python_operator.py
[2024-03-28T20:00:49.825+0000] {processor.py:743} INFO - Processing file /usr/local/python/3.10.13/lib/python3.10/site-packages/airflow/example_dags/example_python_operator.py for tasks to queue
[2024-03-28T20:00:49.826+0000] {logging_mixin.py:137} INFO - [2024-03-28T20:00:49.826+0000] {dagbag.py:538} INFO - Filling up the DagBag from /usr/local/python/3.10.13/lib/python3.10/site-packages/airflow/example_dags/example_python_operator.py
[2024-03-28T20:00:49.841+0000] {logging_mixin.py:137} INFO - [2024-03-28T20:00:49.841+0000] {taskmixin.py:205} WARNING - Dependency <Task(_PythonDecoratedOperator): print_the_context>, log_sql_query already registered for DAG: example_python_operator
[2024-03-28T20:00:49.842+0000] {logging_mixin.py:137} INFO - [2024-03-28T20:00:49.841+0000] {taskmixin.py:205} WARNING - Dependency <Task(_PythonDecoratedOperator): log_sql_query>, print_the_context already registered for DAG: example_python_operator
[2024-03-28T20:00:49.842+0000] {logging_mixin.py:137} INFO - [2024-03-28T20:00:49.842+0000] {taskmixin.py:205} WARNING - Dependency <Task(_PythonDecoratedOperator): print_the_context>, log_sql_query already registered for DAG: example_python_operator
[2024-03-28T20:00:49.842+0000] {logging_mixin.py:137} INFO - [2024-03-28T20:00:49.842+0000] {taskmixin.py:205} WARNING - Dependency <Task(_PythonDecoratedOperator): log_sql_query>, print_the_context already registered for DAG: example_python_operator
[2024-03-28T20:00:49.843+0000] {logging_mixin.py:137} INFO - [2024-03-28T20:00:49.843+0000] {taskmixin.py:205} WARNING - Dependency <Task(_PythonDecoratedOperator): print_the_context>, log_sql_query already registered for DAG: example_python_operator
[2024-03-28T20:00:49.843+0000] {logging_mixin.py:137} INFO - [2024-03-28T20:00:49.843+0000] {taskmixin.py:205} WARNING - Dependency <Task(_PythonDecoratedOperator): log_sql_query>, print_the_context already registered for DAG: example_python_operator
[2024-03-28T20:00:49.844+0000] {logging_mixin.py:137} INFO - [2024-03-28T20:00:49.843+0000] {taskmixin.py:205} WARNING - Dependency <Task(_PythonDecoratedOperator): print_the_context>, log_sql_query already registered for DAG: example_python_operator
[2024-03-28T20:00:49.844+0000] {logging_mixin.py:137} INFO - [2024-03-28T20:00:49.844+0000] {taskmixin.py:205} WARNING - Dependency <Task(_PythonDecoratedOperator): log_sql_query>, print_the_context already registered for DAG: example_python_operator
[2024-03-28T20:00:49.852+0000] {processor.py:753} INFO - DAG(s) dict_keys(['example_python_operator']) retrieved from /usr/local/python/3.10.13/lib/python3.10/site-packages/airflow/example_dags/example_python_operator.py
[2024-03-28T20:00:49.869+0000] {logging_mixin.py:137} INFO - [2024-03-28T20:00:49.869+0000] {dag.py:2690} INFO - Sync 1 DAGs
[2024-03-28T20:00:49.883+0000] {logging_mixin.py:137} INFO - [2024-03-28T20:00:49.883+0000] {dag.py:3437} INFO - Setting next_dagrun for example_python_operator to None, run_after=None
[2024-03-28T20:00:49.926+0000] {processor.py:175} INFO - Processing /usr/local/python/3.10.13/lib/python3.10/site-packages/airflow/example_dags/example_python_operator.py took 0.104 seconds
[2024-03-28T20:01:29.249+0000] {processor.py:153} INFO - Started process (PID=45205) to work on /usr/local/python/3.10.13/lib/python3.10/site-packages/airflow/example_dags/example_python_operator.py
[2024-03-28T20:01:29.249+0000] {processor.py:743} INFO - Processing file /usr/local/python/3.10.13/lib/python3.10/site-packages/airflow/example_dags/example_python_operator.py for tasks to queue
[2024-03-28T20:01:29.250+0000] {logging_mixin.py:137} INFO - [2024-03-28T20:01:29.250+0000] {dagbag.py:538} INFO - Filling up the DagBag from /usr/local/python/3.10.13/lib/python3.10/site-packages/airflow/example_dags/example_python_operator.py
[2024-03-28T20:01:29.266+0000] {logging_mixin.py:137} INFO - [2024-03-28T20:01:29.266+0000] {taskmixin.py:205} WARNING - Dependency <Task(_PythonDecoratedOperator): print_the_context>, log_sql_query already registered for DAG: example_python_operator
[2024-03-28T20:01:29.266+0000] {logging_mixin.py:137} INFO - [2024-03-28T20:01:29.266+0000] {taskmixin.py:205} WARNING - Dependency <Task(_PythonDecoratedOperator): log_sql_query>, print_the_context already registered for DAG: example_python_operator
[2024-03-28T20:01:29.267+0000] {logging_mixin.py:137} INFO - [2024-03-28T20:01:29.267+0000] {taskmixin.py:205} WARNING - Dependency <Task(_PythonDecoratedOperator): print_the_context>, log_sql_query already registered for DAG: example_python_operator
[2024-03-28T20:01:29.267+0000] {logging_mixin.py:137} INFO - [2024-03-28T20:01:29.267+0000] {taskmixin.py:205} WARNING - Dependency <Task(_PythonDecoratedOperator): log_sql_query>, print_the_context already registered for DAG: example_python_operator
[2024-03-28T20:01:29.267+0000] {logging_mixin.py:137} INFO - [2024-03-28T20:01:29.267+0000] {taskmixin.py:205} WARNING - Dependency <Task(_PythonDecoratedOperator): print_the_context>, log_sql_query already registered for DAG: example_python_operator
[2024-03-28T20:01:29.268+0000] {logging_mixin.py:137} INFO - [2024-03-28T20:01:29.267+0000] {taskmixin.py:205} WARNING - Dependency <Task(_PythonDecoratedOperator): log_sql_query>, print_the_context already registered for DAG: example_python_operator
[2024-03-28T20:01:29.268+0000] {logging_mixin.py:137} INFO - [2024-03-28T20:01:29.268+0000] {taskmixin.py:205} WARNING - Dependency <Task(_PythonDecoratedOperator): print_the_context>, log_sql_query already registered for DAG: example_python_operator
[2024-03-28T20:01:29.268+0000] {logging_mixin.py:137} INFO - [2024-03-28T20:01:29.268+0000] {taskmixin.py:205} WARNING - Dependency <Task(_PythonDecoratedOperator): log_sql_query>, print_the_context already registered for DAG: example_python_operator
[2024-03-28T20:01:29.275+0000] {processor.py:753} INFO - DAG(s) dict_keys(['example_python_operator']) retrieved from /usr/local/python/3.10.13/lib/python3.10/site-packages/airflow/example_dags/example_python_operator.py
[2024-03-28T20:01:29.289+0000] {logging_mixin.py:137} INFO - [2024-03-28T20:01:29.289+0000] {dag.py:2690} INFO - Sync 1 DAGs
[2024-03-28T20:01:29.304+0000] {logging_mixin.py:137} INFO - [2024-03-28T20:01:29.303+0000] {dag.py:3437} INFO - Setting next_dagrun for example_python_operator to None, run_after=None
[2024-03-28T20:01:29.346+0000] {processor.py:175} INFO - Processing /usr/local/python/3.10.13/lib/python3.10/site-packages/airflow/example_dags/example_python_operator.py took 0.099 seconds
[2024-03-28T20:02:09.770+0000] {processor.py:153} INFO - Started process (PID=45479) to work on /usr/local/python/3.10.13/lib/python3.10/site-packages/airflow/example_dags/example_python_operator.py
[2024-03-28T20:02:09.771+0000] {processor.py:743} INFO - Processing file /usr/local/python/3.10.13/lib/python3.10/site-packages/airflow/example_dags/example_python_operator.py for tasks to queue
[2024-03-28T20:02:09.771+0000] {logging_mixin.py:137} INFO - [2024-03-28T20:02:09.771+0000] {dagbag.py:538} INFO - Filling up the DagBag from /usr/local/python/3.10.13/lib/python3.10/site-packages/airflow/example_dags/example_python_operator.py
[2024-03-28T20:02:09.788+0000] {logging_mixin.py:137} INFO - [2024-03-28T20:02:09.788+0000] {taskmixin.py:205} WARNING - Dependency <Task(_PythonDecoratedOperator): print_the_context>, log_sql_query already registered for DAG: example_python_operator
[2024-03-28T20:02:09.789+0000] {logging_mixin.py:137} INFO - [2024-03-28T20:02:09.788+0000] {taskmixin.py:205} WARNING - Dependency <Task(_PythonDecoratedOperator): log_sql_query>, print_the_context already registered for DAG: example_python_operator
[2024-03-28T20:02:09.789+0000] {logging_mixin.py:137} INFO - [2024-03-28T20:02:09.789+0000] {taskmixin.py:205} WARNING - Dependency <Task(_PythonDecoratedOperator): print_the_context>, log_sql_query already registered for DAG: example_python_operator
[2024-03-28T20:02:09.789+0000] {logging_mixin.py:137} INFO - [2024-03-28T20:02:09.789+0000] {taskmixin.py:205} WARNING - Dependency <Task(_PythonDecoratedOperator): log_sql_query>, print_the_context already registered for DAG: example_python_operator
[2024-03-28T20:02:09.790+0000] {logging_mixin.py:137} INFO - [2024-03-28T20:02:09.790+0000] {taskmixin.py:205} WARNING - Dependency <Task(_PythonDecoratedOperator): print_the_context>, log_sql_query already registered for DAG: example_python_operator
[2024-03-28T20:02:09.790+0000] {logging_mixin.py:137} INFO - [2024-03-28T20:02:09.790+0000] {taskmixin.py:205} WARNING - Dependency <Task(_PythonDecoratedOperator): log_sql_query>, print_the_context already registered for DAG: example_python_operator
[2024-03-28T20:02:09.790+0000] {logging_mixin.py:137} INFO - [2024-03-28T20:02:09.790+0000] {taskmixin.py:205} WARNING - Dependency <Task(_PythonDecoratedOperator): print_the_context>, log_sql_query already registered for DAG: example_python_operator
[2024-03-28T20:02:09.791+0000] {logging_mixin.py:137} INFO - [2024-03-28T20:02:09.791+0000] {taskmixin.py:205} WARNING - Dependency <Task(_PythonDecoratedOperator): log_sql_query>, print_the_context already registered for DAG: example_python_operator
[2024-03-28T20:02:09.797+0000] {processor.py:753} INFO - DAG(s) dict_keys(['example_python_operator']) retrieved from /usr/local/python/3.10.13/lib/python3.10/site-packages/airflow/example_dags/example_python_operator.py
[2024-03-28T20:02:09.813+0000] {logging_mixin.py:137} INFO - [2024-03-28T20:02:09.813+0000] {dag.py:2690} INFO - Sync 1 DAGs
[2024-03-28T20:02:09.828+0000] {logging_mixin.py:137} INFO - [2024-03-28T20:02:09.828+0000] {dag.py:3437} INFO - Setting next_dagrun for example_python_operator to None, run_after=None
[2024-03-28T20:02:09.874+0000] {processor.py:175} INFO - Processing /usr/local/python/3.10.13/lib/python3.10/site-packages/airflow/example_dags/example_python_operator.py took 0.106 seconds
[2024-03-28T20:02:49.344+0000] {processor.py:153} INFO - Started process (PID=45842) to work on /usr/local/python/3.10.13/lib/python3.10/site-packages/airflow/example_dags/example_python_operator.py
[2024-03-28T20:02:49.345+0000] {processor.py:743} INFO - Processing file /usr/local/python/3.10.13/lib/python3.10/site-packages/airflow/example_dags/example_python_operator.py for tasks to queue
[2024-03-28T20:02:49.345+0000] {logging_mixin.py:137} INFO - [2024-03-28T20:02:49.345+0000] {dagbag.py:538} INFO - Filling up the DagBag from /usr/local/python/3.10.13/lib/python3.10/site-packages/airflow/example_dags/example_python_operator.py
[2024-03-28T20:02:49.361+0000] {logging_mixin.py:137} INFO - [2024-03-28T20:02:49.361+0000] {taskmixin.py:205} WARNING - Dependency <Task(_PythonDecoratedOperator): print_the_context>, log_sql_query already registered for DAG: example_python_operator
[2024-03-28T20:02:49.361+0000] {logging_mixin.py:137} INFO - [2024-03-28T20:02:49.361+0000] {taskmixin.py:205} WARNING - Dependency <Task(_PythonDecoratedOperator): log_sql_query>, print_the_context already registered for DAG: example_python_operator
[2024-03-28T20:02:49.361+0000] {logging_mixin.py:137} INFO - [2024-03-28T20:02:49.361+0000] {taskmixin.py:205} WARNING - Dependency <Task(_PythonDecoratedOperator): print_the_context>, log_sql_query already registered for DAG: example_python_operator
[2024-03-28T20:02:49.362+0000] {logging_mixin.py:137} INFO - [2024-03-28T20:02:49.361+0000] {taskmixin.py:205} WARNING - Dependency <Task(_PythonDecoratedOperator): log_sql_query>, print_the_context already registered for DAG: example_python_operator
[2024-03-28T20:02:49.362+0000] {logging_mixin.py:137} INFO - [2024-03-28T20:02:49.362+0000] {taskmixin.py:205} WARNING - Dependency <Task(_PythonDecoratedOperator): print_the_context>, log_sql_query already registered for DAG: example_python_operator
[2024-03-28T20:02:49.362+0000] {logging_mixin.py:137} INFO - [2024-03-28T20:02:49.362+0000] {taskmixin.py:205} WARNING - Dependency <Task(_PythonDecoratedOperator): log_sql_query>, print_the_context already registered for DAG: example_python_operator
[2024-03-28T20:02:49.363+0000] {logging_mixin.py:137} INFO - [2024-03-28T20:02:49.363+0000] {taskmixin.py:205} WARNING - Dependency <Task(_PythonDecoratedOperator): print_the_context>, log_sql_query already registered for DAG: example_python_operator
[2024-03-28T20:02:49.363+0000] {logging_mixin.py:137} INFO - [2024-03-28T20:02:49.363+0000] {taskmixin.py:205} WARNING - Dependency <Task(_PythonDecoratedOperator): log_sql_query>, print_the_context already registered for DAG: example_python_operator
[2024-03-28T20:02:49.369+0000] {processor.py:753} INFO - DAG(s) dict_keys(['example_python_operator']) retrieved from /usr/local/python/3.10.13/lib/python3.10/site-packages/airflow/example_dags/example_python_operator.py
[2024-03-28T20:02:49.385+0000] {logging_mixin.py:137} INFO - [2024-03-28T20:02:49.385+0000] {dag.py:2690} INFO - Sync 1 DAGs
[2024-03-28T20:02:49.400+0000] {logging_mixin.py:137} INFO - [2024-03-28T20:02:49.400+0000] {dag.py:3437} INFO - Setting next_dagrun for example_python_operator to None, run_after=None
[2024-03-28T20:02:49.445+0000] {processor.py:175} INFO - Processing /usr/local/python/3.10.13/lib/python3.10/site-packages/airflow/example_dags/example_python_operator.py took 0.102 seconds
[2024-03-28T20:03:28.822+0000] {processor.py:153} INFO - Started process (PID=46158) to work on /usr/local/python/3.10.13/lib/python3.10/site-packages/airflow/example_dags/example_python_operator.py
[2024-03-28T20:03:28.822+0000] {processor.py:743} INFO - Processing file /usr/local/python/3.10.13/lib/python3.10/site-packages/airflow/example_dags/example_python_operator.py for tasks to queue
[2024-03-28T20:03:28.823+0000] {logging_mixin.py:137} INFO - [2024-03-28T20:03:28.823+0000] {dagbag.py:538} INFO - Filling up the DagBag from /usr/local/python/3.10.13/lib/python3.10/site-packages/airflow/example_dags/example_python_operator.py
[2024-03-28T20:03:28.838+0000] {logging_mixin.py:137} INFO - [2024-03-28T20:03:28.838+0000] {taskmixin.py:205} WARNING - Dependency <Task(_PythonDecoratedOperator): print_the_context>, log_sql_query already registered for DAG: example_python_operator
[2024-03-28T20:03:28.838+0000] {logging_mixin.py:137} INFO - [2024-03-28T20:03:28.838+0000] {taskmixin.py:205} WARNING - Dependency <Task(_PythonDecoratedOperator): log_sql_query>, print_the_context already registered for DAG: example_python_operator
[2024-03-28T20:03:28.839+0000] {logging_mixin.py:137} INFO - [2024-03-28T20:03:28.839+0000] {taskmixin.py:205} WARNING - Dependency <Task(_PythonDecoratedOperator): print_the_context>, log_sql_query already registered for DAG: example_python_operator
[2024-03-28T20:03:28.839+0000] {logging_mixin.py:137} INFO - [2024-03-28T20:03:28.839+0000] {taskmixin.py:205} WARNING - Dependency <Task(_PythonDecoratedOperator): log_sql_query>, print_the_context already registered for DAG: example_python_operator
[2024-03-28T20:03:28.840+0000] {logging_mixin.py:137} INFO - [2024-03-28T20:03:28.839+0000] {taskmixin.py:205} WARNING - Dependency <Task(_PythonDecoratedOperator): print_the_context>, log_sql_query already registered for DAG: example_python_operator
[2024-03-28T20:03:28.840+0000] {logging_mixin.py:137} INFO - [2024-03-28T20:03:28.840+0000] {taskmixin.py:205} WARNING - Dependency <Task(_PythonDecoratedOperator): log_sql_query>, print_the_context already registered for DAG: example_python_operator
[2024-03-28T20:03:28.840+0000] {logging_mixin.py:137} INFO - [2024-03-28T20:03:28.840+0000] {taskmixin.py:205} WARNING - Dependency <Task(_PythonDecoratedOperator): print_the_context>, log_sql_query already registered for DAG: example_python_operator
[2024-03-28T20:03:28.840+0000] {logging_mixin.py:137} INFO - [2024-03-28T20:03:28.840+0000] {taskmixin.py:205} WARNING - Dependency <Task(_PythonDecoratedOperator): log_sql_query>, print_the_context already registered for DAG: example_python_operator
[2024-03-28T20:03:28.847+0000] {processor.py:753} INFO - DAG(s) dict_keys(['example_python_operator']) retrieved from /usr/local/python/3.10.13/lib/python3.10/site-packages/airflow/example_dags/example_python_operator.py
[2024-03-28T20:03:28.862+0000] {logging_mixin.py:137} INFO - [2024-03-28T20:03:28.862+0000] {dag.py:2690} INFO - Sync 1 DAGs
[2024-03-28T20:03:28.879+0000] {logging_mixin.py:137} INFO - [2024-03-28T20:03:28.879+0000] {dag.py:3437} INFO - Setting next_dagrun for example_python_operator to None, run_after=None
[2024-03-28T20:03:28.923+0000] {processor.py:175} INFO - Processing /usr/local/python/3.10.13/lib/python3.10/site-packages/airflow/example_dags/example_python_operator.py took 0.103 seconds
[2024-03-28T20:04:10.227+0000] {processor.py:153} INFO - Started process (PID=46572) to work on /usr/local/python/3.10.13/lib/python3.10/site-packages/airflow/example_dags/example_python_operator.py
[2024-03-28T20:04:10.228+0000] {processor.py:743} INFO - Processing file /usr/local/python/3.10.13/lib/python3.10/site-packages/airflow/example_dags/example_python_operator.py for tasks to queue
[2024-03-28T20:04:10.228+0000] {logging_mixin.py:137} INFO - [2024-03-28T20:04:10.228+0000] {dagbag.py:538} INFO - Filling up the DagBag from /usr/local/python/3.10.13/lib/python3.10/site-packages/airflow/example_dags/example_python_operator.py
[2024-03-28T20:04:10.247+0000] {logging_mixin.py:137} INFO - [2024-03-28T20:04:10.247+0000] {taskmixin.py:205} WARNING - Dependency <Task(_PythonDecoratedOperator): print_the_context>, log_sql_query already registered for DAG: example_python_operator
[2024-03-28T20:04:10.247+0000] {logging_mixin.py:137} INFO - [2024-03-28T20:04:10.247+0000] {taskmixin.py:205} WARNING - Dependency <Task(_PythonDecoratedOperator): log_sql_query>, print_the_context already registered for DAG: example_python_operator
[2024-03-28T20:04:10.248+0000] {logging_mixin.py:137} INFO - [2024-03-28T20:04:10.248+0000] {taskmixin.py:205} WARNING - Dependency <Task(_PythonDecoratedOperator): print_the_context>, log_sql_query already registered for DAG: example_python_operator
[2024-03-28T20:04:10.248+0000] {logging_mixin.py:137} INFO - [2024-03-28T20:04:10.248+0000] {taskmixin.py:205} WARNING - Dependency <Task(_PythonDecoratedOperator): log_sql_query>, print_the_context already registered for DAG: example_python_operator
[2024-03-28T20:04:10.248+0000] {logging_mixin.py:137} INFO - [2024-03-28T20:04:10.248+0000] {taskmixin.py:205} WARNING - Dependency <Task(_PythonDecoratedOperator): print_the_context>, log_sql_query already registered for DAG: example_python_operator
[2024-03-28T20:04:10.248+0000] {logging_mixin.py:137} INFO - [2024-03-28T20:04:10.248+0000] {taskmixin.py:205} WARNING - Dependency <Task(_PythonDecoratedOperator): log_sql_query>, print_the_context already registered for DAG: example_python_operator
[2024-03-28T20:04:10.249+0000] {logging_mixin.py:137} INFO - [2024-03-28T20:04:10.249+0000] {taskmixin.py:205} WARNING - Dependency <Task(_PythonDecoratedOperator): print_the_context>, log_sql_query already registered for DAG: example_python_operator
[2024-03-28T20:04:10.249+0000] {logging_mixin.py:137} INFO - [2024-03-28T20:04:10.249+0000] {taskmixin.py:205} WARNING - Dependency <Task(_PythonDecoratedOperator): log_sql_query>, print_the_context already registered for DAG: example_python_operator
[2024-03-28T20:04:10.256+0000] {processor.py:753} INFO - DAG(s) dict_keys(['example_python_operator']) retrieved from /usr/local/python/3.10.13/lib/python3.10/site-packages/airflow/example_dags/example_python_operator.py
[2024-03-28T20:04:10.274+0000] {logging_mixin.py:137} INFO - [2024-03-28T20:04:10.274+0000] {dag.py:2690} INFO - Sync 1 DAGs
[2024-03-28T20:04:10.289+0000] {logging_mixin.py:137} INFO - [2024-03-28T20:04:10.289+0000] {dag.py:3437} INFO - Setting next_dagrun for example_python_operator to None, run_after=None
[2024-03-28T20:04:10.348+0000] {processor.py:175} INFO - Processing /usr/local/python/3.10.13/lib/python3.10/site-packages/airflow/example_dags/example_python_operator.py took 0.123 seconds
[2024-03-28T20:04:49.131+0000] {processor.py:153} INFO - Started process (PID=46943) to work on /usr/local/python/3.10.13/lib/python3.10/site-packages/airflow/example_dags/example_python_operator.py
[2024-03-28T20:04:49.131+0000] {processor.py:743} INFO - Processing file /usr/local/python/3.10.13/lib/python3.10/site-packages/airflow/example_dags/example_python_operator.py for tasks to queue
[2024-03-28T20:04:49.132+0000] {logging_mixin.py:137} INFO - [2024-03-28T20:04:49.132+0000] {dagbag.py:538} INFO - Filling up the DagBag from /usr/local/python/3.10.13/lib/python3.10/site-packages/airflow/example_dags/example_python_operator.py
[2024-03-28T20:04:49.147+0000] {logging_mixin.py:137} INFO - [2024-03-28T20:04:49.147+0000] {taskmixin.py:205} WARNING - Dependency <Task(_PythonDecoratedOperator): print_the_context>, log_sql_query already registered for DAG: example_python_operator
[2024-03-28T20:04:49.147+0000] {logging_mixin.py:137} INFO - [2024-03-28T20:04:49.147+0000] {taskmixin.py:205} WARNING - Dependency <Task(_PythonDecoratedOperator): log_sql_query>, print_the_context already registered for DAG: example_python_operator
[2024-03-28T20:04:49.148+0000] {logging_mixin.py:137} INFO - [2024-03-28T20:04:49.148+0000] {taskmixin.py:205} WARNING - Dependency <Task(_PythonDecoratedOperator): print_the_context>, log_sql_query already registered for DAG: example_python_operator
[2024-03-28T20:04:49.148+0000] {logging_mixin.py:137} INFO - [2024-03-28T20:04:49.148+0000] {taskmixin.py:205} WARNING - Dependency <Task(_PythonDecoratedOperator): log_sql_query>, print_the_context already registered for DAG: example_python_operator
[2024-03-28T20:04:49.148+0000] {logging_mixin.py:137} INFO - [2024-03-28T20:04:49.148+0000] {taskmixin.py:205} WARNING - Dependency <Task(_PythonDecoratedOperator): print_the_context>, log_sql_query already registered for DAG: example_python_operator
[2024-03-28T20:04:49.149+0000] {logging_mixin.py:137} INFO - [2024-03-28T20:04:49.148+0000] {taskmixin.py:205} WARNING - Dependency <Task(_PythonDecoratedOperator): log_sql_query>, print_the_context already registered for DAG: example_python_operator
[2024-03-28T20:04:49.149+0000] {logging_mixin.py:137} INFO - [2024-03-28T20:04:49.149+0000] {taskmixin.py:205} WARNING - Dependency <Task(_PythonDecoratedOperator): print_the_context>, log_sql_query already registered for DAG: example_python_operator
[2024-03-28T20:04:49.149+0000] {logging_mixin.py:137} INFO - [2024-03-28T20:04:49.149+0000] {taskmixin.py:205} WARNING - Dependency <Task(_PythonDecoratedOperator): log_sql_query>, print_the_context already registered for DAG: example_python_operator
[2024-03-28T20:04:49.156+0000] {processor.py:753} INFO - DAG(s) dict_keys(['example_python_operator']) retrieved from /usr/local/python/3.10.13/lib/python3.10/site-packages/airflow/example_dags/example_python_operator.py
[2024-03-28T20:04:49.171+0000] {logging_mixin.py:137} INFO - [2024-03-28T20:04:49.171+0000] {dag.py:2690} INFO - Sync 1 DAGs
[2024-03-28T20:04:49.186+0000] {logging_mixin.py:137} INFO - [2024-03-28T20:04:49.185+0000] {dag.py:3437} INFO - Setting next_dagrun for example_python_operator to None, run_after=None
[2024-03-28T20:04:49.229+0000] {processor.py:175} INFO - Processing /usr/local/python/3.10.13/lib/python3.10/site-packages/airflow/example_dags/example_python_operator.py took 0.100 seconds
[2024-03-28T20:05:27.626+0000] {processor.py:153} INFO - Started process (PID=47357) to work on /usr/local/python/3.10.13/lib/python3.10/site-packages/airflow/example_dags/example_python_operator.py
[2024-03-28T20:05:27.627+0000] {processor.py:743} INFO - Processing file /usr/local/python/3.10.13/lib/python3.10/site-packages/airflow/example_dags/example_python_operator.py for tasks to queue
[2024-03-28T20:05:27.628+0000] {logging_mixin.py:137} INFO - [2024-03-28T20:05:27.628+0000] {dagbag.py:538} INFO - Filling up the DagBag from /usr/local/python/3.10.13/lib/python3.10/site-packages/airflow/example_dags/example_python_operator.py
[2024-03-28T20:05:27.644+0000] {logging_mixin.py:137} INFO - [2024-03-28T20:05:27.644+0000] {taskmixin.py:205} WARNING - Dependency <Task(_PythonDecoratedOperator): print_the_context>, log_sql_query already registered for DAG: example_python_operator
[2024-03-28T20:05:27.644+0000] {logging_mixin.py:137} INFO - [2024-03-28T20:05:27.644+0000] {taskmixin.py:205} WARNING - Dependency <Task(_PythonDecoratedOperator): log_sql_query>, print_the_context already registered for DAG: example_python_operator
[2024-03-28T20:05:27.645+0000] {logging_mixin.py:137} INFO - [2024-03-28T20:05:27.645+0000] {taskmixin.py:205} WARNING - Dependency <Task(_PythonDecoratedOperator): print_the_context>, log_sql_query already registered for DAG: example_python_operator
[2024-03-28T20:05:27.645+0000] {logging_mixin.py:137} INFO - [2024-03-28T20:05:27.645+0000] {taskmixin.py:205} WARNING - Dependency <Task(_PythonDecoratedOperator): log_sql_query>, print_the_context already registered for DAG: example_python_operator
[2024-03-28T20:05:27.645+0000] {logging_mixin.py:137} INFO - [2024-03-28T20:05:27.645+0000] {taskmixin.py:205} WARNING - Dependency <Task(_PythonDecoratedOperator): print_the_context>, log_sql_query already registered for DAG: example_python_operator
[2024-03-28T20:05:27.646+0000] {logging_mixin.py:137} INFO - [2024-03-28T20:05:27.645+0000] {taskmixin.py:205} WARNING - Dependency <Task(_PythonDecoratedOperator): log_sql_query>, print_the_context already registered for DAG: example_python_operator
[2024-03-28T20:05:27.646+0000] {logging_mixin.py:137} INFO - [2024-03-28T20:05:27.646+0000] {taskmixin.py:205} WARNING - Dependency <Task(_PythonDecoratedOperator): print_the_context>, log_sql_query already registered for DAG: example_python_operator
[2024-03-28T20:05:27.646+0000] {logging_mixin.py:137} INFO - [2024-03-28T20:05:27.646+0000] {taskmixin.py:205} WARNING - Dependency <Task(_PythonDecoratedOperator): log_sql_query>, print_the_context already registered for DAG: example_python_operator
[2024-03-28T20:05:27.653+0000] {processor.py:753} INFO - DAG(s) dict_keys(['example_python_operator']) retrieved from /usr/local/python/3.10.13/lib/python3.10/site-packages/airflow/example_dags/example_python_operator.py
[2024-03-28T20:05:27.669+0000] {logging_mixin.py:137} INFO - [2024-03-28T20:05:27.669+0000] {dag.py:2690} INFO - Sync 1 DAGs
[2024-03-28T20:05:27.686+0000] {logging_mixin.py:137} INFO - [2024-03-28T20:05:27.686+0000] {dag.py:3437} INFO - Setting next_dagrun for example_python_operator to None, run_after=None
[2024-03-28T20:05:27.736+0000] {processor.py:175} INFO - Processing /usr/local/python/3.10.13/lib/python3.10/site-packages/airflow/example_dags/example_python_operator.py took 0.112 seconds
[2024-03-28T20:06:10.255+0000] {processor.py:153} INFO - Started process (PID=47795) to work on /usr/local/python/3.10.13/lib/python3.10/site-packages/airflow/example_dags/example_python_operator.py
[2024-03-28T20:06:10.255+0000] {processor.py:743} INFO - Processing file /usr/local/python/3.10.13/lib/python3.10/site-packages/airflow/example_dags/example_python_operator.py for tasks to queue
[2024-03-28T20:06:10.256+0000] {logging_mixin.py:137} INFO - [2024-03-28T20:06:10.256+0000] {dagbag.py:538} INFO - Filling up the DagBag from /usr/local/python/3.10.13/lib/python3.10/site-packages/airflow/example_dags/example_python_operator.py
[2024-03-28T20:06:10.272+0000] {logging_mixin.py:137} INFO - [2024-03-28T20:06:10.272+0000] {taskmixin.py:205} WARNING - Dependency <Task(_PythonDecoratedOperator): print_the_context>, log_sql_query already registered for DAG: example_python_operator
[2024-03-28T20:06:10.272+0000] {logging_mixin.py:137} INFO - [2024-03-28T20:06:10.272+0000] {taskmixin.py:205} WARNING - Dependency <Task(_PythonDecoratedOperator): log_sql_query>, print_the_context already registered for DAG: example_python_operator
[2024-03-28T20:06:10.272+0000] {logging_mixin.py:137} INFO - [2024-03-28T20:06:10.272+0000] {taskmixin.py:205} WARNING - Dependency <Task(_PythonDecoratedOperator): print_the_context>, log_sql_query already registered for DAG: example_python_operator
[2024-03-28T20:06:10.273+0000] {logging_mixin.py:137} INFO - [2024-03-28T20:06:10.273+0000] {taskmixin.py:205} WARNING - Dependency <Task(_PythonDecoratedOperator): log_sql_query>, print_the_context already registered for DAG: example_python_operator
[2024-03-28T20:06:10.273+0000] {logging_mixin.py:137} INFO - [2024-03-28T20:06:10.273+0000] {taskmixin.py:205} WARNING - Dependency <Task(_PythonDecoratedOperator): print_the_context>, log_sql_query already registered for DAG: example_python_operator
[2024-03-28T20:06:10.273+0000] {logging_mixin.py:137} INFO - [2024-03-28T20:06:10.273+0000] {taskmixin.py:205} WARNING - Dependency <Task(_PythonDecoratedOperator): log_sql_query>, print_the_context already registered for DAG: example_python_operator
[2024-03-28T20:06:10.274+0000] {logging_mixin.py:137} INFO - [2024-03-28T20:06:10.274+0000] {taskmixin.py:205} WARNING - Dependency <Task(_PythonDecoratedOperator): print_the_context>, log_sql_query already registered for DAG: example_python_operator
[2024-03-28T20:06:10.274+0000] {logging_mixin.py:137} INFO - [2024-03-28T20:06:10.274+0000] {taskmixin.py:205} WARNING - Dependency <Task(_PythonDecoratedOperator): log_sql_query>, print_the_context already registered for DAG: example_python_operator
[2024-03-28T20:06:10.280+0000] {processor.py:753} INFO - DAG(s) dict_keys(['example_python_operator']) retrieved from /usr/local/python/3.10.13/lib/python3.10/site-packages/airflow/example_dags/example_python_operator.py
[2024-03-28T20:06:10.298+0000] {logging_mixin.py:137} INFO - [2024-03-28T20:06:10.298+0000] {dag.py:2690} INFO - Sync 1 DAGs
[2024-03-28T20:06:10.314+0000] {logging_mixin.py:137} INFO - [2024-03-28T20:06:10.314+0000] {dag.py:3437} INFO - Setting next_dagrun for example_python_operator to None, run_after=None
[2024-03-28T20:06:10.449+0000] {processor.py:175} INFO - Processing /usr/local/python/3.10.13/lib/python3.10/site-packages/airflow/example_dags/example_python_operator.py took 0.197 seconds
[2024-03-28T20:06:50.726+0000] {processor.py:153} INFO - Started process (PID=48126) to work on /usr/local/python/3.10.13/lib/python3.10/site-packages/airflow/example_dags/example_python_operator.py
[2024-03-28T20:06:50.727+0000] {processor.py:743} INFO - Processing file /usr/local/python/3.10.13/lib/python3.10/site-packages/airflow/example_dags/example_python_operator.py for tasks to queue
[2024-03-28T20:06:50.727+0000] {logging_mixin.py:137} INFO - [2024-03-28T20:06:50.727+0000] {dagbag.py:538} INFO - Filling up the DagBag from /usr/local/python/3.10.13/lib/python3.10/site-packages/airflow/example_dags/example_python_operator.py
[2024-03-28T20:06:50.743+0000] {logging_mixin.py:137} INFO - [2024-03-28T20:06:50.743+0000] {taskmixin.py:205} WARNING - Dependency <Task(_PythonDecoratedOperator): print_the_context>, log_sql_query already registered for DAG: example_python_operator
[2024-03-28T20:06:50.743+0000] {logging_mixin.py:137} INFO - [2024-03-28T20:06:50.743+0000] {taskmixin.py:205} WARNING - Dependency <Task(_PythonDecoratedOperator): log_sql_query>, print_the_context already registered for DAG: example_python_operator
[2024-03-28T20:06:50.744+0000] {logging_mixin.py:137} INFO - [2024-03-28T20:06:50.744+0000] {taskmixin.py:205} WARNING - Dependency <Task(_PythonDecoratedOperator): print_the_context>, log_sql_query already registered for DAG: example_python_operator
[2024-03-28T20:06:50.744+0000] {logging_mixin.py:137} INFO - [2024-03-28T20:06:50.744+0000] {taskmixin.py:205} WARNING - Dependency <Task(_PythonDecoratedOperator): log_sql_query>, print_the_context already registered for DAG: example_python_operator
[2024-03-28T20:06:50.745+0000] {logging_mixin.py:137} INFO - [2024-03-28T20:06:50.744+0000] {taskmixin.py:205} WARNING - Dependency <Task(_PythonDecoratedOperator): print_the_context>, log_sql_query already registered for DAG: example_python_operator
[2024-03-28T20:06:50.745+0000] {logging_mixin.py:137} INFO - [2024-03-28T20:06:50.745+0000] {taskmixin.py:205} WARNING - Dependency <Task(_PythonDecoratedOperator): log_sql_query>, print_the_context already registered for DAG: example_python_operator
[2024-03-28T20:06:50.745+0000] {logging_mixin.py:137} INFO - [2024-03-28T20:06:50.745+0000] {taskmixin.py:205} WARNING - Dependency <Task(_PythonDecoratedOperator): print_the_context>, log_sql_query already registered for DAG: example_python_operator
[2024-03-28T20:06:50.745+0000] {logging_mixin.py:137} INFO - [2024-03-28T20:06:50.745+0000] {taskmixin.py:205} WARNING - Dependency <Task(_PythonDecoratedOperator): log_sql_query>, print_the_context already registered for DAG: example_python_operator
[2024-03-28T20:06:50.752+0000] {processor.py:753} INFO - DAG(s) dict_keys(['example_python_operator']) retrieved from /usr/local/python/3.10.13/lib/python3.10/site-packages/airflow/example_dags/example_python_operator.py
[2024-03-28T20:06:50.767+0000] {logging_mixin.py:137} INFO - [2024-03-28T20:06:50.767+0000] {dag.py:2690} INFO - Sync 1 DAGs
[2024-03-28T20:06:50.782+0000] {logging_mixin.py:137} INFO - [2024-03-28T20:06:50.782+0000] {dag.py:3437} INFO - Setting next_dagrun for example_python_operator to None, run_after=None
[2024-03-28T20:06:50.923+0000] {processor.py:175} INFO - Processing /usr/local/python/3.10.13/lib/python3.10/site-packages/airflow/example_dags/example_python_operator.py took 0.199 seconds
[2024-03-28T20:07:34.084+0000] {processor.py:153} INFO - Started process (PID=48466) to work on /usr/local/python/3.10.13/lib/python3.10/site-packages/airflow/example_dags/example_python_operator.py
[2024-03-28T20:07:34.085+0000] {processor.py:743} INFO - Processing file /usr/local/python/3.10.13/lib/python3.10/site-packages/airflow/example_dags/example_python_operator.py for tasks to queue
[2024-03-28T20:07:34.085+0000] {logging_mixin.py:137} INFO - [2024-03-28T20:07:34.085+0000] {dagbag.py:538} INFO - Filling up the DagBag from /usr/local/python/3.10.13/lib/python3.10/site-packages/airflow/example_dags/example_python_operator.py
[2024-03-28T20:07:34.101+0000] {logging_mixin.py:137} INFO - [2024-03-28T20:07:34.101+0000] {taskmixin.py:205} WARNING - Dependency <Task(_PythonDecoratedOperator): print_the_context>, log_sql_query already registered for DAG: example_python_operator
[2024-03-28T20:07:34.101+0000] {logging_mixin.py:137} INFO - [2024-03-28T20:07:34.101+0000] {taskmixin.py:205} WARNING - Dependency <Task(_PythonDecoratedOperator): log_sql_query>, print_the_context already registered for DAG: example_python_operator
[2024-03-28T20:07:34.101+0000] {logging_mixin.py:137} INFO - [2024-03-28T20:07:34.101+0000] {taskmixin.py:205} WARNING - Dependency <Task(_PythonDecoratedOperator): print_the_context>, log_sql_query already registered for DAG: example_python_operator
[2024-03-28T20:07:34.102+0000] {logging_mixin.py:137} INFO - [2024-03-28T20:07:34.101+0000] {taskmixin.py:205} WARNING - Dependency <Task(_PythonDecoratedOperator): log_sql_query>, print_the_context already registered for DAG: example_python_operator
[2024-03-28T20:07:34.102+0000] {logging_mixin.py:137} INFO - [2024-03-28T20:07:34.102+0000] {taskmixin.py:205} WARNING - Dependency <Task(_PythonDecoratedOperator): print_the_context>, log_sql_query already registered for DAG: example_python_operator
[2024-03-28T20:07:34.102+0000] {logging_mixin.py:137} INFO - [2024-03-28T20:07:34.102+0000] {taskmixin.py:205} WARNING - Dependency <Task(_PythonDecoratedOperator): log_sql_query>, print_the_context already registered for DAG: example_python_operator
[2024-03-28T20:07:34.103+0000] {logging_mixin.py:137} INFO - [2024-03-28T20:07:34.103+0000] {taskmixin.py:205} WARNING - Dependency <Task(_PythonDecoratedOperator): print_the_context>, log_sql_query already registered for DAG: example_python_operator
[2024-03-28T20:07:34.103+0000] {logging_mixin.py:137} INFO - [2024-03-28T20:07:34.103+0000] {taskmixin.py:205} WARNING - Dependency <Task(_PythonDecoratedOperator): log_sql_query>, print_the_context already registered for DAG: example_python_operator
[2024-03-28T20:07:34.110+0000] {processor.py:753} INFO - DAG(s) dict_keys(['example_python_operator']) retrieved from /usr/local/python/3.10.13/lib/python3.10/site-packages/airflow/example_dags/example_python_operator.py
[2024-03-28T20:07:34.125+0000] {logging_mixin.py:137} INFO - [2024-03-28T20:07:34.125+0000] {dag.py:2690} INFO - Sync 1 DAGs
[2024-03-28T20:07:34.234+0000] {logging_mixin.py:137} INFO - [2024-03-28T20:07:34.234+0000] {dag.py:3437} INFO - Setting next_dagrun for example_python_operator to None, run_after=None
[2024-03-28T20:07:34.282+0000] {processor.py:175} INFO - Processing /usr/local/python/3.10.13/lib/python3.10/site-packages/airflow/example_dags/example_python_operator.py took 0.200 seconds
[2024-03-28T20:08:18.522+0000] {processor.py:153} INFO - Started process (PID=48872) to work on /usr/local/python/3.10.13/lib/python3.10/site-packages/airflow/example_dags/example_python_operator.py
[2024-03-28T20:08:18.522+0000] {processor.py:743} INFO - Processing file /usr/local/python/3.10.13/lib/python3.10/site-packages/airflow/example_dags/example_python_operator.py for tasks to queue
[2024-03-28T20:08:18.523+0000] {logging_mixin.py:137} INFO - [2024-03-28T20:08:18.523+0000] {dagbag.py:538} INFO - Filling up the DagBag from /usr/local/python/3.10.13/lib/python3.10/site-packages/airflow/example_dags/example_python_operator.py
[2024-03-28T20:08:18.538+0000] {logging_mixin.py:137} INFO - [2024-03-28T20:08:18.538+0000] {taskmixin.py:205} WARNING - Dependency <Task(_PythonDecoratedOperator): print_the_context>, log_sql_query already registered for DAG: example_python_operator
[2024-03-28T20:08:18.538+0000] {logging_mixin.py:137} INFO - [2024-03-28T20:08:18.538+0000] {taskmixin.py:205} WARNING - Dependency <Task(_PythonDecoratedOperator): log_sql_query>, print_the_context already registered for DAG: example_python_operator
[2024-03-28T20:08:18.539+0000] {logging_mixin.py:137} INFO - [2024-03-28T20:08:18.539+0000] {taskmixin.py:205} WARNING - Dependency <Task(_PythonDecoratedOperator): print_the_context>, log_sql_query already registered for DAG: example_python_operator
[2024-03-28T20:08:18.539+0000] {logging_mixin.py:137} INFO - [2024-03-28T20:08:18.539+0000] {taskmixin.py:205} WARNING - Dependency <Task(_PythonDecoratedOperator): log_sql_query>, print_the_context already registered for DAG: example_python_operator
[2024-03-28T20:08:18.539+0000] {logging_mixin.py:137} INFO - [2024-03-28T20:08:18.539+0000] {taskmixin.py:205} WARNING - Dependency <Task(_PythonDecoratedOperator): print_the_context>, log_sql_query already registered for DAG: example_python_operator
[2024-03-28T20:08:18.540+0000] {logging_mixin.py:137} INFO - [2024-03-28T20:08:18.539+0000] {taskmixin.py:205} WARNING - Dependency <Task(_PythonDecoratedOperator): log_sql_query>, print_the_context already registered for DAG: example_python_operator
[2024-03-28T20:08:18.540+0000] {logging_mixin.py:137} INFO - [2024-03-28T20:08:18.540+0000] {taskmixin.py:205} WARNING - Dependency <Task(_PythonDecoratedOperator): print_the_context>, log_sql_query already registered for DAG: example_python_operator
[2024-03-28T20:08:18.540+0000] {logging_mixin.py:137} INFO - [2024-03-28T20:08:18.540+0000] {taskmixin.py:205} WARNING - Dependency <Task(_PythonDecoratedOperator): log_sql_query>, print_the_context already registered for DAG: example_python_operator
[2024-03-28T20:08:18.547+0000] {processor.py:753} INFO - DAG(s) dict_keys(['example_python_operator']) retrieved from /usr/local/python/3.10.13/lib/python3.10/site-packages/airflow/example_dags/example_python_operator.py
[2024-03-28T20:08:18.563+0000] {logging_mixin.py:137} INFO - [2024-03-28T20:08:18.563+0000] {dag.py:2690} INFO - Sync 1 DAGs
[2024-03-28T20:08:18.698+0000] {logging_mixin.py:137} INFO - [2024-03-28T20:08:18.698+0000] {dag.py:3437} INFO - Setting next_dagrun for example_python_operator to None, run_after=None
[2024-03-28T20:08:18.744+0000] {processor.py:175} INFO - Processing /usr/local/python/3.10.13/lib/python3.10/site-packages/airflow/example_dags/example_python_operator.py took 0.225 seconds
[2024-03-28T20:09:06.029+0000] {processor.py:153} INFO - Started process (PID=49299) to work on /usr/local/python/3.10.13/lib/python3.10/site-packages/airflow/example_dags/example_python_operator.py
[2024-03-28T20:09:06.029+0000] {processor.py:743} INFO - Processing file /usr/local/python/3.10.13/lib/python3.10/site-packages/airflow/example_dags/example_python_operator.py for tasks to queue
[2024-03-28T20:09:06.030+0000] {logging_mixin.py:137} INFO - [2024-03-28T20:09:06.030+0000] {dagbag.py:538} INFO - Filling up the DagBag from /usr/local/python/3.10.13/lib/python3.10/site-packages/airflow/example_dags/example_python_operator.py
[2024-03-28T20:09:06.048+0000] {logging_mixin.py:137} INFO - [2024-03-28T20:09:06.047+0000] {taskmixin.py:205} WARNING - Dependency <Task(_PythonDecoratedOperator): print_the_context>, log_sql_query already registered for DAG: example_python_operator
[2024-03-28T20:09:06.048+0000] {logging_mixin.py:137} INFO - [2024-03-28T20:09:06.048+0000] {taskmixin.py:205} WARNING - Dependency <Task(_PythonDecoratedOperator): log_sql_query>, print_the_context already registered for DAG: example_python_operator
[2024-03-28T20:09:06.048+0000] {logging_mixin.py:137} INFO - [2024-03-28T20:09:06.048+0000] {taskmixin.py:205} WARNING - Dependency <Task(_PythonDecoratedOperator): print_the_context>, log_sql_query already registered for DAG: example_python_operator
[2024-03-28T20:09:06.048+0000] {logging_mixin.py:137} INFO - [2024-03-28T20:09:06.048+0000] {taskmixin.py:205} WARNING - Dependency <Task(_PythonDecoratedOperator): log_sql_query>, print_the_context already registered for DAG: example_python_operator
[2024-03-28T20:09:06.049+0000] {logging_mixin.py:137} INFO - [2024-03-28T20:09:06.049+0000] {taskmixin.py:205} WARNING - Dependency <Task(_PythonDecoratedOperator): print_the_context>, log_sql_query already registered for DAG: example_python_operator
[2024-03-28T20:09:06.049+0000] {logging_mixin.py:137} INFO - [2024-03-28T20:09:06.049+0000] {taskmixin.py:205} WARNING - Dependency <Task(_PythonDecoratedOperator): log_sql_query>, print_the_context already registered for DAG: example_python_operator
[2024-03-28T20:09:06.050+0000] {logging_mixin.py:137} INFO - [2024-03-28T20:09:06.049+0000] {taskmixin.py:205} WARNING - Dependency <Task(_PythonDecoratedOperator): print_the_context>, log_sql_query already registered for DAG: example_python_operator
[2024-03-28T20:09:06.050+0000] {logging_mixin.py:137} INFO - [2024-03-28T20:09:06.050+0000] {taskmixin.py:205} WARNING - Dependency <Task(_PythonDecoratedOperator): log_sql_query>, print_the_context already registered for DAG: example_python_operator
[2024-03-28T20:09:06.056+0000] {processor.py:753} INFO - DAG(s) dict_keys(['example_python_operator']) retrieved from /usr/local/python/3.10.13/lib/python3.10/site-packages/airflow/example_dags/example_python_operator.py
[2024-03-28T20:09:06.193+0000] {logging_mixin.py:137} INFO - [2024-03-28T20:09:06.193+0000] {dag.py:2690} INFO - Sync 1 DAGs
[2024-03-28T20:09:06.208+0000] {logging_mixin.py:137} INFO - [2024-03-28T20:09:06.208+0000] {dag.py:3437} INFO - Setting next_dagrun for example_python_operator to None, run_after=None
[2024-03-28T20:09:06.256+0000] {processor.py:175} INFO - Processing /usr/local/python/3.10.13/lib/python3.10/site-packages/airflow/example_dags/example_python_operator.py took 0.230 seconds
[2024-03-28T20:09:51.091+0000] {processor.py:153} INFO - Started process (PID=49702) to work on /usr/local/python/3.10.13/lib/python3.10/site-packages/airflow/example_dags/example_python_operator.py
[2024-03-28T20:09:51.092+0000] {processor.py:743} INFO - Processing file /usr/local/python/3.10.13/lib/python3.10/site-packages/airflow/example_dags/example_python_operator.py for tasks to queue
[2024-03-28T20:09:51.092+0000] {logging_mixin.py:137} INFO - [2024-03-28T20:09:51.092+0000] {dagbag.py:538} INFO - Filling up the DagBag from /usr/local/python/3.10.13/lib/python3.10/site-packages/airflow/example_dags/example_python_operator.py
[2024-03-28T20:09:51.119+0000] {logging_mixin.py:137} INFO - [2024-03-28T20:09:51.119+0000] {taskmixin.py:205} WARNING - Dependency <Task(_PythonDecoratedOperator): print_the_context>, log_sql_query already registered for DAG: example_python_operator
[2024-03-28T20:09:51.119+0000] {logging_mixin.py:137} INFO - [2024-03-28T20:09:51.119+0000] {taskmixin.py:205} WARNING - Dependency <Task(_PythonDecoratedOperator): log_sql_query>, print_the_context already registered for DAG: example_python_operator
[2024-03-28T20:09:51.120+0000] {logging_mixin.py:137} INFO - [2024-03-28T20:09:51.120+0000] {taskmixin.py:205} WARNING - Dependency <Task(_PythonDecoratedOperator): print_the_context>, log_sql_query already registered for DAG: example_python_operator
[2024-03-28T20:09:51.120+0000] {logging_mixin.py:137} INFO - [2024-03-28T20:09:51.120+0000] {taskmixin.py:205} WARNING - Dependency <Task(_PythonDecoratedOperator): log_sql_query>, print_the_context already registered for DAG: example_python_operator
[2024-03-28T20:09:51.121+0000] {logging_mixin.py:137} INFO - [2024-03-28T20:09:51.121+0000] {taskmixin.py:205} WARNING - Dependency <Task(_PythonDecoratedOperator): print_the_context>, log_sql_query already registered for DAG: example_python_operator
[2024-03-28T20:09:51.121+0000] {logging_mixin.py:137} INFO - [2024-03-28T20:09:51.121+0000] {taskmixin.py:205} WARNING - Dependency <Task(_PythonDecoratedOperator): log_sql_query>, print_the_context already registered for DAG: example_python_operator
[2024-03-28T20:09:51.122+0000] {logging_mixin.py:137} INFO - [2024-03-28T20:09:51.122+0000] {taskmixin.py:205} WARNING - Dependency <Task(_PythonDecoratedOperator): print_the_context>, log_sql_query already registered for DAG: example_python_operator
[2024-03-28T20:09:51.123+0000] {logging_mixin.py:137} INFO - [2024-03-28T20:09:51.122+0000] {taskmixin.py:205} WARNING - Dependency <Task(_PythonDecoratedOperator): log_sql_query>, print_the_context already registered for DAG: example_python_operator
[2024-03-28T20:09:51.246+0000] {processor.py:753} INFO - DAG(s) dict_keys(['example_python_operator']) retrieved from /usr/local/python/3.10.13/lib/python3.10/site-packages/airflow/example_dags/example_python_operator.py
[2024-03-28T20:09:51.260+0000] {logging_mixin.py:137} INFO - [2024-03-28T20:09:51.260+0000] {dag.py:2690} INFO - Sync 1 DAGs
[2024-03-28T20:09:51.274+0000] {logging_mixin.py:137} INFO - [2024-03-28T20:09:51.274+0000] {dag.py:3437} INFO - Setting next_dagrun for example_python_operator to None, run_after=None
[2024-03-28T20:09:51.317+0000] {processor.py:175} INFO - Processing /usr/local/python/3.10.13/lib/python3.10/site-packages/airflow/example_dags/example_python_operator.py took 0.229 seconds
[2024-03-28T20:10:34.793+0000] {processor.py:153} INFO - Started process (PID=50090) to work on /usr/local/python/3.10.13/lib/python3.10/site-packages/airflow/example_dags/example_python_operator.py
[2024-03-28T20:10:34.793+0000] {processor.py:743} INFO - Processing file /usr/local/python/3.10.13/lib/python3.10/site-packages/airflow/example_dags/example_python_operator.py for tasks to queue
[2024-03-28T20:10:34.794+0000] {logging_mixin.py:137} INFO - [2024-03-28T20:10:34.794+0000] {dagbag.py:538} INFO - Filling up the DagBag from /usr/local/python/3.10.13/lib/python3.10/site-packages/airflow/example_dags/example_python_operator.py
[2024-03-28T20:10:34.899+0000] {logging_mixin.py:137} INFO - [2024-03-28T20:10:34.899+0000] {taskmixin.py:205} WARNING - Dependency <Task(_PythonDecoratedOperator): print_the_context>, log_sql_query already registered for DAG: example_python_operator
[2024-03-28T20:10:34.899+0000] {logging_mixin.py:137} INFO - [2024-03-28T20:10:34.899+0000] {taskmixin.py:205} WARNING - Dependency <Task(_PythonDecoratedOperator): log_sql_query>, print_the_context already registered for DAG: example_python_operator
[2024-03-28T20:10:34.900+0000] {logging_mixin.py:137} INFO - [2024-03-28T20:10:34.900+0000] {taskmixin.py:205} WARNING - Dependency <Task(_PythonDecoratedOperator): print_the_context>, log_sql_query already registered for DAG: example_python_operator
[2024-03-28T20:10:34.900+0000] {logging_mixin.py:137} INFO - [2024-03-28T20:10:34.900+0000] {taskmixin.py:205} WARNING - Dependency <Task(_PythonDecoratedOperator): log_sql_query>, print_the_context already registered for DAG: example_python_operator
[2024-03-28T20:10:34.901+0000] {logging_mixin.py:137} INFO - [2024-03-28T20:10:34.901+0000] {taskmixin.py:205} WARNING - Dependency <Task(_PythonDecoratedOperator): print_the_context>, log_sql_query already registered for DAG: example_python_operator
[2024-03-28T20:10:34.901+0000] {logging_mixin.py:137} INFO - [2024-03-28T20:10:34.901+0000] {taskmixin.py:205} WARNING - Dependency <Task(_PythonDecoratedOperator): log_sql_query>, print_the_context already registered for DAG: example_python_operator
[2024-03-28T20:10:34.901+0000] {logging_mixin.py:137} INFO - [2024-03-28T20:10:34.901+0000] {taskmixin.py:205} WARNING - Dependency <Task(_PythonDecoratedOperator): print_the_context>, log_sql_query already registered for DAG: example_python_operator
[2024-03-28T20:10:34.902+0000] {logging_mixin.py:137} INFO - [2024-03-28T20:10:34.901+0000] {taskmixin.py:205} WARNING - Dependency <Task(_PythonDecoratedOperator): log_sql_query>, print_the_context already registered for DAG: example_python_operator
[2024-03-28T20:10:34.908+0000] {processor.py:753} INFO - DAG(s) dict_keys(['example_python_operator']) retrieved from /usr/local/python/3.10.13/lib/python3.10/site-packages/airflow/example_dags/example_python_operator.py
[2024-03-28T20:10:34.922+0000] {logging_mixin.py:137} INFO - [2024-03-28T20:10:34.922+0000] {dag.py:2690} INFO - Sync 1 DAGs
[2024-03-28T20:10:34.935+0000] {logging_mixin.py:137} INFO - [2024-03-28T20:10:34.935+0000] {dag.py:3437} INFO - Setting next_dagrun for example_python_operator to None, run_after=None
[2024-03-28T20:10:34.986+0000] {processor.py:175} INFO - Processing /usr/local/python/3.10.13/lib/python3.10/site-packages/airflow/example_dags/example_python_operator.py took 0.196 seconds
