[2024-03-28T19:59:44.847+0000] {processor.py:153} INFO - Started process (PID=44494) to work on /usr/local/python/3.10.13/lib/python3.10/site-packages/airflow/example_dags/example_trigger_target_dag.py
[2024-03-28T19:59:44.847+0000] {processor.py:743} INFO - Processing file /usr/local/python/3.10.13/lib/python3.10/site-packages/airflow/example_dags/example_trigger_target_dag.py for tasks to queue
[2024-03-28T19:59:44.848+0000] {logging_mixin.py:137} INFO - [2024-03-28T19:59:44.848+0000] {dagbag.py:538} INFO - Filling up the DagBag from /usr/local/python/3.10.13/lib/python3.10/site-packages/airflow/example_dags/example_trigger_target_dag.py
[2024-03-28T19:59:44.868+0000] {processor.py:753} INFO - DAG(s) dict_keys(['example_trigger_target_dag']) retrieved from /usr/local/python/3.10.13/lib/python3.10/site-packages/airflow/example_dags/example_trigger_target_dag.py
[2024-03-28T19:59:45.013+0000] {logging_mixin.py:137} INFO - [2024-03-28T19:59:45.013+0000] {manager.py:504} INFO - Created Permission View: can read on DAG:example_trigger_target_dag
[2024-03-28T19:59:45.049+0000] {logging_mixin.py:137} INFO - [2024-03-28T19:59:45.049+0000] {manager.py:504} INFO - Created Permission View: can delete on DAG:example_trigger_target_dag
[2024-03-28T19:59:45.081+0000] {logging_mixin.py:137} INFO - [2024-03-28T19:59:45.081+0000] {manager.py:504} INFO - Created Permission View: can edit on DAG:example_trigger_target_dag
[2024-03-28T19:59:45.082+0000] {logging_mixin.py:137} INFO - [2024-03-28T19:59:45.081+0000] {dag.py:2690} INFO - Sync 1 DAGs
[2024-03-28T19:59:45.094+0000] {logging_mixin.py:137} INFO - [2024-03-28T19:59:45.094+0000] {dag.py:2711} INFO - Creating ORM DAG for example_trigger_target_dag
[2024-03-28T19:59:45.107+0000] {logging_mixin.py:137} INFO - [2024-03-28T19:59:45.107+0000] {dag.py:3437} INFO - Setting next_dagrun for example_trigger_target_dag to None, run_after=None
[2024-03-28T19:59:45.154+0000] {processor.py:175} INFO - Processing /usr/local/python/3.10.13/lib/python3.10/site-packages/airflow/example_dags/example_trigger_target_dag.py took 0.309 seconds
[2024-03-28T20:00:33.311+0000] {processor.py:153} INFO - Started process (PID=44824) to work on /usr/local/python/3.10.13/lib/python3.10/site-packages/airflow/example_dags/example_trigger_target_dag.py
[2024-03-28T20:00:33.312+0000] {processor.py:743} INFO - Processing file /usr/local/python/3.10.13/lib/python3.10/site-packages/airflow/example_dags/example_trigger_target_dag.py for tasks to queue
[2024-03-28T20:00:33.312+0000] {logging_mixin.py:137} INFO - [2024-03-28T20:00:33.312+0000] {dagbag.py:538} INFO - Filling up the DagBag from /usr/local/python/3.10.13/lib/python3.10/site-packages/airflow/example_dags/example_trigger_target_dag.py
[2024-03-28T20:00:33.332+0000] {processor.py:753} INFO - DAG(s) dict_keys(['example_trigger_target_dag']) retrieved from /usr/local/python/3.10.13/lib/python3.10/site-packages/airflow/example_dags/example_trigger_target_dag.py
[2024-03-28T20:00:33.347+0000] {logging_mixin.py:137} INFO - [2024-03-28T20:00:33.347+0000] {dag.py:2690} INFO - Sync 1 DAGs
[2024-03-28T20:00:33.365+0000] {logging_mixin.py:137} INFO - [2024-03-28T20:00:33.365+0000] {dag.py:3437} INFO - Setting next_dagrun for example_trigger_target_dag to None, run_after=None
[2024-03-28T20:00:33.416+0000] {processor.py:175} INFO - Processing /usr/local/python/3.10.13/lib/python3.10/site-packages/airflow/example_dags/example_trigger_target_dag.py took 0.106 seconds
[2024-03-28T20:01:12.484+0000] {processor.py:153} INFO - Started process (PID=45100) to work on /usr/local/python/3.10.13/lib/python3.10/site-packages/airflow/example_dags/example_trigger_target_dag.py
[2024-03-28T20:01:12.484+0000] {processor.py:743} INFO - Processing file /usr/local/python/3.10.13/lib/python3.10/site-packages/airflow/example_dags/example_trigger_target_dag.py for tasks to queue
[2024-03-28T20:01:12.485+0000] {logging_mixin.py:137} INFO - [2024-03-28T20:01:12.485+0000] {dagbag.py:538} INFO - Filling up the DagBag from /usr/local/python/3.10.13/lib/python3.10/site-packages/airflow/example_dags/example_trigger_target_dag.py
[2024-03-28T20:01:12.508+0000] {processor.py:753} INFO - DAG(s) dict_keys(['example_trigger_target_dag']) retrieved from /usr/local/python/3.10.13/lib/python3.10/site-packages/airflow/example_dags/example_trigger_target_dag.py
[2024-03-28T20:01:12.522+0000] {logging_mixin.py:137} INFO - [2024-03-28T20:01:12.522+0000] {dag.py:2690} INFO - Sync 1 DAGs
[2024-03-28T20:01:12.537+0000] {logging_mixin.py:137} INFO - [2024-03-28T20:01:12.537+0000] {dag.py:3437} INFO - Setting next_dagrun for example_trigger_target_dag to None, run_after=None
[2024-03-28T20:01:12.581+0000] {processor.py:175} INFO - Processing /usr/local/python/3.10.13/lib/python3.10/site-packages/airflow/example_dags/example_trigger_target_dag.py took 0.100 seconds
[2024-03-28T20:01:52.095+0000] {processor.py:153} INFO - Started process (PID=45354) to work on /usr/local/python/3.10.13/lib/python3.10/site-packages/airflow/example_dags/example_trigger_target_dag.py
[2024-03-28T20:01:52.096+0000] {processor.py:743} INFO - Processing file /usr/local/python/3.10.13/lib/python3.10/site-packages/airflow/example_dags/example_trigger_target_dag.py for tasks to queue
[2024-03-28T20:01:52.096+0000] {logging_mixin.py:137} INFO - [2024-03-28T20:01:52.096+0000] {dagbag.py:538} INFO - Filling up the DagBag from /usr/local/python/3.10.13/lib/python3.10/site-packages/airflow/example_dags/example_trigger_target_dag.py
[2024-03-28T20:01:52.117+0000] {processor.py:753} INFO - DAG(s) dict_keys(['example_trigger_target_dag']) retrieved from /usr/local/python/3.10.13/lib/python3.10/site-packages/airflow/example_dags/example_trigger_target_dag.py
[2024-03-28T20:01:52.135+0000] {logging_mixin.py:137} INFO - [2024-03-28T20:01:52.135+0000] {dag.py:2690} INFO - Sync 1 DAGs
[2024-03-28T20:01:52.154+0000] {logging_mixin.py:137} INFO - [2024-03-28T20:01:52.153+0000] {dag.py:3437} INFO - Setting next_dagrun for example_trigger_target_dag to None, run_after=None
[2024-03-28T20:01:52.197+0000] {processor.py:175} INFO - Processing /usr/local/python/3.10.13/lib/python3.10/site-packages/airflow/example_dags/example_trigger_target_dag.py took 0.105 seconds
[2024-03-28T20:02:31.311+0000] {processor.py:153} INFO - Started process (PID=45635) to work on /usr/local/python/3.10.13/lib/python3.10/site-packages/airflow/example_dags/example_trigger_target_dag.py
[2024-03-28T20:02:31.312+0000] {processor.py:743} INFO - Processing file /usr/local/python/3.10.13/lib/python3.10/site-packages/airflow/example_dags/example_trigger_target_dag.py for tasks to queue
[2024-03-28T20:02:31.312+0000] {logging_mixin.py:137} INFO - [2024-03-28T20:02:31.312+0000] {dagbag.py:538} INFO - Filling up the DagBag from /usr/local/python/3.10.13/lib/python3.10/site-packages/airflow/example_dags/example_trigger_target_dag.py
[2024-03-28T20:02:31.332+0000] {processor.py:753} INFO - DAG(s) dict_keys(['example_trigger_target_dag']) retrieved from /usr/local/python/3.10.13/lib/python3.10/site-packages/airflow/example_dags/example_trigger_target_dag.py
[2024-03-28T20:02:31.346+0000] {logging_mixin.py:137} INFO - [2024-03-28T20:02:31.346+0000] {dag.py:2690} INFO - Sync 1 DAGs
[2024-03-28T20:02:31.362+0000] {logging_mixin.py:137} INFO - [2024-03-28T20:02:31.362+0000] {dag.py:3437} INFO - Setting next_dagrun for example_trigger_target_dag to None, run_after=None
[2024-03-28T20:02:31.410+0000] {processor.py:175} INFO - Processing /usr/local/python/3.10.13/lib/python3.10/site-packages/airflow/example_dags/example_trigger_target_dag.py took 0.101 seconds
[2024-03-28T20:03:11.263+0000] {processor.py:153} INFO - Started process (PID=46025) to work on /usr/local/python/3.10.13/lib/python3.10/site-packages/airflow/example_dags/example_trigger_target_dag.py
[2024-03-28T20:03:11.263+0000] {processor.py:743} INFO - Processing file /usr/local/python/3.10.13/lib/python3.10/site-packages/airflow/example_dags/example_trigger_target_dag.py for tasks to queue
[2024-03-28T20:03:11.264+0000] {logging_mixin.py:137} INFO - [2024-03-28T20:03:11.264+0000] {dagbag.py:538} INFO - Filling up the DagBag from /usr/local/python/3.10.13/lib/python3.10/site-packages/airflow/example_dags/example_trigger_target_dag.py
[2024-03-28T20:03:11.284+0000] {processor.py:753} INFO - DAG(s) dict_keys(['example_trigger_target_dag']) retrieved from /usr/local/python/3.10.13/lib/python3.10/site-packages/airflow/example_dags/example_trigger_target_dag.py
[2024-03-28T20:03:11.299+0000] {logging_mixin.py:137} INFO - [2024-03-28T20:03:11.298+0000] {dag.py:2690} INFO - Sync 1 DAGs
[2024-03-28T20:03:11.314+0000] {logging_mixin.py:137} INFO - [2024-03-28T20:03:11.314+0000] {dag.py:3437} INFO - Setting next_dagrun for example_trigger_target_dag to None, run_after=None
[2024-03-28T20:03:11.357+0000] {processor.py:175} INFO - Processing /usr/local/python/3.10.13/lib/python3.10/site-packages/airflow/example_dags/example_trigger_target_dag.py took 0.097 seconds
[2024-03-28T20:03:49.062+0000] {processor.py:153} INFO - Started process (PID=46342) to work on /usr/local/python/3.10.13/lib/python3.10/site-packages/airflow/example_dags/example_trigger_target_dag.py
[2024-03-28T20:03:49.063+0000] {processor.py:743} INFO - Processing file /usr/local/python/3.10.13/lib/python3.10/site-packages/airflow/example_dags/example_trigger_target_dag.py for tasks to queue
[2024-03-28T20:03:49.063+0000] {logging_mixin.py:137} INFO - [2024-03-28T20:03:49.063+0000] {dagbag.py:538} INFO - Filling up the DagBag from /usr/local/python/3.10.13/lib/python3.10/site-packages/airflow/example_dags/example_trigger_target_dag.py
[2024-03-28T20:03:49.082+0000] {processor.py:753} INFO - DAG(s) dict_keys(['example_trigger_target_dag']) retrieved from /usr/local/python/3.10.13/lib/python3.10/site-packages/airflow/example_dags/example_trigger_target_dag.py
[2024-03-28T20:03:49.096+0000] {logging_mixin.py:137} INFO - [2024-03-28T20:03:49.096+0000] {dag.py:2690} INFO - Sync 1 DAGs
[2024-03-28T20:03:49.111+0000] {logging_mixin.py:137} INFO - [2024-03-28T20:03:49.111+0000] {dag.py:3437} INFO - Setting next_dagrun for example_trigger_target_dag to None, run_after=None
[2024-03-28T20:03:49.154+0000] {processor.py:175} INFO - Processing /usr/local/python/3.10.13/lib/python3.10/site-packages/airflow/example_dags/example_trigger_target_dag.py took 0.094 seconds
[2024-03-28T20:04:25.497+0000] {processor.py:153} INFO - Started process (PID=46731) to work on /usr/local/python/3.10.13/lib/python3.10/site-packages/airflow/example_dags/example_trigger_target_dag.py
[2024-03-28T20:04:25.498+0000] {processor.py:743} INFO - Processing file /usr/local/python/3.10.13/lib/python3.10/site-packages/airflow/example_dags/example_trigger_target_dag.py for tasks to queue
[2024-03-28T20:04:25.498+0000] {logging_mixin.py:137} INFO - [2024-03-28T20:04:25.498+0000] {dagbag.py:538} INFO - Filling up the DagBag from /usr/local/python/3.10.13/lib/python3.10/site-packages/airflow/example_dags/example_trigger_target_dag.py
[2024-03-28T20:04:25.518+0000] {processor.py:753} INFO - DAG(s) dict_keys(['example_trigger_target_dag']) retrieved from /usr/local/python/3.10.13/lib/python3.10/site-packages/airflow/example_dags/example_trigger_target_dag.py
[2024-03-28T20:04:25.533+0000] {logging_mixin.py:137} INFO - [2024-03-28T20:04:25.533+0000] {dag.py:2690} INFO - Sync 1 DAGs
[2024-03-28T20:04:25.548+0000] {logging_mixin.py:137} INFO - [2024-03-28T20:04:25.548+0000] {dag.py:3437} INFO - Setting next_dagrun for example_trigger_target_dag to None, run_after=None
[2024-03-28T20:04:25.590+0000] {processor.py:175} INFO - Processing /usr/local/python/3.10.13/lib/python3.10/site-packages/airflow/example_dags/example_trigger_target_dag.py took 0.096 seconds
[2024-03-28T20:05:03.204+0000] {processor.py:153} INFO - Started process (PID=47064) to work on /usr/local/python/3.10.13/lib/python3.10/site-packages/airflow/example_dags/example_trigger_target_dag.py
[2024-03-28T20:05:03.204+0000] {processor.py:743} INFO - Processing file /usr/local/python/3.10.13/lib/python3.10/site-packages/airflow/example_dags/example_trigger_target_dag.py for tasks to queue
[2024-03-28T20:05:03.205+0000] {logging_mixin.py:137} INFO - [2024-03-28T20:05:03.205+0000] {dagbag.py:538} INFO - Filling up the DagBag from /usr/local/python/3.10.13/lib/python3.10/site-packages/airflow/example_dags/example_trigger_target_dag.py
[2024-03-28T20:05:03.224+0000] {processor.py:753} INFO - DAG(s) dict_keys(['example_trigger_target_dag']) retrieved from /usr/local/python/3.10.13/lib/python3.10/site-packages/airflow/example_dags/example_trigger_target_dag.py
[2024-03-28T20:05:03.238+0000] {logging_mixin.py:137} INFO - [2024-03-28T20:05:03.238+0000] {dag.py:2690} INFO - Sync 1 DAGs
[2024-03-28T20:05:03.255+0000] {logging_mixin.py:137} INFO - [2024-03-28T20:05:03.255+0000] {dag.py:3437} INFO - Setting next_dagrun for example_trigger_target_dag to None, run_after=None
[2024-03-28T20:05:03.303+0000] {processor.py:175} INFO - Processing /usr/local/python/3.10.13/lib/python3.10/site-packages/airflow/example_dags/example_trigger_target_dag.py took 0.102 seconds
[2024-03-28T20:05:43.976+0000] {processor.py:153} INFO - Started process (PID=47504) to work on /usr/local/python/3.10.13/lib/python3.10/site-packages/airflow/example_dags/example_trigger_target_dag.py
[2024-03-28T20:05:43.977+0000] {processor.py:743} INFO - Processing file /usr/local/python/3.10.13/lib/python3.10/site-packages/airflow/example_dags/example_trigger_target_dag.py for tasks to queue
[2024-03-28T20:05:43.978+0000] {logging_mixin.py:137} INFO - [2024-03-28T20:05:43.978+0000] {dagbag.py:538} INFO - Filling up the DagBag from /usr/local/python/3.10.13/lib/python3.10/site-packages/airflow/example_dags/example_trigger_target_dag.py
[2024-03-28T20:05:44.006+0000] {processor.py:753} INFO - DAG(s) dict_keys(['example_trigger_target_dag']) retrieved from /usr/local/python/3.10.13/lib/python3.10/site-packages/airflow/example_dags/example_trigger_target_dag.py
[2024-03-28T20:05:44.022+0000] {logging_mixin.py:137} INFO - [2024-03-28T20:05:44.022+0000] {dag.py:2690} INFO - Sync 1 DAGs
[2024-03-28T20:05:44.038+0000] {logging_mixin.py:137} INFO - [2024-03-28T20:05:44.038+0000] {dag.py:3437} INFO - Setting next_dagrun for example_trigger_target_dag to None, run_after=None
[2024-03-28T20:05:44.083+0000] {processor.py:175} INFO - Processing /usr/local/python/3.10.13/lib/python3.10/site-packages/airflow/example_dags/example_trigger_target_dag.py took 0.109 seconds
[2024-03-28T20:06:16.905+0000] {processor.py:153} INFO - Started process (PID=47863) to work on /usr/local/python/3.10.13/lib/python3.10/site-packages/airflow/example_dags/example_trigger_target_dag.py
[2024-03-28T20:06:16.905+0000] {processor.py:743} INFO - Processing file /usr/local/python/3.10.13/lib/python3.10/site-packages/airflow/example_dags/example_trigger_target_dag.py for tasks to queue
[2024-03-28T20:06:16.906+0000] {logging_mixin.py:137} INFO - [2024-03-28T20:06:16.906+0000] {dagbag.py:538} INFO - Filling up the DagBag from /usr/local/python/3.10.13/lib/python3.10/site-packages/airflow/example_dags/example_trigger_target_dag.py
[2024-03-28T20:06:16.927+0000] {processor.py:753} INFO - DAG(s) dict_keys(['example_trigger_target_dag']) retrieved from /usr/local/python/3.10.13/lib/python3.10/site-packages/airflow/example_dags/example_trigger_target_dag.py
[2024-03-28T20:06:16.944+0000] {logging_mixin.py:137} INFO - [2024-03-28T20:06:16.944+0000] {dag.py:2690} INFO - Sync 1 DAGs
[2024-03-28T20:06:16.959+0000] {logging_mixin.py:137} INFO - [2024-03-28T20:06:16.959+0000] {dag.py:3437} INFO - Setting next_dagrun for example_trigger_target_dag to None, run_after=None
[2024-03-28T20:06:17.122+0000] {processor.py:175} INFO - Processing /usr/local/python/3.10.13/lib/python3.10/site-packages/airflow/example_dags/example_trigger_target_dag.py took 0.219 seconds
[2024-03-28T20:06:56.662+0000] {processor.py:153} INFO - Started process (PID=48155) to work on /usr/local/python/3.10.13/lib/python3.10/site-packages/airflow/example_dags/example_trigger_target_dag.py
[2024-03-28T20:06:56.662+0000] {processor.py:743} INFO - Processing file /usr/local/python/3.10.13/lib/python3.10/site-packages/airflow/example_dags/example_trigger_target_dag.py for tasks to queue
[2024-03-28T20:06:56.663+0000] {logging_mixin.py:137} INFO - [2024-03-28T20:06:56.663+0000] {dagbag.py:538} INFO - Filling up the DagBag from /usr/local/python/3.10.13/lib/python3.10/site-packages/airflow/example_dags/example_trigger_target_dag.py
[2024-03-28T20:06:56.683+0000] {processor.py:753} INFO - DAG(s) dict_keys(['example_trigger_target_dag']) retrieved from /usr/local/python/3.10.13/lib/python3.10/site-packages/airflow/example_dags/example_trigger_target_dag.py
[2024-03-28T20:06:56.697+0000] {logging_mixin.py:137} INFO - [2024-03-28T20:06:56.697+0000] {dag.py:2690} INFO - Sync 1 DAGs
[2024-03-28T20:06:56.712+0000] {logging_mixin.py:137} INFO - [2024-03-28T20:06:56.712+0000] {dag.py:3437} INFO - Setting next_dagrun for example_trigger_target_dag to None, run_after=None
[2024-03-28T20:06:56.854+0000] {processor.py:175} INFO - Processing /usr/local/python/3.10.13/lib/python3.10/site-packages/airflow/example_dags/example_trigger_target_dag.py took 0.195 seconds
[2024-03-28T20:07:39.454+0000] {processor.py:153} INFO - Started process (PID=48519) to work on /usr/local/python/3.10.13/lib/python3.10/site-packages/airflow/example_dags/example_trigger_target_dag.py
[2024-03-28T20:07:39.454+0000] {processor.py:743} INFO - Processing file /usr/local/python/3.10.13/lib/python3.10/site-packages/airflow/example_dags/example_trigger_target_dag.py for tasks to queue
[2024-03-28T20:07:39.455+0000] {logging_mixin.py:137} INFO - [2024-03-28T20:07:39.455+0000] {dagbag.py:538} INFO - Filling up the DagBag from /usr/local/python/3.10.13/lib/python3.10/site-packages/airflow/example_dags/example_trigger_target_dag.py
[2024-03-28T20:07:39.475+0000] {processor.py:753} INFO - DAG(s) dict_keys(['example_trigger_target_dag']) retrieved from /usr/local/python/3.10.13/lib/python3.10/site-packages/airflow/example_dags/example_trigger_target_dag.py
[2024-03-28T20:07:39.489+0000] {logging_mixin.py:137} INFO - [2024-03-28T20:07:39.489+0000] {dag.py:2690} INFO - Sync 1 DAGs
[2024-03-28T20:07:39.612+0000] {logging_mixin.py:137} INFO - [2024-03-28T20:07:39.611+0000] {dag.py:3437} INFO - Setting next_dagrun for example_trigger_target_dag to None, run_after=None
[2024-03-28T20:07:39.656+0000] {processor.py:175} INFO - Processing /usr/local/python/3.10.13/lib/python3.10/site-packages/airflow/example_dags/example_trigger_target_dag.py took 0.204 seconds
[2024-03-28T20:08:25.150+0000] {processor.py:153} INFO - Started process (PID=48930) to work on /usr/local/python/3.10.13/lib/python3.10/site-packages/airflow/example_dags/example_trigger_target_dag.py
[2024-03-28T20:08:25.151+0000] {processor.py:743} INFO - Processing file /usr/local/python/3.10.13/lib/python3.10/site-packages/airflow/example_dags/example_trigger_target_dag.py for tasks to queue
[2024-03-28T20:08:25.151+0000] {logging_mixin.py:137} INFO - [2024-03-28T20:08:25.151+0000] {dagbag.py:538} INFO - Filling up the DagBag from /usr/local/python/3.10.13/lib/python3.10/site-packages/airflow/example_dags/example_trigger_target_dag.py
[2024-03-28T20:08:25.171+0000] {processor.py:753} INFO - DAG(s) dict_keys(['example_trigger_target_dag']) retrieved from /usr/local/python/3.10.13/lib/python3.10/site-packages/airflow/example_dags/example_trigger_target_dag.py
[2024-03-28T20:08:25.185+0000] {logging_mixin.py:137} INFO - [2024-03-28T20:08:25.185+0000] {dag.py:2690} INFO - Sync 1 DAGs
[2024-03-28T20:08:25.293+0000] {logging_mixin.py:137} INFO - [2024-03-28T20:08:25.292+0000] {dag.py:3437} INFO - Setting next_dagrun for example_trigger_target_dag to None, run_after=None
[2024-03-28T20:08:25.336+0000] {processor.py:175} INFO - Processing /usr/local/python/3.10.13/lib/python3.10/site-packages/airflow/example_dags/example_trigger_target_dag.py took 0.188 seconds
[2024-03-28T20:08:58.238+0000] {processor.py:153} INFO - Started process (PID=49227) to work on /usr/local/python/3.10.13/lib/python3.10/site-packages/airflow/example_dags/example_trigger_target_dag.py
[2024-03-28T20:08:58.238+0000] {processor.py:743} INFO - Processing file /usr/local/python/3.10.13/lib/python3.10/site-packages/airflow/example_dags/example_trigger_target_dag.py for tasks to queue
[2024-03-28T20:08:58.239+0000] {logging_mixin.py:137} INFO - [2024-03-28T20:08:58.239+0000] {dagbag.py:538} INFO - Filling up the DagBag from /usr/local/python/3.10.13/lib/python3.10/site-packages/airflow/example_dags/example_trigger_target_dag.py
[2024-03-28T20:08:58.258+0000] {processor.py:753} INFO - DAG(s) dict_keys(['example_trigger_target_dag']) retrieved from /usr/local/python/3.10.13/lib/python3.10/site-packages/airflow/example_dags/example_trigger_target_dag.py
[2024-03-28T20:08:58.366+0000] {logging_mixin.py:137} INFO - [2024-03-28T20:08:58.366+0000] {dag.py:2690} INFO - Sync 1 DAGs
[2024-03-28T20:08:58.381+0000] {logging_mixin.py:137} INFO - [2024-03-28T20:08:58.381+0000] {dag.py:3437} INFO - Setting next_dagrun for example_trigger_target_dag to None, run_after=None
[2024-03-28T20:08:58.424+0000] {processor.py:175} INFO - Processing /usr/local/python/3.10.13/lib/python3.10/site-packages/airflow/example_dags/example_trigger_target_dag.py took 0.189 seconds
[2024-03-28T20:09:42.167+0000] {processor.py:153} INFO - Started process (PID=49627) to work on /usr/local/python/3.10.13/lib/python3.10/site-packages/airflow/example_dags/example_trigger_target_dag.py
[2024-03-28T20:09:42.169+0000] {processor.py:743} INFO - Processing file /usr/local/python/3.10.13/lib/python3.10/site-packages/airflow/example_dags/example_trigger_target_dag.py for tasks to queue
[2024-03-28T20:09:42.170+0000] {logging_mixin.py:137} INFO - [2024-03-28T20:09:42.170+0000] {dagbag.py:538} INFO - Filling up the DagBag from /usr/local/python/3.10.13/lib/python3.10/site-packages/airflow/example_dags/example_trigger_target_dag.py
[2024-03-28T20:09:42.194+0000] {processor.py:753} INFO - DAG(s) dict_keys(['example_trigger_target_dag']) retrieved from /usr/local/python/3.10.13/lib/python3.10/site-packages/airflow/example_dags/example_trigger_target_dag.py
[2024-03-28T20:09:42.308+0000] {logging_mixin.py:137} INFO - [2024-03-28T20:09:42.308+0000] {dag.py:2690} INFO - Sync 1 DAGs
[2024-03-28T20:09:42.321+0000] {logging_mixin.py:137} INFO - [2024-03-28T20:09:42.321+0000] {dag.py:3437} INFO - Setting next_dagrun for example_trigger_target_dag to None, run_after=None
[2024-03-28T20:09:42.366+0000] {processor.py:175} INFO - Processing /usr/local/python/3.10.13/lib/python3.10/site-packages/airflow/example_dags/example_trigger_target_dag.py took 0.202 seconds
[2024-03-28T20:10:26.816+0000] {processor.py:153} INFO - Started process (PID=50025) to work on /usr/local/python/3.10.13/lib/python3.10/site-packages/airflow/example_dags/example_trigger_target_dag.py
[2024-03-28T20:10:26.816+0000] {processor.py:743} INFO - Processing file /usr/local/python/3.10.13/lib/python3.10/site-packages/airflow/example_dags/example_trigger_target_dag.py for tasks to queue
[2024-03-28T20:10:26.817+0000] {logging_mixin.py:137} INFO - [2024-03-28T20:10:26.817+0000] {dagbag.py:538} INFO - Filling up the DagBag from /usr/local/python/3.10.13/lib/python3.10/site-packages/airflow/example_dags/example_trigger_target_dag.py
[2024-03-28T20:10:26.960+0000] {processor.py:753} INFO - DAG(s) dict_keys(['example_trigger_target_dag']) retrieved from /usr/local/python/3.10.13/lib/python3.10/site-packages/airflow/example_dags/example_trigger_target_dag.py
[2024-03-28T20:10:26.972+0000] {logging_mixin.py:137} INFO - [2024-03-28T20:10:26.972+0000] {dag.py:2690} INFO - Sync 1 DAGs
[2024-03-28T20:10:26.986+0000] {logging_mixin.py:137} INFO - [2024-03-28T20:10:26.986+0000] {dag.py:3437} INFO - Setting next_dagrun for example_trigger_target_dag to None, run_after=None
[2024-03-28T20:10:27.044+0000] {processor.py:175} INFO - Processing /usr/local/python/3.10.13/lib/python3.10/site-packages/airflow/example_dags/example_trigger_target_dag.py took 0.231 seconds
