[2024-03-28T20:00:03.451+0000] {processor.py:153} INFO - Started process (PID=44629) to work on /usr/local/python/3.10.13/lib/python3.10/site-packages/airflow/example_dags/example_external_task_marker_dag.py
[2024-03-28T20:00:03.452+0000] {processor.py:743} INFO - Processing file /usr/local/python/3.10.13/lib/python3.10/site-packages/airflow/example_dags/example_external_task_marker_dag.py for tasks to queue
[2024-03-28T20:00:03.452+0000] {logging_mixin.py:137} INFO - [2024-03-28T20:00:03.452+0000] {dagbag.py:538} INFO - Filling up the DagBag from /usr/local/python/3.10.13/lib/python3.10/site-packages/airflow/example_dags/example_external_task_marker_dag.py
[2024-03-28T20:00:03.465+0000] {processor.py:753} INFO - DAG(s) dict_keys(['example_external_task_marker_parent', 'example_external_task_marker_child']) retrieved from /usr/local/python/3.10.13/lib/python3.10/site-packages/airflow/example_dags/example_external_task_marker_dag.py
[2024-03-28T20:00:03.600+0000] {logging_mixin.py:137} INFO - [2024-03-28T20:00:03.600+0000] {manager.py:504} INFO - Created Permission View: can read on DAG:example_external_task_marker_parent
[2024-03-28T20:00:03.634+0000] {logging_mixin.py:137} INFO - [2024-03-28T20:00:03.634+0000] {manager.py:504} INFO - Created Permission View: can delete on DAG:example_external_task_marker_parent
[2024-03-28T20:00:03.670+0000] {logging_mixin.py:137} INFO - [2024-03-28T20:00:03.669+0000] {manager.py:504} INFO - Created Permission View: can edit on DAG:example_external_task_marker_parent
[2024-03-28T20:00:03.746+0000] {logging_mixin.py:137} INFO - [2024-03-28T20:00:03.746+0000] {manager.py:504} INFO - Created Permission View: can read on DAG:example_external_task_marker_child
[2024-03-28T20:00:03.783+0000] {logging_mixin.py:137} INFO - [2024-03-28T20:00:03.783+0000] {manager.py:504} INFO - Created Permission View: can delete on DAG:example_external_task_marker_child
[2024-03-28T20:00:03.815+0000] {logging_mixin.py:137} INFO - [2024-03-28T20:00:03.815+0000] {manager.py:504} INFO - Created Permission View: can edit on DAG:example_external_task_marker_child
[2024-03-28T20:00:03.815+0000] {logging_mixin.py:137} INFO - [2024-03-28T20:00:03.815+0000] {dag.py:2690} INFO - Sync 2 DAGs
[2024-03-28T20:00:03.825+0000] {logging_mixin.py:137} INFO - [2024-03-28T20:00:03.825+0000] {dag.py:2711} INFO - Creating ORM DAG for example_external_task_marker_parent
[2024-03-28T20:00:03.826+0000] {logging_mixin.py:137} INFO - [2024-03-28T20:00:03.826+0000] {dag.py:2711} INFO - Creating ORM DAG for example_external_task_marker_child
[2024-03-28T20:00:03.832+0000] {logging_mixin.py:137} INFO - [2024-03-28T20:00:03.832+0000] {dag.py:3437} INFO - Setting next_dagrun for example_external_task_marker_child to None, run_after=None
[2024-03-28T20:00:03.833+0000] {logging_mixin.py:137} INFO - [2024-03-28T20:00:03.833+0000] {dag.py:3437} INFO - Setting next_dagrun for example_external_task_marker_parent to None, run_after=None
[2024-03-28T20:00:03.881+0000] {processor.py:175} INFO - Processing /usr/local/python/3.10.13/lib/python3.10/site-packages/airflow/example_dags/example_external_task_marker_dag.py took 0.432 seconds
[2024-03-28T20:00:48.688+0000] {processor.py:153} INFO - Started process (PID=44925) to work on /usr/local/python/3.10.13/lib/python3.10/site-packages/airflow/example_dags/example_external_task_marker_dag.py
[2024-03-28T20:00:48.689+0000] {processor.py:743} INFO - Processing file /usr/local/python/3.10.13/lib/python3.10/site-packages/airflow/example_dags/example_external_task_marker_dag.py for tasks to queue
[2024-03-28T20:00:48.689+0000] {logging_mixin.py:137} INFO - [2024-03-28T20:00:48.689+0000] {dagbag.py:538} INFO - Filling up the DagBag from /usr/local/python/3.10.13/lib/python3.10/site-packages/airflow/example_dags/example_external_task_marker_dag.py
[2024-03-28T20:00:48.701+0000] {processor.py:753} INFO - DAG(s) dict_keys(['example_external_task_marker_child', 'example_external_task_marker_parent']) retrieved from /usr/local/python/3.10.13/lib/python3.10/site-packages/airflow/example_dags/example_external_task_marker_dag.py
[2024-03-28T20:00:48.717+0000] {logging_mixin.py:137} INFO - [2024-03-28T20:00:48.717+0000] {dag.py:2690} INFO - Sync 2 DAGs
[2024-03-28T20:00:48.732+0000] {logging_mixin.py:137} INFO - [2024-03-28T20:00:48.732+0000] {dag.py:3437} INFO - Setting next_dagrun for example_external_task_marker_child to None, run_after=None
[2024-03-28T20:00:48.734+0000] {logging_mixin.py:137} INFO - [2024-03-28T20:00:48.734+0000] {dag.py:3437} INFO - Setting next_dagrun for example_external_task_marker_parent to None, run_after=None
[2024-03-28T20:00:48.777+0000] {processor.py:175} INFO - Processing /usr/local/python/3.10.13/lib/python3.10/site-packages/airflow/example_dags/example_external_task_marker_dag.py took 0.091 seconds
[2024-03-28T20:01:28.366+0000] {processor.py:153} INFO - Started process (PID=45204) to work on /usr/local/python/3.10.13/lib/python3.10/site-packages/airflow/example_dags/example_external_task_marker_dag.py
[2024-03-28T20:01:28.366+0000] {processor.py:743} INFO - Processing file /usr/local/python/3.10.13/lib/python3.10/site-packages/airflow/example_dags/example_external_task_marker_dag.py for tasks to queue
[2024-03-28T20:01:28.367+0000] {logging_mixin.py:137} INFO - [2024-03-28T20:01:28.367+0000] {dagbag.py:538} INFO - Filling up the DagBag from /usr/local/python/3.10.13/lib/python3.10/site-packages/airflow/example_dags/example_external_task_marker_dag.py
[2024-03-28T20:01:28.380+0000] {processor.py:753} INFO - DAG(s) dict_keys(['example_external_task_marker_child', 'example_external_task_marker_parent']) retrieved from /usr/local/python/3.10.13/lib/python3.10/site-packages/airflow/example_dags/example_external_task_marker_dag.py
[2024-03-28T20:01:28.399+0000] {logging_mixin.py:137} INFO - [2024-03-28T20:01:28.399+0000] {dag.py:2690} INFO - Sync 2 DAGs
[2024-03-28T20:01:28.420+0000] {logging_mixin.py:137} INFO - [2024-03-28T20:01:28.420+0000] {dag.py:3437} INFO - Setting next_dagrun for example_external_task_marker_child to None, run_after=None
[2024-03-28T20:01:28.423+0000] {logging_mixin.py:137} INFO - [2024-03-28T20:01:28.423+0000] {dag.py:3437} INFO - Setting next_dagrun for example_external_task_marker_parent to None, run_after=None
[2024-03-28T20:01:28.468+0000] {processor.py:175} INFO - Processing /usr/local/python/3.10.13/lib/python3.10/site-packages/airflow/example_dags/example_external_task_marker_dag.py took 0.104 seconds
[2024-03-28T20:02:08.629+0000] {processor.py:153} INFO - Started process (PID=45472) to work on /usr/local/python/3.10.13/lib/python3.10/site-packages/airflow/example_dags/example_external_task_marker_dag.py
[2024-03-28T20:02:08.629+0000] {processor.py:743} INFO - Processing file /usr/local/python/3.10.13/lib/python3.10/site-packages/airflow/example_dags/example_external_task_marker_dag.py for tasks to queue
[2024-03-28T20:02:08.630+0000] {logging_mixin.py:137} INFO - [2024-03-28T20:02:08.630+0000] {dagbag.py:538} INFO - Filling up the DagBag from /usr/local/python/3.10.13/lib/python3.10/site-packages/airflow/example_dags/example_external_task_marker_dag.py
[2024-03-28T20:02:08.642+0000] {processor.py:753} INFO - DAG(s) dict_keys(['example_external_task_marker_parent', 'example_external_task_marker_child']) retrieved from /usr/local/python/3.10.13/lib/python3.10/site-packages/airflow/example_dags/example_external_task_marker_dag.py
[2024-03-28T20:02:08.657+0000] {logging_mixin.py:137} INFO - [2024-03-28T20:02:08.656+0000] {dag.py:2690} INFO - Sync 2 DAGs
[2024-03-28T20:02:08.671+0000] {logging_mixin.py:137} INFO - [2024-03-28T20:02:08.671+0000] {dag.py:3437} INFO - Setting next_dagrun for example_external_task_marker_child to None, run_after=None
[2024-03-28T20:02:08.673+0000] {logging_mixin.py:137} INFO - [2024-03-28T20:02:08.673+0000] {dag.py:3437} INFO - Setting next_dagrun for example_external_task_marker_parent to None, run_after=None
[2024-03-28T20:02:08.716+0000] {processor.py:175} INFO - Processing /usr/local/python/3.10.13/lib/python3.10/site-packages/airflow/example_dags/example_external_task_marker_dag.py took 0.089 seconds
[2024-03-28T20:02:48.204+0000] {processor.py:153} INFO - Started process (PID=45835) to work on /usr/local/python/3.10.13/lib/python3.10/site-packages/airflow/example_dags/example_external_task_marker_dag.py
[2024-03-28T20:02:48.205+0000] {processor.py:743} INFO - Processing file /usr/local/python/3.10.13/lib/python3.10/site-packages/airflow/example_dags/example_external_task_marker_dag.py for tasks to queue
[2024-03-28T20:02:48.205+0000] {logging_mixin.py:137} INFO - [2024-03-28T20:02:48.205+0000] {dagbag.py:538} INFO - Filling up the DagBag from /usr/local/python/3.10.13/lib/python3.10/site-packages/airflow/example_dags/example_external_task_marker_dag.py
[2024-03-28T20:02:48.217+0000] {processor.py:753} INFO - DAG(s) dict_keys(['example_external_task_marker_parent', 'example_external_task_marker_child']) retrieved from /usr/local/python/3.10.13/lib/python3.10/site-packages/airflow/example_dags/example_external_task_marker_dag.py
[2024-03-28T20:02:48.232+0000] {logging_mixin.py:137} INFO - [2024-03-28T20:02:48.231+0000] {dag.py:2690} INFO - Sync 2 DAGs
[2024-03-28T20:02:48.246+0000] {logging_mixin.py:137} INFO - [2024-03-28T20:02:48.246+0000] {dag.py:3437} INFO - Setting next_dagrun for example_external_task_marker_child to None, run_after=None
[2024-03-28T20:02:48.248+0000] {logging_mixin.py:137} INFO - [2024-03-28T20:02:48.248+0000] {dag.py:3437} INFO - Setting next_dagrun for example_external_task_marker_parent to None, run_after=None
[2024-03-28T20:02:48.298+0000] {processor.py:175} INFO - Processing /usr/local/python/3.10.13/lib/python3.10/site-packages/airflow/example_dags/example_external_task_marker_dag.py took 0.096 seconds
[2024-03-28T20:03:28.225+0000] {processor.py:153} INFO - Started process (PID=46157) to work on /usr/local/python/3.10.13/lib/python3.10/site-packages/airflow/example_dags/example_external_task_marker_dag.py
[2024-03-28T20:03:28.225+0000] {processor.py:743} INFO - Processing file /usr/local/python/3.10.13/lib/python3.10/site-packages/airflow/example_dags/example_external_task_marker_dag.py for tasks to queue
[2024-03-28T20:03:28.226+0000] {logging_mixin.py:137} INFO - [2024-03-28T20:03:28.226+0000] {dagbag.py:538} INFO - Filling up the DagBag from /usr/local/python/3.10.13/lib/python3.10/site-packages/airflow/example_dags/example_external_task_marker_dag.py
[2024-03-28T20:03:28.238+0000] {processor.py:753} INFO - DAG(s) dict_keys(['example_external_task_marker_parent', 'example_external_task_marker_child']) retrieved from /usr/local/python/3.10.13/lib/python3.10/site-packages/airflow/example_dags/example_external_task_marker_dag.py
[2024-03-28T20:03:28.253+0000] {logging_mixin.py:137} INFO - [2024-03-28T20:03:28.253+0000] {dag.py:2690} INFO - Sync 2 DAGs
[2024-03-28T20:03:28.269+0000] {logging_mixin.py:137} INFO - [2024-03-28T20:03:28.269+0000] {dag.py:3437} INFO - Setting next_dagrun for example_external_task_marker_child to None, run_after=None
[2024-03-28T20:03:28.271+0000] {logging_mixin.py:137} INFO - [2024-03-28T20:03:28.271+0000] {dag.py:3437} INFO - Setting next_dagrun for example_external_task_marker_parent to None, run_after=None
[2024-03-28T20:03:28.312+0000] {processor.py:175} INFO - Processing /usr/local/python/3.10.13/lib/python3.10/site-packages/airflow/example_dags/example_external_task_marker_dag.py took 0.090 seconds
[2024-03-28T20:04:09.949+0000] {processor.py:153} INFO - Started process (PID=46562) to work on /usr/local/python/3.10.13/lib/python3.10/site-packages/airflow/example_dags/example_external_task_marker_dag.py
[2024-03-28T20:04:09.949+0000] {processor.py:743} INFO - Processing file /usr/local/python/3.10.13/lib/python3.10/site-packages/airflow/example_dags/example_external_task_marker_dag.py for tasks to queue
[2024-03-28T20:04:09.950+0000] {logging_mixin.py:137} INFO - [2024-03-28T20:04:09.950+0000] {dagbag.py:538} INFO - Filling up the DagBag from /usr/local/python/3.10.13/lib/python3.10/site-packages/airflow/example_dags/example_external_task_marker_dag.py
[2024-03-28T20:04:09.967+0000] {processor.py:753} INFO - DAG(s) dict_keys(['example_external_task_marker_child', 'example_external_task_marker_parent']) retrieved from /usr/local/python/3.10.13/lib/python3.10/site-packages/airflow/example_dags/example_external_task_marker_dag.py
[2024-03-28T20:04:09.982+0000] {logging_mixin.py:137} INFO - [2024-03-28T20:04:09.982+0000] {dag.py:2690} INFO - Sync 2 DAGs
[2024-03-28T20:04:10.001+0000] {logging_mixin.py:137} INFO - [2024-03-28T20:04:10.001+0000] {dag.py:3437} INFO - Setting next_dagrun for example_external_task_marker_child to None, run_after=None
[2024-03-28T20:04:10.008+0000] {logging_mixin.py:137} INFO - [2024-03-28T20:04:10.008+0000] {dag.py:3437} INFO - Setting next_dagrun for example_external_task_marker_parent to None, run_after=None
[2024-03-28T20:04:10.053+0000] {processor.py:175} INFO - Processing /usr/local/python/3.10.13/lib/python3.10/site-packages/airflow/example_dags/example_external_task_marker_dag.py took 0.108 seconds
[2024-03-28T20:04:47.998+0000] {processor.py:153} INFO - Started process (PID=46936) to work on /usr/local/python/3.10.13/lib/python3.10/site-packages/airflow/example_dags/example_external_task_marker_dag.py
[2024-03-28T20:04:47.998+0000] {processor.py:743} INFO - Processing file /usr/local/python/3.10.13/lib/python3.10/site-packages/airflow/example_dags/example_external_task_marker_dag.py for tasks to queue
[2024-03-28T20:04:47.999+0000] {logging_mixin.py:137} INFO - [2024-03-28T20:04:47.998+0000] {dagbag.py:538} INFO - Filling up the DagBag from /usr/local/python/3.10.13/lib/python3.10/site-packages/airflow/example_dags/example_external_task_marker_dag.py
[2024-03-28T20:04:48.010+0000] {processor.py:753} INFO - DAG(s) dict_keys(['example_external_task_marker_parent', 'example_external_task_marker_child']) retrieved from /usr/local/python/3.10.13/lib/python3.10/site-packages/airflow/example_dags/example_external_task_marker_dag.py
[2024-03-28T20:04:48.026+0000] {logging_mixin.py:137} INFO - [2024-03-28T20:04:48.025+0000] {dag.py:2690} INFO - Sync 2 DAGs
[2024-03-28T20:04:48.040+0000] {logging_mixin.py:137} INFO - [2024-03-28T20:04:48.040+0000] {dag.py:3437} INFO - Setting next_dagrun for example_external_task_marker_child to None, run_after=None
[2024-03-28T20:04:48.042+0000] {logging_mixin.py:137} INFO - [2024-03-28T20:04:48.042+0000] {dag.py:3437} INFO - Setting next_dagrun for example_external_task_marker_parent to None, run_after=None
[2024-03-28T20:04:48.084+0000] {processor.py:175} INFO - Processing /usr/local/python/3.10.13/lib/python3.10/site-packages/airflow/example_dags/example_external_task_marker_dag.py took 0.089 seconds
[2024-03-28T20:05:26.316+0000] {processor.py:153} INFO - Started process (PID=47343) to work on /usr/local/python/3.10.13/lib/python3.10/site-packages/airflow/example_dags/example_external_task_marker_dag.py
[2024-03-28T20:05:26.320+0000] {processor.py:743} INFO - Processing file /usr/local/python/3.10.13/lib/python3.10/site-packages/airflow/example_dags/example_external_task_marker_dag.py for tasks to queue
[2024-03-28T20:05:26.320+0000] {logging_mixin.py:137} INFO - [2024-03-28T20:05:26.320+0000] {dagbag.py:538} INFO - Filling up the DagBag from /usr/local/python/3.10.13/lib/python3.10/site-packages/airflow/example_dags/example_external_task_marker_dag.py
[2024-03-28T20:05:26.369+0000] {processor.py:753} INFO - DAG(s) dict_keys(['example_external_task_marker_parent', 'example_external_task_marker_child']) retrieved from /usr/local/python/3.10.13/lib/python3.10/site-packages/airflow/example_dags/example_external_task_marker_dag.py
[2024-03-28T20:05:26.407+0000] {logging_mixin.py:137} INFO - [2024-03-28T20:05:26.407+0000] {dag.py:2690} INFO - Sync 2 DAGs
[2024-03-28T20:05:26.434+0000] {logging_mixin.py:137} INFO - [2024-03-28T20:05:26.434+0000] {dag.py:3437} INFO - Setting next_dagrun for example_external_task_marker_child to None, run_after=None
[2024-03-28T20:05:26.437+0000] {logging_mixin.py:137} INFO - [2024-03-28T20:05:26.437+0000] {dag.py:3437} INFO - Setting next_dagrun for example_external_task_marker_parent to None, run_after=None
[2024-03-28T20:05:26.488+0000] {processor.py:175} INFO - Processing /usr/local/python/3.10.13/lib/python3.10/site-packages/airflow/example_dags/example_external_task_marker_dag.py took 0.175 seconds
[2024-03-28T20:06:09.771+0000] {processor.py:153} INFO - Started process (PID=47788) to work on /usr/local/python/3.10.13/lib/python3.10/site-packages/airflow/example_dags/example_external_task_marker_dag.py
[2024-03-28T20:06:09.772+0000] {processor.py:743} INFO - Processing file /usr/local/python/3.10.13/lib/python3.10/site-packages/airflow/example_dags/example_external_task_marker_dag.py for tasks to queue
[2024-03-28T20:06:09.772+0000] {logging_mixin.py:137} INFO - [2024-03-28T20:06:09.772+0000] {dagbag.py:538} INFO - Filling up the DagBag from /usr/local/python/3.10.13/lib/python3.10/site-packages/airflow/example_dags/example_external_task_marker_dag.py
[2024-03-28T20:06:09.785+0000] {processor.py:753} INFO - DAG(s) dict_keys(['example_external_task_marker_child', 'example_external_task_marker_parent']) retrieved from /usr/local/python/3.10.13/lib/python3.10/site-packages/airflow/example_dags/example_external_task_marker_dag.py
[2024-03-28T20:06:09.800+0000] {logging_mixin.py:137} INFO - [2024-03-28T20:06:09.800+0000] {dag.py:2690} INFO - Sync 2 DAGs
[2024-03-28T20:06:09.815+0000] {logging_mixin.py:137} INFO - [2024-03-28T20:06:09.815+0000] {dag.py:3437} INFO - Setting next_dagrun for example_external_task_marker_child to None, run_after=None
[2024-03-28T20:06:09.818+0000] {logging_mixin.py:137} INFO - [2024-03-28T20:06:09.818+0000] {dag.py:3437} INFO - Setting next_dagrun for example_external_task_marker_parent to None, run_after=None
[2024-03-28T20:06:09.860+0000] {processor.py:175} INFO - Processing /usr/local/python/3.10.13/lib/python3.10/site-packages/airflow/example_dags/example_external_task_marker_dag.py took 0.092 seconds
[2024-03-28T20:06:49.495+0000] {processor.py:153} INFO - Started process (PID=48118) to work on /usr/local/python/3.10.13/lib/python3.10/site-packages/airflow/example_dags/example_external_task_marker_dag.py
[2024-03-28T20:06:49.495+0000] {processor.py:743} INFO - Processing file /usr/local/python/3.10.13/lib/python3.10/site-packages/airflow/example_dags/example_external_task_marker_dag.py for tasks to queue
[2024-03-28T20:06:49.496+0000] {logging_mixin.py:137} INFO - [2024-03-28T20:06:49.496+0000] {dagbag.py:538} INFO - Filling up the DagBag from /usr/local/python/3.10.13/lib/python3.10/site-packages/airflow/example_dags/example_external_task_marker_dag.py
[2024-03-28T20:06:49.512+0000] {processor.py:753} INFO - DAG(s) dict_keys(['example_external_task_marker_child', 'example_external_task_marker_parent']) retrieved from /usr/local/python/3.10.13/lib/python3.10/site-packages/airflow/example_dags/example_external_task_marker_dag.py
[2024-03-28T20:06:49.536+0000] {logging_mixin.py:137} INFO - [2024-03-28T20:06:49.536+0000] {dag.py:2690} INFO - Sync 2 DAGs
[2024-03-28T20:06:49.556+0000] {logging_mixin.py:137} INFO - [2024-03-28T20:06:49.556+0000] {dag.py:3437} INFO - Setting next_dagrun for example_external_task_marker_child to None, run_after=None
[2024-03-28T20:06:49.560+0000] {logging_mixin.py:137} INFO - [2024-03-28T20:06:49.560+0000] {dag.py:3437} INFO - Setting next_dagrun for example_external_task_marker_parent to None, run_after=None
[2024-03-28T20:06:49.613+0000] {processor.py:175} INFO - Processing /usr/local/python/3.10.13/lib/python3.10/site-packages/airflow/example_dags/example_external_task_marker_dag.py took 0.121 seconds
[2024-03-28T20:07:32.748+0000] {processor.py:153} INFO - Started process (PID=48456) to work on /usr/local/python/3.10.13/lib/python3.10/site-packages/airflow/example_dags/example_external_task_marker_dag.py
[2024-03-28T20:07:32.749+0000] {processor.py:743} INFO - Processing file /usr/local/python/3.10.13/lib/python3.10/site-packages/airflow/example_dags/example_external_task_marker_dag.py for tasks to queue
[2024-03-28T20:07:32.750+0000] {logging_mixin.py:137} INFO - [2024-03-28T20:07:32.749+0000] {dagbag.py:538} INFO - Filling up the DagBag from /usr/local/python/3.10.13/lib/python3.10/site-packages/airflow/example_dags/example_external_task_marker_dag.py
[2024-03-28T20:07:32.762+0000] {processor.py:753} INFO - DAG(s) dict_keys(['example_external_task_marker_parent', 'example_external_task_marker_child']) retrieved from /usr/local/python/3.10.13/lib/python3.10/site-packages/airflow/example_dags/example_external_task_marker_dag.py
[2024-03-28T20:07:32.780+0000] {logging_mixin.py:137} INFO - [2024-03-28T20:07:32.780+0000] {dag.py:2690} INFO - Sync 2 DAGs
[2024-03-28T20:07:32.800+0000] {logging_mixin.py:137} INFO - [2024-03-28T20:07:32.800+0000] {dag.py:3437} INFO - Setting next_dagrun for example_external_task_marker_child to None, run_after=None
[2024-03-28T20:07:32.803+0000] {logging_mixin.py:137} INFO - [2024-03-28T20:07:32.803+0000] {dag.py:3437} INFO - Setting next_dagrun for example_external_task_marker_parent to None, run_after=None
[2024-03-28T20:07:32.954+0000] {processor.py:175} INFO - Processing /usr/local/python/3.10.13/lib/python3.10/site-packages/airflow/example_dags/example_external_task_marker_dag.py took 0.208 seconds
[2024-03-28T20:08:17.277+0000] {processor.py:153} INFO - Started process (PID=48871) to work on /usr/local/python/3.10.13/lib/python3.10/site-packages/airflow/example_dags/example_external_task_marker_dag.py
[2024-03-28T20:08:17.278+0000] {processor.py:743} INFO - Processing file /usr/local/python/3.10.13/lib/python3.10/site-packages/airflow/example_dags/example_external_task_marker_dag.py for tasks to queue
[2024-03-28T20:08:17.278+0000] {logging_mixin.py:137} INFO - [2024-03-28T20:08:17.278+0000] {dagbag.py:538} INFO - Filling up the DagBag from /usr/local/python/3.10.13/lib/python3.10/site-packages/airflow/example_dags/example_external_task_marker_dag.py
[2024-03-28T20:08:17.295+0000] {processor.py:753} INFO - DAG(s) dict_keys(['example_external_task_marker_parent', 'example_external_task_marker_child']) retrieved from /usr/local/python/3.10.13/lib/python3.10/site-packages/airflow/example_dags/example_external_task_marker_dag.py
[2024-03-28T20:08:17.310+0000] {logging_mixin.py:137} INFO - [2024-03-28T20:08:17.310+0000] {dag.py:2690} INFO - Sync 2 DAGs
[2024-03-28T20:08:17.427+0000] {logging_mixin.py:137} INFO - [2024-03-28T20:08:17.426+0000] {dag.py:3437} INFO - Setting next_dagrun for example_external_task_marker_child to None, run_after=None
[2024-03-28T20:08:17.429+0000] {logging_mixin.py:137} INFO - [2024-03-28T20:08:17.429+0000] {dag.py:3437} INFO - Setting next_dagrun for example_external_task_marker_parent to None, run_after=None
[2024-03-28T20:08:17.470+0000] {processor.py:175} INFO - Processing /usr/local/python/3.10.13/lib/python3.10/site-packages/airflow/example_dags/example_external_task_marker_dag.py took 0.196 seconds
[2024-03-28T20:09:04.781+0000] {processor.py:153} INFO - Started process (PID=49298) to work on /usr/local/python/3.10.13/lib/python3.10/site-packages/airflow/example_dags/example_external_task_marker_dag.py
[2024-03-28T20:09:04.782+0000] {processor.py:743} INFO - Processing file /usr/local/python/3.10.13/lib/python3.10/site-packages/airflow/example_dags/example_external_task_marker_dag.py for tasks to queue
[2024-03-28T20:09:04.782+0000] {logging_mixin.py:137} INFO - [2024-03-28T20:09:04.782+0000] {dagbag.py:538} INFO - Filling up the DagBag from /usr/local/python/3.10.13/lib/python3.10/site-packages/airflow/example_dags/example_external_task_marker_dag.py
[2024-03-28T20:09:04.794+0000] {processor.py:753} INFO - DAG(s) dict_keys(['example_external_task_marker_child', 'example_external_task_marker_parent']) retrieved from /usr/local/python/3.10.13/lib/python3.10/site-packages/airflow/example_dags/example_external_task_marker_dag.py
[2024-03-28T20:09:04.809+0000] {logging_mixin.py:137} INFO - [2024-03-28T20:09:04.809+0000] {dag.py:2690} INFO - Sync 2 DAGs
[2024-03-28T20:09:04.928+0000] {logging_mixin.py:137} INFO - [2024-03-28T20:09:04.928+0000] {dag.py:3437} INFO - Setting next_dagrun for example_external_task_marker_child to None, run_after=None
[2024-03-28T20:09:04.930+0000] {logging_mixin.py:137} INFO - [2024-03-28T20:09:04.930+0000] {dag.py:3437} INFO - Setting next_dagrun for example_external_task_marker_parent to None, run_after=None
[2024-03-28T20:09:04.974+0000] {processor.py:175} INFO - Processing /usr/local/python/3.10.13/lib/python3.10/site-packages/airflow/example_dags/example_external_task_marker_dag.py took 0.195 seconds
[2024-03-28T20:09:49.814+0000] {processor.py:153} INFO - Started process (PID=49686) to work on /usr/local/python/3.10.13/lib/python3.10/site-packages/airflow/example_dags/example_external_task_marker_dag.py
[2024-03-28T20:09:49.814+0000] {processor.py:743} INFO - Processing file /usr/local/python/3.10.13/lib/python3.10/site-packages/airflow/example_dags/example_external_task_marker_dag.py for tasks to queue
[2024-03-28T20:09:49.815+0000] {logging_mixin.py:137} INFO - [2024-03-28T20:09:49.814+0000] {dagbag.py:538} INFO - Filling up the DagBag from /usr/local/python/3.10.13/lib/python3.10/site-packages/airflow/example_dags/example_external_task_marker_dag.py
[2024-03-28T20:09:49.827+0000] {processor.py:753} INFO - DAG(s) dict_keys(['example_external_task_marker_parent', 'example_external_task_marker_child']) retrieved from /usr/local/python/3.10.13/lib/python3.10/site-packages/airflow/example_dags/example_external_task_marker_dag.py
[2024-03-28T20:09:49.936+0000] {logging_mixin.py:137} INFO - [2024-03-28T20:09:49.936+0000] {dag.py:2690} INFO - Sync 2 DAGs
[2024-03-28T20:09:49.949+0000] {logging_mixin.py:137} INFO - [2024-03-28T20:09:49.949+0000] {dag.py:3437} INFO - Setting next_dagrun for example_external_task_marker_child to None, run_after=None
[2024-03-28T20:09:49.951+0000] {logging_mixin.py:137} INFO - [2024-03-28T20:09:49.951+0000] {dag.py:3437} INFO - Setting next_dagrun for example_external_task_marker_parent to None, run_after=None
[2024-03-28T20:09:49.993+0000] {processor.py:175} INFO - Processing /usr/local/python/3.10.13/lib/python3.10/site-packages/airflow/example_dags/example_external_task_marker_dag.py took 0.182 seconds
[2024-03-28T20:10:33.463+0000] {processor.py:153} INFO - Started process (PID=50085) to work on /usr/local/python/3.10.13/lib/python3.10/site-packages/airflow/example_dags/example_external_task_marker_dag.py
[2024-03-28T20:10:33.464+0000] {processor.py:743} INFO - Processing file /usr/local/python/3.10.13/lib/python3.10/site-packages/airflow/example_dags/example_external_task_marker_dag.py for tasks to queue
[2024-03-28T20:10:33.465+0000] {logging_mixin.py:137} INFO - [2024-03-28T20:10:33.465+0000] {dagbag.py:538} INFO - Filling up the DagBag from /usr/local/python/3.10.13/lib/python3.10/site-packages/airflow/example_dags/example_external_task_marker_dag.py
[2024-03-28T20:10:33.483+0000] {processor.py:753} INFO - DAG(s) dict_keys(['example_external_task_marker_child', 'example_external_task_marker_parent']) retrieved from /usr/local/python/3.10.13/lib/python3.10/site-packages/airflow/example_dags/example_external_task_marker_dag.py
[2024-03-28T20:10:33.607+0000] {logging_mixin.py:137} INFO - [2024-03-28T20:10:33.607+0000] {dag.py:2690} INFO - Sync 2 DAGs
[2024-03-28T20:10:33.621+0000] {logging_mixin.py:137} INFO - [2024-03-28T20:10:33.620+0000] {dag.py:3437} INFO - Setting next_dagrun for example_external_task_marker_child to None, run_after=None
[2024-03-28T20:10:33.623+0000] {logging_mixin.py:137} INFO - [2024-03-28T20:10:33.623+0000] {dag.py:3437} INFO - Setting next_dagrun for example_external_task_marker_parent to None, run_after=None
[2024-03-28T20:10:33.665+0000] {processor.py:175} INFO - Processing /usr/local/python/3.10.13/lib/python3.10/site-packages/airflow/example_dags/example_external_task_marker_dag.py took 0.205 seconds
