[2024-03-28T19:59:50.082+0000] {processor.py:153} INFO - Started process (PID=44517) to work on /usr/local/python/3.10.13/lib/python3.10/site-packages/airflow/example_dags/example_short_circuit_operator.py
[2024-03-28T19:59:50.083+0000] {processor.py:743} INFO - Processing file /usr/local/python/3.10.13/lib/python3.10/site-packages/airflow/example_dags/example_short_circuit_operator.py for tasks to queue
[2024-03-28T19:59:50.083+0000] {logging_mixin.py:137} INFO - [2024-03-28T19:59:50.083+0000] {dagbag.py:538} INFO - Filling up the DagBag from /usr/local/python/3.10.13/lib/python3.10/site-packages/airflow/example_dags/example_short_circuit_operator.py
[2024-03-28T19:59:50.096+0000] {processor.py:753} INFO - DAG(s) dict_keys(['example_short_circuit_operator']) retrieved from /usr/local/python/3.10.13/lib/python3.10/site-packages/airflow/example_dags/example_short_circuit_operator.py
[2024-03-28T19:59:50.254+0000] {logging_mixin.py:137} INFO - [2024-03-28T19:59:50.254+0000] {manager.py:504} INFO - Created Permission View: can read on DAG:example_short_circuit_operator
[2024-03-28T19:59:50.299+0000] {logging_mixin.py:137} INFO - [2024-03-28T19:59:50.298+0000] {manager.py:504} INFO - Created Permission View: can delete on DAG:example_short_circuit_operator
[2024-03-28T19:59:50.333+0000] {logging_mixin.py:137} INFO - [2024-03-28T19:59:50.333+0000] {manager.py:504} INFO - Created Permission View: can edit on DAG:example_short_circuit_operator
[2024-03-28T19:59:50.333+0000] {logging_mixin.py:137} INFO - [2024-03-28T19:59:50.333+0000] {dag.py:2690} INFO - Sync 1 DAGs
[2024-03-28T19:59:50.347+0000] {logging_mixin.py:137} INFO - [2024-03-28T19:59:50.346+0000] {dag.py:2711} INFO - Creating ORM DAG for example_short_circuit_operator
[2024-03-28T19:59:50.360+0000] {logging_mixin.py:137} INFO - [2024-03-28T19:59:50.360+0000] {dag.py:3437} INFO - Setting next_dagrun for example_short_circuit_operator to 2024-03-27T19:59:50.360412+00:00, run_after=2024-03-28T19:59:50.360412+00:00
[2024-03-28T19:59:50.410+0000] {processor.py:175} INFO - Processing /usr/local/python/3.10.13/lib/python3.10/site-packages/airflow/example_dags/example_short_circuit_operator.py took 0.330 seconds
[2024-03-28T20:00:37.885+0000] {processor.py:153} INFO - Started process (PID=44847) to work on /usr/local/python/3.10.13/lib/python3.10/site-packages/airflow/example_dags/example_short_circuit_operator.py
[2024-03-28T20:00:37.886+0000] {processor.py:743} INFO - Processing file /usr/local/python/3.10.13/lib/python3.10/site-packages/airflow/example_dags/example_short_circuit_operator.py for tasks to queue
[2024-03-28T20:00:37.886+0000] {logging_mixin.py:137} INFO - [2024-03-28T20:00:37.886+0000] {dagbag.py:538} INFO - Filling up the DagBag from /usr/local/python/3.10.13/lib/python3.10/site-packages/airflow/example_dags/example_short_circuit_operator.py
[2024-03-28T20:00:37.899+0000] {processor.py:753} INFO - DAG(s) dict_keys(['example_short_circuit_operator']) retrieved from /usr/local/python/3.10.13/lib/python3.10/site-packages/airflow/example_dags/example_short_circuit_operator.py
[2024-03-28T20:00:37.918+0000] {logging_mixin.py:137} INFO - [2024-03-28T20:00:37.917+0000] {dag.py:2690} INFO - Sync 1 DAGs
[2024-03-28T20:00:37.938+0000] {logging_mixin.py:137} INFO - [2024-03-28T20:00:37.938+0000] {dag.py:3437} INFO - Setting next_dagrun for example_short_circuit_operator to 2024-03-27T20:00:37.938228+00:00, run_after=2024-03-28T20:00:37.938228+00:00
[2024-03-28T20:00:37.988+0000] {processor.py:175} INFO - Processing /usr/local/python/3.10.13/lib/python3.10/site-packages/airflow/example_dags/example_short_circuit_operator.py took 0.105 seconds
[2024-03-28T20:01:17.434+0000] {processor.py:153} INFO - Started process (PID=45130) to work on /usr/local/python/3.10.13/lib/python3.10/site-packages/airflow/example_dags/example_short_circuit_operator.py
[2024-03-28T20:01:17.435+0000] {processor.py:743} INFO - Processing file /usr/local/python/3.10.13/lib/python3.10/site-packages/airflow/example_dags/example_short_circuit_operator.py for tasks to queue
[2024-03-28T20:01:17.436+0000] {logging_mixin.py:137} INFO - [2024-03-28T20:01:17.435+0000] {dagbag.py:538} INFO - Filling up the DagBag from /usr/local/python/3.10.13/lib/python3.10/site-packages/airflow/example_dags/example_short_circuit_operator.py
[2024-03-28T20:01:17.450+0000] {processor.py:753} INFO - DAG(s) dict_keys(['example_short_circuit_operator']) retrieved from /usr/local/python/3.10.13/lib/python3.10/site-packages/airflow/example_dags/example_short_circuit_operator.py
[2024-03-28T20:01:17.466+0000] {logging_mixin.py:137} INFO - [2024-03-28T20:01:17.465+0000] {dag.py:2690} INFO - Sync 1 DAGs
[2024-03-28T20:01:17.480+0000] {logging_mixin.py:137} INFO - [2024-03-28T20:01:17.480+0000] {dag.py:3437} INFO - Setting next_dagrun for example_short_circuit_operator to 2024-03-27T20:01:17.480666+00:00, run_after=2024-03-28T20:01:17.480666+00:00
[2024-03-28T20:01:17.523+0000] {processor.py:175} INFO - Processing /usr/local/python/3.10.13/lib/python3.10/site-packages/airflow/example_dags/example_short_circuit_operator.py took 0.091 seconds
[2024-03-28T20:01:57.048+0000] {processor.py:153} INFO - Started process (PID=45401) to work on /usr/local/python/3.10.13/lib/python3.10/site-packages/airflow/example_dags/example_short_circuit_operator.py
[2024-03-28T20:01:57.049+0000] {processor.py:743} INFO - Processing file /usr/local/python/3.10.13/lib/python3.10/site-packages/airflow/example_dags/example_short_circuit_operator.py for tasks to queue
[2024-03-28T20:01:57.049+0000] {logging_mixin.py:137} INFO - [2024-03-28T20:01:57.049+0000] {dagbag.py:538} INFO - Filling up the DagBag from /usr/local/python/3.10.13/lib/python3.10/site-packages/airflow/example_dags/example_short_circuit_operator.py
[2024-03-28T20:01:57.063+0000] {processor.py:753} INFO - DAG(s) dict_keys(['example_short_circuit_operator']) retrieved from /usr/local/python/3.10.13/lib/python3.10/site-packages/airflow/example_dags/example_short_circuit_operator.py
[2024-03-28T20:01:57.078+0000] {logging_mixin.py:137} INFO - [2024-03-28T20:01:57.078+0000] {dag.py:2690} INFO - Sync 1 DAGs
[2024-03-28T20:01:57.092+0000] {logging_mixin.py:137} INFO - [2024-03-28T20:01:57.092+0000] {dag.py:3437} INFO - Setting next_dagrun for example_short_circuit_operator to 2024-03-27T20:01:57.092493+00:00, run_after=2024-03-28T20:01:57.092493+00:00
[2024-03-28T20:01:57.137+0000] {processor.py:175} INFO - Processing /usr/local/python/3.10.13/lib/python3.10/site-packages/airflow/example_dags/example_short_circuit_operator.py took 0.091 seconds
[2024-03-28T20:02:36.592+0000] {processor.py:153} INFO - Started process (PID=45725) to work on /usr/local/python/3.10.13/lib/python3.10/site-packages/airflow/example_dags/example_short_circuit_operator.py
[2024-03-28T20:02:36.593+0000] {processor.py:743} INFO - Processing file /usr/local/python/3.10.13/lib/python3.10/site-packages/airflow/example_dags/example_short_circuit_operator.py for tasks to queue
[2024-03-28T20:02:36.593+0000] {logging_mixin.py:137} INFO - [2024-03-28T20:02:36.593+0000] {dagbag.py:538} INFO - Filling up the DagBag from /usr/local/python/3.10.13/lib/python3.10/site-packages/airflow/example_dags/example_short_circuit_operator.py
[2024-03-28T20:02:36.607+0000] {processor.py:753} INFO - DAG(s) dict_keys(['example_short_circuit_operator']) retrieved from /usr/local/python/3.10.13/lib/python3.10/site-packages/airflow/example_dags/example_short_circuit_operator.py
[2024-03-28T20:02:36.622+0000] {logging_mixin.py:137} INFO - [2024-03-28T20:02:36.622+0000] {dag.py:2690} INFO - Sync 1 DAGs
[2024-03-28T20:02:36.637+0000] {logging_mixin.py:137} INFO - [2024-03-28T20:02:36.637+0000] {dag.py:3437} INFO - Setting next_dagrun for example_short_circuit_operator to 2024-03-27T20:02:36.637706+00:00, run_after=2024-03-28T20:02:36.637706+00:00
[2024-03-28T20:02:36.681+0000] {processor.py:175} INFO - Processing /usr/local/python/3.10.13/lib/python3.10/site-packages/airflow/example_dags/example_short_circuit_operator.py took 0.091 seconds
[2024-03-28T20:03:16.561+0000] {processor.py:153} INFO - Started process (PID=46072) to work on /usr/local/python/3.10.13/lib/python3.10/site-packages/airflow/example_dags/example_short_circuit_operator.py
[2024-03-28T20:03:16.561+0000] {processor.py:743} INFO - Processing file /usr/local/python/3.10.13/lib/python3.10/site-packages/airflow/example_dags/example_short_circuit_operator.py for tasks to queue
[2024-03-28T20:03:16.562+0000] {logging_mixin.py:137} INFO - [2024-03-28T20:03:16.562+0000] {dagbag.py:538} INFO - Filling up the DagBag from /usr/local/python/3.10.13/lib/python3.10/site-packages/airflow/example_dags/example_short_circuit_operator.py
[2024-03-28T20:03:16.575+0000] {processor.py:753} INFO - DAG(s) dict_keys(['example_short_circuit_operator']) retrieved from /usr/local/python/3.10.13/lib/python3.10/site-packages/airflow/example_dags/example_short_circuit_operator.py
[2024-03-28T20:03:16.589+0000] {logging_mixin.py:137} INFO - [2024-03-28T20:03:16.589+0000] {dag.py:2690} INFO - Sync 1 DAGs
[2024-03-28T20:03:16.605+0000] {logging_mixin.py:137} INFO - [2024-03-28T20:03:16.604+0000] {dag.py:3437} INFO - Setting next_dagrun for example_short_circuit_operator to 2024-03-27T20:03:16.604807+00:00, run_after=2024-03-28T20:03:16.604807+00:00
[2024-03-28T20:03:16.650+0000] {processor.py:175} INFO - Processing /usr/local/python/3.10.13/lib/python3.10/site-packages/airflow/example_dags/example_short_circuit_operator.py took 0.091 seconds
[2024-03-28T20:03:53.155+0000] {processor.py:153} INFO - Started process (PID=46390) to work on /usr/local/python/3.10.13/lib/python3.10/site-packages/airflow/example_dags/example_short_circuit_operator.py
[2024-03-28T20:03:53.156+0000] {processor.py:743} INFO - Processing file /usr/local/python/3.10.13/lib/python3.10/site-packages/airflow/example_dags/example_short_circuit_operator.py for tasks to queue
[2024-03-28T20:03:53.156+0000] {logging_mixin.py:137} INFO - [2024-03-28T20:03:53.156+0000] {dagbag.py:538} INFO - Filling up the DagBag from /usr/local/python/3.10.13/lib/python3.10/site-packages/airflow/example_dags/example_short_circuit_operator.py
[2024-03-28T20:03:53.169+0000] {processor.py:753} INFO - DAG(s) dict_keys(['example_short_circuit_operator']) retrieved from /usr/local/python/3.10.13/lib/python3.10/site-packages/airflow/example_dags/example_short_circuit_operator.py
[2024-03-28T20:03:53.186+0000] {logging_mixin.py:137} INFO - [2024-03-28T20:03:53.186+0000] {dag.py:2690} INFO - Sync 1 DAGs
[2024-03-28T20:03:53.201+0000] {logging_mixin.py:137} INFO - [2024-03-28T20:03:53.201+0000] {dag.py:3437} INFO - Setting next_dagrun for example_short_circuit_operator to 2024-03-27T20:03:53.201396+00:00, run_after=2024-03-28T20:03:53.201396+00:00
[2024-03-28T20:03:53.245+0000] {processor.py:175} INFO - Processing /usr/local/python/3.10.13/lib/python3.10/site-packages/airflow/example_dags/example_short_circuit_operator.py took 0.092 seconds
[2024-03-28T20:04:30.532+0000] {processor.py:153} INFO - Started process (PID=46763) to work on /usr/local/python/3.10.13/lib/python3.10/site-packages/airflow/example_dags/example_short_circuit_operator.py
[2024-03-28T20:04:30.532+0000] {processor.py:743} INFO - Processing file /usr/local/python/3.10.13/lib/python3.10/site-packages/airflow/example_dags/example_short_circuit_operator.py for tasks to queue
[2024-03-28T20:04:30.533+0000] {logging_mixin.py:137} INFO - [2024-03-28T20:04:30.533+0000] {dagbag.py:538} INFO - Filling up the DagBag from /usr/local/python/3.10.13/lib/python3.10/site-packages/airflow/example_dags/example_short_circuit_operator.py
[2024-03-28T20:04:30.547+0000] {processor.py:753} INFO - DAG(s) dict_keys(['example_short_circuit_operator']) retrieved from /usr/local/python/3.10.13/lib/python3.10/site-packages/airflow/example_dags/example_short_circuit_operator.py
[2024-03-28T20:04:30.561+0000] {logging_mixin.py:137} INFO - [2024-03-28T20:04:30.561+0000] {dag.py:2690} INFO - Sync 1 DAGs
[2024-03-28T20:04:30.577+0000] {logging_mixin.py:137} INFO - [2024-03-28T20:04:30.577+0000] {dag.py:3437} INFO - Setting next_dagrun for example_short_circuit_operator to 2024-03-27T20:04:30.576873+00:00, run_after=2024-03-28T20:04:30.576873+00:00
[2024-03-28T20:04:30.622+0000] {processor.py:175} INFO - Processing /usr/local/python/3.10.13/lib/python3.10/site-packages/airflow/example_dags/example_short_circuit_operator.py took 0.093 seconds
[2024-03-28T20:05:08.724+0000] {processor.py:153} INFO - Started process (PID=47140) to work on /usr/local/python/3.10.13/lib/python3.10/site-packages/airflow/example_dags/example_short_circuit_operator.py
[2024-03-28T20:05:08.725+0000] {processor.py:743} INFO - Processing file /usr/local/python/3.10.13/lib/python3.10/site-packages/airflow/example_dags/example_short_circuit_operator.py for tasks to queue
[2024-03-28T20:05:08.725+0000] {logging_mixin.py:137} INFO - [2024-03-28T20:05:08.725+0000] {dagbag.py:538} INFO - Filling up the DagBag from /usr/local/python/3.10.13/lib/python3.10/site-packages/airflow/example_dags/example_short_circuit_operator.py
[2024-03-28T20:05:08.738+0000] {processor.py:753} INFO - DAG(s) dict_keys(['example_short_circuit_operator']) retrieved from /usr/local/python/3.10.13/lib/python3.10/site-packages/airflow/example_dags/example_short_circuit_operator.py
[2024-03-28T20:05:08.760+0000] {logging_mixin.py:137} INFO - [2024-03-28T20:05:08.760+0000] {dag.py:2690} INFO - Sync 1 DAGs
[2024-03-28T20:05:08.791+0000] {logging_mixin.py:137} INFO - [2024-03-28T20:05:08.791+0000] {dag.py:3437} INFO - Setting next_dagrun for example_short_circuit_operator to 2024-03-27T20:05:08.790895+00:00, run_after=2024-03-28T20:05:08.790895+00:00
[2024-03-28T20:05:08.841+0000] {processor.py:175} INFO - Processing /usr/local/python/3.10.13/lib/python3.10/site-packages/airflow/example_dags/example_short_circuit_operator.py took 0.119 seconds
[2024-03-28T20:05:49.041+0000] {processor.py:153} INFO - Started process (PID=47544) to work on /usr/local/python/3.10.13/lib/python3.10/site-packages/airflow/example_dags/example_short_circuit_operator.py
[2024-03-28T20:05:49.041+0000] {processor.py:743} INFO - Processing file /usr/local/python/3.10.13/lib/python3.10/site-packages/airflow/example_dags/example_short_circuit_operator.py for tasks to queue
[2024-03-28T20:05:49.042+0000] {logging_mixin.py:137} INFO - [2024-03-28T20:05:49.042+0000] {dagbag.py:538} INFO - Filling up the DagBag from /usr/local/python/3.10.13/lib/python3.10/site-packages/airflow/example_dags/example_short_circuit_operator.py
[2024-03-28T20:05:49.066+0000] {processor.py:753} INFO - DAG(s) dict_keys(['example_short_circuit_operator']) retrieved from /usr/local/python/3.10.13/lib/python3.10/site-packages/airflow/example_dags/example_short_circuit_operator.py
[2024-03-28T20:05:49.088+0000] {logging_mixin.py:137} INFO - [2024-03-28T20:05:49.088+0000] {dag.py:2690} INFO - Sync 1 DAGs
[2024-03-28T20:05:49.112+0000] {logging_mixin.py:137} INFO - [2024-03-28T20:05:49.112+0000] {dag.py:3437} INFO - Setting next_dagrun for example_short_circuit_operator to 2024-03-27T20:05:49.112356+00:00, run_after=2024-03-28T20:05:49.112356+00:00
[2024-03-28T20:05:49.176+0000] {processor.py:175} INFO - Processing /usr/local/python/3.10.13/lib/python3.10/site-packages/airflow/example_dags/example_short_circuit_operator.py took 0.138 seconds
[2024-03-28T20:06:32.432+0000] {processor.py:153} INFO - Started process (PID=47980) to work on /usr/local/python/3.10.13/lib/python3.10/site-packages/airflow/example_dags/example_short_circuit_operator.py
[2024-03-28T20:06:32.433+0000] {processor.py:743} INFO - Processing file /usr/local/python/3.10.13/lib/python3.10/site-packages/airflow/example_dags/example_short_circuit_operator.py for tasks to queue
[2024-03-28T20:06:32.433+0000] {logging_mixin.py:137} INFO - [2024-03-28T20:06:32.433+0000] {dagbag.py:538} INFO - Filling up the DagBag from /usr/local/python/3.10.13/lib/python3.10/site-packages/airflow/example_dags/example_short_circuit_operator.py
[2024-03-28T20:06:32.447+0000] {processor.py:753} INFO - DAG(s) dict_keys(['example_short_circuit_operator']) retrieved from /usr/local/python/3.10.13/lib/python3.10/site-packages/airflow/example_dags/example_short_circuit_operator.py
[2024-03-28T20:06:32.470+0000] {logging_mixin.py:137} INFO - [2024-03-28T20:06:32.469+0000] {dag.py:2690} INFO - Sync 1 DAGs
[2024-03-28T20:06:32.494+0000] {logging_mixin.py:137} INFO - [2024-03-28T20:06:32.494+0000] {dag.py:3437} INFO - Setting next_dagrun for example_short_circuit_operator to 2024-03-27T20:06:32.493619+00:00, run_after=2024-03-28T20:06:32.493619+00:00
[2024-03-28T20:06:32.544+0000] {processor.py:175} INFO - Processing /usr/local/python/3.10.13/lib/python3.10/site-packages/airflow/example_dags/example_short_circuit_operator.py took 0.114 seconds
[2024-03-28T20:07:14.538+0000] {processor.py:153} INFO - Started process (PID=48287) to work on /usr/local/python/3.10.13/lib/python3.10/site-packages/airflow/example_dags/example_short_circuit_operator.py
[2024-03-28T20:07:14.539+0000] {processor.py:743} INFO - Processing file /usr/local/python/3.10.13/lib/python3.10/site-packages/airflow/example_dags/example_short_circuit_operator.py for tasks to queue
[2024-03-28T20:07:14.540+0000] {logging_mixin.py:137} INFO - [2024-03-28T20:07:14.539+0000] {dagbag.py:538} INFO - Filling up the DagBag from /usr/local/python/3.10.13/lib/python3.10/site-packages/airflow/example_dags/example_short_circuit_operator.py
[2024-03-28T20:07:14.555+0000] {processor.py:753} INFO - DAG(s) dict_keys(['example_short_circuit_operator']) retrieved from /usr/local/python/3.10.13/lib/python3.10/site-packages/airflow/example_dags/example_short_circuit_operator.py
[2024-03-28T20:07:14.571+0000] {logging_mixin.py:137} INFO - [2024-03-28T20:07:14.570+0000] {dag.py:2690} INFO - Sync 1 DAGs
[2024-03-28T20:07:14.585+0000] {logging_mixin.py:137} INFO - [2024-03-28T20:07:14.585+0000] {dag.py:3437} INFO - Setting next_dagrun for example_short_circuit_operator to 2024-03-27T20:07:14.585632+00:00, run_after=2024-03-28T20:07:14.585632+00:00
[2024-03-28T20:07:14.745+0000] {processor.py:175} INFO - Processing /usr/local/python/3.10.13/lib/python3.10/site-packages/airflow/example_dags/example_short_circuit_operator.py took 0.210 seconds
[2024-03-28T20:07:59.799+0000] {processor.py:153} INFO - Started process (PID=48692) to work on /usr/local/python/3.10.13/lib/python3.10/site-packages/airflow/example_dags/example_short_circuit_operator.py
[2024-03-28T20:07:59.799+0000] {processor.py:743} INFO - Processing file /usr/local/python/3.10.13/lib/python3.10/site-packages/airflow/example_dags/example_short_circuit_operator.py for tasks to queue
[2024-03-28T20:07:59.800+0000] {logging_mixin.py:137} INFO - [2024-03-28T20:07:59.800+0000] {dagbag.py:538} INFO - Filling up the DagBag from /usr/local/python/3.10.13/lib/python3.10/site-packages/airflow/example_dags/example_short_circuit_operator.py
[2024-03-28T20:07:59.820+0000] {processor.py:753} INFO - DAG(s) dict_keys(['example_short_circuit_operator']) retrieved from /usr/local/python/3.10.13/lib/python3.10/site-packages/airflow/example_dags/example_short_circuit_operator.py
[2024-03-28T20:07:59.843+0000] {logging_mixin.py:137} INFO - [2024-03-28T20:07:59.843+0000] {dag.py:2690} INFO - Sync 1 DAGs
[2024-03-28T20:07:59.963+0000] {logging_mixin.py:137} INFO - [2024-03-28T20:07:59.963+0000] {dag.py:3437} INFO - Setting next_dagrun for example_short_circuit_operator to 2024-03-27T20:07:59.963574+00:00, run_after=2024-03-28T20:07:59.963574+00:00
[2024-03-28T20:08:00.016+0000] {processor.py:175} INFO - Processing /usr/local/python/3.10.13/lib/python3.10/site-packages/airflow/example_dags/example_short_circuit_operator.py took 0.221 seconds
[2024-03-28T20:08:47.588+0000] {processor.py:153} INFO - Started process (PID=49107) to work on /usr/local/python/3.10.13/lib/python3.10/site-packages/airflow/example_dags/example_short_circuit_operator.py
[2024-03-28T20:08:47.588+0000] {processor.py:743} INFO - Processing file /usr/local/python/3.10.13/lib/python3.10/site-packages/airflow/example_dags/example_short_circuit_operator.py for tasks to queue
[2024-03-28T20:08:47.589+0000] {logging_mixin.py:137} INFO - [2024-03-28T20:08:47.589+0000] {dagbag.py:538} INFO - Filling up the DagBag from /usr/local/python/3.10.13/lib/python3.10/site-packages/airflow/example_dags/example_short_circuit_operator.py
[2024-03-28T20:08:47.602+0000] {processor.py:753} INFO - DAG(s) dict_keys(['example_short_circuit_operator']) retrieved from /usr/local/python/3.10.13/lib/python3.10/site-packages/airflow/example_dags/example_short_circuit_operator.py
[2024-03-28T20:08:47.619+0000] {logging_mixin.py:137} INFO - [2024-03-28T20:08:47.619+0000] {dag.py:2690} INFO - Sync 1 DAGs
[2024-03-28T20:08:47.766+0000] {logging_mixin.py:137} INFO - [2024-03-28T20:08:47.766+0000] {dag.py:3437} INFO - Setting next_dagrun for example_short_circuit_operator to 2024-03-27T20:08:47.766097+00:00, run_after=2024-03-28T20:08:47.766097+00:00
[2024-03-28T20:08:47.812+0000] {processor.py:175} INFO - Processing /usr/local/python/3.10.13/lib/python3.10/site-packages/airflow/example_dags/example_short_circuit_operator.py took 0.227 seconds
[2024-03-28T20:09:33.312+0000] {processor.py:153} INFO - Started process (PID=49563) to work on /usr/local/python/3.10.13/lib/python3.10/site-packages/airflow/example_dags/example_short_circuit_operator.py
[2024-03-28T20:09:33.313+0000] {processor.py:743} INFO - Processing file /usr/local/python/3.10.13/lib/python3.10/site-packages/airflow/example_dags/example_short_circuit_operator.py for tasks to queue
[2024-03-28T20:09:33.313+0000] {logging_mixin.py:137} INFO - [2024-03-28T20:09:33.313+0000] {dagbag.py:538} INFO - Filling up the DagBag from /usr/local/python/3.10.13/lib/python3.10/site-packages/airflow/example_dags/example_short_circuit_operator.py
[2024-03-28T20:09:33.328+0000] {processor.py:753} INFO - DAG(s) dict_keys(['example_short_circuit_operator']) retrieved from /usr/local/python/3.10.13/lib/python3.10/site-packages/airflow/example_dags/example_short_circuit_operator.py
[2024-03-28T20:09:33.348+0000] {logging_mixin.py:137} INFO - [2024-03-28T20:09:33.348+0000] {dag.py:2690} INFO - Sync 1 DAGs
[2024-03-28T20:09:33.481+0000] {logging_mixin.py:137} INFO - [2024-03-28T20:09:33.481+0000] {dag.py:3437} INFO - Setting next_dagrun for example_short_circuit_operator to 2024-03-27T20:09:33.481186+00:00, run_after=2024-03-28T20:09:33.481186+00:00
[2024-03-28T20:09:33.547+0000] {processor.py:175} INFO - Processing /usr/local/python/3.10.13/lib/python3.10/site-packages/airflow/example_dags/example_short_circuit_operator.py took 0.237 seconds
[2024-03-28T20:10:17.536+0000] {processor.py:153} INFO - Started process (PID=49940) to work on /usr/local/python/3.10.13/lib/python3.10/site-packages/airflow/example_dags/example_short_circuit_operator.py
[2024-03-28T20:10:17.537+0000] {processor.py:743} INFO - Processing file /usr/local/python/3.10.13/lib/python3.10/site-packages/airflow/example_dags/example_short_circuit_operator.py for tasks to queue
[2024-03-28T20:10:17.537+0000] {logging_mixin.py:137} INFO - [2024-03-28T20:10:17.537+0000] {dagbag.py:538} INFO - Filling up the DagBag from /usr/local/python/3.10.13/lib/python3.10/site-packages/airflow/example_dags/example_short_circuit_operator.py
[2024-03-28T20:10:17.553+0000] {processor.py:753} INFO - DAG(s) dict_keys(['example_short_circuit_operator']) retrieved from /usr/local/python/3.10.13/lib/python3.10/site-packages/airflow/example_dags/example_short_circuit_operator.py
[2024-03-28T20:10:17.692+0000] {logging_mixin.py:137} INFO - [2024-03-28T20:10:17.692+0000] {dag.py:2690} INFO - Sync 1 DAGs
[2024-03-28T20:10:17.706+0000] {logging_mixin.py:137} INFO - [2024-03-28T20:10:17.706+0000] {dag.py:3437} INFO - Setting next_dagrun for example_short_circuit_operator to 2024-03-27T20:10:17.706627+00:00, run_after=2024-03-28T20:10:17.706627+00:00
[2024-03-28T20:10:17.752+0000] {processor.py:175} INFO - Processing /usr/local/python/3.10.13/lib/python3.10/site-packages/airflow/example_dags/example_short_circuit_operator.py took 0.218 seconds
[2024-03-28T20:10:58.491+0000] {processor.py:153} INFO - Started process (PID=50262) to work on /usr/local/python/3.10.13/lib/python3.10/site-packages/airflow/example_dags/example_short_circuit_operator.py
[2024-03-28T20:10:58.491+0000] {processor.py:743} INFO - Processing file /usr/local/python/3.10.13/lib/python3.10/site-packages/airflow/example_dags/example_short_circuit_operator.py for tasks to queue
[2024-03-28T20:10:58.492+0000] {logging_mixin.py:137} INFO - [2024-03-28T20:10:58.492+0000] {dagbag.py:538} INFO - Filling up the DagBag from /usr/local/python/3.10.13/lib/python3.10/site-packages/airflow/example_dags/example_short_circuit_operator.py
[2024-03-28T20:10:58.597+0000] {processor.py:753} INFO - DAG(s) dict_keys(['example_short_circuit_operator']) retrieved from /usr/local/python/3.10.13/lib/python3.10/site-packages/airflow/example_dags/example_short_circuit_operator.py
[2024-03-28T20:10:58.610+0000] {logging_mixin.py:137} INFO - [2024-03-28T20:10:58.610+0000] {dag.py:2690} INFO - Sync 1 DAGs
[2024-03-28T20:10:58.624+0000] {logging_mixin.py:137} INFO - [2024-03-28T20:10:58.624+0000] {dag.py:3437} INFO - Setting next_dagrun for example_short_circuit_operator to 2024-03-27T20:10:58.624099+00:00, run_after=2024-03-28T20:10:58.624099+00:00
[2024-03-28T20:10:58.671+0000] {processor.py:175} INFO - Processing /usr/local/python/3.10.13/lib/python3.10/site-packages/airflow/example_dags/example_short_circuit_operator.py took 0.183 seconds
