[2024-03-28T20:00:00.785+0000] {processor.py:153} INFO - Started process (PID=44615) to work on /usr/local/python/3.10.13/lib/python3.10/site-packages/airflow/example_dags/example_nested_branch_dag.py
[2024-03-28T20:00:00.786+0000] {processor.py:743} INFO - Processing file /usr/local/python/3.10.13/lib/python3.10/site-packages/airflow/example_dags/example_nested_branch_dag.py for tasks to queue
[2024-03-28T20:00:00.786+0000] {logging_mixin.py:137} INFO - [2024-03-28T20:00:00.786+0000] {dagbag.py:538} INFO - Filling up the DagBag from /usr/local/python/3.10.13/lib/python3.10/site-packages/airflow/example_dags/example_nested_branch_dag.py
[2024-03-28T20:00:00.809+0000] {processor.py:753} INFO - DAG(s) dict_keys(['example_nested_branch_dag']) retrieved from /usr/local/python/3.10.13/lib/python3.10/site-packages/airflow/example_dags/example_nested_branch_dag.py
[2024-03-28T20:00:00.959+0000] {logging_mixin.py:137} INFO - [2024-03-28T20:00:00.959+0000] {manager.py:504} INFO - Created Permission View: can read on DAG:example_nested_branch_dag
[2024-03-28T20:00:01.012+0000] {logging_mixin.py:137} INFO - [2024-03-28T20:00:01.011+0000] {manager.py:504} INFO - Created Permission View: can delete on DAG:example_nested_branch_dag
[2024-03-28T20:00:01.046+0000] {logging_mixin.py:137} INFO - [2024-03-28T20:00:01.046+0000] {manager.py:504} INFO - Created Permission View: can edit on DAG:example_nested_branch_dag
[2024-03-28T20:00:01.046+0000] {logging_mixin.py:137} INFO - [2024-03-28T20:00:01.046+0000] {dag.py:2690} INFO - Sync 1 DAGs
[2024-03-28T20:00:01.054+0000] {logging_mixin.py:137} INFO - [2024-03-28T20:00:01.054+0000] {dag.py:2711} INFO - Creating ORM DAG for example_nested_branch_dag
[2024-03-28T20:00:01.063+0000] {logging_mixin.py:137} INFO - [2024-03-28T20:00:01.063+0000] {dag.py:3437} INFO - Setting next_dagrun for example_nested_branch_dag to 2024-03-27T00:00:00+00:00, run_after=2024-03-28T00:00:00+00:00
[2024-03-28T20:00:01.127+0000] {processor.py:175} INFO - Processing /usr/local/python/3.10.13/lib/python3.10/site-packages/airflow/example_dags/example_nested_branch_dag.py took 0.344 seconds
[2024-03-28T20:00:46.611+0000] {processor.py:153} INFO - Started process (PID=44917) to work on /usr/local/python/3.10.13/lib/python3.10/site-packages/airflow/example_dags/example_nested_branch_dag.py
[2024-03-28T20:00:46.611+0000] {processor.py:743} INFO - Processing file /usr/local/python/3.10.13/lib/python3.10/site-packages/airflow/example_dags/example_nested_branch_dag.py for tasks to queue
[2024-03-28T20:00:46.612+0000] {logging_mixin.py:137} INFO - [2024-03-28T20:00:46.612+0000] {dagbag.py:538} INFO - Filling up the DagBag from /usr/local/python/3.10.13/lib/python3.10/site-packages/airflow/example_dags/example_nested_branch_dag.py
[2024-03-28T20:00:46.635+0000] {processor.py:753} INFO - DAG(s) dict_keys(['example_nested_branch_dag']) retrieved from /usr/local/python/3.10.13/lib/python3.10/site-packages/airflow/example_dags/example_nested_branch_dag.py
[2024-03-28T20:00:46.649+0000] {logging_mixin.py:137} INFO - [2024-03-28T20:00:46.649+0000] {dag.py:2690} INFO - Sync 1 DAGs
[2024-03-28T20:00:46.665+0000] {logging_mixin.py:137} INFO - [2024-03-28T20:00:46.665+0000] {dag.py:3437} INFO - Setting next_dagrun for example_nested_branch_dag to 2024-03-27T00:00:00+00:00, run_after=2024-03-28T00:00:00+00:00
[2024-03-28T20:00:46.709+0000] {processor.py:175} INFO - Processing /usr/local/python/3.10.13/lib/python3.10/site-packages/airflow/example_dags/example_nested_branch_dag.py took 0.100 seconds
[2024-03-28T20:01:26.759+0000] {processor.py:153} INFO - Started process (PID=45190) to work on /usr/local/python/3.10.13/lib/python3.10/site-packages/airflow/example_dags/example_nested_branch_dag.py
[2024-03-28T20:01:26.760+0000] {processor.py:743} INFO - Processing file /usr/local/python/3.10.13/lib/python3.10/site-packages/airflow/example_dags/example_nested_branch_dag.py for tasks to queue
[2024-03-28T20:01:26.760+0000] {logging_mixin.py:137} INFO - [2024-03-28T20:01:26.760+0000] {dagbag.py:538} INFO - Filling up the DagBag from /usr/local/python/3.10.13/lib/python3.10/site-packages/airflow/example_dags/example_nested_branch_dag.py
[2024-03-28T20:01:26.785+0000] {processor.py:753} INFO - DAG(s) dict_keys(['example_nested_branch_dag']) retrieved from /usr/local/python/3.10.13/lib/python3.10/site-packages/airflow/example_dags/example_nested_branch_dag.py
[2024-03-28T20:01:26.802+0000] {logging_mixin.py:137} INFO - [2024-03-28T20:01:26.802+0000] {dag.py:2690} INFO - Sync 1 DAGs
[2024-03-28T20:01:26.824+0000] {logging_mixin.py:137} INFO - [2024-03-28T20:01:26.824+0000] {dag.py:3437} INFO - Setting next_dagrun for example_nested_branch_dag to 2024-03-27T00:00:00+00:00, run_after=2024-03-28T00:00:00+00:00
[2024-03-28T20:01:26.867+0000] {processor.py:175} INFO - Processing /usr/local/python/3.10.13/lib/python3.10/site-packages/airflow/example_dags/example_nested_branch_dag.py took 0.109 seconds
[2024-03-28T20:02:06.303+0000] {processor.py:153} INFO - Started process (PID=45464) to work on /usr/local/python/3.10.13/lib/python3.10/site-packages/airflow/example_dags/example_nested_branch_dag.py
[2024-03-28T20:02:06.304+0000] {processor.py:743} INFO - Processing file /usr/local/python/3.10.13/lib/python3.10/site-packages/airflow/example_dags/example_nested_branch_dag.py for tasks to queue
[2024-03-28T20:02:06.304+0000] {logging_mixin.py:137} INFO - [2024-03-28T20:02:06.304+0000] {dagbag.py:538} INFO - Filling up the DagBag from /usr/local/python/3.10.13/lib/python3.10/site-packages/airflow/example_dags/example_nested_branch_dag.py
[2024-03-28T20:02:06.335+0000] {processor.py:753} INFO - DAG(s) dict_keys(['example_nested_branch_dag']) retrieved from /usr/local/python/3.10.13/lib/python3.10/site-packages/airflow/example_dags/example_nested_branch_dag.py
[2024-03-28T20:02:06.350+0000] {logging_mixin.py:137} INFO - [2024-03-28T20:02:06.350+0000] {dag.py:2690} INFO - Sync 1 DAGs
[2024-03-28T20:02:06.366+0000] {logging_mixin.py:137} INFO - [2024-03-28T20:02:06.366+0000] {dag.py:3437} INFO - Setting next_dagrun for example_nested_branch_dag to 2024-03-27T00:00:00+00:00, run_after=2024-03-28T00:00:00+00:00
[2024-03-28T20:02:06.413+0000] {processor.py:175} INFO - Processing /usr/local/python/3.10.13/lib/python3.10/site-packages/airflow/example_dags/example_nested_branch_dag.py took 0.112 seconds
[2024-03-28T20:02:46.570+0000] {processor.py:153} INFO - Started process (PID=45817) to work on /usr/local/python/3.10.13/lib/python3.10/site-packages/airflow/example_dags/example_nested_branch_dag.py
[2024-03-28T20:02:46.572+0000] {processor.py:743} INFO - Processing file /usr/local/python/3.10.13/lib/python3.10/site-packages/airflow/example_dags/example_nested_branch_dag.py for tasks to queue
[2024-03-28T20:02:46.573+0000] {logging_mixin.py:137} INFO - [2024-03-28T20:02:46.573+0000] {dagbag.py:538} INFO - Filling up the DagBag from /usr/local/python/3.10.13/lib/python3.10/site-packages/airflow/example_dags/example_nested_branch_dag.py
[2024-03-28T20:02:46.621+0000] {processor.py:753} INFO - DAG(s) dict_keys(['example_nested_branch_dag']) retrieved from /usr/local/python/3.10.13/lib/python3.10/site-packages/airflow/example_dags/example_nested_branch_dag.py
[2024-03-28T20:02:46.636+0000] {logging_mixin.py:137} INFO - [2024-03-28T20:02:46.636+0000] {dag.py:2690} INFO - Sync 1 DAGs
[2024-03-28T20:02:46.653+0000] {logging_mixin.py:137} INFO - [2024-03-28T20:02:46.653+0000] {dag.py:3437} INFO - Setting next_dagrun for example_nested_branch_dag to 2024-03-27T00:00:00+00:00, run_after=2024-03-28T00:00:00+00:00
[2024-03-28T20:02:46.698+0000] {processor.py:175} INFO - Processing /usr/local/python/3.10.13/lib/python3.10/site-packages/airflow/example_dags/example_nested_branch_dag.py took 0.131 seconds
[2024-03-28T20:03:25.757+0000] {processor.py:153} INFO - Started process (PID=46137) to work on /usr/local/python/3.10.13/lib/python3.10/site-packages/airflow/example_dags/example_nested_branch_dag.py
[2024-03-28T20:03:25.758+0000] {processor.py:743} INFO - Processing file /usr/local/python/3.10.13/lib/python3.10/site-packages/airflow/example_dags/example_nested_branch_dag.py for tasks to queue
[2024-03-28T20:03:25.758+0000] {logging_mixin.py:137} INFO - [2024-03-28T20:03:25.758+0000] {dagbag.py:538} INFO - Filling up the DagBag from /usr/local/python/3.10.13/lib/python3.10/site-packages/airflow/example_dags/example_nested_branch_dag.py
[2024-03-28T20:03:25.780+0000] {processor.py:753} INFO - DAG(s) dict_keys(['example_nested_branch_dag']) retrieved from /usr/local/python/3.10.13/lib/python3.10/site-packages/airflow/example_dags/example_nested_branch_dag.py
[2024-03-28T20:03:25.793+0000] {logging_mixin.py:137} INFO - [2024-03-28T20:03:25.793+0000] {dag.py:2690} INFO - Sync 1 DAGs
[2024-03-28T20:03:25.810+0000] {logging_mixin.py:137} INFO - [2024-03-28T20:03:25.810+0000] {dag.py:3437} INFO - Setting next_dagrun for example_nested_branch_dag to 2024-03-27T00:00:00+00:00, run_after=2024-03-28T00:00:00+00:00
[2024-03-28T20:03:25.857+0000] {processor.py:175} INFO - Processing /usr/local/python/3.10.13/lib/python3.10/site-packages/airflow/example_dags/example_nested_branch_dag.py took 0.103 seconds
[2024-03-28T20:04:04.526+0000] {processor.py:153} INFO - Started process (PID=46497) to work on /usr/local/python/3.10.13/lib/python3.10/site-packages/airflow/example_dags/example_nested_branch_dag.py
[2024-03-28T20:04:04.526+0000] {processor.py:743} INFO - Processing file /usr/local/python/3.10.13/lib/python3.10/site-packages/airflow/example_dags/example_nested_branch_dag.py for tasks to queue
[2024-03-28T20:04:04.527+0000] {logging_mixin.py:137} INFO - [2024-03-28T20:04:04.527+0000] {dagbag.py:538} INFO - Filling up the DagBag from /usr/local/python/3.10.13/lib/python3.10/site-packages/airflow/example_dags/example_nested_branch_dag.py
[2024-03-28T20:04:04.548+0000] {processor.py:753} INFO - DAG(s) dict_keys(['example_nested_branch_dag']) retrieved from /usr/local/python/3.10.13/lib/python3.10/site-packages/airflow/example_dags/example_nested_branch_dag.py
[2024-03-28T20:04:04.563+0000] {logging_mixin.py:137} INFO - [2024-03-28T20:04:04.563+0000] {dag.py:2690} INFO - Sync 1 DAGs
[2024-03-28T20:04:04.581+0000] {logging_mixin.py:137} INFO - [2024-03-28T20:04:04.580+0000] {dag.py:3437} INFO - Setting next_dagrun for example_nested_branch_dag to 2024-03-27T00:00:00+00:00, run_after=2024-03-28T00:00:00+00:00
[2024-03-28T20:04:04.630+0000] {processor.py:175} INFO - Processing /usr/local/python/3.10.13/lib/python3.10/site-packages/airflow/example_dags/example_nested_branch_dag.py took 0.106 seconds
[2024-03-28T20:04:41.457+0000] {processor.py:153} INFO - Started process (PID=46884) to work on /usr/local/python/3.10.13/lib/python3.10/site-packages/airflow/example_dags/example_nested_branch_dag.py
[2024-03-28T20:04:41.458+0000] {processor.py:743} INFO - Processing file /usr/local/python/3.10.13/lib/python3.10/site-packages/airflow/example_dags/example_nested_branch_dag.py for tasks to queue
[2024-03-28T20:04:41.458+0000] {logging_mixin.py:137} INFO - [2024-03-28T20:04:41.458+0000] {dagbag.py:538} INFO - Filling up the DagBag from /usr/local/python/3.10.13/lib/python3.10/site-packages/airflow/example_dags/example_nested_branch_dag.py
[2024-03-28T20:04:41.482+0000] {processor.py:753} INFO - DAG(s) dict_keys(['example_nested_branch_dag']) retrieved from /usr/local/python/3.10.13/lib/python3.10/site-packages/airflow/example_dags/example_nested_branch_dag.py
[2024-03-28T20:04:41.497+0000] {logging_mixin.py:137} INFO - [2024-03-28T20:04:41.496+0000] {dag.py:2690} INFO - Sync 1 DAGs
[2024-03-28T20:04:41.515+0000] {logging_mixin.py:137} INFO - [2024-03-28T20:04:41.515+0000] {dag.py:3437} INFO - Setting next_dagrun for example_nested_branch_dag to 2024-03-27T00:00:00+00:00, run_after=2024-03-28T00:00:00+00:00
[2024-03-28T20:04:41.562+0000] {processor.py:175} INFO - Processing /usr/local/python/3.10.13/lib/python3.10/site-packages/airflow/example_dags/example_nested_branch_dag.py took 0.107 seconds
[2024-03-28T20:05:19.167+0000] {processor.py:153} INFO - Started process (PID=47285) to work on /usr/local/python/3.10.13/lib/python3.10/site-packages/airflow/example_dags/example_nested_branch_dag.py
[2024-03-28T20:05:19.168+0000] {processor.py:743} INFO - Processing file /usr/local/python/3.10.13/lib/python3.10/site-packages/airflow/example_dags/example_nested_branch_dag.py for tasks to queue
[2024-03-28T20:05:19.168+0000] {logging_mixin.py:137} INFO - [2024-03-28T20:05:19.168+0000] {dagbag.py:538} INFO - Filling up the DagBag from /usr/local/python/3.10.13/lib/python3.10/site-packages/airflow/example_dags/example_nested_branch_dag.py
[2024-03-28T20:05:19.192+0000] {processor.py:753} INFO - DAG(s) dict_keys(['example_nested_branch_dag']) retrieved from /usr/local/python/3.10.13/lib/python3.10/site-packages/airflow/example_dags/example_nested_branch_dag.py
[2024-03-28T20:05:19.206+0000] {logging_mixin.py:137} INFO - [2024-03-28T20:05:19.206+0000] {dag.py:2690} INFO - Sync 1 DAGs
[2024-03-28T20:05:19.222+0000] {logging_mixin.py:137} INFO - [2024-03-28T20:05:19.222+0000] {dag.py:3437} INFO - Setting next_dagrun for example_nested_branch_dag to 2024-03-27T00:00:00+00:00, run_after=2024-03-28T00:00:00+00:00
[2024-03-28T20:05:19.267+0000] {processor.py:175} INFO - Processing /usr/local/python/3.10.13/lib/python3.10/site-packages/airflow/example_dags/example_nested_branch_dag.py took 0.103 seconds
[2024-03-28T20:06:01.072+0000] {processor.py:153} INFO - Started process (PID=47712) to work on /usr/local/python/3.10.13/lib/python3.10/site-packages/airflow/example_dags/example_nested_branch_dag.py
[2024-03-28T20:06:01.073+0000] {processor.py:743} INFO - Processing file /usr/local/python/3.10.13/lib/python3.10/site-packages/airflow/example_dags/example_nested_branch_dag.py for tasks to queue
[2024-03-28T20:06:01.073+0000] {logging_mixin.py:137} INFO - [2024-03-28T20:06:01.073+0000] {dagbag.py:538} INFO - Filling up the DagBag from /usr/local/python/3.10.13/lib/python3.10/site-packages/airflow/example_dags/example_nested_branch_dag.py
[2024-03-28T20:06:01.098+0000] {processor.py:753} INFO - DAG(s) dict_keys(['example_nested_branch_dag']) retrieved from /usr/local/python/3.10.13/lib/python3.10/site-packages/airflow/example_dags/example_nested_branch_dag.py
[2024-03-28T20:06:01.115+0000] {logging_mixin.py:137} INFO - [2024-03-28T20:06:01.115+0000] {dag.py:2690} INFO - Sync 1 DAGs
[2024-03-28T20:06:01.132+0000] {logging_mixin.py:137} INFO - [2024-03-28T20:06:01.131+0000] {dag.py:3437} INFO - Setting next_dagrun for example_nested_branch_dag to 2024-03-27T00:00:00+00:00, run_after=2024-03-28T00:00:00+00:00
[2024-03-28T20:06:01.177+0000] {processor.py:175} INFO - Processing /usr/local/python/3.10.13/lib/python3.10/site-packages/airflow/example_dags/example_nested_branch_dag.py took 0.107 seconds
[2024-03-28T20:06:46.784+0000] {processor.py:153} INFO - Started process (PID=48082) to work on /usr/local/python/3.10.13/lib/python3.10/site-packages/airflow/example_dags/example_nested_branch_dag.py
[2024-03-28T20:06:46.785+0000] {processor.py:743} INFO - Processing file /usr/local/python/3.10.13/lib/python3.10/site-packages/airflow/example_dags/example_nested_branch_dag.py for tasks to queue
[2024-03-28T20:06:46.785+0000] {logging_mixin.py:137} INFO - [2024-03-28T20:06:46.785+0000] {dagbag.py:538} INFO - Filling up the DagBag from /usr/local/python/3.10.13/lib/python3.10/site-packages/airflow/example_dags/example_nested_branch_dag.py
[2024-03-28T20:06:46.807+0000] {processor.py:753} INFO - DAG(s) dict_keys(['example_nested_branch_dag']) retrieved from /usr/local/python/3.10.13/lib/python3.10/site-packages/airflow/example_dags/example_nested_branch_dag.py
[2024-03-28T20:06:46.821+0000] {logging_mixin.py:137} INFO - [2024-03-28T20:06:46.821+0000] {dag.py:2690} INFO - Sync 1 DAGs
[2024-03-28T20:06:46.837+0000] {logging_mixin.py:137} INFO - [2024-03-28T20:06:46.837+0000] {dag.py:3437} INFO - Setting next_dagrun for example_nested_branch_dag to 2024-03-27T00:00:00+00:00, run_after=2024-03-28T00:00:00+00:00
[2024-03-28T20:06:46.981+0000] {processor.py:175} INFO - Processing /usr/local/python/3.10.13/lib/python3.10/site-packages/airflow/example_dags/example_nested_branch_dag.py took 0.199 seconds
[2024-03-28T20:07:30.275+0000] {processor.py:153} INFO - Started process (PID=48433) to work on /usr/local/python/3.10.13/lib/python3.10/site-packages/airflow/example_dags/example_nested_branch_dag.py
[2024-03-28T20:07:30.275+0000] {processor.py:743} INFO - Processing file /usr/local/python/3.10.13/lib/python3.10/site-packages/airflow/example_dags/example_nested_branch_dag.py for tasks to queue
[2024-03-28T20:07:30.276+0000] {logging_mixin.py:137} INFO - [2024-03-28T20:07:30.276+0000] {dagbag.py:538} INFO - Filling up the DagBag from /usr/local/python/3.10.13/lib/python3.10/site-packages/airflow/example_dags/example_nested_branch_dag.py
[2024-03-28T20:07:30.298+0000] {processor.py:753} INFO - DAG(s) dict_keys(['example_nested_branch_dag']) retrieved from /usr/local/python/3.10.13/lib/python3.10/site-packages/airflow/example_dags/example_nested_branch_dag.py
[2024-03-28T20:07:30.313+0000] {logging_mixin.py:137} INFO - [2024-03-28T20:07:30.313+0000] {dag.py:2690} INFO - Sync 1 DAGs
[2024-03-28T20:07:30.422+0000] {logging_mixin.py:137} INFO - [2024-03-28T20:07:30.422+0000] {dag.py:3437} INFO - Setting next_dagrun for example_nested_branch_dag to 2024-03-27T00:00:00+00:00, run_after=2024-03-28T00:00:00+00:00
[2024-03-28T20:07:30.467+0000] {processor.py:175} INFO - Processing /usr/local/python/3.10.13/lib/python3.10/site-packages/airflow/example_dags/example_nested_branch_dag.py took 0.194 seconds
[2024-03-28T20:08:14.885+0000] {processor.py:153} INFO - Started process (PID=48853) to work on /usr/local/python/3.10.13/lib/python3.10/site-packages/airflow/example_dags/example_nested_branch_dag.py
[2024-03-28T20:08:14.885+0000] {processor.py:743} INFO - Processing file /usr/local/python/3.10.13/lib/python3.10/site-packages/airflow/example_dags/example_nested_branch_dag.py for tasks to queue
[2024-03-28T20:08:14.886+0000] {logging_mixin.py:137} INFO - [2024-03-28T20:08:14.886+0000] {dagbag.py:538} INFO - Filling up the DagBag from /usr/local/python/3.10.13/lib/python3.10/site-packages/airflow/example_dags/example_nested_branch_dag.py
[2024-03-28T20:08:14.908+0000] {processor.py:753} INFO - DAG(s) dict_keys(['example_nested_branch_dag']) retrieved from /usr/local/python/3.10.13/lib/python3.10/site-packages/airflow/example_dags/example_nested_branch_dag.py
[2024-03-28T20:08:14.923+0000] {logging_mixin.py:137} INFO - [2024-03-28T20:08:14.923+0000] {dag.py:2690} INFO - Sync 1 DAGs
[2024-03-28T20:08:15.032+0000] {logging_mixin.py:137} INFO - [2024-03-28T20:08:15.032+0000] {dag.py:3437} INFO - Setting next_dagrun for example_nested_branch_dag to 2024-03-27T00:00:00+00:00, run_after=2024-03-28T00:00:00+00:00
[2024-03-28T20:08:15.075+0000] {processor.py:175} INFO - Processing /usr/local/python/3.10.13/lib/python3.10/site-packages/airflow/example_dags/example_nested_branch_dag.py took 0.193 seconds
[2024-03-28T20:09:02.841+0000] {processor.py:153} INFO - Started process (PID=49280) to work on /usr/local/python/3.10.13/lib/python3.10/site-packages/airflow/example_dags/example_nested_branch_dag.py
[2024-03-28T20:09:02.841+0000] {processor.py:743} INFO - Processing file /usr/local/python/3.10.13/lib/python3.10/site-packages/airflow/example_dags/example_nested_branch_dag.py for tasks to queue
[2024-03-28T20:09:02.842+0000] {logging_mixin.py:137} INFO - [2024-03-28T20:09:02.842+0000] {dagbag.py:538} INFO - Filling up the DagBag from /usr/local/python/3.10.13/lib/python3.10/site-packages/airflow/example_dags/example_nested_branch_dag.py
[2024-03-28T20:09:02.863+0000] {processor.py:753} INFO - DAG(s) dict_keys(['example_nested_branch_dag']) retrieved from /usr/local/python/3.10.13/lib/python3.10/site-packages/airflow/example_dags/example_nested_branch_dag.py
[2024-03-28T20:09:03.013+0000] {logging_mixin.py:137} INFO - [2024-03-28T20:09:03.013+0000] {dag.py:2690} INFO - Sync 1 DAGs
[2024-03-28T20:09:03.029+0000] {logging_mixin.py:137} INFO - [2024-03-28T20:09:03.029+0000] {dag.py:3437} INFO - Setting next_dagrun for example_nested_branch_dag to 2024-03-27T00:00:00+00:00, run_after=2024-03-28T00:00:00+00:00
[2024-03-28T20:09:03.072+0000] {processor.py:175} INFO - Processing /usr/local/python/3.10.13/lib/python3.10/site-packages/airflow/example_dags/example_nested_branch_dag.py took 0.234 seconds
[2024-03-28T20:09:47.245+0000] {processor.py:153} INFO - Started process (PID=49653) to work on /usr/local/python/3.10.13/lib/python3.10/site-packages/airflow/example_dags/example_nested_branch_dag.py
[2024-03-28T20:09:47.246+0000] {processor.py:743} INFO - Processing file /usr/local/python/3.10.13/lib/python3.10/site-packages/airflow/example_dags/example_nested_branch_dag.py for tasks to queue
[2024-03-28T20:09:47.246+0000] {logging_mixin.py:137} INFO - [2024-03-28T20:09:47.246+0000] {dagbag.py:538} INFO - Filling up the DagBag from /usr/local/python/3.10.13/lib/python3.10/site-packages/airflow/example_dags/example_nested_branch_dag.py
[2024-03-28T20:09:47.276+0000] {processor.py:753} INFO - DAG(s) dict_keys(['example_nested_branch_dag']) retrieved from /usr/local/python/3.10.13/lib/python3.10/site-packages/airflow/example_dags/example_nested_branch_dag.py
[2024-03-28T20:09:47.389+0000] {logging_mixin.py:137} INFO - [2024-03-28T20:09:47.389+0000] {dag.py:2690} INFO - Sync 1 DAGs
[2024-03-28T20:09:47.403+0000] {logging_mixin.py:137} INFO - [2024-03-28T20:09:47.403+0000] {dag.py:3437} INFO - Setting next_dagrun for example_nested_branch_dag to 2024-03-27T00:00:00+00:00, run_after=2024-03-28T00:00:00+00:00
[2024-03-28T20:09:47.476+0000] {processor.py:175} INFO - Processing /usr/local/python/3.10.13/lib/python3.10/site-packages/airflow/example_dags/example_nested_branch_dag.py took 0.233 seconds
[2024-03-28T20:10:30.915+0000] {processor.py:153} INFO - Started process (PID=50045) to work on /usr/local/python/3.10.13/lib/python3.10/site-packages/airflow/example_dags/example_nested_branch_dag.py
[2024-03-28T20:10:30.915+0000] {processor.py:743} INFO - Processing file /usr/local/python/3.10.13/lib/python3.10/site-packages/airflow/example_dags/example_nested_branch_dag.py for tasks to queue
[2024-03-28T20:10:30.916+0000] {logging_mixin.py:137} INFO - [2024-03-28T20:10:30.916+0000] {dagbag.py:538} INFO - Filling up the DagBag from /usr/local/python/3.10.13/lib/python3.10/site-packages/airflow/example_dags/example_nested_branch_dag.py
[2024-03-28T20:10:31.049+0000] {processor.py:753} INFO - DAG(s) dict_keys(['example_nested_branch_dag']) retrieved from /usr/local/python/3.10.13/lib/python3.10/site-packages/airflow/example_dags/example_nested_branch_dag.py
[2024-03-28T20:10:31.067+0000] {logging_mixin.py:137} INFO - [2024-03-28T20:10:31.067+0000] {dag.py:2690} INFO - Sync 1 DAGs
[2024-03-28T20:10:31.089+0000] {logging_mixin.py:137} INFO - [2024-03-28T20:10:31.089+0000] {dag.py:3437} INFO - Setting next_dagrun for example_nested_branch_dag to 2024-03-27T00:00:00+00:00, run_after=2024-03-28T00:00:00+00:00
[2024-03-28T20:10:31.139+0000] {processor.py:175} INFO - Processing /usr/local/python/3.10.13/lib/python3.10/site-packages/airflow/example_dags/example_nested_branch_dag.py took 0.227 seconds
