[2024-03-28T19:59:39.714+0000] {processor.py:153} INFO - Started process (PID=44455) to work on /usr/local/python/3.10.13/lib/python3.10/site-packages/airflow/example_dags/tutorial_taskflow_api.py
[2024-03-28T19:59:39.715+0000] {processor.py:743} INFO - Processing file /usr/local/python/3.10.13/lib/python3.10/site-packages/airflow/example_dags/tutorial_taskflow_api.py for tasks to queue
[2024-03-28T19:59:39.715+0000] {logging_mixin.py:137} INFO - [2024-03-28T19:59:39.715+0000] {dagbag.py:538} INFO - Filling up the DagBag from /usr/local/python/3.10.13/lib/python3.10/site-packages/airflow/example_dags/tutorial_taskflow_api.py
[2024-03-28T19:59:39.736+0000] {processor.py:753} INFO - DAG(s) dict_keys(['tutorial_taskflow_api']) retrieved from /usr/local/python/3.10.13/lib/python3.10/site-packages/airflow/example_dags/tutorial_taskflow_api.py
[2024-03-28T19:59:39.928+0000] {logging_mixin.py:137} INFO - [2024-03-28T19:59:39.928+0000] {manager.py:504} INFO - Created Permission View: can read on DAG:tutorial_taskflow_api
[2024-03-28T19:59:39.961+0000] {logging_mixin.py:137} INFO - [2024-03-28T19:59:39.961+0000] {manager.py:504} INFO - Created Permission View: can delete on DAG:tutorial_taskflow_api
[2024-03-28T19:59:40.001+0000] {logging_mixin.py:137} INFO - [2024-03-28T19:59:40.001+0000] {manager.py:504} INFO - Created Permission View: can edit on DAG:tutorial_taskflow_api
[2024-03-28T19:59:40.002+0000] {logging_mixin.py:137} INFO - [2024-03-28T19:59:40.002+0000] {dag.py:2690} INFO - Sync 1 DAGs
[2024-03-28T19:59:40.023+0000] {logging_mixin.py:137} INFO - [2024-03-28T19:59:40.022+0000] {dag.py:2711} INFO - Creating ORM DAG for tutorial_taskflow_api
[2024-03-28T19:59:40.042+0000] {logging_mixin.py:137} INFO - [2024-03-28T19:59:40.041+0000] {dag.py:3437} INFO - Setting next_dagrun for tutorial_taskflow_api to None, run_after=None
[2024-03-28T19:59:40.120+0000] {processor.py:175} INFO - Processing /usr/local/python/3.10.13/lib/python3.10/site-packages/airflow/example_dags/tutorial_taskflow_api.py took 0.408 seconds
[2024-03-28T20:00:28.404+0000] {processor.py:153} INFO - Started process (PID=44785) to work on /usr/local/python/3.10.13/lib/python3.10/site-packages/airflow/example_dags/tutorial_taskflow_api.py
[2024-03-28T20:00:28.405+0000] {processor.py:743} INFO - Processing file /usr/local/python/3.10.13/lib/python3.10/site-packages/airflow/example_dags/tutorial_taskflow_api.py for tasks to queue
[2024-03-28T20:00:28.405+0000] {logging_mixin.py:137} INFO - [2024-03-28T20:00:28.405+0000] {dagbag.py:538} INFO - Filling up the DagBag from /usr/local/python/3.10.13/lib/python3.10/site-packages/airflow/example_dags/tutorial_taskflow_api.py
[2024-03-28T20:00:28.424+0000] {processor.py:753} INFO - DAG(s) dict_keys(['tutorial_taskflow_api']) retrieved from /usr/local/python/3.10.13/lib/python3.10/site-packages/airflow/example_dags/tutorial_taskflow_api.py
[2024-03-28T20:00:28.438+0000] {logging_mixin.py:137} INFO - [2024-03-28T20:00:28.438+0000] {dag.py:2690} INFO - Sync 1 DAGs
[2024-03-28T20:00:28.453+0000] {logging_mixin.py:137} INFO - [2024-03-28T20:00:28.453+0000] {dag.py:3437} INFO - Setting next_dagrun for tutorial_taskflow_api to None, run_after=None
[2024-03-28T20:00:28.494+0000] {processor.py:175} INFO - Processing /usr/local/python/3.10.13/lib/python3.10/site-packages/airflow/example_dags/tutorial_taskflow_api.py took 0.092 seconds
[2024-03-28T20:01:08.182+0000] {processor.py:153} INFO - Started process (PID=45060) to work on /usr/local/python/3.10.13/lib/python3.10/site-packages/airflow/example_dags/tutorial_taskflow_api.py
[2024-03-28T20:01:08.182+0000] {processor.py:743} INFO - Processing file /usr/local/python/3.10.13/lib/python3.10/site-packages/airflow/example_dags/tutorial_taskflow_api.py for tasks to queue
[2024-03-28T20:01:08.183+0000] {logging_mixin.py:137} INFO - [2024-03-28T20:01:08.183+0000] {dagbag.py:538} INFO - Filling up the DagBag from /usr/local/python/3.10.13/lib/python3.10/site-packages/airflow/example_dags/tutorial_taskflow_api.py
[2024-03-28T20:01:08.203+0000] {processor.py:753} INFO - DAG(s) dict_keys(['tutorial_taskflow_api']) retrieved from /usr/local/python/3.10.13/lib/python3.10/site-packages/airflow/example_dags/tutorial_taskflow_api.py
[2024-03-28T20:01:08.217+0000] {logging_mixin.py:137} INFO - [2024-03-28T20:01:08.217+0000] {dag.py:2690} INFO - Sync 1 DAGs
[2024-03-28T20:01:08.231+0000] {logging_mixin.py:137} INFO - [2024-03-28T20:01:08.231+0000] {dag.py:3437} INFO - Setting next_dagrun for tutorial_taskflow_api to None, run_after=None
[2024-03-28T20:01:08.272+0000] {processor.py:175} INFO - Processing /usr/local/python/3.10.13/lib/python3.10/site-packages/airflow/example_dags/tutorial_taskflow_api.py took 0.092 seconds
[2024-03-28T20:01:39.483+0000] {processor.py:153} INFO - Started process (PID=45275) to work on /usr/local/python/3.10.13/lib/python3.10/site-packages/airflow/example_dags/tutorial_taskflow_api.py
[2024-03-28T20:01:39.484+0000] {processor.py:743} INFO - Processing file /usr/local/python/3.10.13/lib/python3.10/site-packages/airflow/example_dags/tutorial_taskflow_api.py for tasks to queue
[2024-03-28T20:01:39.484+0000] {logging_mixin.py:137} INFO - [2024-03-28T20:01:39.484+0000] {dagbag.py:538} INFO - Filling up the DagBag from /usr/local/python/3.10.13/lib/python3.10/site-packages/airflow/example_dags/tutorial_taskflow_api.py
[2024-03-28T20:01:39.517+0000] {processor.py:753} INFO - DAG(s) dict_keys(['tutorial_taskflow_api']) retrieved from /usr/local/python/3.10.13/lib/python3.10/site-packages/airflow/example_dags/tutorial_taskflow_api.py
[2024-03-28T20:01:39.548+0000] {logging_mixin.py:137} INFO - [2024-03-28T20:01:39.548+0000] {dag.py:2690} INFO - Sync 1 DAGs
[2024-03-28T20:01:39.565+0000] {logging_mixin.py:137} INFO - [2024-03-28T20:01:39.565+0000] {dag.py:3437} INFO - Setting next_dagrun for tutorial_taskflow_api to None, run_after=None
[2024-03-28T20:01:39.608+0000] {processor.py:175} INFO - Processing /usr/local/python/3.10.13/lib/python3.10/site-packages/airflow/example_dags/tutorial_taskflow_api.py took 0.127 seconds
[2024-03-28T20:02:11.568+0000] {processor.py:153} INFO - Started process (PID=45488) to work on /usr/local/python/3.10.13/lib/python3.10/site-packages/airflow/example_dags/tutorial_taskflow_api.py
[2024-03-28T20:02:11.569+0000] {processor.py:743} INFO - Processing file /usr/local/python/3.10.13/lib/python3.10/site-packages/airflow/example_dags/tutorial_taskflow_api.py for tasks to queue
[2024-03-28T20:02:11.569+0000] {logging_mixin.py:137} INFO - [2024-03-28T20:02:11.569+0000] {dagbag.py:538} INFO - Filling up the DagBag from /usr/local/python/3.10.13/lib/python3.10/site-packages/airflow/example_dags/tutorial_taskflow_api.py
[2024-03-28T20:02:11.589+0000] {processor.py:753} INFO - DAG(s) dict_keys(['tutorial_taskflow_api']) retrieved from /usr/local/python/3.10.13/lib/python3.10/site-packages/airflow/example_dags/tutorial_taskflow_api.py
[2024-03-28T20:02:11.602+0000] {logging_mixin.py:137} INFO - [2024-03-28T20:02:11.602+0000] {dag.py:2690} INFO - Sync 1 DAGs
[2024-03-28T20:02:11.617+0000] {logging_mixin.py:137} INFO - [2024-03-28T20:02:11.617+0000] {dag.py:3437} INFO - Setting next_dagrun for tutorial_taskflow_api to None, run_after=None
[2024-03-28T20:02:11.659+0000] {processor.py:175} INFO - Processing /usr/local/python/3.10.13/lib/python3.10/site-packages/airflow/example_dags/tutorial_taskflow_api.py took 0.093 seconds
[2024-03-28T20:02:50.871+0000] {processor.py:153} INFO - Started process (PID=45856) to work on /usr/local/python/3.10.13/lib/python3.10/site-packages/airflow/example_dags/tutorial_taskflow_api.py
[2024-03-28T20:02:50.872+0000] {processor.py:743} INFO - Processing file /usr/local/python/3.10.13/lib/python3.10/site-packages/airflow/example_dags/tutorial_taskflow_api.py for tasks to queue
[2024-03-28T20:02:50.872+0000] {logging_mixin.py:137} INFO - [2024-03-28T20:02:50.872+0000] {dagbag.py:538} INFO - Filling up the DagBag from /usr/local/python/3.10.13/lib/python3.10/site-packages/airflow/example_dags/tutorial_taskflow_api.py
[2024-03-28T20:02:50.891+0000] {processor.py:753} INFO - DAG(s) dict_keys(['tutorial_taskflow_api']) retrieved from /usr/local/python/3.10.13/lib/python3.10/site-packages/airflow/example_dags/tutorial_taskflow_api.py
[2024-03-28T20:02:50.911+0000] {logging_mixin.py:137} INFO - [2024-03-28T20:02:50.911+0000] {dag.py:2690} INFO - Sync 1 DAGs
[2024-03-28T20:02:50.929+0000] {logging_mixin.py:137} INFO - [2024-03-28T20:02:50.928+0000] {dag.py:3437} INFO - Setting next_dagrun for tutorial_taskflow_api to None, run_after=None
[2024-03-28T20:02:50.972+0000] {processor.py:175} INFO - Processing /usr/local/python/3.10.13/lib/python3.10/site-packages/airflow/example_dags/tutorial_taskflow_api.py took 0.103 seconds
[2024-03-28T20:03:31.329+0000] {processor.py:153} INFO - Started process (PID=46166) to work on /usr/local/python/3.10.13/lib/python3.10/site-packages/airflow/example_dags/tutorial_taskflow_api.py
[2024-03-28T20:03:31.329+0000] {processor.py:743} INFO - Processing file /usr/local/python/3.10.13/lib/python3.10/site-packages/airflow/example_dags/tutorial_taskflow_api.py for tasks to queue
[2024-03-28T20:03:31.330+0000] {logging_mixin.py:137} INFO - [2024-03-28T20:03:31.330+0000] {dagbag.py:538} INFO - Filling up the DagBag from /usr/local/python/3.10.13/lib/python3.10/site-packages/airflow/example_dags/tutorial_taskflow_api.py
[2024-03-28T20:03:31.349+0000] {processor.py:753} INFO - DAG(s) dict_keys(['tutorial_taskflow_api']) retrieved from /usr/local/python/3.10.13/lib/python3.10/site-packages/airflow/example_dags/tutorial_taskflow_api.py
[2024-03-28T20:03:31.362+0000] {logging_mixin.py:137} INFO - [2024-03-28T20:03:31.362+0000] {dag.py:2690} INFO - Sync 1 DAGs
[2024-03-28T20:03:31.377+0000] {logging_mixin.py:137} INFO - [2024-03-28T20:03:31.377+0000] {dag.py:3437} INFO - Setting next_dagrun for tutorial_taskflow_api to None, run_after=None
[2024-03-28T20:03:31.419+0000] {processor.py:175} INFO - Processing /usr/local/python/3.10.13/lib/python3.10/site-packages/airflow/example_dags/tutorial_taskflow_api.py took 0.093 seconds
[2024-03-28T20:04:06.431+0000] {processor.py:153} INFO - Started process (PID=46531) to work on /usr/local/python/3.10.13/lib/python3.10/site-packages/airflow/example_dags/tutorial_taskflow_api.py
[2024-03-28T20:04:06.431+0000] {processor.py:743} INFO - Processing file /usr/local/python/3.10.13/lib/python3.10/site-packages/airflow/example_dags/tutorial_taskflow_api.py for tasks to queue
[2024-03-28T20:04:06.432+0000] {logging_mixin.py:137} INFO - [2024-03-28T20:04:06.432+0000] {dagbag.py:538} INFO - Filling up the DagBag from /usr/local/python/3.10.13/lib/python3.10/site-packages/airflow/example_dags/tutorial_taskflow_api.py
[2024-03-28T20:04:06.452+0000] {processor.py:753} INFO - DAG(s) dict_keys(['tutorial_taskflow_api']) retrieved from /usr/local/python/3.10.13/lib/python3.10/site-packages/airflow/example_dags/tutorial_taskflow_api.py
[2024-03-28T20:04:06.467+0000] {logging_mixin.py:137} INFO - [2024-03-28T20:04:06.466+0000] {dag.py:2690} INFO - Sync 1 DAGs
[2024-03-28T20:04:06.481+0000] {logging_mixin.py:137} INFO - [2024-03-28T20:04:06.481+0000] {dag.py:3437} INFO - Setting next_dagrun for tutorial_taskflow_api to None, run_after=None
[2024-03-28T20:04:06.526+0000] {processor.py:175} INFO - Processing /usr/local/python/3.10.13/lib/python3.10/site-packages/airflow/example_dags/tutorial_taskflow_api.py took 0.097 seconds
[2024-03-28T20:04:45.198+0000] {processor.py:153} INFO - Started process (PID=46905) to work on /usr/local/python/3.10.13/lib/python3.10/site-packages/airflow/example_dags/tutorial_taskflow_api.py
[2024-03-28T20:04:45.199+0000] {processor.py:743} INFO - Processing file /usr/local/python/3.10.13/lib/python3.10/site-packages/airflow/example_dags/tutorial_taskflow_api.py for tasks to queue
[2024-03-28T20:04:45.199+0000] {logging_mixin.py:137} INFO - [2024-03-28T20:04:45.199+0000] {dagbag.py:538} INFO - Filling up the DagBag from /usr/local/python/3.10.13/lib/python3.10/site-packages/airflow/example_dags/tutorial_taskflow_api.py
[2024-03-28T20:04:45.218+0000] {processor.py:753} INFO - DAG(s) dict_keys(['tutorial_taskflow_api']) retrieved from /usr/local/python/3.10.13/lib/python3.10/site-packages/airflow/example_dags/tutorial_taskflow_api.py
[2024-03-28T20:04:45.232+0000] {logging_mixin.py:137} INFO - [2024-03-28T20:04:45.232+0000] {dag.py:2690} INFO - Sync 1 DAGs
[2024-03-28T20:04:45.248+0000] {logging_mixin.py:137} INFO - [2024-03-28T20:04:45.248+0000] {dag.py:3437} INFO - Setting next_dagrun for tutorial_taskflow_api to None, run_after=None
[2024-03-28T20:04:45.294+0000] {processor.py:175} INFO - Processing /usr/local/python/3.10.13/lib/python3.10/site-packages/airflow/example_dags/tutorial_taskflow_api.py took 0.098 seconds
[2024-03-28T20:05:23.674+0000] {processor.py:153} INFO - Started process (PID=47312) to work on /usr/local/python/3.10.13/lib/python3.10/site-packages/airflow/example_dags/tutorial_taskflow_api.py
[2024-03-28T20:05:23.674+0000] {processor.py:743} INFO - Processing file /usr/local/python/3.10.13/lib/python3.10/site-packages/airflow/example_dags/tutorial_taskflow_api.py for tasks to queue
[2024-03-28T20:05:23.675+0000] {logging_mixin.py:137} INFO - [2024-03-28T20:05:23.674+0000] {dagbag.py:538} INFO - Filling up the DagBag from /usr/local/python/3.10.13/lib/python3.10/site-packages/airflow/example_dags/tutorial_taskflow_api.py
[2024-03-28T20:05:23.693+0000] {processor.py:753} INFO - DAG(s) dict_keys(['tutorial_taskflow_api']) retrieved from /usr/local/python/3.10.13/lib/python3.10/site-packages/airflow/example_dags/tutorial_taskflow_api.py
[2024-03-28T20:05:23.707+0000] {logging_mixin.py:137} INFO - [2024-03-28T20:05:23.707+0000] {dag.py:2690} INFO - Sync 1 DAGs
[2024-03-28T20:05:23.721+0000] {logging_mixin.py:137} INFO - [2024-03-28T20:05:23.721+0000] {dag.py:3437} INFO - Setting next_dagrun for tutorial_taskflow_api to None, run_after=None
[2024-03-28T20:05:23.769+0000] {processor.py:175} INFO - Processing /usr/local/python/3.10.13/lib/python3.10/site-packages/airflow/example_dags/tutorial_taskflow_api.py took 0.097 seconds
[2024-03-28T20:05:55.798+0000] {processor.py:153} INFO - Started process (PID=47627) to work on /usr/local/python/3.10.13/lib/python3.10/site-packages/airflow/example_dags/tutorial_taskflow_api.py
[2024-03-28T20:05:55.798+0000] {processor.py:743} INFO - Processing file /usr/local/python/3.10.13/lib/python3.10/site-packages/airflow/example_dags/tutorial_taskflow_api.py for tasks to queue
[2024-03-28T20:05:55.799+0000] {logging_mixin.py:137} INFO - [2024-03-28T20:05:55.799+0000] {dagbag.py:538} INFO - Filling up the DagBag from /usr/local/python/3.10.13/lib/python3.10/site-packages/airflow/example_dags/tutorial_taskflow_api.py
[2024-03-28T20:05:55.818+0000] {processor.py:753} INFO - DAG(s) dict_keys(['tutorial_taskflow_api']) retrieved from /usr/local/python/3.10.13/lib/python3.10/site-packages/airflow/example_dags/tutorial_taskflow_api.py
[2024-03-28T20:05:55.831+0000] {logging_mixin.py:137} INFO - [2024-03-28T20:05:55.831+0000] {dag.py:2690} INFO - Sync 1 DAGs
[2024-03-28T20:05:55.846+0000] {logging_mixin.py:137} INFO - [2024-03-28T20:05:55.846+0000] {dag.py:3437} INFO - Setting next_dagrun for tutorial_taskflow_api to None, run_after=None
[2024-03-28T20:05:55.894+0000] {processor.py:175} INFO - Processing /usr/local/python/3.10.13/lib/python3.10/site-packages/airflow/example_dags/tutorial_taskflow_api.py took 0.099 seconds
[2024-03-28T20:06:28.504+0000] {processor.py:153} INFO - Started process (PID=47964) to work on /usr/local/python/3.10.13/lib/python3.10/site-packages/airflow/example_dags/tutorial_taskflow_api.py
[2024-03-28T20:06:28.505+0000] {processor.py:743} INFO - Processing file /usr/local/python/3.10.13/lib/python3.10/site-packages/airflow/example_dags/tutorial_taskflow_api.py for tasks to queue
[2024-03-28T20:06:28.505+0000] {logging_mixin.py:137} INFO - [2024-03-28T20:06:28.505+0000] {dagbag.py:538} INFO - Filling up the DagBag from /usr/local/python/3.10.13/lib/python3.10/site-packages/airflow/example_dags/tutorial_taskflow_api.py
[2024-03-28T20:06:28.530+0000] {processor.py:753} INFO - DAG(s) dict_keys(['tutorial_taskflow_api']) retrieved from /usr/local/python/3.10.13/lib/python3.10/site-packages/airflow/example_dags/tutorial_taskflow_api.py
[2024-03-28T20:06:28.550+0000] {logging_mixin.py:137} INFO - [2024-03-28T20:06:28.550+0000] {dag.py:2690} INFO - Sync 1 DAGs
[2024-03-28T20:06:28.569+0000] {logging_mixin.py:137} INFO - [2024-03-28T20:06:28.568+0000] {dag.py:3437} INFO - Setting next_dagrun for tutorial_taskflow_api to None, run_after=None
[2024-03-28T20:06:28.710+0000] {processor.py:175} INFO - Processing /usr/local/python/3.10.13/lib/python3.10/site-packages/airflow/example_dags/tutorial_taskflow_api.py took 0.209 seconds
[2024-03-28T20:07:10.630+0000] {processor.py:153} INFO - Started process (PID=48271) to work on /usr/local/python/3.10.13/lib/python3.10/site-packages/airflow/example_dags/tutorial_taskflow_api.py
[2024-03-28T20:07:10.630+0000] {processor.py:743} INFO - Processing file /usr/local/python/3.10.13/lib/python3.10/site-packages/airflow/example_dags/tutorial_taskflow_api.py for tasks to queue
[2024-03-28T20:07:10.631+0000] {logging_mixin.py:137} INFO - [2024-03-28T20:07:10.631+0000] {dagbag.py:538} INFO - Filling up the DagBag from /usr/local/python/3.10.13/lib/python3.10/site-packages/airflow/example_dags/tutorial_taskflow_api.py
[2024-03-28T20:07:10.659+0000] {processor.py:753} INFO - DAG(s) dict_keys(['tutorial_taskflow_api']) retrieved from /usr/local/python/3.10.13/lib/python3.10/site-packages/airflow/example_dags/tutorial_taskflow_api.py
[2024-03-28T20:07:10.680+0000] {logging_mixin.py:137} INFO - [2024-03-28T20:07:10.680+0000] {dag.py:2690} INFO - Sync 1 DAGs
[2024-03-28T20:07:10.704+0000] {logging_mixin.py:137} INFO - [2024-03-28T20:07:10.704+0000] {dag.py:3437} INFO - Setting next_dagrun for tutorial_taskflow_api to None, run_after=None
[2024-03-28T20:07:10.874+0000] {processor.py:175} INFO - Processing /usr/local/python/3.10.13/lib/python3.10/site-packages/airflow/example_dags/tutorial_taskflow_api.py took 0.248 seconds
[2024-03-28T20:07:56.566+0000] {processor.py:153} INFO - Started process (PID=48642) to work on /usr/local/python/3.10.13/lib/python3.10/site-packages/airflow/example_dags/tutorial_taskflow_api.py
[2024-03-28T20:07:56.566+0000] {processor.py:743} INFO - Processing file /usr/local/python/3.10.13/lib/python3.10/site-packages/airflow/example_dags/tutorial_taskflow_api.py for tasks to queue
[2024-03-28T20:07:56.567+0000] {logging_mixin.py:137} INFO - [2024-03-28T20:07:56.567+0000] {dagbag.py:538} INFO - Filling up the DagBag from /usr/local/python/3.10.13/lib/python3.10/site-packages/airflow/example_dags/tutorial_taskflow_api.py
[2024-03-28T20:07:56.586+0000] {processor.py:753} INFO - DAG(s) dict_keys(['tutorial_taskflow_api']) retrieved from /usr/local/python/3.10.13/lib/python3.10/site-packages/airflow/example_dags/tutorial_taskflow_api.py
[2024-03-28T20:07:56.600+0000] {logging_mixin.py:137} INFO - [2024-03-28T20:07:56.600+0000] {dag.py:2690} INFO - Sync 1 DAGs
[2024-03-28T20:07:56.711+0000] {logging_mixin.py:137} INFO - [2024-03-28T20:07:56.710+0000] {dag.py:3437} INFO - Setting next_dagrun for tutorial_taskflow_api to None, run_after=None
[2024-03-28T20:07:56.758+0000] {processor.py:175} INFO - Processing /usr/local/python/3.10.13/lib/python3.10/site-packages/airflow/example_dags/tutorial_taskflow_api.py took 0.194 seconds
[2024-03-28T20:08:41.170+0000] {processor.py:153} INFO - Started process (PID=49067) to work on /usr/local/python/3.10.13/lib/python3.10/site-packages/airflow/example_dags/tutorial_taskflow_api.py
[2024-03-28T20:08:41.171+0000] {processor.py:743} INFO - Processing file /usr/local/python/3.10.13/lib/python3.10/site-packages/airflow/example_dags/tutorial_taskflow_api.py for tasks to queue
[2024-03-28T20:08:41.171+0000] {logging_mixin.py:137} INFO - [2024-03-28T20:08:41.171+0000] {dagbag.py:538} INFO - Filling up the DagBag from /usr/local/python/3.10.13/lib/python3.10/site-packages/airflow/example_dags/tutorial_taskflow_api.py
[2024-03-28T20:08:41.190+0000] {processor.py:753} INFO - DAG(s) dict_keys(['tutorial_taskflow_api']) retrieved from /usr/local/python/3.10.13/lib/python3.10/site-packages/airflow/example_dags/tutorial_taskflow_api.py
[2024-03-28T20:08:41.204+0000] {logging_mixin.py:137} INFO - [2024-03-28T20:08:41.204+0000] {dag.py:2690} INFO - Sync 1 DAGs
[2024-03-28T20:08:41.335+0000] {logging_mixin.py:137} INFO - [2024-03-28T20:08:41.335+0000] {dag.py:3437} INFO - Setting next_dagrun for tutorial_taskflow_api to None, run_after=None
[2024-03-28T20:08:41.390+0000] {processor.py:175} INFO - Processing /usr/local/python/3.10.13/lib/python3.10/site-packages/airflow/example_dags/tutorial_taskflow_api.py took 0.222 seconds
[2024-03-28T20:09:26.592+0000] {processor.py:153} INFO - Started process (PID=49505) to work on /usr/local/python/3.10.13/lib/python3.10/site-packages/airflow/example_dags/tutorial_taskflow_api.py
[2024-03-28T20:09:26.593+0000] {processor.py:743} INFO - Processing file /usr/local/python/3.10.13/lib/python3.10/site-packages/airflow/example_dags/tutorial_taskflow_api.py for tasks to queue
[2024-03-28T20:09:26.593+0000] {logging_mixin.py:137} INFO - [2024-03-28T20:09:26.593+0000] {dagbag.py:538} INFO - Filling up the DagBag from /usr/local/python/3.10.13/lib/python3.10/site-packages/airflow/example_dags/tutorial_taskflow_api.py
[2024-03-28T20:09:26.614+0000] {processor.py:753} INFO - DAG(s) dict_keys(['tutorial_taskflow_api']) retrieved from /usr/local/python/3.10.13/lib/python3.10/site-packages/airflow/example_dags/tutorial_taskflow_api.py
[2024-03-28T20:09:26.723+0000] {logging_mixin.py:137} INFO - [2024-03-28T20:09:26.723+0000] {dag.py:2690} INFO - Sync 1 DAGs
[2024-03-28T20:09:26.737+0000] {logging_mixin.py:137} INFO - [2024-03-28T20:09:26.737+0000] {dag.py:3437} INFO - Setting next_dagrun for tutorial_taskflow_api to None, run_after=None
[2024-03-28T20:09:26.787+0000] {processor.py:175} INFO - Processing /usr/local/python/3.10.13/lib/python3.10/site-packages/airflow/example_dags/tutorial_taskflow_api.py took 0.199 seconds
[2024-03-28T20:10:10.991+0000] {processor.py:153} INFO - Started process (PID=49886) to work on /usr/local/python/3.10.13/lib/python3.10/site-packages/airflow/example_dags/tutorial_taskflow_api.py
[2024-03-28T20:10:10.991+0000] {processor.py:743} INFO - Processing file /usr/local/python/3.10.13/lib/python3.10/site-packages/airflow/example_dags/tutorial_taskflow_api.py for tasks to queue
[2024-03-28T20:10:10.992+0000] {logging_mixin.py:137} INFO - [2024-03-28T20:10:10.992+0000] {dagbag.py:538} INFO - Filling up the DagBag from /usr/local/python/3.10.13/lib/python3.10/site-packages/airflow/example_dags/tutorial_taskflow_api.py
[2024-03-28T20:10:11.105+0000] {processor.py:753} INFO - DAG(s) dict_keys(['tutorial_taskflow_api']) retrieved from /usr/local/python/3.10.13/lib/python3.10/site-packages/airflow/example_dags/tutorial_taskflow_api.py
[2024-03-28T20:10:11.118+0000] {logging_mixin.py:137} INFO - [2024-03-28T20:10:11.118+0000] {dag.py:2690} INFO - Sync 1 DAGs
[2024-03-28T20:10:11.133+0000] {logging_mixin.py:137} INFO - [2024-03-28T20:10:11.133+0000] {dag.py:3437} INFO - Setting next_dagrun for tutorial_taskflow_api to None, run_after=None
[2024-03-28T20:10:11.177+0000] {processor.py:175} INFO - Processing /usr/local/python/3.10.13/lib/python3.10/site-packages/airflow/example_dags/tutorial_taskflow_api.py took 0.189 seconds
[2024-03-28T20:10:51.386+0000] {processor.py:153} INFO - Started process (PID=50204) to work on /usr/local/python/3.10.13/lib/python3.10/site-packages/airflow/example_dags/tutorial_taskflow_api.py
[2024-03-28T20:10:51.387+0000] {processor.py:743} INFO - Processing file /usr/local/python/3.10.13/lib/python3.10/site-packages/airflow/example_dags/tutorial_taskflow_api.py for tasks to queue
[2024-03-28T20:10:51.387+0000] {logging_mixin.py:137} INFO - [2024-03-28T20:10:51.387+0000] {dagbag.py:538} INFO - Filling up the DagBag from /usr/local/python/3.10.13/lib/python3.10/site-packages/airflow/example_dags/tutorial_taskflow_api.py
[2024-03-28T20:10:51.506+0000] {processor.py:753} INFO - DAG(s) dict_keys(['tutorial_taskflow_api']) retrieved from /usr/local/python/3.10.13/lib/python3.10/site-packages/airflow/example_dags/tutorial_taskflow_api.py
[2024-03-28T20:10:51.519+0000] {logging_mixin.py:137} INFO - [2024-03-28T20:10:51.519+0000] {dag.py:2690} INFO - Sync 1 DAGs
[2024-03-28T20:10:51.533+0000] {logging_mixin.py:137} INFO - [2024-03-28T20:10:51.533+0000] {dag.py:3437} INFO - Setting next_dagrun for tutorial_taskflow_api to None, run_after=None
[2024-03-28T20:10:51.581+0000] {processor.py:175} INFO - Processing /usr/local/python/3.10.13/lib/python3.10/site-packages/airflow/example_dags/tutorial_taskflow_api.py took 0.198 seconds
