[2024-03-28T19:59:41.875+0000] {processor.py:153} INFO - Started process (PID=44480) to work on /usr/local/python/3.10.13/lib/python3.10/site-packages/airflow/example_dags/tutorial_taskflow_api_virtualenv.py
[2024-03-28T19:59:41.875+0000] {processor.py:743} INFO - Processing file /usr/local/python/3.10.13/lib/python3.10/site-packages/airflow/example_dags/tutorial_taskflow_api_virtualenv.py for tasks to queue
[2024-03-28T19:59:41.876+0000] {logging_mixin.py:137} INFO - [2024-03-28T19:59:41.876+0000] {dagbag.py:538} INFO - Filling up the DagBag from /usr/local/python/3.10.13/lib/python3.10/site-packages/airflow/example_dags/tutorial_taskflow_api_virtualenv.py
[2024-03-28T19:59:41.898+0000] {processor.py:753} INFO - DAG(s) dict_keys(['tutorial_taskflow_api_virtualenv']) retrieved from /usr/local/python/3.10.13/lib/python3.10/site-packages/airflow/example_dags/tutorial_taskflow_api_virtualenv.py
[2024-03-28T19:59:42.072+0000] {logging_mixin.py:137} INFO - [2024-03-28T19:59:42.071+0000] {manager.py:504} INFO - Created Permission View: can read on DAG:tutorial_taskflow_api_virtualenv
[2024-03-28T19:59:42.110+0000] {logging_mixin.py:137} INFO - [2024-03-28T19:59:42.110+0000] {manager.py:504} INFO - Created Permission View: can delete on DAG:tutorial_taskflow_api_virtualenv
[2024-03-28T19:59:42.143+0000] {logging_mixin.py:137} INFO - [2024-03-28T19:59:42.143+0000] {manager.py:504} INFO - Created Permission View: can edit on DAG:tutorial_taskflow_api_virtualenv
[2024-03-28T19:59:42.144+0000] {logging_mixin.py:137} INFO - [2024-03-28T19:59:42.143+0000] {dag.py:2690} INFO - Sync 1 DAGs
[2024-03-28T19:59:42.151+0000] {logging_mixin.py:137} INFO - [2024-03-28T19:59:42.151+0000] {dag.py:2711} INFO - Creating ORM DAG for tutorial_taskflow_api_virtualenv
[2024-03-28T19:59:42.158+0000] {logging_mixin.py:137} INFO - [2024-03-28T19:59:42.158+0000] {dag.py:3437} INFO - Setting next_dagrun for tutorial_taskflow_api_virtualenv to None, run_after=None
[2024-03-28T19:59:42.210+0000] {processor.py:175} INFO - Processing /usr/local/python/3.10.13/lib/python3.10/site-packages/airflow/example_dags/tutorial_taskflow_api_virtualenv.py took 0.337 seconds
[2024-03-28T20:00:30.790+0000] {processor.py:153} INFO - Started process (PID=44799) to work on /usr/local/python/3.10.13/lib/python3.10/site-packages/airflow/example_dags/tutorial_taskflow_api_virtualenv.py
[2024-03-28T20:00:30.790+0000] {processor.py:743} INFO - Processing file /usr/local/python/3.10.13/lib/python3.10/site-packages/airflow/example_dags/tutorial_taskflow_api_virtualenv.py for tasks to queue
[2024-03-28T20:00:30.791+0000] {logging_mixin.py:137} INFO - [2024-03-28T20:00:30.791+0000] {dagbag.py:538} INFO - Filling up the DagBag from /usr/local/python/3.10.13/lib/python3.10/site-packages/airflow/example_dags/tutorial_taskflow_api_virtualenv.py
[2024-03-28T20:00:30.810+0000] {processor.py:753} INFO - DAG(s) dict_keys(['tutorial_taskflow_api_virtualenv']) retrieved from /usr/local/python/3.10.13/lib/python3.10/site-packages/airflow/example_dags/tutorial_taskflow_api_virtualenv.py
[2024-03-28T20:00:30.825+0000] {logging_mixin.py:137} INFO - [2024-03-28T20:00:30.825+0000] {dag.py:2690} INFO - Sync 1 DAGs
[2024-03-28T20:00:30.839+0000] {logging_mixin.py:137} INFO - [2024-03-28T20:00:30.839+0000] {dag.py:3437} INFO - Setting next_dagrun for tutorial_taskflow_api_virtualenv to None, run_after=None
[2024-03-28T20:00:30.884+0000] {processor.py:175} INFO - Processing /usr/local/python/3.10.13/lib/python3.10/site-packages/airflow/example_dags/tutorial_taskflow_api_virtualenv.py took 0.096 seconds
[2024-03-28T20:01:10.111+0000] {processor.py:153} INFO - Started process (PID=45068) to work on /usr/local/python/3.10.13/lib/python3.10/site-packages/airflow/example_dags/tutorial_taskflow_api_virtualenv.py
[2024-03-28T20:01:10.112+0000] {processor.py:743} INFO - Processing file /usr/local/python/3.10.13/lib/python3.10/site-packages/airflow/example_dags/tutorial_taskflow_api_virtualenv.py for tasks to queue
[2024-03-28T20:01:10.112+0000] {logging_mixin.py:137} INFO - [2024-03-28T20:01:10.112+0000] {dagbag.py:538} INFO - Filling up the DagBag from /usr/local/python/3.10.13/lib/python3.10/site-packages/airflow/example_dags/tutorial_taskflow_api_virtualenv.py
[2024-03-28T20:01:10.134+0000] {processor.py:753} INFO - DAG(s) dict_keys(['tutorial_taskflow_api_virtualenv']) retrieved from /usr/local/python/3.10.13/lib/python3.10/site-packages/airflow/example_dags/tutorial_taskflow_api_virtualenv.py
[2024-03-28T20:01:10.148+0000] {logging_mixin.py:137} INFO - [2024-03-28T20:01:10.148+0000] {dag.py:2690} INFO - Sync 1 DAGs
[2024-03-28T20:01:10.162+0000] {logging_mixin.py:137} INFO - [2024-03-28T20:01:10.162+0000] {dag.py:3437} INFO - Setting next_dagrun for tutorial_taskflow_api_virtualenv to None, run_after=None
[2024-03-28T20:01:10.205+0000] {processor.py:175} INFO - Processing /usr/local/python/3.10.13/lib/python3.10/site-packages/airflow/example_dags/tutorial_taskflow_api_virtualenv.py took 0.096 seconds
[2024-03-28T20:01:49.718+0000] {processor.py:153} INFO - Started process (PID=45339) to work on /usr/local/python/3.10.13/lib/python3.10/site-packages/airflow/example_dags/tutorial_taskflow_api_virtualenv.py
[2024-03-28T20:01:49.719+0000] {processor.py:743} INFO - Processing file /usr/local/python/3.10.13/lib/python3.10/site-packages/airflow/example_dags/tutorial_taskflow_api_virtualenv.py for tasks to queue
[2024-03-28T20:01:49.719+0000] {logging_mixin.py:137} INFO - [2024-03-28T20:01:49.719+0000] {dagbag.py:538} INFO - Filling up the DagBag from /usr/local/python/3.10.13/lib/python3.10/site-packages/airflow/example_dags/tutorial_taskflow_api_virtualenv.py
[2024-03-28T20:01:49.740+0000] {processor.py:753} INFO - DAG(s) dict_keys(['tutorial_taskflow_api_virtualenv']) retrieved from /usr/local/python/3.10.13/lib/python3.10/site-packages/airflow/example_dags/tutorial_taskflow_api_virtualenv.py
[2024-03-28T20:01:49.754+0000] {logging_mixin.py:137} INFO - [2024-03-28T20:01:49.754+0000] {dag.py:2690} INFO - Sync 1 DAGs
[2024-03-28T20:01:49.769+0000] {logging_mixin.py:137} INFO - [2024-03-28T20:01:49.769+0000] {dag.py:3437} INFO - Setting next_dagrun for tutorial_taskflow_api_virtualenv to None, run_after=None
[2024-03-28T20:01:49.810+0000] {processor.py:175} INFO - Processing /usr/local/python/3.10.13/lib/python3.10/site-packages/airflow/example_dags/tutorial_taskflow_api_virtualenv.py took 0.094 seconds
[2024-03-28T20:02:20.841+0000] {processor.py:153} INFO - Started process (PID=45556) to work on /usr/local/python/3.10.13/lib/python3.10/site-packages/airflow/example_dags/tutorial_taskflow_api_virtualenv.py
[2024-03-28T20:02:20.842+0000] {processor.py:743} INFO - Processing file /usr/local/python/3.10.13/lib/python3.10/site-packages/airflow/example_dags/tutorial_taskflow_api_virtualenv.py for tasks to queue
[2024-03-28T20:02:20.842+0000] {logging_mixin.py:137} INFO - [2024-03-28T20:02:20.842+0000] {dagbag.py:538} INFO - Filling up the DagBag from /usr/local/python/3.10.13/lib/python3.10/site-packages/airflow/example_dags/tutorial_taskflow_api_virtualenv.py
[2024-03-28T20:02:20.862+0000] {processor.py:753} INFO - DAG(s) dict_keys(['tutorial_taskflow_api_virtualenv']) retrieved from /usr/local/python/3.10.13/lib/python3.10/site-packages/airflow/example_dags/tutorial_taskflow_api_virtualenv.py
[2024-03-28T20:02:20.876+0000] {logging_mixin.py:137} INFO - [2024-03-28T20:02:20.876+0000] {dag.py:2690} INFO - Sync 1 DAGs
[2024-03-28T20:02:20.890+0000] {logging_mixin.py:137} INFO - [2024-03-28T20:02:20.890+0000] {dag.py:3437} INFO - Setting next_dagrun for tutorial_taskflow_api_virtualenv to None, run_after=None
[2024-03-28T20:02:20.934+0000] {processor.py:175} INFO - Processing /usr/local/python/3.10.13/lib/python3.10/site-packages/airflow/example_dags/tutorial_taskflow_api_virtualenv.py took 0.095 seconds
[2024-03-28T20:03:01.029+0000] {processor.py:153} INFO - Started process (PID=45943) to work on /usr/local/python/3.10.13/lib/python3.10/site-packages/airflow/example_dags/tutorial_taskflow_api_virtualenv.py
[2024-03-28T20:03:01.030+0000] {processor.py:743} INFO - Processing file /usr/local/python/3.10.13/lib/python3.10/site-packages/airflow/example_dags/tutorial_taskflow_api_virtualenv.py for tasks to queue
[2024-03-28T20:03:01.030+0000] {logging_mixin.py:137} INFO - [2024-03-28T20:03:01.030+0000] {dagbag.py:538} INFO - Filling up the DagBag from /usr/local/python/3.10.13/lib/python3.10/site-packages/airflow/example_dags/tutorial_taskflow_api_virtualenv.py
[2024-03-28T20:03:01.060+0000] {processor.py:753} INFO - DAG(s) dict_keys(['tutorial_taskflow_api_virtualenv']) retrieved from /usr/local/python/3.10.13/lib/python3.10/site-packages/airflow/example_dags/tutorial_taskflow_api_virtualenv.py
[2024-03-28T20:03:01.076+0000] {logging_mixin.py:137} INFO - [2024-03-28T20:03:01.075+0000] {dag.py:2690} INFO - Sync 1 DAGs
[2024-03-28T20:03:01.093+0000] {logging_mixin.py:137} INFO - [2024-03-28T20:03:01.092+0000] {dag.py:3437} INFO - Setting next_dagrun for tutorial_taskflow_api_virtualenv to None, run_after=None
[2024-03-28T20:03:01.137+0000] {processor.py:175} INFO - Processing /usr/local/python/3.10.13/lib/python3.10/site-packages/airflow/example_dags/tutorial_taskflow_api_virtualenv.py took 0.111 seconds
[2024-03-28T20:03:39.274+0000] {processor.py:153} INFO - Started process (PID=46234) to work on /usr/local/python/3.10.13/lib/python3.10/site-packages/airflow/example_dags/tutorial_taskflow_api_virtualenv.py
[2024-03-28T20:03:39.274+0000] {processor.py:743} INFO - Processing file /usr/local/python/3.10.13/lib/python3.10/site-packages/airflow/example_dags/tutorial_taskflow_api_virtualenv.py for tasks to queue
[2024-03-28T20:03:39.275+0000] {logging_mixin.py:137} INFO - [2024-03-28T20:03:39.275+0000] {dagbag.py:538} INFO - Filling up the DagBag from /usr/local/python/3.10.13/lib/python3.10/site-packages/airflow/example_dags/tutorial_taskflow_api_virtualenv.py
[2024-03-28T20:03:39.295+0000] {processor.py:753} INFO - DAG(s) dict_keys(['tutorial_taskflow_api_virtualenv']) retrieved from /usr/local/python/3.10.13/lib/python3.10/site-packages/airflow/example_dags/tutorial_taskflow_api_virtualenv.py
[2024-03-28T20:03:39.310+0000] {logging_mixin.py:137} INFO - [2024-03-28T20:03:39.310+0000] {dag.py:2690} INFO - Sync 1 DAGs
[2024-03-28T20:03:39.326+0000] {logging_mixin.py:137} INFO - [2024-03-28T20:03:39.325+0000] {dag.py:3437} INFO - Setting next_dagrun for tutorial_taskflow_api_virtualenv to None, run_after=None
[2024-03-28T20:03:39.369+0000] {processor.py:175} INFO - Processing /usr/local/python/3.10.13/lib/python3.10/site-packages/airflow/example_dags/tutorial_taskflow_api_virtualenv.py took 0.098 seconds
[2024-03-28T20:04:14.667+0000] {processor.py:153} INFO - Started process (PID=46601) to work on /usr/local/python/3.10.13/lib/python3.10/site-packages/airflow/example_dags/tutorial_taskflow_api_virtualenv.py
[2024-03-28T20:04:14.668+0000] {processor.py:743} INFO - Processing file /usr/local/python/3.10.13/lib/python3.10/site-packages/airflow/example_dags/tutorial_taskflow_api_virtualenv.py for tasks to queue
[2024-03-28T20:04:14.668+0000] {logging_mixin.py:137} INFO - [2024-03-28T20:04:14.668+0000] {dagbag.py:538} INFO - Filling up the DagBag from /usr/local/python/3.10.13/lib/python3.10/site-packages/airflow/example_dags/tutorial_taskflow_api_virtualenv.py
[2024-03-28T20:04:14.689+0000] {processor.py:753} INFO - DAG(s) dict_keys(['tutorial_taskflow_api_virtualenv']) retrieved from /usr/local/python/3.10.13/lib/python3.10/site-packages/airflow/example_dags/tutorial_taskflow_api_virtualenv.py
[2024-03-28T20:04:14.704+0000] {logging_mixin.py:137} INFO - [2024-03-28T20:04:14.704+0000] {dag.py:2690} INFO - Sync 1 DAGs
[2024-03-28T20:04:14.719+0000] {logging_mixin.py:137} INFO - [2024-03-28T20:04:14.719+0000] {dag.py:3437} INFO - Setting next_dagrun for tutorial_taskflow_api_virtualenv to None, run_after=None
[2024-03-28T20:04:14.761+0000] {processor.py:175} INFO - Processing /usr/local/python/3.10.13/lib/python3.10/site-packages/airflow/example_dags/tutorial_taskflow_api_virtualenv.py took 0.096 seconds
[2024-03-28T20:04:52.968+0000] {processor.py:153} INFO - Started process (PID=46974) to work on /usr/local/python/3.10.13/lib/python3.10/site-packages/airflow/example_dags/tutorial_taskflow_api_virtualenv.py
[2024-03-28T20:04:52.969+0000] {processor.py:743} INFO - Processing file /usr/local/python/3.10.13/lib/python3.10/site-packages/airflow/example_dags/tutorial_taskflow_api_virtualenv.py for tasks to queue
[2024-03-28T20:04:52.970+0000] {logging_mixin.py:137} INFO - [2024-03-28T20:04:52.970+0000] {dagbag.py:538} INFO - Filling up the DagBag from /usr/local/python/3.10.13/lib/python3.10/site-packages/airflow/example_dags/tutorial_taskflow_api_virtualenv.py
[2024-03-28T20:04:53.002+0000] {processor.py:753} INFO - DAG(s) dict_keys(['tutorial_taskflow_api_virtualenv']) retrieved from /usr/local/python/3.10.13/lib/python3.10/site-packages/airflow/example_dags/tutorial_taskflow_api_virtualenv.py
[2024-03-28T20:04:53.022+0000] {logging_mixin.py:137} INFO - [2024-03-28T20:04:53.022+0000] {dag.py:2690} INFO - Sync 1 DAGs
[2024-03-28T20:04:53.042+0000] {logging_mixin.py:137} INFO - [2024-03-28T20:04:53.042+0000] {dag.py:3437} INFO - Setting next_dagrun for tutorial_taskflow_api_virtualenv to None, run_after=None
[2024-03-28T20:04:53.088+0000] {processor.py:175} INFO - Processing /usr/local/python/3.10.13/lib/python3.10/site-packages/airflow/example_dags/tutorial_taskflow_api_virtualenv.py took 0.123 seconds
[2024-03-28T20:05:33.711+0000] {processor.py:153} INFO - Started process (PID=47403) to work on /usr/local/python/3.10.13/lib/python3.10/site-packages/airflow/example_dags/tutorial_taskflow_api_virtualenv.py
[2024-03-28T20:05:33.712+0000] {processor.py:743} INFO - Processing file /usr/local/python/3.10.13/lib/python3.10/site-packages/airflow/example_dags/tutorial_taskflow_api_virtualenv.py for tasks to queue
[2024-03-28T20:05:33.713+0000] {logging_mixin.py:137} INFO - [2024-03-28T20:05:33.712+0000] {dagbag.py:538} INFO - Filling up the DagBag from /usr/local/python/3.10.13/lib/python3.10/site-packages/airflow/example_dags/tutorial_taskflow_api_virtualenv.py
[2024-03-28T20:05:33.732+0000] {processor.py:753} INFO - DAG(s) dict_keys(['tutorial_taskflow_api_virtualenv']) retrieved from /usr/local/python/3.10.13/lib/python3.10/site-packages/airflow/example_dags/tutorial_taskflow_api_virtualenv.py
[2024-03-28T20:05:33.746+0000] {logging_mixin.py:137} INFO - [2024-03-28T20:05:33.746+0000] {dag.py:2690} INFO - Sync 1 DAGs
[2024-03-28T20:05:33.760+0000] {logging_mixin.py:137} INFO - [2024-03-28T20:05:33.760+0000] {dag.py:3437} INFO - Setting next_dagrun for tutorial_taskflow_api_virtualenv to None, run_after=None
[2024-03-28T20:05:33.816+0000] {processor.py:175} INFO - Processing /usr/local/python/3.10.13/lib/python3.10/site-packages/airflow/example_dags/tutorial_taskflow_api_virtualenv.py took 0.107 seconds
[2024-03-28T20:06:07.391+0000] {processor.py:153} INFO - Started process (PID=47764) to work on /usr/local/python/3.10.13/lib/python3.10/site-packages/airflow/example_dags/tutorial_taskflow_api_virtualenv.py
[2024-03-28T20:06:07.392+0000] {processor.py:743} INFO - Processing file /usr/local/python/3.10.13/lib/python3.10/site-packages/airflow/example_dags/tutorial_taskflow_api_virtualenv.py for tasks to queue
[2024-03-28T20:06:07.392+0000] {logging_mixin.py:137} INFO - [2024-03-28T20:06:07.392+0000] {dagbag.py:538} INFO - Filling up the DagBag from /usr/local/python/3.10.13/lib/python3.10/site-packages/airflow/example_dags/tutorial_taskflow_api_virtualenv.py
[2024-03-28T20:06:07.412+0000] {processor.py:753} INFO - DAG(s) dict_keys(['tutorial_taskflow_api_virtualenv']) retrieved from /usr/local/python/3.10.13/lib/python3.10/site-packages/airflow/example_dags/tutorial_taskflow_api_virtualenv.py
[2024-03-28T20:06:07.425+0000] {logging_mixin.py:137} INFO - [2024-03-28T20:06:07.425+0000] {dag.py:2690} INFO - Sync 1 DAGs
[2024-03-28T20:06:07.440+0000] {logging_mixin.py:137} INFO - [2024-03-28T20:06:07.440+0000] {dag.py:3437} INFO - Setting next_dagrun for tutorial_taskflow_api_virtualenv to None, run_after=None
[2024-03-28T20:06:07.485+0000] {processor.py:175} INFO - Processing /usr/local/python/3.10.13/lib/python3.10/site-packages/airflow/example_dags/tutorial_taskflow_api_virtualenv.py took 0.096 seconds
[2024-03-28T20:06:42.501+0000] {processor.py:153} INFO - Started process (PID=48056) to work on /usr/local/python/3.10.13/lib/python3.10/site-packages/airflow/example_dags/tutorial_taskflow_api_virtualenv.py
[2024-03-28T20:06:42.502+0000] {processor.py:743} INFO - Processing file /usr/local/python/3.10.13/lib/python3.10/site-packages/airflow/example_dags/tutorial_taskflow_api_virtualenv.py for tasks to queue
[2024-03-28T20:06:42.502+0000] {logging_mixin.py:137} INFO - [2024-03-28T20:06:42.502+0000] {dagbag.py:538} INFO - Filling up the DagBag from /usr/local/python/3.10.13/lib/python3.10/site-packages/airflow/example_dags/tutorial_taskflow_api_virtualenv.py
[2024-03-28T20:06:42.522+0000] {processor.py:753} INFO - DAG(s) dict_keys(['tutorial_taskflow_api_virtualenv']) retrieved from /usr/local/python/3.10.13/lib/python3.10/site-packages/airflow/example_dags/tutorial_taskflow_api_virtualenv.py
[2024-03-28T20:06:42.536+0000] {logging_mixin.py:137} INFO - [2024-03-28T20:06:42.536+0000] {dag.py:2690} INFO - Sync 1 DAGs
[2024-03-28T20:06:42.551+0000] {logging_mixin.py:137} INFO - [2024-03-28T20:06:42.551+0000] {dag.py:3437} INFO - Setting next_dagrun for tutorial_taskflow_api_virtualenv to None, run_after=None
[2024-03-28T20:06:42.695+0000] {processor.py:175} INFO - Processing /usr/local/python/3.10.13/lib/python3.10/site-packages/airflow/example_dags/tutorial_taskflow_api_virtualenv.py took 0.195 seconds
[2024-03-28T20:07:26.005+0000] {processor.py:153} INFO - Started process (PID=48368) to work on /usr/local/python/3.10.13/lib/python3.10/site-packages/airflow/example_dags/tutorial_taskflow_api_virtualenv.py
[2024-03-28T20:07:26.006+0000] {processor.py:743} INFO - Processing file /usr/local/python/3.10.13/lib/python3.10/site-packages/airflow/example_dags/tutorial_taskflow_api_virtualenv.py for tasks to queue
[2024-03-28T20:07:26.006+0000] {logging_mixin.py:137} INFO - [2024-03-28T20:07:26.006+0000] {dagbag.py:538} INFO - Filling up the DagBag from /usr/local/python/3.10.13/lib/python3.10/site-packages/airflow/example_dags/tutorial_taskflow_api_virtualenv.py
[2024-03-28T20:07:26.026+0000] {processor.py:753} INFO - DAG(s) dict_keys(['tutorial_taskflow_api_virtualenv']) retrieved from /usr/local/python/3.10.13/lib/python3.10/site-packages/airflow/example_dags/tutorial_taskflow_api_virtualenv.py
[2024-03-28T20:07:26.041+0000] {logging_mixin.py:137} INFO - [2024-03-28T20:07:26.041+0000] {dag.py:2690} INFO - Sync 1 DAGs
[2024-03-28T20:07:26.163+0000] {logging_mixin.py:137} INFO - [2024-03-28T20:07:26.163+0000] {dag.py:3437} INFO - Setting next_dagrun for tutorial_taskflow_api_virtualenv to None, run_after=None
[2024-03-28T20:07:26.232+0000] {processor.py:175} INFO - Processing /usr/local/python/3.10.13/lib/python3.10/site-packages/airflow/example_dags/tutorial_taskflow_api_virtualenv.py took 0.229 seconds
[2024-03-28T20:08:09.616+0000] {processor.py:153} INFO - Started process (PID=48809) to work on /usr/local/python/3.10.13/lib/python3.10/site-packages/airflow/example_dags/tutorial_taskflow_api_virtualenv.py
[2024-03-28T20:08:09.617+0000] {processor.py:743} INFO - Processing file /usr/local/python/3.10.13/lib/python3.10/site-packages/airflow/example_dags/tutorial_taskflow_api_virtualenv.py for tasks to queue
[2024-03-28T20:08:09.617+0000] {logging_mixin.py:137} INFO - [2024-03-28T20:08:09.617+0000] {dagbag.py:538} INFO - Filling up the DagBag from /usr/local/python/3.10.13/lib/python3.10/site-packages/airflow/example_dags/tutorial_taskflow_api_virtualenv.py
[2024-03-28T20:08:09.637+0000] {processor.py:753} INFO - DAG(s) dict_keys(['tutorial_taskflow_api_virtualenv']) retrieved from /usr/local/python/3.10.13/lib/python3.10/site-packages/airflow/example_dags/tutorial_taskflow_api_virtualenv.py
[2024-03-28T20:08:09.652+0000] {logging_mixin.py:137} INFO - [2024-03-28T20:08:09.652+0000] {dag.py:2690} INFO - Sync 1 DAGs
[2024-03-28T20:08:09.766+0000] {logging_mixin.py:137} INFO - [2024-03-28T20:08:09.766+0000] {dag.py:3437} INFO - Setting next_dagrun for tutorial_taskflow_api_virtualenv to None, run_after=None
[2024-03-28T20:08:09.811+0000] {processor.py:175} INFO - Processing /usr/local/python/3.10.13/lib/python3.10/site-packages/airflow/example_dags/tutorial_taskflow_api_virtualenv.py took 0.198 seconds
[2024-03-28T20:08:55.572+0000] {processor.py:153} INFO - Started process (PID=49194) to work on /usr/local/python/3.10.13/lib/python3.10/site-packages/airflow/example_dags/tutorial_taskflow_api_virtualenv.py
[2024-03-28T20:08:55.572+0000] {processor.py:743} INFO - Processing file /usr/local/python/3.10.13/lib/python3.10/site-packages/airflow/example_dags/tutorial_taskflow_api_virtualenv.py for tasks to queue
[2024-03-28T20:08:55.573+0000] {logging_mixin.py:137} INFO - [2024-03-28T20:08:55.573+0000] {dagbag.py:538} INFO - Filling up the DagBag from /usr/local/python/3.10.13/lib/python3.10/site-packages/airflow/example_dags/tutorial_taskflow_api_virtualenv.py
[2024-03-28T20:08:55.593+0000] {processor.py:753} INFO - DAG(s) dict_keys(['tutorial_taskflow_api_virtualenv']) retrieved from /usr/local/python/3.10.13/lib/python3.10/site-packages/airflow/example_dags/tutorial_taskflow_api_virtualenv.py
[2024-03-28T20:08:55.608+0000] {logging_mixin.py:137} INFO - [2024-03-28T20:08:55.608+0000] {dag.py:2690} INFO - Sync 1 DAGs
[2024-03-28T20:08:55.721+0000] {logging_mixin.py:137} INFO - [2024-03-28T20:08:55.721+0000] {dag.py:3437} INFO - Setting next_dagrun for tutorial_taskflow_api_virtualenv to None, run_after=None
[2024-03-28T20:08:55.771+0000] {processor.py:175} INFO - Processing /usr/local/python/3.10.13/lib/python3.10/site-packages/airflow/example_dags/tutorial_taskflow_api_virtualenv.py took 0.202 seconds
[2024-03-28T20:09:29.172+0000] {processor.py:153} INFO - Started process (PID=49523) to work on /usr/local/python/3.10.13/lib/python3.10/site-packages/airflow/example_dags/tutorial_taskflow_api_virtualenv.py
[2024-03-28T20:09:29.173+0000] {processor.py:743} INFO - Processing file /usr/local/python/3.10.13/lib/python3.10/site-packages/airflow/example_dags/tutorial_taskflow_api_virtualenv.py for tasks to queue
[2024-03-28T20:09:29.173+0000] {logging_mixin.py:137} INFO - [2024-03-28T20:09:29.173+0000] {dagbag.py:538} INFO - Filling up the DagBag from /usr/local/python/3.10.13/lib/python3.10/site-packages/airflow/example_dags/tutorial_taskflow_api_virtualenv.py
[2024-03-28T20:09:29.193+0000] {processor.py:753} INFO - DAG(s) dict_keys(['tutorial_taskflow_api_virtualenv']) retrieved from /usr/local/python/3.10.13/lib/python3.10/site-packages/airflow/example_dags/tutorial_taskflow_api_virtualenv.py
[2024-03-28T20:09:29.300+0000] {logging_mixin.py:137} INFO - [2024-03-28T20:09:29.299+0000] {dag.py:2690} INFO - Sync 1 DAGs
[2024-03-28T20:09:29.314+0000] {logging_mixin.py:137} INFO - [2024-03-28T20:09:29.313+0000] {dag.py:3437} INFO - Setting next_dagrun for tutorial_taskflow_api_virtualenv to None, run_after=None
[2024-03-28T20:09:29.357+0000] {processor.py:175} INFO - Processing /usr/local/python/3.10.13/lib/python3.10/site-packages/airflow/example_dags/tutorial_taskflow_api_virtualenv.py took 0.187 seconds
[2024-03-28T20:10:13.506+0000] {processor.py:153} INFO - Started process (PID=49914) to work on /usr/local/python/3.10.13/lib/python3.10/site-packages/airflow/example_dags/tutorial_taskflow_api_virtualenv.py
[2024-03-28T20:10:13.506+0000] {processor.py:743} INFO - Processing file /usr/local/python/3.10.13/lib/python3.10/site-packages/airflow/example_dags/tutorial_taskflow_api_virtualenv.py for tasks to queue
[2024-03-28T20:10:13.507+0000] {logging_mixin.py:137} INFO - [2024-03-28T20:10:13.507+0000] {dagbag.py:538} INFO - Filling up the DagBag from /usr/local/python/3.10.13/lib/python3.10/site-packages/airflow/example_dags/tutorial_taskflow_api_virtualenv.py
[2024-03-28T20:10:13.620+0000] {processor.py:753} INFO - DAG(s) dict_keys(['tutorial_taskflow_api_virtualenv']) retrieved from /usr/local/python/3.10.13/lib/python3.10/site-packages/airflow/example_dags/tutorial_taskflow_api_virtualenv.py
[2024-03-28T20:10:13.632+0000] {logging_mixin.py:137} INFO - [2024-03-28T20:10:13.632+0000] {dag.py:2690} INFO - Sync 1 DAGs
[2024-03-28T20:10:13.645+0000] {logging_mixin.py:137} INFO - [2024-03-28T20:10:13.645+0000] {dag.py:3437} INFO - Setting next_dagrun for tutorial_taskflow_api_virtualenv to None, run_after=None
[2024-03-28T20:10:13.688+0000] {processor.py:175} INFO - Processing /usr/local/python/3.10.13/lib/python3.10/site-packages/airflow/example_dags/tutorial_taskflow_api_virtualenv.py took 0.185 seconds
[2024-03-28T20:10:53.505+0000] {processor.py:153} INFO - Started process (PID=50236) to work on /usr/local/python/3.10.13/lib/python3.10/site-packages/airflow/example_dags/tutorial_taskflow_api_virtualenv.py
[2024-03-28T20:10:53.506+0000] {processor.py:743} INFO - Processing file /usr/local/python/3.10.13/lib/python3.10/site-packages/airflow/example_dags/tutorial_taskflow_api_virtualenv.py for tasks to queue
[2024-03-28T20:10:53.506+0000] {logging_mixin.py:137} INFO - [2024-03-28T20:10:53.506+0000] {dagbag.py:538} INFO - Filling up the DagBag from /usr/local/python/3.10.13/lib/python3.10/site-packages/airflow/example_dags/tutorial_taskflow_api_virtualenv.py
[2024-03-28T20:10:53.633+0000] {processor.py:753} INFO - DAG(s) dict_keys(['tutorial_taskflow_api_virtualenv']) retrieved from /usr/local/python/3.10.13/lib/python3.10/site-packages/airflow/example_dags/tutorial_taskflow_api_virtualenv.py
[2024-03-28T20:10:53.644+0000] {logging_mixin.py:137} INFO - [2024-03-28T20:10:53.644+0000] {dag.py:2690} INFO - Sync 1 DAGs
[2024-03-28T20:10:53.658+0000] {logging_mixin.py:137} INFO - [2024-03-28T20:10:53.658+0000] {dag.py:3437} INFO - Setting next_dagrun for tutorial_taskflow_api_virtualenv to None, run_after=None
[2024-03-28T20:10:53.708+0000] {processor.py:175} INFO - Processing /usr/local/python/3.10.13/lib/python3.10/site-packages/airflow/example_dags/tutorial_taskflow_api_virtualenv.py took 0.205 seconds
