[2023-10-30T21:51:38.968+0000] {taskinstance.py:1083} INFO - Dependencies all met for <TaskInstance: one_task_dag.one_task manual__2023-10-30T21:51:35.783797+00:00 [queued]>
[2023-10-30T21:51:38.973+0000] {taskinstance.py:1083} INFO - Dependencies all met for <TaskInstance: one_task_dag.one_task manual__2023-10-30T21:51:35.783797+00:00 [queued]>
[2023-10-30T21:51:38.973+0000] {taskinstance.py:1279} INFO - 
--------------------------------------------------------------------------------
[2023-10-30T21:51:38.974+0000] {taskinstance.py:1280} INFO - Starting attempt 1 of 1
[2023-10-30T21:51:38.974+0000] {taskinstance.py:1281} INFO - 
--------------------------------------------------------------------------------
[2023-10-30T21:51:39.020+0000] {taskinstance.py:1300} INFO - Executing <Task(BashOperator): one_task> on 2023-10-30 21:51:35.783797+00:00
[2023-10-30T21:51:39.023+0000] {standard_task_runner.py:55} INFO - Started process 24831 to run task
[2023-10-30T21:51:39.026+0000] {standard_task_runner.py:82} INFO - Running: ['airflow', 'tasks', 'run', 'one_task_dag', 'one_task', 'manual__2023-10-30T21:51:35.783797+00:00', '--job-id', '2', '--raw', '--subdir', 'DAGS_FOLDER/one_task_dag.py', '--cfg-path', '/tmp/tmplz8sp8ku']
[2023-10-30T21:51:39.027+0000] {standard_task_runner.py:83} INFO - Job 2: Subtask one_task
[2023-10-30T21:51:39.119+0000] {task_command.py:388} INFO - Running <TaskInstance: one_task_dag.one_task manual__2023-10-30T21:51:35.783797+00:00 [running]> on host codespaces-7102c6
[2023-10-30T21:51:39.221+0000] {taskinstance.py:1507} INFO - Exporting the following env vars:
AIRFLOW_CTX_DAG_OWNER=Gannon
AIRFLOW_CTX_DAG_ID=one_task_dag
AIRFLOW_CTX_TASK_ID=one_task
AIRFLOW_CTX_EXECUTION_DATE=2023-10-30T21:51:35.783797+00:00
AIRFLOW_CTX_TRY_NUMBER=1
AIRFLOW_CTX_DAG_RUN_ID=manual__2023-10-30T21:51:35.783797+00:00
[2023-10-30T21:51:39.222+0000] {subprocess.py:63} INFO - Tmp dir root location: 
 /tmp
[2023-10-30T21:51:39.223+0000] {subprocess.py:75} INFO - Running command: ['/usr/bin/bash', '-c', 'echo "hello linkedin learning!" > /workspaces/hands-on-introduction-data-engineering-4395021/lab/temp/create-this-file.txt']
[2023-10-30T21:51:39.233+0000] {subprocess.py:86} INFO - Output:
[2023-10-30T21:51:39.236+0000] {subprocess.py:97} INFO - Command exited with return code 0
[2023-10-30T21:51:39.282+0000] {taskinstance.py:1318} INFO - Marking task as SUCCESS. dag_id=one_task_dag, task_id=one_task, execution_date=20231030T215135, start_date=20231030T215138, end_date=20231030T215139
[2023-10-30T21:51:39.359+0000] {local_task_job.py:208} INFO - Task exited with return code 0
[2023-10-30T21:51:39.369+0000] {taskinstance.py:2578} INFO - 0 downstream tasks scheduled from follow-on schedule check
