[2024-08-17T03:34:41.794+0000] {local_task_job_runner.py:123} INFO - ::group::Pre task execution logs
[2024-08-17T03:34:41.806+0000] {taskinstance.py:2603} INFO - Dependencies all met for dep_context=non-requeueable deps ti=<TaskInstance: two_task_dag.bash_task_0 manual__2024-08-17T03:34:38.023545+00:00 [queued]>
[2024-08-17T03:34:41.813+0000] {taskinstance.py:2603} INFO - Dependencies all met for dep_context=requeueable deps ti=<TaskInstance: two_task_dag.bash_task_0 manual__2024-08-17T03:34:38.023545+00:00 [queued]>
[2024-08-17T03:34:41.813+0000] {taskinstance.py:2856} INFO - Starting attempt 1 of 1
[2024-08-17T03:34:41.859+0000] {taskinstance.py:2879} INFO - Executing <Task(BashOperator): bash_task_0> on 2024-08-17 03:34:38.023545+00:00
[2024-08-17T03:34:41.865+0000] {standard_task_runner.py:72} INFO - Started process 37478 to run task
[2024-08-17T03:34:41.872+0000] {standard_task_runner.py:104} INFO - Running: ['airflow', 'tasks', 'run', 'two_task_dag', 'bash_task_0', 'manual__2024-08-17T03:34:38.023545+00:00', '--job-id', '23', '--raw', '--subdir', 'DAGS_FOLDER/two_task.py', '--cfg-path', '/tmp/tmp_7d9lkv9']
[2024-08-17T03:34:41.874+0000] {standard_task_runner.py:105} INFO - Job 23: Subtask bash_task_0
[2024-08-17T03:34:41.938+0000] {task_command.py:467} INFO - Running <TaskInstance: two_task_dag.bash_task_0 manual__2024-08-17T03:34:38.023545+00:00 [running]> on host codespaces-80360b
[2024-08-17T03:34:42.097+0000] {taskinstance.py:3122} INFO - Exporting env vars: AIRFLOW_CTX_DAG_OWNER='sheen' AIRFLOW_CTX_DAG_ID='two_task_dag' AIRFLOW_CTX_TASK_ID='bash_task_0' AIRFLOW_CTX_EXECUTION_DATE='2024-08-17T03:34:38.023545+00:00' AIRFLOW_CTX_TRY_NUMBER='1' AIRFLOW_CTX_DAG_RUN_ID='manual__2024-08-17T03:34:38.023545+00:00'
[2024-08-17T03:34:42.097+0000] {taskinstance.py:731} INFO - ::endgroup::
[2024-08-17T03:34:42.132+0000] {subprocess.py:63} INFO - Tmp dir root location: /tmp
[2024-08-17T03:34:42.133+0000] {subprocess.py:75} INFO - Running command: ['/usr/bin/bash', '-c', 'echo "First Airflow task !"']
[2024-08-17T03:34:42.158+0000] {subprocess.py:86} INFO - Output:
[2024-08-17T03:34:42.169+0000] {subprocess.py:93} INFO - First Airflow task !
[2024-08-17T03:34:42.170+0000] {subprocess.py:97} INFO - Command exited with return code 0
[2024-08-17T03:34:42.237+0000] {taskinstance.py:340} INFO - ::group::Post task execution logs
[2024-08-17T03:34:42.238+0000] {taskinstance.py:352} INFO - Marking task as SUCCESS. dag_id=two_task_dag, task_id=bash_task_0, run_id=manual__2024-08-17T03:34:38.023545+00:00, execution_date=20240817T033438, start_date=20240817T033441, end_date=20240817T033442
[2024-08-17T03:34:42.331+0000] {local_task_job_runner.py:261} INFO - Task exited with return code 0
[2024-08-17T03:34:42.380+0000] {taskinstance.py:3891} INFO - 1 downstream tasks scheduled from follow-on schedule check
[2024-08-17T03:34:42.421+0000] {local_task_job_runner.py:240} INFO - ::endgroup::
