[2024-08-16T06:46:56.910+0000] {processor.py:186} INFO - Started process (PID=12686) to work on /usr/local/python/3.10.13/lib/python3.10/site-packages/airflow/example_dags/example_latest_only_with_trigger.py
[2024-08-16T06:46:56.910+0000] {processor.py:914} INFO - Processing file /usr/local/python/3.10.13/lib/python3.10/site-packages/airflow/example_dags/example_latest_only_with_trigger.py for tasks to queue
[2024-08-16T06:46:56.912+0000] {logging_mixin.py:190} INFO - [2024-08-16T06:46:56.912+0000] {dagbag.py:587} INFO - Filling up the DagBag from /usr/local/python/3.10.13/lib/python3.10/site-packages/airflow/example_dags/example_latest_only_with_trigger.py
[2024-08-16T06:46:56.918+0000] {processor.py:925} INFO - DAG(s) 'latest_only_with_trigger' retrieved from /usr/local/python/3.10.13/lib/python3.10/site-packages/airflow/example_dags/example_latest_only_with_trigger.py
[2024-08-16T06:46:57.058+0000] {logging_mixin.py:190} INFO - [2024-08-16T06:46:57.057+0000] {override.py:1858} INFO - Created Permission View: can edit on DAG:latest_only_with_trigger
[2024-08-16T06:46:57.094+0000] {logging_mixin.py:190} INFO - [2024-08-16T06:46:57.094+0000] {override.py:1858} INFO - Created Permission View: can read on DAG:latest_only_with_trigger
[2024-08-16T06:46:57.135+0000] {logging_mixin.py:190} INFO - [2024-08-16T06:46:57.135+0000] {override.py:1858} INFO - Created Permission View: can delete on DAG:latest_only_with_trigger
[2024-08-16T06:46:57.136+0000] {logging_mixin.py:190} INFO - [2024-08-16T06:46:57.136+0000] {dag.py:3211} INFO - Sync 1 DAGs
[2024-08-16T06:46:57.151+0000] {logging_mixin.py:190} INFO - [2024-08-16T06:46:57.151+0000] {dag.py:3234} INFO - Creating ORM DAG for latest_only_with_trigger
[2024-08-16T06:46:57.164+0000] {logging_mixin.py:190} INFO - [2024-08-16T06:46:57.164+0000] {dag.py:4138} INFO - Setting next_dagrun for latest_only_with_trigger to 2024-08-16 00:00:00+00:00, run_after=2024-08-16 04:00:00+00:00
[2024-08-16T06:46:57.210+0000] {processor.py:208} INFO - Processing /usr/local/python/3.10.13/lib/python3.10/site-packages/airflow/example_dags/example_latest_only_with_trigger.py took 0.306 seconds
[2024-08-16T06:47:59.209+0000] {processor.py:186} INFO - Started process (PID=13108) to work on /usr/local/python/3.10.13/lib/python3.10/site-packages/airflow/example_dags/example_latest_only_with_trigger.py
[2024-08-16T06:47:59.210+0000] {processor.py:914} INFO - Processing file /usr/local/python/3.10.13/lib/python3.10/site-packages/airflow/example_dags/example_latest_only_with_trigger.py for tasks to queue
[2024-08-16T06:47:59.212+0000] {logging_mixin.py:190} INFO - [2024-08-16T06:47:59.211+0000] {dagbag.py:587} INFO - Filling up the DagBag from /usr/local/python/3.10.13/lib/python3.10/site-packages/airflow/example_dags/example_latest_only_with_trigger.py
[2024-08-16T06:47:59.217+0000] {processor.py:925} INFO - DAG(s) 'latest_only_with_trigger' retrieved from /usr/local/python/3.10.13/lib/python3.10/site-packages/airflow/example_dags/example_latest_only_with_trigger.py
[2024-08-16T06:47:59.230+0000] {logging_mixin.py:190} INFO - [2024-08-16T06:47:59.230+0000] {dag.py:3211} INFO - Sync 1 DAGs
[2024-08-16T06:47:59.245+0000] {logging_mixin.py:190} INFO - [2024-08-16T06:47:59.245+0000] {dag.py:4138} INFO - Setting next_dagrun for latest_only_with_trigger to 2024-08-16 00:00:00+00:00, run_after=2024-08-16 04:00:00+00:00
[2024-08-16T06:47:59.284+0000] {processor.py:208} INFO - Processing /usr/local/python/3.10.13/lib/python3.10/site-packages/airflow/example_dags/example_latest_only_with_trigger.py took 0.080 seconds
[2024-08-16T06:48:56.819+0000] {processor.py:186} INFO - Started process (PID=13506) to work on /usr/local/python/3.10.13/lib/python3.10/site-packages/airflow/example_dags/example_latest_only_with_trigger.py
[2024-08-16T06:48:56.820+0000] {processor.py:914} INFO - Processing file /usr/local/python/3.10.13/lib/python3.10/site-packages/airflow/example_dags/example_latest_only_with_trigger.py for tasks to queue
[2024-08-16T06:48:56.822+0000] {logging_mixin.py:190} INFO - [2024-08-16T06:48:56.821+0000] {dagbag.py:587} INFO - Filling up the DagBag from /usr/local/python/3.10.13/lib/python3.10/site-packages/airflow/example_dags/example_latest_only_with_trigger.py
[2024-08-16T06:48:56.828+0000] {processor.py:925} INFO - DAG(s) 'latest_only_with_trigger' retrieved from /usr/local/python/3.10.13/lib/python3.10/site-packages/airflow/example_dags/example_latest_only_with_trigger.py
[2024-08-16T06:48:56.840+0000] {logging_mixin.py:190} INFO - [2024-08-16T06:48:56.840+0000] {dag.py:3211} INFO - Sync 1 DAGs
[2024-08-16T06:48:56.856+0000] {logging_mixin.py:190} INFO - [2024-08-16T06:48:56.855+0000] {dag.py:4138} INFO - Setting next_dagrun for latest_only_with_trigger to 2024-08-16 00:00:00+00:00, run_after=2024-08-16 04:00:00+00:00
[2024-08-16T06:48:56.895+0000] {processor.py:208} INFO - Processing /usr/local/python/3.10.13/lib/python3.10/site-packages/airflow/example_dags/example_latest_only_with_trigger.py took 0.080 seconds
[2024-08-16T06:49:52.957+0000] {processor.py:186} INFO - Started process (PID=13880) to work on /usr/local/python/3.10.13/lib/python3.10/site-packages/airflow/example_dags/example_latest_only_with_trigger.py
[2024-08-16T06:49:52.958+0000] {processor.py:914} INFO - Processing file /usr/local/python/3.10.13/lib/python3.10/site-packages/airflow/example_dags/example_latest_only_with_trigger.py for tasks to queue
[2024-08-16T06:49:52.960+0000] {logging_mixin.py:190} INFO - [2024-08-16T06:49:52.959+0000] {dagbag.py:587} INFO - Filling up the DagBag from /usr/local/python/3.10.13/lib/python3.10/site-packages/airflow/example_dags/example_latest_only_with_trigger.py
[2024-08-16T06:49:52.966+0000] {processor.py:925} INFO - DAG(s) 'latest_only_with_trigger' retrieved from /usr/local/python/3.10.13/lib/python3.10/site-packages/airflow/example_dags/example_latest_only_with_trigger.py
[2024-08-16T06:49:52.978+0000] {logging_mixin.py:190} INFO - [2024-08-16T06:49:52.978+0000] {dag.py:3211} INFO - Sync 1 DAGs
[2024-08-16T06:49:52.994+0000] {logging_mixin.py:190} INFO - [2024-08-16T06:49:52.994+0000] {dag.py:4138} INFO - Setting next_dagrun for latest_only_with_trigger to 2024-08-16 00:00:00+00:00, run_after=2024-08-16 04:00:00+00:00
[2024-08-16T06:49:53.036+0000] {processor.py:208} INFO - Processing /usr/local/python/3.10.13/lib/python3.10/site-packages/airflow/example_dags/example_latest_only_with_trigger.py took 0.083 seconds
[2024-08-16T06:51:08.372+0000] {processor.py:186} INFO - Started process (PID=14416) to work on /usr/local/python/3.10.13/lib/python3.10/site-packages/airflow/example_dags/example_latest_only_with_trigger.py
[2024-08-16T06:51:08.373+0000] {processor.py:914} INFO - Processing file /usr/local/python/3.10.13/lib/python3.10/site-packages/airflow/example_dags/example_latest_only_with_trigger.py for tasks to queue
[2024-08-16T06:51:08.375+0000] {logging_mixin.py:190} INFO - [2024-08-16T06:51:08.374+0000] {dagbag.py:587} INFO - Filling up the DagBag from /usr/local/python/3.10.13/lib/python3.10/site-packages/airflow/example_dags/example_latest_only_with_trigger.py
[2024-08-16T06:51:08.381+0000] {processor.py:925} INFO - DAG(s) 'latest_only_with_trigger' retrieved from /usr/local/python/3.10.13/lib/python3.10/site-packages/airflow/example_dags/example_latest_only_with_trigger.py
[2024-08-16T06:51:08.394+0000] {logging_mixin.py:190} INFO - [2024-08-16T06:51:08.394+0000] {dag.py:3211} INFO - Sync 1 DAGs
[2024-08-16T06:51:08.409+0000] {logging_mixin.py:190} INFO - [2024-08-16T06:51:08.409+0000] {dag.py:4138} INFO - Setting next_dagrun for latest_only_with_trigger to 2024-08-16 00:00:00+00:00, run_after=2024-08-16 04:00:00+00:00
[2024-08-16T06:51:08.450+0000] {processor.py:208} INFO - Processing /usr/local/python/3.10.13/lib/python3.10/site-packages/airflow/example_dags/example_latest_only_with_trigger.py took 0.082 seconds
[2024-08-16T06:52:22.329+0000] {processor.py:186} INFO - Started process (PID=14926) to work on /usr/local/python/3.10.13/lib/python3.10/site-packages/airflow/example_dags/example_latest_only_with_trigger.py
[2024-08-16T06:52:22.330+0000] {processor.py:914} INFO - Processing file /usr/local/python/3.10.13/lib/python3.10/site-packages/airflow/example_dags/example_latest_only_with_trigger.py for tasks to queue
[2024-08-16T06:52:22.331+0000] {logging_mixin.py:190} INFO - [2024-08-16T06:52:22.331+0000] {dagbag.py:587} INFO - Filling up the DagBag from /usr/local/python/3.10.13/lib/python3.10/site-packages/airflow/example_dags/example_latest_only_with_trigger.py
[2024-08-16T06:52:22.338+0000] {processor.py:925} INFO - DAG(s) 'latest_only_with_trigger' retrieved from /usr/local/python/3.10.13/lib/python3.10/site-packages/airflow/example_dags/example_latest_only_with_trigger.py
[2024-08-16T06:52:22.350+0000] {logging_mixin.py:190} INFO - [2024-08-16T06:52:22.350+0000] {dag.py:3211} INFO - Sync 1 DAGs
[2024-08-16T06:52:22.366+0000] {logging_mixin.py:190} INFO - [2024-08-16T06:52:22.366+0000] {dag.py:4138} INFO - Setting next_dagrun for latest_only_with_trigger to 2024-08-16 00:00:00+00:00, run_after=2024-08-16 04:00:00+00:00
[2024-08-16T06:52:22.409+0000] {processor.py:208} INFO - Processing /usr/local/python/3.10.13/lib/python3.10/site-packages/airflow/example_dags/example_latest_only_with_trigger.py took 0.085 seconds
[2024-08-16T06:53:41.404+0000] {processor.py:186} INFO - Started process (PID=15472) to work on /usr/local/python/3.10.13/lib/python3.10/site-packages/airflow/example_dags/example_latest_only_with_trigger.py
[2024-08-16T06:53:41.405+0000] {processor.py:914} INFO - Processing file /usr/local/python/3.10.13/lib/python3.10/site-packages/airflow/example_dags/example_latest_only_with_trigger.py for tasks to queue
[2024-08-16T06:53:41.407+0000] {logging_mixin.py:190} INFO - [2024-08-16T06:53:41.406+0000] {dagbag.py:587} INFO - Filling up the DagBag from /usr/local/python/3.10.13/lib/python3.10/site-packages/airflow/example_dags/example_latest_only_with_trigger.py
[2024-08-16T06:53:41.416+0000] {processor.py:925} INFO - DAG(s) 'latest_only_with_trigger' retrieved from /usr/local/python/3.10.13/lib/python3.10/site-packages/airflow/example_dags/example_latest_only_with_trigger.py
[2024-08-16T06:53:41.434+0000] {logging_mixin.py:190} INFO - [2024-08-16T06:53:41.434+0000] {dag.py:3211} INFO - Sync 1 DAGs
[2024-08-16T06:53:41.483+0000] {logging_mixin.py:190} INFO - [2024-08-16T06:53:41.482+0000] {dag.py:4138} INFO - Setting next_dagrun for latest_only_with_trigger to 2024-08-16 00:00:00+00:00, run_after=2024-08-16 04:00:00+00:00
[2024-08-16T06:53:41.542+0000] {processor.py:208} INFO - Processing /usr/local/python/3.10.13/lib/python3.10/site-packages/airflow/example_dags/example_latest_only_with_trigger.py took 0.145 seconds
[2024-08-16T06:54:35.193+0000] {processor.py:186} INFO - Started process (PID=15836) to work on /usr/local/python/3.10.13/lib/python3.10/site-packages/airflow/example_dags/example_latest_only_with_trigger.py
[2024-08-16T06:54:35.194+0000] {processor.py:914} INFO - Processing file /usr/local/python/3.10.13/lib/python3.10/site-packages/airflow/example_dags/example_latest_only_with_trigger.py for tasks to queue
[2024-08-16T06:54:35.196+0000] {logging_mixin.py:190} INFO - [2024-08-16T06:54:35.195+0000] {dagbag.py:587} INFO - Filling up the DagBag from /usr/local/python/3.10.13/lib/python3.10/site-packages/airflow/example_dags/example_latest_only_with_trigger.py
[2024-08-16T06:54:35.232+0000] {processor.py:925} INFO - DAG(s) 'latest_only_with_trigger' retrieved from /usr/local/python/3.10.13/lib/python3.10/site-packages/airflow/example_dags/example_latest_only_with_trigger.py
[2024-08-16T06:54:35.268+0000] {logging_mixin.py:190} INFO - [2024-08-16T06:54:35.268+0000] {dag.py:3211} INFO - Sync 1 DAGs
[2024-08-16T06:54:35.293+0000] {logging_mixin.py:190} INFO - [2024-08-16T06:54:35.293+0000] {dag.py:4138} INFO - Setting next_dagrun for latest_only_with_trigger to 2024-08-16 00:00:00+00:00, run_after=2024-08-16 04:00:00+00:00
[2024-08-16T06:54:35.342+0000] {processor.py:208} INFO - Processing /usr/local/python/3.10.13/lib/python3.10/site-packages/airflow/example_dags/example_latest_only_with_trigger.py took 0.156 seconds
[2024-08-16T06:55:30.769+0000] {processor.py:186} INFO - Started process (PID=16210) to work on /usr/local/python/3.10.13/lib/python3.10/site-packages/airflow/example_dags/example_latest_only_with_trigger.py
[2024-08-16T06:55:30.770+0000] {processor.py:914} INFO - Processing file /usr/local/python/3.10.13/lib/python3.10/site-packages/airflow/example_dags/example_latest_only_with_trigger.py for tasks to queue
[2024-08-16T06:55:30.772+0000] {logging_mixin.py:190} INFO - [2024-08-16T06:55:30.771+0000] {dagbag.py:587} INFO - Filling up the DagBag from /usr/local/python/3.10.13/lib/python3.10/site-packages/airflow/example_dags/example_latest_only_with_trigger.py
[2024-08-16T06:55:30.778+0000] {processor.py:925} INFO - DAG(s) 'latest_only_with_trigger' retrieved from /usr/local/python/3.10.13/lib/python3.10/site-packages/airflow/example_dags/example_latest_only_with_trigger.py
[2024-08-16T06:55:30.790+0000] {logging_mixin.py:190} INFO - [2024-08-16T06:55:30.790+0000] {dag.py:3211} INFO - Sync 1 DAGs
[2024-08-16T06:55:30.806+0000] {logging_mixin.py:190} INFO - [2024-08-16T06:55:30.806+0000] {dag.py:4138} INFO - Setting next_dagrun for latest_only_with_trigger to 2024-08-16 00:00:00+00:00, run_after=2024-08-16 04:00:00+00:00
[2024-08-16T06:55:30.846+0000] {processor.py:208} INFO - Processing /usr/local/python/3.10.13/lib/python3.10/site-packages/airflow/example_dags/example_latest_only_with_trigger.py took 0.082 seconds
[2024-08-16T06:56:30.468+0000] {processor.py:186} INFO - Started process (PID=16618) to work on /usr/local/python/3.10.13/lib/python3.10/site-packages/airflow/example_dags/example_latest_only_with_trigger.py
[2024-08-16T06:56:30.469+0000] {processor.py:914} INFO - Processing file /usr/local/python/3.10.13/lib/python3.10/site-packages/airflow/example_dags/example_latest_only_with_trigger.py for tasks to queue
[2024-08-16T06:56:30.470+0000] {logging_mixin.py:190} INFO - [2024-08-16T06:56:30.470+0000] {dagbag.py:587} INFO - Filling up the DagBag from /usr/local/python/3.10.13/lib/python3.10/site-packages/airflow/example_dags/example_latest_only_with_trigger.py
[2024-08-16T06:56:30.476+0000] {processor.py:925} INFO - DAG(s) 'latest_only_with_trigger' retrieved from /usr/local/python/3.10.13/lib/python3.10/site-packages/airflow/example_dags/example_latest_only_with_trigger.py
[2024-08-16T06:56:30.489+0000] {logging_mixin.py:190} INFO - [2024-08-16T06:56:30.489+0000] {dag.py:3211} INFO - Sync 1 DAGs
[2024-08-16T06:56:30.504+0000] {logging_mixin.py:190} INFO - [2024-08-16T06:56:30.504+0000] {dag.py:4138} INFO - Setting next_dagrun for latest_only_with_trigger to 2024-08-16 00:00:00+00:00, run_after=2024-08-16 04:00:00+00:00
[2024-08-16T06:56:30.545+0000] {processor.py:208} INFO - Processing /usr/local/python/3.10.13/lib/python3.10/site-packages/airflow/example_dags/example_latest_only_with_trigger.py took 0.082 seconds
[2024-08-16T06:57:25.212+0000] {processor.py:186} INFO - Started process (PID=17006) to work on /usr/local/python/3.10.13/lib/python3.10/site-packages/airflow/example_dags/example_latest_only_with_trigger.py
[2024-08-16T06:57:25.213+0000] {processor.py:914} INFO - Processing file /usr/local/python/3.10.13/lib/python3.10/site-packages/airflow/example_dags/example_latest_only_with_trigger.py for tasks to queue
[2024-08-16T06:57:25.214+0000] {logging_mixin.py:190} INFO - [2024-08-16T06:57:25.214+0000] {dagbag.py:587} INFO - Filling up the DagBag from /usr/local/python/3.10.13/lib/python3.10/site-packages/airflow/example_dags/example_latest_only_with_trigger.py
[2024-08-16T06:57:25.221+0000] {processor.py:925} INFO - DAG(s) 'latest_only_with_trigger' retrieved from /usr/local/python/3.10.13/lib/python3.10/site-packages/airflow/example_dags/example_latest_only_with_trigger.py
[2024-08-16T06:57:25.233+0000] {logging_mixin.py:190} INFO - [2024-08-16T06:57:25.233+0000] {dag.py:3211} INFO - Sync 1 DAGs
[2024-08-16T06:57:25.249+0000] {logging_mixin.py:190} INFO - [2024-08-16T06:57:25.249+0000] {dag.py:4138} INFO - Setting next_dagrun for latest_only_with_trigger to 2024-08-16 00:00:00+00:00, run_after=2024-08-16 04:00:00+00:00
[2024-08-16T06:57:25.289+0000] {processor.py:208} INFO - Processing /usr/local/python/3.10.13/lib/python3.10/site-packages/airflow/example_dags/example_latest_only_with_trigger.py took 0.081 seconds
[2024-08-16T06:58:19.332+0000] {processor.py:186} INFO - Started process (PID=17374) to work on /usr/local/python/3.10.13/lib/python3.10/site-packages/airflow/example_dags/example_latest_only_with_trigger.py
[2024-08-16T06:58:19.333+0000] {processor.py:914} INFO - Processing file /usr/local/python/3.10.13/lib/python3.10/site-packages/airflow/example_dags/example_latest_only_with_trigger.py for tasks to queue
[2024-08-16T06:58:19.336+0000] {logging_mixin.py:190} INFO - [2024-08-16T06:58:19.335+0000] {dagbag.py:587} INFO - Filling up the DagBag from /usr/local/python/3.10.13/lib/python3.10/site-packages/airflow/example_dags/example_latest_only_with_trigger.py
[2024-08-16T06:58:19.344+0000] {processor.py:925} INFO - DAG(s) 'latest_only_with_trigger' retrieved from /usr/local/python/3.10.13/lib/python3.10/site-packages/airflow/example_dags/example_latest_only_with_trigger.py
[2024-08-16T06:58:19.362+0000] {logging_mixin.py:190} INFO - [2024-08-16T06:58:19.362+0000] {dag.py:3211} INFO - Sync 1 DAGs
[2024-08-16T06:58:19.385+0000] {logging_mixin.py:190} INFO - [2024-08-16T06:58:19.385+0000] {dag.py:4138} INFO - Setting next_dagrun for latest_only_with_trigger to 2024-08-16 00:00:00+00:00, run_after=2024-08-16 04:00:00+00:00
[2024-08-16T06:58:19.430+0000] {processor.py:208} INFO - Processing /usr/local/python/3.10.13/lib/python3.10/site-packages/airflow/example_dags/example_latest_only_with_trigger.py took 0.104 seconds
[2024-08-16T06:59:37.686+0000] {processor.py:186} INFO - Started process (PID=18062) to work on /usr/local/python/3.10.13/lib/python3.10/site-packages/airflow/example_dags/example_latest_only_with_trigger.py
[2024-08-16T06:59:37.687+0000] {processor.py:914} INFO - Processing file /usr/local/python/3.10.13/lib/python3.10/site-packages/airflow/example_dags/example_latest_only_with_trigger.py for tasks to queue
[2024-08-16T06:59:37.688+0000] {logging_mixin.py:190} INFO - [2024-08-16T06:59:37.688+0000] {dagbag.py:587} INFO - Filling up the DagBag from /usr/local/python/3.10.13/lib/python3.10/site-packages/airflow/example_dags/example_latest_only_with_trigger.py
[2024-08-16T06:59:37.695+0000] {processor.py:925} INFO - DAG(s) 'latest_only_with_trigger' retrieved from /usr/local/python/3.10.13/lib/python3.10/site-packages/airflow/example_dags/example_latest_only_with_trigger.py
[2024-08-16T06:59:37.707+0000] {logging_mixin.py:190} INFO - [2024-08-16T06:59:37.707+0000] {dag.py:3211} INFO - Sync 1 DAGs
[2024-08-16T06:59:37.723+0000] {logging_mixin.py:190} INFO - [2024-08-16T06:59:37.723+0000] {dag.py:4138} INFO - Setting next_dagrun for latest_only_with_trigger to 2024-08-16 00:00:00+00:00, run_after=2024-08-16 04:00:00+00:00
[2024-08-16T06:59:37.764+0000] {processor.py:208} INFO - Processing /usr/local/python/3.10.13/lib/python3.10/site-packages/airflow/example_dags/example_latest_only_with_trigger.py took 0.083 seconds
[2024-08-16T07:00:57.473+0000] {processor.py:186} INFO - Started process (PID=18712) to work on /usr/local/python/3.10.13/lib/python3.10/site-packages/airflow/example_dags/example_latest_only_with_trigger.py
[2024-08-16T07:00:57.474+0000] {processor.py:914} INFO - Processing file /usr/local/python/3.10.13/lib/python3.10/site-packages/airflow/example_dags/example_latest_only_with_trigger.py for tasks to queue
[2024-08-16T07:00:57.477+0000] {logging_mixin.py:190} INFO - [2024-08-16T07:00:57.477+0000] {dagbag.py:587} INFO - Filling up the DagBag from /usr/local/python/3.10.13/lib/python3.10/site-packages/airflow/example_dags/example_latest_only_with_trigger.py
[2024-08-16T07:00:57.487+0000] {processor.py:925} INFO - DAG(s) 'latest_only_with_trigger' retrieved from /usr/local/python/3.10.13/lib/python3.10/site-packages/airflow/example_dags/example_latest_only_with_trigger.py
[2024-08-16T07:00:57.507+0000] {logging_mixin.py:190} INFO - [2024-08-16T07:00:57.506+0000] {dag.py:3211} INFO - Sync 1 DAGs
[2024-08-16T07:00:57.536+0000] {logging_mixin.py:190} INFO - [2024-08-16T07:00:57.535+0000] {dag.py:4138} INFO - Setting next_dagrun for latest_only_with_trigger to 2024-08-16 00:00:00+00:00, run_after=2024-08-16 04:00:00+00:00
[2024-08-16T07:00:57.586+0000] {processor.py:208} INFO - Processing /usr/local/python/3.10.13/lib/python3.10/site-packages/airflow/example_dags/example_latest_only_with_trigger.py took 0.120 seconds
[2024-08-16T07:02:16.143+0000] {processor.py:186} INFO - Started process (PID=19275) to work on /usr/local/python/3.10.13/lib/python3.10/site-packages/airflow/example_dags/example_latest_only_with_trigger.py
[2024-08-16T07:02:16.144+0000] {processor.py:914} INFO - Processing file /usr/local/python/3.10.13/lib/python3.10/site-packages/airflow/example_dags/example_latest_only_with_trigger.py for tasks to queue
[2024-08-16T07:02:16.145+0000] {logging_mixin.py:190} INFO - [2024-08-16T07:02:16.145+0000] {dagbag.py:587} INFO - Filling up the DagBag from /usr/local/python/3.10.13/lib/python3.10/site-packages/airflow/example_dags/example_latest_only_with_trigger.py
[2024-08-16T07:02:16.151+0000] {processor.py:925} INFO - DAG(s) 'latest_only_with_trigger' retrieved from /usr/local/python/3.10.13/lib/python3.10/site-packages/airflow/example_dags/example_latest_only_with_trigger.py
[2024-08-16T07:02:16.164+0000] {logging_mixin.py:190} INFO - [2024-08-16T07:02:16.164+0000] {dag.py:3211} INFO - Sync 1 DAGs
[2024-08-16T07:02:16.180+0000] {logging_mixin.py:190} INFO - [2024-08-16T07:02:16.180+0000] {dag.py:4138} INFO - Setting next_dagrun for latest_only_with_trigger to 2024-08-16 00:00:00+00:00, run_after=2024-08-16 04:00:00+00:00
[2024-08-16T07:02:16.223+0000] {processor.py:208} INFO - Processing /usr/local/python/3.10.13/lib/python3.10/site-packages/airflow/example_dags/example_latest_only_with_trigger.py took 0.085 seconds
