[2024-08-16T06:46:13.702+0000] {processor.py:186} INFO - Started process (PID=12291) to work on /usr/local/python/3.10.13/lib/python3.10/site-packages/airflow/example_dags/example_nested_branch_dag.py
[2024-08-16T06:46:13.703+0000] {processor.py:914} INFO - Processing file /usr/local/python/3.10.13/lib/python3.10/site-packages/airflow/example_dags/example_nested_branch_dag.py for tasks to queue
[2024-08-16T06:46:13.705+0000] {logging_mixin.py:190} INFO - [2024-08-16T06:46:13.705+0000] {dagbag.py:587} INFO - Filling up the DagBag from /usr/local/python/3.10.13/lib/python3.10/site-packages/airflow/example_dags/example_nested_branch_dag.py
[2024-08-16T06:46:13.949+0000] {processor.py:925} INFO - DAG(s) 'example_nested_branch_dag' retrieved from /usr/local/python/3.10.13/lib/python3.10/site-packages/airflow/example_dags/example_nested_branch_dag.py
[2024-08-16T06:46:14.120+0000] {logging_mixin.py:190} INFO - [2024-08-16T06:46:14.120+0000] {override.py:1858} INFO - Created Permission View: can edit on DAG:example_nested_branch_dag
[2024-08-16T06:46:14.154+0000] {logging_mixin.py:190} INFO - [2024-08-16T06:46:14.154+0000] {override.py:1858} INFO - Created Permission View: can read on DAG:example_nested_branch_dag
[2024-08-16T06:46:14.184+0000] {logging_mixin.py:190} INFO - [2024-08-16T06:46:14.184+0000] {override.py:1858} INFO - Created Permission View: can delete on DAG:example_nested_branch_dag
[2024-08-16T06:46:14.185+0000] {logging_mixin.py:190} INFO - [2024-08-16T06:46:14.184+0000] {dag.py:3211} INFO - Sync 1 DAGs
[2024-08-16T06:46:14.193+0000] {logging_mixin.py:190} INFO - [2024-08-16T06:46:14.193+0000] {dag.py:3234} INFO - Creating ORM DAG for example_nested_branch_dag
[2024-08-16T06:46:14.202+0000] {logging_mixin.py:190} INFO - [2024-08-16T06:46:14.202+0000] {dag.py:4138} INFO - Setting next_dagrun for example_nested_branch_dag to 2024-08-15 00:00:00+00:00, run_after=2024-08-16 00:00:00+00:00
[2024-08-16T06:46:14.245+0000] {processor.py:208} INFO - Processing /usr/local/python/3.10.13/lib/python3.10/site-packages/airflow/example_dags/example_nested_branch_dag.py took 0.550 seconds
[2024-08-16T06:47:21.864+0000] {processor.py:186} INFO - Started process (PID=12860) to work on /usr/local/python/3.10.13/lib/python3.10/site-packages/airflow/example_dags/example_nested_branch_dag.py
[2024-08-16T06:47:21.865+0000] {processor.py:914} INFO - Processing file /usr/local/python/3.10.13/lib/python3.10/site-packages/airflow/example_dags/example_nested_branch_dag.py for tasks to queue
[2024-08-16T06:47:21.868+0000] {logging_mixin.py:190} INFO - [2024-08-16T06:47:21.867+0000] {dagbag.py:587} INFO - Filling up the DagBag from /usr/local/python/3.10.13/lib/python3.10/site-packages/airflow/example_dags/example_nested_branch_dag.py
[2024-08-16T06:47:21.883+0000] {processor.py:925} INFO - DAG(s) 'example_nested_branch_dag' retrieved from /usr/local/python/3.10.13/lib/python3.10/site-packages/airflow/example_dags/example_nested_branch_dag.py
[2024-08-16T06:47:21.898+0000] {logging_mixin.py:190} INFO - [2024-08-16T06:47:21.897+0000] {dag.py:3211} INFO - Sync 1 DAGs
[2024-08-16T06:47:21.924+0000] {logging_mixin.py:190} INFO - [2024-08-16T06:47:21.923+0000] {dag.py:4138} INFO - Setting next_dagrun for example_nested_branch_dag to 2024-08-15 00:00:00+00:00, run_after=2024-08-16 00:00:00+00:00
[2024-08-16T06:47:21.970+0000] {processor.py:208} INFO - Processing /usr/local/python/3.10.13/lib/python3.10/site-packages/airflow/example_dags/example_nested_branch_dag.py took 0.113 seconds
[2024-08-16T06:48:19.103+0000] {processor.py:186} INFO - Started process (PID=13248) to work on /usr/local/python/3.10.13/lib/python3.10/site-packages/airflow/example_dags/example_nested_branch_dag.py
[2024-08-16T06:48:19.104+0000] {processor.py:914} INFO - Processing file /usr/local/python/3.10.13/lib/python3.10/site-packages/airflow/example_dags/example_nested_branch_dag.py for tasks to queue
[2024-08-16T06:48:19.106+0000] {logging_mixin.py:190} INFO - [2024-08-16T06:48:19.105+0000] {dagbag.py:587} INFO - Filling up the DagBag from /usr/local/python/3.10.13/lib/python3.10/site-packages/airflow/example_dags/example_nested_branch_dag.py
[2024-08-16T06:48:19.116+0000] {processor.py:925} INFO - DAG(s) 'example_nested_branch_dag' retrieved from /usr/local/python/3.10.13/lib/python3.10/site-packages/airflow/example_dags/example_nested_branch_dag.py
[2024-08-16T06:48:19.129+0000] {logging_mixin.py:190} INFO - [2024-08-16T06:48:19.129+0000] {dag.py:3211} INFO - Sync 1 DAGs
[2024-08-16T06:48:19.146+0000] {logging_mixin.py:190} INFO - [2024-08-16T06:48:19.146+0000] {dag.py:4138} INFO - Setting next_dagrun for example_nested_branch_dag to 2024-08-15 00:00:00+00:00, run_after=2024-08-16 00:00:00+00:00
[2024-08-16T06:48:19.187+0000] {processor.py:208} INFO - Processing /usr/local/python/3.10.13/lib/python3.10/site-packages/airflow/example_dags/example_nested_branch_dag.py took 0.088 seconds
[2024-08-16T06:49:13.442+0000] {processor.py:186} INFO - Started process (PID=13608) to work on /usr/local/python/3.10.13/lib/python3.10/site-packages/airflow/example_dags/example_nested_branch_dag.py
[2024-08-16T06:49:13.442+0000] {processor.py:914} INFO - Processing file /usr/local/python/3.10.13/lib/python3.10/site-packages/airflow/example_dags/example_nested_branch_dag.py for tasks to queue
[2024-08-16T06:49:13.445+0000] {logging_mixin.py:190} INFO - [2024-08-16T06:49:13.445+0000] {dagbag.py:587} INFO - Filling up the DagBag from /usr/local/python/3.10.13/lib/python3.10/site-packages/airflow/example_dags/example_nested_branch_dag.py
[2024-08-16T06:49:13.459+0000] {processor.py:925} INFO - DAG(s) 'example_nested_branch_dag' retrieved from /usr/local/python/3.10.13/lib/python3.10/site-packages/airflow/example_dags/example_nested_branch_dag.py
[2024-08-16T06:49:13.484+0000] {logging_mixin.py:190} INFO - [2024-08-16T06:49:13.483+0000] {dag.py:3211} INFO - Sync 1 DAGs
[2024-08-16T06:49:13.520+0000] {logging_mixin.py:190} INFO - [2024-08-16T06:49:13.520+0000] {dag.py:4138} INFO - Setting next_dagrun for example_nested_branch_dag to 2024-08-15 00:00:00+00:00, run_after=2024-08-16 00:00:00+00:00
[2024-08-16T06:49:13.569+0000] {processor.py:208} INFO - Processing /usr/local/python/3.10.13/lib/python3.10/site-packages/airflow/example_dags/example_nested_branch_dag.py took 0.134 seconds
[2024-08-16T06:50:05.612+0000] {processor.py:186} INFO - Started process (PID=13983) to work on /usr/local/python/3.10.13/lib/python3.10/site-packages/airflow/example_dags/example_nested_branch_dag.py
[2024-08-16T06:50:05.612+0000] {processor.py:914} INFO - Processing file /usr/local/python/3.10.13/lib/python3.10/site-packages/airflow/example_dags/example_nested_branch_dag.py for tasks to queue
[2024-08-16T06:50:05.614+0000] {logging_mixin.py:190} INFO - [2024-08-16T06:50:05.614+0000] {dagbag.py:587} INFO - Filling up the DagBag from /usr/local/python/3.10.13/lib/python3.10/site-packages/airflow/example_dags/example_nested_branch_dag.py
[2024-08-16T06:50:05.624+0000] {processor.py:925} INFO - DAG(s) 'example_nested_branch_dag' retrieved from /usr/local/python/3.10.13/lib/python3.10/site-packages/airflow/example_dags/example_nested_branch_dag.py
[2024-08-16T06:50:05.638+0000] {logging_mixin.py:190} INFO - [2024-08-16T06:50:05.638+0000] {dag.py:3211} INFO - Sync 1 DAGs
[2024-08-16T06:50:05.654+0000] {logging_mixin.py:190} INFO - [2024-08-16T06:50:05.654+0000] {dag.py:4138} INFO - Setting next_dagrun for example_nested_branch_dag to 2024-08-15 00:00:00+00:00, run_after=2024-08-16 00:00:00+00:00
[2024-08-16T06:50:05.697+0000] {processor.py:208} INFO - Processing /usr/local/python/3.10.13/lib/python3.10/site-packages/airflow/example_dags/example_nested_branch_dag.py took 0.090 seconds
[2024-08-16T06:50:55.600+0000] {processor.py:186} INFO - Started process (PID=14308) to work on /usr/local/python/3.10.13/lib/python3.10/site-packages/airflow/example_dags/example_nested_branch_dag.py
[2024-08-16T06:50:55.601+0000] {processor.py:914} INFO - Processing file /usr/local/python/3.10.13/lib/python3.10/site-packages/airflow/example_dags/example_nested_branch_dag.py for tasks to queue
[2024-08-16T06:50:55.603+0000] {logging_mixin.py:190} INFO - [2024-08-16T06:50:55.603+0000] {dagbag.py:587} INFO - Filling up the DagBag from /usr/local/python/3.10.13/lib/python3.10/site-packages/airflow/example_dags/example_nested_branch_dag.py
[2024-08-16T06:50:55.621+0000] {processor.py:925} INFO - DAG(s) 'example_nested_branch_dag' retrieved from /usr/local/python/3.10.13/lib/python3.10/site-packages/airflow/example_dags/example_nested_branch_dag.py
[2024-08-16T06:50:55.651+0000] {logging_mixin.py:190} INFO - [2024-08-16T06:50:55.651+0000] {dag.py:3211} INFO - Sync 1 DAGs
[2024-08-16T06:50:55.681+0000] {logging_mixin.py:190} INFO - [2024-08-16T06:50:55.680+0000] {dag.py:4138} INFO - Setting next_dagrun for example_nested_branch_dag to 2024-08-15 00:00:00+00:00, run_after=2024-08-16 00:00:00+00:00
[2024-08-16T06:50:55.733+0000] {processor.py:208} INFO - Processing /usr/local/python/3.10.13/lib/python3.10/site-packages/airflow/example_dags/example_nested_branch_dag.py took 0.141 seconds
[2024-08-16T06:51:44.229+0000] {processor.py:186} INFO - Started process (PID=14654) to work on /usr/local/python/3.10.13/lib/python3.10/site-packages/airflow/example_dags/example_nested_branch_dag.py
[2024-08-16T06:51:44.229+0000] {processor.py:914} INFO - Processing file /usr/local/python/3.10.13/lib/python3.10/site-packages/airflow/example_dags/example_nested_branch_dag.py for tasks to queue
[2024-08-16T06:51:44.232+0000] {logging_mixin.py:190} INFO - [2024-08-16T06:51:44.231+0000] {dagbag.py:587} INFO - Filling up the DagBag from /usr/local/python/3.10.13/lib/python3.10/site-packages/airflow/example_dags/example_nested_branch_dag.py
[2024-08-16T06:51:44.246+0000] {processor.py:925} INFO - DAG(s) 'example_nested_branch_dag' retrieved from /usr/local/python/3.10.13/lib/python3.10/site-packages/airflow/example_dags/example_nested_branch_dag.py
[2024-08-16T06:51:44.262+0000] {logging_mixin.py:190} INFO - [2024-08-16T06:51:44.262+0000] {dag.py:3211} INFO - Sync 1 DAGs
[2024-08-16T06:51:44.279+0000] {logging_mixin.py:190} INFO - [2024-08-16T06:51:44.279+0000] {dag.py:4138} INFO - Setting next_dagrun for example_nested_branch_dag to 2024-08-15 00:00:00+00:00, run_after=2024-08-16 00:00:00+00:00
[2024-08-16T06:51:44.318+0000] {processor.py:208} INFO - Processing /usr/local/python/3.10.13/lib/python3.10/site-packages/airflow/example_dags/example_nested_branch_dag.py took 0.096 seconds
[2024-08-16T06:52:34.300+0000] {processor.py:186} INFO - Started process (PID=15005) to work on /usr/local/python/3.10.13/lib/python3.10/site-packages/airflow/example_dags/example_nested_branch_dag.py
[2024-08-16T06:52:34.301+0000] {processor.py:914} INFO - Processing file /usr/local/python/3.10.13/lib/python3.10/site-packages/airflow/example_dags/example_nested_branch_dag.py for tasks to queue
[2024-08-16T06:52:34.302+0000] {logging_mixin.py:190} INFO - [2024-08-16T06:52:34.302+0000] {dagbag.py:587} INFO - Filling up the DagBag from /usr/local/python/3.10.13/lib/python3.10/site-packages/airflow/example_dags/example_nested_branch_dag.py
[2024-08-16T06:52:34.312+0000] {processor.py:925} INFO - DAG(s) 'example_nested_branch_dag' retrieved from /usr/local/python/3.10.13/lib/python3.10/site-packages/airflow/example_dags/example_nested_branch_dag.py
[2024-08-16T06:52:34.325+0000] {logging_mixin.py:190} INFO - [2024-08-16T06:52:34.325+0000] {dag.py:3211} INFO - Sync 1 DAGs
[2024-08-16T06:52:34.341+0000] {logging_mixin.py:190} INFO - [2024-08-16T06:52:34.341+0000] {dag.py:4138} INFO - Setting next_dagrun for example_nested_branch_dag to 2024-08-15 00:00:00+00:00, run_after=2024-08-16 00:00:00+00:00
[2024-08-16T06:52:34.383+0000] {processor.py:208} INFO - Processing /usr/local/python/3.10.13/lib/python3.10/site-packages/airflow/example_dags/example_nested_branch_dag.py took 0.088 seconds
[2024-08-16T06:53:28.586+0000] {processor.py:186} INFO - Started process (PID=15365) to work on /usr/local/python/3.10.13/lib/python3.10/site-packages/airflow/example_dags/example_nested_branch_dag.py
[2024-08-16T06:53:28.586+0000] {processor.py:914} INFO - Processing file /usr/local/python/3.10.13/lib/python3.10/site-packages/airflow/example_dags/example_nested_branch_dag.py for tasks to queue
[2024-08-16T06:53:28.588+0000] {logging_mixin.py:190} INFO - [2024-08-16T06:53:28.588+0000] {dagbag.py:587} INFO - Filling up the DagBag from /usr/local/python/3.10.13/lib/python3.10/site-packages/airflow/example_dags/example_nested_branch_dag.py
[2024-08-16T06:53:28.598+0000] {processor.py:925} INFO - DAG(s) 'example_nested_branch_dag' retrieved from /usr/local/python/3.10.13/lib/python3.10/site-packages/airflow/example_dags/example_nested_branch_dag.py
[2024-08-16T06:53:28.611+0000] {logging_mixin.py:190} INFO - [2024-08-16T06:53:28.611+0000] {dag.py:3211} INFO - Sync 1 DAGs
[2024-08-16T06:53:28.627+0000] {logging_mixin.py:190} INFO - [2024-08-16T06:53:28.627+0000] {dag.py:4138} INFO - Setting next_dagrun for example_nested_branch_dag to 2024-08-15 00:00:00+00:00, run_after=2024-08-16 00:00:00+00:00
[2024-08-16T06:53:28.668+0000] {processor.py:208} INFO - Processing /usr/local/python/3.10.13/lib/python3.10/site-packages/airflow/example_dags/example_nested_branch_dag.py took 0.087 seconds
[2024-08-16T06:54:22.983+0000] {processor.py:186} INFO - Started process (PID=15755) to work on /usr/local/python/3.10.13/lib/python3.10/site-packages/airflow/example_dags/example_nested_branch_dag.py
[2024-08-16T06:54:22.984+0000] {processor.py:914} INFO - Processing file /usr/local/python/3.10.13/lib/python3.10/site-packages/airflow/example_dags/example_nested_branch_dag.py for tasks to queue
[2024-08-16T06:54:22.985+0000] {logging_mixin.py:190} INFO - [2024-08-16T06:54:22.985+0000] {dagbag.py:587} INFO - Filling up the DagBag from /usr/local/python/3.10.13/lib/python3.10/site-packages/airflow/example_dags/example_nested_branch_dag.py
[2024-08-16T06:54:22.995+0000] {processor.py:925} INFO - DAG(s) 'example_nested_branch_dag' retrieved from /usr/local/python/3.10.13/lib/python3.10/site-packages/airflow/example_dags/example_nested_branch_dag.py
[2024-08-16T06:54:23.008+0000] {logging_mixin.py:190} INFO - [2024-08-16T06:54:23.008+0000] {dag.py:3211} INFO - Sync 1 DAGs
[2024-08-16T06:54:23.025+0000] {logging_mixin.py:190} INFO - [2024-08-16T06:54:23.025+0000] {dag.py:4138} INFO - Setting next_dagrun for example_nested_branch_dag to 2024-08-15 00:00:00+00:00, run_after=2024-08-16 00:00:00+00:00
[2024-08-16T06:54:23.068+0000] {processor.py:208} INFO - Processing /usr/local/python/3.10.13/lib/python3.10/site-packages/airflow/example_dags/example_nested_branch_dag.py took 0.090 seconds
[2024-08-16T06:55:16.470+0000] {processor.py:186} INFO - Started process (PID=16119) to work on /usr/local/python/3.10.13/lib/python3.10/site-packages/airflow/example_dags/example_nested_branch_dag.py
[2024-08-16T06:55:16.471+0000] {processor.py:914} INFO - Processing file /usr/local/python/3.10.13/lib/python3.10/site-packages/airflow/example_dags/example_nested_branch_dag.py for tasks to queue
[2024-08-16T06:55:16.473+0000] {logging_mixin.py:190} INFO - [2024-08-16T06:55:16.473+0000] {dagbag.py:587} INFO - Filling up the DagBag from /usr/local/python/3.10.13/lib/python3.10/site-packages/airflow/example_dags/example_nested_branch_dag.py
[2024-08-16T06:55:16.482+0000] {processor.py:925} INFO - DAG(s) 'example_nested_branch_dag' retrieved from /usr/local/python/3.10.13/lib/python3.10/site-packages/airflow/example_dags/example_nested_branch_dag.py
[2024-08-16T06:55:16.496+0000] {logging_mixin.py:190} INFO - [2024-08-16T06:55:16.496+0000] {dag.py:3211} INFO - Sync 1 DAGs
[2024-08-16T06:55:16.513+0000] {logging_mixin.py:190} INFO - [2024-08-16T06:55:16.512+0000] {dag.py:4138} INFO - Setting next_dagrun for example_nested_branch_dag to 2024-08-15 00:00:00+00:00, run_after=2024-08-16 00:00:00+00:00
[2024-08-16T06:55:16.557+0000] {processor.py:208} INFO - Processing /usr/local/python/3.10.13/lib/python3.10/site-packages/airflow/example_dags/example_nested_branch_dag.py took 0.092 seconds
[2024-08-16T06:56:17.201+0000] {processor.py:186} INFO - Started process (PID=16533) to work on /usr/local/python/3.10.13/lib/python3.10/site-packages/airflow/example_dags/example_nested_branch_dag.py
[2024-08-16T06:56:17.202+0000] {processor.py:914} INFO - Processing file /usr/local/python/3.10.13/lib/python3.10/site-packages/airflow/example_dags/example_nested_branch_dag.py for tasks to queue
[2024-08-16T06:56:17.203+0000] {logging_mixin.py:190} INFO - [2024-08-16T06:56:17.203+0000] {dagbag.py:587} INFO - Filling up the DagBag from /usr/local/python/3.10.13/lib/python3.10/site-packages/airflow/example_dags/example_nested_branch_dag.py
[2024-08-16T06:56:17.213+0000] {processor.py:925} INFO - DAG(s) 'example_nested_branch_dag' retrieved from /usr/local/python/3.10.13/lib/python3.10/site-packages/airflow/example_dags/example_nested_branch_dag.py
[2024-08-16T06:56:17.226+0000] {logging_mixin.py:190} INFO - [2024-08-16T06:56:17.226+0000] {dag.py:3211} INFO - Sync 1 DAGs
[2024-08-16T06:56:17.244+0000] {logging_mixin.py:190} INFO - [2024-08-16T06:56:17.243+0000] {dag.py:4138} INFO - Setting next_dagrun for example_nested_branch_dag to 2024-08-15 00:00:00+00:00, run_after=2024-08-16 00:00:00+00:00
[2024-08-16T06:56:17.285+0000] {processor.py:208} INFO - Processing /usr/local/python/3.10.13/lib/python3.10/site-packages/airflow/example_dags/example_nested_branch_dag.py took 0.088 seconds
[2024-08-16T06:57:12.938+0000] {processor.py:186} INFO - Started process (PID=16903) to work on /usr/local/python/3.10.13/lib/python3.10/site-packages/airflow/example_dags/example_nested_branch_dag.py
[2024-08-16T06:57:12.939+0000] {processor.py:914} INFO - Processing file /usr/local/python/3.10.13/lib/python3.10/site-packages/airflow/example_dags/example_nested_branch_dag.py for tasks to queue
[2024-08-16T06:57:12.940+0000] {logging_mixin.py:190} INFO - [2024-08-16T06:57:12.940+0000] {dagbag.py:587} INFO - Filling up the DagBag from /usr/local/python/3.10.13/lib/python3.10/site-packages/airflow/example_dags/example_nested_branch_dag.py
[2024-08-16T06:57:12.950+0000] {processor.py:925} INFO - DAG(s) 'example_nested_branch_dag' retrieved from /usr/local/python/3.10.13/lib/python3.10/site-packages/airflow/example_dags/example_nested_branch_dag.py
[2024-08-16T06:57:12.964+0000] {logging_mixin.py:190} INFO - [2024-08-16T06:57:12.964+0000] {dag.py:3211} INFO - Sync 1 DAGs
[2024-08-16T06:57:12.981+0000] {logging_mixin.py:190} INFO - [2024-08-16T06:57:12.981+0000] {dag.py:4138} INFO - Setting next_dagrun for example_nested_branch_dag to 2024-08-15 00:00:00+00:00, run_after=2024-08-16 00:00:00+00:00
[2024-08-16T06:57:13.025+0000] {processor.py:208} INFO - Processing /usr/local/python/3.10.13/lib/python3.10/site-packages/airflow/example_dags/example_nested_branch_dag.py took 0.091 seconds
[2024-08-16T06:58:06.784+0000] {processor.py:186} INFO - Started process (PID=17288) to work on /usr/local/python/3.10.13/lib/python3.10/site-packages/airflow/example_dags/example_nested_branch_dag.py
[2024-08-16T06:58:06.785+0000] {processor.py:914} INFO - Processing file /usr/local/python/3.10.13/lib/python3.10/site-packages/airflow/example_dags/example_nested_branch_dag.py for tasks to queue
[2024-08-16T06:58:06.787+0000] {logging_mixin.py:190} INFO - [2024-08-16T06:58:06.786+0000] {dagbag.py:587} INFO - Filling up the DagBag from /usr/local/python/3.10.13/lib/python3.10/site-packages/airflow/example_dags/example_nested_branch_dag.py
[2024-08-16T06:58:06.796+0000] {processor.py:925} INFO - DAG(s) 'example_nested_branch_dag' retrieved from /usr/local/python/3.10.13/lib/python3.10/site-packages/airflow/example_dags/example_nested_branch_dag.py
[2024-08-16T06:58:06.810+0000] {logging_mixin.py:190} INFO - [2024-08-16T06:58:06.810+0000] {dag.py:3211} INFO - Sync 1 DAGs
[2024-08-16T06:58:06.830+0000] {logging_mixin.py:190} INFO - [2024-08-16T06:58:06.830+0000] {dag.py:4138} INFO - Setting next_dagrun for example_nested_branch_dag to 2024-08-15 00:00:00+00:00, run_after=2024-08-16 00:00:00+00:00
[2024-08-16T06:58:06.871+0000] {processor.py:208} INFO - Processing /usr/local/python/3.10.13/lib/python3.10/site-packages/airflow/example_dags/example_nested_branch_dag.py took 0.091 seconds
[2024-08-16T06:58:58.886+0000] {processor.py:186} INFO - Started process (PID=17643) to work on /usr/local/python/3.10.13/lib/python3.10/site-packages/airflow/example_dags/example_nested_branch_dag.py
[2024-08-16T06:58:58.887+0000] {processor.py:914} INFO - Processing file /usr/local/python/3.10.13/lib/python3.10/site-packages/airflow/example_dags/example_nested_branch_dag.py for tasks to queue
[2024-08-16T06:58:58.889+0000] {logging_mixin.py:190} INFO - [2024-08-16T06:58:58.889+0000] {dagbag.py:587} INFO - Filling up the DagBag from /usr/local/python/3.10.13/lib/python3.10/site-packages/airflow/example_dags/example_nested_branch_dag.py
[2024-08-16T06:58:58.904+0000] {processor.py:925} INFO - DAG(s) 'example_nested_branch_dag' retrieved from /usr/local/python/3.10.13/lib/python3.10/site-packages/airflow/example_dags/example_nested_branch_dag.py
[2024-08-16T06:58:58.924+0000] {logging_mixin.py:190} INFO - [2024-08-16T06:58:58.924+0000] {dag.py:3211} INFO - Sync 1 DAGs
[2024-08-16T06:58:58.950+0000] {logging_mixin.py:190} INFO - [2024-08-16T06:58:58.950+0000] {dag.py:4138} INFO - Setting next_dagrun for example_nested_branch_dag to 2024-08-15 00:00:00+00:00, run_after=2024-08-16 00:00:00+00:00
[2024-08-16T06:58:58.996+0000] {processor.py:208} INFO - Processing /usr/local/python/3.10.13/lib/python3.10/site-packages/airflow/example_dags/example_nested_branch_dag.py took 0.116 seconds
[2024-08-16T06:59:51.094+0000] {processor.py:186} INFO - Started process (PID=18170) to work on /usr/local/python/3.10.13/lib/python3.10/site-packages/airflow/example_dags/example_nested_branch_dag.py
[2024-08-16T06:59:51.097+0000] {processor.py:914} INFO - Processing file /usr/local/python/3.10.13/lib/python3.10/site-packages/airflow/example_dags/example_nested_branch_dag.py for tasks to queue
[2024-08-16T06:59:51.099+0000] {logging_mixin.py:190} INFO - [2024-08-16T06:59:51.099+0000] {dagbag.py:587} INFO - Filling up the DagBag from /usr/local/python/3.10.13/lib/python3.10/site-packages/airflow/example_dags/example_nested_branch_dag.py
[2024-08-16T06:59:51.114+0000] {processor.py:925} INFO - DAG(s) 'example_nested_branch_dag' retrieved from /usr/local/python/3.10.13/lib/python3.10/site-packages/airflow/example_dags/example_nested_branch_dag.py
[2024-08-16T06:59:51.151+0000] {logging_mixin.py:190} INFO - [2024-08-16T06:59:51.151+0000] {dag.py:3211} INFO - Sync 1 DAGs
[2024-08-16T06:59:51.211+0000] {logging_mixin.py:190} INFO - [2024-08-16T06:59:51.211+0000] {dag.py:4138} INFO - Setting next_dagrun for example_nested_branch_dag to 2024-08-15 00:00:00+00:00, run_after=2024-08-16 00:00:00+00:00
[2024-08-16T06:59:51.262+0000] {processor.py:208} INFO - Processing /usr/local/python/3.10.13/lib/python3.10/site-packages/airflow/example_dags/example_nested_branch_dag.py took 0.177 seconds
[2024-08-16T07:00:43.539+0000] {processor.py:186} INFO - Started process (PID=18621) to work on /usr/local/python/3.10.13/lib/python3.10/site-packages/airflow/example_dags/example_nested_branch_dag.py
[2024-08-16T07:00:43.540+0000] {processor.py:914} INFO - Processing file /usr/local/python/3.10.13/lib/python3.10/site-packages/airflow/example_dags/example_nested_branch_dag.py for tasks to queue
[2024-08-16T07:00:43.541+0000] {logging_mixin.py:190} INFO - [2024-08-16T07:00:43.541+0000] {dagbag.py:587} INFO - Filling up the DagBag from /usr/local/python/3.10.13/lib/python3.10/site-packages/airflow/example_dags/example_nested_branch_dag.py
[2024-08-16T07:00:43.551+0000] {processor.py:925} INFO - DAG(s) 'example_nested_branch_dag' retrieved from /usr/local/python/3.10.13/lib/python3.10/site-packages/airflow/example_dags/example_nested_branch_dag.py
[2024-08-16T07:00:43.565+0000] {logging_mixin.py:190} INFO - [2024-08-16T07:00:43.565+0000] {dag.py:3211} INFO - Sync 1 DAGs
[2024-08-16T07:00:43.582+0000] {logging_mixin.py:190} INFO - [2024-08-16T07:00:43.582+0000] {dag.py:4138} INFO - Setting next_dagrun for example_nested_branch_dag to 2024-08-15 00:00:00+00:00, run_after=2024-08-16 00:00:00+00:00
[2024-08-16T07:00:43.626+0000] {processor.py:208} INFO - Processing /usr/local/python/3.10.13/lib/python3.10/site-packages/airflow/example_dags/example_nested_branch_dag.py took 0.092 seconds
[2024-08-16T07:01:37.739+0000] {processor.py:186} INFO - Started process (PID=18988) to work on /usr/local/python/3.10.13/lib/python3.10/site-packages/airflow/example_dags/example_nested_branch_dag.py
[2024-08-16T07:01:37.740+0000] {processor.py:914} INFO - Processing file /usr/local/python/3.10.13/lib/python3.10/site-packages/airflow/example_dags/example_nested_branch_dag.py for tasks to queue
[2024-08-16T07:01:37.742+0000] {logging_mixin.py:190} INFO - [2024-08-16T07:01:37.742+0000] {dagbag.py:587} INFO - Filling up the DagBag from /usr/local/python/3.10.13/lib/python3.10/site-packages/airflow/example_dags/example_nested_branch_dag.py
[2024-08-16T07:01:37.757+0000] {processor.py:925} INFO - DAG(s) 'example_nested_branch_dag' retrieved from /usr/local/python/3.10.13/lib/python3.10/site-packages/airflow/example_dags/example_nested_branch_dag.py
[2024-08-16T07:01:37.778+0000] {logging_mixin.py:190} INFO - [2024-08-16T07:01:37.778+0000] {dag.py:3211} INFO - Sync 1 DAGs
[2024-08-16T07:01:37.804+0000] {logging_mixin.py:190} INFO - [2024-08-16T07:01:37.803+0000] {dag.py:4138} INFO - Setting next_dagrun for example_nested_branch_dag to 2024-08-15 00:00:00+00:00, run_after=2024-08-16 00:00:00+00:00
[2024-08-16T07:01:37.852+0000] {processor.py:208} INFO - Processing /usr/local/python/3.10.13/lib/python3.10/site-packages/airflow/example_dags/example_nested_branch_dag.py took 0.120 seconds
[2024-08-16T07:02:30.038+0000] {processor.py:186} INFO - Started process (PID=19385) to work on /usr/local/python/3.10.13/lib/python3.10/site-packages/airflow/example_dags/example_nested_branch_dag.py
[2024-08-16T07:02:30.039+0000] {processor.py:914} INFO - Processing file /usr/local/python/3.10.13/lib/python3.10/site-packages/airflow/example_dags/example_nested_branch_dag.py for tasks to queue
[2024-08-16T07:02:30.041+0000] {logging_mixin.py:190} INFO - [2024-08-16T07:02:30.040+0000] {dagbag.py:587} INFO - Filling up the DagBag from /usr/local/python/3.10.13/lib/python3.10/site-packages/airflow/example_dags/example_nested_branch_dag.py
[2024-08-16T07:02:30.055+0000] {processor.py:925} INFO - DAG(s) 'example_nested_branch_dag' retrieved from /usr/local/python/3.10.13/lib/python3.10/site-packages/airflow/example_dags/example_nested_branch_dag.py
[2024-08-16T07:02:30.077+0000] {logging_mixin.py:190} INFO - [2024-08-16T07:02:30.076+0000] {dag.py:3211} INFO - Sync 1 DAGs
[2024-08-16T07:02:30.103+0000] {logging_mixin.py:190} INFO - [2024-08-16T07:02:30.103+0000] {dag.py:4138} INFO - Setting next_dagrun for example_nested_branch_dag to 2024-08-15 00:00:00+00:00, run_after=2024-08-16 00:00:00+00:00
[2024-08-16T07:02:30.148+0000] {processor.py:208} INFO - Processing /usr/local/python/3.10.13/lib/python3.10/site-packages/airflow/example_dags/example_nested_branch_dag.py took 0.115 seconds
