[2024-08-16T06:46:32.810+0000] {processor.py:186} INFO - Started process (PID=12488) to work on /usr/local/python/3.10.13/lib/python3.10/site-packages/airflow/example_dags/example_outlet_event_extra.py
[2024-08-16T06:46:32.812+0000] {processor.py:914} INFO - Processing file /usr/local/python/3.10.13/lib/python3.10/site-packages/airflow/example_dags/example_outlet_event_extra.py for tasks to queue
[2024-08-16T06:46:32.815+0000] {logging_mixin.py:190} INFO - [2024-08-16T06:46:32.814+0000] {dagbag.py:587} INFO - Filling up the DagBag from /usr/local/python/3.10.13/lib/python3.10/site-packages/airflow/example_dags/example_outlet_event_extra.py
[2024-08-16T06:46:32.835+0000] {processor.py:925} INFO - DAG(s) 'dataset_with_extra_by_context', 'dataset_with_extra_by_yield', 'dataset_with_extra_from_classic_operator' retrieved from /usr/local/python/3.10.13/lib/python3.10/site-packages/airflow/example_dags/example_outlet_event_extra.py
[2024-08-16T06:46:33.059+0000] {logging_mixin.py:190} INFO - [2024-08-16T06:46:33.058+0000] {override.py:1858} INFO - Created Permission View: can edit on DAG:dataset_with_extra_by_context
[2024-08-16T06:46:33.106+0000] {logging_mixin.py:190} INFO - [2024-08-16T06:46:33.106+0000] {override.py:1858} INFO - Created Permission View: can read on DAG:dataset_with_extra_by_context
[2024-08-16T06:46:33.154+0000] {logging_mixin.py:190} INFO - [2024-08-16T06:46:33.153+0000] {override.py:1858} INFO - Created Permission View: can delete on DAG:dataset_with_extra_by_context
[2024-08-16T06:46:33.232+0000] {logging_mixin.py:190} INFO - [2024-08-16T06:46:33.232+0000] {override.py:1858} INFO - Created Permission View: can edit on DAG:dataset_with_extra_by_yield
[2024-08-16T06:46:33.280+0000] {logging_mixin.py:190} INFO - [2024-08-16T06:46:33.280+0000] {override.py:1858} INFO - Created Permission View: can read on DAG:dataset_with_extra_by_yield
[2024-08-16T06:46:33.321+0000] {logging_mixin.py:190} INFO - [2024-08-16T06:46:33.321+0000] {override.py:1858} INFO - Created Permission View: can delete on DAG:dataset_with_extra_by_yield
[2024-08-16T06:46:33.393+0000] {logging_mixin.py:190} INFO - [2024-08-16T06:46:33.392+0000] {override.py:1858} INFO - Created Permission View: can edit on DAG:dataset_with_extra_from_classic_operator
[2024-08-16T06:46:33.438+0000] {logging_mixin.py:190} INFO - [2024-08-16T06:46:33.438+0000] {override.py:1858} INFO - Created Permission View: can read on DAG:dataset_with_extra_from_classic_operator
[2024-08-16T06:46:33.470+0000] {logging_mixin.py:190} INFO - [2024-08-16T06:46:33.470+0000] {override.py:1858} INFO - Created Permission View: can delete on DAG:dataset_with_extra_from_classic_operator
[2024-08-16T06:46:33.471+0000] {logging_mixin.py:190} INFO - [2024-08-16T06:46:33.471+0000] {dag.py:3211} INFO - Sync 3 DAGs
[2024-08-16T06:46:33.481+0000] {logging_mixin.py:190} INFO - [2024-08-16T06:46:33.481+0000] {dag.py:3234} INFO - Creating ORM DAG for dataset_with_extra_from_classic_operator
[2024-08-16T06:46:33.482+0000] {logging_mixin.py:190} INFO - [2024-08-16T06:46:33.482+0000] {dag.py:3234} INFO - Creating ORM DAG for dataset_with_extra_by_yield
[2024-08-16T06:46:33.482+0000] {logging_mixin.py:190} INFO - [2024-08-16T06:46:33.482+0000] {dag.py:3234} INFO - Creating ORM DAG for dataset_with_extra_by_context
[2024-08-16T06:46:33.490+0000] {logging_mixin.py:190} INFO - [2024-08-16T06:46:33.490+0000] {dag.py:4138} INFO - Setting next_dagrun for dataset_with_extra_by_context to 2024-08-15 00:00:00+00:00, run_after=2024-08-16 00:00:00+00:00
[2024-08-16T06:46:33.492+0000] {logging_mixin.py:190} INFO - [2024-08-16T06:46:33.492+0000] {dag.py:4138} INFO - Setting next_dagrun for dataset_with_extra_by_yield to 2024-08-15 00:00:00+00:00, run_after=2024-08-16 00:00:00+00:00
[2024-08-16T06:46:33.494+0000] {logging_mixin.py:190} INFO - [2024-08-16T06:46:33.494+0000] {dag.py:4138} INFO - Setting next_dagrun for dataset_with_extra_from_classic_operator to 2024-08-15 00:00:00+00:00, run_after=2024-08-16 00:00:00+00:00
[2024-08-16T06:46:33.545+0000] {processor.py:208} INFO - Processing /usr/local/python/3.10.13/lib/python3.10/site-packages/airflow/example_dags/example_outlet_event_extra.py took 0.745 seconds
[2024-08-16T06:47:37.598+0000] {processor.py:186} INFO - Started process (PID=12966) to work on /usr/local/python/3.10.13/lib/python3.10/site-packages/airflow/example_dags/example_outlet_event_extra.py
[2024-08-16T06:47:37.599+0000] {processor.py:914} INFO - Processing file /usr/local/python/3.10.13/lib/python3.10/site-packages/airflow/example_dags/example_outlet_event_extra.py for tasks to queue
[2024-08-16T06:47:37.601+0000] {logging_mixin.py:190} INFO - [2024-08-16T06:47:37.600+0000] {dagbag.py:587} INFO - Filling up the DagBag from /usr/local/python/3.10.13/lib/python3.10/site-packages/airflow/example_dags/example_outlet_event_extra.py
[2024-08-16T06:47:37.617+0000] {processor.py:925} INFO - DAG(s) 'dataset_with_extra_by_yield', 'dataset_with_extra_from_classic_operator', 'dataset_with_extra_by_context' retrieved from /usr/local/python/3.10.13/lib/python3.10/site-packages/airflow/example_dags/example_outlet_event_extra.py
[2024-08-16T06:47:37.639+0000] {logging_mixin.py:190} INFO - [2024-08-16T06:47:37.639+0000] {dag.py:3211} INFO - Sync 3 DAGs
[2024-08-16T06:47:37.658+0000] {logging_mixin.py:190} INFO - [2024-08-16T06:47:37.657+0000] {dag.py:4138} INFO - Setting next_dagrun for dataset_with_extra_by_context to 2024-08-15 00:00:00+00:00, run_after=2024-08-16 00:00:00+00:00
[2024-08-16T06:47:37.661+0000] {logging_mixin.py:190} INFO - [2024-08-16T06:47:37.661+0000] {dag.py:4138} INFO - Setting next_dagrun for dataset_with_extra_by_yield to 2024-08-15 00:00:00+00:00, run_after=2024-08-16 00:00:00+00:00
[2024-08-16T06:47:37.663+0000] {logging_mixin.py:190} INFO - [2024-08-16T06:47:37.663+0000] {dag.py:4138} INFO - Setting next_dagrun for dataset_with_extra_from_classic_operator to 2024-08-15 00:00:00+00:00, run_after=2024-08-16 00:00:00+00:00
[2024-08-16T06:47:37.705+0000] {processor.py:208} INFO - Processing /usr/local/python/3.10.13/lib/python3.10/site-packages/airflow/example_dags/example_outlet_event_extra.py took 0.113 seconds
[2024-08-16T06:48:34.727+0000] {processor.py:186} INFO - Started process (PID=13363) to work on /usr/local/python/3.10.13/lib/python3.10/site-packages/airflow/example_dags/example_outlet_event_extra.py
[2024-08-16T06:48:34.727+0000] {processor.py:914} INFO - Processing file /usr/local/python/3.10.13/lib/python3.10/site-packages/airflow/example_dags/example_outlet_event_extra.py for tasks to queue
[2024-08-16T06:48:34.729+0000] {logging_mixin.py:190} INFO - [2024-08-16T06:48:34.729+0000] {dagbag.py:587} INFO - Filling up the DagBag from /usr/local/python/3.10.13/lib/python3.10/site-packages/airflow/example_dags/example_outlet_event_extra.py
[2024-08-16T06:48:34.740+0000] {processor.py:925} INFO - DAG(s) 'dataset_with_extra_by_yield', 'dataset_with_extra_by_context', 'dataset_with_extra_from_classic_operator' retrieved from /usr/local/python/3.10.13/lib/python3.10/site-packages/airflow/example_dags/example_outlet_event_extra.py
[2024-08-16T06:48:34.756+0000] {logging_mixin.py:190} INFO - [2024-08-16T06:48:34.756+0000] {dag.py:3211} INFO - Sync 3 DAGs
[2024-08-16T06:48:34.774+0000] {logging_mixin.py:190} INFO - [2024-08-16T06:48:34.774+0000] {dag.py:4138} INFO - Setting next_dagrun for dataset_with_extra_by_context to 2024-08-15 00:00:00+00:00, run_after=2024-08-16 00:00:00+00:00
[2024-08-16T06:48:34.778+0000] {logging_mixin.py:190} INFO - [2024-08-16T06:48:34.778+0000] {dag.py:4138} INFO - Setting next_dagrun for dataset_with_extra_by_yield to 2024-08-15 00:00:00+00:00, run_after=2024-08-16 00:00:00+00:00
[2024-08-16T06:48:34.780+0000] {logging_mixin.py:190} INFO - [2024-08-16T06:48:34.780+0000] {dag.py:4138} INFO - Setting next_dagrun for dataset_with_extra_from_classic_operator to 2024-08-15 00:00:00+00:00, run_after=2024-08-16 00:00:00+00:00
[2024-08-16T06:48:34.821+0000] {processor.py:208} INFO - Processing /usr/local/python/3.10.13/lib/python3.10/site-packages/airflow/example_dags/example_outlet_event_extra.py took 0.100 seconds
[2024-08-16T06:49:34.493+0000] {processor.py:186} INFO - Started process (PID=13762) to work on /usr/local/python/3.10.13/lib/python3.10/site-packages/airflow/example_dags/example_outlet_event_extra.py
[2024-08-16T06:49:34.495+0000] {processor.py:914} INFO - Processing file /usr/local/python/3.10.13/lib/python3.10/site-packages/airflow/example_dags/example_outlet_event_extra.py for tasks to queue
[2024-08-16T06:49:34.500+0000] {logging_mixin.py:190} INFO - [2024-08-16T06:49:34.500+0000] {dagbag.py:587} INFO - Filling up the DagBag from /usr/local/python/3.10.13/lib/python3.10/site-packages/airflow/example_dags/example_outlet_event_extra.py
[2024-08-16T06:49:34.518+0000] {processor.py:925} INFO - DAG(s) 'dataset_with_extra_by_yield', 'dataset_with_extra_from_classic_operator', 'dataset_with_extra_by_context' retrieved from /usr/local/python/3.10.13/lib/python3.10/site-packages/airflow/example_dags/example_outlet_event_extra.py
[2024-08-16T06:49:34.562+0000] {logging_mixin.py:190} INFO - [2024-08-16T06:49:34.561+0000] {dag.py:3211} INFO - Sync 3 DAGs
[2024-08-16T06:49:34.591+0000] {logging_mixin.py:190} INFO - [2024-08-16T06:49:34.591+0000] {dag.py:4138} INFO - Setting next_dagrun for dataset_with_extra_by_context to 2024-08-15 00:00:00+00:00, run_after=2024-08-16 00:00:00+00:00
[2024-08-16T06:49:34.604+0000] {logging_mixin.py:190} INFO - [2024-08-16T06:49:34.604+0000] {dag.py:4138} INFO - Setting next_dagrun for dataset_with_extra_by_yield to 2024-08-15 00:00:00+00:00, run_after=2024-08-16 00:00:00+00:00
[2024-08-16T06:49:34.609+0000] {logging_mixin.py:190} INFO - [2024-08-16T06:49:34.608+0000] {dag.py:4138} INFO - Setting next_dagrun for dataset_with_extra_from_classic_operator to 2024-08-15 00:00:00+00:00, run_after=2024-08-16 00:00:00+00:00
[2024-08-16T06:49:34.677+0000] {processor.py:208} INFO - Processing /usr/local/python/3.10.13/lib/python3.10/site-packages/airflow/example_dags/example_outlet_event_extra.py took 0.190 seconds
[2024-08-16T06:50:28.109+0000] {processor.py:186} INFO - Started process (PID=14133) to work on /usr/local/python/3.10.13/lib/python3.10/site-packages/airflow/example_dags/example_outlet_event_extra.py
[2024-08-16T06:50:28.110+0000] {processor.py:914} INFO - Processing file /usr/local/python/3.10.13/lib/python3.10/site-packages/airflow/example_dags/example_outlet_event_extra.py for tasks to queue
[2024-08-16T06:50:28.112+0000] {logging_mixin.py:190} INFO - [2024-08-16T06:50:28.112+0000] {dagbag.py:587} INFO - Filling up the DagBag from /usr/local/python/3.10.13/lib/python3.10/site-packages/airflow/example_dags/example_outlet_event_extra.py
[2024-08-16T06:50:28.124+0000] {processor.py:925} INFO - DAG(s) 'dataset_with_extra_by_yield', 'dataset_with_extra_from_classic_operator', 'dataset_with_extra_by_context' retrieved from /usr/local/python/3.10.13/lib/python3.10/site-packages/airflow/example_dags/example_outlet_event_extra.py
[2024-08-16T06:50:28.140+0000] {logging_mixin.py:190} INFO - [2024-08-16T06:50:28.139+0000] {dag.py:3211} INFO - Sync 3 DAGs
[2024-08-16T06:50:28.157+0000] {logging_mixin.py:190} INFO - [2024-08-16T06:50:28.157+0000] {dag.py:4138} INFO - Setting next_dagrun for dataset_with_extra_by_context to 2024-08-15 00:00:00+00:00, run_after=2024-08-16 00:00:00+00:00
[2024-08-16T06:50:28.161+0000] {logging_mixin.py:190} INFO - [2024-08-16T06:50:28.160+0000] {dag.py:4138} INFO - Setting next_dagrun for dataset_with_extra_by_yield to 2024-08-15 00:00:00+00:00, run_after=2024-08-16 00:00:00+00:00
[2024-08-16T06:50:28.163+0000] {logging_mixin.py:190} INFO - [2024-08-16T06:50:28.162+0000] {dag.py:4138} INFO - Setting next_dagrun for dataset_with_extra_from_classic_operator to 2024-08-15 00:00:00+00:00, run_after=2024-08-16 00:00:00+00:00
[2024-08-16T06:50:28.205+0000] {processor.py:208} INFO - Processing /usr/local/python/3.10.13/lib/python3.10/site-packages/airflow/example_dags/example_outlet_event_extra.py took 0.101 seconds
[2024-08-16T06:51:18.540+0000] {processor.py:186} INFO - Started process (PID=14487) to work on /usr/local/python/3.10.13/lib/python3.10/site-packages/airflow/example_dags/example_outlet_event_extra.py
[2024-08-16T06:51:18.541+0000] {processor.py:914} INFO - Processing file /usr/local/python/3.10.13/lib/python3.10/site-packages/airflow/example_dags/example_outlet_event_extra.py for tasks to queue
[2024-08-16T06:51:18.542+0000] {logging_mixin.py:190} INFO - [2024-08-16T06:51:18.542+0000] {dagbag.py:587} INFO - Filling up the DagBag from /usr/local/python/3.10.13/lib/python3.10/site-packages/airflow/example_dags/example_outlet_event_extra.py
[2024-08-16T06:51:18.556+0000] {processor.py:925} INFO - DAG(s) 'dataset_with_extra_from_classic_operator', 'dataset_with_extra_by_context', 'dataset_with_extra_by_yield' retrieved from /usr/local/python/3.10.13/lib/python3.10/site-packages/airflow/example_dags/example_outlet_event_extra.py
[2024-08-16T06:51:18.573+0000] {logging_mixin.py:190} INFO - [2024-08-16T06:51:18.573+0000] {dag.py:3211} INFO - Sync 3 DAGs
[2024-08-16T06:51:18.590+0000] {logging_mixin.py:190} INFO - [2024-08-16T06:51:18.590+0000] {dag.py:4138} INFO - Setting next_dagrun for dataset_with_extra_by_context to 2024-08-15 00:00:00+00:00, run_after=2024-08-16 00:00:00+00:00
[2024-08-16T06:51:18.594+0000] {logging_mixin.py:190} INFO - [2024-08-16T06:51:18.594+0000] {dag.py:4138} INFO - Setting next_dagrun for dataset_with_extra_by_yield to 2024-08-15 00:00:00+00:00, run_after=2024-08-16 00:00:00+00:00
[2024-08-16T06:51:18.596+0000] {logging_mixin.py:190} INFO - [2024-08-16T06:51:18.596+0000] {dag.py:4138} INFO - Setting next_dagrun for dataset_with_extra_from_classic_operator to 2024-08-15 00:00:00+00:00, run_after=2024-08-16 00:00:00+00:00
[2024-08-16T06:51:18.636+0000] {processor.py:208} INFO - Processing /usr/local/python/3.10.13/lib/python3.10/site-packages/airflow/example_dags/example_outlet_event_extra.py took 0.101 seconds
[2024-08-16T06:52:09.457+0000] {processor.py:186} INFO - Started process (PID=14846) to work on /usr/local/python/3.10.13/lib/python3.10/site-packages/airflow/example_dags/example_outlet_event_extra.py
[2024-08-16T06:52:09.458+0000] {processor.py:914} INFO - Processing file /usr/local/python/3.10.13/lib/python3.10/site-packages/airflow/example_dags/example_outlet_event_extra.py for tasks to queue
[2024-08-16T06:52:09.460+0000] {logging_mixin.py:190} INFO - [2024-08-16T06:52:09.459+0000] {dagbag.py:587} INFO - Filling up the DagBag from /usr/local/python/3.10.13/lib/python3.10/site-packages/airflow/example_dags/example_outlet_event_extra.py
[2024-08-16T06:52:09.471+0000] {processor.py:925} INFO - DAG(s) 'dataset_with_extra_from_classic_operator', 'dataset_with_extra_by_yield', 'dataset_with_extra_by_context' retrieved from /usr/local/python/3.10.13/lib/python3.10/site-packages/airflow/example_dags/example_outlet_event_extra.py
[2024-08-16T06:52:09.487+0000] {logging_mixin.py:190} INFO - [2024-08-16T06:52:09.487+0000] {dag.py:3211} INFO - Sync 3 DAGs
[2024-08-16T06:52:09.505+0000] {logging_mixin.py:190} INFO - [2024-08-16T06:52:09.505+0000] {dag.py:4138} INFO - Setting next_dagrun for dataset_with_extra_by_context to 2024-08-15 00:00:00+00:00, run_after=2024-08-16 00:00:00+00:00
[2024-08-16T06:52:09.508+0000] {logging_mixin.py:190} INFO - [2024-08-16T06:52:09.508+0000] {dag.py:4138} INFO - Setting next_dagrun for dataset_with_extra_by_yield to 2024-08-15 00:00:00+00:00, run_after=2024-08-16 00:00:00+00:00
[2024-08-16T06:52:09.510+0000] {logging_mixin.py:190} INFO - [2024-08-16T06:52:09.510+0000] {dag.py:4138} INFO - Setting next_dagrun for dataset_with_extra_from_classic_operator to 2024-08-15 00:00:00+00:00, run_after=2024-08-16 00:00:00+00:00
[2024-08-16T06:52:09.553+0000] {processor.py:208} INFO - Processing /usr/local/python/3.10.13/lib/python3.10/site-packages/airflow/example_dags/example_outlet_event_extra.py took 0.101 seconds
[2024-08-16T06:52:59.930+0000] {processor.py:186} INFO - Started process (PID=15184) to work on /usr/local/python/3.10.13/lib/python3.10/site-packages/airflow/example_dags/example_outlet_event_extra.py
[2024-08-16T06:52:59.930+0000] {processor.py:914} INFO - Processing file /usr/local/python/3.10.13/lib/python3.10/site-packages/airflow/example_dags/example_outlet_event_extra.py for tasks to queue
[2024-08-16T06:52:59.932+0000] {logging_mixin.py:190} INFO - [2024-08-16T06:52:59.932+0000] {dagbag.py:587} INFO - Filling up the DagBag from /usr/local/python/3.10.13/lib/python3.10/site-packages/airflow/example_dags/example_outlet_event_extra.py
[2024-08-16T06:52:59.943+0000] {processor.py:925} INFO - DAG(s) 'dataset_with_extra_by_yield', 'dataset_with_extra_by_context', 'dataset_with_extra_from_classic_operator' retrieved from /usr/local/python/3.10.13/lib/python3.10/site-packages/airflow/example_dags/example_outlet_event_extra.py
[2024-08-16T06:52:59.959+0000] {logging_mixin.py:190} INFO - [2024-08-16T06:52:59.959+0000] {dag.py:3211} INFO - Sync 3 DAGs
[2024-08-16T06:52:59.977+0000] {logging_mixin.py:190} INFO - [2024-08-16T06:52:59.977+0000] {dag.py:4138} INFO - Setting next_dagrun for dataset_with_extra_by_context to 2024-08-15 00:00:00+00:00, run_after=2024-08-16 00:00:00+00:00
[2024-08-16T06:52:59.981+0000] {logging_mixin.py:190} INFO - [2024-08-16T06:52:59.981+0000] {dag.py:4138} INFO - Setting next_dagrun for dataset_with_extra_by_yield to 2024-08-15 00:00:00+00:00, run_after=2024-08-16 00:00:00+00:00
[2024-08-16T06:52:59.983+0000] {logging_mixin.py:190} INFO - [2024-08-16T06:52:59.983+0000] {dag.py:4138} INFO - Setting next_dagrun for dataset_with_extra_from_classic_operator to 2024-08-15 00:00:00+00:00, run_after=2024-08-16 00:00:00+00:00
[2024-08-16T06:53:00.029+0000] {processor.py:208} INFO - Processing /usr/local/python/3.10.13/lib/python3.10/site-packages/airflow/example_dags/example_outlet_event_extra.py took 0.104 seconds
[2024-08-16T06:53:54.654+0000] {processor.py:186} INFO - Started process (PID=15557) to work on /usr/local/python/3.10.13/lib/python3.10/site-packages/airflow/example_dags/example_outlet_event_extra.py
[2024-08-16T06:53:54.655+0000] {processor.py:914} INFO - Processing file /usr/local/python/3.10.13/lib/python3.10/site-packages/airflow/example_dags/example_outlet_event_extra.py for tasks to queue
[2024-08-16T06:53:54.657+0000] {logging_mixin.py:190} INFO - [2024-08-16T06:53:54.657+0000] {dagbag.py:587} INFO - Filling up the DagBag from /usr/local/python/3.10.13/lib/python3.10/site-packages/airflow/example_dags/example_outlet_event_extra.py
[2024-08-16T06:53:54.674+0000] {processor.py:925} INFO - DAG(s) 'dataset_with_extra_from_classic_operator', 'dataset_with_extra_by_yield', 'dataset_with_extra_by_context' retrieved from /usr/local/python/3.10.13/lib/python3.10/site-packages/airflow/example_dags/example_outlet_event_extra.py
[2024-08-16T06:53:54.699+0000] {logging_mixin.py:190} INFO - [2024-08-16T06:53:54.698+0000] {dag.py:3211} INFO - Sync 3 DAGs
[2024-08-16T06:53:54.726+0000] {logging_mixin.py:190} INFO - [2024-08-16T06:53:54.726+0000] {dag.py:4138} INFO - Setting next_dagrun for dataset_with_extra_by_context to 2024-08-15 00:00:00+00:00, run_after=2024-08-16 00:00:00+00:00
[2024-08-16T06:53:54.732+0000] {logging_mixin.py:190} INFO - [2024-08-16T06:53:54.732+0000] {dag.py:4138} INFO - Setting next_dagrun for dataset_with_extra_by_yield to 2024-08-15 00:00:00+00:00, run_after=2024-08-16 00:00:00+00:00
[2024-08-16T06:53:54.735+0000] {logging_mixin.py:190} INFO - [2024-08-16T06:53:54.735+0000] {dag.py:4138} INFO - Setting next_dagrun for dataset_with_extra_from_classic_operator to 2024-08-15 00:00:00+00:00, run_after=2024-08-16 00:00:00+00:00
[2024-08-16T06:53:54.785+0000] {processor.py:208} INFO - Processing /usr/local/python/3.10.13/lib/python3.10/site-packages/airflow/example_dags/example_outlet_event_extra.py took 0.137 seconds
[2024-08-16T06:54:48.467+0000] {processor.py:186} INFO - Started process (PID=15927) to work on /usr/local/python/3.10.13/lib/python3.10/site-packages/airflow/example_dags/example_outlet_event_extra.py
[2024-08-16T06:54:48.468+0000] {processor.py:914} INFO - Processing file /usr/local/python/3.10.13/lib/python3.10/site-packages/airflow/example_dags/example_outlet_event_extra.py for tasks to queue
[2024-08-16T06:54:48.470+0000] {logging_mixin.py:190} INFO - [2024-08-16T06:54:48.470+0000] {dagbag.py:587} INFO - Filling up the DagBag from /usr/local/python/3.10.13/lib/python3.10/site-packages/airflow/example_dags/example_outlet_event_extra.py
[2024-08-16T06:54:48.488+0000] {processor.py:925} INFO - DAG(s) 'dataset_with_extra_by_yield', 'dataset_with_extra_from_classic_operator', 'dataset_with_extra_by_context' retrieved from /usr/local/python/3.10.13/lib/python3.10/site-packages/airflow/example_dags/example_outlet_event_extra.py
[2024-08-16T06:54:48.512+0000] {logging_mixin.py:190} INFO - [2024-08-16T06:54:48.511+0000] {dag.py:3211} INFO - Sync 3 DAGs
[2024-08-16T06:54:48.539+0000] {logging_mixin.py:190} INFO - [2024-08-16T06:54:48.538+0000] {dag.py:4138} INFO - Setting next_dagrun for dataset_with_extra_by_context to 2024-08-15 00:00:00+00:00, run_after=2024-08-16 00:00:00+00:00
[2024-08-16T06:54:48.545+0000] {logging_mixin.py:190} INFO - [2024-08-16T06:54:48.544+0000] {dag.py:4138} INFO - Setting next_dagrun for dataset_with_extra_by_yield to 2024-08-15 00:00:00+00:00, run_after=2024-08-16 00:00:00+00:00
[2024-08-16T06:54:48.548+0000] {logging_mixin.py:190} INFO - [2024-08-16T06:54:48.547+0000] {dag.py:4138} INFO - Setting next_dagrun for dataset_with_extra_from_classic_operator to 2024-08-15 00:00:00+00:00, run_after=2024-08-16 00:00:00+00:00
[2024-08-16T06:54:48.599+0000] {processor.py:208} INFO - Processing /usr/local/python/3.10.13/lib/python3.10/site-packages/airflow/example_dags/example_outlet_event_extra.py took 0.139 seconds
[2024-08-16T06:55:44.872+0000] {processor.py:186} INFO - Started process (PID=16313) to work on /usr/local/python/3.10.13/lib/python3.10/site-packages/airflow/example_dags/example_outlet_event_extra.py
[2024-08-16T06:55:44.873+0000] {processor.py:914} INFO - Processing file /usr/local/python/3.10.13/lib/python3.10/site-packages/airflow/example_dags/example_outlet_event_extra.py for tasks to queue
[2024-08-16T06:55:44.875+0000] {logging_mixin.py:190} INFO - [2024-08-16T06:55:44.874+0000] {dagbag.py:587} INFO - Filling up the DagBag from /usr/local/python/3.10.13/lib/python3.10/site-packages/airflow/example_dags/example_outlet_event_extra.py
[2024-08-16T06:55:44.902+0000] {processor.py:925} INFO - DAG(s) 'dataset_with_extra_by_yield', 'dataset_with_extra_from_classic_operator', 'dataset_with_extra_by_context' retrieved from /usr/local/python/3.10.13/lib/python3.10/site-packages/airflow/example_dags/example_outlet_event_extra.py
[2024-08-16T06:55:44.941+0000] {logging_mixin.py:190} INFO - [2024-08-16T06:55:44.941+0000] {dag.py:3211} INFO - Sync 3 DAGs
[2024-08-16T06:55:44.968+0000] {logging_mixin.py:190} INFO - [2024-08-16T06:55:44.968+0000] {dag.py:4138} INFO - Setting next_dagrun for dataset_with_extra_by_context to 2024-08-15 00:00:00+00:00, run_after=2024-08-16 00:00:00+00:00
[2024-08-16T06:55:44.974+0000] {logging_mixin.py:190} INFO - [2024-08-16T06:55:44.974+0000] {dag.py:4138} INFO - Setting next_dagrun for dataset_with_extra_by_yield to 2024-08-15 00:00:00+00:00, run_after=2024-08-16 00:00:00+00:00
[2024-08-16T06:55:44.978+0000] {logging_mixin.py:190} INFO - [2024-08-16T06:55:44.977+0000] {dag.py:4138} INFO - Setting next_dagrun for dataset_with_extra_from_classic_operator to 2024-08-15 00:00:00+00:00, run_after=2024-08-16 00:00:00+00:00
[2024-08-16T06:55:45.027+0000] {processor.py:208} INFO - Processing /usr/local/python/3.10.13/lib/python3.10/site-packages/airflow/example_dags/example_outlet_event_extra.py took 0.161 seconds
[2024-08-16T06:56:43.229+0000] {processor.py:186} INFO - Started process (PID=16720) to work on /usr/local/python/3.10.13/lib/python3.10/site-packages/airflow/example_dags/example_outlet_event_extra.py
[2024-08-16T06:56:43.230+0000] {processor.py:914} INFO - Processing file /usr/local/python/3.10.13/lib/python3.10/site-packages/airflow/example_dags/example_outlet_event_extra.py for tasks to queue
[2024-08-16T06:56:43.232+0000] {logging_mixin.py:190} INFO - [2024-08-16T06:56:43.232+0000] {dagbag.py:587} INFO - Filling up the DagBag from /usr/local/python/3.10.13/lib/python3.10/site-packages/airflow/example_dags/example_outlet_event_extra.py
[2024-08-16T06:56:43.249+0000] {processor.py:925} INFO - DAG(s) 'dataset_with_extra_from_classic_operator', 'dataset_with_extra_by_yield', 'dataset_with_extra_by_context' retrieved from /usr/local/python/3.10.13/lib/python3.10/site-packages/airflow/example_dags/example_outlet_event_extra.py
[2024-08-16T06:56:43.272+0000] {logging_mixin.py:190} INFO - [2024-08-16T06:56:43.272+0000] {dag.py:3211} INFO - Sync 3 DAGs
[2024-08-16T06:56:43.298+0000] {logging_mixin.py:190} INFO - [2024-08-16T06:56:43.297+0000] {dag.py:4138} INFO - Setting next_dagrun for dataset_with_extra_by_context to 2024-08-15 00:00:00+00:00, run_after=2024-08-16 00:00:00+00:00
[2024-08-16T06:56:43.303+0000] {logging_mixin.py:190} INFO - [2024-08-16T06:56:43.303+0000] {dag.py:4138} INFO - Setting next_dagrun for dataset_with_extra_by_yield to 2024-08-15 00:00:00+00:00, run_after=2024-08-16 00:00:00+00:00
[2024-08-16T06:56:43.306+0000] {logging_mixin.py:190} INFO - [2024-08-16T06:56:43.306+0000] {dag.py:4138} INFO - Setting next_dagrun for dataset_with_extra_from_classic_operator to 2024-08-15 00:00:00+00:00, run_after=2024-08-16 00:00:00+00:00
[2024-08-16T06:56:43.353+0000] {processor.py:208} INFO - Processing /usr/local/python/3.10.13/lib/python3.10/site-packages/airflow/example_dags/example_outlet_event_extra.py took 0.131 seconds
[2024-08-16T06:57:37.954+0000] {processor.py:186} INFO - Started process (PID=17084) to work on /usr/local/python/3.10.13/lib/python3.10/site-packages/airflow/example_dags/example_outlet_event_extra.py
[2024-08-16T06:57:37.955+0000] {processor.py:914} INFO - Processing file /usr/local/python/3.10.13/lib/python3.10/site-packages/airflow/example_dags/example_outlet_event_extra.py for tasks to queue
[2024-08-16T06:57:37.957+0000] {logging_mixin.py:190} INFO - [2024-08-16T06:57:37.956+0000] {dagbag.py:587} INFO - Filling up the DagBag from /usr/local/python/3.10.13/lib/python3.10/site-packages/airflow/example_dags/example_outlet_event_extra.py
[2024-08-16T06:57:37.968+0000] {processor.py:925} INFO - DAG(s) 'dataset_with_extra_by_yield', 'dataset_with_extra_from_classic_operator', 'dataset_with_extra_by_context' retrieved from /usr/local/python/3.10.13/lib/python3.10/site-packages/airflow/example_dags/example_outlet_event_extra.py
[2024-08-16T06:57:37.989+0000] {logging_mixin.py:190} INFO - [2024-08-16T06:57:37.988+0000] {dag.py:3211} INFO - Sync 3 DAGs
[2024-08-16T06:57:38.015+0000] {logging_mixin.py:190} INFO - [2024-08-16T06:57:38.014+0000] {dag.py:4138} INFO - Setting next_dagrun for dataset_with_extra_by_context to 2024-08-15 00:00:00+00:00, run_after=2024-08-16 00:00:00+00:00
[2024-08-16T06:57:38.025+0000] {logging_mixin.py:190} INFO - [2024-08-16T06:57:38.023+0000] {dag.py:4138} INFO - Setting next_dagrun for dataset_with_extra_by_yield to 2024-08-15 00:00:00+00:00, run_after=2024-08-16 00:00:00+00:00
[2024-08-16T06:57:38.028+0000] {logging_mixin.py:190} INFO - [2024-08-16T06:57:38.028+0000] {dag.py:4138} INFO - Setting next_dagrun for dataset_with_extra_from_classic_operator to 2024-08-15 00:00:00+00:00, run_after=2024-08-16 00:00:00+00:00
[2024-08-16T06:57:38.080+0000] {processor.py:208} INFO - Processing /usr/local/python/3.10.13/lib/python3.10/site-packages/airflow/example_dags/example_outlet_event_extra.py took 0.130 seconds
[2024-08-16T06:58:30.815+0000] {processor.py:186} INFO - Started process (PID=17446) to work on /usr/local/python/3.10.13/lib/python3.10/site-packages/airflow/example_dags/example_outlet_event_extra.py
[2024-08-16T06:58:30.816+0000] {processor.py:914} INFO - Processing file /usr/local/python/3.10.13/lib/python3.10/site-packages/airflow/example_dags/example_outlet_event_extra.py for tasks to queue
[2024-08-16T06:58:30.818+0000] {logging_mixin.py:190} INFO - [2024-08-16T06:58:30.817+0000] {dagbag.py:587} INFO - Filling up the DagBag from /usr/local/python/3.10.13/lib/python3.10/site-packages/airflow/example_dags/example_outlet_event_extra.py
[2024-08-16T06:58:30.829+0000] {processor.py:925} INFO - DAG(s) 'dataset_with_extra_by_yield', 'dataset_with_extra_by_context', 'dataset_with_extra_from_classic_operator' retrieved from /usr/local/python/3.10.13/lib/python3.10/site-packages/airflow/example_dags/example_outlet_event_extra.py
[2024-08-16T06:58:30.844+0000] {logging_mixin.py:190} INFO - [2024-08-16T06:58:30.844+0000] {dag.py:3211} INFO - Sync 3 DAGs
[2024-08-16T06:58:30.861+0000] {logging_mixin.py:190} INFO - [2024-08-16T06:58:30.861+0000] {dag.py:4138} INFO - Setting next_dagrun for dataset_with_extra_by_context to 2024-08-15 00:00:00+00:00, run_after=2024-08-16 00:00:00+00:00
[2024-08-16T06:58:30.865+0000] {logging_mixin.py:190} INFO - [2024-08-16T06:58:30.865+0000] {dag.py:4138} INFO - Setting next_dagrun for dataset_with_extra_by_yield to 2024-08-15 00:00:00+00:00, run_after=2024-08-16 00:00:00+00:00
[2024-08-16T06:58:30.867+0000] {logging_mixin.py:190} INFO - [2024-08-16T06:58:30.867+0000] {dag.py:4138} INFO - Setting next_dagrun for dataset_with_extra_from_classic_operator to 2024-08-15 00:00:00+00:00, run_after=2024-08-16 00:00:00+00:00
[2024-08-16T06:58:30.914+0000] {processor.py:208} INFO - Processing /usr/local/python/3.10.13/lib/python3.10/site-packages/airflow/example_dags/example_outlet_event_extra.py took 0.103 seconds
[2024-08-16T06:59:22.850+0000] {processor.py:186} INFO - Started process (PID=17902) to work on /usr/local/python/3.10.13/lib/python3.10/site-packages/airflow/example_dags/example_outlet_event_extra.py
[2024-08-16T06:59:22.851+0000] {processor.py:914} INFO - Processing file /usr/local/python/3.10.13/lib/python3.10/site-packages/airflow/example_dags/example_outlet_event_extra.py for tasks to queue
[2024-08-16T06:59:22.853+0000] {logging_mixin.py:190} INFO - [2024-08-16T06:59:22.853+0000] {dagbag.py:587} INFO - Filling up the DagBag from /usr/local/python/3.10.13/lib/python3.10/site-packages/airflow/example_dags/example_outlet_event_extra.py
[2024-08-16T06:59:22.870+0000] {processor.py:925} INFO - DAG(s) 'dataset_with_extra_by_yield', 'dataset_with_extra_from_classic_operator', 'dataset_with_extra_by_context' retrieved from /usr/local/python/3.10.13/lib/python3.10/site-packages/airflow/example_dags/example_outlet_event_extra.py
[2024-08-16T06:59:22.893+0000] {logging_mixin.py:190} INFO - [2024-08-16T06:59:22.893+0000] {dag.py:3211} INFO - Sync 3 DAGs
[2024-08-16T06:59:22.920+0000] {logging_mixin.py:190} INFO - [2024-08-16T06:59:22.920+0000] {dag.py:4138} INFO - Setting next_dagrun for dataset_with_extra_by_context to 2024-08-15 00:00:00+00:00, run_after=2024-08-16 00:00:00+00:00
[2024-08-16T06:59:22.926+0000] {logging_mixin.py:190} INFO - [2024-08-16T06:59:22.926+0000] {dag.py:4138} INFO - Setting next_dagrun for dataset_with_extra_by_yield to 2024-08-15 00:00:00+00:00, run_after=2024-08-16 00:00:00+00:00
[2024-08-16T06:59:22.929+0000] {logging_mixin.py:190} INFO - [2024-08-16T06:59:22.929+0000] {dag.py:4138} INFO - Setting next_dagrun for dataset_with_extra_from_classic_operator to 2024-08-15 00:00:00+00:00, run_after=2024-08-16 00:00:00+00:00
[2024-08-16T06:59:22.999+0000] {processor.py:208} INFO - Processing /usr/local/python/3.10.13/lib/python3.10/site-packages/airflow/example_dags/example_outlet_event_extra.py took 0.156 seconds
[2024-08-16T07:00:15.106+0000] {processor.py:186} INFO - Started process (PID=18335) to work on /usr/local/python/3.10.13/lib/python3.10/site-packages/airflow/example_dags/example_outlet_event_extra.py
[2024-08-16T07:00:15.107+0000] {processor.py:914} INFO - Processing file /usr/local/python/3.10.13/lib/python3.10/site-packages/airflow/example_dags/example_outlet_event_extra.py for tasks to queue
[2024-08-16T07:00:15.109+0000] {logging_mixin.py:190} INFO - [2024-08-16T07:00:15.109+0000] {dagbag.py:587} INFO - Filling up the DagBag from /usr/local/python/3.10.13/lib/python3.10/site-packages/airflow/example_dags/example_outlet_event_extra.py
[2024-08-16T07:00:15.126+0000] {processor.py:925} INFO - DAG(s) 'dataset_with_extra_from_classic_operator', 'dataset_with_extra_by_yield', 'dataset_with_extra_by_context' retrieved from /usr/local/python/3.10.13/lib/python3.10/site-packages/airflow/example_dags/example_outlet_event_extra.py
[2024-08-16T07:00:15.149+0000] {logging_mixin.py:190} INFO - [2024-08-16T07:00:15.149+0000] {dag.py:3211} INFO - Sync 3 DAGs
[2024-08-16T07:00:15.184+0000] {logging_mixin.py:190} INFO - [2024-08-16T07:00:15.183+0000] {dag.py:4138} INFO - Setting next_dagrun for dataset_with_extra_by_context to 2024-08-15 00:00:00+00:00, run_after=2024-08-16 00:00:00+00:00
[2024-08-16T07:00:15.197+0000] {logging_mixin.py:190} INFO - [2024-08-16T07:00:15.196+0000] {dag.py:4138} INFO - Setting next_dagrun for dataset_with_extra_by_yield to 2024-08-15 00:00:00+00:00, run_after=2024-08-16 00:00:00+00:00
[2024-08-16T07:00:15.204+0000] {logging_mixin.py:190} INFO - [2024-08-16T07:00:15.204+0000] {dag.py:4138} INFO - Setting next_dagrun for dataset_with_extra_from_classic_operator to 2024-08-15 00:00:00+00:00, run_after=2024-08-16 00:00:00+00:00
[2024-08-16T07:00:15.270+0000] {processor.py:208} INFO - Processing /usr/local/python/3.10.13/lib/python3.10/site-packages/airflow/example_dags/example_outlet_event_extra.py took 0.169 seconds
[2024-08-16T07:01:08.462+0000] {processor.py:186} INFO - Started process (PID=18808) to work on /usr/local/python/3.10.13/lib/python3.10/site-packages/airflow/example_dags/example_outlet_event_extra.py
[2024-08-16T07:01:08.463+0000] {processor.py:914} INFO - Processing file /usr/local/python/3.10.13/lib/python3.10/site-packages/airflow/example_dags/example_outlet_event_extra.py for tasks to queue
[2024-08-16T07:01:08.465+0000] {logging_mixin.py:190} INFO - [2024-08-16T07:01:08.465+0000] {dagbag.py:587} INFO - Filling up the DagBag from /usr/local/python/3.10.13/lib/python3.10/site-packages/airflow/example_dags/example_outlet_event_extra.py
[2024-08-16T07:01:08.481+0000] {processor.py:925} INFO - DAG(s) 'dataset_with_extra_by_yield', 'dataset_with_extra_from_classic_operator', 'dataset_with_extra_by_context' retrieved from /usr/local/python/3.10.13/lib/python3.10/site-packages/airflow/example_dags/example_outlet_event_extra.py
[2024-08-16T07:01:08.504+0000] {logging_mixin.py:190} INFO - [2024-08-16T07:01:08.504+0000] {dag.py:3211} INFO - Sync 3 DAGs
[2024-08-16T07:01:08.530+0000] {logging_mixin.py:190} INFO - [2024-08-16T07:01:08.529+0000] {dag.py:4138} INFO - Setting next_dagrun for dataset_with_extra_by_context to 2024-08-15 00:00:00+00:00, run_after=2024-08-16 00:00:00+00:00
[2024-08-16T07:01:08.535+0000] {logging_mixin.py:190} INFO - [2024-08-16T07:01:08.535+0000] {dag.py:4138} INFO - Setting next_dagrun for dataset_with_extra_by_yield to 2024-08-15 00:00:00+00:00, run_after=2024-08-16 00:00:00+00:00
[2024-08-16T07:01:08.538+0000] {logging_mixin.py:190} INFO - [2024-08-16T07:01:08.538+0000] {dag.py:4138} INFO - Setting next_dagrun for dataset_with_extra_from_classic_operator to 2024-08-15 00:00:00+00:00, run_after=2024-08-16 00:00:00+00:00
[2024-08-16T07:01:08.587+0000] {processor.py:208} INFO - Processing /usr/local/python/3.10.13/lib/python3.10/site-packages/airflow/example_dags/example_outlet_event_extra.py took 0.132 seconds
[2024-08-16T07:02:00.479+0000] {processor.py:186} INFO - Started process (PID=19175) to work on /usr/local/python/3.10.13/lib/python3.10/site-packages/airflow/example_dags/example_outlet_event_extra.py
[2024-08-16T07:02:00.480+0000] {processor.py:914} INFO - Processing file /usr/local/python/3.10.13/lib/python3.10/site-packages/airflow/example_dags/example_outlet_event_extra.py for tasks to queue
[2024-08-16T07:02:00.482+0000] {logging_mixin.py:190} INFO - [2024-08-16T07:02:00.482+0000] {dagbag.py:587} INFO - Filling up the DagBag from /usr/local/python/3.10.13/lib/python3.10/site-packages/airflow/example_dags/example_outlet_event_extra.py
[2024-08-16T07:02:00.499+0000] {processor.py:925} INFO - DAG(s) 'dataset_with_extra_from_classic_operator', 'dataset_with_extra_by_context', 'dataset_with_extra_by_yield' retrieved from /usr/local/python/3.10.13/lib/python3.10/site-packages/airflow/example_dags/example_outlet_event_extra.py
[2024-08-16T07:02:00.523+0000] {logging_mixin.py:190} INFO - [2024-08-16T07:02:00.523+0000] {dag.py:3211} INFO - Sync 3 DAGs
[2024-08-16T07:02:00.561+0000] {logging_mixin.py:190} INFO - [2024-08-16T07:02:00.561+0000] {dag.py:4138} INFO - Setting next_dagrun for dataset_with_extra_by_context to 2024-08-15 00:00:00+00:00, run_after=2024-08-16 00:00:00+00:00
[2024-08-16T07:02:00.567+0000] {logging_mixin.py:190} INFO - [2024-08-16T07:02:00.567+0000] {dag.py:4138} INFO - Setting next_dagrun for dataset_with_extra_by_yield to 2024-08-15 00:00:00+00:00, run_after=2024-08-16 00:00:00+00:00
[2024-08-16T07:02:00.571+0000] {logging_mixin.py:190} INFO - [2024-08-16T07:02:00.570+0000] {dag.py:4138} INFO - Setting next_dagrun for dataset_with_extra_from_classic_operator to 2024-08-15 00:00:00+00:00, run_after=2024-08-16 00:00:00+00:00
[2024-08-16T07:02:00.624+0000] {processor.py:208} INFO - Processing /usr/local/python/3.10.13/lib/python3.10/site-packages/airflow/example_dags/example_outlet_event_extra.py took 0.151 seconds
