[2024-08-16T06:46:25.158+0000] {processor.py:186} INFO - Started process (PID=12415) to work on /usr/local/python/3.10.13/lib/python3.10/site-packages/airflow/example_dags/example_task_group.py
[2024-08-16T06:46:25.158+0000] {processor.py:914} INFO - Processing file /usr/local/python/3.10.13/lib/python3.10/site-packages/airflow/example_dags/example_task_group.py for tasks to queue
[2024-08-16T06:46:25.160+0000] {logging_mixin.py:190} INFO - [2024-08-16T06:46:25.160+0000] {dagbag.py:587} INFO - Filling up the DagBag from /usr/local/python/3.10.13/lib/python3.10/site-packages/airflow/example_dags/example_task_group.py
[2024-08-16T06:46:25.168+0000] {processor.py:925} INFO - DAG(s) 'example_task_group' retrieved from /usr/local/python/3.10.13/lib/python3.10/site-packages/airflow/example_dags/example_task_group.py
[2024-08-16T06:46:25.330+0000] {logging_mixin.py:190} INFO - [2024-08-16T06:46:25.330+0000] {override.py:1858} INFO - Created Permission View: can edit on DAG:example_task_group
[2024-08-16T06:46:25.371+0000] {logging_mixin.py:190} INFO - [2024-08-16T06:46:25.371+0000] {override.py:1858} INFO - Created Permission View: can read on DAG:example_task_group
[2024-08-16T06:46:25.401+0000] {logging_mixin.py:190} INFO - [2024-08-16T06:46:25.401+0000] {override.py:1858} INFO - Created Permission View: can delete on DAG:example_task_group
[2024-08-16T06:46:25.401+0000] {logging_mixin.py:190} INFO - [2024-08-16T06:46:25.401+0000] {dag.py:3211} INFO - Sync 1 DAGs
[2024-08-16T06:46:25.418+0000] {logging_mixin.py:190} INFO - [2024-08-16T06:46:25.418+0000] {dag.py:3234} INFO - Creating ORM DAG for example_task_group
[2024-08-16T06:46:25.428+0000] {logging_mixin.py:190} INFO - [2024-08-16T06:46:25.428+0000] {dag.py:4138} INFO - Setting next_dagrun for example_task_group to 2024-08-15 00:00:00+00:00, run_after=2024-08-16 00:00:00+00:00
[2024-08-16T06:46:25.484+0000] {processor.py:208} INFO - Processing /usr/local/python/3.10.13/lib/python3.10/site-packages/airflow/example_dags/example_task_group.py took 0.330 seconds
[2024-08-16T06:47:31.949+0000] {processor.py:186} INFO - Started process (PID=12917) to work on /usr/local/python/3.10.13/lib/python3.10/site-packages/airflow/example_dags/example_task_group.py
[2024-08-16T06:47:31.950+0000] {processor.py:914} INFO - Processing file /usr/local/python/3.10.13/lib/python3.10/site-packages/airflow/example_dags/example_task_group.py for tasks to queue
[2024-08-16T06:47:31.951+0000] {logging_mixin.py:190} INFO - [2024-08-16T06:47:31.951+0000] {dagbag.py:587} INFO - Filling up the DagBag from /usr/local/python/3.10.13/lib/python3.10/site-packages/airflow/example_dags/example_task_group.py
[2024-08-16T06:47:31.959+0000] {processor.py:925} INFO - DAG(s) 'example_task_group' retrieved from /usr/local/python/3.10.13/lib/python3.10/site-packages/airflow/example_dags/example_task_group.py
[2024-08-16T06:47:31.973+0000] {logging_mixin.py:190} INFO - [2024-08-16T06:47:31.973+0000] {dag.py:3211} INFO - Sync 1 DAGs
[2024-08-16T06:47:31.990+0000] {logging_mixin.py:190} INFO - [2024-08-16T06:47:31.989+0000] {dag.py:4138} INFO - Setting next_dagrun for example_task_group to 2024-08-15 00:00:00+00:00, run_after=2024-08-16 00:00:00+00:00
[2024-08-16T06:47:32.035+0000] {processor.py:208} INFO - Processing /usr/local/python/3.10.13/lib/python3.10/site-packages/airflow/example_dags/example_task_group.py took 0.091 seconds
[2024-08-16T06:48:29.063+0000] {processor.py:186} INFO - Started process (PID=13315) to work on /usr/local/python/3.10.13/lib/python3.10/site-packages/airflow/example_dags/example_task_group.py
[2024-08-16T06:48:29.064+0000] {processor.py:914} INFO - Processing file /usr/local/python/3.10.13/lib/python3.10/site-packages/airflow/example_dags/example_task_group.py for tasks to queue
[2024-08-16T06:48:29.066+0000] {logging_mixin.py:190} INFO - [2024-08-16T06:48:29.066+0000] {dagbag.py:587} INFO - Filling up the DagBag from /usr/local/python/3.10.13/lib/python3.10/site-packages/airflow/example_dags/example_task_group.py
[2024-08-16T06:48:29.080+0000] {processor.py:925} INFO - DAG(s) 'example_task_group' retrieved from /usr/local/python/3.10.13/lib/python3.10/site-packages/airflow/example_dags/example_task_group.py
[2024-08-16T06:48:29.104+0000] {logging_mixin.py:190} INFO - [2024-08-16T06:48:29.104+0000] {dag.py:3211} INFO - Sync 1 DAGs
[2024-08-16T06:48:29.127+0000] {logging_mixin.py:190} INFO - [2024-08-16T06:48:29.127+0000] {dag.py:4138} INFO - Setting next_dagrun for example_task_group to 2024-08-15 00:00:00+00:00, run_after=2024-08-16 00:00:00+00:00
[2024-08-16T06:48:29.183+0000] {processor.py:208} INFO - Processing /usr/local/python/3.10.13/lib/python3.10/site-packages/airflow/example_dags/example_task_group.py took 0.127 seconds
[2024-08-16T06:49:22.897+0000] {processor.py:186} INFO - Started process (PID=13678) to work on /usr/local/python/3.10.13/lib/python3.10/site-packages/airflow/example_dags/example_task_group.py
[2024-08-16T06:49:22.897+0000] {processor.py:914} INFO - Processing file /usr/local/python/3.10.13/lib/python3.10/site-packages/airflow/example_dags/example_task_group.py for tasks to queue
[2024-08-16T06:49:22.900+0000] {logging_mixin.py:190} INFO - [2024-08-16T06:49:22.899+0000] {dagbag.py:587} INFO - Filling up the DagBag from /usr/local/python/3.10.13/lib/python3.10/site-packages/airflow/example_dags/example_task_group.py
[2024-08-16T06:49:22.910+0000] {processor.py:925} INFO - DAG(s) 'example_task_group' retrieved from /usr/local/python/3.10.13/lib/python3.10/site-packages/airflow/example_dags/example_task_group.py
[2024-08-16T06:49:22.925+0000] {logging_mixin.py:190} INFO - [2024-08-16T06:49:22.924+0000] {dag.py:3211} INFO - Sync 1 DAGs
[2024-08-16T06:49:22.940+0000] {logging_mixin.py:190} INFO - [2024-08-16T06:49:22.940+0000] {dag.py:4138} INFO - Setting next_dagrun for example_task_group to 2024-08-15 00:00:00+00:00, run_after=2024-08-16 00:00:00+00:00
[2024-08-16T06:49:22.980+0000] {processor.py:208} INFO - Processing /usr/local/python/3.10.13/lib/python3.10/site-packages/airflow/example_dags/example_task_group.py took 0.088 seconds
[2024-08-16T06:50:13.655+0000] {processor.py:186} INFO - Started process (PID=14022) to work on /usr/local/python/3.10.13/lib/python3.10/site-packages/airflow/example_dags/example_task_group.py
[2024-08-16T06:50:13.656+0000] {processor.py:914} INFO - Processing file /usr/local/python/3.10.13/lib/python3.10/site-packages/airflow/example_dags/example_task_group.py for tasks to queue
[2024-08-16T06:50:13.658+0000] {logging_mixin.py:190} INFO - [2024-08-16T06:50:13.657+0000] {dagbag.py:587} INFO - Filling up the DagBag from /usr/local/python/3.10.13/lib/python3.10/site-packages/airflow/example_dags/example_task_group.py
[2024-08-16T06:50:13.665+0000] {processor.py:925} INFO - DAG(s) 'example_task_group' retrieved from /usr/local/python/3.10.13/lib/python3.10/site-packages/airflow/example_dags/example_task_group.py
[2024-08-16T06:50:13.678+0000] {logging_mixin.py:190} INFO - [2024-08-16T06:50:13.678+0000] {dag.py:3211} INFO - Sync 1 DAGs
[2024-08-16T06:50:13.693+0000] {logging_mixin.py:190} INFO - [2024-08-16T06:50:13.693+0000] {dag.py:4138} INFO - Setting next_dagrun for example_task_group to 2024-08-15 00:00:00+00:00, run_after=2024-08-16 00:00:00+00:00
[2024-08-16T06:50:13.736+0000] {processor.py:208} INFO - Processing /usr/local/python/3.10.13/lib/python3.10/site-packages/airflow/example_dags/example_task_group.py took 0.086 seconds
[2024-08-16T06:51:04.520+0000] {processor.py:186} INFO - Started process (PID=14381) to work on /usr/local/python/3.10.13/lib/python3.10/site-packages/airflow/example_dags/example_task_group.py
[2024-08-16T06:51:04.521+0000] {processor.py:914} INFO - Processing file /usr/local/python/3.10.13/lib/python3.10/site-packages/airflow/example_dags/example_task_group.py for tasks to queue
[2024-08-16T06:51:04.522+0000] {logging_mixin.py:190} INFO - [2024-08-16T06:51:04.522+0000] {dagbag.py:587} INFO - Filling up the DagBag from /usr/local/python/3.10.13/lib/python3.10/site-packages/airflow/example_dags/example_task_group.py
[2024-08-16T06:51:04.530+0000] {processor.py:925} INFO - DAG(s) 'example_task_group' retrieved from /usr/local/python/3.10.13/lib/python3.10/site-packages/airflow/example_dags/example_task_group.py
[2024-08-16T06:51:04.544+0000] {logging_mixin.py:190} INFO - [2024-08-16T06:51:04.543+0000] {dag.py:3211} INFO - Sync 1 DAGs
[2024-08-16T06:51:04.559+0000] {logging_mixin.py:190} INFO - [2024-08-16T06:51:04.559+0000] {dag.py:4138} INFO - Setting next_dagrun for example_task_group to 2024-08-15 00:00:00+00:00, run_after=2024-08-16 00:00:00+00:00
[2024-08-16T06:51:04.603+0000] {processor.py:208} INFO - Processing /usr/local/python/3.10.13/lib/python3.10/site-packages/airflow/example_dags/example_task_group.py took 0.087 seconds
[2024-08-16T06:51:52.954+0000] {processor.py:186} INFO - Started process (PID=14718) to work on /usr/local/python/3.10.13/lib/python3.10/site-packages/airflow/example_dags/example_task_group.py
[2024-08-16T06:51:52.954+0000] {processor.py:914} INFO - Processing file /usr/local/python/3.10.13/lib/python3.10/site-packages/airflow/example_dags/example_task_group.py for tasks to queue
[2024-08-16T06:51:52.956+0000] {logging_mixin.py:190} INFO - [2024-08-16T06:51:52.956+0000] {dagbag.py:587} INFO - Filling up the DagBag from /usr/local/python/3.10.13/lib/python3.10/site-packages/airflow/example_dags/example_task_group.py
[2024-08-16T06:51:52.963+0000] {processor.py:925} INFO - DAG(s) 'example_task_group' retrieved from /usr/local/python/3.10.13/lib/python3.10/site-packages/airflow/example_dags/example_task_group.py
[2024-08-16T06:51:52.977+0000] {logging_mixin.py:190} INFO - [2024-08-16T06:51:52.976+0000] {dag.py:3211} INFO - Sync 1 DAGs
[2024-08-16T06:51:52.992+0000] {logging_mixin.py:190} INFO - [2024-08-16T06:51:52.992+0000] {dag.py:4138} INFO - Setting next_dagrun for example_task_group to 2024-08-15 00:00:00+00:00, run_after=2024-08-16 00:00:00+00:00
[2024-08-16T06:51:53.038+0000] {processor.py:208} INFO - Processing /usr/local/python/3.10.13/lib/python3.10/site-packages/airflow/example_dags/example_task_group.py took 0.089 seconds
[2024-08-16T06:52:43.805+0000] {processor.py:186} INFO - Started process (PID=15073) to work on /usr/local/python/3.10.13/lib/python3.10/site-packages/airflow/example_dags/example_task_group.py
[2024-08-16T06:52:43.806+0000] {processor.py:914} INFO - Processing file /usr/local/python/3.10.13/lib/python3.10/site-packages/airflow/example_dags/example_task_group.py for tasks to queue
[2024-08-16T06:52:43.808+0000] {logging_mixin.py:190} INFO - [2024-08-16T06:52:43.808+0000] {dagbag.py:587} INFO - Filling up the DagBag from /usr/local/python/3.10.13/lib/python3.10/site-packages/airflow/example_dags/example_task_group.py
[2024-08-16T06:52:43.819+0000] {processor.py:925} INFO - DAG(s) 'example_task_group' retrieved from /usr/local/python/3.10.13/lib/python3.10/site-packages/airflow/example_dags/example_task_group.py
[2024-08-16T06:52:43.840+0000] {logging_mixin.py:190} INFO - [2024-08-16T06:52:43.839+0000] {dag.py:3211} INFO - Sync 1 DAGs
[2024-08-16T06:52:43.864+0000] {logging_mixin.py:190} INFO - [2024-08-16T06:52:43.864+0000] {dag.py:4138} INFO - Setting next_dagrun for example_task_group to 2024-08-15 00:00:00+00:00, run_after=2024-08-16 00:00:00+00:00
[2024-08-16T06:52:43.924+0000] {processor.py:208} INFO - Processing /usr/local/python/3.10.13/lib/python3.10/site-packages/airflow/example_dags/example_task_group.py took 0.126 seconds
[2024-08-16T06:53:37.781+0000] {processor.py:186} INFO - Started process (PID=15437) to work on /usr/local/python/3.10.13/lib/python3.10/site-packages/airflow/example_dags/example_task_group.py
[2024-08-16T06:53:37.782+0000] {processor.py:914} INFO - Processing file /usr/local/python/3.10.13/lib/python3.10/site-packages/airflow/example_dags/example_task_group.py for tasks to queue
[2024-08-16T06:53:37.784+0000] {logging_mixin.py:190} INFO - [2024-08-16T06:53:37.783+0000] {dagbag.py:587} INFO - Filling up the DagBag from /usr/local/python/3.10.13/lib/python3.10/site-packages/airflow/example_dags/example_task_group.py
[2024-08-16T06:53:37.791+0000] {processor.py:925} INFO - DAG(s) 'example_task_group' retrieved from /usr/local/python/3.10.13/lib/python3.10/site-packages/airflow/example_dags/example_task_group.py
[2024-08-16T06:53:37.804+0000] {logging_mixin.py:190} INFO - [2024-08-16T06:53:37.804+0000] {dag.py:3211} INFO - Sync 1 DAGs
[2024-08-16T06:53:37.819+0000] {logging_mixin.py:190} INFO - [2024-08-16T06:53:37.819+0000] {dag.py:4138} INFO - Setting next_dagrun for example_task_group to 2024-08-15 00:00:00+00:00, run_after=2024-08-16 00:00:00+00:00
[2024-08-16T06:53:37.862+0000] {processor.py:208} INFO - Processing /usr/local/python/3.10.13/lib/python3.10/site-packages/airflow/example_dags/example_task_group.py took 0.086 seconds
[2024-08-16T06:54:32.304+0000] {processor.py:186} INFO - Started process (PID=15827) to work on /usr/local/python/3.10.13/lib/python3.10/site-packages/airflow/example_dags/example_task_group.py
[2024-08-16T06:54:32.305+0000] {processor.py:914} INFO - Processing file /usr/local/python/3.10.13/lib/python3.10/site-packages/airflow/example_dags/example_task_group.py for tasks to queue
[2024-08-16T06:54:32.308+0000] {logging_mixin.py:190} INFO - [2024-08-16T06:54:32.307+0000] {dagbag.py:587} INFO - Filling up the DagBag from /usr/local/python/3.10.13/lib/python3.10/site-packages/airflow/example_dags/example_task_group.py
[2024-08-16T06:54:32.318+0000] {processor.py:925} INFO - DAG(s) 'example_task_group' retrieved from /usr/local/python/3.10.13/lib/python3.10/site-packages/airflow/example_dags/example_task_group.py
[2024-08-16T06:54:32.338+0000] {logging_mixin.py:190} INFO - [2024-08-16T06:54:32.337+0000] {dag.py:3211} INFO - Sync 1 DAGs
[2024-08-16T06:54:32.360+0000] {logging_mixin.py:190} INFO - [2024-08-16T06:54:32.360+0000] {dag.py:4138} INFO - Setting next_dagrun for example_task_group to 2024-08-15 00:00:00+00:00, run_after=2024-08-16 00:00:00+00:00
[2024-08-16T06:54:32.407+0000] {processor.py:208} INFO - Processing /usr/local/python/3.10.13/lib/python3.10/site-packages/airflow/example_dags/example_task_group.py took 0.109 seconds
[2024-08-16T06:55:26.618+0000] {processor.py:186} INFO - Started process (PID=16188) to work on /usr/local/python/3.10.13/lib/python3.10/site-packages/airflow/example_dags/example_task_group.py
[2024-08-16T06:55:26.618+0000] {processor.py:914} INFO - Processing file /usr/local/python/3.10.13/lib/python3.10/site-packages/airflow/example_dags/example_task_group.py for tasks to queue
[2024-08-16T06:55:26.620+0000] {logging_mixin.py:190} INFO - [2024-08-16T06:55:26.620+0000] {dagbag.py:587} INFO - Filling up the DagBag from /usr/local/python/3.10.13/lib/python3.10/site-packages/airflow/example_dags/example_task_group.py
[2024-08-16T06:55:26.630+0000] {processor.py:925} INFO - DAG(s) 'example_task_group' retrieved from /usr/local/python/3.10.13/lib/python3.10/site-packages/airflow/example_dags/example_task_group.py
[2024-08-16T06:55:26.645+0000] {logging_mixin.py:190} INFO - [2024-08-16T06:55:26.644+0000] {dag.py:3211} INFO - Sync 1 DAGs
[2024-08-16T06:55:26.660+0000] {logging_mixin.py:190} INFO - [2024-08-16T06:55:26.660+0000] {dag.py:4138} INFO - Setting next_dagrun for example_task_group to 2024-08-15 00:00:00+00:00, run_after=2024-08-16 00:00:00+00:00
[2024-08-16T06:55:26.701+0000] {processor.py:208} INFO - Processing /usr/local/python/3.10.13/lib/python3.10/site-packages/airflow/example_dags/example_task_group.py took 0.088 seconds
[2024-08-16T06:56:26.325+0000] {processor.py:186} INFO - Started process (PID=16596) to work on /usr/local/python/3.10.13/lib/python3.10/site-packages/airflow/example_dags/example_task_group.py
[2024-08-16T06:56:26.326+0000] {processor.py:914} INFO - Processing file /usr/local/python/3.10.13/lib/python3.10/site-packages/airflow/example_dags/example_task_group.py for tasks to queue
[2024-08-16T06:56:26.329+0000] {logging_mixin.py:190} INFO - [2024-08-16T06:56:26.328+0000] {dagbag.py:587} INFO - Filling up the DagBag from /usr/local/python/3.10.13/lib/python3.10/site-packages/airflow/example_dags/example_task_group.py
[2024-08-16T06:56:26.340+0000] {processor.py:925} INFO - DAG(s) 'example_task_group' retrieved from /usr/local/python/3.10.13/lib/python3.10/site-packages/airflow/example_dags/example_task_group.py
[2024-08-16T06:56:26.361+0000] {logging_mixin.py:190} INFO - [2024-08-16T06:56:26.360+0000] {dag.py:3211} INFO - Sync 1 DAGs
[2024-08-16T06:56:26.385+0000] {logging_mixin.py:190} INFO - [2024-08-16T06:56:26.385+0000] {dag.py:4138} INFO - Setting next_dagrun for example_task_group to 2024-08-15 00:00:00+00:00, run_after=2024-08-16 00:00:00+00:00
[2024-08-16T06:56:26.432+0000] {processor.py:208} INFO - Processing /usr/local/python/3.10.13/lib/python3.10/site-packages/airflow/example_dags/example_task_group.py took 0.114 seconds
[2024-08-16T06:57:21.214+0000] {processor.py:186} INFO - Started process (PID=16965) to work on /usr/local/python/3.10.13/lib/python3.10/site-packages/airflow/example_dags/example_task_group.py
[2024-08-16T06:57:21.215+0000] {processor.py:914} INFO - Processing file /usr/local/python/3.10.13/lib/python3.10/site-packages/airflow/example_dags/example_task_group.py for tasks to queue
[2024-08-16T06:57:21.216+0000] {logging_mixin.py:190} INFO - [2024-08-16T06:57:21.216+0000] {dagbag.py:587} INFO - Filling up the DagBag from /usr/local/python/3.10.13/lib/python3.10/site-packages/airflow/example_dags/example_task_group.py
[2024-08-16T06:57:21.224+0000] {processor.py:925} INFO - DAG(s) 'example_task_group' retrieved from /usr/local/python/3.10.13/lib/python3.10/site-packages/airflow/example_dags/example_task_group.py
[2024-08-16T06:57:21.237+0000] {logging_mixin.py:190} INFO - [2024-08-16T06:57:21.237+0000] {dag.py:3211} INFO - Sync 1 DAGs
[2024-08-16T06:57:21.253+0000] {logging_mixin.py:190} INFO - [2024-08-16T06:57:21.253+0000] {dag.py:4138} INFO - Setting next_dagrun for example_task_group to 2024-08-15 00:00:00+00:00, run_after=2024-08-16 00:00:00+00:00
[2024-08-16T06:57:21.300+0000] {processor.py:208} INFO - Processing /usr/local/python/3.10.13/lib/python3.10/site-packages/airflow/example_dags/example_task_group.py took 0.091 seconds
[2024-08-16T06:58:16.885+0000] {processor.py:186} INFO - Started process (PID=17358) to work on /usr/local/python/3.10.13/lib/python3.10/site-packages/airflow/example_dags/example_task_group.py
[2024-08-16T06:58:16.885+0000] {processor.py:914} INFO - Processing file /usr/local/python/3.10.13/lib/python3.10/site-packages/airflow/example_dags/example_task_group.py for tasks to queue
[2024-08-16T06:58:16.887+0000] {logging_mixin.py:190} INFO - [2024-08-16T06:58:16.887+0000] {dagbag.py:587} INFO - Filling up the DagBag from /usr/local/python/3.10.13/lib/python3.10/site-packages/airflow/example_dags/example_task_group.py
[2024-08-16T06:58:16.895+0000] {processor.py:925} INFO - DAG(s) 'example_task_group' retrieved from /usr/local/python/3.10.13/lib/python3.10/site-packages/airflow/example_dags/example_task_group.py
[2024-08-16T06:58:16.911+0000] {logging_mixin.py:190} INFO - [2024-08-16T06:58:16.911+0000] {dag.py:3211} INFO - Sync 1 DAGs
[2024-08-16T06:58:16.927+0000] {logging_mixin.py:190} INFO - [2024-08-16T06:58:16.927+0000] {dag.py:4138} INFO - Setting next_dagrun for example_task_group to 2024-08-15 00:00:00+00:00, run_after=2024-08-16 00:00:00+00:00
[2024-08-16T06:58:16.968+0000] {processor.py:208} INFO - Processing /usr/local/python/3.10.13/lib/python3.10/site-packages/airflow/example_dags/example_task_group.py took 0.088 seconds
[2024-08-16T06:59:07.955+0000] {processor.py:186} INFO - Started process (PID=17739) to work on /usr/local/python/3.10.13/lib/python3.10/site-packages/airflow/example_dags/example_task_group.py
[2024-08-16T06:59:07.956+0000] {processor.py:914} INFO - Processing file /usr/local/python/3.10.13/lib/python3.10/site-packages/airflow/example_dags/example_task_group.py for tasks to queue
[2024-08-16T06:59:07.958+0000] {logging_mixin.py:190} INFO - [2024-08-16T06:59:07.958+0000] {dagbag.py:587} INFO - Filling up the DagBag from /usr/local/python/3.10.13/lib/python3.10/site-packages/airflow/example_dags/example_task_group.py
[2024-08-16T06:59:07.969+0000] {processor.py:925} INFO - DAG(s) 'example_task_group' retrieved from /usr/local/python/3.10.13/lib/python3.10/site-packages/airflow/example_dags/example_task_group.py
[2024-08-16T06:59:07.991+0000] {logging_mixin.py:190} INFO - [2024-08-16T06:59:07.991+0000] {dag.py:3211} INFO - Sync 1 DAGs
[2024-08-16T06:59:08.017+0000] {logging_mixin.py:190} INFO - [2024-08-16T06:59:08.016+0000] {dag.py:4138} INFO - Setting next_dagrun for example_task_group to 2024-08-15 00:00:00+00:00, run_after=2024-08-16 00:00:00+00:00
[2024-08-16T06:59:08.064+0000] {processor.py:208} INFO - Processing /usr/local/python/3.10.13/lib/python3.10/site-packages/airflow/example_dags/example_task_group.py took 0.115 seconds
[2024-08-16T07:00:00.946+0000] {processor.py:186} INFO - Started process (PID=18245) to work on /usr/local/python/3.10.13/lib/python3.10/site-packages/airflow/example_dags/example_task_group.py
[2024-08-16T07:00:00.946+0000] {processor.py:914} INFO - Processing file /usr/local/python/3.10.13/lib/python3.10/site-packages/airflow/example_dags/example_task_group.py for tasks to queue
[2024-08-16T07:00:00.948+0000] {logging_mixin.py:190} INFO - [2024-08-16T07:00:00.948+0000] {dagbag.py:587} INFO - Filling up the DagBag from /usr/local/python/3.10.13/lib/python3.10/site-packages/airflow/example_dags/example_task_group.py
[2024-08-16T07:00:00.955+0000] {processor.py:925} INFO - DAG(s) 'example_task_group' retrieved from /usr/local/python/3.10.13/lib/python3.10/site-packages/airflow/example_dags/example_task_group.py
[2024-08-16T07:00:00.969+0000] {logging_mixin.py:190} INFO - [2024-08-16T07:00:00.968+0000] {dag.py:3211} INFO - Sync 1 DAGs
[2024-08-16T07:00:00.985+0000] {logging_mixin.py:190} INFO - [2024-08-16T07:00:00.984+0000] {dag.py:4138} INFO - Setting next_dagrun for example_task_group to 2024-08-15 00:00:00+00:00, run_after=2024-08-16 00:00:00+00:00
[2024-08-16T07:00:01.028+0000] {processor.py:208} INFO - Processing /usr/local/python/3.10.13/lib/python3.10/site-packages/airflow/example_dags/example_task_group.py took 0.087 seconds
[2024-08-16T07:00:52.858+0000] {processor.py:186} INFO - Started process (PID=18690) to work on /usr/local/python/3.10.13/lib/python3.10/site-packages/airflow/example_dags/example_task_group.py
[2024-08-16T07:00:52.859+0000] {processor.py:914} INFO - Processing file /usr/local/python/3.10.13/lib/python3.10/site-packages/airflow/example_dags/example_task_group.py for tasks to queue
[2024-08-16T07:00:52.860+0000] {logging_mixin.py:190} INFO - [2024-08-16T07:00:52.860+0000] {dagbag.py:587} INFO - Filling up the DagBag from /usr/local/python/3.10.13/lib/python3.10/site-packages/airflow/example_dags/example_task_group.py
[2024-08-16T07:00:52.868+0000] {processor.py:925} INFO - DAG(s) 'example_task_group' retrieved from /usr/local/python/3.10.13/lib/python3.10/site-packages/airflow/example_dags/example_task_group.py
[2024-08-16T07:00:52.881+0000] {logging_mixin.py:190} INFO - [2024-08-16T07:00:52.881+0000] {dag.py:3211} INFO - Sync 1 DAGs
[2024-08-16T07:00:52.898+0000] {logging_mixin.py:190} INFO - [2024-08-16T07:00:52.897+0000] {dag.py:4138} INFO - Setting next_dagrun for example_task_group to 2024-08-15 00:00:00+00:00, run_after=2024-08-16 00:00:00+00:00
[2024-08-16T07:00:52.937+0000] {processor.py:208} INFO - Processing /usr/local/python/3.10.13/lib/python3.10/site-packages/airflow/example_dags/example_task_group.py took 0.084 seconds
[2024-08-16T07:01:47.170+0000] {processor.py:186} INFO - Started process (PID=19058) to work on /usr/local/python/3.10.13/lib/python3.10/site-packages/airflow/example_dags/example_task_group.py
[2024-08-16T07:01:47.171+0000] {processor.py:914} INFO - Processing file /usr/local/python/3.10.13/lib/python3.10/site-packages/airflow/example_dags/example_task_group.py for tasks to queue
[2024-08-16T07:01:47.173+0000] {logging_mixin.py:190} INFO - [2024-08-16T07:01:47.172+0000] {dagbag.py:587} INFO - Filling up the DagBag from /usr/local/python/3.10.13/lib/python3.10/site-packages/airflow/example_dags/example_task_group.py
[2024-08-16T07:01:47.180+0000] {processor.py:925} INFO - DAG(s) 'example_task_group' retrieved from /usr/local/python/3.10.13/lib/python3.10/site-packages/airflow/example_dags/example_task_group.py
[2024-08-16T07:01:47.194+0000] {logging_mixin.py:190} INFO - [2024-08-16T07:01:47.194+0000] {dag.py:3211} INFO - Sync 1 DAGs
[2024-08-16T07:01:47.210+0000] {logging_mixin.py:190} INFO - [2024-08-16T07:01:47.210+0000] {dag.py:4138} INFO - Setting next_dagrun for example_task_group to 2024-08-15 00:00:00+00:00, run_after=2024-08-16 00:00:00+00:00
[2024-08-16T07:01:47.252+0000] {processor.py:208} INFO - Processing /usr/local/python/3.10.13/lib/python3.10/site-packages/airflow/example_dags/example_task_group.py took 0.087 seconds
[2024-08-16T07:02:38.340+0000] {processor.py:186} INFO - Started process (PID=19433) to work on /usr/local/python/3.10.13/lib/python3.10/site-packages/airflow/example_dags/example_task_group.py
[2024-08-16T07:02:38.341+0000] {processor.py:914} INFO - Processing file /usr/local/python/3.10.13/lib/python3.10/site-packages/airflow/example_dags/example_task_group.py for tasks to queue
[2024-08-16T07:02:38.342+0000] {logging_mixin.py:190} INFO - [2024-08-16T07:02:38.342+0000] {dagbag.py:587} INFO - Filling up the DagBag from /usr/local/python/3.10.13/lib/python3.10/site-packages/airflow/example_dags/example_task_group.py
[2024-08-16T07:02:38.350+0000] {processor.py:925} INFO - DAG(s) 'example_task_group' retrieved from /usr/local/python/3.10.13/lib/python3.10/site-packages/airflow/example_dags/example_task_group.py
[2024-08-16T07:02:38.363+0000] {logging_mixin.py:190} INFO - [2024-08-16T07:02:38.363+0000] {dag.py:3211} INFO - Sync 1 DAGs
[2024-08-16T07:02:38.378+0000] {logging_mixin.py:190} INFO - [2024-08-16T07:02:38.378+0000] {dag.py:4138} INFO - Setting next_dagrun for example_task_group to 2024-08-15 00:00:00+00:00, run_after=2024-08-16 00:00:00+00:00
[2024-08-16T07:02:38.418+0000] {processor.py:208} INFO - Processing /usr/local/python/3.10.13/lib/python3.10/site-packages/airflow/example_dags/example_task_group.py took 0.082 seconds
