[2024-08-16T06:46:53.595+0000] {processor.py:186} INFO - Started process (PID=12646) to work on /usr/local/python/3.10.13/lib/python3.10/site-packages/airflow/example_dags/example_branch_datetime_operator.py
[2024-08-16T06:46:53.596+0000] {processor.py:914} INFO - Processing file /usr/local/python/3.10.13/lib/python3.10/site-packages/airflow/example_dags/example_branch_datetime_operator.py for tasks to queue
[2024-08-16T06:46:53.598+0000] {logging_mixin.py:190} INFO - [2024-08-16T06:46:53.597+0000] {dagbag.py:587} INFO - Filling up the DagBag from /usr/local/python/3.10.13/lib/python3.10/site-packages/airflow/example_dags/example_branch_datetime_operator.py
[2024-08-16T06:46:53.608+0000] {processor.py:925} INFO - DAG(s) 'example_branch_datetime_operator_3', 'example_branch_datetime_operator_2', 'example_branch_datetime_operator' retrieved from /usr/local/python/3.10.13/lib/python3.10/site-packages/airflow/example_dags/example_branch_datetime_operator.py
[2024-08-16T06:46:53.747+0000] {logging_mixin.py:190} INFO - [2024-08-16T06:46:53.747+0000] {override.py:1858} INFO - Created Permission View: can edit on DAG:example_branch_datetime_operator_3
[2024-08-16T06:46:53.780+0000] {logging_mixin.py:190} INFO - [2024-08-16T06:46:53.780+0000] {override.py:1858} INFO - Created Permission View: can read on DAG:example_branch_datetime_operator_3
[2024-08-16T06:46:53.811+0000] {logging_mixin.py:190} INFO - [2024-08-16T06:46:53.810+0000] {override.py:1858} INFO - Created Permission View: can delete on DAG:example_branch_datetime_operator_3
[2024-08-16T06:46:53.878+0000] {logging_mixin.py:190} INFO - [2024-08-16T06:46:53.877+0000] {override.py:1858} INFO - Created Permission View: can edit on DAG:example_branch_datetime_operator_2
[2024-08-16T06:46:53.907+0000] {logging_mixin.py:190} INFO - [2024-08-16T06:46:53.907+0000] {override.py:1858} INFO - Created Permission View: can read on DAG:example_branch_datetime_operator_2
[2024-08-16T06:46:53.940+0000] {logging_mixin.py:190} INFO - [2024-08-16T06:46:53.940+0000] {override.py:1858} INFO - Created Permission View: can delete on DAG:example_branch_datetime_operator_2
[2024-08-16T06:46:54.015+0000] {logging_mixin.py:190} INFO - [2024-08-16T06:46:54.014+0000] {override.py:1858} INFO - Created Permission View: can edit on DAG:example_branch_datetime_operator
[2024-08-16T06:46:54.047+0000] {logging_mixin.py:190} INFO - [2024-08-16T06:46:54.047+0000] {override.py:1858} INFO - Created Permission View: can read on DAG:example_branch_datetime_operator
[2024-08-16T06:46:54.084+0000] {logging_mixin.py:190} INFO - [2024-08-16T06:46:54.084+0000] {override.py:1858} INFO - Created Permission View: can delete on DAG:example_branch_datetime_operator
[2024-08-16T06:46:54.085+0000] {logging_mixin.py:190} INFO - [2024-08-16T06:46:54.084+0000] {dag.py:3211} INFO - Sync 3 DAGs
[2024-08-16T06:46:54.100+0000] {logging_mixin.py:190} INFO - [2024-08-16T06:46:54.100+0000] {dag.py:3234} INFO - Creating ORM DAG for example_branch_datetime_operator_3
[2024-08-16T06:46:54.101+0000] {logging_mixin.py:190} INFO - [2024-08-16T06:46:54.101+0000] {dag.py:3234} INFO - Creating ORM DAG for example_branch_datetime_operator_2
[2024-08-16T06:46:54.102+0000] {logging_mixin.py:190} INFO - [2024-08-16T06:46:54.101+0000] {dag.py:3234} INFO - Creating ORM DAG for example_branch_datetime_operator
[2024-08-16T06:46:54.114+0000] {logging_mixin.py:190} INFO - [2024-08-16T06:46:54.113+0000] {dag.py:4138} INFO - Setting next_dagrun for example_branch_datetime_operator to 2024-08-15 00:00:00+00:00, run_after=2024-08-16 00:00:00+00:00
[2024-08-16T06:46:54.117+0000] {logging_mixin.py:190} INFO - [2024-08-16T06:46:54.116+0000] {dag.py:4138} INFO - Setting next_dagrun for example_branch_datetime_operator_2 to 2024-08-15 00:00:00+00:00, run_after=2024-08-16 00:00:00+00:00
[2024-08-16T06:46:54.119+0000] {logging_mixin.py:190} INFO - [2024-08-16T06:46:54.119+0000] {dag.py:4138} INFO - Setting next_dagrun for example_branch_datetime_operator_3 to 2024-08-15 00:00:00+00:00, run_after=2024-08-16 00:00:00+00:00
[2024-08-16T06:46:54.173+0000] {processor.py:208} INFO - Processing /usr/local/python/3.10.13/lib/python3.10/site-packages/airflow/example_dags/example_branch_datetime_operator.py took 0.583 seconds
[2024-08-16T06:47:56.394+0000] {processor.py:186} INFO - Started process (PID=13099) to work on /usr/local/python/3.10.13/lib/python3.10/site-packages/airflow/example_dags/example_branch_datetime_operator.py
[2024-08-16T06:47:56.394+0000] {processor.py:914} INFO - Processing file /usr/local/python/3.10.13/lib/python3.10/site-packages/airflow/example_dags/example_branch_datetime_operator.py for tasks to queue
[2024-08-16T06:47:56.396+0000] {logging_mixin.py:190} INFO - [2024-08-16T06:47:56.396+0000] {dagbag.py:587} INFO - Filling up the DagBag from /usr/local/python/3.10.13/lib/python3.10/site-packages/airflow/example_dags/example_branch_datetime_operator.py
[2024-08-16T06:47:56.406+0000] {processor.py:925} INFO - DAG(s) 'example_branch_datetime_operator', 'example_branch_datetime_operator_3', 'example_branch_datetime_operator_2' retrieved from /usr/local/python/3.10.13/lib/python3.10/site-packages/airflow/example_dags/example_branch_datetime_operator.py
[2024-08-16T06:47:56.423+0000] {logging_mixin.py:190} INFO - [2024-08-16T06:47:56.423+0000] {dag.py:3211} INFO - Sync 3 DAGs
[2024-08-16T06:47:56.440+0000] {logging_mixin.py:190} INFO - [2024-08-16T06:47:56.440+0000] {dag.py:4138} INFO - Setting next_dagrun for example_branch_datetime_operator to 2024-08-15 00:00:00+00:00, run_after=2024-08-16 00:00:00+00:00
[2024-08-16T06:47:56.444+0000] {logging_mixin.py:190} INFO - [2024-08-16T06:47:56.444+0000] {dag.py:4138} INFO - Setting next_dagrun for example_branch_datetime_operator_2 to 2024-08-15 00:00:00+00:00, run_after=2024-08-16 00:00:00+00:00
[2024-08-16T06:47:56.446+0000] {logging_mixin.py:190} INFO - [2024-08-16T06:47:56.446+0000] {dag.py:4138} INFO - Setting next_dagrun for example_branch_datetime_operator_3 to 2024-08-15 00:00:00+00:00, run_after=2024-08-16 00:00:00+00:00
[2024-08-16T06:47:56.487+0000] {processor.py:208} INFO - Processing /usr/local/python/3.10.13/lib/python3.10/site-packages/airflow/example_dags/example_branch_datetime_operator.py took 0.098 seconds
[2024-08-16T06:48:54.040+0000] {processor.py:186} INFO - Started process (PID=13493) to work on /usr/local/python/3.10.13/lib/python3.10/site-packages/airflow/example_dags/example_branch_datetime_operator.py
[2024-08-16T06:48:54.041+0000] {processor.py:914} INFO - Processing file /usr/local/python/3.10.13/lib/python3.10/site-packages/airflow/example_dags/example_branch_datetime_operator.py for tasks to queue
[2024-08-16T06:48:54.043+0000] {logging_mixin.py:190} INFO - [2024-08-16T06:48:54.043+0000] {dagbag.py:587} INFO - Filling up the DagBag from /usr/local/python/3.10.13/lib/python3.10/site-packages/airflow/example_dags/example_branch_datetime_operator.py
[2024-08-16T06:48:54.066+0000] {processor.py:925} INFO - DAG(s) 'example_branch_datetime_operator_3', 'example_branch_datetime_operator_2', 'example_branch_datetime_operator' retrieved from /usr/local/python/3.10.13/lib/python3.10/site-packages/airflow/example_dags/example_branch_datetime_operator.py
[2024-08-16T06:48:54.093+0000] {logging_mixin.py:190} INFO - [2024-08-16T06:48:54.093+0000] {dag.py:3211} INFO - Sync 3 DAGs
[2024-08-16T06:48:54.121+0000] {logging_mixin.py:190} INFO - [2024-08-16T06:48:54.121+0000] {dag.py:4138} INFO - Setting next_dagrun for example_branch_datetime_operator to 2024-08-15 00:00:00+00:00, run_after=2024-08-16 00:00:00+00:00
[2024-08-16T06:48:54.127+0000] {logging_mixin.py:190} INFO - [2024-08-16T06:48:54.127+0000] {dag.py:4138} INFO - Setting next_dagrun for example_branch_datetime_operator_2 to 2024-08-15 00:00:00+00:00, run_after=2024-08-16 00:00:00+00:00
[2024-08-16T06:48:54.130+0000] {logging_mixin.py:190} INFO - [2024-08-16T06:48:54.130+0000] {dag.py:4138} INFO - Setting next_dagrun for example_branch_datetime_operator_3 to 2024-08-15 00:00:00+00:00, run_after=2024-08-16 00:00:00+00:00
[2024-08-16T06:48:54.177+0000] {processor.py:208} INFO - Processing /usr/local/python/3.10.13/lib/python3.10/site-packages/airflow/example_dags/example_branch_datetime_operator.py took 0.144 seconds
[2024-08-16T06:49:50.209+0000] {processor.py:186} INFO - Started process (PID=13865) to work on /usr/local/python/3.10.13/lib/python3.10/site-packages/airflow/example_dags/example_branch_datetime_operator.py
[2024-08-16T06:49:50.210+0000] {processor.py:914} INFO - Processing file /usr/local/python/3.10.13/lib/python3.10/site-packages/airflow/example_dags/example_branch_datetime_operator.py for tasks to queue
[2024-08-16T06:49:50.213+0000] {logging_mixin.py:190} INFO - [2024-08-16T06:49:50.212+0000] {dagbag.py:587} INFO - Filling up the DagBag from /usr/local/python/3.10.13/lib/python3.10/site-packages/airflow/example_dags/example_branch_datetime_operator.py
[2024-08-16T06:49:50.236+0000] {processor.py:925} INFO - DAG(s) 'example_branch_datetime_operator', 'example_branch_datetime_operator_3', 'example_branch_datetime_operator_2' retrieved from /usr/local/python/3.10.13/lib/python3.10/site-packages/airflow/example_dags/example_branch_datetime_operator.py
[2024-08-16T06:49:50.273+0000] {logging_mixin.py:190} INFO - [2024-08-16T06:49:50.273+0000] {dag.py:3211} INFO - Sync 3 DAGs
[2024-08-16T06:49:50.311+0000] {logging_mixin.py:190} INFO - [2024-08-16T06:49:50.311+0000] {dag.py:4138} INFO - Setting next_dagrun for example_branch_datetime_operator to 2024-08-15 00:00:00+00:00, run_after=2024-08-16 00:00:00+00:00
[2024-08-16T06:49:50.318+0000] {logging_mixin.py:190} INFO - [2024-08-16T06:49:50.317+0000] {dag.py:4138} INFO - Setting next_dagrun for example_branch_datetime_operator_2 to 2024-08-15 00:00:00+00:00, run_after=2024-08-16 00:00:00+00:00
[2024-08-16T06:49:50.321+0000] {logging_mixin.py:190} INFO - [2024-08-16T06:49:50.321+0000] {dag.py:4138} INFO - Setting next_dagrun for example_branch_datetime_operator_3 to 2024-08-15 00:00:00+00:00, run_after=2024-08-16 00:00:00+00:00
[2024-08-16T06:49:50.366+0000] {processor.py:208} INFO - Processing /usr/local/python/3.10.13/lib/python3.10/site-packages/airflow/example_dags/example_branch_datetime_operator.py took 0.163 seconds
[2024-08-16T06:50:43.354+0000] {processor.py:186} INFO - Started process (PID=14231) to work on /usr/local/python/3.10.13/lib/python3.10/site-packages/airflow/example_dags/example_branch_datetime_operator.py
[2024-08-16T06:50:43.355+0000] {processor.py:914} INFO - Processing file /usr/local/python/3.10.13/lib/python3.10/site-packages/airflow/example_dags/example_branch_datetime_operator.py for tasks to queue
[2024-08-16T06:50:43.358+0000] {logging_mixin.py:190} INFO - [2024-08-16T06:50:43.357+0000] {dagbag.py:587} INFO - Filling up the DagBag from /usr/local/python/3.10.13/lib/python3.10/site-packages/airflow/example_dags/example_branch_datetime_operator.py
[2024-08-16T06:50:43.368+0000] {processor.py:925} INFO - DAG(s) 'example_branch_datetime_operator_2', 'example_branch_datetime_operator', 'example_branch_datetime_operator_3' retrieved from /usr/local/python/3.10.13/lib/python3.10/site-packages/airflow/example_dags/example_branch_datetime_operator.py
[2024-08-16T06:50:43.386+0000] {logging_mixin.py:190} INFO - [2024-08-16T06:50:43.386+0000] {dag.py:3211} INFO - Sync 3 DAGs
[2024-08-16T06:50:43.404+0000] {logging_mixin.py:190} INFO - [2024-08-16T06:50:43.404+0000] {dag.py:4138} INFO - Setting next_dagrun for example_branch_datetime_operator to 2024-08-15 00:00:00+00:00, run_after=2024-08-16 00:00:00+00:00
[2024-08-16T06:50:43.408+0000] {logging_mixin.py:190} INFO - [2024-08-16T06:50:43.408+0000] {dag.py:4138} INFO - Setting next_dagrun for example_branch_datetime_operator_2 to 2024-08-15 00:00:00+00:00, run_after=2024-08-16 00:00:00+00:00
[2024-08-16T06:50:43.410+0000] {logging_mixin.py:190} INFO - [2024-08-16T06:50:43.410+0000] {dag.py:4138} INFO - Setting next_dagrun for example_branch_datetime_operator_3 to 2024-08-15 00:00:00+00:00, run_after=2024-08-16 00:00:00+00:00
[2024-08-16T06:50:43.452+0000] {processor.py:208} INFO - Processing /usr/local/python/3.10.13/lib/python3.10/site-packages/airflow/example_dags/example_branch_datetime_operator.py took 0.104 seconds
[2024-08-16T06:51:57.080+0000] {processor.py:186} INFO - Started process (PID=14741) to work on /usr/local/python/3.10.13/lib/python3.10/site-packages/airflow/example_dags/example_branch_datetime_operator.py
[2024-08-16T06:51:57.081+0000] {processor.py:914} INFO - Processing file /usr/local/python/3.10.13/lib/python3.10/site-packages/airflow/example_dags/example_branch_datetime_operator.py for tasks to queue
[2024-08-16T06:51:57.083+0000] {logging_mixin.py:190} INFO - [2024-08-16T06:51:57.082+0000] {dagbag.py:587} INFO - Filling up the DagBag from /usr/local/python/3.10.13/lib/python3.10/site-packages/airflow/example_dags/example_branch_datetime_operator.py
[2024-08-16T06:51:57.097+0000] {processor.py:925} INFO - DAG(s) 'example_branch_datetime_operator', 'example_branch_datetime_operator_3', 'example_branch_datetime_operator_2' retrieved from /usr/local/python/3.10.13/lib/python3.10/site-packages/airflow/example_dags/example_branch_datetime_operator.py
[2024-08-16T06:51:57.114+0000] {logging_mixin.py:190} INFO - [2024-08-16T06:51:57.114+0000] {dag.py:3211} INFO - Sync 3 DAGs
[2024-08-16T06:51:57.131+0000] {logging_mixin.py:190} INFO - [2024-08-16T06:51:57.131+0000] {dag.py:4138} INFO - Setting next_dagrun for example_branch_datetime_operator to 2024-08-15 00:00:00+00:00, run_after=2024-08-16 00:00:00+00:00
[2024-08-16T06:51:57.135+0000] {logging_mixin.py:190} INFO - [2024-08-16T06:51:57.135+0000] {dag.py:4138} INFO - Setting next_dagrun for example_branch_datetime_operator_2 to 2024-08-15 00:00:00+00:00, run_after=2024-08-16 00:00:00+00:00
[2024-08-16T06:51:57.137+0000] {logging_mixin.py:190} INFO - [2024-08-16T06:51:57.137+0000] {dag.py:4138} INFO - Setting next_dagrun for example_branch_datetime_operator_3 to 2024-08-15 00:00:00+00:00, run_after=2024-08-16 00:00:00+00:00
[2024-08-16T06:51:57.176+0000] {processor.py:208} INFO - Processing /usr/local/python/3.10.13/lib/python3.10/site-packages/airflow/example_dags/example_branch_datetime_operator.py took 0.100 seconds
[2024-08-16T06:53:14.334+0000] {processor.py:186} INFO - Started process (PID=15275) to work on /usr/local/python/3.10.13/lib/python3.10/site-packages/airflow/example_dags/example_branch_datetime_operator.py
[2024-08-16T06:53:14.335+0000] {processor.py:914} INFO - Processing file /usr/local/python/3.10.13/lib/python3.10/site-packages/airflow/example_dags/example_branch_datetime_operator.py for tasks to queue
[2024-08-16T06:53:14.338+0000] {logging_mixin.py:190} INFO - [2024-08-16T06:53:14.337+0000] {dagbag.py:587} INFO - Filling up the DagBag from /usr/local/python/3.10.13/lib/python3.10/site-packages/airflow/example_dags/example_branch_datetime_operator.py
[2024-08-16T06:53:14.354+0000] {processor.py:925} INFO - DAG(s) 'example_branch_datetime_operator_2', 'example_branch_datetime_operator', 'example_branch_datetime_operator_3' retrieved from /usr/local/python/3.10.13/lib/python3.10/site-packages/airflow/example_dags/example_branch_datetime_operator.py
[2024-08-16T06:53:14.390+0000] {logging_mixin.py:190} INFO - [2024-08-16T06:53:14.390+0000] {dag.py:3211} INFO - Sync 3 DAGs
[2024-08-16T06:53:14.430+0000] {logging_mixin.py:190} INFO - [2024-08-16T06:53:14.430+0000] {dag.py:4138} INFO - Setting next_dagrun for example_branch_datetime_operator to 2024-08-15 00:00:00+00:00, run_after=2024-08-16 00:00:00+00:00
[2024-08-16T06:53:14.436+0000] {logging_mixin.py:190} INFO - [2024-08-16T06:53:14.436+0000] {dag.py:4138} INFO - Setting next_dagrun for example_branch_datetime_operator_2 to 2024-08-15 00:00:00+00:00, run_after=2024-08-16 00:00:00+00:00
[2024-08-16T06:53:14.439+0000] {logging_mixin.py:190} INFO - [2024-08-16T06:53:14.439+0000] {dag.py:4138} INFO - Setting next_dagrun for example_branch_datetime_operator_3 to 2024-08-15 00:00:00+00:00, run_after=2024-08-16 00:00:00+00:00
[2024-08-16T06:53:14.486+0000] {processor.py:208} INFO - Processing /usr/local/python/3.10.13/lib/python3.10/site-packages/airflow/example_dags/example_branch_datetime_operator.py took 0.158 seconds
[2024-08-16T06:54:08.909+0000] {processor.py:186} INFO - Started process (PID=15651) to work on /usr/local/python/3.10.13/lib/python3.10/site-packages/airflow/example_dags/example_branch_datetime_operator.py
[2024-08-16T06:54:08.910+0000] {processor.py:914} INFO - Processing file /usr/local/python/3.10.13/lib/python3.10/site-packages/airflow/example_dags/example_branch_datetime_operator.py for tasks to queue
[2024-08-16T06:54:08.911+0000] {logging_mixin.py:190} INFO - [2024-08-16T06:54:08.911+0000] {dagbag.py:587} INFO - Filling up the DagBag from /usr/local/python/3.10.13/lib/python3.10/site-packages/airflow/example_dags/example_branch_datetime_operator.py
[2024-08-16T06:54:08.922+0000] {processor.py:925} INFO - DAG(s) 'example_branch_datetime_operator_3', 'example_branch_datetime_operator_2', 'example_branch_datetime_operator' retrieved from /usr/local/python/3.10.13/lib/python3.10/site-packages/airflow/example_dags/example_branch_datetime_operator.py
[2024-08-16T06:54:08.939+0000] {logging_mixin.py:190} INFO - [2024-08-16T06:54:08.939+0000] {dag.py:3211} INFO - Sync 3 DAGs
[2024-08-16T06:54:08.956+0000] {logging_mixin.py:190} INFO - [2024-08-16T06:54:08.956+0000] {dag.py:4138} INFO - Setting next_dagrun for example_branch_datetime_operator to 2024-08-15 00:00:00+00:00, run_after=2024-08-16 00:00:00+00:00
[2024-08-16T06:54:08.960+0000] {logging_mixin.py:190} INFO - [2024-08-16T06:54:08.960+0000] {dag.py:4138} INFO - Setting next_dagrun for example_branch_datetime_operator_2 to 2024-08-15 00:00:00+00:00, run_after=2024-08-16 00:00:00+00:00
[2024-08-16T06:54:08.962+0000] {logging_mixin.py:190} INFO - [2024-08-16T06:54:08.962+0000] {dag.py:4138} INFO - Setting next_dagrun for example_branch_datetime_operator_3 to 2024-08-15 00:00:00+00:00, run_after=2024-08-16 00:00:00+00:00
[2024-08-16T06:54:09.010+0000] {processor.py:208} INFO - Processing /usr/local/python/3.10.13/lib/python3.10/site-packages/airflow/example_dags/example_branch_datetime_operator.py took 0.105 seconds
[2024-08-16T06:55:01.320+0000] {processor.py:186} INFO - Started process (PID=16027) to work on /usr/local/python/3.10.13/lib/python3.10/site-packages/airflow/example_dags/example_branch_datetime_operator.py
[2024-08-16T06:55:01.321+0000] {processor.py:914} INFO - Processing file /usr/local/python/3.10.13/lib/python3.10/site-packages/airflow/example_dags/example_branch_datetime_operator.py for tasks to queue
[2024-08-16T06:55:01.323+0000] {logging_mixin.py:190} INFO - [2024-08-16T06:55:01.322+0000] {dagbag.py:587} INFO - Filling up the DagBag from /usr/local/python/3.10.13/lib/python3.10/site-packages/airflow/example_dags/example_branch_datetime_operator.py
[2024-08-16T06:55:01.333+0000] {processor.py:925} INFO - DAG(s) 'example_branch_datetime_operator_2', 'example_branch_datetime_operator_3', 'example_branch_datetime_operator' retrieved from /usr/local/python/3.10.13/lib/python3.10/site-packages/airflow/example_dags/example_branch_datetime_operator.py
[2024-08-16T06:55:01.351+0000] {logging_mixin.py:190} INFO - [2024-08-16T06:55:01.351+0000] {dag.py:3211} INFO - Sync 3 DAGs
[2024-08-16T06:55:01.369+0000] {logging_mixin.py:190} INFO - [2024-08-16T06:55:01.369+0000] {dag.py:4138} INFO - Setting next_dagrun for example_branch_datetime_operator to 2024-08-15 00:00:00+00:00, run_after=2024-08-16 00:00:00+00:00
[2024-08-16T06:55:01.373+0000] {logging_mixin.py:190} INFO - [2024-08-16T06:55:01.373+0000] {dag.py:4138} INFO - Setting next_dagrun for example_branch_datetime_operator_2 to 2024-08-15 00:00:00+00:00, run_after=2024-08-16 00:00:00+00:00
[2024-08-16T06:55:01.375+0000] {logging_mixin.py:190} INFO - [2024-08-16T06:55:01.375+0000] {dag.py:4138} INFO - Setting next_dagrun for example_branch_datetime_operator_3 to 2024-08-15 00:00:00+00:00, run_after=2024-08-16 00:00:00+00:00
[2024-08-16T06:55:01.414+0000] {processor.py:208} INFO - Processing /usr/local/python/3.10.13/lib/python3.10/site-packages/airflow/example_dags/example_branch_datetime_operator.py took 0.098 seconds
[2024-08-16T06:55:58.299+0000] {processor.py:186} INFO - Started process (PID=16406) to work on /usr/local/python/3.10.13/lib/python3.10/site-packages/airflow/example_dags/example_branch_datetime_operator.py
[2024-08-16T06:55:58.300+0000] {processor.py:914} INFO - Processing file /usr/local/python/3.10.13/lib/python3.10/site-packages/airflow/example_dags/example_branch_datetime_operator.py for tasks to queue
[2024-08-16T06:55:58.302+0000] {logging_mixin.py:190} INFO - [2024-08-16T06:55:58.302+0000] {dagbag.py:587} INFO - Filling up the DagBag from /usr/local/python/3.10.13/lib/python3.10/site-packages/airflow/example_dags/example_branch_datetime_operator.py
[2024-08-16T06:55:58.318+0000] {processor.py:925} INFO - DAG(s) 'example_branch_datetime_operator_3', 'example_branch_datetime_operator_2', 'example_branch_datetime_operator' retrieved from /usr/local/python/3.10.13/lib/python3.10/site-packages/airflow/example_dags/example_branch_datetime_operator.py
[2024-08-16T06:55:58.344+0000] {logging_mixin.py:190} INFO - [2024-08-16T06:55:58.344+0000] {dag.py:3211} INFO - Sync 3 DAGs
[2024-08-16T06:55:58.371+0000] {logging_mixin.py:190} INFO - [2024-08-16T06:55:58.371+0000] {dag.py:4138} INFO - Setting next_dagrun for example_branch_datetime_operator to 2024-08-15 00:00:00+00:00, run_after=2024-08-16 00:00:00+00:00
[2024-08-16T06:55:58.377+0000] {logging_mixin.py:190} INFO - [2024-08-16T06:55:58.377+0000] {dag.py:4138} INFO - Setting next_dagrun for example_branch_datetime_operator_2 to 2024-08-15 00:00:00+00:00, run_after=2024-08-16 00:00:00+00:00
[2024-08-16T06:55:58.381+0000] {logging_mixin.py:190} INFO - [2024-08-16T06:55:58.380+0000] {dag.py:4138} INFO - Setting next_dagrun for example_branch_datetime_operator_3 to 2024-08-15 00:00:00+00:00, run_after=2024-08-16 00:00:00+00:00
[2024-08-16T06:55:58.426+0000] {processor.py:208} INFO - Processing /usr/local/python/3.10.13/lib/python3.10/site-packages/airflow/example_dags/example_branch_datetime_operator.py took 0.134 seconds
[2024-08-16T06:56:56.918+0000] {processor.py:186} INFO - Started process (PID=16808) to work on /usr/local/python/3.10.13/lib/python3.10/site-packages/airflow/example_dags/example_branch_datetime_operator.py
[2024-08-16T06:56:56.919+0000] {processor.py:914} INFO - Processing file /usr/local/python/3.10.13/lib/python3.10/site-packages/airflow/example_dags/example_branch_datetime_operator.py for tasks to queue
[2024-08-16T06:56:56.920+0000] {logging_mixin.py:190} INFO - [2024-08-16T06:56:56.920+0000] {dagbag.py:587} INFO - Filling up the DagBag from /usr/local/python/3.10.13/lib/python3.10/site-packages/airflow/example_dags/example_branch_datetime_operator.py
[2024-08-16T06:56:56.932+0000] {processor.py:925} INFO - DAG(s) 'example_branch_datetime_operator_2', 'example_branch_datetime_operator', 'example_branch_datetime_operator_3' retrieved from /usr/local/python/3.10.13/lib/python3.10/site-packages/airflow/example_dags/example_branch_datetime_operator.py
[2024-08-16T06:56:56.958+0000] {logging_mixin.py:190} INFO - [2024-08-16T06:56:56.958+0000] {dag.py:3211} INFO - Sync 3 DAGs
[2024-08-16T06:56:56.980+0000] {logging_mixin.py:190} INFO - [2024-08-16T06:56:56.980+0000] {dag.py:4138} INFO - Setting next_dagrun for example_branch_datetime_operator to 2024-08-15 00:00:00+00:00, run_after=2024-08-16 00:00:00+00:00
[2024-08-16T06:56:56.984+0000] {logging_mixin.py:190} INFO - [2024-08-16T06:56:56.984+0000] {dag.py:4138} INFO - Setting next_dagrun for example_branch_datetime_operator_2 to 2024-08-15 00:00:00+00:00, run_after=2024-08-16 00:00:00+00:00
[2024-08-16T06:56:56.986+0000] {logging_mixin.py:190} INFO - [2024-08-16T06:56:56.986+0000] {dag.py:4138} INFO - Setting next_dagrun for example_branch_datetime_operator_3 to 2024-08-15 00:00:00+00:00, run_after=2024-08-16 00:00:00+00:00
[2024-08-16T06:56:57.023+0000] {processor.py:208} INFO - Processing /usr/local/python/3.10.13/lib/python3.10/site-packages/airflow/example_dags/example_branch_datetime_operator.py took 0.110 seconds
[2024-08-16T06:57:52.449+0000] {processor.py:186} INFO - Started process (PID=17183) to work on /usr/local/python/3.10.13/lib/python3.10/site-packages/airflow/example_dags/example_branch_datetime_operator.py
[2024-08-16T06:57:52.450+0000] {processor.py:914} INFO - Processing file /usr/local/python/3.10.13/lib/python3.10/site-packages/airflow/example_dags/example_branch_datetime_operator.py for tasks to queue
[2024-08-16T06:57:52.452+0000] {logging_mixin.py:190} INFO - [2024-08-16T06:57:52.452+0000] {dagbag.py:587} INFO - Filling up the DagBag from /usr/local/python/3.10.13/lib/python3.10/site-packages/airflow/example_dags/example_branch_datetime_operator.py
[2024-08-16T06:57:52.468+0000] {processor.py:925} INFO - DAG(s) 'example_branch_datetime_operator_3', 'example_branch_datetime_operator_2', 'example_branch_datetime_operator' retrieved from /usr/local/python/3.10.13/lib/python3.10/site-packages/airflow/example_dags/example_branch_datetime_operator.py
[2024-08-16T06:57:52.492+0000] {logging_mixin.py:190} INFO - [2024-08-16T06:57:52.492+0000] {dag.py:3211} INFO - Sync 3 DAGs
[2024-08-16T06:57:52.519+0000] {logging_mixin.py:190} INFO - [2024-08-16T06:57:52.518+0000] {dag.py:4138} INFO - Setting next_dagrun for example_branch_datetime_operator to 2024-08-15 00:00:00+00:00, run_after=2024-08-16 00:00:00+00:00
[2024-08-16T06:57:52.524+0000] {logging_mixin.py:190} INFO - [2024-08-16T06:57:52.524+0000] {dag.py:4138} INFO - Setting next_dagrun for example_branch_datetime_operator_2 to 2024-08-15 00:00:00+00:00, run_after=2024-08-16 00:00:00+00:00
[2024-08-16T06:57:52.527+0000] {logging_mixin.py:190} INFO - [2024-08-16T06:57:52.527+0000] {dag.py:4138} INFO - Setting next_dagrun for example_branch_datetime_operator_3 to 2024-08-15 00:00:00+00:00, run_after=2024-08-16 00:00:00+00:00
[2024-08-16T06:57:52.571+0000] {processor.py:208} INFO - Processing /usr/local/python/3.10.13/lib/python3.10/site-packages/airflow/example_dags/example_branch_datetime_operator.py took 0.129 seconds
[2024-08-16T06:59:10.300+0000] {processor.py:186} INFO - Started process (PID=17759) to work on /usr/local/python/3.10.13/lib/python3.10/site-packages/airflow/example_dags/example_branch_datetime_operator.py
[2024-08-16T06:59:10.300+0000] {processor.py:914} INFO - Processing file /usr/local/python/3.10.13/lib/python3.10/site-packages/airflow/example_dags/example_branch_datetime_operator.py for tasks to queue
[2024-08-16T06:59:10.302+0000] {logging_mixin.py:190} INFO - [2024-08-16T06:59:10.302+0000] {dagbag.py:587} INFO - Filling up the DagBag from /usr/local/python/3.10.13/lib/python3.10/site-packages/airflow/example_dags/example_branch_datetime_operator.py
[2024-08-16T06:59:10.313+0000] {processor.py:925} INFO - DAG(s) 'example_branch_datetime_operator_2', 'example_branch_datetime_operator_3', 'example_branch_datetime_operator' retrieved from /usr/local/python/3.10.13/lib/python3.10/site-packages/airflow/example_dags/example_branch_datetime_operator.py
[2024-08-16T06:59:10.330+0000] {logging_mixin.py:190} INFO - [2024-08-16T06:59:10.330+0000] {dag.py:3211} INFO - Sync 3 DAGs
[2024-08-16T06:59:10.347+0000] {logging_mixin.py:190} INFO - [2024-08-16T06:59:10.347+0000] {dag.py:4138} INFO - Setting next_dagrun for example_branch_datetime_operator to 2024-08-15 00:00:00+00:00, run_after=2024-08-16 00:00:00+00:00
[2024-08-16T06:59:10.351+0000] {logging_mixin.py:190} INFO - [2024-08-16T06:59:10.351+0000] {dag.py:4138} INFO - Setting next_dagrun for example_branch_datetime_operator_2 to 2024-08-15 00:00:00+00:00, run_after=2024-08-16 00:00:00+00:00
[2024-08-16T06:59:10.353+0000] {logging_mixin.py:190} INFO - [2024-08-16T06:59:10.353+0000] {dag.py:4138} INFO - Setting next_dagrun for example_branch_datetime_operator_3 to 2024-08-15 00:00:00+00:00, run_after=2024-08-16 00:00:00+00:00
[2024-08-16T06:59:10.391+0000] {processor.py:208} INFO - Processing /usr/local/python/3.10.13/lib/python3.10/site-packages/airflow/example_dags/example_branch_datetime_operator.py took 0.098 seconds
[2024-08-16T07:00:03.726+0000] {processor.py:186} INFO - Started process (PID=18260) to work on /usr/local/python/3.10.13/lib/python3.10/site-packages/airflow/example_dags/example_branch_datetime_operator.py
[2024-08-16T07:00:03.726+0000] {processor.py:914} INFO - Processing file /usr/local/python/3.10.13/lib/python3.10/site-packages/airflow/example_dags/example_branch_datetime_operator.py for tasks to queue
[2024-08-16T07:00:03.728+0000] {logging_mixin.py:190} INFO - [2024-08-16T07:00:03.728+0000] {dagbag.py:587} INFO - Filling up the DagBag from /usr/local/python/3.10.13/lib/python3.10/site-packages/airflow/example_dags/example_branch_datetime_operator.py
[2024-08-16T07:00:03.738+0000] {processor.py:925} INFO - DAG(s) 'example_branch_datetime_operator_3', 'example_branch_datetime_operator', 'example_branch_datetime_operator_2' retrieved from /usr/local/python/3.10.13/lib/python3.10/site-packages/airflow/example_dags/example_branch_datetime_operator.py
[2024-08-16T07:00:03.755+0000] {logging_mixin.py:190} INFO - [2024-08-16T07:00:03.755+0000] {dag.py:3211} INFO - Sync 3 DAGs
[2024-08-16T07:00:03.772+0000] {logging_mixin.py:190} INFO - [2024-08-16T07:00:03.772+0000] {dag.py:4138} INFO - Setting next_dagrun for example_branch_datetime_operator to 2024-08-15 00:00:00+00:00, run_after=2024-08-16 00:00:00+00:00
[2024-08-16T07:00:03.776+0000] {logging_mixin.py:190} INFO - [2024-08-16T07:00:03.776+0000] {dag.py:4138} INFO - Setting next_dagrun for example_branch_datetime_operator_2 to 2024-08-15 00:00:00+00:00, run_after=2024-08-16 00:00:00+00:00
[2024-08-16T07:00:03.778+0000] {logging_mixin.py:190} INFO - [2024-08-16T07:00:03.778+0000] {dag.py:4138} INFO - Setting next_dagrun for example_branch_datetime_operator_3 to 2024-08-15 00:00:00+00:00, run_after=2024-08-16 00:00:00+00:00
[2024-08-16T07:00:03.818+0000] {processor.py:208} INFO - Processing /usr/local/python/3.10.13/lib/python3.10/site-packages/airflow/example_dags/example_branch_datetime_operator.py took 0.097 seconds
[2024-08-16T07:00:56.198+0000] {processor.py:186} INFO - Started process (PID=18711) to work on /usr/local/python/3.10.13/lib/python3.10/site-packages/airflow/example_dags/example_branch_datetime_operator.py
[2024-08-16T07:00:56.198+0000] {processor.py:914} INFO - Processing file /usr/local/python/3.10.13/lib/python3.10/site-packages/airflow/example_dags/example_branch_datetime_operator.py for tasks to queue
[2024-08-16T07:00:56.200+0000] {logging_mixin.py:190} INFO - [2024-08-16T07:00:56.200+0000] {dagbag.py:587} INFO - Filling up the DagBag from /usr/local/python/3.10.13/lib/python3.10/site-packages/airflow/example_dags/example_branch_datetime_operator.py
[2024-08-16T07:00:56.210+0000] {processor.py:925} INFO - DAG(s) 'example_branch_datetime_operator_2', 'example_branch_datetime_operator', 'example_branch_datetime_operator_3' retrieved from /usr/local/python/3.10.13/lib/python3.10/site-packages/airflow/example_dags/example_branch_datetime_operator.py
[2024-08-16T07:00:56.245+0000] {logging_mixin.py:190} INFO - [2024-08-16T07:00:56.245+0000] {dag.py:3211} INFO - Sync 3 DAGs
[2024-08-16T07:00:56.262+0000] {logging_mixin.py:190} INFO - [2024-08-16T07:00:56.262+0000] {dag.py:4138} INFO - Setting next_dagrun for example_branch_datetime_operator to 2024-08-15 00:00:00+00:00, run_after=2024-08-16 00:00:00+00:00
[2024-08-16T07:00:56.266+0000] {logging_mixin.py:190} INFO - [2024-08-16T07:00:56.266+0000] {dag.py:4138} INFO - Setting next_dagrun for example_branch_datetime_operator_2 to 2024-08-15 00:00:00+00:00, run_after=2024-08-16 00:00:00+00:00
[2024-08-16T07:00:56.268+0000] {logging_mixin.py:190} INFO - [2024-08-16T07:00:56.268+0000] {dag.py:4138} INFO - Setting next_dagrun for example_branch_datetime_operator_3 to 2024-08-15 00:00:00+00:00, run_after=2024-08-16 00:00:00+00:00
[2024-08-16T07:00:56.309+0000] {processor.py:208} INFO - Processing /usr/local/python/3.10.13/lib/python3.10/site-packages/airflow/example_dags/example_branch_datetime_operator.py took 0.116 seconds
[2024-08-16T07:01:50.042+0000] {processor.py:186} INFO - Started process (PID=19085) to work on /usr/local/python/3.10.13/lib/python3.10/site-packages/airflow/example_dags/example_branch_datetime_operator.py
[2024-08-16T07:01:50.043+0000] {processor.py:914} INFO - Processing file /usr/local/python/3.10.13/lib/python3.10/site-packages/airflow/example_dags/example_branch_datetime_operator.py for tasks to queue
[2024-08-16T07:01:50.045+0000] {logging_mixin.py:190} INFO - [2024-08-16T07:01:50.044+0000] {dagbag.py:587} INFO - Filling up the DagBag from /usr/local/python/3.10.13/lib/python3.10/site-packages/airflow/example_dags/example_branch_datetime_operator.py
[2024-08-16T07:01:50.060+0000] {processor.py:925} INFO - DAG(s) 'example_branch_datetime_operator_2', 'example_branch_datetime_operator_3', 'example_branch_datetime_operator' retrieved from /usr/local/python/3.10.13/lib/python3.10/site-packages/airflow/example_dags/example_branch_datetime_operator.py
[2024-08-16T07:01:50.087+0000] {logging_mixin.py:190} INFO - [2024-08-16T07:01:50.086+0000] {dag.py:3211} INFO - Sync 3 DAGs
[2024-08-16T07:01:50.113+0000] {logging_mixin.py:190} INFO - [2024-08-16T07:01:50.113+0000] {dag.py:4138} INFO - Setting next_dagrun for example_branch_datetime_operator to 2024-08-15 00:00:00+00:00, run_after=2024-08-16 00:00:00+00:00
[2024-08-16T07:01:50.119+0000] {logging_mixin.py:190} INFO - [2024-08-16T07:01:50.119+0000] {dag.py:4138} INFO - Setting next_dagrun for example_branch_datetime_operator_2 to 2024-08-15 00:00:00+00:00, run_after=2024-08-16 00:00:00+00:00
[2024-08-16T07:01:50.123+0000] {logging_mixin.py:190} INFO - [2024-08-16T07:01:50.122+0000] {dag.py:4138} INFO - Setting next_dagrun for example_branch_datetime_operator_3 to 2024-08-15 00:00:00+00:00, run_after=2024-08-16 00:00:00+00:00
[2024-08-16T07:01:50.183+0000] {processor.py:208} INFO - Processing /usr/local/python/3.10.13/lib/python3.10/site-packages/airflow/example_dags/example_branch_datetime_operator.py took 0.149 seconds
