[2024-08-16T06:46:10.575+0000] {processor.py:186} INFO - Started process (PID=12254) to work on /usr/local/python/3.10.13/lib/python3.10/site-packages/airflow/example_dags/example_sensors.py
[2024-08-16T06:46:10.580+0000] {processor.py:914} INFO - Processing file /usr/local/python/3.10.13/lib/python3.10/site-packages/airflow/example_dags/example_sensors.py for tasks to queue
[2024-08-16T06:46:10.582+0000] {logging_mixin.py:190} INFO - [2024-08-16T06:46:10.582+0000] {dagbag.py:587} INFO - Filling up the DagBag from /usr/local/python/3.10.13/lib/python3.10/site-packages/airflow/example_dags/example_sensors.py
[2024-08-16T06:46:10.742+0000] {processor.py:925} INFO - DAG(s) 'example_sensors' retrieved from /usr/local/python/3.10.13/lib/python3.10/site-packages/airflow/example_dags/example_sensors.py
[2024-08-16T06:46:10.936+0000] {logging_mixin.py:190} INFO - [2024-08-16T06:46:10.935+0000] {override.py:1858} INFO - Created Permission View: can edit on DAG:example_sensors
[2024-08-16T06:46:10.967+0000] {logging_mixin.py:190} INFO - [2024-08-16T06:46:10.967+0000] {override.py:1858} INFO - Created Permission View: can read on DAG:example_sensors
[2024-08-16T06:46:10.998+0000] {logging_mixin.py:190} INFO - [2024-08-16T06:46:10.998+0000] {override.py:1858} INFO - Created Permission View: can delete on DAG:example_sensors
[2024-08-16T06:46:10.999+0000] {logging_mixin.py:190} INFO - [2024-08-16T06:46:10.998+0000] {dag.py:3211} INFO - Sync 1 DAGs
[2024-08-16T06:46:11.009+0000] {logging_mixin.py:190} INFO - [2024-08-16T06:46:11.008+0000] {dag.py:3234} INFO - Creating ORM DAG for example_sensors
[2024-08-16T06:46:11.009+0000] {logging_mixin.py:190} INFO - [2024-08-16T06:46:11.009+0000] {dag.py:4138} INFO - Setting next_dagrun for example_sensors to None, run_after=None
[2024-08-16T06:46:11.057+0000] {processor.py:208} INFO - Processing /usr/local/python/3.10.13/lib/python3.10/site-packages/airflow/example_dags/example_sensors.py took 0.488 seconds
[2024-08-16T06:47:19.543+0000] {processor.py:186} INFO - Started process (PID=12840) to work on /usr/local/python/3.10.13/lib/python3.10/site-packages/airflow/example_dags/example_sensors.py
[2024-08-16T06:47:19.544+0000] {processor.py:914} INFO - Processing file /usr/local/python/3.10.13/lib/python3.10/site-packages/airflow/example_dags/example_sensors.py for tasks to queue
[2024-08-16T06:47:19.546+0000] {logging_mixin.py:190} INFO - [2024-08-16T06:47:19.546+0000] {dagbag.py:587} INFO - Filling up the DagBag from /usr/local/python/3.10.13/lib/python3.10/site-packages/airflow/example_dags/example_sensors.py
[2024-08-16T06:47:19.560+0000] {processor.py:925} INFO - DAG(s) 'example_sensors' retrieved from /usr/local/python/3.10.13/lib/python3.10/site-packages/airflow/example_dags/example_sensors.py
[2024-08-16T06:47:19.599+0000] {logging_mixin.py:190} INFO - [2024-08-16T06:47:19.598+0000] {dag.py:3211} INFO - Sync 1 DAGs
[2024-08-16T06:47:19.615+0000] {logging_mixin.py:190} INFO - [2024-08-16T06:47:19.614+0000] {dag.py:4138} INFO - Setting next_dagrun for example_sensors to None, run_after=None
[2024-08-16T06:47:19.665+0000] {processor.py:208} INFO - Processing /usr/local/python/3.10.13/lib/python3.10/site-packages/airflow/example_dags/example_sensors.py took 0.129 seconds
[2024-08-16T06:48:17.480+0000] {processor.py:186} INFO - Started process (PID=13240) to work on /usr/local/python/3.10.13/lib/python3.10/site-packages/airflow/example_dags/example_sensors.py
[2024-08-16T06:48:17.481+0000] {processor.py:914} INFO - Processing file /usr/local/python/3.10.13/lib/python3.10/site-packages/airflow/example_dags/example_sensors.py for tasks to queue
[2024-08-16T06:48:17.483+0000] {logging_mixin.py:190} INFO - [2024-08-16T06:48:17.483+0000] {dagbag.py:587} INFO - Filling up the DagBag from /usr/local/python/3.10.13/lib/python3.10/site-packages/airflow/example_dags/example_sensors.py
[2024-08-16T06:48:17.492+0000] {processor.py:925} INFO - DAG(s) 'example_sensors' retrieved from /usr/local/python/3.10.13/lib/python3.10/site-packages/airflow/example_dags/example_sensors.py
[2024-08-16T06:48:17.510+0000] {logging_mixin.py:190} INFO - [2024-08-16T06:48:17.510+0000] {dag.py:3211} INFO - Sync 1 DAGs
[2024-08-16T06:48:17.520+0000] {logging_mixin.py:190} INFO - [2024-08-16T06:48:17.520+0000] {dag.py:4138} INFO - Setting next_dagrun for example_sensors to None, run_after=None
[2024-08-16T06:48:17.561+0000] {processor.py:208} INFO - Processing /usr/local/python/3.10.13/lib/python3.10/site-packages/airflow/example_dags/example_sensors.py took 0.086 seconds
[2024-08-16T06:49:11.282+0000] {processor.py:186} INFO - Started process (PID=13600) to work on /usr/local/python/3.10.13/lib/python3.10/site-packages/airflow/example_dags/example_sensors.py
[2024-08-16T06:49:11.283+0000] {processor.py:914} INFO - Processing file /usr/local/python/3.10.13/lib/python3.10/site-packages/airflow/example_dags/example_sensors.py for tasks to queue
[2024-08-16T06:49:11.285+0000] {logging_mixin.py:190} INFO - [2024-08-16T06:49:11.285+0000] {dagbag.py:587} INFO - Filling up the DagBag from /usr/local/python/3.10.13/lib/python3.10/site-packages/airflow/example_dags/example_sensors.py
[2024-08-16T06:49:11.294+0000] {processor.py:925} INFO - DAG(s) 'example_sensors' retrieved from /usr/local/python/3.10.13/lib/python3.10/site-packages/airflow/example_dags/example_sensors.py
[2024-08-16T06:49:11.312+0000] {logging_mixin.py:190} INFO - [2024-08-16T06:49:11.312+0000] {dag.py:3211} INFO - Sync 1 DAGs
[2024-08-16T06:49:11.321+0000] {logging_mixin.py:190} INFO - [2024-08-16T06:49:11.321+0000] {dag.py:4138} INFO - Setting next_dagrun for example_sensors to None, run_after=None
[2024-08-16T06:49:11.362+0000] {processor.py:208} INFO - Processing /usr/local/python/3.10.13/lib/python3.10/site-packages/airflow/example_dags/example_sensors.py took 0.085 seconds
[2024-08-16T06:50:03.296+0000] {processor.py:186} INFO - Started process (PID=13951) to work on /usr/local/python/3.10.13/lib/python3.10/site-packages/airflow/example_dags/example_sensors.py
[2024-08-16T06:50:03.297+0000] {processor.py:914} INFO - Processing file /usr/local/python/3.10.13/lib/python3.10/site-packages/airflow/example_dags/example_sensors.py for tasks to queue
[2024-08-16T06:50:03.299+0000] {logging_mixin.py:190} INFO - [2024-08-16T06:50:03.298+0000] {dagbag.py:587} INFO - Filling up the DagBag from /usr/local/python/3.10.13/lib/python3.10/site-packages/airflow/example_dags/example_sensors.py
[2024-08-16T06:50:03.308+0000] {processor.py:925} INFO - DAG(s) 'example_sensors' retrieved from /usr/local/python/3.10.13/lib/python3.10/site-packages/airflow/example_dags/example_sensors.py
[2024-08-16T06:50:03.326+0000] {logging_mixin.py:190} INFO - [2024-08-16T06:50:03.325+0000] {dag.py:3211} INFO - Sync 1 DAGs
[2024-08-16T06:50:03.335+0000] {logging_mixin.py:190} INFO - [2024-08-16T06:50:03.335+0000] {dag.py:4138} INFO - Setting next_dagrun for example_sensors to None, run_after=None
[2024-08-16T06:50:03.377+0000] {processor.py:208} INFO - Processing /usr/local/python/3.10.13/lib/python3.10/site-packages/airflow/example_dags/example_sensors.py took 0.085 seconds
[2024-08-16T06:50:54.575+0000] {processor.py:186} INFO - Started process (PID=14306) to work on /usr/local/python/3.10.13/lib/python3.10/site-packages/airflow/example_dags/example_sensors.py
[2024-08-16T06:50:54.576+0000] {processor.py:914} INFO - Processing file /usr/local/python/3.10.13/lib/python3.10/site-packages/airflow/example_dags/example_sensors.py for tasks to queue
[2024-08-16T06:50:54.578+0000] {logging_mixin.py:190} INFO - [2024-08-16T06:50:54.578+0000] {dagbag.py:587} INFO - Filling up the DagBag from /usr/local/python/3.10.13/lib/python3.10/site-packages/airflow/example_dags/example_sensors.py
[2024-08-16T06:50:54.589+0000] {processor.py:925} INFO - DAG(s) 'example_sensors' retrieved from /usr/local/python/3.10.13/lib/python3.10/site-packages/airflow/example_dags/example_sensors.py
[2024-08-16T06:50:54.607+0000] {logging_mixin.py:190} INFO - [2024-08-16T06:50:54.607+0000] {dag.py:3211} INFO - Sync 1 DAGs
[2024-08-16T06:50:54.617+0000] {logging_mixin.py:190} INFO - [2024-08-16T06:50:54.617+0000] {dag.py:4138} INFO - Setting next_dagrun for example_sensors to None, run_after=None
[2024-08-16T06:50:54.655+0000] {processor.py:208} INFO - Processing /usr/local/python/3.10.13/lib/python3.10/site-packages/airflow/example_dags/example_sensors.py took 0.096 seconds
[2024-08-16T06:51:42.815+0000] {processor.py:186} INFO - Started process (PID=14652) to work on /usr/local/python/3.10.13/lib/python3.10/site-packages/airflow/example_dags/example_sensors.py
[2024-08-16T06:51:42.816+0000] {processor.py:914} INFO - Processing file /usr/local/python/3.10.13/lib/python3.10/site-packages/airflow/example_dags/example_sensors.py for tasks to queue
[2024-08-16T06:51:42.817+0000] {logging_mixin.py:190} INFO - [2024-08-16T06:51:42.817+0000] {dagbag.py:587} INFO - Filling up the DagBag from /usr/local/python/3.10.13/lib/python3.10/site-packages/airflow/example_dags/example_sensors.py
[2024-08-16T06:51:42.826+0000] {processor.py:925} INFO - DAG(s) 'example_sensors' retrieved from /usr/local/python/3.10.13/lib/python3.10/site-packages/airflow/example_dags/example_sensors.py
[2024-08-16T06:51:42.843+0000] {logging_mixin.py:190} INFO - [2024-08-16T06:51:42.843+0000] {dag.py:3211} INFO - Sync 1 DAGs
[2024-08-16T06:51:42.853+0000] {logging_mixin.py:190} INFO - [2024-08-16T06:51:42.853+0000] {dag.py:4138} INFO - Setting next_dagrun for example_sensors to None, run_after=None
[2024-08-16T06:51:42.904+0000] {processor.py:208} INFO - Processing /usr/local/python/3.10.13/lib/python3.10/site-packages/airflow/example_dags/example_sensors.py took 0.095 seconds
[2024-08-16T06:52:33.187+0000] {processor.py:186} INFO - Started process (PID=14997) to work on /usr/local/python/3.10.13/lib/python3.10/site-packages/airflow/example_dags/example_sensors.py
[2024-08-16T06:52:33.188+0000] {processor.py:914} INFO - Processing file /usr/local/python/3.10.13/lib/python3.10/site-packages/airflow/example_dags/example_sensors.py for tasks to queue
[2024-08-16T06:52:33.190+0000] {logging_mixin.py:190} INFO - [2024-08-16T06:52:33.189+0000] {dagbag.py:587} INFO - Filling up the DagBag from /usr/local/python/3.10.13/lib/python3.10/site-packages/airflow/example_dags/example_sensors.py
[2024-08-16T06:52:33.199+0000] {processor.py:925} INFO - DAG(s) 'example_sensors' retrieved from /usr/local/python/3.10.13/lib/python3.10/site-packages/airflow/example_dags/example_sensors.py
[2024-08-16T06:52:33.224+0000] {logging_mixin.py:190} INFO - [2024-08-16T06:52:33.224+0000] {dag.py:3211} INFO - Sync 1 DAGs
[2024-08-16T06:52:33.239+0000] {logging_mixin.py:190} INFO - [2024-08-16T06:52:33.239+0000] {dag.py:4138} INFO - Setting next_dagrun for example_sensors to None, run_after=None
[2024-08-16T06:52:33.285+0000] {processor.py:208} INFO - Processing /usr/local/python/3.10.13/lib/python3.10/site-packages/airflow/example_dags/example_sensors.py took 0.102 seconds
[2024-08-16T06:53:26.282+0000] {processor.py:186} INFO - Started process (PID=15357) to work on /usr/local/python/3.10.13/lib/python3.10/site-packages/airflow/example_dags/example_sensors.py
[2024-08-16T06:53:26.283+0000] {processor.py:914} INFO - Processing file /usr/local/python/3.10.13/lib/python3.10/site-packages/airflow/example_dags/example_sensors.py for tasks to queue
[2024-08-16T06:53:26.284+0000] {logging_mixin.py:190} INFO - [2024-08-16T06:53:26.284+0000] {dagbag.py:587} INFO - Filling up the DagBag from /usr/local/python/3.10.13/lib/python3.10/site-packages/airflow/example_dags/example_sensors.py
[2024-08-16T06:53:26.293+0000] {processor.py:925} INFO - DAG(s) 'example_sensors' retrieved from /usr/local/python/3.10.13/lib/python3.10/site-packages/airflow/example_dags/example_sensors.py
[2024-08-16T06:53:26.310+0000] {logging_mixin.py:190} INFO - [2024-08-16T06:53:26.310+0000] {dag.py:3211} INFO - Sync 1 DAGs
[2024-08-16T06:53:26.319+0000] {logging_mixin.py:190} INFO - [2024-08-16T06:53:26.319+0000] {dag.py:4138} INFO - Setting next_dagrun for example_sensors to None, run_after=None
[2024-08-16T06:53:26.370+0000] {processor.py:208} INFO - Processing /usr/local/python/3.10.13/lib/python3.10/site-packages/airflow/example_dags/example_sensors.py took 0.092 seconds
[2024-08-16T06:54:20.506+0000] {processor.py:186} INFO - Started process (PID=15747) to work on /usr/local/python/3.10.13/lib/python3.10/site-packages/airflow/example_dags/example_sensors.py
[2024-08-16T06:54:20.507+0000] {processor.py:914} INFO - Processing file /usr/local/python/3.10.13/lib/python3.10/site-packages/airflow/example_dags/example_sensors.py for tasks to queue
[2024-08-16T06:54:20.509+0000] {logging_mixin.py:190} INFO - [2024-08-16T06:54:20.509+0000] {dagbag.py:587} INFO - Filling up the DagBag from /usr/local/python/3.10.13/lib/python3.10/site-packages/airflow/example_dags/example_sensors.py
[2024-08-16T06:54:20.523+0000] {processor.py:925} INFO - DAG(s) 'example_sensors' retrieved from /usr/local/python/3.10.13/lib/python3.10/site-packages/airflow/example_dags/example_sensors.py
[2024-08-16T06:54:20.550+0000] {logging_mixin.py:190} INFO - [2024-08-16T06:54:20.549+0000] {dag.py:3211} INFO - Sync 1 DAGs
[2024-08-16T06:54:20.564+0000] {logging_mixin.py:190} INFO - [2024-08-16T06:54:20.563+0000] {dag.py:4138} INFO - Setting next_dagrun for example_sensors to None, run_after=None
[2024-08-16T06:54:20.604+0000] {processor.py:208} INFO - Processing /usr/local/python/3.10.13/lib/python3.10/site-packages/airflow/example_dags/example_sensors.py took 0.104 seconds
[2024-08-16T06:55:14.918+0000] {processor.py:186} INFO - Started process (PID=16111) to work on /usr/local/python/3.10.13/lib/python3.10/site-packages/airflow/example_dags/example_sensors.py
[2024-08-16T06:55:14.919+0000] {processor.py:914} INFO - Processing file /usr/local/python/3.10.13/lib/python3.10/site-packages/airflow/example_dags/example_sensors.py for tasks to queue
[2024-08-16T06:55:14.921+0000] {logging_mixin.py:190} INFO - [2024-08-16T06:55:14.920+0000] {dagbag.py:587} INFO - Filling up the DagBag from /usr/local/python/3.10.13/lib/python3.10/site-packages/airflow/example_dags/example_sensors.py
[2024-08-16T06:55:14.930+0000] {processor.py:925} INFO - DAG(s) 'example_sensors' retrieved from /usr/local/python/3.10.13/lib/python3.10/site-packages/airflow/example_dags/example_sensors.py
[2024-08-16T06:55:14.949+0000] {logging_mixin.py:190} INFO - [2024-08-16T06:55:14.948+0000] {dag.py:3211} INFO - Sync 1 DAGs
[2024-08-16T06:55:14.959+0000] {logging_mixin.py:190} INFO - [2024-08-16T06:55:14.958+0000] {dag.py:4138} INFO - Setting next_dagrun for example_sensors to None, run_after=None
[2024-08-16T06:55:14.999+0000] {processor.py:208} INFO - Processing /usr/local/python/3.10.13/lib/python3.10/site-packages/airflow/example_dags/example_sensors.py took 0.085 seconds
[2024-08-16T06:56:14.721+0000] {processor.py:186} INFO - Started process (PID=16525) to work on /usr/local/python/3.10.13/lib/python3.10/site-packages/airflow/example_dags/example_sensors.py
[2024-08-16T06:56:14.722+0000] {processor.py:914} INFO - Processing file /usr/local/python/3.10.13/lib/python3.10/site-packages/airflow/example_dags/example_sensors.py for tasks to queue
[2024-08-16T06:56:14.725+0000] {logging_mixin.py:190} INFO - [2024-08-16T06:56:14.724+0000] {dagbag.py:587} INFO - Filling up the DagBag from /usr/local/python/3.10.13/lib/python3.10/site-packages/airflow/example_dags/example_sensors.py
[2024-08-16T06:56:14.738+0000] {processor.py:925} INFO - DAG(s) 'example_sensors' retrieved from /usr/local/python/3.10.13/lib/python3.10/site-packages/airflow/example_dags/example_sensors.py
[2024-08-16T06:56:14.764+0000] {logging_mixin.py:190} INFO - [2024-08-16T06:56:14.764+0000] {dag.py:3211} INFO - Sync 1 DAGs
[2024-08-16T06:56:14.780+0000] {logging_mixin.py:190} INFO - [2024-08-16T06:56:14.779+0000] {dag.py:4138} INFO - Setting next_dagrun for example_sensors to None, run_after=None
[2024-08-16T06:56:14.827+0000] {processor.py:208} INFO - Processing /usr/local/python/3.10.13/lib/python3.10/site-packages/airflow/example_dags/example_sensors.py took 0.113 seconds
[2024-08-16T06:57:10.666+0000] {processor.py:186} INFO - Started process (PID=16895) to work on /usr/local/python/3.10.13/lib/python3.10/site-packages/airflow/example_dags/example_sensors.py
[2024-08-16T06:57:10.667+0000] {processor.py:914} INFO - Processing file /usr/local/python/3.10.13/lib/python3.10/site-packages/airflow/example_dags/example_sensors.py for tasks to queue
[2024-08-16T06:57:10.669+0000] {logging_mixin.py:190} INFO - [2024-08-16T06:57:10.668+0000] {dagbag.py:587} INFO - Filling up the DagBag from /usr/local/python/3.10.13/lib/python3.10/site-packages/airflow/example_dags/example_sensors.py
[2024-08-16T06:57:10.678+0000] {processor.py:925} INFO - DAG(s) 'example_sensors' retrieved from /usr/local/python/3.10.13/lib/python3.10/site-packages/airflow/example_dags/example_sensors.py
[2024-08-16T06:57:10.695+0000] {logging_mixin.py:190} INFO - [2024-08-16T06:57:10.695+0000] {dag.py:3211} INFO - Sync 1 DAGs
[2024-08-16T06:57:10.706+0000] {logging_mixin.py:190} INFO - [2024-08-16T06:57:10.706+0000] {dag.py:4138} INFO - Setting next_dagrun for example_sensors to None, run_after=None
[2024-08-16T06:57:10.745+0000] {processor.py:208} INFO - Processing /usr/local/python/3.10.13/lib/python3.10/site-packages/airflow/example_dags/example_sensors.py took 0.084 seconds
[2024-08-16T06:58:04.793+0000] {processor.py:186} INFO - Started process (PID=17280) to work on /usr/local/python/3.10.13/lib/python3.10/site-packages/airflow/example_dags/example_sensors.py
[2024-08-16T06:58:04.794+0000] {processor.py:914} INFO - Processing file /usr/local/python/3.10.13/lib/python3.10/site-packages/airflow/example_dags/example_sensors.py for tasks to queue
[2024-08-16T06:58:04.796+0000] {logging_mixin.py:190} INFO - [2024-08-16T06:58:04.796+0000] {dagbag.py:587} INFO - Filling up the DagBag from /usr/local/python/3.10.13/lib/python3.10/site-packages/airflow/example_dags/example_sensors.py
[2024-08-16T06:58:04.810+0000] {processor.py:925} INFO - DAG(s) 'example_sensors' retrieved from /usr/local/python/3.10.13/lib/python3.10/site-packages/airflow/example_dags/example_sensors.py
[2024-08-16T06:58:04.827+0000] {logging_mixin.py:190} INFO - [2024-08-16T06:58:04.827+0000] {dag.py:3211} INFO - Sync 1 DAGs
[2024-08-16T06:58:04.837+0000] {logging_mixin.py:190} INFO - [2024-08-16T06:58:04.837+0000] {dag.py:4138} INFO - Setting next_dagrun for example_sensors to None, run_after=None
[2024-08-16T06:58:04.878+0000] {processor.py:208} INFO - Processing /usr/local/python/3.10.13/lib/python3.10/site-packages/airflow/example_dags/example_sensors.py took 0.089 seconds
[2024-08-16T06:58:57.262+0000] {processor.py:186} INFO - Started process (PID=17635) to work on /usr/local/python/3.10.13/lib/python3.10/site-packages/airflow/example_dags/example_sensors.py
[2024-08-16T06:58:57.263+0000] {processor.py:914} INFO - Processing file /usr/local/python/3.10.13/lib/python3.10/site-packages/airflow/example_dags/example_sensors.py for tasks to queue
[2024-08-16T06:58:57.265+0000] {logging_mixin.py:190} INFO - [2024-08-16T06:58:57.265+0000] {dagbag.py:587} INFO - Filling up the DagBag from /usr/local/python/3.10.13/lib/python3.10/site-packages/airflow/example_dags/example_sensors.py
[2024-08-16T06:58:57.278+0000] {processor.py:925} INFO - DAG(s) 'example_sensors' retrieved from /usr/local/python/3.10.13/lib/python3.10/site-packages/airflow/example_dags/example_sensors.py
[2024-08-16T06:58:57.297+0000] {logging_mixin.py:190} INFO - [2024-08-16T06:58:57.297+0000] {dag.py:3211} INFO - Sync 1 DAGs
[2024-08-16T06:58:57.306+0000] {logging_mixin.py:190} INFO - [2024-08-16T06:58:57.306+0000] {dag.py:4138} INFO - Setting next_dagrun for example_sensors to None, run_after=None
[2024-08-16T06:58:57.350+0000] {processor.py:208} INFO - Processing /usr/local/python/3.10.13/lib/python3.10/site-packages/airflow/example_dags/example_sensors.py took 0.093 seconds
[2024-08-16T06:59:50.177+0000] {processor.py:186} INFO - Started process (PID=18149) to work on /usr/local/python/3.10.13/lib/python3.10/site-packages/airflow/example_dags/example_sensors.py
[2024-08-16T06:59:50.177+0000] {processor.py:914} INFO - Processing file /usr/local/python/3.10.13/lib/python3.10/site-packages/airflow/example_dags/example_sensors.py for tasks to queue
[2024-08-16T06:59:50.179+0000] {logging_mixin.py:190} INFO - [2024-08-16T06:59:50.179+0000] {dagbag.py:587} INFO - Filling up the DagBag from /usr/local/python/3.10.13/lib/python3.10/site-packages/airflow/example_dags/example_sensors.py
[2024-08-16T06:59:50.188+0000] {processor.py:925} INFO - DAG(s) 'example_sensors' retrieved from /usr/local/python/3.10.13/lib/python3.10/site-packages/airflow/example_dags/example_sensors.py
[2024-08-16T06:59:50.205+0000] {logging_mixin.py:190} INFO - [2024-08-16T06:59:50.205+0000] {dag.py:3211} INFO - Sync 1 DAGs
[2024-08-16T06:59:50.215+0000] {logging_mixin.py:190} INFO - [2024-08-16T06:59:50.215+0000] {dag.py:4138} INFO - Setting next_dagrun for example_sensors to None, run_after=None
[2024-08-16T06:59:50.260+0000] {processor.py:208} INFO - Processing /usr/local/python/3.10.13/lib/python3.10/site-packages/airflow/example_dags/example_sensors.py took 0.088 seconds
[2024-08-16T07:00:42.185+0000] {processor.py:186} INFO - Started process (PID=18619) to work on /usr/local/python/3.10.13/lib/python3.10/site-packages/airflow/example_dags/example_sensors.py
[2024-08-16T07:00:42.186+0000] {processor.py:914} INFO - Processing file /usr/local/python/3.10.13/lib/python3.10/site-packages/airflow/example_dags/example_sensors.py for tasks to queue
[2024-08-16T07:00:42.187+0000] {logging_mixin.py:190} INFO - [2024-08-16T07:00:42.187+0000] {dagbag.py:587} INFO - Filling up the DagBag from /usr/local/python/3.10.13/lib/python3.10/site-packages/airflow/example_dags/example_sensors.py
[2024-08-16T07:00:42.196+0000] {processor.py:925} INFO - DAG(s) 'example_sensors' retrieved from /usr/local/python/3.10.13/lib/python3.10/site-packages/airflow/example_dags/example_sensors.py
[2024-08-16T07:00:42.214+0000] {logging_mixin.py:190} INFO - [2024-08-16T07:00:42.213+0000] {dag.py:3211} INFO - Sync 1 DAGs
[2024-08-16T07:00:42.223+0000] {logging_mixin.py:190} INFO - [2024-08-16T07:00:42.223+0000] {dag.py:4138} INFO - Setting next_dagrun for example_sensors to None, run_after=None
[2024-08-16T07:00:42.261+0000] {processor.py:208} INFO - Processing /usr/local/python/3.10.13/lib/python3.10/site-packages/airflow/example_dags/example_sensors.py took 0.081 seconds
[2024-08-16T07:01:35.588+0000] {processor.py:186} INFO - Started process (PID=18980) to work on /usr/local/python/3.10.13/lib/python3.10/site-packages/airflow/example_dags/example_sensors.py
[2024-08-16T07:01:35.588+0000] {processor.py:914} INFO - Processing file /usr/local/python/3.10.13/lib/python3.10/site-packages/airflow/example_dags/example_sensors.py for tasks to queue
[2024-08-16T07:01:35.590+0000] {logging_mixin.py:190} INFO - [2024-08-16T07:01:35.590+0000] {dagbag.py:587} INFO - Filling up the DagBag from /usr/local/python/3.10.13/lib/python3.10/site-packages/airflow/example_dags/example_sensors.py
[2024-08-16T07:01:35.599+0000] {processor.py:925} INFO - DAG(s) 'example_sensors' retrieved from /usr/local/python/3.10.13/lib/python3.10/site-packages/airflow/example_dags/example_sensors.py
[2024-08-16T07:01:35.616+0000] {logging_mixin.py:190} INFO - [2024-08-16T07:01:35.616+0000] {dag.py:3211} INFO - Sync 1 DAGs
[2024-08-16T07:01:35.626+0000] {logging_mixin.py:190} INFO - [2024-08-16T07:01:35.626+0000] {dag.py:4138} INFO - Setting next_dagrun for example_sensors to None, run_after=None
[2024-08-16T07:01:35.667+0000] {processor.py:208} INFO - Processing /usr/local/python/3.10.13/lib/python3.10/site-packages/airflow/example_dags/example_sensors.py took 0.084 seconds
[2024-08-16T07:02:27.655+0000] {processor.py:186} INFO - Started process (PID=19346) to work on /usr/local/python/3.10.13/lib/python3.10/site-packages/airflow/example_dags/example_sensors.py
[2024-08-16T07:02:27.656+0000] {processor.py:914} INFO - Processing file /usr/local/python/3.10.13/lib/python3.10/site-packages/airflow/example_dags/example_sensors.py for tasks to queue
[2024-08-16T07:02:27.658+0000] {logging_mixin.py:190} INFO - [2024-08-16T07:02:27.658+0000] {dagbag.py:587} INFO - Filling up the DagBag from /usr/local/python/3.10.13/lib/python3.10/site-packages/airflow/example_dags/example_sensors.py
[2024-08-16T07:02:27.667+0000] {processor.py:925} INFO - DAG(s) 'example_sensors' retrieved from /usr/local/python/3.10.13/lib/python3.10/site-packages/airflow/example_dags/example_sensors.py
[2024-08-16T07:02:27.684+0000] {logging_mixin.py:190} INFO - [2024-08-16T07:02:27.684+0000] {dag.py:3211} INFO - Sync 1 DAGs
[2024-08-16T07:02:27.694+0000] {logging_mixin.py:190} INFO - [2024-08-16T07:02:27.694+0000] {dag.py:4138} INFO - Setting next_dagrun for example_sensors to None, run_after=None
[2024-08-16T07:02:27.740+0000] {processor.py:208} INFO - Processing /usr/local/python/3.10.13/lib/python3.10/site-packages/airflow/example_dags/example_sensors.py took 0.090 seconds
