[2024-08-16T06:47:00.156+0000] {processor.py:186} INFO - Started process (PID=12701) to work on /usr/local/python/3.10.13/lib/python3.10/site-packages/airflow/example_dags/example_dataset_alias.py
[2024-08-16T06:47:00.157+0000] {processor.py:914} INFO - Processing file /usr/local/python/3.10.13/lib/python3.10/site-packages/airflow/example_dags/example_dataset_alias.py for tasks to queue
[2024-08-16T06:47:00.159+0000] {logging_mixin.py:190} INFO - [2024-08-16T06:47:00.159+0000] {dagbag.py:587} INFO - Filling up the DagBag from /usr/local/python/3.10.13/lib/python3.10/site-packages/airflow/example_dags/example_dataset_alias.py
[2024-08-16T06:47:00.180+0000] {processor.py:925} INFO - DAG(s) 'dataset_s3_bucket_producer', 'dataset_alias_example_alias_producer', 'dataset_alias_example_alias_consumer', 'dataset_s3_bucket_consumer' retrieved from /usr/local/python/3.10.13/lib/python3.10/site-packages/airflow/example_dags/example_dataset_alias.py
[2024-08-16T06:47:00.367+0000] {logging_mixin.py:190} INFO - [2024-08-16T06:47:00.367+0000] {override.py:1858} INFO - Created Permission View: can edit on DAG:dataset_s3_bucket_producer
[2024-08-16T06:47:00.405+0000] {logging_mixin.py:190} INFO - [2024-08-16T06:47:00.405+0000] {override.py:1858} INFO - Created Permission View: can read on DAG:dataset_s3_bucket_producer
[2024-08-16T06:47:00.437+0000] {logging_mixin.py:190} INFO - [2024-08-16T06:47:00.437+0000] {override.py:1858} INFO - Created Permission View: can delete on DAG:dataset_s3_bucket_producer
[2024-08-16T06:47:00.520+0000] {logging_mixin.py:190} INFO - [2024-08-16T06:47:00.520+0000] {override.py:1858} INFO - Created Permission View: can edit on DAG:dataset_alias_example_alias_producer
[2024-08-16T06:47:00.552+0000] {logging_mixin.py:190} INFO - [2024-08-16T06:47:00.552+0000] {override.py:1858} INFO - Created Permission View: can read on DAG:dataset_alias_example_alias_producer
[2024-08-16T06:47:00.597+0000] {logging_mixin.py:190} INFO - [2024-08-16T06:47:00.597+0000] {override.py:1858} INFO - Created Permission View: can delete on DAG:dataset_alias_example_alias_producer
[2024-08-16T06:47:00.668+0000] {logging_mixin.py:190} INFO - [2024-08-16T06:47:00.668+0000] {override.py:1858} INFO - Created Permission View: can edit on DAG:dataset_alias_example_alias_consumer
[2024-08-16T06:47:00.697+0000] {logging_mixin.py:190} INFO - [2024-08-16T06:47:00.697+0000] {override.py:1858} INFO - Created Permission View: can read on DAG:dataset_alias_example_alias_consumer
[2024-08-16T06:47:00.730+0000] {logging_mixin.py:190} INFO - [2024-08-16T06:47:00.730+0000] {override.py:1858} INFO - Created Permission View: can delete on DAG:dataset_alias_example_alias_consumer
[2024-08-16T06:47:00.798+0000] {logging_mixin.py:190} INFO - [2024-08-16T06:47:00.798+0000] {override.py:1858} INFO - Created Permission View: can edit on DAG:dataset_s3_bucket_consumer
[2024-08-16T06:47:00.830+0000] {logging_mixin.py:190} INFO - [2024-08-16T06:47:00.830+0000] {override.py:1858} INFO - Created Permission View: can read on DAG:dataset_s3_bucket_consumer
[2024-08-16T06:47:00.862+0000] {logging_mixin.py:190} INFO - [2024-08-16T06:47:00.861+0000] {override.py:1858} INFO - Created Permission View: can delete on DAG:dataset_s3_bucket_consumer
[2024-08-16T06:47:00.862+0000] {logging_mixin.py:190} INFO - [2024-08-16T06:47:00.862+0000] {dag.py:3211} INFO - Sync 4 DAGs
[2024-08-16T06:47:00.872+0000] {logging_mixin.py:190} INFO - [2024-08-16T06:47:00.871+0000] {dag.py:3234} INFO - Creating ORM DAG for dataset_alias_example_alias_producer
[2024-08-16T06:47:00.872+0000] {logging_mixin.py:190} INFO - [2024-08-16T06:47:00.872+0000] {dag.py:3234} INFO - Creating ORM DAG for dataset_s3_bucket_consumer
[2024-08-16T06:47:00.873+0000] {logging_mixin.py:190} INFO - [2024-08-16T06:47:00.872+0000] {dag.py:3234} INFO - Creating ORM DAG for dataset_alias_example_alias_consumer
[2024-08-16T06:47:00.873+0000] {logging_mixin.py:190} INFO - [2024-08-16T06:47:00.873+0000] {dag.py:3234} INFO - Creating ORM DAG for dataset_s3_bucket_producer
[2024-08-16T06:47:00.879+0000] {logging_mixin.py:190} INFO - [2024-08-16T06:47:00.879+0000] {dag.py:4138} INFO - Setting next_dagrun for dataset_alias_example_alias_consumer to None, run_after=None
[2024-08-16T06:47:00.880+0000] {logging_mixin.py:190} INFO - [2024-08-16T06:47:00.880+0000] {dag.py:4138} INFO - Setting next_dagrun for dataset_alias_example_alias_producer to None, run_after=None
[2024-08-16T06:47:00.880+0000] {logging_mixin.py:190} INFO - [2024-08-16T06:47:00.880+0000] {dag.py:4138} INFO - Setting next_dagrun for dataset_s3_bucket_consumer to None, run_after=None
[2024-08-16T06:47:00.881+0000] {logging_mixin.py:190} INFO - [2024-08-16T06:47:00.881+0000] {dag.py:4138} INFO - Setting next_dagrun for dataset_s3_bucket_producer to None, run_after=None
[2024-08-16T06:47:00.937+0000] {processor.py:208} INFO - Processing /usr/local/python/3.10.13/lib/python3.10/site-packages/airflow/example_dags/example_dataset_alias.py took 0.788 seconds
[2024-08-16T06:48:02.743+0000] {processor.py:186} INFO - Started process (PID=13147) to work on /usr/local/python/3.10.13/lib/python3.10/site-packages/airflow/example_dags/example_dataset_alias.py
[2024-08-16T06:48:02.744+0000] {processor.py:914} INFO - Processing file /usr/local/python/3.10.13/lib/python3.10/site-packages/airflow/example_dags/example_dataset_alias.py for tasks to queue
[2024-08-16T06:48:02.746+0000] {logging_mixin.py:190} INFO - [2024-08-16T06:48:02.746+0000] {dagbag.py:587} INFO - Filling up the DagBag from /usr/local/python/3.10.13/lib/python3.10/site-packages/airflow/example_dags/example_dataset_alias.py
[2024-08-16T06:48:02.771+0000] {processor.py:925} INFO - DAG(s) 'dataset_s3_bucket_consumer', 'dataset_alias_example_alias_producer', 'dataset_s3_bucket_producer', 'dataset_alias_example_alias_consumer' retrieved from /usr/local/python/3.10.13/lib/python3.10/site-packages/airflow/example_dags/example_dataset_alias.py
[2024-08-16T06:48:02.794+0000] {logging_mixin.py:190} INFO - [2024-08-16T06:48:02.794+0000] {dag.py:3211} INFO - Sync 4 DAGs
[2024-08-16T06:48:02.811+0000] {logging_mixin.py:190} INFO - [2024-08-16T06:48:02.811+0000] {dag.py:4138} INFO - Setting next_dagrun for dataset_alias_example_alias_consumer to None, run_after=None
[2024-08-16T06:48:02.813+0000] {logging_mixin.py:190} INFO - [2024-08-16T06:48:02.813+0000] {dag.py:4138} INFO - Setting next_dagrun for dataset_alias_example_alias_producer to None, run_after=None
[2024-08-16T06:48:02.814+0000] {logging_mixin.py:190} INFO - [2024-08-16T06:48:02.813+0000] {dag.py:4138} INFO - Setting next_dagrun for dataset_s3_bucket_consumer to None, run_after=None
[2024-08-16T06:48:02.814+0000] {logging_mixin.py:190} INFO - [2024-08-16T06:48:02.814+0000] {dag.py:4138} INFO - Setting next_dagrun for dataset_s3_bucket_producer to None, run_after=None
[2024-08-16T06:48:02.858+0000] {processor.py:208} INFO - Processing /usr/local/python/3.10.13/lib/python3.10/site-packages/airflow/example_dags/example_dataset_alias.py took 0.122 seconds
[2024-08-16T06:48:59.435+0000] {processor.py:186} INFO - Started process (PID=13521) to work on /usr/local/python/3.10.13/lib/python3.10/site-packages/airflow/example_dags/example_dataset_alias.py
[2024-08-16T06:48:59.435+0000] {processor.py:914} INFO - Processing file /usr/local/python/3.10.13/lib/python3.10/site-packages/airflow/example_dags/example_dataset_alias.py for tasks to queue
[2024-08-16T06:48:59.437+0000] {logging_mixin.py:190} INFO - [2024-08-16T06:48:59.437+0000] {dagbag.py:587} INFO - Filling up the DagBag from /usr/local/python/3.10.13/lib/python3.10/site-packages/airflow/example_dags/example_dataset_alias.py
[2024-08-16T06:48:59.454+0000] {processor.py:925} INFO - DAG(s) 'dataset_alias_example_alias_consumer', 'dataset_alias_example_alias_producer', 'dataset_s3_bucket_producer', 'dataset_s3_bucket_consumer' retrieved from /usr/local/python/3.10.13/lib/python3.10/site-packages/airflow/example_dags/example_dataset_alias.py
[2024-08-16T06:48:59.471+0000] {logging_mixin.py:190} INFO - [2024-08-16T06:48:59.471+0000] {dag.py:3211} INFO - Sync 4 DAGs
[2024-08-16T06:48:59.486+0000] {logging_mixin.py:190} INFO - [2024-08-16T06:48:59.486+0000] {dag.py:4138} INFO - Setting next_dagrun for dataset_alias_example_alias_consumer to None, run_after=None
[2024-08-16T06:48:59.488+0000] {logging_mixin.py:190} INFO - [2024-08-16T06:48:59.487+0000] {dag.py:4138} INFO - Setting next_dagrun for dataset_alias_example_alias_producer to None, run_after=None
[2024-08-16T06:48:59.488+0000] {logging_mixin.py:190} INFO - [2024-08-16T06:48:59.488+0000] {dag.py:4138} INFO - Setting next_dagrun for dataset_s3_bucket_consumer to None, run_after=None
[2024-08-16T06:48:59.489+0000] {logging_mixin.py:190} INFO - [2024-08-16T06:48:59.489+0000] {dag.py:4138} INFO - Setting next_dagrun for dataset_s3_bucket_producer to None, run_after=None
[2024-08-16T06:48:59.557+0000] {processor.py:208} INFO - Processing /usr/local/python/3.10.13/lib/python3.10/site-packages/airflow/example_dags/example_dataset_alias.py took 0.128 seconds
[2024-08-16T06:50:17.214+0000] {processor.py:186} INFO - Started process (PID=14061) to work on /usr/local/python/3.10.13/lib/python3.10/site-packages/airflow/example_dags/example_dataset_alias.py
[2024-08-16T06:50:17.215+0000] {processor.py:914} INFO - Processing file /usr/local/python/3.10.13/lib/python3.10/site-packages/airflow/example_dags/example_dataset_alias.py for tasks to queue
[2024-08-16T06:50:17.218+0000] {logging_mixin.py:190} INFO - [2024-08-16T06:50:17.217+0000] {dagbag.py:587} INFO - Filling up the DagBag from /usr/local/python/3.10.13/lib/python3.10/site-packages/airflow/example_dags/example_dataset_alias.py
[2024-08-16T06:50:17.243+0000] {processor.py:925} INFO - DAG(s) 'dataset_s3_bucket_consumer', 'dataset_alias_example_alias_consumer', 'dataset_alias_example_alias_producer', 'dataset_s3_bucket_producer' retrieved from /usr/local/python/3.10.13/lib/python3.10/site-packages/airflow/example_dags/example_dataset_alias.py
[2024-08-16T06:50:17.268+0000] {logging_mixin.py:190} INFO - [2024-08-16T06:50:17.267+0000] {dag.py:3211} INFO - Sync 4 DAGs
[2024-08-16T06:50:17.291+0000] {logging_mixin.py:190} INFO - [2024-08-16T06:50:17.291+0000] {dag.py:4138} INFO - Setting next_dagrun for dataset_alias_example_alias_consumer to None, run_after=None
[2024-08-16T06:50:17.294+0000] {logging_mixin.py:190} INFO - [2024-08-16T06:50:17.294+0000] {dag.py:4138} INFO - Setting next_dagrun for dataset_alias_example_alias_producer to None, run_after=None
[2024-08-16T06:50:17.295+0000] {logging_mixin.py:190} INFO - [2024-08-16T06:50:17.295+0000] {dag.py:4138} INFO - Setting next_dagrun for dataset_s3_bucket_consumer to None, run_after=None
[2024-08-16T06:50:17.296+0000] {logging_mixin.py:190} INFO - [2024-08-16T06:50:17.296+0000] {dag.py:4138} INFO - Setting next_dagrun for dataset_s3_bucket_producer to None, run_after=None
[2024-08-16T06:50:17.360+0000] {processor.py:208} INFO - Processing /usr/local/python/3.10.13/lib/python3.10/site-packages/airflow/example_dags/example_dataset_alias.py took 0.153 seconds
[2024-08-16T06:51:31.477+0000] {processor.py:186} INFO - Started process (PID=14571) to work on /usr/local/python/3.10.13/lib/python3.10/site-packages/airflow/example_dags/example_dataset_alias.py
[2024-08-16T06:51:31.478+0000] {processor.py:914} INFO - Processing file /usr/local/python/3.10.13/lib/python3.10/site-packages/airflow/example_dags/example_dataset_alias.py for tasks to queue
[2024-08-16T06:51:31.480+0000] {logging_mixin.py:190} INFO - [2024-08-16T06:51:31.480+0000] {dagbag.py:587} INFO - Filling up the DagBag from /usr/local/python/3.10.13/lib/python3.10/site-packages/airflow/example_dags/example_dataset_alias.py
[2024-08-16T06:51:31.506+0000] {processor.py:925} INFO - DAG(s) 'dataset_alias_example_alias_producer', 'dataset_s3_bucket_producer', 'dataset_alias_example_alias_consumer', 'dataset_s3_bucket_consumer' retrieved from /usr/local/python/3.10.13/lib/python3.10/site-packages/airflow/example_dags/example_dataset_alias.py
[2024-08-16T06:51:31.531+0000] {logging_mixin.py:190} INFO - [2024-08-16T06:51:31.531+0000] {dag.py:3211} INFO - Sync 4 DAGs
[2024-08-16T06:51:31.564+0000] {logging_mixin.py:190} INFO - [2024-08-16T06:51:31.563+0000] {dag.py:4138} INFO - Setting next_dagrun for dataset_alias_example_alias_consumer to None, run_after=None
[2024-08-16T06:51:31.568+0000] {logging_mixin.py:190} INFO - [2024-08-16T06:51:31.568+0000] {dag.py:4138} INFO - Setting next_dagrun for dataset_alias_example_alias_producer to None, run_after=None
[2024-08-16T06:51:31.569+0000] {logging_mixin.py:190} INFO - [2024-08-16T06:51:31.569+0000] {dag.py:4138} INFO - Setting next_dagrun for dataset_s3_bucket_consumer to None, run_after=None
[2024-08-16T06:51:31.570+0000] {logging_mixin.py:190} INFO - [2024-08-16T06:51:31.570+0000] {dag.py:4138} INFO - Setting next_dagrun for dataset_s3_bucket_producer to None, run_after=None
[2024-08-16T06:51:31.621+0000] {processor.py:208} INFO - Processing /usr/local/python/3.10.13/lib/python3.10/site-packages/airflow/example_dags/example_dataset_alias.py took 0.151 seconds
[2024-08-16T06:52:45.932+0000] {processor.py:186} INFO - Started process (PID=15081) to work on /usr/local/python/3.10.13/lib/python3.10/site-packages/airflow/example_dags/example_dataset_alias.py
[2024-08-16T06:52:45.932+0000] {processor.py:914} INFO - Processing file /usr/local/python/3.10.13/lib/python3.10/site-packages/airflow/example_dags/example_dataset_alias.py for tasks to queue
[2024-08-16T06:52:45.934+0000] {logging_mixin.py:190} INFO - [2024-08-16T06:52:45.934+0000] {dagbag.py:587} INFO - Filling up the DagBag from /usr/local/python/3.10.13/lib/python3.10/site-packages/airflow/example_dags/example_dataset_alias.py
[2024-08-16T06:52:45.951+0000] {processor.py:925} INFO - DAG(s) 'dataset_s3_bucket_producer', 'dataset_alias_example_alias_consumer', 'dataset_s3_bucket_consumer', 'dataset_alias_example_alias_producer' retrieved from /usr/local/python/3.10.13/lib/python3.10/site-packages/airflow/example_dags/example_dataset_alias.py
[2024-08-16T06:52:45.966+0000] {logging_mixin.py:190} INFO - [2024-08-16T06:52:45.966+0000] {dag.py:3211} INFO - Sync 4 DAGs
[2024-08-16T06:52:45.982+0000] {logging_mixin.py:190} INFO - [2024-08-16T06:52:45.982+0000] {dag.py:4138} INFO - Setting next_dagrun for dataset_alias_example_alias_consumer to None, run_after=None
[2024-08-16T06:52:45.984+0000] {logging_mixin.py:190} INFO - [2024-08-16T06:52:45.984+0000] {dag.py:4138} INFO - Setting next_dagrun for dataset_alias_example_alias_producer to None, run_after=None
[2024-08-16T06:52:45.985+0000] {logging_mixin.py:190} INFO - [2024-08-16T06:52:45.985+0000] {dag.py:4138} INFO - Setting next_dagrun for dataset_s3_bucket_consumer to None, run_after=None
[2024-08-16T06:52:45.985+0000] {logging_mixin.py:190} INFO - [2024-08-16T06:52:45.985+0000] {dag.py:4138} INFO - Setting next_dagrun for dataset_s3_bucket_producer to None, run_after=None
[2024-08-16T06:52:46.036+0000] {processor.py:208} INFO - Processing /usr/local/python/3.10.13/lib/python3.10/site-packages/airflow/example_dags/example_dataset_alias.py took 0.109 seconds
[2024-08-16T06:53:44.306+0000] {processor.py:186} INFO - Started process (PID=15487) to work on /usr/local/python/3.10.13/lib/python3.10/site-packages/airflow/example_dags/example_dataset_alias.py
[2024-08-16T06:53:44.307+0000] {processor.py:914} INFO - Processing file /usr/local/python/3.10.13/lib/python3.10/site-packages/airflow/example_dags/example_dataset_alias.py for tasks to queue
[2024-08-16T06:53:44.309+0000] {logging_mixin.py:190} INFO - [2024-08-16T06:53:44.308+0000] {dagbag.py:587} INFO - Filling up the DagBag from /usr/local/python/3.10.13/lib/python3.10/site-packages/airflow/example_dags/example_dataset_alias.py
[2024-08-16T06:53:44.326+0000] {processor.py:925} INFO - DAG(s) 'dataset_s3_bucket_consumer', 'dataset_alias_example_alias_consumer', 'dataset_s3_bucket_producer', 'dataset_alias_example_alias_producer' retrieved from /usr/local/python/3.10.13/lib/python3.10/site-packages/airflow/example_dags/example_dataset_alias.py
[2024-08-16T06:53:44.346+0000] {logging_mixin.py:190} INFO - [2024-08-16T06:53:44.346+0000] {dag.py:3211} INFO - Sync 4 DAGs
[2024-08-16T06:53:44.370+0000] {logging_mixin.py:190} INFO - [2024-08-16T06:53:44.370+0000] {dag.py:4138} INFO - Setting next_dagrun for dataset_alias_example_alias_consumer to None, run_after=None
[2024-08-16T06:53:44.373+0000] {logging_mixin.py:190} INFO - [2024-08-16T06:53:44.372+0000] {dag.py:4138} INFO - Setting next_dagrun for dataset_alias_example_alias_producer to None, run_after=None
[2024-08-16T06:53:44.374+0000] {logging_mixin.py:190} INFO - [2024-08-16T06:53:44.374+0000] {dag.py:4138} INFO - Setting next_dagrun for dataset_s3_bucket_consumer to None, run_after=None
[2024-08-16T06:53:44.375+0000] {logging_mixin.py:190} INFO - [2024-08-16T06:53:44.375+0000] {dag.py:4138} INFO - Setting next_dagrun for dataset_s3_bucket_producer to None, run_after=None
[2024-08-16T06:53:44.434+0000] {processor.py:208} INFO - Processing /usr/local/python/3.10.13/lib/python3.10/site-packages/airflow/example_dags/example_dataset_alias.py took 0.132 seconds
[2024-08-16T06:55:03.704+0000] {processor.py:186} INFO - Started process (PID=16042) to work on /usr/local/python/3.10.13/lib/python3.10/site-packages/airflow/example_dags/example_dataset_alias.py
[2024-08-16T06:55:03.705+0000] {processor.py:914} INFO - Processing file /usr/local/python/3.10.13/lib/python3.10/site-packages/airflow/example_dags/example_dataset_alias.py for tasks to queue
[2024-08-16T06:55:03.707+0000] {logging_mixin.py:190} INFO - [2024-08-16T06:55:03.706+0000] {dagbag.py:587} INFO - Filling up the DagBag from /usr/local/python/3.10.13/lib/python3.10/site-packages/airflow/example_dags/example_dataset_alias.py
[2024-08-16T06:55:03.725+0000] {processor.py:925} INFO - DAG(s) 'dataset_alias_example_alias_consumer', 'dataset_s3_bucket_producer', 'dataset_alias_example_alias_producer', 'dataset_s3_bucket_consumer' retrieved from /usr/local/python/3.10.13/lib/python3.10/site-packages/airflow/example_dags/example_dataset_alias.py
[2024-08-16T06:55:03.741+0000] {logging_mixin.py:190} INFO - [2024-08-16T06:55:03.741+0000] {dag.py:3211} INFO - Sync 4 DAGs
[2024-08-16T06:55:03.756+0000] {logging_mixin.py:190} INFO - [2024-08-16T06:55:03.756+0000] {dag.py:4138} INFO - Setting next_dagrun for dataset_alias_example_alias_consumer to None, run_after=None
[2024-08-16T06:55:03.758+0000] {logging_mixin.py:190} INFO - [2024-08-16T06:55:03.758+0000] {dag.py:4138} INFO - Setting next_dagrun for dataset_alias_example_alias_producer to None, run_after=None
[2024-08-16T06:55:03.759+0000] {logging_mixin.py:190} INFO - [2024-08-16T06:55:03.759+0000] {dag.py:4138} INFO - Setting next_dagrun for dataset_s3_bucket_consumer to None, run_after=None
[2024-08-16T06:55:03.760+0000] {logging_mixin.py:190} INFO - [2024-08-16T06:55:03.760+0000] {dag.py:4138} INFO - Setting next_dagrun for dataset_s3_bucket_producer to None, run_after=None
[2024-08-16T06:55:03.805+0000] {processor.py:208} INFO - Processing /usr/local/python/3.10.13/lib/python3.10/site-packages/airflow/example_dags/example_dataset_alias.py took 0.106 seconds
[2024-08-16T06:56:00.673+0000] {processor.py:186} INFO - Started process (PID=16414) to work on /usr/local/python/3.10.13/lib/python3.10/site-packages/airflow/example_dags/example_dataset_alias.py
[2024-08-16T06:56:00.673+0000] {processor.py:914} INFO - Processing file /usr/local/python/3.10.13/lib/python3.10/site-packages/airflow/example_dags/example_dataset_alias.py for tasks to queue
[2024-08-16T06:56:00.675+0000] {logging_mixin.py:190} INFO - [2024-08-16T06:56:00.674+0000] {dagbag.py:587} INFO - Filling up the DagBag from /usr/local/python/3.10.13/lib/python3.10/site-packages/airflow/example_dags/example_dataset_alias.py
[2024-08-16T06:56:00.697+0000] {processor.py:925} INFO - DAG(s) 'dataset_s3_bucket_consumer', 'dataset_alias_example_alias_producer', 'dataset_alias_example_alias_consumer', 'dataset_s3_bucket_producer' retrieved from /usr/local/python/3.10.13/lib/python3.10/site-packages/airflow/example_dags/example_dataset_alias.py
[2024-08-16T06:56:00.712+0000] {logging_mixin.py:190} INFO - [2024-08-16T06:56:00.712+0000] {dag.py:3211} INFO - Sync 4 DAGs
[2024-08-16T06:56:00.728+0000] {logging_mixin.py:190} INFO - [2024-08-16T06:56:00.728+0000] {dag.py:4138} INFO - Setting next_dagrun for dataset_alias_example_alias_consumer to None, run_after=None
[2024-08-16T06:56:00.730+0000] {logging_mixin.py:190} INFO - [2024-08-16T06:56:00.730+0000] {dag.py:4138} INFO - Setting next_dagrun for dataset_alias_example_alias_producer to None, run_after=None
[2024-08-16T06:56:00.731+0000] {logging_mixin.py:190} INFO - [2024-08-16T06:56:00.731+0000] {dag.py:4138} INFO - Setting next_dagrun for dataset_s3_bucket_consumer to None, run_after=None
[2024-08-16T06:56:00.732+0000] {logging_mixin.py:190} INFO - [2024-08-16T06:56:00.731+0000] {dag.py:4138} INFO - Setting next_dagrun for dataset_s3_bucket_producer to None, run_after=None
[2024-08-16T06:56:00.776+0000] {processor.py:208} INFO - Processing /usr/local/python/3.10.13/lib/python3.10/site-packages/airflow/example_dags/example_dataset_alias.py took 0.108 seconds
[2024-08-16T06:56:59.150+0000] {processor.py:186} INFO - Started process (PID=16816) to work on /usr/local/python/3.10.13/lib/python3.10/site-packages/airflow/example_dags/example_dataset_alias.py
[2024-08-16T06:56:59.151+0000] {processor.py:914} INFO - Processing file /usr/local/python/3.10.13/lib/python3.10/site-packages/airflow/example_dags/example_dataset_alias.py for tasks to queue
[2024-08-16T06:56:59.153+0000] {logging_mixin.py:190} INFO - [2024-08-16T06:56:59.153+0000] {dagbag.py:587} INFO - Filling up the DagBag from /usr/local/python/3.10.13/lib/python3.10/site-packages/airflow/example_dags/example_dataset_alias.py
[2024-08-16T06:56:59.179+0000] {processor.py:925} INFO - DAG(s) 'dataset_alias_example_alias_producer', 'dataset_s3_bucket_consumer', 'dataset_s3_bucket_producer', 'dataset_alias_example_alias_consumer' retrieved from /usr/local/python/3.10.13/lib/python3.10/site-packages/airflow/example_dags/example_dataset_alias.py
[2024-08-16T06:56:59.203+0000] {logging_mixin.py:190} INFO - [2024-08-16T06:56:59.202+0000] {dag.py:3211} INFO - Sync 4 DAGs
[2024-08-16T06:56:59.227+0000] {logging_mixin.py:190} INFO - [2024-08-16T06:56:59.227+0000] {dag.py:4138} INFO - Setting next_dagrun for dataset_alias_example_alias_consumer to None, run_after=None
[2024-08-16T06:56:59.230+0000] {logging_mixin.py:190} INFO - [2024-08-16T06:56:59.230+0000] {dag.py:4138} INFO - Setting next_dagrun for dataset_alias_example_alias_producer to None, run_after=None
[2024-08-16T06:56:59.231+0000] {logging_mixin.py:190} INFO - [2024-08-16T06:56:59.231+0000] {dag.py:4138} INFO - Setting next_dagrun for dataset_s3_bucket_consumer to None, run_after=None
[2024-08-16T06:56:59.232+0000] {logging_mixin.py:190} INFO - [2024-08-16T06:56:59.232+0000] {dag.py:4138} INFO - Setting next_dagrun for dataset_s3_bucket_producer to None, run_after=None
[2024-08-16T06:56:59.291+0000] {processor.py:208} INFO - Processing /usr/local/python/3.10.13/lib/python3.10/site-packages/airflow/example_dags/example_dataset_alias.py took 0.148 seconds
[2024-08-16T06:57:54.929+0000] {processor.py:186} INFO - Started process (PID=17209) to work on /usr/local/python/3.10.13/lib/python3.10/site-packages/airflow/example_dags/example_dataset_alias.py
[2024-08-16T06:57:54.929+0000] {processor.py:914} INFO - Processing file /usr/local/python/3.10.13/lib/python3.10/site-packages/airflow/example_dags/example_dataset_alias.py for tasks to queue
[2024-08-16T06:57:54.931+0000] {logging_mixin.py:190} INFO - [2024-08-16T06:57:54.931+0000] {dagbag.py:587} INFO - Filling up the DagBag from /usr/local/python/3.10.13/lib/python3.10/site-packages/airflow/example_dags/example_dataset_alias.py
[2024-08-16T06:57:54.949+0000] {processor.py:925} INFO - DAG(s) 'dataset_s3_bucket_consumer', 'dataset_alias_example_alias_producer', 'dataset_alias_example_alias_consumer', 'dataset_s3_bucket_producer' retrieved from /usr/local/python/3.10.13/lib/python3.10/site-packages/airflow/example_dags/example_dataset_alias.py
[2024-08-16T06:57:54.964+0000] {logging_mixin.py:190} INFO - [2024-08-16T06:57:54.964+0000] {dag.py:3211} INFO - Sync 4 DAGs
[2024-08-16T06:57:54.979+0000] {logging_mixin.py:190} INFO - [2024-08-16T06:57:54.979+0000] {dag.py:4138} INFO - Setting next_dagrun for dataset_alias_example_alias_consumer to None, run_after=None
[2024-08-16T06:57:54.981+0000] {logging_mixin.py:190} INFO - [2024-08-16T06:57:54.981+0000] {dag.py:4138} INFO - Setting next_dagrun for dataset_alias_example_alias_producer to None, run_after=None
[2024-08-16T06:57:54.982+0000] {logging_mixin.py:190} INFO - [2024-08-16T06:57:54.982+0000] {dag.py:4138} INFO - Setting next_dagrun for dataset_s3_bucket_consumer to None, run_after=None
[2024-08-16T06:57:54.983+0000] {logging_mixin.py:190} INFO - [2024-08-16T06:57:54.983+0000] {dag.py:4138} INFO - Setting next_dagrun for dataset_s3_bucket_producer to None, run_after=None
[2024-08-16T06:57:55.024+0000] {processor.py:208} INFO - Processing /usr/local/python/3.10.13/lib/python3.10/site-packages/airflow/example_dags/example_dataset_alias.py took 0.100 seconds
[2024-08-16T06:59:12.686+0000] {processor.py:186} INFO - Started process (PID=17778) to work on /usr/local/python/3.10.13/lib/python3.10/site-packages/airflow/example_dags/example_dataset_alias.py
[2024-08-16T06:59:12.687+0000] {processor.py:914} INFO - Processing file /usr/local/python/3.10.13/lib/python3.10/site-packages/airflow/example_dags/example_dataset_alias.py for tasks to queue
[2024-08-16T06:59:12.688+0000] {logging_mixin.py:190} INFO - [2024-08-16T06:59:12.688+0000] {dagbag.py:587} INFO - Filling up the DagBag from /usr/local/python/3.10.13/lib/python3.10/site-packages/airflow/example_dags/example_dataset_alias.py
[2024-08-16T06:59:12.711+0000] {processor.py:925} INFO - DAG(s) 'dataset_s3_bucket_producer', 'dataset_alias_example_alias_consumer', 'dataset_alias_example_alias_producer', 'dataset_s3_bucket_consumer' retrieved from /usr/local/python/3.10.13/lib/python3.10/site-packages/airflow/example_dags/example_dataset_alias.py
[2024-08-16T06:59:12.737+0000] {logging_mixin.py:190} INFO - [2024-08-16T06:59:12.737+0000] {dag.py:3211} INFO - Sync 4 DAGs
[2024-08-16T06:59:12.758+0000] {logging_mixin.py:190} INFO - [2024-08-16T06:59:12.758+0000] {dag.py:4138} INFO - Setting next_dagrun for dataset_alias_example_alias_consumer to None, run_after=None
[2024-08-16T06:59:12.760+0000] {logging_mixin.py:190} INFO - [2024-08-16T06:59:12.760+0000] {dag.py:4138} INFO - Setting next_dagrun for dataset_alias_example_alias_producer to None, run_after=None
[2024-08-16T06:59:12.761+0000] {logging_mixin.py:190} INFO - [2024-08-16T06:59:12.761+0000] {dag.py:4138} INFO - Setting next_dagrun for dataset_s3_bucket_consumer to None, run_after=None
[2024-08-16T06:59:12.762+0000] {logging_mixin.py:190} INFO - [2024-08-16T06:59:12.762+0000] {dag.py:4138} INFO - Setting next_dagrun for dataset_s3_bucket_producer to None, run_after=None
[2024-08-16T06:59:12.810+0000] {processor.py:208} INFO - Processing /usr/local/python/3.10.13/lib/python3.10/site-packages/airflow/example_dags/example_dataset_alias.py took 0.129 seconds
[2024-08-16T07:00:31.913+0000] {processor.py:186} INFO - Started process (PID=18504) to work on /usr/local/python/3.10.13/lib/python3.10/site-packages/airflow/example_dags/example_dataset_alias.py
[2024-08-16T07:00:31.914+0000] {processor.py:914} INFO - Processing file /usr/local/python/3.10.13/lib/python3.10/site-packages/airflow/example_dags/example_dataset_alias.py for tasks to queue
[2024-08-16T07:00:31.916+0000] {logging_mixin.py:190} INFO - [2024-08-16T07:00:31.915+0000] {dagbag.py:587} INFO - Filling up the DagBag from /usr/local/python/3.10.13/lib/python3.10/site-packages/airflow/example_dags/example_dataset_alias.py
[2024-08-16T07:00:31.933+0000] {processor.py:925} INFO - DAG(s) 'dataset_s3_bucket_producer', 'dataset_s3_bucket_consumer', 'dataset_alias_example_alias_consumer', 'dataset_alias_example_alias_producer' retrieved from /usr/local/python/3.10.13/lib/python3.10/site-packages/airflow/example_dags/example_dataset_alias.py
[2024-08-16T07:00:31.949+0000] {logging_mixin.py:190} INFO - [2024-08-16T07:00:31.949+0000] {dag.py:3211} INFO - Sync 4 DAGs
[2024-08-16T07:00:31.964+0000] {logging_mixin.py:190} INFO - [2024-08-16T07:00:31.964+0000] {dag.py:4138} INFO - Setting next_dagrun for dataset_alias_example_alias_consumer to None, run_after=None
[2024-08-16T07:00:31.966+0000] {logging_mixin.py:190} INFO - [2024-08-16T07:00:31.965+0000] {dag.py:4138} INFO - Setting next_dagrun for dataset_alias_example_alias_producer to None, run_after=None
[2024-08-16T07:00:31.966+0000] {logging_mixin.py:190} INFO - [2024-08-16T07:00:31.966+0000] {dag.py:4138} INFO - Setting next_dagrun for dataset_s3_bucket_consumer to None, run_after=None
[2024-08-16T07:00:31.967+0000] {logging_mixin.py:190} INFO - [2024-08-16T07:00:31.967+0000] {dag.py:4138} INFO - Setting next_dagrun for dataset_s3_bucket_producer to None, run_after=None
[2024-08-16T07:00:32.008+0000] {processor.py:208} INFO - Processing /usr/local/python/3.10.13/lib/python3.10/site-packages/airflow/example_dags/example_dataset_alias.py took 0.100 seconds
[2024-08-16T07:01:51.735+0000] {processor.py:186} INFO - Started process (PID=19099) to work on /usr/local/python/3.10.13/lib/python3.10/site-packages/airflow/example_dags/example_dataset_alias.py
[2024-08-16T07:01:51.735+0000] {processor.py:914} INFO - Processing file /usr/local/python/3.10.13/lib/python3.10/site-packages/airflow/example_dags/example_dataset_alias.py for tasks to queue
[2024-08-16T07:01:51.737+0000] {logging_mixin.py:190} INFO - [2024-08-16T07:01:51.737+0000] {dagbag.py:587} INFO - Filling up the DagBag from /usr/local/python/3.10.13/lib/python3.10/site-packages/airflow/example_dags/example_dataset_alias.py
[2024-08-16T07:01:51.755+0000] {processor.py:925} INFO - DAG(s) 'dataset_s3_bucket_consumer', 'dataset_s3_bucket_producer', 'dataset_alias_example_alias_producer', 'dataset_alias_example_alias_consumer' retrieved from /usr/local/python/3.10.13/lib/python3.10/site-packages/airflow/example_dags/example_dataset_alias.py
[2024-08-16T07:01:51.773+0000] {logging_mixin.py:190} INFO - [2024-08-16T07:01:51.773+0000] {dag.py:3211} INFO - Sync 4 DAGs
[2024-08-16T07:01:51.788+0000] {logging_mixin.py:190} INFO - [2024-08-16T07:01:51.788+0000] {dag.py:4138} INFO - Setting next_dagrun for dataset_alias_example_alias_consumer to None, run_after=None
[2024-08-16T07:01:51.790+0000] {logging_mixin.py:190} INFO - [2024-08-16T07:01:51.790+0000] {dag.py:4138} INFO - Setting next_dagrun for dataset_alias_example_alias_producer to None, run_after=None
[2024-08-16T07:01:51.791+0000] {logging_mixin.py:190} INFO - [2024-08-16T07:01:51.791+0000] {dag.py:4138} INFO - Setting next_dagrun for dataset_s3_bucket_consumer to None, run_after=None
[2024-08-16T07:01:51.792+0000] {logging_mixin.py:190} INFO - [2024-08-16T07:01:51.792+0000] {dag.py:4138} INFO - Setting next_dagrun for dataset_s3_bucket_producer to None, run_after=None
[2024-08-16T07:01:51.834+0000] {processor.py:208} INFO - Processing /usr/local/python/3.10.13/lib/python3.10/site-packages/airflow/example_dags/example_dataset_alias.py took 0.104 seconds
