[2024-08-16T06:46:41.338+0000] {processor.py:186} INFO - Started process (PID=12548) to work on /usr/local/python/3.10.13/lib/python3.10/site-packages/airflow/example_dags/example_branch_day_of_week_operator.py
[2024-08-16T06:46:41.338+0000] {processor.py:914} INFO - Processing file /usr/local/python/3.10.13/lib/python3.10/site-packages/airflow/example_dags/example_branch_day_of_week_operator.py for tasks to queue
[2024-08-16T06:46:41.340+0000] {logging_mixin.py:190} INFO - [2024-08-16T06:46:41.340+0000] {dagbag.py:587} INFO - Filling up the DagBag from /usr/local/python/3.10.13/lib/python3.10/site-packages/airflow/example_dags/example_branch_day_of_week_operator.py
[2024-08-16T06:46:41.348+0000] {processor.py:925} INFO - DAG(s) 'example_weekday_branch_operator' retrieved from /usr/local/python/3.10.13/lib/python3.10/site-packages/airflow/example_dags/example_branch_day_of_week_operator.py
[2024-08-16T06:46:41.487+0000] {logging_mixin.py:190} INFO - [2024-08-16T06:46:41.487+0000] {override.py:1858} INFO - Created Permission View: can edit on DAG:example_weekday_branch_operator
[2024-08-16T06:46:41.521+0000] {logging_mixin.py:190} INFO - [2024-08-16T06:46:41.520+0000] {override.py:1858} INFO - Created Permission View: can read on DAG:example_weekday_branch_operator
[2024-08-16T06:46:41.551+0000] {logging_mixin.py:190} INFO - [2024-08-16T06:46:41.551+0000] {override.py:1858} INFO - Created Permission View: can delete on DAG:example_weekday_branch_operator
[2024-08-16T06:46:41.551+0000] {logging_mixin.py:190} INFO - [2024-08-16T06:46:41.551+0000] {dag.py:3211} INFO - Sync 1 DAGs
[2024-08-16T06:46:41.562+0000] {logging_mixin.py:190} INFO - [2024-08-16T06:46:41.562+0000] {dag.py:3234} INFO - Creating ORM DAG for example_weekday_branch_operator
[2024-08-16T06:46:41.569+0000] {logging_mixin.py:190} INFO - [2024-08-16T06:46:41.569+0000] {dag.py:4138} INFO - Setting next_dagrun for example_weekday_branch_operator to 2024-08-15 00:00:00+00:00, run_after=2024-08-16 00:00:00+00:00
[2024-08-16T06:46:41.614+0000] {processor.py:208} INFO - Processing /usr/local/python/3.10.13/lib/python3.10/site-packages/airflow/example_dags/example_branch_day_of_week_operator.py took 0.282 seconds
[2024-08-16T06:47:47.550+0000] {processor.py:186} INFO - Started process (PID=13029) to work on /usr/local/python/3.10.13/lib/python3.10/site-packages/airflow/example_dags/example_branch_day_of_week_operator.py
[2024-08-16T06:47:47.551+0000] {processor.py:914} INFO - Processing file /usr/local/python/3.10.13/lib/python3.10/site-packages/airflow/example_dags/example_branch_day_of_week_operator.py for tasks to queue
[2024-08-16T06:47:47.553+0000] {logging_mixin.py:190} INFO - [2024-08-16T06:47:47.553+0000] {dagbag.py:587} INFO - Filling up the DagBag from /usr/local/python/3.10.13/lib/python3.10/site-packages/airflow/example_dags/example_branch_day_of_week_operator.py
[2024-08-16T06:47:47.565+0000] {processor.py:925} INFO - DAG(s) 'example_weekday_branch_operator' retrieved from /usr/local/python/3.10.13/lib/python3.10/site-packages/airflow/example_dags/example_branch_day_of_week_operator.py
[2024-08-16T06:47:47.587+0000] {logging_mixin.py:190} INFO - [2024-08-16T06:47:47.586+0000] {dag.py:3211} INFO - Sync 1 DAGs
[2024-08-16T06:47:47.614+0000] {logging_mixin.py:190} INFO - [2024-08-16T06:47:47.614+0000] {dag.py:4138} INFO - Setting next_dagrun for example_weekday_branch_operator to 2024-08-15 00:00:00+00:00, run_after=2024-08-16 00:00:00+00:00
[2024-08-16T06:47:47.662+0000] {processor.py:208} INFO - Processing /usr/local/python/3.10.13/lib/python3.10/site-packages/airflow/example_dags/example_branch_day_of_week_operator.py took 0.119 seconds
[2024-08-16T06:48:44.190+0000] {processor.py:186} INFO - Started process (PID=13427) to work on /usr/local/python/3.10.13/lib/python3.10/site-packages/airflow/example_dags/example_branch_day_of_week_operator.py
[2024-08-16T06:48:44.191+0000] {processor.py:914} INFO - Processing file /usr/local/python/3.10.13/lib/python3.10/site-packages/airflow/example_dags/example_branch_day_of_week_operator.py for tasks to queue
[2024-08-16T06:48:44.193+0000] {logging_mixin.py:190} INFO - [2024-08-16T06:48:44.193+0000] {dagbag.py:587} INFO - Filling up the DagBag from /usr/local/python/3.10.13/lib/python3.10/site-packages/airflow/example_dags/example_branch_day_of_week_operator.py
[2024-08-16T06:48:44.203+0000] {processor.py:925} INFO - DAG(s) 'example_weekday_branch_operator' retrieved from /usr/local/python/3.10.13/lib/python3.10/site-packages/airflow/example_dags/example_branch_day_of_week_operator.py
[2024-08-16T06:48:44.216+0000] {logging_mixin.py:190} INFO - [2024-08-16T06:48:44.215+0000] {dag.py:3211} INFO - Sync 1 DAGs
[2024-08-16T06:48:44.233+0000] {logging_mixin.py:190} INFO - [2024-08-16T06:48:44.233+0000] {dag.py:4138} INFO - Setting next_dagrun for example_weekday_branch_operator to 2024-08-15 00:00:00+00:00, run_after=2024-08-16 00:00:00+00:00
[2024-08-16T06:48:44.273+0000] {processor.py:208} INFO - Processing /usr/local/python/3.10.13/lib/python3.10/site-packages/airflow/example_dags/example_branch_day_of_week_operator.py took 0.091 seconds
[2024-08-16T06:49:40.898+0000] {processor.py:186} INFO - Started process (PID=13802) to work on /usr/local/python/3.10.13/lib/python3.10/site-packages/airflow/example_dags/example_branch_day_of_week_operator.py
[2024-08-16T06:49:40.899+0000] {processor.py:914} INFO - Processing file /usr/local/python/3.10.13/lib/python3.10/site-packages/airflow/example_dags/example_branch_day_of_week_operator.py for tasks to queue
[2024-08-16T06:49:40.901+0000] {logging_mixin.py:190} INFO - [2024-08-16T06:49:40.900+0000] {dagbag.py:587} INFO - Filling up the DagBag from /usr/local/python/3.10.13/lib/python3.10/site-packages/airflow/example_dags/example_branch_day_of_week_operator.py
[2024-08-16T06:49:40.908+0000] {processor.py:925} INFO - DAG(s) 'example_weekday_branch_operator' retrieved from /usr/local/python/3.10.13/lib/python3.10/site-packages/airflow/example_dags/example_branch_day_of_week_operator.py
[2024-08-16T06:49:40.921+0000] {logging_mixin.py:190} INFO - [2024-08-16T06:49:40.921+0000] {dag.py:3211} INFO - Sync 1 DAGs
[2024-08-16T06:49:40.937+0000] {logging_mixin.py:190} INFO - [2024-08-16T06:49:40.937+0000] {dag.py:4138} INFO - Setting next_dagrun for example_weekday_branch_operator to 2024-08-15 00:00:00+00:00, run_after=2024-08-16 00:00:00+00:00
[2024-08-16T06:49:40.978+0000] {processor.py:208} INFO - Processing /usr/local/python/3.10.13/lib/python3.10/site-packages/airflow/example_dags/example_branch_day_of_week_operator.py took 0.085 seconds
[2024-08-16T06:50:34.619+0000] {processor.py:186} INFO - Started process (PID=14164) to work on /usr/local/python/3.10.13/lib/python3.10/site-packages/airflow/example_dags/example_branch_day_of_week_operator.py
[2024-08-16T06:50:34.620+0000] {processor.py:914} INFO - Processing file /usr/local/python/3.10.13/lib/python3.10/site-packages/airflow/example_dags/example_branch_day_of_week_operator.py for tasks to queue
[2024-08-16T06:50:34.622+0000] {logging_mixin.py:190} INFO - [2024-08-16T06:50:34.622+0000] {dagbag.py:587} INFO - Filling up the DagBag from /usr/local/python/3.10.13/lib/python3.10/site-packages/airflow/example_dags/example_branch_day_of_week_operator.py
[2024-08-16T06:50:34.630+0000] {processor.py:925} INFO - DAG(s) 'example_weekday_branch_operator' retrieved from /usr/local/python/3.10.13/lib/python3.10/site-packages/airflow/example_dags/example_branch_day_of_week_operator.py
[2024-08-16T06:50:34.642+0000] {logging_mixin.py:190} INFO - [2024-08-16T06:50:34.642+0000] {dag.py:3211} INFO - Sync 1 DAGs
[2024-08-16T06:50:34.659+0000] {logging_mixin.py:190} INFO - [2024-08-16T06:50:34.659+0000] {dag.py:4138} INFO - Setting next_dagrun for example_weekday_branch_operator to 2024-08-15 00:00:00+00:00, run_after=2024-08-16 00:00:00+00:00
[2024-08-16T06:50:34.698+0000] {processor.py:208} INFO - Processing /usr/local/python/3.10.13/lib/python3.10/site-packages/airflow/example_dags/example_branch_day_of_week_operator.py took 0.083 seconds
[2024-08-16T06:51:24.712+0000] {processor.py:186} INFO - Started process (PID=14517) to work on /usr/local/python/3.10.13/lib/python3.10/site-packages/airflow/example_dags/example_branch_day_of_week_operator.py
[2024-08-16T06:51:24.713+0000] {processor.py:914} INFO - Processing file /usr/local/python/3.10.13/lib/python3.10/site-packages/airflow/example_dags/example_branch_day_of_week_operator.py for tasks to queue
[2024-08-16T06:51:24.715+0000] {logging_mixin.py:190} INFO - [2024-08-16T06:51:24.715+0000] {dagbag.py:587} INFO - Filling up the DagBag from /usr/local/python/3.10.13/lib/python3.10/site-packages/airflow/example_dags/example_branch_day_of_week_operator.py
[2024-08-16T06:51:24.723+0000] {processor.py:925} INFO - DAG(s) 'example_weekday_branch_operator' retrieved from /usr/local/python/3.10.13/lib/python3.10/site-packages/airflow/example_dags/example_branch_day_of_week_operator.py
[2024-08-16T06:51:24.736+0000] {logging_mixin.py:190} INFO - [2024-08-16T06:51:24.736+0000] {dag.py:3211} INFO - Sync 1 DAGs
[2024-08-16T06:51:24.753+0000] {logging_mixin.py:190} INFO - [2024-08-16T06:51:24.753+0000] {dag.py:4138} INFO - Setting next_dagrun for example_weekday_branch_operator to 2024-08-15 00:00:00+00:00, run_after=2024-08-16 00:00:00+00:00
[2024-08-16T06:51:24.793+0000] {processor.py:208} INFO - Processing /usr/local/python/3.10.13/lib/python3.10/site-packages/airflow/example_dags/example_branch_day_of_week_operator.py took 0.086 seconds
[2024-08-16T06:52:14.517+0000] {processor.py:186} INFO - Started process (PID=14864) to work on /usr/local/python/3.10.13/lib/python3.10/site-packages/airflow/example_dags/example_branch_day_of_week_operator.py
[2024-08-16T06:52:14.518+0000] {processor.py:914} INFO - Processing file /usr/local/python/3.10.13/lib/python3.10/site-packages/airflow/example_dags/example_branch_day_of_week_operator.py for tasks to queue
[2024-08-16T06:52:14.520+0000] {logging_mixin.py:190} INFO - [2024-08-16T06:52:14.519+0000] {dagbag.py:587} INFO - Filling up the DagBag from /usr/local/python/3.10.13/lib/python3.10/site-packages/airflow/example_dags/example_branch_day_of_week_operator.py
[2024-08-16T06:52:14.528+0000] {processor.py:925} INFO - DAG(s) 'example_weekday_branch_operator' retrieved from /usr/local/python/3.10.13/lib/python3.10/site-packages/airflow/example_dags/example_branch_day_of_week_operator.py
[2024-08-16T06:52:14.542+0000] {logging_mixin.py:190} INFO - [2024-08-16T06:52:14.541+0000] {dag.py:3211} INFO - Sync 1 DAGs
[2024-08-16T06:52:14.558+0000] {logging_mixin.py:190} INFO - [2024-08-16T06:52:14.558+0000] {dag.py:4138} INFO - Setting next_dagrun for example_weekday_branch_operator to 2024-08-15 00:00:00+00:00, run_after=2024-08-16 00:00:00+00:00
[2024-08-16T06:52:14.598+0000] {processor.py:208} INFO - Processing /usr/local/python/3.10.13/lib/python3.10/site-packages/airflow/example_dags/example_branch_day_of_week_operator.py took 0.087 seconds
[2024-08-16T06:53:05.497+0000] {processor.py:186} INFO - Started process (PID=15214) to work on /usr/local/python/3.10.13/lib/python3.10/site-packages/airflow/example_dags/example_branch_day_of_week_operator.py
[2024-08-16T06:53:05.498+0000] {processor.py:914} INFO - Processing file /usr/local/python/3.10.13/lib/python3.10/site-packages/airflow/example_dags/example_branch_day_of_week_operator.py for tasks to queue
[2024-08-16T06:53:05.500+0000] {logging_mixin.py:190} INFO - [2024-08-16T06:53:05.499+0000] {dagbag.py:587} INFO - Filling up the DagBag from /usr/local/python/3.10.13/lib/python3.10/site-packages/airflow/example_dags/example_branch_day_of_week_operator.py
[2024-08-16T06:53:05.507+0000] {processor.py:925} INFO - DAG(s) 'example_weekday_branch_operator' retrieved from /usr/local/python/3.10.13/lib/python3.10/site-packages/airflow/example_dags/example_branch_day_of_week_operator.py
[2024-08-16T06:53:05.520+0000] {logging_mixin.py:190} INFO - [2024-08-16T06:53:05.519+0000] {dag.py:3211} INFO - Sync 1 DAGs
[2024-08-16T06:53:05.536+0000] {logging_mixin.py:190} INFO - [2024-08-16T06:53:05.536+0000] {dag.py:4138} INFO - Setting next_dagrun for example_weekday_branch_operator to 2024-08-15 00:00:00+00:00, run_after=2024-08-16 00:00:00+00:00
[2024-08-16T06:53:05.575+0000] {processor.py:208} INFO - Processing /usr/local/python/3.10.13/lib/python3.10/site-packages/airflow/example_dags/example_branch_day_of_week_operator.py took 0.084 seconds
[2024-08-16T06:54:00.810+0000] {processor.py:186} INFO - Started process (PID=15606) to work on /usr/local/python/3.10.13/lib/python3.10/site-packages/airflow/example_dags/example_branch_day_of_week_operator.py
[2024-08-16T06:54:00.811+0000] {processor.py:914} INFO - Processing file /usr/local/python/3.10.13/lib/python3.10/site-packages/airflow/example_dags/example_branch_day_of_week_operator.py for tasks to queue
[2024-08-16T06:54:00.814+0000] {logging_mixin.py:190} INFO - [2024-08-16T06:54:00.814+0000] {dagbag.py:587} INFO - Filling up the DagBag from /usr/local/python/3.10.13/lib/python3.10/site-packages/airflow/example_dags/example_branch_day_of_week_operator.py
[2024-08-16T06:54:00.826+0000] {processor.py:925} INFO - DAG(s) 'example_weekday_branch_operator' retrieved from /usr/local/python/3.10.13/lib/python3.10/site-packages/airflow/example_dags/example_branch_day_of_week_operator.py
[2024-08-16T06:54:00.845+0000] {logging_mixin.py:190} INFO - [2024-08-16T06:54:00.845+0000] {dag.py:3211} INFO - Sync 1 DAGs
[2024-08-16T06:54:00.871+0000] {logging_mixin.py:190} INFO - [2024-08-16T06:54:00.871+0000] {dag.py:4138} INFO - Setting next_dagrun for example_weekday_branch_operator to 2024-08-15 00:00:00+00:00, run_after=2024-08-16 00:00:00+00:00
[2024-08-16T06:54:00.919+0000] {processor.py:208} INFO - Processing /usr/local/python/3.10.13/lib/python3.10/site-packages/airflow/example_dags/example_branch_day_of_week_operator.py took 0.115 seconds
[2024-08-16T06:54:54.693+0000] {processor.py:186} INFO - Started process (PID=15977) to work on /usr/local/python/3.10.13/lib/python3.10/site-packages/airflow/example_dags/example_branch_day_of_week_operator.py
[2024-08-16T06:54:54.694+0000] {processor.py:914} INFO - Processing file /usr/local/python/3.10.13/lib/python3.10/site-packages/airflow/example_dags/example_branch_day_of_week_operator.py for tasks to queue
[2024-08-16T06:54:54.696+0000] {logging_mixin.py:190} INFO - [2024-08-16T06:54:54.696+0000] {dagbag.py:587} INFO - Filling up the DagBag from /usr/local/python/3.10.13/lib/python3.10/site-packages/airflow/example_dags/example_branch_day_of_week_operator.py
[2024-08-16T06:54:54.704+0000] {processor.py:925} INFO - DAG(s) 'example_weekday_branch_operator' retrieved from /usr/local/python/3.10.13/lib/python3.10/site-packages/airflow/example_dags/example_branch_day_of_week_operator.py
[2024-08-16T06:54:54.717+0000] {logging_mixin.py:190} INFO - [2024-08-16T06:54:54.717+0000] {dag.py:3211} INFO - Sync 1 DAGs
[2024-08-16T06:54:54.734+0000] {logging_mixin.py:190} INFO - [2024-08-16T06:54:54.734+0000] {dag.py:4138} INFO - Setting next_dagrun for example_weekday_branch_operator to 2024-08-15 00:00:00+00:00, run_after=2024-08-16 00:00:00+00:00
[2024-08-16T06:54:54.777+0000] {processor.py:208} INFO - Processing /usr/local/python/3.10.13/lib/python3.10/site-packages/airflow/example_dags/example_branch_day_of_week_operator.py took 0.089 seconds
[2024-08-16T06:55:50.510+0000] {processor.py:186} INFO - Started process (PID=16343) to work on /usr/local/python/3.10.13/lib/python3.10/site-packages/airflow/example_dags/example_branch_day_of_week_operator.py
[2024-08-16T06:55:50.510+0000] {processor.py:914} INFO - Processing file /usr/local/python/3.10.13/lib/python3.10/site-packages/airflow/example_dags/example_branch_day_of_week_operator.py for tasks to queue
[2024-08-16T06:55:50.512+0000] {logging_mixin.py:190} INFO - [2024-08-16T06:55:50.512+0000] {dagbag.py:587} INFO - Filling up the DagBag from /usr/local/python/3.10.13/lib/python3.10/site-packages/airflow/example_dags/example_branch_day_of_week_operator.py
[2024-08-16T06:55:50.520+0000] {processor.py:925} INFO - DAG(s) 'example_weekday_branch_operator' retrieved from /usr/local/python/3.10.13/lib/python3.10/site-packages/airflow/example_dags/example_branch_day_of_week_operator.py
[2024-08-16T06:55:50.533+0000] {logging_mixin.py:190} INFO - [2024-08-16T06:55:50.533+0000] {dag.py:3211} INFO - Sync 1 DAGs
[2024-08-16T06:55:50.550+0000] {logging_mixin.py:190} INFO - [2024-08-16T06:55:50.550+0000] {dag.py:4138} INFO - Setting next_dagrun for example_weekday_branch_operator to 2024-08-15 00:00:00+00:00, run_after=2024-08-16 00:00:00+00:00
[2024-08-16T06:55:50.590+0000] {processor.py:208} INFO - Processing /usr/local/python/3.10.13/lib/python3.10/site-packages/airflow/example_dags/example_branch_day_of_week_operator.py took 0.084 seconds
[2024-08-16T06:56:48.847+0000] {processor.py:186} INFO - Started process (PID=16744) to work on /usr/local/python/3.10.13/lib/python3.10/site-packages/airflow/example_dags/example_branch_day_of_week_operator.py
[2024-08-16T06:56:48.848+0000] {processor.py:914} INFO - Processing file /usr/local/python/3.10.13/lib/python3.10/site-packages/airflow/example_dags/example_branch_day_of_week_operator.py for tasks to queue
[2024-08-16T06:56:48.851+0000] {logging_mixin.py:190} INFO - [2024-08-16T06:56:48.850+0000] {dagbag.py:587} INFO - Filling up the DagBag from /usr/local/python/3.10.13/lib/python3.10/site-packages/airflow/example_dags/example_branch_day_of_week_operator.py
[2024-08-16T06:56:48.862+0000] {processor.py:925} INFO - DAG(s) 'example_weekday_branch_operator' retrieved from /usr/local/python/3.10.13/lib/python3.10/site-packages/airflow/example_dags/example_branch_day_of_week_operator.py
[2024-08-16T06:56:48.881+0000] {logging_mixin.py:190} INFO - [2024-08-16T06:56:48.881+0000] {dag.py:3211} INFO - Sync 1 DAGs
[2024-08-16T06:56:48.907+0000] {logging_mixin.py:190} INFO - [2024-08-16T06:56:48.907+0000] {dag.py:4138} INFO - Setting next_dagrun for example_weekday_branch_operator to 2024-08-15 00:00:00+00:00, run_after=2024-08-16 00:00:00+00:00
[2024-08-16T06:56:48.957+0000] {processor.py:208} INFO - Processing /usr/local/python/3.10.13/lib/python3.10/site-packages/airflow/example_dags/example_branch_day_of_week_operator.py took 0.116 seconds
[2024-08-16T06:57:44.491+0000] {processor.py:186} INFO - Started process (PID=17139) to work on /usr/local/python/3.10.13/lib/python3.10/site-packages/airflow/example_dags/example_branch_day_of_week_operator.py
[2024-08-16T06:57:44.492+0000] {processor.py:914} INFO - Processing file /usr/local/python/3.10.13/lib/python3.10/site-packages/airflow/example_dags/example_branch_day_of_week_operator.py for tasks to queue
[2024-08-16T06:57:44.494+0000] {logging_mixin.py:190} INFO - [2024-08-16T06:57:44.493+0000] {dagbag.py:587} INFO - Filling up the DagBag from /usr/local/python/3.10.13/lib/python3.10/site-packages/airflow/example_dags/example_branch_day_of_week_operator.py
[2024-08-16T06:57:44.502+0000] {processor.py:925} INFO - DAG(s) 'example_weekday_branch_operator' retrieved from /usr/local/python/3.10.13/lib/python3.10/site-packages/airflow/example_dags/example_branch_day_of_week_operator.py
[2024-08-16T06:57:44.514+0000] {logging_mixin.py:190} INFO - [2024-08-16T06:57:44.514+0000] {dag.py:3211} INFO - Sync 1 DAGs
[2024-08-16T06:57:44.530+0000] {logging_mixin.py:190} INFO - [2024-08-16T06:57:44.530+0000] {dag.py:4138} INFO - Setting next_dagrun for example_weekday_branch_operator to 2024-08-15 00:00:00+00:00, run_after=2024-08-16 00:00:00+00:00
[2024-08-16T06:57:44.570+0000] {processor.py:208} INFO - Processing /usr/local/python/3.10.13/lib/python3.10/site-packages/airflow/example_dags/example_branch_day_of_week_operator.py took 0.083 seconds
[2024-08-16T06:58:37.676+0000] {processor.py:186} INFO - Started process (PID=17501) to work on /usr/local/python/3.10.13/lib/python3.10/site-packages/airflow/example_dags/example_branch_day_of_week_operator.py
[2024-08-16T06:58:37.677+0000] {processor.py:914} INFO - Processing file /usr/local/python/3.10.13/lib/python3.10/site-packages/airflow/example_dags/example_branch_day_of_week_operator.py for tasks to queue
[2024-08-16T06:58:37.679+0000] {logging_mixin.py:190} INFO - [2024-08-16T06:58:37.679+0000] {dagbag.py:587} INFO - Filling up the DagBag from /usr/local/python/3.10.13/lib/python3.10/site-packages/airflow/example_dags/example_branch_day_of_week_operator.py
[2024-08-16T06:58:37.687+0000] {processor.py:925} INFO - DAG(s) 'example_weekday_branch_operator' retrieved from /usr/local/python/3.10.13/lib/python3.10/site-packages/airflow/example_dags/example_branch_day_of_week_operator.py
[2024-08-16T06:58:37.699+0000] {logging_mixin.py:190} INFO - [2024-08-16T06:58:37.699+0000] {dag.py:3211} INFO - Sync 1 DAGs
[2024-08-16T06:58:37.716+0000] {logging_mixin.py:190} INFO - [2024-08-16T06:58:37.715+0000] {dag.py:4138} INFO - Setting next_dagrun for example_weekday_branch_operator to 2024-08-15 00:00:00+00:00, run_after=2024-08-16 00:00:00+00:00
[2024-08-16T06:58:37.756+0000] {processor.py:208} INFO - Processing /usr/local/python/3.10.13/lib/python3.10/site-packages/airflow/example_dags/example_branch_day_of_week_operator.py took 0.084 seconds
[2024-08-16T06:59:29.714+0000] {processor.py:186} INFO - Started process (PID=17988) to work on /usr/local/python/3.10.13/lib/python3.10/site-packages/airflow/example_dags/example_branch_day_of_week_operator.py
[2024-08-16T06:59:29.715+0000] {processor.py:914} INFO - Processing file /usr/local/python/3.10.13/lib/python3.10/site-packages/airflow/example_dags/example_branch_day_of_week_operator.py for tasks to queue
[2024-08-16T06:59:29.717+0000] {logging_mixin.py:190} INFO - [2024-08-16T06:59:29.717+0000] {dagbag.py:587} INFO - Filling up the DagBag from /usr/local/python/3.10.13/lib/python3.10/site-packages/airflow/example_dags/example_branch_day_of_week_operator.py
[2024-08-16T06:59:29.725+0000] {processor.py:925} INFO - DAG(s) 'example_weekday_branch_operator' retrieved from /usr/local/python/3.10.13/lib/python3.10/site-packages/airflow/example_dags/example_branch_day_of_week_operator.py
[2024-08-16T06:59:29.737+0000] {logging_mixin.py:190} INFO - [2024-08-16T06:59:29.737+0000] {dag.py:3211} INFO - Sync 1 DAGs
[2024-08-16T06:59:29.754+0000] {logging_mixin.py:190} INFO - [2024-08-16T06:59:29.754+0000] {dag.py:4138} INFO - Setting next_dagrun for example_weekday_branch_operator to 2024-08-15 00:00:00+00:00, run_after=2024-08-16 00:00:00+00:00
[2024-08-16T06:59:29.794+0000] {processor.py:208} INFO - Processing /usr/local/python/3.10.13/lib/python3.10/site-packages/airflow/example_dags/example_branch_day_of_week_operator.py took 0.085 seconds
[2024-08-16T07:00:21.616+0000] {processor.py:186} INFO - Started process (PID=18406) to work on /usr/local/python/3.10.13/lib/python3.10/site-packages/airflow/example_dags/example_branch_day_of_week_operator.py
[2024-08-16T07:00:21.617+0000] {processor.py:914} INFO - Processing file /usr/local/python/3.10.13/lib/python3.10/site-packages/airflow/example_dags/example_branch_day_of_week_operator.py for tasks to queue
[2024-08-16T07:00:21.619+0000] {logging_mixin.py:190} INFO - [2024-08-16T07:00:21.619+0000] {dagbag.py:587} INFO - Filling up the DagBag from /usr/local/python/3.10.13/lib/python3.10/site-packages/airflow/example_dags/example_branch_day_of_week_operator.py
[2024-08-16T07:00:21.627+0000] {processor.py:925} INFO - DAG(s) 'example_weekday_branch_operator' retrieved from /usr/local/python/3.10.13/lib/python3.10/site-packages/airflow/example_dags/example_branch_day_of_week_operator.py
[2024-08-16T07:00:21.639+0000] {logging_mixin.py:190} INFO - [2024-08-16T07:00:21.639+0000] {dag.py:3211} INFO - Sync 1 DAGs
[2024-08-16T07:00:21.656+0000] {logging_mixin.py:190} INFO - [2024-08-16T07:00:21.655+0000] {dag.py:4138} INFO - Setting next_dagrun for example_weekday_branch_operator to 2024-08-15 00:00:00+00:00, run_after=2024-08-16 00:00:00+00:00
[2024-08-16T07:00:21.695+0000] {processor.py:208} INFO - Processing /usr/local/python/3.10.13/lib/python3.10/site-packages/airflow/example_dags/example_branch_day_of_week_operator.py took 0.083 seconds
[2024-08-16T07:01:14.897+0000] {processor.py:186} INFO - Started process (PID=18838) to work on /usr/local/python/3.10.13/lib/python3.10/site-packages/airflow/example_dags/example_branch_day_of_week_operator.py
[2024-08-16T07:01:14.898+0000] {processor.py:914} INFO - Processing file /usr/local/python/3.10.13/lib/python3.10/site-packages/airflow/example_dags/example_branch_day_of_week_operator.py for tasks to queue
[2024-08-16T07:01:14.900+0000] {logging_mixin.py:190} INFO - [2024-08-16T07:01:14.900+0000] {dagbag.py:587} INFO - Filling up the DagBag from /usr/local/python/3.10.13/lib/python3.10/site-packages/airflow/example_dags/example_branch_day_of_week_operator.py
[2024-08-16T07:01:14.908+0000] {processor.py:925} INFO - DAG(s) 'example_weekday_branch_operator' retrieved from /usr/local/python/3.10.13/lib/python3.10/site-packages/airflow/example_dags/example_branch_day_of_week_operator.py
[2024-08-16T07:01:14.920+0000] {logging_mixin.py:190} INFO - [2024-08-16T07:01:14.920+0000] {dag.py:3211} INFO - Sync 1 DAGs
[2024-08-16T07:01:14.936+0000] {logging_mixin.py:190} INFO - [2024-08-16T07:01:14.936+0000] {dag.py:4138} INFO - Setting next_dagrun for example_weekday_branch_operator to 2024-08-15 00:00:00+00:00, run_after=2024-08-16 00:00:00+00:00
[2024-08-16T07:01:14.981+0000] {processor.py:208} INFO - Processing /usr/local/python/3.10.13/lib/python3.10/site-packages/airflow/example_dags/example_branch_day_of_week_operator.py took 0.088 seconds
[2024-08-16T07:02:06.917+0000] {processor.py:186} INFO - Started process (PID=19211) to work on /usr/local/python/3.10.13/lib/python3.10/site-packages/airflow/example_dags/example_branch_day_of_week_operator.py
[2024-08-16T07:02:06.918+0000] {processor.py:914} INFO - Processing file /usr/local/python/3.10.13/lib/python3.10/site-packages/airflow/example_dags/example_branch_day_of_week_operator.py for tasks to queue
[2024-08-16T07:02:06.920+0000] {logging_mixin.py:190} INFO - [2024-08-16T07:02:06.920+0000] {dagbag.py:587} INFO - Filling up the DagBag from /usr/local/python/3.10.13/lib/python3.10/site-packages/airflow/example_dags/example_branch_day_of_week_operator.py
[2024-08-16T07:02:06.928+0000] {processor.py:925} INFO - DAG(s) 'example_weekday_branch_operator' retrieved from /usr/local/python/3.10.13/lib/python3.10/site-packages/airflow/example_dags/example_branch_day_of_week_operator.py
[2024-08-16T07:02:06.941+0000] {logging_mixin.py:190} INFO - [2024-08-16T07:02:06.940+0000] {dag.py:3211} INFO - Sync 1 DAGs
[2024-08-16T07:02:06.957+0000] {logging_mixin.py:190} INFO - [2024-08-16T07:02:06.957+0000] {dag.py:4138} INFO - Setting next_dagrun for example_weekday_branch_operator to 2024-08-15 00:00:00+00:00, run_after=2024-08-16 00:00:00+00:00
[2024-08-16T07:02:07.000+0000] {processor.py:208} INFO - Processing /usr/local/python/3.10.13/lib/python3.10/site-packages/airflow/example_dags/example_branch_day_of_week_operator.py took 0.088 seconds
