[2024-08-16T06:47:06.033+0000] {processor.py:186} INFO - Started process (PID=12747) to work on /usr/local/python/3.10.13/lib/python3.10/site-packages/airflow/example_dags/example_dynamic_task_mapping.py
[2024-08-16T06:47:06.034+0000] {processor.py:914} INFO - Processing file /usr/local/python/3.10.13/lib/python3.10/site-packages/airflow/example_dags/example_dynamic_task_mapping.py for tasks to queue
[2024-08-16T06:47:06.037+0000] {logging_mixin.py:190} INFO - [2024-08-16T06:47:06.036+0000] {dagbag.py:587} INFO - Filling up the DagBag from /usr/local/python/3.10.13/lib/python3.10/site-packages/airflow/example_dags/example_dynamic_task_mapping.py
[2024-08-16T06:47:06.046+0000] {processor.py:925} INFO - DAG(s) 'example_dynamic_task_mapping' retrieved from /usr/local/python/3.10.13/lib/python3.10/site-packages/airflow/example_dags/example_dynamic_task_mapping.py
[2024-08-16T06:47:06.236+0000] {logging_mixin.py:190} INFO - [2024-08-16T06:47:06.236+0000] {override.py:1858} INFO - Created Permission View: can edit on DAG:example_dynamic_task_mapping
[2024-08-16T06:47:06.275+0000] {logging_mixin.py:190} INFO - [2024-08-16T06:47:06.274+0000] {override.py:1858} INFO - Created Permission View: can read on DAG:example_dynamic_task_mapping
[2024-08-16T06:47:06.311+0000] {logging_mixin.py:190} INFO - [2024-08-16T06:47:06.311+0000] {override.py:1858} INFO - Created Permission View: can delete on DAG:example_dynamic_task_mapping
[2024-08-16T06:47:06.312+0000] {logging_mixin.py:190} INFO - [2024-08-16T06:47:06.312+0000] {dag.py:3211} INFO - Sync 1 DAGs
[2024-08-16T06:47:06.326+0000] {logging_mixin.py:190} INFO - [2024-08-16T06:47:06.326+0000] {dag.py:3234} INFO - Creating ORM DAG for example_dynamic_task_mapping
[2024-08-16T06:47:06.336+0000] {logging_mixin.py:190} INFO - [2024-08-16T06:47:06.335+0000] {dag.py:4138} INFO - Setting next_dagrun for example_dynamic_task_mapping to 2022-03-04 00:00:00+00:00, run_after=2022-03-05 00:00:00+00:00
[2024-08-16T06:47:06.385+0000] {processor.py:208} INFO - Processing /usr/local/python/3.10.13/lib/python3.10/site-packages/airflow/example_dags/example_dynamic_task_mapping.py took 0.359 seconds
[2024-08-16T06:48:07.305+0000] {processor.py:186} INFO - Started process (PID=13169) to work on /usr/local/python/3.10.13/lib/python3.10/site-packages/airflow/example_dags/example_dynamic_task_mapping.py
[2024-08-16T06:48:07.306+0000] {processor.py:914} INFO - Processing file /usr/local/python/3.10.13/lib/python3.10/site-packages/airflow/example_dags/example_dynamic_task_mapping.py for tasks to queue
[2024-08-16T06:48:07.308+0000] {logging_mixin.py:190} INFO - [2024-08-16T06:48:07.308+0000] {dagbag.py:587} INFO - Filling up the DagBag from /usr/local/python/3.10.13/lib/python3.10/site-packages/airflow/example_dags/example_dynamic_task_mapping.py
[2024-08-16T06:48:07.317+0000] {processor.py:925} INFO - DAG(s) 'example_dynamic_task_mapping' retrieved from /usr/local/python/3.10.13/lib/python3.10/site-packages/airflow/example_dags/example_dynamic_task_mapping.py
[2024-08-16T06:48:07.333+0000] {logging_mixin.py:190} INFO - [2024-08-16T06:48:07.332+0000] {dag.py:3211} INFO - Sync 1 DAGs
[2024-08-16T06:48:07.354+0000] {logging_mixin.py:190} INFO - [2024-08-16T06:48:07.354+0000] {dag.py:4138} INFO - Setting next_dagrun for example_dynamic_task_mapping to 2022-03-04 00:00:00+00:00, run_after=2022-03-05 00:00:00+00:00
[2024-08-16T06:48:07.396+0000] {processor.py:208} INFO - Processing /usr/local/python/3.10.13/lib/python3.10/site-packages/airflow/example_dags/example_dynamic_task_mapping.py took 0.098 seconds
[2024-08-16T06:49:26.903+0000] {processor.py:186} INFO - Started process (PID=13718) to work on /usr/local/python/3.10.13/lib/python3.10/site-packages/airflow/example_dags/example_dynamic_task_mapping.py
[2024-08-16T06:49:26.904+0000] {processor.py:914} INFO - Processing file /usr/local/python/3.10.13/lib/python3.10/site-packages/airflow/example_dags/example_dynamic_task_mapping.py for tasks to queue
[2024-08-16T06:49:26.906+0000] {logging_mixin.py:190} INFO - [2024-08-16T06:49:26.906+0000] {dagbag.py:587} INFO - Filling up the DagBag from /usr/local/python/3.10.13/lib/python3.10/site-packages/airflow/example_dags/example_dynamic_task_mapping.py
[2024-08-16T06:49:26.916+0000] {processor.py:925} INFO - DAG(s) 'example_dynamic_task_mapping' retrieved from /usr/local/python/3.10.13/lib/python3.10/site-packages/airflow/example_dags/example_dynamic_task_mapping.py
[2024-08-16T06:49:26.940+0000] {logging_mixin.py:190} INFO - [2024-08-16T06:49:26.940+0000] {dag.py:3211} INFO - Sync 1 DAGs
[2024-08-16T06:49:26.964+0000] {logging_mixin.py:190} INFO - [2024-08-16T06:49:26.963+0000] {dag.py:4138} INFO - Setting next_dagrun for example_dynamic_task_mapping to 2022-03-04 00:00:00+00:00, run_after=2022-03-05 00:00:00+00:00
[2024-08-16T06:49:27.007+0000] {processor.py:208} INFO - Processing /usr/local/python/3.10.13/lib/python3.10/site-packages/airflow/example_dags/example_dynamic_task_mapping.py took 0.111 seconds
[2024-08-16T06:50:45.056+0000] {processor.py:186} INFO - Started process (PID=14236) to work on /usr/local/python/3.10.13/lib/python3.10/site-packages/airflow/example_dags/example_dynamic_task_mapping.py
[2024-08-16T06:50:45.057+0000] {processor.py:914} INFO - Processing file /usr/local/python/3.10.13/lib/python3.10/site-packages/airflow/example_dags/example_dynamic_task_mapping.py for tasks to queue
[2024-08-16T06:50:45.059+0000] {logging_mixin.py:190} INFO - [2024-08-16T06:50:45.058+0000] {dagbag.py:587} INFO - Filling up the DagBag from /usr/local/python/3.10.13/lib/python3.10/site-packages/airflow/example_dags/example_dynamic_task_mapping.py
[2024-08-16T06:50:45.066+0000] {processor.py:925} INFO - DAG(s) 'example_dynamic_task_mapping' retrieved from /usr/local/python/3.10.13/lib/python3.10/site-packages/airflow/example_dags/example_dynamic_task_mapping.py
[2024-08-16T06:50:45.077+0000] {logging_mixin.py:190} INFO - [2024-08-16T06:50:45.077+0000] {dag.py:3211} INFO - Sync 1 DAGs
[2024-08-16T06:50:45.093+0000] {logging_mixin.py:190} INFO - [2024-08-16T06:50:45.093+0000] {dag.py:4138} INFO - Setting next_dagrun for example_dynamic_task_mapping to 2022-03-04 00:00:00+00:00, run_after=2022-03-05 00:00:00+00:00
[2024-08-16T06:50:45.134+0000] {processor.py:208} INFO - Processing /usr/local/python/3.10.13/lib/python3.10/site-packages/airflow/example_dags/example_dynamic_task_mapping.py took 0.082 seconds
[2024-08-16T06:51:59.130+0000] {processor.py:186} INFO - Started process (PID=14774) to work on /usr/local/python/3.10.13/lib/python3.10/site-packages/airflow/example_dags/example_dynamic_task_mapping.py
[2024-08-16T06:51:59.131+0000] {processor.py:914} INFO - Processing file /usr/local/python/3.10.13/lib/python3.10/site-packages/airflow/example_dags/example_dynamic_task_mapping.py for tasks to queue
[2024-08-16T06:51:59.132+0000] {logging_mixin.py:190} INFO - [2024-08-16T06:51:59.132+0000] {dagbag.py:587} INFO - Filling up the DagBag from /usr/local/python/3.10.13/lib/python3.10/site-packages/airflow/example_dags/example_dynamic_task_mapping.py
[2024-08-16T06:51:59.139+0000] {processor.py:925} INFO - DAG(s) 'example_dynamic_task_mapping' retrieved from /usr/local/python/3.10.13/lib/python3.10/site-packages/airflow/example_dags/example_dynamic_task_mapping.py
[2024-08-16T06:51:59.150+0000] {logging_mixin.py:190} INFO - [2024-08-16T06:51:59.150+0000] {dag.py:3211} INFO - Sync 1 DAGs
[2024-08-16T06:51:59.165+0000] {logging_mixin.py:190} INFO - [2024-08-16T06:51:59.165+0000] {dag.py:4138} INFO - Setting next_dagrun for example_dynamic_task_mapping to 2022-03-04 00:00:00+00:00, run_after=2022-03-05 00:00:00+00:00
[2024-08-16T06:51:59.206+0000] {processor.py:208} INFO - Processing /usr/local/python/3.10.13/lib/python3.10/site-packages/airflow/example_dags/example_dynamic_task_mapping.py took 0.082 seconds
[2024-08-16T06:53:15.943+0000] {processor.py:186} INFO - Started process (PID=15287) to work on /usr/local/python/3.10.13/lib/python3.10/site-packages/airflow/example_dags/example_dynamic_task_mapping.py
[2024-08-16T06:53:15.944+0000] {processor.py:914} INFO - Processing file /usr/local/python/3.10.13/lib/python3.10/site-packages/airflow/example_dags/example_dynamic_task_mapping.py for tasks to queue
[2024-08-16T06:53:15.946+0000] {logging_mixin.py:190} INFO - [2024-08-16T06:53:15.945+0000] {dagbag.py:587} INFO - Filling up the DagBag from /usr/local/python/3.10.13/lib/python3.10/site-packages/airflow/example_dags/example_dynamic_task_mapping.py
[2024-08-16T06:53:15.952+0000] {processor.py:925} INFO - DAG(s) 'example_dynamic_task_mapping' retrieved from /usr/local/python/3.10.13/lib/python3.10/site-packages/airflow/example_dags/example_dynamic_task_mapping.py
[2024-08-16T06:53:15.963+0000] {logging_mixin.py:190} INFO - [2024-08-16T06:53:15.963+0000] {dag.py:3211} INFO - Sync 1 DAGs
[2024-08-16T06:53:15.978+0000] {logging_mixin.py:190} INFO - [2024-08-16T06:53:15.978+0000] {dag.py:4138} INFO - Setting next_dagrun for example_dynamic_task_mapping to 2022-03-04 00:00:00+00:00, run_after=2022-03-05 00:00:00+00:00
[2024-08-16T06:53:16.018+0000] {processor.py:208} INFO - Processing /usr/local/python/3.10.13/lib/python3.10/site-packages/airflow/example_dags/example_dynamic_task_mapping.py took 0.079 seconds
[2024-08-16T06:54:37.173+0000] {processor.py:186} INFO - Started process (PID=15850) to work on /usr/local/python/3.10.13/lib/python3.10/site-packages/airflow/example_dags/example_dynamic_task_mapping.py
[2024-08-16T06:54:37.174+0000] {processor.py:914} INFO - Processing file /usr/local/python/3.10.13/lib/python3.10/site-packages/airflow/example_dags/example_dynamic_task_mapping.py for tasks to queue
[2024-08-16T06:54:37.175+0000] {logging_mixin.py:190} INFO - [2024-08-16T06:54:37.175+0000] {dagbag.py:587} INFO - Filling up the DagBag from /usr/local/python/3.10.13/lib/python3.10/site-packages/airflow/example_dags/example_dynamic_task_mapping.py
[2024-08-16T06:54:37.182+0000] {processor.py:925} INFO - DAG(s) 'example_dynamic_task_mapping' retrieved from /usr/local/python/3.10.13/lib/python3.10/site-packages/airflow/example_dags/example_dynamic_task_mapping.py
[2024-08-16T06:54:37.194+0000] {logging_mixin.py:190} INFO - [2024-08-16T06:54:37.194+0000] {dag.py:3211} INFO - Sync 1 DAGs
[2024-08-16T06:54:37.209+0000] {logging_mixin.py:190} INFO - [2024-08-16T06:54:37.209+0000] {dag.py:4138} INFO - Setting next_dagrun for example_dynamic_task_mapping to 2022-03-04 00:00:00+00:00, run_after=2022-03-05 00:00:00+00:00
[2024-08-16T06:54:37.253+0000] {processor.py:208} INFO - Processing /usr/local/python/3.10.13/lib/python3.10/site-packages/airflow/example_dags/example_dynamic_task_mapping.py took 0.085 seconds
[2024-08-16T06:56:03.208+0000] {processor.py:186} INFO - Started process (PID=16448) to work on /usr/local/python/3.10.13/lib/python3.10/site-packages/airflow/example_dags/example_dynamic_task_mapping.py
[2024-08-16T06:56:03.209+0000] {processor.py:914} INFO - Processing file /usr/local/python/3.10.13/lib/python3.10/site-packages/airflow/example_dags/example_dynamic_task_mapping.py for tasks to queue
[2024-08-16T06:56:03.210+0000] {logging_mixin.py:190} INFO - [2024-08-16T06:56:03.210+0000] {dagbag.py:587} INFO - Filling up the DagBag from /usr/local/python/3.10.13/lib/python3.10/site-packages/airflow/example_dags/example_dynamic_task_mapping.py
[2024-08-16T06:56:03.219+0000] {processor.py:925} INFO - DAG(s) 'example_dynamic_task_mapping' retrieved from /usr/local/python/3.10.13/lib/python3.10/site-packages/airflow/example_dags/example_dynamic_task_mapping.py
[2024-08-16T06:56:03.230+0000] {logging_mixin.py:190} INFO - [2024-08-16T06:56:03.230+0000] {dag.py:3211} INFO - Sync 1 DAGs
[2024-08-16T06:56:03.246+0000] {logging_mixin.py:190} INFO - [2024-08-16T06:56:03.246+0000] {dag.py:4138} INFO - Setting next_dagrun for example_dynamic_task_mapping to 2022-03-04 00:00:00+00:00, run_after=2022-03-05 00:00:00+00:00
[2024-08-16T06:56:03.286+0000] {processor.py:208} INFO - Processing /usr/local/python/3.10.13/lib/python3.10/site-packages/airflow/example_dags/example_dynamic_task_mapping.py took 0.083 seconds
[2024-08-16T06:57:01.666+0000] {processor.py:186} INFO - Started process (PID=16830) to work on /usr/local/python/3.10.13/lib/python3.10/site-packages/airflow/example_dags/example_dynamic_task_mapping.py
[2024-08-16T06:57:01.667+0000] {processor.py:914} INFO - Processing file /usr/local/python/3.10.13/lib/python3.10/site-packages/airflow/example_dags/example_dynamic_task_mapping.py for tasks to queue
[2024-08-16T06:57:01.669+0000] {logging_mixin.py:190} INFO - [2024-08-16T06:57:01.668+0000] {dagbag.py:587} INFO - Filling up the DagBag from /usr/local/python/3.10.13/lib/python3.10/site-packages/airflow/example_dags/example_dynamic_task_mapping.py
[2024-08-16T06:57:01.675+0000] {processor.py:925} INFO - DAG(s) 'example_dynamic_task_mapping' retrieved from /usr/local/python/3.10.13/lib/python3.10/site-packages/airflow/example_dags/example_dynamic_task_mapping.py
[2024-08-16T06:57:01.687+0000] {logging_mixin.py:190} INFO - [2024-08-16T06:57:01.687+0000] {dag.py:3211} INFO - Sync 1 DAGs
[2024-08-16T06:57:01.702+0000] {logging_mixin.py:190} INFO - [2024-08-16T06:57:01.702+0000] {dag.py:4138} INFO - Setting next_dagrun for example_dynamic_task_mapping to 2022-03-04 00:00:00+00:00, run_after=2022-03-05 00:00:00+00:00
[2024-08-16T06:57:01.743+0000] {processor.py:208} INFO - Processing /usr/local/python/3.10.13/lib/python3.10/site-packages/airflow/example_dags/example_dynamic_task_mapping.py took 0.081 seconds
[2024-08-16T06:58:21.813+0000] {processor.py:186} INFO - Started process (PID=17382) to work on /usr/local/python/3.10.13/lib/python3.10/site-packages/airflow/example_dags/example_dynamic_task_mapping.py
[2024-08-16T06:58:21.814+0000] {processor.py:914} INFO - Processing file /usr/local/python/3.10.13/lib/python3.10/site-packages/airflow/example_dags/example_dynamic_task_mapping.py for tasks to queue
[2024-08-16T06:58:21.815+0000] {logging_mixin.py:190} INFO - [2024-08-16T06:58:21.815+0000] {dagbag.py:587} INFO - Filling up the DagBag from /usr/local/python/3.10.13/lib/python3.10/site-packages/airflow/example_dags/example_dynamic_task_mapping.py
[2024-08-16T06:58:21.822+0000] {processor.py:925} INFO - DAG(s) 'example_dynamic_task_mapping' retrieved from /usr/local/python/3.10.13/lib/python3.10/site-packages/airflow/example_dags/example_dynamic_task_mapping.py
[2024-08-16T06:58:21.833+0000] {logging_mixin.py:190} INFO - [2024-08-16T06:58:21.833+0000] {dag.py:3211} INFO - Sync 1 DAGs
[2024-08-16T06:58:21.848+0000] {logging_mixin.py:190} INFO - [2024-08-16T06:58:21.848+0000] {dag.py:4138} INFO - Setting next_dagrun for example_dynamic_task_mapping to 2022-03-04 00:00:00+00:00, run_after=2022-03-05 00:00:00+00:00
[2024-08-16T06:58:21.887+0000] {processor.py:208} INFO - Processing /usr/local/python/3.10.13/lib/python3.10/site-packages/airflow/example_dags/example_dynamic_task_mapping.py took 0.079 seconds
[2024-08-16T06:59:40.066+0000] {processor.py:186} INFO - Started process (PID=18076) to work on /usr/local/python/3.10.13/lib/python3.10/site-packages/airflow/example_dags/example_dynamic_task_mapping.py
[2024-08-16T06:59:40.067+0000] {processor.py:914} INFO - Processing file /usr/local/python/3.10.13/lib/python3.10/site-packages/airflow/example_dags/example_dynamic_task_mapping.py for tasks to queue
[2024-08-16T06:59:40.068+0000] {logging_mixin.py:190} INFO - [2024-08-16T06:59:40.068+0000] {dagbag.py:587} INFO - Filling up the DagBag from /usr/local/python/3.10.13/lib/python3.10/site-packages/airflow/example_dags/example_dynamic_task_mapping.py
[2024-08-16T06:59:40.075+0000] {processor.py:925} INFO - DAG(s) 'example_dynamic_task_mapping' retrieved from /usr/local/python/3.10.13/lib/python3.10/site-packages/airflow/example_dags/example_dynamic_task_mapping.py
[2024-08-16T06:59:40.088+0000] {logging_mixin.py:190} INFO - [2024-08-16T06:59:40.088+0000] {dag.py:3211} INFO - Sync 1 DAGs
[2024-08-16T06:59:40.112+0000] {logging_mixin.py:190} INFO - [2024-08-16T06:59:40.112+0000] {dag.py:4138} INFO - Setting next_dagrun for example_dynamic_task_mapping to 2022-03-04 00:00:00+00:00, run_after=2022-03-05 00:00:00+00:00
[2024-08-16T06:59:40.154+0000] {processor.py:208} INFO - Processing /usr/local/python/3.10.13/lib/python3.10/site-packages/airflow/example_dags/example_dynamic_task_mapping.py took 0.092 seconds
[2024-08-16T07:00:59.323+0000] {processor.py:186} INFO - Started process (PID=18738) to work on /usr/local/python/3.10.13/lib/python3.10/site-packages/airflow/example_dags/example_dynamic_task_mapping.py
[2024-08-16T07:00:59.324+0000] {processor.py:914} INFO - Processing file /usr/local/python/3.10.13/lib/python3.10/site-packages/airflow/example_dags/example_dynamic_task_mapping.py for tasks to queue
[2024-08-16T07:00:59.326+0000] {logging_mixin.py:190} INFO - [2024-08-16T07:00:59.326+0000] {dagbag.py:587} INFO - Filling up the DagBag from /usr/local/python/3.10.13/lib/python3.10/site-packages/airflow/example_dags/example_dynamic_task_mapping.py
[2024-08-16T07:00:59.336+0000] {processor.py:925} INFO - DAG(s) 'example_dynamic_task_mapping' retrieved from /usr/local/python/3.10.13/lib/python3.10/site-packages/airflow/example_dags/example_dynamic_task_mapping.py
[2024-08-16T07:00:59.353+0000] {logging_mixin.py:190} INFO - [2024-08-16T07:00:59.353+0000] {dag.py:3211} INFO - Sync 1 DAGs
[2024-08-16T07:00:59.377+0000] {logging_mixin.py:190} INFO - [2024-08-16T07:00:59.377+0000] {dag.py:4138} INFO - Setting next_dagrun for example_dynamic_task_mapping to 2022-03-04 00:00:00+00:00, run_after=2022-03-05 00:00:00+00:00
[2024-08-16T07:00:59.424+0000] {processor.py:208} INFO - Processing /usr/local/python/3.10.13/lib/python3.10/site-packages/airflow/example_dags/example_dynamic_task_mapping.py took 0.108 seconds
[2024-08-16T07:02:18.566+0000] {processor.py:186} INFO - Started process (PID=19289) to work on /usr/local/python/3.10.13/lib/python3.10/site-packages/airflow/example_dags/example_dynamic_task_mapping.py
[2024-08-16T07:02:18.567+0000] {processor.py:914} INFO - Processing file /usr/local/python/3.10.13/lib/python3.10/site-packages/airflow/example_dags/example_dynamic_task_mapping.py for tasks to queue
[2024-08-16T07:02:18.570+0000] {logging_mixin.py:190} INFO - [2024-08-16T07:02:18.569+0000] {dagbag.py:587} INFO - Filling up the DagBag from /usr/local/python/3.10.13/lib/python3.10/site-packages/airflow/example_dags/example_dynamic_task_mapping.py
[2024-08-16T07:02:18.580+0000] {processor.py:925} INFO - DAG(s) 'example_dynamic_task_mapping' retrieved from /usr/local/python/3.10.13/lib/python3.10/site-packages/airflow/example_dags/example_dynamic_task_mapping.py
[2024-08-16T07:02:18.596+0000] {logging_mixin.py:190} INFO - [2024-08-16T07:02:18.596+0000] {dag.py:3211} INFO - Sync 1 DAGs
[2024-08-16T07:02:18.619+0000] {logging_mixin.py:190} INFO - [2024-08-16T07:02:18.619+0000] {dag.py:4138} INFO - Setting next_dagrun for example_dynamic_task_mapping to 2022-03-04 00:00:00+00:00, run_after=2022-03-05 00:00:00+00:00
[2024-08-16T07:02:18.662+0000] {processor.py:208} INFO - Processing /usr/local/python/3.10.13/lib/python3.10/site-packages/airflow/example_dags/example_dynamic_task_mapping.py took 0.103 seconds
