[2024-08-16T06:46:14.710+0000] {processor.py:186} INFO - Started process (PID=12305) to work on /usr/local/python/3.10.13/lib/python3.10/site-packages/airflow/example_dags/example_short_circuit_decorator.py
[2024-08-16T06:46:14.711+0000] {processor.py:914} INFO - Processing file /usr/local/python/3.10.13/lib/python3.10/site-packages/airflow/example_dags/example_short_circuit_decorator.py for tasks to queue
[2024-08-16T06:46:14.805+0000] {logging_mixin.py:190} INFO - [2024-08-16T06:46:14.805+0000] {dagbag.py:587} INFO - Filling up the DagBag from /usr/local/python/3.10.13/lib/python3.10/site-packages/airflow/example_dags/example_short_circuit_decorator.py
[2024-08-16T06:46:14.812+0000] {processor.py:925} INFO - DAG(s) 'example_short_circuit_decorator' retrieved from /usr/local/python/3.10.13/lib/python3.10/site-packages/airflow/example_dags/example_short_circuit_decorator.py
[2024-08-16T06:46:14.950+0000] {logging_mixin.py:190} INFO - [2024-08-16T06:46:14.949+0000] {override.py:1858} INFO - Created Permission View: can edit on DAG:example_short_circuit_decorator
[2024-08-16T06:46:14.982+0000] {logging_mixin.py:190} INFO - [2024-08-16T06:46:14.982+0000] {override.py:1858} INFO - Created Permission View: can read on DAG:example_short_circuit_decorator
[2024-08-16T06:46:15.012+0000] {logging_mixin.py:190} INFO - [2024-08-16T06:46:15.012+0000] {override.py:1858} INFO - Created Permission View: can delete on DAG:example_short_circuit_decorator
[2024-08-16T06:46:15.013+0000] {logging_mixin.py:190} INFO - [2024-08-16T06:46:15.013+0000] {dag.py:3211} INFO - Sync 1 DAGs
[2024-08-16T06:46:15.021+0000] {logging_mixin.py:190} INFO - [2024-08-16T06:46:15.021+0000] {dag.py:3234} INFO - Creating ORM DAG for example_short_circuit_decorator
[2024-08-16T06:46:15.029+0000] {logging_mixin.py:190} INFO - [2024-08-16T06:46:15.029+0000] {dag.py:4138} INFO - Setting next_dagrun for example_short_circuit_decorator to 2024-08-15 00:00:00+00:00, run_after=2024-08-16 00:00:00+00:00
[2024-08-16T06:46:15.076+0000] {processor.py:208} INFO - Processing /usr/local/python/3.10.13/lib/python3.10/site-packages/airflow/example_dags/example_short_circuit_decorator.py took 0.370 seconds
[2024-08-16T06:47:23.131+0000] {processor.py:186} INFO - Started process (PID=12873) to work on /usr/local/python/3.10.13/lib/python3.10/site-packages/airflow/example_dags/example_short_circuit_decorator.py
[2024-08-16T06:47:23.132+0000] {processor.py:914} INFO - Processing file /usr/local/python/3.10.13/lib/python3.10/site-packages/airflow/example_dags/example_short_circuit_decorator.py for tasks to queue
[2024-08-16T06:47:23.134+0000] {logging_mixin.py:190} INFO - [2024-08-16T06:47:23.133+0000] {dagbag.py:587} INFO - Filling up the DagBag from /usr/local/python/3.10.13/lib/python3.10/site-packages/airflow/example_dags/example_short_circuit_decorator.py
[2024-08-16T06:47:23.143+0000] {processor.py:925} INFO - DAG(s) 'example_short_circuit_decorator' retrieved from /usr/local/python/3.10.13/lib/python3.10/site-packages/airflow/example_dags/example_short_circuit_decorator.py
[2024-08-16T06:47:23.158+0000] {logging_mixin.py:190} INFO - [2024-08-16T06:47:23.158+0000] {dag.py:3211} INFO - Sync 1 DAGs
[2024-08-16T06:47:23.174+0000] {logging_mixin.py:190} INFO - [2024-08-16T06:47:23.173+0000] {dag.py:4138} INFO - Setting next_dagrun for example_short_circuit_decorator to 2024-08-15 00:00:00+00:00, run_after=2024-08-16 00:00:00+00:00
[2024-08-16T06:47:23.214+0000] {processor.py:208} INFO - Processing /usr/local/python/3.10.13/lib/python3.10/site-packages/airflow/example_dags/example_short_circuit_decorator.py took 0.088 seconds
[2024-08-16T06:48:19.488+0000] {processor.py:186} INFO - Started process (PID=13249) to work on /usr/local/python/3.10.13/lib/python3.10/site-packages/airflow/example_dags/example_short_circuit_decorator.py
[2024-08-16T06:48:19.489+0000] {processor.py:914} INFO - Processing file /usr/local/python/3.10.13/lib/python3.10/site-packages/airflow/example_dags/example_short_circuit_decorator.py for tasks to queue
[2024-08-16T06:48:19.490+0000] {logging_mixin.py:190} INFO - [2024-08-16T06:48:19.490+0000] {dagbag.py:587} INFO - Filling up the DagBag from /usr/local/python/3.10.13/lib/python3.10/site-packages/airflow/example_dags/example_short_circuit_decorator.py
[2024-08-16T06:48:19.499+0000] {processor.py:925} INFO - DAG(s) 'example_short_circuit_decorator' retrieved from /usr/local/python/3.10.13/lib/python3.10/site-packages/airflow/example_dags/example_short_circuit_decorator.py
[2024-08-16T06:48:19.514+0000] {logging_mixin.py:190} INFO - [2024-08-16T06:48:19.514+0000] {dag.py:3211} INFO - Sync 1 DAGs
[2024-08-16T06:48:19.529+0000] {logging_mixin.py:190} INFO - [2024-08-16T06:48:19.529+0000] {dag.py:4138} INFO - Setting next_dagrun for example_short_circuit_decorator to 2024-08-15 00:00:00+00:00, run_after=2024-08-16 00:00:00+00:00
[2024-08-16T06:48:19.568+0000] {processor.py:208} INFO - Processing /usr/local/python/3.10.13/lib/python3.10/site-packages/airflow/example_dags/example_short_circuit_decorator.py took 0.085 seconds
[2024-08-16T06:49:14.679+0000] {processor.py:186} INFO - Started process (PID=13634) to work on /usr/local/python/3.10.13/lib/python3.10/site-packages/airflow/example_dags/example_short_circuit_decorator.py
[2024-08-16T06:49:14.680+0000] {processor.py:914} INFO - Processing file /usr/local/python/3.10.13/lib/python3.10/site-packages/airflow/example_dags/example_short_circuit_decorator.py for tasks to queue
[2024-08-16T06:49:14.681+0000] {logging_mixin.py:190} INFO - [2024-08-16T06:49:14.681+0000] {dagbag.py:587} INFO - Filling up the DagBag from /usr/local/python/3.10.13/lib/python3.10/site-packages/airflow/example_dags/example_short_circuit_decorator.py
[2024-08-16T06:49:14.690+0000] {processor.py:925} INFO - DAG(s) 'example_short_circuit_decorator' retrieved from /usr/local/python/3.10.13/lib/python3.10/site-packages/airflow/example_dags/example_short_circuit_decorator.py
[2024-08-16T06:49:14.708+0000] {logging_mixin.py:190} INFO - [2024-08-16T06:49:14.707+0000] {dag.py:3211} INFO - Sync 1 DAGs
[2024-08-16T06:49:14.723+0000] {logging_mixin.py:190} INFO - [2024-08-16T06:49:14.723+0000] {dag.py:4138} INFO - Setting next_dagrun for example_short_circuit_decorator to 2024-08-15 00:00:00+00:00, run_after=2024-08-16 00:00:00+00:00
[2024-08-16T06:49:14.764+0000] {processor.py:208} INFO - Processing /usr/local/python/3.10.13/lib/python3.10/site-packages/airflow/example_dags/example_short_circuit_decorator.py took 0.090 seconds
[2024-08-16T06:50:06.756+0000] {processor.py:186} INFO - Started process (PID=13990) to work on /usr/local/python/3.10.13/lib/python3.10/site-packages/airflow/example_dags/example_short_circuit_decorator.py
[2024-08-16T06:50:06.757+0000] {processor.py:914} INFO - Processing file /usr/local/python/3.10.13/lib/python3.10/site-packages/airflow/example_dags/example_short_circuit_decorator.py for tasks to queue
[2024-08-16T06:50:06.760+0000] {logging_mixin.py:190} INFO - [2024-08-16T06:50:06.759+0000] {dagbag.py:587} INFO - Filling up the DagBag from /usr/local/python/3.10.13/lib/python3.10/site-packages/airflow/example_dags/example_short_circuit_decorator.py
[2024-08-16T06:50:06.773+0000] {processor.py:925} INFO - DAG(s) 'example_short_circuit_decorator' retrieved from /usr/local/python/3.10.13/lib/python3.10/site-packages/airflow/example_dags/example_short_circuit_decorator.py
[2024-08-16T06:50:06.797+0000] {logging_mixin.py:190} INFO - [2024-08-16T06:50:06.797+0000] {dag.py:3211} INFO - Sync 1 DAGs
[2024-08-16T06:50:06.822+0000] {logging_mixin.py:190} INFO - [2024-08-16T06:50:06.821+0000] {dag.py:4138} INFO - Setting next_dagrun for example_short_circuit_decorator to 2024-08-15 00:00:00+00:00, run_after=2024-08-16 00:00:00+00:00
[2024-08-16T06:50:06.869+0000] {processor.py:208} INFO - Processing /usr/local/python/3.10.13/lib/python3.10/site-packages/airflow/example_dags/example_short_circuit_decorator.py took 0.120 seconds
[2024-08-16T06:50:56.843+0000] {processor.py:186} INFO - Started process (PID=14336) to work on /usr/local/python/3.10.13/lib/python3.10/site-packages/airflow/example_dags/example_short_circuit_decorator.py
[2024-08-16T06:50:56.844+0000] {processor.py:914} INFO - Processing file /usr/local/python/3.10.13/lib/python3.10/site-packages/airflow/example_dags/example_short_circuit_decorator.py for tasks to queue
[2024-08-16T06:50:56.845+0000] {logging_mixin.py:190} INFO - [2024-08-16T06:50:56.845+0000] {dagbag.py:587} INFO - Filling up the DagBag from /usr/local/python/3.10.13/lib/python3.10/site-packages/airflow/example_dags/example_short_circuit_decorator.py
[2024-08-16T06:50:56.854+0000] {processor.py:925} INFO - DAG(s) 'example_short_circuit_decorator' retrieved from /usr/local/python/3.10.13/lib/python3.10/site-packages/airflow/example_dags/example_short_circuit_decorator.py
[2024-08-16T06:50:56.869+0000] {logging_mixin.py:190} INFO - [2024-08-16T06:50:56.869+0000] {dag.py:3211} INFO - Sync 1 DAGs
[2024-08-16T06:50:56.885+0000] {logging_mixin.py:190} INFO - [2024-08-16T06:50:56.884+0000] {dag.py:4138} INFO - Setting next_dagrun for example_short_circuit_decorator to 2024-08-15 00:00:00+00:00, run_after=2024-08-16 00:00:00+00:00
[2024-08-16T06:50:56.924+0000] {processor.py:208} INFO - Processing /usr/local/python/3.10.13/lib/python3.10/site-packages/airflow/example_dags/example_short_circuit_decorator.py took 0.086 seconds
[2024-08-16T06:51:45.368+0000] {processor.py:186} INFO - Started process (PID=14661) to work on /usr/local/python/3.10.13/lib/python3.10/site-packages/airflow/example_dags/example_short_circuit_decorator.py
[2024-08-16T06:51:45.368+0000] {processor.py:914} INFO - Processing file /usr/local/python/3.10.13/lib/python3.10/site-packages/airflow/example_dags/example_short_circuit_decorator.py for tasks to queue
[2024-08-16T06:51:45.370+0000] {logging_mixin.py:190} INFO - [2024-08-16T06:51:45.370+0000] {dagbag.py:587} INFO - Filling up the DagBag from /usr/local/python/3.10.13/lib/python3.10/site-packages/airflow/example_dags/example_short_circuit_decorator.py
[2024-08-16T06:51:45.378+0000] {processor.py:925} INFO - DAG(s) 'example_short_circuit_decorator' retrieved from /usr/local/python/3.10.13/lib/python3.10/site-packages/airflow/example_dags/example_short_circuit_decorator.py
[2024-08-16T06:51:45.393+0000] {logging_mixin.py:190} INFO - [2024-08-16T06:51:45.393+0000] {dag.py:3211} INFO - Sync 1 DAGs
[2024-08-16T06:51:45.409+0000] {logging_mixin.py:190} INFO - [2024-08-16T06:51:45.409+0000] {dag.py:4138} INFO - Setting next_dagrun for example_short_circuit_decorator to 2024-08-15 00:00:00+00:00, run_after=2024-08-16 00:00:00+00:00
[2024-08-16T06:51:45.448+0000] {processor.py:208} INFO - Processing /usr/local/python/3.10.13/lib/python3.10/site-packages/airflow/example_dags/example_short_circuit_decorator.py took 0.085 seconds
[2024-08-16T06:52:35.471+0000] {processor.py:186} INFO - Started process (PID=15006) to work on /usr/local/python/3.10.13/lib/python3.10/site-packages/airflow/example_dags/example_short_circuit_decorator.py
[2024-08-16T06:52:35.472+0000] {processor.py:914} INFO - Processing file /usr/local/python/3.10.13/lib/python3.10/site-packages/airflow/example_dags/example_short_circuit_decorator.py for tasks to queue
[2024-08-16T06:52:35.473+0000] {logging_mixin.py:190} INFO - [2024-08-16T06:52:35.473+0000] {dagbag.py:587} INFO - Filling up the DagBag from /usr/local/python/3.10.13/lib/python3.10/site-packages/airflow/example_dags/example_short_circuit_decorator.py
[2024-08-16T06:52:35.482+0000] {processor.py:925} INFO - DAG(s) 'example_short_circuit_decorator' retrieved from /usr/local/python/3.10.13/lib/python3.10/site-packages/airflow/example_dags/example_short_circuit_decorator.py
[2024-08-16T06:52:35.497+0000] {logging_mixin.py:190} INFO - [2024-08-16T06:52:35.497+0000] {dag.py:3211} INFO - Sync 1 DAGs
[2024-08-16T06:52:35.512+0000] {logging_mixin.py:190} INFO - [2024-08-16T06:52:35.512+0000] {dag.py:4138} INFO - Setting next_dagrun for example_short_circuit_decorator to 2024-08-15 00:00:00+00:00, run_after=2024-08-16 00:00:00+00:00
[2024-08-16T06:52:35.552+0000] {processor.py:208} INFO - Processing /usr/local/python/3.10.13/lib/python3.10/site-packages/airflow/example_dags/example_short_circuit_decorator.py took 0.085 seconds
[2024-08-16T06:53:29.750+0000] {processor.py:186} INFO - Started process (PID=15392) to work on /usr/local/python/3.10.13/lib/python3.10/site-packages/airflow/example_dags/example_short_circuit_decorator.py
[2024-08-16T06:53:29.751+0000] {processor.py:914} INFO - Processing file /usr/local/python/3.10.13/lib/python3.10/site-packages/airflow/example_dags/example_short_circuit_decorator.py for tasks to queue
[2024-08-16T06:53:29.753+0000] {logging_mixin.py:190} INFO - [2024-08-16T06:53:29.753+0000] {dagbag.py:587} INFO - Filling up the DagBag from /usr/local/python/3.10.13/lib/python3.10/site-packages/airflow/example_dags/example_short_circuit_decorator.py
[2024-08-16T06:53:29.778+0000] {processor.py:925} INFO - DAG(s) 'example_short_circuit_decorator' retrieved from /usr/local/python/3.10.13/lib/python3.10/site-packages/airflow/example_dags/example_short_circuit_decorator.py
[2024-08-16T06:53:29.802+0000] {logging_mixin.py:190} INFO - [2024-08-16T06:53:29.802+0000] {dag.py:3211} INFO - Sync 1 DAGs
[2024-08-16T06:53:29.826+0000] {logging_mixin.py:190} INFO - [2024-08-16T06:53:29.825+0000] {dag.py:4138} INFO - Setting next_dagrun for example_short_circuit_decorator to 2024-08-15 00:00:00+00:00, run_after=2024-08-16 00:00:00+00:00
[2024-08-16T06:53:29.872+0000] {processor.py:208} INFO - Processing /usr/local/python/3.10.13/lib/python3.10/site-packages/airflow/example_dags/example_short_circuit_decorator.py took 0.129 seconds
[2024-08-16T06:54:23.362+0000] {processor.py:186} INFO - Started process (PID=15756) to work on /usr/local/python/3.10.13/lib/python3.10/site-packages/airflow/example_dags/example_short_circuit_decorator.py
[2024-08-16T06:54:23.363+0000] {processor.py:914} INFO - Processing file /usr/local/python/3.10.13/lib/python3.10/site-packages/airflow/example_dags/example_short_circuit_decorator.py for tasks to queue
[2024-08-16T06:54:23.365+0000] {logging_mixin.py:190} INFO - [2024-08-16T06:54:23.365+0000] {dagbag.py:587} INFO - Filling up the DagBag from /usr/local/python/3.10.13/lib/python3.10/site-packages/airflow/example_dags/example_short_circuit_decorator.py
[2024-08-16T06:54:23.379+0000] {processor.py:925} INFO - DAG(s) 'example_short_circuit_decorator' retrieved from /usr/local/python/3.10.13/lib/python3.10/site-packages/airflow/example_dags/example_short_circuit_decorator.py
[2024-08-16T06:54:23.419+0000] {logging_mixin.py:190} INFO - [2024-08-16T06:54:23.419+0000] {dag.py:3211} INFO - Sync 1 DAGs
[2024-08-16T06:54:23.469+0000] {logging_mixin.py:190} INFO - [2024-08-16T06:54:23.468+0000] {dag.py:4138} INFO - Setting next_dagrun for example_short_circuit_decorator to 2024-08-15 00:00:00+00:00, run_after=2024-08-16 00:00:00+00:00
[2024-08-16T06:54:23.522+0000] {processor.py:208} INFO - Processing /usr/local/python/3.10.13/lib/python3.10/site-packages/airflow/example_dags/example_short_circuit_decorator.py took 0.167 seconds
[2024-08-16T06:55:17.620+0000] {processor.py:186} INFO - Started process (PID=16126) to work on /usr/local/python/3.10.13/lib/python3.10/site-packages/airflow/example_dags/example_short_circuit_decorator.py
[2024-08-16T06:55:17.621+0000] {processor.py:914} INFO - Processing file /usr/local/python/3.10.13/lib/python3.10/site-packages/airflow/example_dags/example_short_circuit_decorator.py for tasks to queue
[2024-08-16T06:55:17.622+0000] {logging_mixin.py:190} INFO - [2024-08-16T06:55:17.622+0000] {dagbag.py:587} INFO - Filling up the DagBag from /usr/local/python/3.10.13/lib/python3.10/site-packages/airflow/example_dags/example_short_circuit_decorator.py
[2024-08-16T06:55:17.631+0000] {processor.py:925} INFO - DAG(s) 'example_short_circuit_decorator' retrieved from /usr/local/python/3.10.13/lib/python3.10/site-packages/airflow/example_dags/example_short_circuit_decorator.py
[2024-08-16T06:55:17.646+0000] {logging_mixin.py:190} INFO - [2024-08-16T06:55:17.646+0000] {dag.py:3211} INFO - Sync 1 DAGs
[2024-08-16T06:55:17.662+0000] {logging_mixin.py:190} INFO - [2024-08-16T06:55:17.661+0000] {dag.py:4138} INFO - Setting next_dagrun for example_short_circuit_decorator to 2024-08-15 00:00:00+00:00, run_after=2024-08-16 00:00:00+00:00
[2024-08-16T06:55:17.702+0000] {processor.py:208} INFO - Processing /usr/local/python/3.10.13/lib/python3.10/site-packages/airflow/example_dags/example_short_circuit_decorator.py took 0.086 seconds
[2024-08-16T06:56:17.400+0000] {processor.py:186} INFO - Started process (PID=16534) to work on /usr/local/python/3.10.13/lib/python3.10/site-packages/airflow/example_dags/example_short_circuit_decorator.py
[2024-08-16T06:56:17.401+0000] {processor.py:914} INFO - Processing file /usr/local/python/3.10.13/lib/python3.10/site-packages/airflow/example_dags/example_short_circuit_decorator.py for tasks to queue
[2024-08-16T06:56:17.403+0000] {logging_mixin.py:190} INFO - [2024-08-16T06:56:17.403+0000] {dagbag.py:587} INFO - Filling up the DagBag from /usr/local/python/3.10.13/lib/python3.10/site-packages/airflow/example_dags/example_short_circuit_decorator.py
[2024-08-16T06:56:17.418+0000] {processor.py:925} INFO - DAG(s) 'example_short_circuit_decorator' retrieved from /usr/local/python/3.10.13/lib/python3.10/site-packages/airflow/example_dags/example_short_circuit_decorator.py
[2024-08-16T06:56:17.442+0000] {logging_mixin.py:190} INFO - [2024-08-16T06:56:17.441+0000] {dag.py:3211} INFO - Sync 1 DAGs
[2024-08-16T06:56:17.466+0000] {logging_mixin.py:190} INFO - [2024-08-16T06:56:17.466+0000] {dag.py:4138} INFO - Setting next_dagrun for example_short_circuit_decorator to 2024-08-15 00:00:00+00:00, run_after=2024-08-16 00:00:00+00:00
[2024-08-16T06:56:17.514+0000] {processor.py:208} INFO - Processing /usr/local/python/3.10.13/lib/python3.10/site-packages/airflow/example_dags/example_short_circuit_decorator.py took 0.121 seconds
[2024-08-16T06:57:14.087+0000] {processor.py:186} INFO - Started process (PID=16934) to work on /usr/local/python/3.10.13/lib/python3.10/site-packages/airflow/example_dags/example_short_circuit_decorator.py
[2024-08-16T06:57:14.088+0000] {processor.py:914} INFO - Processing file /usr/local/python/3.10.13/lib/python3.10/site-packages/airflow/example_dags/example_short_circuit_decorator.py for tasks to queue
[2024-08-16T06:57:14.090+0000] {logging_mixin.py:190} INFO - [2024-08-16T06:57:14.090+0000] {dagbag.py:587} INFO - Filling up the DagBag from /usr/local/python/3.10.13/lib/python3.10/site-packages/airflow/example_dags/example_short_circuit_decorator.py
[2024-08-16T06:57:14.103+0000] {processor.py:925} INFO - DAG(s) 'example_short_circuit_decorator' retrieved from /usr/local/python/3.10.13/lib/python3.10/site-packages/airflow/example_dags/example_short_circuit_decorator.py
[2024-08-16T06:57:14.126+0000] {logging_mixin.py:190} INFO - [2024-08-16T06:57:14.125+0000] {dag.py:3211} INFO - Sync 1 DAGs
[2024-08-16T06:57:14.149+0000] {logging_mixin.py:190} INFO - [2024-08-16T06:57:14.149+0000] {dag.py:4138} INFO - Setting next_dagrun for example_short_circuit_decorator to 2024-08-15 00:00:00+00:00, run_after=2024-08-16 00:00:00+00:00
[2024-08-16T06:57:14.196+0000] {processor.py:208} INFO - Processing /usr/local/python/3.10.13/lib/python3.10/site-packages/airflow/example_dags/example_short_circuit_decorator.py took 0.115 seconds
[2024-08-16T06:58:07.951+0000] {processor.py:186} INFO - Started process (PID=17295) to work on /usr/local/python/3.10.13/lib/python3.10/site-packages/airflow/example_dags/example_short_circuit_decorator.py
[2024-08-16T06:58:07.951+0000] {processor.py:914} INFO - Processing file /usr/local/python/3.10.13/lib/python3.10/site-packages/airflow/example_dags/example_short_circuit_decorator.py for tasks to queue
[2024-08-16T06:58:07.953+0000] {logging_mixin.py:190} INFO - [2024-08-16T06:58:07.953+0000] {dagbag.py:587} INFO - Filling up the DagBag from /usr/local/python/3.10.13/lib/python3.10/site-packages/airflow/example_dags/example_short_circuit_decorator.py
[2024-08-16T06:58:07.962+0000] {processor.py:925} INFO - DAG(s) 'example_short_circuit_decorator' retrieved from /usr/local/python/3.10.13/lib/python3.10/site-packages/airflow/example_dags/example_short_circuit_decorator.py
[2024-08-16T06:58:07.977+0000] {logging_mixin.py:190} INFO - [2024-08-16T06:58:07.976+0000] {dag.py:3211} INFO - Sync 1 DAGs
[2024-08-16T06:58:07.992+0000] {logging_mixin.py:190} INFO - [2024-08-16T06:58:07.992+0000] {dag.py:4138} INFO - Setting next_dagrun for example_short_circuit_decorator to 2024-08-15 00:00:00+00:00, run_after=2024-08-16 00:00:00+00:00
[2024-08-16T06:58:08.032+0000] {processor.py:208} INFO - Processing /usr/local/python/3.10.13/lib/python3.10/site-packages/airflow/example_dags/example_short_circuit_decorator.py took 0.086 seconds
[2024-08-16T06:59:00.158+0000] {processor.py:186} INFO - Started process (PID=17650) to work on /usr/local/python/3.10.13/lib/python3.10/site-packages/airflow/example_dags/example_short_circuit_decorator.py
[2024-08-16T06:59:00.159+0000] {processor.py:914} INFO - Processing file /usr/local/python/3.10.13/lib/python3.10/site-packages/airflow/example_dags/example_short_circuit_decorator.py for tasks to queue
[2024-08-16T06:59:00.161+0000] {logging_mixin.py:190} INFO - [2024-08-16T06:59:00.160+0000] {dagbag.py:587} INFO - Filling up the DagBag from /usr/local/python/3.10.13/lib/python3.10/site-packages/airflow/example_dags/example_short_circuit_decorator.py
[2024-08-16T06:59:00.169+0000] {processor.py:925} INFO - DAG(s) 'example_short_circuit_decorator' retrieved from /usr/local/python/3.10.13/lib/python3.10/site-packages/airflow/example_dags/example_short_circuit_decorator.py
[2024-08-16T06:59:00.184+0000] {logging_mixin.py:190} INFO - [2024-08-16T06:59:00.184+0000] {dag.py:3211} INFO - Sync 1 DAGs
[2024-08-16T06:59:00.200+0000] {logging_mixin.py:190} INFO - [2024-08-16T06:59:00.200+0000] {dag.py:4138} INFO - Setting next_dagrun for example_short_circuit_decorator to 2024-08-15 00:00:00+00:00, run_after=2024-08-16 00:00:00+00:00
[2024-08-16T06:59:00.242+0000] {processor.py:208} INFO - Processing /usr/local/python/3.10.13/lib/python3.10/site-packages/airflow/example_dags/example_short_circuit_decorator.py took 0.089 seconds
[2024-08-16T06:59:52.339+0000] {processor.py:186} INFO - Started process (PID=18172) to work on /usr/local/python/3.10.13/lib/python3.10/site-packages/airflow/example_dags/example_short_circuit_decorator.py
[2024-08-16T06:59:52.340+0000] {processor.py:914} INFO - Processing file /usr/local/python/3.10.13/lib/python3.10/site-packages/airflow/example_dags/example_short_circuit_decorator.py for tasks to queue
[2024-08-16T06:59:52.342+0000] {logging_mixin.py:190} INFO - [2024-08-16T06:59:52.341+0000] {dagbag.py:587} INFO - Filling up the DagBag from /usr/local/python/3.10.13/lib/python3.10/site-packages/airflow/example_dags/example_short_circuit_decorator.py
[2024-08-16T06:59:52.350+0000] {processor.py:925} INFO - DAG(s) 'example_short_circuit_decorator' retrieved from /usr/local/python/3.10.13/lib/python3.10/site-packages/airflow/example_dags/example_short_circuit_decorator.py
[2024-08-16T06:59:52.365+0000] {logging_mixin.py:190} INFO - [2024-08-16T06:59:52.365+0000] {dag.py:3211} INFO - Sync 1 DAGs
[2024-08-16T06:59:52.382+0000] {logging_mixin.py:190} INFO - [2024-08-16T06:59:52.382+0000] {dag.py:4138} INFO - Setting next_dagrun for example_short_circuit_decorator to 2024-08-15 00:00:00+00:00, run_after=2024-08-16 00:00:00+00:00
[2024-08-16T06:59:52.426+0000] {processor.py:208} INFO - Processing /usr/local/python/3.10.13/lib/python3.10/site-packages/airflow/example_dags/example_short_circuit_decorator.py took 0.091 seconds
[2024-08-16T07:00:44.675+0000] {processor.py:186} INFO - Started process (PID=18628) to work on /usr/local/python/3.10.13/lib/python3.10/site-packages/airflow/example_dags/example_short_circuit_decorator.py
[2024-08-16T07:00:44.676+0000] {processor.py:914} INFO - Processing file /usr/local/python/3.10.13/lib/python3.10/site-packages/airflow/example_dags/example_short_circuit_decorator.py for tasks to queue
[2024-08-16T07:00:44.677+0000] {logging_mixin.py:190} INFO - [2024-08-16T07:00:44.677+0000] {dagbag.py:587} INFO - Filling up the DagBag from /usr/local/python/3.10.13/lib/python3.10/site-packages/airflow/example_dags/example_short_circuit_decorator.py
[2024-08-16T07:00:44.686+0000] {processor.py:925} INFO - DAG(s) 'example_short_circuit_decorator' retrieved from /usr/local/python/3.10.13/lib/python3.10/site-packages/airflow/example_dags/example_short_circuit_decorator.py
[2024-08-16T07:00:44.702+0000] {logging_mixin.py:190} INFO - [2024-08-16T07:00:44.701+0000] {dag.py:3211} INFO - Sync 1 DAGs
[2024-08-16T07:00:44.717+0000] {logging_mixin.py:190} INFO - [2024-08-16T07:00:44.717+0000] {dag.py:4138} INFO - Setting next_dagrun for example_short_circuit_decorator to 2024-08-15 00:00:00+00:00, run_after=2024-08-16 00:00:00+00:00
[2024-08-16T07:00:44.759+0000] {processor.py:208} INFO - Processing /usr/local/python/3.10.13/lib/python3.10/site-packages/airflow/example_dags/example_short_circuit_decorator.py took 0.089 seconds
[2024-08-16T07:01:38.977+0000] {processor.py:186} INFO - Started process (PID=19014) to work on /usr/local/python/3.10.13/lib/python3.10/site-packages/airflow/example_dags/example_short_circuit_decorator.py
[2024-08-16T07:01:38.978+0000] {processor.py:914} INFO - Processing file /usr/local/python/3.10.13/lib/python3.10/site-packages/airflow/example_dags/example_short_circuit_decorator.py for tasks to queue
[2024-08-16T07:01:38.980+0000] {logging_mixin.py:190} INFO - [2024-08-16T07:01:38.979+0000] {dagbag.py:587} INFO - Filling up the DagBag from /usr/local/python/3.10.13/lib/python3.10/site-packages/airflow/example_dags/example_short_circuit_decorator.py
[2024-08-16T07:01:38.989+0000] {processor.py:925} INFO - DAG(s) 'example_short_circuit_decorator' retrieved from /usr/local/python/3.10.13/lib/python3.10/site-packages/airflow/example_dags/example_short_circuit_decorator.py
[2024-08-16T07:01:39.004+0000] {logging_mixin.py:190} INFO - [2024-08-16T07:01:39.003+0000] {dag.py:3211} INFO - Sync 1 DAGs
[2024-08-16T07:01:39.020+0000] {logging_mixin.py:190} INFO - [2024-08-16T07:01:39.019+0000] {dag.py:4138} INFO - Setting next_dagrun for example_short_circuit_decorator to 2024-08-15 00:00:00+00:00, run_after=2024-08-16 00:00:00+00:00
[2024-08-16T07:01:39.074+0000] {processor.py:208} INFO - Processing /usr/local/python/3.10.13/lib/python3.10/site-packages/airflow/example_dags/example_short_circuit_decorator.py took 0.101 seconds
[2024-08-16T07:02:31.280+0000] {processor.py:186} INFO - Started process (PID=19386) to work on /usr/local/python/3.10.13/lib/python3.10/site-packages/airflow/example_dags/example_short_circuit_decorator.py
[2024-08-16T07:02:31.280+0000] {processor.py:914} INFO - Processing file /usr/local/python/3.10.13/lib/python3.10/site-packages/airflow/example_dags/example_short_circuit_decorator.py for tasks to queue
[2024-08-16T07:02:31.282+0000] {logging_mixin.py:190} INFO - [2024-08-16T07:02:31.282+0000] {dagbag.py:587} INFO - Filling up the DagBag from /usr/local/python/3.10.13/lib/python3.10/site-packages/airflow/example_dags/example_short_circuit_decorator.py
[2024-08-16T07:02:31.290+0000] {processor.py:925} INFO - DAG(s) 'example_short_circuit_decorator' retrieved from /usr/local/python/3.10.13/lib/python3.10/site-packages/airflow/example_dags/example_short_circuit_decorator.py
[2024-08-16T07:02:31.305+0000] {logging_mixin.py:190} INFO - [2024-08-16T07:02:31.305+0000] {dag.py:3211} INFO - Sync 1 DAGs
[2024-08-16T07:02:31.321+0000] {logging_mixin.py:190} INFO - [2024-08-16T07:02:31.321+0000] {dag.py:4138} INFO - Setting next_dagrun for example_short_circuit_decorator to 2024-08-15 00:00:00+00:00, run_after=2024-08-16 00:00:00+00:00
[2024-08-16T07:02:31.364+0000] {processor.py:208} INFO - Processing /usr/local/python/3.10.13/lib/python3.10/site-packages/airflow/example_dags/example_short_circuit_decorator.py took 0.089 seconds
