[2024-08-16T06:46:50.795+0000] {processor.py:186} INFO - Started process (PID=12620) to work on /usr/local/python/3.10.13/lib/python3.10/site-packages/airflow/example_dags/example_branch_operator_decorator.py
[2024-08-16T06:46:50.796+0000] {processor.py:914} INFO - Processing file /usr/local/python/3.10.13/lib/python3.10/site-packages/airflow/example_dags/example_branch_operator_decorator.py for tasks to queue
[2024-08-16T06:46:50.797+0000] {logging_mixin.py:190} INFO - [2024-08-16T06:46:50.797+0000] {dagbag.py:587} INFO - Filling up the DagBag from /usr/local/python/3.10.13/lib/python3.10/site-packages/airflow/example_dags/example_branch_operator_decorator.py
[2024-08-16T06:46:50.817+0000] {processor.py:925} INFO - DAG(s) 'example_branch_python_operator_decorator' retrieved from /usr/local/python/3.10.13/lib/python3.10/site-packages/airflow/example_dags/example_branch_operator_decorator.py
[2024-08-16T06:46:51.022+0000] {logging_mixin.py:190} INFO - [2024-08-16T06:46:51.021+0000] {override.py:1858} INFO - Created Permission View: can edit on DAG:example_branch_python_operator_decorator
[2024-08-16T06:46:51.059+0000] {logging_mixin.py:190} INFO - [2024-08-16T06:46:51.058+0000] {override.py:1858} INFO - Created Permission View: can read on DAG:example_branch_python_operator_decorator
[2024-08-16T06:46:51.092+0000] {logging_mixin.py:190} INFO - [2024-08-16T06:46:51.092+0000] {override.py:1858} INFO - Created Permission View: can delete on DAG:example_branch_python_operator_decorator
[2024-08-16T06:46:51.092+0000] {logging_mixin.py:190} INFO - [2024-08-16T06:46:51.092+0000] {dag.py:3211} INFO - Sync 1 DAGs
[2024-08-16T06:46:51.108+0000] {logging_mixin.py:190} INFO - [2024-08-16T06:46:51.107+0000] {dag.py:3234} INFO - Creating ORM DAG for example_branch_python_operator_decorator
[2024-08-16T06:46:51.120+0000] {logging_mixin.py:190} INFO - [2024-08-16T06:46:51.119+0000] {dag.py:4138} INFO - Setting next_dagrun for example_branch_python_operator_decorator to 2024-08-15 00:00:00+00:00, run_after=2024-08-16 00:00:00+00:00
[2024-08-16T06:46:51.175+0000] {processor.py:208} INFO - Processing /usr/local/python/3.10.13/lib/python3.10/site-packages/airflow/example_dags/example_branch_operator_decorator.py took 0.384 seconds
[2024-08-16T06:47:54.482+0000] {processor.py:186} INFO - Started process (PID=13091) to work on /usr/local/python/3.10.13/lib/python3.10/site-packages/airflow/example_dags/example_branch_operator_decorator.py
[2024-08-16T06:47:54.483+0000] {processor.py:914} INFO - Processing file /usr/local/python/3.10.13/lib/python3.10/site-packages/airflow/example_dags/example_branch_operator_decorator.py for tasks to queue
[2024-08-16T06:47:54.485+0000] {logging_mixin.py:190} INFO - [2024-08-16T06:47:54.484+0000] {dagbag.py:587} INFO - Filling up the DagBag from /usr/local/python/3.10.13/lib/python3.10/site-packages/airflow/example_dags/example_branch_operator_decorator.py
[2024-08-16T06:47:54.504+0000] {processor.py:925} INFO - DAG(s) 'example_branch_python_operator_decorator' retrieved from /usr/local/python/3.10.13/lib/python3.10/site-packages/airflow/example_dags/example_branch_operator_decorator.py
[2024-08-16T06:47:54.525+0000] {logging_mixin.py:190} INFO - [2024-08-16T06:47:54.525+0000] {dag.py:3211} INFO - Sync 1 DAGs
[2024-08-16T06:47:54.542+0000] {logging_mixin.py:190} INFO - [2024-08-16T06:47:54.542+0000] {dag.py:4138} INFO - Setting next_dagrun for example_branch_python_operator_decorator to 2024-08-15 00:00:00+00:00, run_after=2024-08-16 00:00:00+00:00
[2024-08-16T06:47:54.585+0000] {processor.py:208} INFO - Processing /usr/local/python/3.10.13/lib/python3.10/site-packages/airflow/example_dags/example_branch_operator_decorator.py took 0.108 seconds
[2024-08-16T06:48:51.532+0000] {processor.py:186} INFO - Started process (PID=13464) to work on /usr/local/python/3.10.13/lib/python3.10/site-packages/airflow/example_dags/example_branch_operator_decorator.py
[2024-08-16T06:48:51.533+0000] {processor.py:914} INFO - Processing file /usr/local/python/3.10.13/lib/python3.10/site-packages/airflow/example_dags/example_branch_operator_decorator.py for tasks to queue
[2024-08-16T06:48:51.534+0000] {logging_mixin.py:190} INFO - [2024-08-16T06:48:51.534+0000] {dagbag.py:587} INFO - Filling up the DagBag from /usr/local/python/3.10.13/lib/python3.10/site-packages/airflow/example_dags/example_branch_operator_decorator.py
[2024-08-16T06:48:51.554+0000] {processor.py:925} INFO - DAG(s) 'example_branch_python_operator_decorator' retrieved from /usr/local/python/3.10.13/lib/python3.10/site-packages/airflow/example_dags/example_branch_operator_decorator.py
[2024-08-16T06:48:51.575+0000] {logging_mixin.py:190} INFO - [2024-08-16T06:48:51.575+0000] {dag.py:3211} INFO - Sync 1 DAGs
[2024-08-16T06:48:51.592+0000] {logging_mixin.py:190} INFO - [2024-08-16T06:48:51.592+0000] {dag.py:4138} INFO - Setting next_dagrun for example_branch_python_operator_decorator to 2024-08-15 00:00:00+00:00, run_after=2024-08-16 00:00:00+00:00
[2024-08-16T06:48:51.645+0000] {processor.py:208} INFO - Processing /usr/local/python/3.10.13/lib/python3.10/site-packages/airflow/example_dags/example_branch_operator_decorator.py took 0.118 seconds
[2024-08-16T06:49:47.690+0000] {processor.py:186} INFO - Started process (PID=13851) to work on /usr/local/python/3.10.13/lib/python3.10/site-packages/airflow/example_dags/example_branch_operator_decorator.py
[2024-08-16T06:49:47.690+0000] {processor.py:914} INFO - Processing file /usr/local/python/3.10.13/lib/python3.10/site-packages/airflow/example_dags/example_branch_operator_decorator.py for tasks to queue
[2024-08-16T06:49:47.692+0000] {logging_mixin.py:190} INFO - [2024-08-16T06:49:47.692+0000] {dagbag.py:587} INFO - Filling up the DagBag from /usr/local/python/3.10.13/lib/python3.10/site-packages/airflow/example_dags/example_branch_operator_decorator.py
[2024-08-16T06:49:47.712+0000] {processor.py:925} INFO - DAG(s) 'example_branch_python_operator_decorator' retrieved from /usr/local/python/3.10.13/lib/python3.10/site-packages/airflow/example_dags/example_branch_operator_decorator.py
[2024-08-16T06:49:47.732+0000] {logging_mixin.py:190} INFO - [2024-08-16T06:49:47.732+0000] {dag.py:3211} INFO - Sync 1 DAGs
[2024-08-16T06:49:47.750+0000] {logging_mixin.py:190} INFO - [2024-08-16T06:49:47.750+0000] {dag.py:4138} INFO - Setting next_dagrun for example_branch_python_operator_decorator to 2024-08-15 00:00:00+00:00, run_after=2024-08-16 00:00:00+00:00
[2024-08-16T06:49:47.790+0000] {processor.py:208} INFO - Processing /usr/local/python/3.10.13/lib/python3.10/site-packages/airflow/example_dags/example_branch_operator_decorator.py took 0.106 seconds
[2024-08-16T06:50:41.762+0000] {processor.py:186} INFO - Started process (PID=14220) to work on /usr/local/python/3.10.13/lib/python3.10/site-packages/airflow/example_dags/example_branch_operator_decorator.py
[2024-08-16T06:50:41.762+0000] {processor.py:914} INFO - Processing file /usr/local/python/3.10.13/lib/python3.10/site-packages/airflow/example_dags/example_branch_operator_decorator.py for tasks to queue
[2024-08-16T06:50:41.764+0000] {logging_mixin.py:190} INFO - [2024-08-16T06:50:41.764+0000] {dagbag.py:587} INFO - Filling up the DagBag from /usr/local/python/3.10.13/lib/python3.10/site-packages/airflow/example_dags/example_branch_operator_decorator.py
[2024-08-16T06:50:41.783+0000] {processor.py:925} INFO - DAG(s) 'example_branch_python_operator_decorator' retrieved from /usr/local/python/3.10.13/lib/python3.10/site-packages/airflow/example_dags/example_branch_operator_decorator.py
[2024-08-16T06:50:41.802+0000] {logging_mixin.py:190} INFO - [2024-08-16T06:50:41.802+0000] {dag.py:3211} INFO - Sync 1 DAGs
[2024-08-16T06:50:41.819+0000] {logging_mixin.py:190} INFO - [2024-08-16T06:50:41.819+0000] {dag.py:4138} INFO - Setting next_dagrun for example_branch_python_operator_decorator to 2024-08-15 00:00:00+00:00, run_after=2024-08-16 00:00:00+00:00
[2024-08-16T06:50:41.860+0000] {processor.py:208} INFO - Processing /usr/local/python/3.10.13/lib/python3.10/site-packages/airflow/example_dags/example_branch_operator_decorator.py took 0.103 seconds
[2024-08-16T06:51:55.008+0000] {processor.py:186} INFO - Started process (PID=14732) to work on /usr/local/python/3.10.13/lib/python3.10/site-packages/airflow/example_dags/example_branch_operator_decorator.py
[2024-08-16T06:51:55.009+0000] {processor.py:914} INFO - Processing file /usr/local/python/3.10.13/lib/python3.10/site-packages/airflow/example_dags/example_branch_operator_decorator.py for tasks to queue
[2024-08-16T06:51:55.011+0000] {logging_mixin.py:190} INFO - [2024-08-16T06:51:55.011+0000] {dagbag.py:587} INFO - Filling up the DagBag from /usr/local/python/3.10.13/lib/python3.10/site-packages/airflow/example_dags/example_branch_operator_decorator.py
[2024-08-16T06:51:55.041+0000] {processor.py:925} INFO - DAG(s) 'example_branch_python_operator_decorator' retrieved from /usr/local/python/3.10.13/lib/python3.10/site-packages/airflow/example_dags/example_branch_operator_decorator.py
[2024-08-16T06:51:55.084+0000] {logging_mixin.py:190} INFO - [2024-08-16T06:51:55.084+0000] {dag.py:3211} INFO - Sync 1 DAGs
[2024-08-16T06:51:55.111+0000] {logging_mixin.py:190} INFO - [2024-08-16T06:51:55.111+0000] {dag.py:4138} INFO - Setting next_dagrun for example_branch_python_operator_decorator to 2024-08-15 00:00:00+00:00, run_after=2024-08-16 00:00:00+00:00
[2024-08-16T06:51:55.159+0000] {processor.py:208} INFO - Processing /usr/local/python/3.10.13/lib/python3.10/site-packages/airflow/example_dags/example_branch_operator_decorator.py took 0.157 seconds
[2024-08-16T06:53:11.952+0000] {processor.py:186} INFO - Started process (PID=15264) to work on /usr/local/python/3.10.13/lib/python3.10/site-packages/airflow/example_dags/example_branch_operator_decorator.py
[2024-08-16T06:53:11.953+0000] {processor.py:914} INFO - Processing file /usr/local/python/3.10.13/lib/python3.10/site-packages/airflow/example_dags/example_branch_operator_decorator.py for tasks to queue
[2024-08-16T06:53:11.955+0000] {logging_mixin.py:190} INFO - [2024-08-16T06:53:11.955+0000] {dagbag.py:587} INFO - Filling up the DagBag from /usr/local/python/3.10.13/lib/python3.10/site-packages/airflow/example_dags/example_branch_operator_decorator.py
[2024-08-16T06:53:11.986+0000] {processor.py:925} INFO - DAG(s) 'example_branch_python_operator_decorator' retrieved from /usr/local/python/3.10.13/lib/python3.10/site-packages/airflow/example_dags/example_branch_operator_decorator.py
[2024-08-16T06:53:12.018+0000] {logging_mixin.py:190} INFO - [2024-08-16T06:53:12.018+0000] {dag.py:3211} INFO - Sync 1 DAGs
[2024-08-16T06:53:12.044+0000] {logging_mixin.py:190} INFO - [2024-08-16T06:53:12.044+0000] {dag.py:4138} INFO - Setting next_dagrun for example_branch_python_operator_decorator to 2024-08-15 00:00:00+00:00, run_after=2024-08-16 00:00:00+00:00
[2024-08-16T06:53:12.092+0000] {processor.py:208} INFO - Processing /usr/local/python/3.10.13/lib/python3.10/site-packages/airflow/example_dags/example_branch_operator_decorator.py took 0.146 seconds
[2024-08-16T06:54:06.637+0000] {processor.py:186} INFO - Started process (PID=15637) to work on /usr/local/python/3.10.13/lib/python3.10/site-packages/airflow/example_dags/example_branch_operator_decorator.py
[2024-08-16T06:54:06.637+0000] {processor.py:914} INFO - Processing file /usr/local/python/3.10.13/lib/python3.10/site-packages/airflow/example_dags/example_branch_operator_decorator.py for tasks to queue
[2024-08-16T06:54:06.639+0000] {logging_mixin.py:190} INFO - [2024-08-16T06:54:06.639+0000] {dagbag.py:587} INFO - Filling up the DagBag from /usr/local/python/3.10.13/lib/python3.10/site-packages/airflow/example_dags/example_branch_operator_decorator.py
[2024-08-16T06:54:06.662+0000] {processor.py:925} INFO - DAG(s) 'example_branch_python_operator_decorator' retrieved from /usr/local/python/3.10.13/lib/python3.10/site-packages/airflow/example_dags/example_branch_operator_decorator.py
[2024-08-16T06:54:06.695+0000] {logging_mixin.py:190} INFO - [2024-08-16T06:54:06.695+0000] {dag.py:3211} INFO - Sync 1 DAGs
[2024-08-16T06:54:06.721+0000] {logging_mixin.py:190} INFO - [2024-08-16T06:54:06.721+0000] {dag.py:4138} INFO - Setting next_dagrun for example_branch_python_operator_decorator to 2024-08-15 00:00:00+00:00, run_after=2024-08-16 00:00:00+00:00
[2024-08-16T06:54:06.769+0000] {processor.py:208} INFO - Processing /usr/local/python/3.10.13/lib/python3.10/site-packages/airflow/example_dags/example_branch_operator_decorator.py took 0.137 seconds
[2024-08-16T06:54:59.856+0000] {processor.py:186} INFO - Started process (PID=16001) to work on /usr/local/python/3.10.13/lib/python3.10/site-packages/airflow/example_dags/example_branch_operator_decorator.py
[2024-08-16T06:54:59.857+0000] {processor.py:914} INFO - Processing file /usr/local/python/3.10.13/lib/python3.10/site-packages/airflow/example_dags/example_branch_operator_decorator.py for tasks to queue
[2024-08-16T06:54:59.859+0000] {logging_mixin.py:190} INFO - [2024-08-16T06:54:59.858+0000] {dagbag.py:587} INFO - Filling up the DagBag from /usr/local/python/3.10.13/lib/python3.10/site-packages/airflow/example_dags/example_branch_operator_decorator.py
[2024-08-16T06:54:59.878+0000] {processor.py:925} INFO - DAG(s) 'example_branch_python_operator_decorator' retrieved from /usr/local/python/3.10.13/lib/python3.10/site-packages/airflow/example_dags/example_branch_operator_decorator.py
[2024-08-16T06:54:59.898+0000] {logging_mixin.py:190} INFO - [2024-08-16T06:54:59.898+0000] {dag.py:3211} INFO - Sync 1 DAGs
[2024-08-16T06:54:59.914+0000] {logging_mixin.py:190} INFO - [2024-08-16T06:54:59.914+0000] {dag.py:4138} INFO - Setting next_dagrun for example_branch_python_operator_decorator to 2024-08-15 00:00:00+00:00, run_after=2024-08-16 00:00:00+00:00
[2024-08-16T06:54:59.954+0000] {processor.py:208} INFO - Processing /usr/local/python/3.10.13/lib/python3.10/site-packages/airflow/example_dags/example_branch_operator_decorator.py took 0.102 seconds
[2024-08-16T06:55:56.640+0000] {processor.py:186} INFO - Started process (PID=16392) to work on /usr/local/python/3.10.13/lib/python3.10/site-packages/airflow/example_dags/example_branch_operator_decorator.py
[2024-08-16T06:55:56.641+0000] {processor.py:914} INFO - Processing file /usr/local/python/3.10.13/lib/python3.10/site-packages/airflow/example_dags/example_branch_operator_decorator.py for tasks to queue
[2024-08-16T06:55:56.644+0000] {logging_mixin.py:190} INFO - [2024-08-16T06:55:56.644+0000] {dagbag.py:587} INFO - Filling up the DagBag from /usr/local/python/3.10.13/lib/python3.10/site-packages/airflow/example_dags/example_branch_operator_decorator.py
[2024-08-16T06:55:56.676+0000] {processor.py:925} INFO - DAG(s) 'example_branch_python_operator_decorator' retrieved from /usr/local/python/3.10.13/lib/python3.10/site-packages/airflow/example_dags/example_branch_operator_decorator.py
[2024-08-16T06:55:56.708+0000] {logging_mixin.py:190} INFO - [2024-08-16T06:55:56.708+0000] {dag.py:3211} INFO - Sync 1 DAGs
[2024-08-16T06:55:56.735+0000] {logging_mixin.py:190} INFO - [2024-08-16T06:55:56.735+0000] {dag.py:4138} INFO - Setting next_dagrun for example_branch_python_operator_decorator to 2024-08-15 00:00:00+00:00, run_after=2024-08-16 00:00:00+00:00
[2024-08-16T06:55:56.782+0000] {processor.py:208} INFO - Processing /usr/local/python/3.10.13/lib/python3.10/site-packages/airflow/example_dags/example_branch_operator_decorator.py took 0.148 seconds
[2024-08-16T06:56:55.304+0000] {processor.py:186} INFO - Started process (PID=16798) to work on /usr/local/python/3.10.13/lib/python3.10/site-packages/airflow/example_dags/example_branch_operator_decorator.py
[2024-08-16T06:56:55.305+0000] {processor.py:914} INFO - Processing file /usr/local/python/3.10.13/lib/python3.10/site-packages/airflow/example_dags/example_branch_operator_decorator.py for tasks to queue
[2024-08-16T06:56:55.306+0000] {logging_mixin.py:190} INFO - [2024-08-16T06:56:55.306+0000] {dagbag.py:587} INFO - Filling up the DagBag from /usr/local/python/3.10.13/lib/python3.10/site-packages/airflow/example_dags/example_branch_operator_decorator.py
[2024-08-16T06:56:55.325+0000] {processor.py:925} INFO - DAG(s) 'example_branch_python_operator_decorator' retrieved from /usr/local/python/3.10.13/lib/python3.10/site-packages/airflow/example_dags/example_branch_operator_decorator.py
[2024-08-16T06:56:55.345+0000] {logging_mixin.py:190} INFO - [2024-08-16T06:56:55.345+0000] {dag.py:3211} INFO - Sync 1 DAGs
[2024-08-16T06:56:55.362+0000] {logging_mixin.py:190} INFO - [2024-08-16T06:56:55.362+0000] {dag.py:4138} INFO - Setting next_dagrun for example_branch_python_operator_decorator to 2024-08-15 00:00:00+00:00, run_after=2024-08-16 00:00:00+00:00
[2024-08-16T06:56:55.404+0000] {processor.py:208} INFO - Processing /usr/local/python/3.10.13/lib/python3.10/site-packages/airflow/example_dags/example_branch_operator_decorator.py took 0.105 seconds
[2024-08-16T06:57:50.056+0000] {processor.py:186} INFO - Started process (PID=17163) to work on /usr/local/python/3.10.13/lib/python3.10/site-packages/airflow/example_dags/example_branch_operator_decorator.py
[2024-08-16T06:57:50.057+0000] {processor.py:914} INFO - Processing file /usr/local/python/3.10.13/lib/python3.10/site-packages/airflow/example_dags/example_branch_operator_decorator.py for tasks to queue
[2024-08-16T06:57:50.059+0000] {logging_mixin.py:190} INFO - [2024-08-16T06:57:50.058+0000] {dagbag.py:587} INFO - Filling up the DagBag from /usr/local/python/3.10.13/lib/python3.10/site-packages/airflow/example_dags/example_branch_operator_decorator.py
[2024-08-16T06:57:50.078+0000] {processor.py:925} INFO - DAG(s) 'example_branch_python_operator_decorator' retrieved from /usr/local/python/3.10.13/lib/python3.10/site-packages/airflow/example_dags/example_branch_operator_decorator.py
[2024-08-16T06:57:50.097+0000] {logging_mixin.py:190} INFO - [2024-08-16T06:57:50.097+0000] {dag.py:3211} INFO - Sync 1 DAGs
[2024-08-16T06:57:50.114+0000] {logging_mixin.py:190} INFO - [2024-08-16T06:57:50.114+0000] {dag.py:4138} INFO - Setting next_dagrun for example_branch_python_operator_decorator to 2024-08-15 00:00:00+00:00, run_after=2024-08-16 00:00:00+00:00
[2024-08-16T06:57:50.155+0000] {processor.py:208} INFO - Processing /usr/local/python/3.10.13/lib/python3.10/site-packages/airflow/example_dags/example_branch_operator_decorator.py took 0.103 seconds
[2024-08-16T06:58:43.268+0000] {processor.py:186} INFO - Started process (PID=17525) to work on /usr/local/python/3.10.13/lib/python3.10/site-packages/airflow/example_dags/example_branch_operator_decorator.py
[2024-08-16T06:58:43.269+0000] {processor.py:914} INFO - Processing file /usr/local/python/3.10.13/lib/python3.10/site-packages/airflow/example_dags/example_branch_operator_decorator.py for tasks to queue
[2024-08-16T06:58:43.271+0000] {logging_mixin.py:190} INFO - [2024-08-16T06:58:43.270+0000] {dagbag.py:587} INFO - Filling up the DagBag from /usr/local/python/3.10.13/lib/python3.10/site-packages/airflow/example_dags/example_branch_operator_decorator.py
[2024-08-16T06:58:43.290+0000] {processor.py:925} INFO - DAG(s) 'example_branch_python_operator_decorator' retrieved from /usr/local/python/3.10.13/lib/python3.10/site-packages/airflow/example_dags/example_branch_operator_decorator.py
[2024-08-16T06:58:43.310+0000] {logging_mixin.py:190} INFO - [2024-08-16T06:58:43.310+0000] {dag.py:3211} INFO - Sync 1 DAGs
[2024-08-16T06:58:43.327+0000] {logging_mixin.py:190} INFO - [2024-08-16T06:58:43.327+0000] {dag.py:4138} INFO - Setting next_dagrun for example_branch_python_operator_decorator to 2024-08-15 00:00:00+00:00, run_after=2024-08-16 00:00:00+00:00
[2024-08-16T06:58:43.371+0000] {processor.py:208} INFO - Processing /usr/local/python/3.10.13/lib/python3.10/site-packages/airflow/example_dags/example_branch_operator_decorator.py took 0.107 seconds
[2024-08-16T06:59:34.937+0000] {processor.py:186} INFO - Started process (PID=18027) to work on /usr/local/python/3.10.13/lib/python3.10/site-packages/airflow/example_dags/example_branch_operator_decorator.py
[2024-08-16T06:59:34.938+0000] {processor.py:914} INFO - Processing file /usr/local/python/3.10.13/lib/python3.10/site-packages/airflow/example_dags/example_branch_operator_decorator.py for tasks to queue
[2024-08-16T06:59:34.940+0000] {logging_mixin.py:190} INFO - [2024-08-16T06:59:34.939+0000] {dagbag.py:587} INFO - Filling up the DagBag from /usr/local/python/3.10.13/lib/python3.10/site-packages/airflow/example_dags/example_branch_operator_decorator.py
[2024-08-16T06:59:34.970+0000] {processor.py:925} INFO - DAG(s) 'example_branch_python_operator_decorator' retrieved from /usr/local/python/3.10.13/lib/python3.10/site-packages/airflow/example_dags/example_branch_operator_decorator.py
[2024-08-16T06:59:35.004+0000] {logging_mixin.py:190} INFO - [2024-08-16T06:59:35.004+0000] {dag.py:3211} INFO - Sync 1 DAGs
[2024-08-16T06:59:35.032+0000] {logging_mixin.py:190} INFO - [2024-08-16T06:59:35.032+0000] {dag.py:4138} INFO - Setting next_dagrun for example_branch_python_operator_decorator to 2024-08-15 00:00:00+00:00, run_after=2024-08-16 00:00:00+00:00
[2024-08-16T06:59:35.082+0000] {processor.py:208} INFO - Processing /usr/local/python/3.10.13/lib/python3.10/site-packages/airflow/example_dags/example_branch_operator_decorator.py took 0.152 seconds
[2024-08-16T07:00:27.914+0000] {processor.py:186} INFO - Started process (PID=18474) to work on /usr/local/python/3.10.13/lib/python3.10/site-packages/airflow/example_dags/example_branch_operator_decorator.py
[2024-08-16T07:00:27.915+0000] {processor.py:914} INFO - Processing file /usr/local/python/3.10.13/lib/python3.10/site-packages/airflow/example_dags/example_branch_operator_decorator.py for tasks to queue
[2024-08-16T07:00:27.917+0000] {logging_mixin.py:190} INFO - [2024-08-16T07:00:27.916+0000] {dagbag.py:587} INFO - Filling up the DagBag from /usr/local/python/3.10.13/lib/python3.10/site-packages/airflow/example_dags/example_branch_operator_decorator.py
[2024-08-16T07:00:27.936+0000] {processor.py:925} INFO - DAG(s) 'example_branch_python_operator_decorator' retrieved from /usr/local/python/3.10.13/lib/python3.10/site-packages/airflow/example_dags/example_branch_operator_decorator.py
[2024-08-16T07:00:27.957+0000] {logging_mixin.py:190} INFO - [2024-08-16T07:00:27.957+0000] {dag.py:3211} INFO - Sync 1 DAGs
[2024-08-16T07:00:27.983+0000] {logging_mixin.py:190} INFO - [2024-08-16T07:00:27.983+0000] {dag.py:4138} INFO - Setting next_dagrun for example_branch_python_operator_decorator to 2024-08-15 00:00:00+00:00, run_after=2024-08-16 00:00:00+00:00
[2024-08-16T07:00:28.031+0000] {processor.py:208} INFO - Processing /usr/local/python/3.10.13/lib/python3.10/site-packages/airflow/example_dags/example_branch_operator_decorator.py took 0.121 seconds
[2024-08-16T07:01:21.320+0000] {processor.py:186} INFO - Started process (PID=18886) to work on /usr/local/python/3.10.13/lib/python3.10/site-packages/airflow/example_dags/example_branch_operator_decorator.py
[2024-08-16T07:01:21.321+0000] {processor.py:914} INFO - Processing file /usr/local/python/3.10.13/lib/python3.10/site-packages/airflow/example_dags/example_branch_operator_decorator.py for tasks to queue
[2024-08-16T07:01:21.322+0000] {logging_mixin.py:190} INFO - [2024-08-16T07:01:21.322+0000] {dagbag.py:587} INFO - Filling up the DagBag from /usr/local/python/3.10.13/lib/python3.10/site-packages/airflow/example_dags/example_branch_operator_decorator.py
[2024-08-16T07:01:21.341+0000] {processor.py:925} INFO - DAG(s) 'example_branch_python_operator_decorator' retrieved from /usr/local/python/3.10.13/lib/python3.10/site-packages/airflow/example_dags/example_branch_operator_decorator.py
[2024-08-16T07:01:21.361+0000] {logging_mixin.py:190} INFO - [2024-08-16T07:01:21.361+0000] {dag.py:3211} INFO - Sync 1 DAGs
[2024-08-16T07:01:21.378+0000] {logging_mixin.py:190} INFO - [2024-08-16T07:01:21.378+0000] {dag.py:4138} INFO - Setting next_dagrun for example_branch_python_operator_decorator to 2024-08-15 00:00:00+00:00, run_after=2024-08-16 00:00:00+00:00
[2024-08-16T07:01:21.420+0000] {processor.py:208} INFO - Processing /usr/local/python/3.10.13/lib/python3.10/site-packages/airflow/example_dags/example_branch_operator_decorator.py took 0.106 seconds
[2024-08-16T07:02:13.443+0000] {processor.py:186} INFO - Started process (PID=19260) to work on /usr/local/python/3.10.13/lib/python3.10/site-packages/airflow/example_dags/example_branch_operator_decorator.py
[2024-08-16T07:02:13.444+0000] {processor.py:914} INFO - Processing file /usr/local/python/3.10.13/lib/python3.10/site-packages/airflow/example_dags/example_branch_operator_decorator.py for tasks to queue
[2024-08-16T07:02:13.446+0000] {logging_mixin.py:190} INFO - [2024-08-16T07:02:13.445+0000] {dagbag.py:587} INFO - Filling up the DagBag from /usr/local/python/3.10.13/lib/python3.10/site-packages/airflow/example_dags/example_branch_operator_decorator.py
[2024-08-16T07:02:13.464+0000] {processor.py:925} INFO - DAG(s) 'example_branch_python_operator_decorator' retrieved from /usr/local/python/3.10.13/lib/python3.10/site-packages/airflow/example_dags/example_branch_operator_decorator.py
[2024-08-16T07:02:13.484+0000] {logging_mixin.py:190} INFO - [2024-08-16T07:02:13.484+0000] {dag.py:3211} INFO - Sync 1 DAGs
[2024-08-16T07:02:13.510+0000] {logging_mixin.py:190} INFO - [2024-08-16T07:02:13.509+0000] {dag.py:4138} INFO - Setting next_dagrun for example_branch_python_operator_decorator to 2024-08-15 00:00:00+00:00, run_after=2024-08-16 00:00:00+00:00
[2024-08-16T07:02:13.556+0000] {processor.py:208} INFO - Processing /usr/local/python/3.10.13/lib/python3.10/site-packages/airflow/example_dags/example_branch_operator_decorator.py took 0.117 seconds
