[2024-08-16T06:46:57.817+0000] {processor.py:186} INFO - Started process (PID=12687) to work on /usr/local/python/3.10.13/lib/python3.10/site-packages/airflow/example_dags/example_branch_operator.py
[2024-08-16T06:46:57.817+0000] {processor.py:914} INFO - Processing file /usr/local/python/3.10.13/lib/python3.10/site-packages/airflow/example_dags/example_branch_operator.py for tasks to queue
[2024-08-16T06:46:57.819+0000] {logging_mixin.py:190} INFO - [2024-08-16T06:46:57.819+0000] {dagbag.py:587} INFO - Filling up the DagBag from /usr/local/python/3.10.13/lib/python3.10/site-packages/airflow/example_dags/example_branch_operator.py
[2024-08-16T06:46:57.837+0000] {processor.py:925} INFO - DAG(s) 'example_branch_operator' retrieved from /usr/local/python/3.10.13/lib/python3.10/site-packages/airflow/example_dags/example_branch_operator.py
[2024-08-16T06:46:57.998+0000] {logging_mixin.py:190} INFO - [2024-08-16T06:46:57.997+0000] {override.py:1858} INFO - Created Permission View: can edit on DAG:example_branch_operator
[2024-08-16T06:46:58.032+0000] {logging_mixin.py:190} INFO - [2024-08-16T06:46:58.032+0000] {override.py:1858} INFO - Created Permission View: can read on DAG:example_branch_operator
[2024-08-16T06:46:58.065+0000] {logging_mixin.py:190} INFO - [2024-08-16T06:46:58.065+0000] {override.py:1858} INFO - Created Permission View: can delete on DAG:example_branch_operator
[2024-08-16T06:46:58.065+0000] {logging_mixin.py:190} INFO - [2024-08-16T06:46:58.065+0000] {dag.py:3211} INFO - Sync 1 DAGs
[2024-08-16T06:46:58.075+0000] {logging_mixin.py:190} INFO - [2024-08-16T06:46:58.075+0000] {dag.py:3234} INFO - Creating ORM DAG for example_branch_operator
[2024-08-16T06:46:58.083+0000] {logging_mixin.py:190} INFO - [2024-08-16T06:46:58.083+0000] {dag.py:4138} INFO - Setting next_dagrun for example_branch_operator to 2024-08-15 00:00:00+00:00, run_after=2024-08-16 00:00:00+00:00
[2024-08-16T06:46:58.133+0000] {processor.py:208} INFO - Processing /usr/local/python/3.10.13/lib/python3.10/site-packages/airflow/example_dags/example_branch_operator.py took 0.321 seconds
[2024-08-16T06:48:00.353+0000] {processor.py:186} INFO - Started process (PID=13121) to work on /usr/local/python/3.10.13/lib/python3.10/site-packages/airflow/example_dags/example_branch_operator.py
[2024-08-16T06:48:00.353+0000] {processor.py:914} INFO - Processing file /usr/local/python/3.10.13/lib/python3.10/site-packages/airflow/example_dags/example_branch_operator.py for tasks to queue
[2024-08-16T06:48:00.355+0000] {logging_mixin.py:190} INFO - [2024-08-16T06:48:00.355+0000] {dagbag.py:587} INFO - Filling up the DagBag from /usr/local/python/3.10.13/lib/python3.10/site-packages/airflow/example_dags/example_branch_operator.py
[2024-08-16T06:48:00.371+0000] {processor.py:925} INFO - DAG(s) 'example_branch_operator' retrieved from /usr/local/python/3.10.13/lib/python3.10/site-packages/airflow/example_dags/example_branch_operator.py
[2024-08-16T06:48:00.392+0000] {logging_mixin.py:190} INFO - [2024-08-16T06:48:00.392+0000] {dag.py:3211} INFO - Sync 1 DAGs
[2024-08-16T06:48:00.408+0000] {logging_mixin.py:190} INFO - [2024-08-16T06:48:00.408+0000] {dag.py:4138} INFO - Setting next_dagrun for example_branch_operator to 2024-08-15 00:00:00+00:00, run_after=2024-08-16 00:00:00+00:00
[2024-08-16T06:48:00.448+0000] {processor.py:208} INFO - Processing /usr/local/python/3.10.13/lib/python3.10/site-packages/airflow/example_dags/example_branch_operator.py took 0.100 seconds
[2024-08-16T06:48:57.056+0000] {processor.py:186} INFO - Started process (PID=13507) to work on /usr/local/python/3.10.13/lib/python3.10/site-packages/airflow/example_dags/example_branch_operator.py
[2024-08-16T06:48:57.057+0000] {processor.py:914} INFO - Processing file /usr/local/python/3.10.13/lib/python3.10/site-packages/airflow/example_dags/example_branch_operator.py for tasks to queue
[2024-08-16T06:48:57.060+0000] {logging_mixin.py:190} INFO - [2024-08-16T06:48:57.059+0000] {dagbag.py:587} INFO - Filling up the DagBag from /usr/local/python/3.10.13/lib/python3.10/site-packages/airflow/example_dags/example_branch_operator.py
[2024-08-16T06:48:57.096+0000] {processor.py:925} INFO - DAG(s) 'example_branch_operator' retrieved from /usr/local/python/3.10.13/lib/python3.10/site-packages/airflow/example_dags/example_branch_operator.py
[2024-08-16T06:48:57.131+0000] {logging_mixin.py:190} INFO - [2024-08-16T06:48:57.131+0000] {dag.py:3211} INFO - Sync 1 DAGs
[2024-08-16T06:48:57.167+0000] {logging_mixin.py:190} INFO - [2024-08-16T06:48:57.166+0000] {dag.py:4138} INFO - Setting next_dagrun for example_branch_operator to 2024-08-15 00:00:00+00:00, run_after=2024-08-16 00:00:00+00:00
[2024-08-16T06:48:57.217+0000] {processor.py:208} INFO - Processing /usr/local/python/3.10.13/lib/python3.10/site-packages/airflow/example_dags/example_branch_operator.py took 0.168 seconds
[2024-08-16T06:49:54.136+0000] {processor.py:186} INFO - Started process (PID=13887) to work on /usr/local/python/3.10.13/lib/python3.10/site-packages/airflow/example_dags/example_branch_operator.py
[2024-08-16T06:49:54.137+0000] {processor.py:914} INFO - Processing file /usr/local/python/3.10.13/lib/python3.10/site-packages/airflow/example_dags/example_branch_operator.py for tasks to queue
[2024-08-16T06:49:54.139+0000] {logging_mixin.py:190} INFO - [2024-08-16T06:49:54.139+0000] {dagbag.py:587} INFO - Filling up the DagBag from /usr/local/python/3.10.13/lib/python3.10/site-packages/airflow/example_dags/example_branch_operator.py
[2024-08-16T06:49:54.163+0000] {processor.py:925} INFO - DAG(s) 'example_branch_operator' retrieved from /usr/local/python/3.10.13/lib/python3.10/site-packages/airflow/example_dags/example_branch_operator.py
[2024-08-16T06:49:54.187+0000] {logging_mixin.py:190} INFO - [2024-08-16T06:49:54.186+0000] {dag.py:3211} INFO - Sync 1 DAGs
[2024-08-16T06:49:54.204+0000] {logging_mixin.py:190} INFO - [2024-08-16T06:49:54.204+0000] {dag.py:4138} INFO - Setting next_dagrun for example_branch_operator to 2024-08-15 00:00:00+00:00, run_after=2024-08-16 00:00:00+00:00
[2024-08-16T06:49:54.247+0000] {processor.py:208} INFO - Processing /usr/local/python/3.10.13/lib/python3.10/site-packages/airflow/example_dags/example_branch_operator.py took 0.118 seconds
[2024-08-16T06:51:09.509+0000] {processor.py:186} INFO - Started process (PID=14417) to work on /usr/local/python/3.10.13/lib/python3.10/site-packages/airflow/example_dags/example_branch_operator.py
[2024-08-16T06:51:09.510+0000] {processor.py:914} INFO - Processing file /usr/local/python/3.10.13/lib/python3.10/site-packages/airflow/example_dags/example_branch_operator.py for tasks to queue
[2024-08-16T06:51:09.512+0000] {logging_mixin.py:190} INFO - [2024-08-16T06:51:09.511+0000] {dagbag.py:587} INFO - Filling up the DagBag from /usr/local/python/3.10.13/lib/python3.10/site-packages/airflow/example_dags/example_branch_operator.py
[2024-08-16T06:51:09.528+0000] {processor.py:925} INFO - DAG(s) 'example_branch_operator' retrieved from /usr/local/python/3.10.13/lib/python3.10/site-packages/airflow/example_dags/example_branch_operator.py
[2024-08-16T06:51:09.548+0000] {logging_mixin.py:190} INFO - [2024-08-16T06:51:09.548+0000] {dag.py:3211} INFO - Sync 1 DAGs
[2024-08-16T06:51:09.564+0000] {logging_mixin.py:190} INFO - [2024-08-16T06:51:09.564+0000] {dag.py:4138} INFO - Setting next_dagrun for example_branch_operator to 2024-08-15 00:00:00+00:00, run_after=2024-08-16 00:00:00+00:00
[2024-08-16T06:51:09.606+0000] {processor.py:208} INFO - Processing /usr/local/python/3.10.13/lib/python3.10/site-packages/airflow/example_dags/example_branch_operator.py took 0.101 seconds
[2024-08-16T06:52:23.406+0000] {processor.py:186} INFO - Started process (PID=14933) to work on /usr/local/python/3.10.13/lib/python3.10/site-packages/airflow/example_dags/example_branch_operator.py
[2024-08-16T06:52:23.407+0000] {processor.py:914} INFO - Processing file /usr/local/python/3.10.13/lib/python3.10/site-packages/airflow/example_dags/example_branch_operator.py for tasks to queue
[2024-08-16T06:52:23.409+0000] {logging_mixin.py:190} INFO - [2024-08-16T06:52:23.408+0000] {dagbag.py:587} INFO - Filling up the DagBag from /usr/local/python/3.10.13/lib/python3.10/site-packages/airflow/example_dags/example_branch_operator.py
[2024-08-16T06:52:23.425+0000] {processor.py:925} INFO - DAG(s) 'example_branch_operator' retrieved from /usr/local/python/3.10.13/lib/python3.10/site-packages/airflow/example_dags/example_branch_operator.py
[2024-08-16T06:52:23.445+0000] {logging_mixin.py:190} INFO - [2024-08-16T06:52:23.445+0000] {dag.py:3211} INFO - Sync 1 DAGs
[2024-08-16T06:52:23.461+0000] {logging_mixin.py:190} INFO - [2024-08-16T06:52:23.461+0000] {dag.py:4138} INFO - Setting next_dagrun for example_branch_operator to 2024-08-15 00:00:00+00:00, run_after=2024-08-16 00:00:00+00:00
[2024-08-16T06:52:23.504+0000] {processor.py:208} INFO - Processing /usr/local/python/3.10.13/lib/python3.10/site-packages/airflow/example_dags/example_branch_operator.py took 0.103 seconds
[2024-08-16T06:53:41.789+0000] {processor.py:186} INFO - Started process (PID=15479) to work on /usr/local/python/3.10.13/lib/python3.10/site-packages/airflow/example_dags/example_branch_operator.py
[2024-08-16T06:53:41.790+0000] {processor.py:914} INFO - Processing file /usr/local/python/3.10.13/lib/python3.10/site-packages/airflow/example_dags/example_branch_operator.py for tasks to queue
[2024-08-16T06:53:41.793+0000] {logging_mixin.py:190} INFO - [2024-08-16T06:53:41.792+0000] {dagbag.py:587} INFO - Filling up the DagBag from /usr/local/python/3.10.13/lib/python3.10/site-packages/airflow/example_dags/example_branch_operator.py
[2024-08-16T06:53:41.814+0000] {processor.py:925} INFO - DAG(s) 'example_branch_operator' retrieved from /usr/local/python/3.10.13/lib/python3.10/site-packages/airflow/example_dags/example_branch_operator.py
[2024-08-16T06:53:41.834+0000] {logging_mixin.py:190} INFO - [2024-08-16T06:53:41.834+0000] {dag.py:3211} INFO - Sync 1 DAGs
[2024-08-16T06:53:41.851+0000] {logging_mixin.py:190} INFO - [2024-08-16T06:53:41.851+0000] {dag.py:4138} INFO - Setting next_dagrun for example_branch_operator to 2024-08-15 00:00:00+00:00, run_after=2024-08-16 00:00:00+00:00
[2024-08-16T06:53:41.894+0000] {processor.py:208} INFO - Processing /usr/local/python/3.10.13/lib/python3.10/site-packages/airflow/example_dags/example_branch_operator.py took 0.111 seconds
[2024-08-16T06:54:35.935+0000] {processor.py:186} INFO - Started process (PID=15843) to work on /usr/local/python/3.10.13/lib/python3.10/site-packages/airflow/example_dags/example_branch_operator.py
[2024-08-16T06:54:35.936+0000] {processor.py:914} INFO - Processing file /usr/local/python/3.10.13/lib/python3.10/site-packages/airflow/example_dags/example_branch_operator.py for tasks to queue
[2024-08-16T06:54:35.937+0000] {logging_mixin.py:190} INFO - [2024-08-16T06:54:35.937+0000] {dagbag.py:587} INFO - Filling up the DagBag from /usr/local/python/3.10.13/lib/python3.10/site-packages/airflow/example_dags/example_branch_operator.py
[2024-08-16T06:54:35.954+0000] {processor.py:925} INFO - DAG(s) 'example_branch_operator' retrieved from /usr/local/python/3.10.13/lib/python3.10/site-packages/airflow/example_dags/example_branch_operator.py
[2024-08-16T06:54:35.975+0000] {logging_mixin.py:190} INFO - [2024-08-16T06:54:35.974+0000] {dag.py:3211} INFO - Sync 1 DAGs
[2024-08-16T06:54:35.992+0000] {logging_mixin.py:190} INFO - [2024-08-16T06:54:35.991+0000] {dag.py:4138} INFO - Setting next_dagrun for example_branch_operator to 2024-08-15 00:00:00+00:00, run_after=2024-08-16 00:00:00+00:00
[2024-08-16T06:54:36.035+0000] {processor.py:208} INFO - Processing /usr/local/python/3.10.13/lib/python3.10/site-packages/airflow/example_dags/example_branch_operator.py took 0.105 seconds
[2024-08-16T06:55:31.629+0000] {processor.py:186} INFO - Started process (PID=16235) to work on /usr/local/python/3.10.13/lib/python3.10/site-packages/airflow/example_dags/example_branch_operator.py
[2024-08-16T06:55:31.630+0000] {processor.py:914} INFO - Processing file /usr/local/python/3.10.13/lib/python3.10/site-packages/airflow/example_dags/example_branch_operator.py for tasks to queue
[2024-08-16T06:55:31.632+0000] {logging_mixin.py:190} INFO - [2024-08-16T06:55:31.632+0000] {dagbag.py:587} INFO - Filling up the DagBag from /usr/local/python/3.10.13/lib/python3.10/site-packages/airflow/example_dags/example_branch_operator.py
[2024-08-16T06:55:31.659+0000] {processor.py:925} INFO - DAG(s) 'example_branch_operator' retrieved from /usr/local/python/3.10.13/lib/python3.10/site-packages/airflow/example_dags/example_branch_operator.py
[2024-08-16T06:55:31.692+0000] {logging_mixin.py:190} INFO - [2024-08-16T06:55:31.691+0000] {dag.py:3211} INFO - Sync 1 DAGs
[2024-08-16T06:55:31.716+0000] {logging_mixin.py:190} INFO - [2024-08-16T06:55:31.716+0000] {dag.py:4138} INFO - Setting next_dagrun for example_branch_operator to 2024-08-15 00:00:00+00:00, run_after=2024-08-16 00:00:00+00:00
[2024-08-16T06:55:31.768+0000] {processor.py:208} INFO - Processing /usr/local/python/3.10.13/lib/python3.10/site-packages/airflow/example_dags/example_branch_operator.py took 0.146 seconds
[2024-08-16T06:56:31.604+0000] {processor.py:186} INFO - Started process (PID=16625) to work on /usr/local/python/3.10.13/lib/python3.10/site-packages/airflow/example_dags/example_branch_operator.py
[2024-08-16T06:56:31.605+0000] {processor.py:914} INFO - Processing file /usr/local/python/3.10.13/lib/python3.10/site-packages/airflow/example_dags/example_branch_operator.py for tasks to queue
[2024-08-16T06:56:31.607+0000] {logging_mixin.py:190} INFO - [2024-08-16T06:56:31.606+0000] {dagbag.py:587} INFO - Filling up the DagBag from /usr/local/python/3.10.13/lib/python3.10/site-packages/airflow/example_dags/example_branch_operator.py
[2024-08-16T06:56:31.623+0000] {processor.py:925} INFO - DAG(s) 'example_branch_operator' retrieved from /usr/local/python/3.10.13/lib/python3.10/site-packages/airflow/example_dags/example_branch_operator.py
[2024-08-16T06:56:31.642+0000] {logging_mixin.py:190} INFO - [2024-08-16T06:56:31.642+0000] {dag.py:3211} INFO - Sync 1 DAGs
[2024-08-16T06:56:31.659+0000] {logging_mixin.py:190} INFO - [2024-08-16T06:56:31.658+0000] {dag.py:4138} INFO - Setting next_dagrun for example_branch_operator to 2024-08-15 00:00:00+00:00, run_after=2024-08-16 00:00:00+00:00
[2024-08-16T06:56:31.704+0000] {processor.py:208} INFO - Processing /usr/local/python/3.10.13/lib/python3.10/site-packages/airflow/example_dags/example_branch_operator.py took 0.105 seconds
[2024-08-16T06:57:26.379+0000] {processor.py:186} INFO - Started process (PID=17013) to work on /usr/local/python/3.10.13/lib/python3.10/site-packages/airflow/example_dags/example_branch_operator.py
[2024-08-16T06:57:26.380+0000] {processor.py:914} INFO - Processing file /usr/local/python/3.10.13/lib/python3.10/site-packages/airflow/example_dags/example_branch_operator.py for tasks to queue
[2024-08-16T06:57:26.381+0000] {logging_mixin.py:190} INFO - [2024-08-16T06:57:26.381+0000] {dagbag.py:587} INFO - Filling up the DagBag from /usr/local/python/3.10.13/lib/python3.10/site-packages/airflow/example_dags/example_branch_operator.py
[2024-08-16T06:57:26.397+0000] {processor.py:925} INFO - DAG(s) 'example_branch_operator' retrieved from /usr/local/python/3.10.13/lib/python3.10/site-packages/airflow/example_dags/example_branch_operator.py
[2024-08-16T06:57:26.418+0000] {logging_mixin.py:190} INFO - [2024-08-16T06:57:26.418+0000] {dag.py:3211} INFO - Sync 1 DAGs
[2024-08-16T06:57:26.434+0000] {logging_mixin.py:190} INFO - [2024-08-16T06:57:26.434+0000] {dag.py:4138} INFO - Setting next_dagrun for example_branch_operator to 2024-08-15 00:00:00+00:00, run_after=2024-08-16 00:00:00+00:00
[2024-08-16T06:57:26.474+0000] {processor.py:208} INFO - Processing /usr/local/python/3.10.13/lib/python3.10/site-packages/airflow/example_dags/example_branch_operator.py took 0.099 seconds
[2024-08-16T06:58:45.787+0000] {processor.py:186} INFO - Started process (PID=17563) to work on /usr/local/python/3.10.13/lib/python3.10/site-packages/airflow/example_dags/example_branch_operator.py
[2024-08-16T06:58:45.788+0000] {processor.py:914} INFO - Processing file /usr/local/python/3.10.13/lib/python3.10/site-packages/airflow/example_dags/example_branch_operator.py for tasks to queue
[2024-08-16T06:58:45.790+0000] {logging_mixin.py:190} INFO - [2024-08-16T06:58:45.790+0000] {dagbag.py:587} INFO - Filling up the DagBag from /usr/local/python/3.10.13/lib/python3.10/site-packages/airflow/example_dags/example_branch_operator.py
[2024-08-16T06:58:45.816+0000] {processor.py:925} INFO - DAG(s) 'example_branch_operator' retrieved from /usr/local/python/3.10.13/lib/python3.10/site-packages/airflow/example_dags/example_branch_operator.py
[2024-08-16T06:58:45.849+0000] {logging_mixin.py:190} INFO - [2024-08-16T06:58:45.849+0000] {dag.py:3211} INFO - Sync 1 DAGs
[2024-08-16T06:58:45.875+0000] {logging_mixin.py:190} INFO - [2024-08-16T06:58:45.875+0000] {dag.py:4138} INFO - Setting next_dagrun for example_branch_operator to 2024-08-15 00:00:00+00:00, run_after=2024-08-16 00:00:00+00:00
[2024-08-16T06:58:45.938+0000] {processor.py:208} INFO - Processing /usr/local/python/3.10.13/lib/python3.10/site-packages/airflow/example_dags/example_branch_operator.py took 0.158 seconds
[2024-08-16T07:00:04.867+0000] {processor.py:186} INFO - Started process (PID=18261) to work on /usr/local/python/3.10.13/lib/python3.10/site-packages/airflow/example_dags/example_branch_operator.py
[2024-08-16T07:00:04.868+0000] {processor.py:914} INFO - Processing file /usr/local/python/3.10.13/lib/python3.10/site-packages/airflow/example_dags/example_branch_operator.py for tasks to queue
[2024-08-16T07:00:04.870+0000] {logging_mixin.py:190} INFO - [2024-08-16T07:00:04.869+0000] {dagbag.py:587} INFO - Filling up the DagBag from /usr/local/python/3.10.13/lib/python3.10/site-packages/airflow/example_dags/example_branch_operator.py
[2024-08-16T07:00:04.886+0000] {processor.py:925} INFO - DAG(s) 'example_branch_operator' retrieved from /usr/local/python/3.10.13/lib/python3.10/site-packages/airflow/example_dags/example_branch_operator.py
[2024-08-16T07:00:04.906+0000] {logging_mixin.py:190} INFO - [2024-08-16T07:00:04.906+0000] {dag.py:3211} INFO - Sync 1 DAGs
[2024-08-16T07:00:04.923+0000] {logging_mixin.py:190} INFO - [2024-08-16T07:00:04.923+0000] {dag.py:4138} INFO - Setting next_dagrun for example_branch_operator to 2024-08-15 00:00:00+00:00, run_after=2024-08-16 00:00:00+00:00
[2024-08-16T07:00:04.963+0000] {processor.py:208} INFO - Processing /usr/local/python/3.10.13/lib/python3.10/site-packages/airflow/example_dags/example_branch_operator.py took 0.100 seconds
[2024-08-16T07:01:23.974+0000] {processor.py:186} INFO - Started process (PID=18901) to work on /usr/local/python/3.10.13/lib/python3.10/site-packages/airflow/example_dags/example_branch_operator.py
[2024-08-16T07:01:23.975+0000] {processor.py:914} INFO - Processing file /usr/local/python/3.10.13/lib/python3.10/site-packages/airflow/example_dags/example_branch_operator.py for tasks to queue
[2024-08-16T07:01:23.976+0000] {logging_mixin.py:190} INFO - [2024-08-16T07:01:23.976+0000] {dagbag.py:587} INFO - Filling up the DagBag from /usr/local/python/3.10.13/lib/python3.10/site-packages/airflow/example_dags/example_branch_operator.py
[2024-08-16T07:01:23.992+0000] {processor.py:925} INFO - DAG(s) 'example_branch_operator' retrieved from /usr/local/python/3.10.13/lib/python3.10/site-packages/airflow/example_dags/example_branch_operator.py
[2024-08-16T07:01:24.013+0000] {logging_mixin.py:190} INFO - [2024-08-16T07:01:24.013+0000] {dag.py:3211} INFO - Sync 1 DAGs
[2024-08-16T07:01:24.029+0000] {logging_mixin.py:190} INFO - [2024-08-16T07:01:24.029+0000] {dag.py:4138} INFO - Setting next_dagrun for example_branch_operator to 2024-08-15 00:00:00+00:00, run_after=2024-08-16 00:00:00+00:00
[2024-08-16T07:01:24.069+0000] {processor.py:208} INFO - Processing /usr/local/python/3.10.13/lib/python3.10/site-packages/airflow/example_dags/example_branch_operator.py took 0.100 seconds
[2024-08-16T07:02:40.725+0000] {processor.py:186} INFO - Started process (PID=19474) to work on /usr/local/python/3.10.13/lib/python3.10/site-packages/airflow/example_dags/example_branch_operator.py
[2024-08-16T07:02:40.726+0000] {processor.py:914} INFO - Processing file /usr/local/python/3.10.13/lib/python3.10/site-packages/airflow/example_dags/example_branch_operator.py for tasks to queue
[2024-08-16T07:02:40.729+0000] {logging_mixin.py:190} INFO - [2024-08-16T07:02:40.728+0000] {dagbag.py:587} INFO - Filling up the DagBag from /usr/local/python/3.10.13/lib/python3.10/site-packages/airflow/example_dags/example_branch_operator.py
[2024-08-16T07:02:40.755+0000] {processor.py:925} INFO - DAG(s) 'example_branch_operator' retrieved from /usr/local/python/3.10.13/lib/python3.10/site-packages/airflow/example_dags/example_branch_operator.py
[2024-08-16T07:02:40.786+0000] {logging_mixin.py:190} INFO - [2024-08-16T07:02:40.786+0000] {dag.py:3211} INFO - Sync 1 DAGs
[2024-08-16T07:02:40.810+0000] {logging_mixin.py:190} INFO - [2024-08-16T07:02:40.810+0000] {dag.py:4138} INFO - Setting next_dagrun for example_branch_operator to 2024-08-15 00:00:00+00:00, run_after=2024-08-16 00:00:00+00:00
[2024-08-16T07:02:40.858+0000] {processor.py:208} INFO - Processing /usr/local/python/3.10.13/lib/python3.10/site-packages/airflow/example_dags/example_branch_operator.py took 0.142 seconds
