[2024-08-16T06:46:54.559+0000] {processor.py:186} INFO - Started process (PID=12647) to work on /usr/local/python/3.10.13/lib/python3.10/site-packages/airflow/example_dags/example_external_task_marker_dag.py
[2024-08-16T06:46:54.560+0000] {processor.py:914} INFO - Processing file /usr/local/python/3.10.13/lib/python3.10/site-packages/airflow/example_dags/example_external_task_marker_dag.py for tasks to queue
[2024-08-16T06:46:54.562+0000] {logging_mixin.py:190} INFO - [2024-08-16T06:46:54.561+0000] {dagbag.py:587} INFO - Filling up the DagBag from /usr/local/python/3.10.13/lib/python3.10/site-packages/airflow/example_dags/example_external_task_marker_dag.py
[2024-08-16T06:46:54.568+0000] {processor.py:925} INFO - DAG(s) 'example_external_task_marker_child', 'example_external_task_marker_parent' retrieved from /usr/local/python/3.10.13/lib/python3.10/site-packages/airflow/example_dags/example_external_task_marker_dag.py
[2024-08-16T06:46:54.716+0000] {logging_mixin.py:190} INFO - [2024-08-16T06:46:54.716+0000] {override.py:1858} INFO - Created Permission View: can edit on DAG:example_external_task_marker_child
[2024-08-16T06:46:54.754+0000] {logging_mixin.py:190} INFO - [2024-08-16T06:46:54.753+0000] {override.py:1858} INFO - Created Permission View: can read on DAG:example_external_task_marker_child
[2024-08-16T06:46:54.784+0000] {logging_mixin.py:190} INFO - [2024-08-16T06:46:54.784+0000] {override.py:1858} INFO - Created Permission View: can delete on DAG:example_external_task_marker_child
[2024-08-16T06:46:54.856+0000] {logging_mixin.py:190} INFO - [2024-08-16T06:46:54.856+0000] {override.py:1858} INFO - Created Permission View: can edit on DAG:example_external_task_marker_parent
[2024-08-16T06:46:54.888+0000] {logging_mixin.py:190} INFO - [2024-08-16T06:46:54.888+0000] {override.py:1858} INFO - Created Permission View: can read on DAG:example_external_task_marker_parent
[2024-08-16T06:46:54.918+0000] {logging_mixin.py:190} INFO - [2024-08-16T06:46:54.917+0000] {override.py:1858} INFO - Created Permission View: can delete on DAG:example_external_task_marker_parent
[2024-08-16T06:46:54.918+0000] {logging_mixin.py:190} INFO - [2024-08-16T06:46:54.918+0000] {dag.py:3211} INFO - Sync 2 DAGs
[2024-08-16T06:46:54.928+0000] {logging_mixin.py:190} INFO - [2024-08-16T06:46:54.927+0000] {dag.py:3234} INFO - Creating ORM DAG for example_external_task_marker_child
[2024-08-16T06:46:54.928+0000] {logging_mixin.py:190} INFO - [2024-08-16T06:46:54.928+0000] {dag.py:3234} INFO - Creating ORM DAG for example_external_task_marker_parent
[2024-08-16T06:46:54.929+0000] {logging_mixin.py:190} INFO - [2024-08-16T06:46:54.929+0000] {dag.py:4138} INFO - Setting next_dagrun for example_external_task_marker_child to None, run_after=None
[2024-08-16T06:46:54.929+0000] {logging_mixin.py:190} INFO - [2024-08-16T06:46:54.929+0000] {dag.py:4138} INFO - Setting next_dagrun for example_external_task_marker_parent to None, run_after=None
[2024-08-16T06:46:54.974+0000] {processor.py:208} INFO - Processing /usr/local/python/3.10.13/lib/python3.10/site-packages/airflow/example_dags/example_external_task_marker_dag.py took 0.419 seconds
[2024-08-16T06:47:57.655+0000] {processor.py:186} INFO - Started process (PID=13100) to work on /usr/local/python/3.10.13/lib/python3.10/site-packages/airflow/example_dags/example_external_task_marker_dag.py
[2024-08-16T06:47:57.655+0000] {processor.py:914} INFO - Processing file /usr/local/python/3.10.13/lib/python3.10/site-packages/airflow/example_dags/example_external_task_marker_dag.py for tasks to queue
[2024-08-16T06:47:57.657+0000] {logging_mixin.py:190} INFO - [2024-08-16T06:47:57.657+0000] {dagbag.py:587} INFO - Filling up the DagBag from /usr/local/python/3.10.13/lib/python3.10/site-packages/airflow/example_dags/example_external_task_marker_dag.py
[2024-08-16T06:47:57.663+0000] {processor.py:925} INFO - DAG(s) 'example_external_task_marker_child', 'example_external_task_marker_parent' retrieved from /usr/local/python/3.10.13/lib/python3.10/site-packages/airflow/example_dags/example_external_task_marker_dag.py
[2024-08-16T06:47:57.677+0000] {logging_mixin.py:190} INFO - [2024-08-16T06:47:57.677+0000] {dag.py:3211} INFO - Sync 2 DAGs
[2024-08-16T06:47:57.687+0000] {logging_mixin.py:190} INFO - [2024-08-16T06:47:57.687+0000] {dag.py:4138} INFO - Setting next_dagrun for example_external_task_marker_child to None, run_after=None
[2024-08-16T06:47:57.690+0000] {logging_mixin.py:190} INFO - [2024-08-16T06:47:57.689+0000] {dag.py:4138} INFO - Setting next_dagrun for example_external_task_marker_parent to None, run_after=None
[2024-08-16T06:47:57.728+0000] {processor.py:208} INFO - Processing /usr/local/python/3.10.13/lib/python3.10/site-packages/airflow/example_dags/example_external_task_marker_dag.py took 0.077 seconds
[2024-08-16T06:48:55.318+0000] {processor.py:186} INFO - Started process (PID=13504) to work on /usr/local/python/3.10.13/lib/python3.10/site-packages/airflow/example_dags/example_external_task_marker_dag.py
[2024-08-16T06:48:55.319+0000] {processor.py:914} INFO - Processing file /usr/local/python/3.10.13/lib/python3.10/site-packages/airflow/example_dags/example_external_task_marker_dag.py for tasks to queue
[2024-08-16T06:48:55.321+0000] {logging_mixin.py:190} INFO - [2024-08-16T06:48:55.321+0000] {dagbag.py:587} INFO - Filling up the DagBag from /usr/local/python/3.10.13/lib/python3.10/site-packages/airflow/example_dags/example_external_task_marker_dag.py
[2024-08-16T06:48:55.327+0000] {processor.py:925} INFO - DAG(s) 'example_external_task_marker_parent', 'example_external_task_marker_child' retrieved from /usr/local/python/3.10.13/lib/python3.10/site-packages/airflow/example_dags/example_external_task_marker_dag.py
[2024-08-16T06:48:55.341+0000] {logging_mixin.py:190} INFO - [2024-08-16T06:48:55.341+0000] {dag.py:3211} INFO - Sync 2 DAGs
[2024-08-16T06:48:55.351+0000] {logging_mixin.py:190} INFO - [2024-08-16T06:48:55.351+0000] {dag.py:4138} INFO - Setting next_dagrun for example_external_task_marker_child to None, run_after=None
[2024-08-16T06:48:55.354+0000] {logging_mixin.py:190} INFO - [2024-08-16T06:48:55.354+0000] {dag.py:4138} INFO - Setting next_dagrun for example_external_task_marker_parent to None, run_after=None
[2024-08-16T06:48:55.395+0000] {processor.py:208} INFO - Processing /usr/local/python/3.10.13/lib/python3.10/site-packages/airflow/example_dags/example_external_task_marker_dag.py took 0.081 seconds
[2024-08-16T06:49:51.035+0000] {processor.py:186} INFO - Started process (PID=13872) to work on /usr/local/python/3.10.13/lib/python3.10/site-packages/airflow/example_dags/example_external_task_marker_dag.py
[2024-08-16T06:49:51.036+0000] {processor.py:914} INFO - Processing file /usr/local/python/3.10.13/lib/python3.10/site-packages/airflow/example_dags/example_external_task_marker_dag.py for tasks to queue
[2024-08-16T06:49:51.037+0000] {logging_mixin.py:190} INFO - [2024-08-16T06:49:51.037+0000] {dagbag.py:587} INFO - Filling up the DagBag from /usr/local/python/3.10.13/lib/python3.10/site-packages/airflow/example_dags/example_external_task_marker_dag.py
[2024-08-16T06:49:51.044+0000] {processor.py:925} INFO - DAG(s) 'example_external_task_marker_parent', 'example_external_task_marker_child' retrieved from /usr/local/python/3.10.13/lib/python3.10/site-packages/airflow/example_dags/example_external_task_marker_dag.py
[2024-08-16T06:49:51.058+0000] {logging_mixin.py:190} INFO - [2024-08-16T06:49:51.058+0000] {dag.py:3211} INFO - Sync 2 DAGs
[2024-08-16T06:49:51.068+0000] {logging_mixin.py:190} INFO - [2024-08-16T06:49:51.068+0000] {dag.py:4138} INFO - Setting next_dagrun for example_external_task_marker_child to None, run_after=None
[2024-08-16T06:49:51.070+0000] {logging_mixin.py:190} INFO - [2024-08-16T06:49:51.070+0000] {dag.py:4138} INFO - Setting next_dagrun for example_external_task_marker_parent to None, run_after=None
[2024-08-16T06:49:51.109+0000] {processor.py:208} INFO - Processing /usr/local/python/3.10.13/lib/python3.10/site-packages/airflow/example_dags/example_external_task_marker_dag.py took 0.078 seconds
[2024-08-16T06:50:44.589+0000] {processor.py:186} INFO - Started process (PID=14235) to work on /usr/local/python/3.10.13/lib/python3.10/site-packages/airflow/example_dags/example_external_task_marker_dag.py
[2024-08-16T06:50:44.590+0000] {processor.py:914} INFO - Processing file /usr/local/python/3.10.13/lib/python3.10/site-packages/airflow/example_dags/example_external_task_marker_dag.py for tasks to queue
[2024-08-16T06:50:44.592+0000] {logging_mixin.py:190} INFO - [2024-08-16T06:50:44.591+0000] {dagbag.py:587} INFO - Filling up the DagBag from /usr/local/python/3.10.13/lib/python3.10/site-packages/airflow/example_dags/example_external_task_marker_dag.py
[2024-08-16T06:50:44.598+0000] {processor.py:925} INFO - DAG(s) 'example_external_task_marker_child', 'example_external_task_marker_parent' retrieved from /usr/local/python/3.10.13/lib/python3.10/site-packages/airflow/example_dags/example_external_task_marker_dag.py
[2024-08-16T06:50:44.612+0000] {logging_mixin.py:190} INFO - [2024-08-16T06:50:44.612+0000] {dag.py:3211} INFO - Sync 2 DAGs
[2024-08-16T06:50:44.622+0000] {logging_mixin.py:190} INFO - [2024-08-16T06:50:44.622+0000] {dag.py:4138} INFO - Setting next_dagrun for example_external_task_marker_child to None, run_after=None
[2024-08-16T06:50:44.625+0000] {logging_mixin.py:190} INFO - [2024-08-16T06:50:44.625+0000] {dag.py:4138} INFO - Setting next_dagrun for example_external_task_marker_parent to None, run_after=None
[2024-08-16T06:50:44.667+0000] {processor.py:208} INFO - Processing /usr/local/python/3.10.13/lib/python3.10/site-packages/airflow/example_dags/example_external_task_marker_dag.py took 0.082 seconds
[2024-08-16T06:51:57.852+0000] {processor.py:186} INFO - Started process (PID=14761) to work on /usr/local/python/3.10.13/lib/python3.10/site-packages/airflow/example_dags/example_external_task_marker_dag.py
[2024-08-16T06:51:57.853+0000] {processor.py:914} INFO - Processing file /usr/local/python/3.10.13/lib/python3.10/site-packages/airflow/example_dags/example_external_task_marker_dag.py for tasks to queue
[2024-08-16T06:51:57.855+0000] {logging_mixin.py:190} INFO - [2024-08-16T06:51:57.855+0000] {dagbag.py:587} INFO - Filling up the DagBag from /usr/local/python/3.10.13/lib/python3.10/site-packages/airflow/example_dags/example_external_task_marker_dag.py
[2024-08-16T06:51:57.864+0000] {processor.py:925} INFO - DAG(s) 'example_external_task_marker_child', 'example_external_task_marker_parent' retrieved from /usr/local/python/3.10.13/lib/python3.10/site-packages/airflow/example_dags/example_external_task_marker_dag.py
[2024-08-16T06:51:57.886+0000] {logging_mixin.py:190} INFO - [2024-08-16T06:51:57.885+0000] {dag.py:3211} INFO - Sync 2 DAGs
[2024-08-16T06:51:57.901+0000] {logging_mixin.py:190} INFO - [2024-08-16T06:51:57.901+0000] {dag.py:4138} INFO - Setting next_dagrun for example_external_task_marker_child to None, run_after=None
[2024-08-16T06:51:57.905+0000] {logging_mixin.py:190} INFO - [2024-08-16T06:51:57.905+0000] {dag.py:4138} INFO - Setting next_dagrun for example_external_task_marker_parent to None, run_after=None
[2024-08-16T06:51:57.950+0000] {processor.py:208} INFO - Processing /usr/local/python/3.10.13/lib/python3.10/site-packages/airflow/example_dags/example_external_task_marker_dag.py took 0.104 seconds
[2024-08-16T06:53:15.182+0000] {processor.py:186} INFO - Started process (PID=15286) to work on /usr/local/python/3.10.13/lib/python3.10/site-packages/airflow/example_dags/example_external_task_marker_dag.py
[2024-08-16T06:53:15.183+0000] {processor.py:914} INFO - Processing file /usr/local/python/3.10.13/lib/python3.10/site-packages/airflow/example_dags/example_external_task_marker_dag.py for tasks to queue
[2024-08-16T06:53:15.185+0000] {logging_mixin.py:190} INFO - [2024-08-16T06:53:15.185+0000] {dagbag.py:587} INFO - Filling up the DagBag from /usr/local/python/3.10.13/lib/python3.10/site-packages/airflow/example_dags/example_external_task_marker_dag.py
[2024-08-16T06:53:15.194+0000] {processor.py:925} INFO - DAG(s) 'example_external_task_marker_parent', 'example_external_task_marker_child' retrieved from /usr/local/python/3.10.13/lib/python3.10/site-packages/airflow/example_dags/example_external_task_marker_dag.py
[2024-08-16T06:53:15.214+0000] {logging_mixin.py:190} INFO - [2024-08-16T06:53:15.214+0000] {dag.py:3211} INFO - Sync 2 DAGs
[2024-08-16T06:53:15.229+0000] {logging_mixin.py:190} INFO - [2024-08-16T06:53:15.228+0000] {dag.py:4138} INFO - Setting next_dagrun for example_external_task_marker_child to None, run_after=None
[2024-08-16T06:53:15.232+0000] {logging_mixin.py:190} INFO - [2024-08-16T06:53:15.232+0000] {dag.py:4138} INFO - Setting next_dagrun for example_external_task_marker_parent to None, run_after=None
[2024-08-16T06:53:15.275+0000] {processor.py:208} INFO - Processing /usr/local/python/3.10.13/lib/python3.10/site-packages/airflow/example_dags/example_external_task_marker_dag.py took 0.100 seconds
[2024-08-16T06:54:10.157+0000] {processor.py:186} INFO - Started process (PID=15676) to work on /usr/local/python/3.10.13/lib/python3.10/site-packages/airflow/example_dags/example_external_task_marker_dag.py
[2024-08-16T06:54:10.158+0000] {processor.py:914} INFO - Processing file /usr/local/python/3.10.13/lib/python3.10/site-packages/airflow/example_dags/example_external_task_marker_dag.py for tasks to queue
[2024-08-16T06:54:10.161+0000] {logging_mixin.py:190} INFO - [2024-08-16T06:54:10.160+0000] {dagbag.py:587} INFO - Filling up the DagBag from /usr/local/python/3.10.13/lib/python3.10/site-packages/airflow/example_dags/example_external_task_marker_dag.py
[2024-08-16T06:54:10.170+0000] {processor.py:925} INFO - DAG(s) 'example_external_task_marker_parent', 'example_external_task_marker_child' retrieved from /usr/local/python/3.10.13/lib/python3.10/site-packages/airflow/example_dags/example_external_task_marker_dag.py
[2024-08-16T06:54:10.188+0000] {logging_mixin.py:190} INFO - [2024-08-16T06:54:10.188+0000] {dag.py:3211} INFO - Sync 2 DAGs
[2024-08-16T06:54:10.198+0000] {logging_mixin.py:190} INFO - [2024-08-16T06:54:10.198+0000] {dag.py:4138} INFO - Setting next_dagrun for example_external_task_marker_child to None, run_after=None
[2024-08-16T06:54:10.201+0000] {logging_mixin.py:190} INFO - [2024-08-16T06:54:10.201+0000] {dag.py:4138} INFO - Setting next_dagrun for example_external_task_marker_parent to None, run_after=None
[2024-08-16T06:54:10.243+0000] {processor.py:208} INFO - Processing /usr/local/python/3.10.13/lib/python3.10/site-packages/airflow/example_dags/example_external_task_marker_dag.py took 0.092 seconds
[2024-08-16T06:55:28.991+0000] {processor.py:186} INFO - Started process (PID=16196) to work on /usr/local/python/3.10.13/lib/python3.10/site-packages/airflow/example_dags/example_external_task_marker_dag.py
[2024-08-16T06:55:28.992+0000] {processor.py:914} INFO - Processing file /usr/local/python/3.10.13/lib/python3.10/site-packages/airflow/example_dags/example_external_task_marker_dag.py for tasks to queue
[2024-08-16T06:55:28.994+0000] {logging_mixin.py:190} INFO - [2024-08-16T06:55:28.993+0000] {dagbag.py:587} INFO - Filling up the DagBag from /usr/local/python/3.10.13/lib/python3.10/site-packages/airflow/example_dags/example_external_task_marker_dag.py
[2024-08-16T06:55:29.000+0000] {processor.py:925} INFO - DAG(s) 'example_external_task_marker_parent', 'example_external_task_marker_child' retrieved from /usr/local/python/3.10.13/lib/python3.10/site-packages/airflow/example_dags/example_external_task_marker_dag.py
[2024-08-16T06:55:29.014+0000] {logging_mixin.py:190} INFO - [2024-08-16T06:55:29.014+0000] {dag.py:3211} INFO - Sync 2 DAGs
[2024-08-16T06:55:29.024+0000] {logging_mixin.py:190} INFO - [2024-08-16T06:55:29.024+0000] {dag.py:4138} INFO - Setting next_dagrun for example_external_task_marker_child to None, run_after=None
[2024-08-16T06:55:29.027+0000] {logging_mixin.py:190} INFO - [2024-08-16T06:55:29.027+0000] {dag.py:4138} INFO - Setting next_dagrun for example_external_task_marker_parent to None, run_after=None
[2024-08-16T06:55:29.079+0000] {processor.py:208} INFO - Processing /usr/local/python/3.10.13/lib/python3.10/site-packages/airflow/example_dags/example_external_task_marker_dag.py took 0.092 seconds
[2024-08-16T06:56:27.949+0000] {processor.py:186} INFO - Started process (PID=16604) to work on /usr/local/python/3.10.13/lib/python3.10/site-packages/airflow/example_dags/example_external_task_marker_dag.py
[2024-08-16T06:56:27.950+0000] {processor.py:914} INFO - Processing file /usr/local/python/3.10.13/lib/python3.10/site-packages/airflow/example_dags/example_external_task_marker_dag.py for tasks to queue
[2024-08-16T06:56:27.952+0000] {logging_mixin.py:190} INFO - [2024-08-16T06:56:27.952+0000] {dagbag.py:587} INFO - Filling up the DagBag from /usr/local/python/3.10.13/lib/python3.10/site-packages/airflow/example_dags/example_external_task_marker_dag.py
[2024-08-16T06:56:27.962+0000] {processor.py:925} INFO - DAG(s) 'example_external_task_marker_child', 'example_external_task_marker_parent' retrieved from /usr/local/python/3.10.13/lib/python3.10/site-packages/airflow/example_dags/example_external_task_marker_dag.py
[2024-08-16T06:56:27.983+0000] {logging_mixin.py:190} INFO - [2024-08-16T06:56:27.983+0000] {dag.py:3211} INFO - Sync 2 DAGs
[2024-08-16T06:56:27.999+0000] {logging_mixin.py:190} INFO - [2024-08-16T06:56:27.999+0000] {dag.py:4138} INFO - Setting next_dagrun for example_external_task_marker_child to None, run_after=None
[2024-08-16T06:56:28.003+0000] {logging_mixin.py:190} INFO - [2024-08-16T06:56:28.002+0000] {dag.py:4138} INFO - Setting next_dagrun for example_external_task_marker_parent to None, run_after=None
[2024-08-16T06:56:28.047+0000] {processor.py:208} INFO - Processing /usr/local/python/3.10.13/lib/python3.10/site-packages/airflow/example_dags/example_external_task_marker_dag.py took 0.105 seconds
[2024-08-16T06:57:23.508+0000] {processor.py:186} INFO - Started process (PID=16979) to work on /usr/local/python/3.10.13/lib/python3.10/site-packages/airflow/example_dags/example_external_task_marker_dag.py
[2024-08-16T06:57:23.509+0000] {processor.py:914} INFO - Processing file /usr/local/python/3.10.13/lib/python3.10/site-packages/airflow/example_dags/example_external_task_marker_dag.py for tasks to queue
[2024-08-16T06:57:23.511+0000] {logging_mixin.py:190} INFO - [2024-08-16T06:57:23.511+0000] {dagbag.py:587} INFO - Filling up the DagBag from /usr/local/python/3.10.13/lib/python3.10/site-packages/airflow/example_dags/example_external_task_marker_dag.py
[2024-08-16T06:57:23.520+0000] {processor.py:925} INFO - DAG(s) 'example_external_task_marker_child', 'example_external_task_marker_parent' retrieved from /usr/local/python/3.10.13/lib/python3.10/site-packages/airflow/example_dags/example_external_task_marker_dag.py
[2024-08-16T06:57:23.541+0000] {logging_mixin.py:190} INFO - [2024-08-16T06:57:23.541+0000] {dag.py:3211} INFO - Sync 2 DAGs
[2024-08-16T06:57:23.557+0000] {logging_mixin.py:190} INFO - [2024-08-16T06:57:23.557+0000] {dag.py:4138} INFO - Setting next_dagrun for example_external_task_marker_child to None, run_after=None
[2024-08-16T06:57:23.561+0000] {logging_mixin.py:190} INFO - [2024-08-16T06:57:23.561+0000] {dag.py:4138} INFO - Setting next_dagrun for example_external_task_marker_parent to None, run_after=None
[2024-08-16T06:57:23.610+0000] {processor.py:208} INFO - Processing /usr/local/python/3.10.13/lib/python3.10/site-packages/airflow/example_dags/example_external_task_marker_dag.py took 0.110 seconds
[2024-08-16T06:58:18.487+0000] {processor.py:186} INFO - Started process (PID=17366) to work on /usr/local/python/3.10.13/lib/python3.10/site-packages/airflow/example_dags/example_external_task_marker_dag.py
[2024-08-16T06:58:18.488+0000] {processor.py:914} INFO - Processing file /usr/local/python/3.10.13/lib/python3.10/site-packages/airflow/example_dags/example_external_task_marker_dag.py for tasks to queue
[2024-08-16T06:58:18.490+0000] {logging_mixin.py:190} INFO - [2024-08-16T06:58:18.490+0000] {dagbag.py:587} INFO - Filling up the DagBag from /usr/local/python/3.10.13/lib/python3.10/site-packages/airflow/example_dags/example_external_task_marker_dag.py
[2024-08-16T06:58:18.501+0000] {processor.py:925} INFO - DAG(s) 'example_external_task_marker_parent', 'example_external_task_marker_child' retrieved from /usr/local/python/3.10.13/lib/python3.10/site-packages/airflow/example_dags/example_external_task_marker_dag.py
[2024-08-16T06:58:18.521+0000] {logging_mixin.py:190} INFO - [2024-08-16T06:58:18.521+0000] {dag.py:3211} INFO - Sync 2 DAGs
[2024-08-16T06:58:18.533+0000] {logging_mixin.py:190} INFO - [2024-08-16T06:58:18.533+0000] {dag.py:4138} INFO - Setting next_dagrun for example_external_task_marker_child to None, run_after=None
[2024-08-16T06:58:18.536+0000] {logging_mixin.py:190} INFO - [2024-08-16T06:58:18.535+0000] {dag.py:4138} INFO - Setting next_dagrun for example_external_task_marker_parent to None, run_after=None
[2024-08-16T06:58:18.577+0000] {processor.py:208} INFO - Processing /usr/local/python/3.10.13/lib/python3.10/site-packages/airflow/example_dags/example_external_task_marker_dag.py took 0.094 seconds
[2024-08-16T06:59:35.264+0000] {processor.py:186} INFO - Started process (PID=18028) to work on /usr/local/python/3.10.13/lib/python3.10/site-packages/airflow/example_dags/example_external_task_marker_dag.py
[2024-08-16T06:59:35.265+0000] {processor.py:914} INFO - Processing file /usr/local/python/3.10.13/lib/python3.10/site-packages/airflow/example_dags/example_external_task_marker_dag.py for tasks to queue
[2024-08-16T06:59:35.267+0000] {logging_mixin.py:190} INFO - [2024-08-16T06:59:35.266+0000] {dagbag.py:587} INFO - Filling up the DagBag from /usr/local/python/3.10.13/lib/python3.10/site-packages/airflow/example_dags/example_external_task_marker_dag.py
[2024-08-16T06:59:35.273+0000] {processor.py:925} INFO - DAG(s) 'example_external_task_marker_parent', 'example_external_task_marker_child' retrieved from /usr/local/python/3.10.13/lib/python3.10/site-packages/airflow/example_dags/example_external_task_marker_dag.py
[2024-08-16T06:59:35.288+0000] {logging_mixin.py:190} INFO - [2024-08-16T06:59:35.288+0000] {dag.py:3211} INFO - Sync 2 DAGs
[2024-08-16T06:59:35.298+0000] {logging_mixin.py:190} INFO - [2024-08-16T06:59:35.298+0000] {dag.py:4138} INFO - Setting next_dagrun for example_external_task_marker_child to None, run_after=None
[2024-08-16T06:59:35.300+0000] {logging_mixin.py:190} INFO - [2024-08-16T06:59:35.300+0000] {dag.py:4138} INFO - Setting next_dagrun for example_external_task_marker_parent to None, run_after=None
[2024-08-16T06:59:35.338+0000] {processor.py:208} INFO - Processing /usr/local/python/3.10.13/lib/python3.10/site-packages/airflow/example_dags/example_external_task_marker_dag.py took 0.078 seconds
[2024-08-16T07:00:29.161+0000] {processor.py:186} INFO - Started process (PID=18481) to work on /usr/local/python/3.10.13/lib/python3.10/site-packages/airflow/example_dags/example_external_task_marker_dag.py
[2024-08-16T07:00:29.161+0000] {processor.py:914} INFO - Processing file /usr/local/python/3.10.13/lib/python3.10/site-packages/airflow/example_dags/example_external_task_marker_dag.py for tasks to queue
[2024-08-16T07:00:29.163+0000] {logging_mixin.py:190} INFO - [2024-08-16T07:00:29.163+0000] {dagbag.py:587} INFO - Filling up the DagBag from /usr/local/python/3.10.13/lib/python3.10/site-packages/airflow/example_dags/example_external_task_marker_dag.py
[2024-08-16T07:00:29.170+0000] {processor.py:925} INFO - DAG(s) 'example_external_task_marker_child', 'example_external_task_marker_parent' retrieved from /usr/local/python/3.10.13/lib/python3.10/site-packages/airflow/example_dags/example_external_task_marker_dag.py
[2024-08-16T07:00:29.184+0000] {logging_mixin.py:190} INFO - [2024-08-16T07:00:29.184+0000] {dag.py:3211} INFO - Sync 2 DAGs
[2024-08-16T07:00:29.194+0000] {logging_mixin.py:190} INFO - [2024-08-16T07:00:29.194+0000] {dag.py:4138} INFO - Setting next_dagrun for example_external_task_marker_child to None, run_after=None
[2024-08-16T07:00:29.197+0000] {logging_mixin.py:190} INFO - [2024-08-16T07:00:29.196+0000] {dag.py:4138} INFO - Setting next_dagrun for example_external_task_marker_parent to None, run_after=None
[2024-08-16T07:00:29.236+0000] {processor.py:208} INFO - Processing /usr/local/python/3.10.13/lib/python3.10/site-packages/airflow/example_dags/example_external_task_marker_dag.py took 0.080 seconds
[2024-08-16T07:01:22.564+0000] {processor.py:186} INFO - Started process (PID=18893) to work on /usr/local/python/3.10.13/lib/python3.10/site-packages/airflow/example_dags/example_external_task_marker_dag.py
[2024-08-16T07:01:22.564+0000] {processor.py:914} INFO - Processing file /usr/local/python/3.10.13/lib/python3.10/site-packages/airflow/example_dags/example_external_task_marker_dag.py for tasks to queue
[2024-08-16T07:01:22.566+0000] {logging_mixin.py:190} INFO - [2024-08-16T07:01:22.566+0000] {dagbag.py:587} INFO - Filling up the DagBag from /usr/local/python/3.10.13/lib/python3.10/site-packages/airflow/example_dags/example_external_task_marker_dag.py
[2024-08-16T07:01:22.573+0000] {processor.py:925} INFO - DAG(s) 'example_external_task_marker_parent', 'example_external_task_marker_child' retrieved from /usr/local/python/3.10.13/lib/python3.10/site-packages/airflow/example_dags/example_external_task_marker_dag.py
[2024-08-16T07:01:22.587+0000] {logging_mixin.py:190} INFO - [2024-08-16T07:01:22.587+0000] {dag.py:3211} INFO - Sync 2 DAGs
[2024-08-16T07:01:22.598+0000] {logging_mixin.py:190} INFO - [2024-08-16T07:01:22.598+0000] {dag.py:4138} INFO - Setting next_dagrun for example_external_task_marker_child to None, run_after=None
[2024-08-16T07:01:22.600+0000] {logging_mixin.py:190} INFO - [2024-08-16T07:01:22.600+0000] {dag.py:4138} INFO - Setting next_dagrun for example_external_task_marker_parent to None, run_after=None
[2024-08-16T07:01:22.638+0000] {processor.py:208} INFO - Processing /usr/local/python/3.10.13/lib/python3.10/site-packages/airflow/example_dags/example_external_task_marker_dag.py took 0.078 seconds
[2024-08-16T07:02:13.765+0000] {processor.py:186} INFO - Started process (PID=19267) to work on /usr/local/python/3.10.13/lib/python3.10/site-packages/airflow/example_dags/example_external_task_marker_dag.py
[2024-08-16T07:02:13.766+0000] {processor.py:914} INFO - Processing file /usr/local/python/3.10.13/lib/python3.10/site-packages/airflow/example_dags/example_external_task_marker_dag.py for tasks to queue
[2024-08-16T07:02:13.769+0000] {logging_mixin.py:190} INFO - [2024-08-16T07:02:13.768+0000] {dagbag.py:587} INFO - Filling up the DagBag from /usr/local/python/3.10.13/lib/python3.10/site-packages/airflow/example_dags/example_external_task_marker_dag.py
[2024-08-16T07:02:13.782+0000] {processor.py:925} INFO - DAG(s) 'example_external_task_marker_parent', 'example_external_task_marker_child' retrieved from /usr/local/python/3.10.13/lib/python3.10/site-packages/airflow/example_dags/example_external_task_marker_dag.py
[2024-08-16T07:02:13.812+0000] {logging_mixin.py:190} INFO - [2024-08-16T07:02:13.811+0000] {dag.py:3211} INFO - Sync 2 DAGs
[2024-08-16T07:02:13.828+0000] {logging_mixin.py:190} INFO - [2024-08-16T07:02:13.828+0000] {dag.py:4138} INFO - Setting next_dagrun for example_external_task_marker_child to None, run_after=None
[2024-08-16T07:02:13.832+0000] {logging_mixin.py:190} INFO - [2024-08-16T07:02:13.832+0000] {dag.py:4138} INFO - Setting next_dagrun for example_external_task_marker_parent to None, run_after=None
[2024-08-16T07:02:13.874+0000] {processor.py:208} INFO - Processing /usr/local/python/3.10.13/lib/python3.10/site-packages/airflow/example_dags/example_external_task_marker_dag.py took 0.119 seconds
