[2024-08-16T06:46:35.622+0000] {processor.py:186} INFO - Started process (PID=12502) to work on /usr/local/python/3.10.13/lib/python3.10/site-packages/airflow/example_dags/example_task_group_decorator.py
[2024-08-16T06:46:35.623+0000] {processor.py:914} INFO - Processing file /usr/local/python/3.10.13/lib/python3.10/site-packages/airflow/example_dags/example_task_group_decorator.py for tasks to queue
[2024-08-16T06:46:35.626+0000] {logging_mixin.py:190} INFO - [2024-08-16T06:46:35.625+0000] {dagbag.py:587} INFO - Filling up the DagBag from /usr/local/python/3.10.13/lib/python3.10/site-packages/airflow/example_dags/example_task_group_decorator.py
[2024-08-16T06:46:35.643+0000] {processor.py:925} INFO - DAG(s) 'example_task_group_decorator' retrieved from /usr/local/python/3.10.13/lib/python3.10/site-packages/airflow/example_dags/example_task_group_decorator.py
[2024-08-16T06:46:35.789+0000] {logging_mixin.py:190} INFO - [2024-08-16T06:46:35.788+0000] {override.py:1858} INFO - Created Permission View: can edit on DAG:example_task_group_decorator
[2024-08-16T06:46:35.821+0000] {logging_mixin.py:190} INFO - [2024-08-16T06:46:35.821+0000] {override.py:1858} INFO - Created Permission View: can read on DAG:example_task_group_decorator
[2024-08-16T06:46:35.855+0000] {logging_mixin.py:190} INFO - [2024-08-16T06:46:35.855+0000] {override.py:1858} INFO - Created Permission View: can delete on DAG:example_task_group_decorator
[2024-08-16T06:46:35.856+0000] {logging_mixin.py:190} INFO - [2024-08-16T06:46:35.855+0000] {dag.py:3211} INFO - Sync 1 DAGs
[2024-08-16T06:46:35.872+0000] {logging_mixin.py:190} INFO - [2024-08-16T06:46:35.872+0000] {dag.py:3234} INFO - Creating ORM DAG for example_task_group_decorator
[2024-08-16T06:46:35.882+0000] {logging_mixin.py:190} INFO - [2024-08-16T06:46:35.882+0000] {dag.py:4138} INFO - Setting next_dagrun for example_task_group_decorator to 2024-08-15 00:00:00+00:00, run_after=2024-08-16 00:00:00+00:00
[2024-08-16T06:46:35.933+0000] {processor.py:208} INFO - Processing /usr/local/python/3.10.13/lib/python3.10/site-packages/airflow/example_dags/example_task_group_decorator.py took 0.315 seconds
[2024-08-16T06:47:39.928+0000] {processor.py:186} INFO - Started process (PID=12980) to work on /usr/local/python/3.10.13/lib/python3.10/site-packages/airflow/example_dags/example_task_group_decorator.py
[2024-08-16T06:47:39.928+0000] {processor.py:914} INFO - Processing file /usr/local/python/3.10.13/lib/python3.10/site-packages/airflow/example_dags/example_task_group_decorator.py for tasks to queue
[2024-08-16T06:47:39.930+0000] {logging_mixin.py:190} INFO - [2024-08-16T06:47:39.930+0000] {dagbag.py:587} INFO - Filling up the DagBag from /usr/local/python/3.10.13/lib/python3.10/site-packages/airflow/example_dags/example_task_group_decorator.py
[2024-08-16T06:47:39.944+0000] {processor.py:925} INFO - DAG(s) 'example_task_group_decorator' retrieved from /usr/local/python/3.10.13/lib/python3.10/site-packages/airflow/example_dags/example_task_group_decorator.py
[2024-08-16T06:47:39.961+0000] {logging_mixin.py:190} INFO - [2024-08-16T06:47:39.961+0000] {dag.py:3211} INFO - Sync 1 DAGs
[2024-08-16T06:47:39.977+0000] {logging_mixin.py:190} INFO - [2024-08-16T06:47:39.977+0000] {dag.py:4138} INFO - Setting next_dagrun for example_task_group_decorator to 2024-08-15 00:00:00+00:00, run_after=2024-08-16 00:00:00+00:00
[2024-08-16T06:47:40.022+0000] {processor.py:208} INFO - Processing /usr/local/python/3.10.13/lib/python3.10/site-packages/airflow/example_dags/example_task_group_decorator.py took 0.099 seconds
[2024-08-16T06:48:40.002+0000] {processor.py:186} INFO - Started process (PID=13387) to work on /usr/local/python/3.10.13/lib/python3.10/site-packages/airflow/example_dags/example_task_group_decorator.py
[2024-08-16T06:48:40.003+0000] {processor.py:914} INFO - Processing file /usr/local/python/3.10.13/lib/python3.10/site-packages/airflow/example_dags/example_task_group_decorator.py for tasks to queue
[2024-08-16T06:48:40.005+0000] {logging_mixin.py:190} INFO - [2024-08-16T06:48:40.004+0000] {dagbag.py:587} INFO - Filling up the DagBag from /usr/local/python/3.10.13/lib/python3.10/site-packages/airflow/example_dags/example_task_group_decorator.py
[2024-08-16T06:48:40.018+0000] {processor.py:925} INFO - DAG(s) 'example_task_group_decorator' retrieved from /usr/local/python/3.10.13/lib/python3.10/site-packages/airflow/example_dags/example_task_group_decorator.py
[2024-08-16T06:48:40.036+0000] {logging_mixin.py:190} INFO - [2024-08-16T06:48:40.035+0000] {dag.py:3211} INFO - Sync 1 DAGs
[2024-08-16T06:48:40.051+0000] {logging_mixin.py:190} INFO - [2024-08-16T06:48:40.051+0000] {dag.py:4138} INFO - Setting next_dagrun for example_task_group_decorator to 2024-08-15 00:00:00+00:00, run_after=2024-08-16 00:00:00+00:00
[2024-08-16T06:48:40.095+0000] {processor.py:208} INFO - Processing /usr/local/python/3.10.13/lib/python3.10/site-packages/airflow/example_dags/example_task_group_decorator.py took 0.098 seconds
[2024-08-16T06:49:36.993+0000] {processor.py:186} INFO - Started process (PID=13780) to work on /usr/local/python/3.10.13/lib/python3.10/site-packages/airflow/example_dags/example_task_group_decorator.py
[2024-08-16T06:49:36.994+0000] {processor.py:914} INFO - Processing file /usr/local/python/3.10.13/lib/python3.10/site-packages/airflow/example_dags/example_task_group_decorator.py for tasks to queue
[2024-08-16T06:49:36.997+0000] {logging_mixin.py:190} INFO - [2024-08-16T06:49:36.997+0000] {dagbag.py:587} INFO - Filling up the DagBag from /usr/local/python/3.10.13/lib/python3.10/site-packages/airflow/example_dags/example_task_group_decorator.py
[2024-08-16T06:49:37.028+0000] {processor.py:925} INFO - DAG(s) 'example_task_group_decorator' retrieved from /usr/local/python/3.10.13/lib/python3.10/site-packages/airflow/example_dags/example_task_group_decorator.py
[2024-08-16T06:49:37.056+0000] {logging_mixin.py:190} INFO - [2024-08-16T06:49:37.056+0000] {dag.py:3211} INFO - Sync 1 DAGs
[2024-08-16T06:49:37.080+0000] {logging_mixin.py:190} INFO - [2024-08-16T06:49:37.080+0000] {dag.py:4138} INFO - Setting next_dagrun for example_task_group_decorator to 2024-08-15 00:00:00+00:00, run_after=2024-08-16 00:00:00+00:00
[2024-08-16T06:49:37.129+0000] {processor.py:208} INFO - Processing /usr/local/python/3.10.13/lib/python3.10/site-packages/airflow/example_dags/example_task_group_decorator.py took 0.143 seconds
[2024-08-16T06:50:30.629+0000] {processor.py:186} INFO - Started process (PID=14141) to work on /usr/local/python/3.10.13/lib/python3.10/site-packages/airflow/example_dags/example_task_group_decorator.py
[2024-08-16T06:50:30.630+0000] {processor.py:914} INFO - Processing file /usr/local/python/3.10.13/lib/python3.10/site-packages/airflow/example_dags/example_task_group_decorator.py for tasks to queue
[2024-08-16T06:50:30.632+0000] {logging_mixin.py:190} INFO - [2024-08-16T06:50:30.632+0000] {dagbag.py:587} INFO - Filling up the DagBag from /usr/local/python/3.10.13/lib/python3.10/site-packages/airflow/example_dags/example_task_group_decorator.py
[2024-08-16T06:50:30.653+0000] {processor.py:925} INFO - DAG(s) 'example_task_group_decorator' retrieved from /usr/local/python/3.10.13/lib/python3.10/site-packages/airflow/example_dags/example_task_group_decorator.py
[2024-08-16T06:50:30.697+0000] {logging_mixin.py:190} INFO - [2024-08-16T06:50:30.696+0000] {dag.py:3211} INFO - Sync 1 DAGs
[2024-08-16T06:50:30.733+0000] {logging_mixin.py:190} INFO - [2024-08-16T06:50:30.733+0000] {dag.py:4138} INFO - Setting next_dagrun for example_task_group_decorator to 2024-08-15 00:00:00+00:00, run_after=2024-08-16 00:00:00+00:00
[2024-08-16T06:50:30.780+0000] {processor.py:208} INFO - Processing /usr/local/python/3.10.13/lib/python3.10/site-packages/airflow/example_dags/example_task_group_decorator.py took 0.158 seconds
[2024-08-16T06:51:21.024+0000] {processor.py:186} INFO - Started process (PID=14501) to work on /usr/local/python/3.10.13/lib/python3.10/site-packages/airflow/example_dags/example_task_group_decorator.py
[2024-08-16T06:51:21.025+0000] {processor.py:914} INFO - Processing file /usr/local/python/3.10.13/lib/python3.10/site-packages/airflow/example_dags/example_task_group_decorator.py for tasks to queue
[2024-08-16T06:51:21.027+0000] {logging_mixin.py:190} INFO - [2024-08-16T06:51:21.027+0000] {dagbag.py:587} INFO - Filling up the DagBag from /usr/local/python/3.10.13/lib/python3.10/site-packages/airflow/example_dags/example_task_group_decorator.py
[2024-08-16T06:51:21.049+0000] {processor.py:925} INFO - DAG(s) 'example_task_group_decorator' retrieved from /usr/local/python/3.10.13/lib/python3.10/site-packages/airflow/example_dags/example_task_group_decorator.py
[2024-08-16T06:51:21.077+0000] {logging_mixin.py:190} INFO - [2024-08-16T06:51:21.077+0000] {dag.py:3211} INFO - Sync 1 DAGs
[2024-08-16T06:51:21.102+0000] {logging_mixin.py:190} INFO - [2024-08-16T06:51:21.102+0000] {dag.py:4138} INFO - Setting next_dagrun for example_task_group_decorator to 2024-08-15 00:00:00+00:00, run_after=2024-08-16 00:00:00+00:00
[2024-08-16T06:51:21.147+0000] {processor.py:208} INFO - Processing /usr/local/python/3.10.13/lib/python3.10/site-packages/airflow/example_dags/example_task_group_decorator.py took 0.129 seconds
[2024-08-16T06:52:11.836+0000] {processor.py:186} INFO - Started process (PID=14854) to work on /usr/local/python/3.10.13/lib/python3.10/site-packages/airflow/example_dags/example_task_group_decorator.py
[2024-08-16T06:52:11.837+0000] {processor.py:914} INFO - Processing file /usr/local/python/3.10.13/lib/python3.10/site-packages/airflow/example_dags/example_task_group_decorator.py for tasks to queue
[2024-08-16T06:52:11.839+0000] {logging_mixin.py:190} INFO - [2024-08-16T06:52:11.838+0000] {dagbag.py:587} INFO - Filling up the DagBag from /usr/local/python/3.10.13/lib/python3.10/site-packages/airflow/example_dags/example_task_group_decorator.py
[2024-08-16T06:52:11.852+0000] {processor.py:925} INFO - DAG(s) 'example_task_group_decorator' retrieved from /usr/local/python/3.10.13/lib/python3.10/site-packages/airflow/example_dags/example_task_group_decorator.py
[2024-08-16T06:52:11.870+0000] {logging_mixin.py:190} INFO - [2024-08-16T06:52:11.870+0000] {dag.py:3211} INFO - Sync 1 DAGs
[2024-08-16T06:52:11.886+0000] {logging_mixin.py:190} INFO - [2024-08-16T06:52:11.886+0000] {dag.py:4138} INFO - Setting next_dagrun for example_task_group_decorator to 2024-08-15 00:00:00+00:00, run_after=2024-08-16 00:00:00+00:00
[2024-08-16T06:52:11.926+0000] {processor.py:208} INFO - Processing /usr/local/python/3.10.13/lib/python3.10/site-packages/airflow/example_dags/example_task_group_decorator.py took 0.096 seconds
[2024-08-16T06:53:01.506+0000] {processor.py:186} INFO - Started process (PID=15192) to work on /usr/local/python/3.10.13/lib/python3.10/site-packages/airflow/example_dags/example_task_group_decorator.py
[2024-08-16T06:53:01.507+0000] {processor.py:914} INFO - Processing file /usr/local/python/3.10.13/lib/python3.10/site-packages/airflow/example_dags/example_task_group_decorator.py for tasks to queue
[2024-08-16T06:53:01.508+0000] {logging_mixin.py:190} INFO - [2024-08-16T06:53:01.508+0000] {dagbag.py:587} INFO - Filling up the DagBag from /usr/local/python/3.10.13/lib/python3.10/site-packages/airflow/example_dags/example_task_group_decorator.py
[2024-08-16T06:53:01.521+0000] {processor.py:925} INFO - DAG(s) 'example_task_group_decorator' retrieved from /usr/local/python/3.10.13/lib/python3.10/site-packages/airflow/example_dags/example_task_group_decorator.py
[2024-08-16T06:53:01.538+0000] {logging_mixin.py:190} INFO - [2024-08-16T06:53:01.538+0000] {dag.py:3211} INFO - Sync 1 DAGs
[2024-08-16T06:53:01.554+0000] {logging_mixin.py:190} INFO - [2024-08-16T06:53:01.554+0000] {dag.py:4138} INFO - Setting next_dagrun for example_task_group_decorator to 2024-08-15 00:00:00+00:00, run_after=2024-08-16 00:00:00+00:00
[2024-08-16T06:53:01.596+0000] {processor.py:208} INFO - Processing /usr/local/python/3.10.13/lib/python3.10/site-packages/airflow/example_dags/example_task_group_decorator.py took 0.095 seconds
[2024-08-16T06:53:56.225+0000] {processor.py:186} INFO - Started process (PID=15565) to work on /usr/local/python/3.10.13/lib/python3.10/site-packages/airflow/example_dags/example_task_group_decorator.py
[2024-08-16T06:53:56.226+0000] {processor.py:914} INFO - Processing file /usr/local/python/3.10.13/lib/python3.10/site-packages/airflow/example_dags/example_task_group_decorator.py for tasks to queue
[2024-08-16T06:53:56.228+0000] {logging_mixin.py:190} INFO - [2024-08-16T06:53:56.228+0000] {dagbag.py:587} INFO - Filling up the DagBag from /usr/local/python/3.10.13/lib/python3.10/site-packages/airflow/example_dags/example_task_group_decorator.py
[2024-08-16T06:53:56.250+0000] {processor.py:925} INFO - DAG(s) 'example_task_group_decorator' retrieved from /usr/local/python/3.10.13/lib/python3.10/site-packages/airflow/example_dags/example_task_group_decorator.py
[2024-08-16T06:53:56.278+0000] {logging_mixin.py:190} INFO - [2024-08-16T06:53:56.277+0000] {dag.py:3211} INFO - Sync 1 DAGs
[2024-08-16T06:53:56.303+0000] {logging_mixin.py:190} INFO - [2024-08-16T06:53:56.302+0000] {dag.py:4138} INFO - Setting next_dagrun for example_task_group_decorator to 2024-08-15 00:00:00+00:00, run_after=2024-08-16 00:00:00+00:00
[2024-08-16T06:53:56.348+0000] {processor.py:208} INFO - Processing /usr/local/python/3.10.13/lib/python3.10/site-packages/airflow/example_dags/example_task_group_decorator.py took 0.130 seconds
[2024-08-16T06:54:50.694+0000] {processor.py:186} INFO - Started process (PID=15954) to work on /usr/local/python/3.10.13/lib/python3.10/site-packages/airflow/example_dags/example_task_group_decorator.py
[2024-08-16T06:54:50.695+0000] {processor.py:914} INFO - Processing file /usr/local/python/3.10.13/lib/python3.10/site-packages/airflow/example_dags/example_task_group_decorator.py for tasks to queue
[2024-08-16T06:54:50.697+0000] {logging_mixin.py:190} INFO - [2024-08-16T06:54:50.697+0000] {dagbag.py:587} INFO - Filling up the DagBag from /usr/local/python/3.10.13/lib/python3.10/site-packages/airflow/example_dags/example_task_group_decorator.py
[2024-08-16T06:54:50.719+0000] {processor.py:925} INFO - DAG(s) 'example_task_group_decorator' retrieved from /usr/local/python/3.10.13/lib/python3.10/site-packages/airflow/example_dags/example_task_group_decorator.py
[2024-08-16T06:54:50.747+0000] {logging_mixin.py:190} INFO - [2024-08-16T06:54:50.747+0000] {dag.py:3211} INFO - Sync 1 DAGs
[2024-08-16T06:54:50.768+0000] {logging_mixin.py:190} INFO - [2024-08-16T06:54:50.768+0000] {dag.py:4138} INFO - Setting next_dagrun for example_task_group_decorator to 2024-08-15 00:00:00+00:00, run_after=2024-08-16 00:00:00+00:00
[2024-08-16T06:54:50.808+0000] {processor.py:208} INFO - Processing /usr/local/python/3.10.13/lib/python3.10/site-packages/airflow/example_dags/example_task_group_decorator.py took 0.121 seconds
[2024-08-16T06:55:46.515+0000] {processor.py:186} INFO - Started process (PID=16327) to work on /usr/local/python/3.10.13/lib/python3.10/site-packages/airflow/example_dags/example_task_group_decorator.py
[2024-08-16T06:55:46.516+0000] {processor.py:914} INFO - Processing file /usr/local/python/3.10.13/lib/python3.10/site-packages/airflow/example_dags/example_task_group_decorator.py for tasks to queue
[2024-08-16T06:55:46.518+0000] {logging_mixin.py:190} INFO - [2024-08-16T06:55:46.518+0000] {dagbag.py:587} INFO - Filling up the DagBag from /usr/local/python/3.10.13/lib/python3.10/site-packages/airflow/example_dags/example_task_group_decorator.py
[2024-08-16T06:55:46.547+0000] {processor.py:925} INFO - DAG(s) 'example_task_group_decorator' retrieved from /usr/local/python/3.10.13/lib/python3.10/site-packages/airflow/example_dags/example_task_group_decorator.py
[2024-08-16T06:55:46.575+0000] {logging_mixin.py:190} INFO - [2024-08-16T06:55:46.575+0000] {dag.py:3211} INFO - Sync 1 DAGs
[2024-08-16T06:55:46.599+0000] {logging_mixin.py:190} INFO - [2024-08-16T06:55:46.599+0000] {dag.py:4138} INFO - Setting next_dagrun for example_task_group_decorator to 2024-08-15 00:00:00+00:00, run_after=2024-08-16 00:00:00+00:00
[2024-08-16T06:55:46.646+0000] {processor.py:208} INFO - Processing /usr/local/python/3.10.13/lib/python3.10/site-packages/airflow/example_dags/example_task_group_decorator.py took 0.138 seconds
[2024-08-16T06:56:44.846+0000] {processor.py:186} INFO - Started process (PID=16722) to work on /usr/local/python/3.10.13/lib/python3.10/site-packages/airflow/example_dags/example_task_group_decorator.py
[2024-08-16T06:56:44.846+0000] {processor.py:914} INFO - Processing file /usr/local/python/3.10.13/lib/python3.10/site-packages/airflow/example_dags/example_task_group_decorator.py for tasks to queue
[2024-08-16T06:56:44.848+0000] {logging_mixin.py:190} INFO - [2024-08-16T06:56:44.848+0000] {dagbag.py:587} INFO - Filling up the DagBag from /usr/local/python/3.10.13/lib/python3.10/site-packages/airflow/example_dags/example_task_group_decorator.py
[2024-08-16T06:56:44.862+0000] {processor.py:925} INFO - DAG(s) 'example_task_group_decorator' retrieved from /usr/local/python/3.10.13/lib/python3.10/site-packages/airflow/example_dags/example_task_group_decorator.py
[2024-08-16T06:56:44.882+0000] {logging_mixin.py:190} INFO - [2024-08-16T06:56:44.882+0000] {dag.py:3211} INFO - Sync 1 DAGs
[2024-08-16T06:56:44.898+0000] {logging_mixin.py:190} INFO - [2024-08-16T06:56:44.898+0000] {dag.py:4138} INFO - Setting next_dagrun for example_task_group_decorator to 2024-08-15 00:00:00+00:00, run_after=2024-08-16 00:00:00+00:00
[2024-08-16T06:56:44.939+0000] {processor.py:208} INFO - Processing /usr/local/python/3.10.13/lib/python3.10/site-packages/airflow/example_dags/example_task_group_decorator.py took 0.098 seconds
[2024-08-16T06:57:39.919+0000] {processor.py:186} INFO - Started process (PID=17092) to work on /usr/local/python/3.10.13/lib/python3.10/site-packages/airflow/example_dags/example_task_group_decorator.py
[2024-08-16T06:57:39.920+0000] {processor.py:914} INFO - Processing file /usr/local/python/3.10.13/lib/python3.10/site-packages/airflow/example_dags/example_task_group_decorator.py for tasks to queue
[2024-08-16T06:57:39.921+0000] {logging_mixin.py:190} INFO - [2024-08-16T06:57:39.921+0000] {dagbag.py:587} INFO - Filling up the DagBag from /usr/local/python/3.10.13/lib/python3.10/site-packages/airflow/example_dags/example_task_group_decorator.py
[2024-08-16T06:57:39.935+0000] {processor.py:925} INFO - DAG(s) 'example_task_group_decorator' retrieved from /usr/local/python/3.10.13/lib/python3.10/site-packages/airflow/example_dags/example_task_group_decorator.py
[2024-08-16T06:57:39.952+0000] {logging_mixin.py:190} INFO - [2024-08-16T06:57:39.952+0000] {dag.py:3211} INFO - Sync 1 DAGs
[2024-08-16T06:57:39.967+0000] {logging_mixin.py:190} INFO - [2024-08-16T06:57:39.967+0000] {dag.py:4138} INFO - Setting next_dagrun for example_task_group_decorator to 2024-08-15 00:00:00+00:00, run_after=2024-08-16 00:00:00+00:00
[2024-08-16T06:57:40.007+0000] {processor.py:208} INFO - Processing /usr/local/python/3.10.13/lib/python3.10/site-packages/airflow/example_dags/example_task_group_decorator.py took 0.093 seconds
[2024-08-16T06:58:32.922+0000] {processor.py:186} INFO - Started process (PID=17454) to work on /usr/local/python/3.10.13/lib/python3.10/site-packages/airflow/example_dags/example_task_group_decorator.py
[2024-08-16T06:58:32.923+0000] {processor.py:914} INFO - Processing file /usr/local/python/3.10.13/lib/python3.10/site-packages/airflow/example_dags/example_task_group_decorator.py for tasks to queue
[2024-08-16T06:58:32.924+0000] {logging_mixin.py:190} INFO - [2024-08-16T06:58:32.924+0000] {dagbag.py:587} INFO - Filling up the DagBag from /usr/local/python/3.10.13/lib/python3.10/site-packages/airflow/example_dags/example_task_group_decorator.py
[2024-08-16T06:58:32.938+0000] {processor.py:925} INFO - DAG(s) 'example_task_group_decorator' retrieved from /usr/local/python/3.10.13/lib/python3.10/site-packages/airflow/example_dags/example_task_group_decorator.py
[2024-08-16T06:58:32.956+0000] {logging_mixin.py:190} INFO - [2024-08-16T06:58:32.955+0000] {dag.py:3211} INFO - Sync 1 DAGs
[2024-08-16T06:58:32.972+0000] {logging_mixin.py:190} INFO - [2024-08-16T06:58:32.972+0000] {dag.py:4138} INFO - Setting next_dagrun for example_task_group_decorator to 2024-08-15 00:00:00+00:00, run_after=2024-08-16 00:00:00+00:00
[2024-08-16T06:58:33.013+0000] {processor.py:208} INFO - Processing /usr/local/python/3.10.13/lib/python3.10/site-packages/airflow/example_dags/example_task_group_decorator.py took 0.096 seconds
[2024-08-16T06:59:24.924+0000] {processor.py:186} INFO - Started process (PID=17937) to work on /usr/local/python/3.10.13/lib/python3.10/site-packages/airflow/example_dags/example_task_group_decorator.py
[2024-08-16T06:59:24.925+0000] {processor.py:914} INFO - Processing file /usr/local/python/3.10.13/lib/python3.10/site-packages/airflow/example_dags/example_task_group_decorator.py for tasks to queue
[2024-08-16T06:59:24.927+0000] {logging_mixin.py:190} INFO - [2024-08-16T06:59:24.926+0000] {dagbag.py:587} INFO - Filling up the DagBag from /usr/local/python/3.10.13/lib/python3.10/site-packages/airflow/example_dags/example_task_group_decorator.py
[2024-08-16T06:59:24.940+0000] {processor.py:925} INFO - DAG(s) 'example_task_group_decorator' retrieved from /usr/local/python/3.10.13/lib/python3.10/site-packages/airflow/example_dags/example_task_group_decorator.py
[2024-08-16T06:59:24.957+0000] {logging_mixin.py:190} INFO - [2024-08-16T06:59:24.957+0000] {dag.py:3211} INFO - Sync 1 DAGs
[2024-08-16T06:59:24.973+0000] {logging_mixin.py:190} INFO - [2024-08-16T06:59:24.973+0000] {dag.py:4138} INFO - Setting next_dagrun for example_task_group_decorator to 2024-08-15 00:00:00+00:00, run_after=2024-08-16 00:00:00+00:00
[2024-08-16T06:59:25.012+0000] {processor.py:208} INFO - Processing /usr/local/python/3.10.13/lib/python3.10/site-packages/airflow/example_dags/example_task_group_decorator.py took 0.092 seconds
[2024-08-16T07:00:17.625+0000] {processor.py:186} INFO - Started process (PID=18376) to work on /usr/local/python/3.10.13/lib/python3.10/site-packages/airflow/example_dags/example_task_group_decorator.py
[2024-08-16T07:00:17.626+0000] {processor.py:914} INFO - Processing file /usr/local/python/3.10.13/lib/python3.10/site-packages/airflow/example_dags/example_task_group_decorator.py for tasks to queue
[2024-08-16T07:00:17.628+0000] {logging_mixin.py:190} INFO - [2024-08-16T07:00:17.628+0000] {dagbag.py:587} INFO - Filling up the DagBag from /usr/local/python/3.10.13/lib/python3.10/site-packages/airflow/example_dags/example_task_group_decorator.py
[2024-08-16T07:00:17.650+0000] {processor.py:925} INFO - DAG(s) 'example_task_group_decorator' retrieved from /usr/local/python/3.10.13/lib/python3.10/site-packages/airflow/example_dags/example_task_group_decorator.py
[2024-08-16T07:00:17.677+0000] {logging_mixin.py:190} INFO - [2024-08-16T07:00:17.677+0000] {dag.py:3211} INFO - Sync 1 DAGs
[2024-08-16T07:00:17.702+0000] {logging_mixin.py:190} INFO - [2024-08-16T07:00:17.702+0000] {dag.py:4138} INFO - Setting next_dagrun for example_task_group_decorator to 2024-08-15 00:00:00+00:00, run_after=2024-08-16 00:00:00+00:00
[2024-08-16T07:00:17.750+0000] {processor.py:208} INFO - Processing /usr/local/python/3.10.13/lib/python3.10/site-packages/airflow/example_dags/example_task_group_decorator.py took 0.132 seconds
[2024-08-16T07:01:10.993+0000] {processor.py:186} INFO - Started process (PID=18816) to work on /usr/local/python/3.10.13/lib/python3.10/site-packages/airflow/example_dags/example_task_group_decorator.py
[2024-08-16T07:01:10.994+0000] {processor.py:914} INFO - Processing file /usr/local/python/3.10.13/lib/python3.10/site-packages/airflow/example_dags/example_task_group_decorator.py for tasks to queue
[2024-08-16T07:01:10.995+0000] {logging_mixin.py:190} INFO - [2024-08-16T07:01:10.995+0000] {dagbag.py:587} INFO - Filling up the DagBag from /usr/local/python/3.10.13/lib/python3.10/site-packages/airflow/example_dags/example_task_group_decorator.py
[2024-08-16T07:01:11.009+0000] {processor.py:925} INFO - DAG(s) 'example_task_group_decorator' retrieved from /usr/local/python/3.10.13/lib/python3.10/site-packages/airflow/example_dags/example_task_group_decorator.py
[2024-08-16T07:01:11.026+0000] {logging_mixin.py:190} INFO - [2024-08-16T07:01:11.026+0000] {dag.py:3211} INFO - Sync 1 DAGs
[2024-08-16T07:01:11.042+0000] {logging_mixin.py:190} INFO - [2024-08-16T07:01:11.042+0000] {dag.py:4138} INFO - Setting next_dagrun for example_task_group_decorator to 2024-08-15 00:00:00+00:00, run_after=2024-08-16 00:00:00+00:00
[2024-08-16T07:01:11.084+0000] {processor.py:208} INFO - Processing /usr/local/python/3.10.13/lib/python3.10/site-packages/airflow/example_dags/example_task_group_decorator.py took 0.095 seconds
[2024-08-16T07:02:02.897+0000] {processor.py:186} INFO - Started process (PID=19189) to work on /usr/local/python/3.10.13/lib/python3.10/site-packages/airflow/example_dags/example_task_group_decorator.py
[2024-08-16T07:02:02.898+0000] {processor.py:914} INFO - Processing file /usr/local/python/3.10.13/lib/python3.10/site-packages/airflow/example_dags/example_task_group_decorator.py for tasks to queue
[2024-08-16T07:02:02.900+0000] {logging_mixin.py:190} INFO - [2024-08-16T07:02:02.899+0000] {dagbag.py:587} INFO - Filling up the DagBag from /usr/local/python/3.10.13/lib/python3.10/site-packages/airflow/example_dags/example_task_group_decorator.py
[2024-08-16T07:02:02.913+0000] {processor.py:925} INFO - DAG(s) 'example_task_group_decorator' retrieved from /usr/local/python/3.10.13/lib/python3.10/site-packages/airflow/example_dags/example_task_group_decorator.py
[2024-08-16T07:02:02.930+0000] {logging_mixin.py:190} INFO - [2024-08-16T07:02:02.929+0000] {dag.py:3211} INFO - Sync 1 DAGs
[2024-08-16T07:02:02.945+0000] {logging_mixin.py:190} INFO - [2024-08-16T07:02:02.945+0000] {dag.py:4138} INFO - Setting next_dagrun for example_task_group_decorator to 2024-08-15 00:00:00+00:00, run_after=2024-08-16 00:00:00+00:00
[2024-08-16T07:02:02.989+0000] {processor.py:208} INFO - Processing /usr/local/python/3.10.13/lib/python3.10/site-packages/airflow/example_dags/example_task_group_decorator.py took 0.096 seconds
