[2024-08-16T06:46:38.520+0000] {processor.py:186} INFO - Started process (PID=12522) to work on /usr/local/python/3.10.13/lib/python3.10/site-packages/airflow/example_dags/example_trigger_controller_dag.py
[2024-08-16T06:46:38.521+0000] {processor.py:914} INFO - Processing file /usr/local/python/3.10.13/lib/python3.10/site-packages/airflow/example_dags/example_trigger_controller_dag.py for tasks to queue
[2024-08-16T06:46:38.525+0000] {logging_mixin.py:190} INFO - [2024-08-16T06:46:38.524+0000] {dagbag.py:587} INFO - Filling up the DagBag from /usr/local/python/3.10.13/lib/python3.10/site-packages/airflow/example_dags/example_trigger_controller_dag.py
[2024-08-16T06:46:38.532+0000] {processor.py:925} INFO - DAG(s) 'example_trigger_controller_dag' retrieved from /usr/local/python/3.10.13/lib/python3.10/site-packages/airflow/example_dags/example_trigger_controller_dag.py
[2024-08-16T06:46:38.672+0000] {logging_mixin.py:190} INFO - [2024-08-16T06:46:38.671+0000] {override.py:1858} INFO - Created Permission View: can edit on DAG:example_trigger_controller_dag
[2024-08-16T06:46:38.706+0000] {logging_mixin.py:190} INFO - [2024-08-16T06:46:38.706+0000] {override.py:1858} INFO - Created Permission View: can read on DAG:example_trigger_controller_dag
[2024-08-16T06:46:38.743+0000] {logging_mixin.py:190} INFO - [2024-08-16T06:46:38.742+0000] {override.py:1858} INFO - Created Permission View: can delete on DAG:example_trigger_controller_dag
[2024-08-16T06:46:38.743+0000] {logging_mixin.py:190} INFO - [2024-08-16T06:46:38.743+0000] {dag.py:3211} INFO - Sync 1 DAGs
[2024-08-16T06:46:38.754+0000] {logging_mixin.py:190} INFO - [2024-08-16T06:46:38.754+0000] {dag.py:3234} INFO - Creating ORM DAG for example_trigger_controller_dag
[2024-08-16T06:46:38.760+0000] {logging_mixin.py:190} INFO - [2024-08-16T06:46:38.760+0000] {dag.py:4138} INFO - Setting next_dagrun for example_trigger_controller_dag to 2021-01-01 00:00:00+00:00, run_after=2021-01-01 00:00:00+00:00
[2024-08-16T06:46:38.805+0000] {processor.py:208} INFO - Processing /usr/local/python/3.10.13/lib/python3.10/site-packages/airflow/example_dags/example_trigger_controller_dag.py took 0.292 seconds
[2024-08-16T06:47:45.167+0000] {processor.py:186} INFO - Started process (PID=13021) to work on /usr/local/python/3.10.13/lib/python3.10/site-packages/airflow/example_dags/example_trigger_controller_dag.py
[2024-08-16T06:47:45.168+0000] {processor.py:914} INFO - Processing file /usr/local/python/3.10.13/lib/python3.10/site-packages/airflow/example_dags/example_trigger_controller_dag.py for tasks to queue
[2024-08-16T06:47:45.170+0000] {logging_mixin.py:190} INFO - [2024-08-16T06:47:45.170+0000] {dagbag.py:587} INFO - Filling up the DagBag from /usr/local/python/3.10.13/lib/python3.10/site-packages/airflow/example_dags/example_trigger_controller_dag.py
[2024-08-16T06:47:45.177+0000] {processor.py:925} INFO - DAG(s) 'example_trigger_controller_dag' retrieved from /usr/local/python/3.10.13/lib/python3.10/site-packages/airflow/example_dags/example_trigger_controller_dag.py
[2024-08-16T06:47:45.188+0000] {logging_mixin.py:190} INFO - [2024-08-16T06:47:45.188+0000] {dag.py:3211} INFO - Sync 1 DAGs
[2024-08-16T06:47:45.204+0000] {logging_mixin.py:190} INFO - [2024-08-16T06:47:45.204+0000] {dag.py:4138} INFO - Setting next_dagrun for example_trigger_controller_dag to 2021-01-01 00:00:00+00:00, run_after=2021-01-01 00:00:00+00:00
[2024-08-16T06:47:45.246+0000] {processor.py:208} INFO - Processing /usr/local/python/3.10.13/lib/python3.10/site-packages/airflow/example_dags/example_trigger_controller_dag.py took 0.086 seconds
[2024-08-16T06:48:41.909+0000] {processor.py:186} INFO - Started process (PID=13395) to work on /usr/local/python/3.10.13/lib/python3.10/site-packages/airflow/example_dags/example_trigger_controller_dag.py
[2024-08-16T06:48:41.910+0000] {processor.py:914} INFO - Processing file /usr/local/python/3.10.13/lib/python3.10/site-packages/airflow/example_dags/example_trigger_controller_dag.py for tasks to queue
[2024-08-16T06:48:41.912+0000] {logging_mixin.py:190} INFO - [2024-08-16T06:48:41.912+0000] {dagbag.py:587} INFO - Filling up the DagBag from /usr/local/python/3.10.13/lib/python3.10/site-packages/airflow/example_dags/example_trigger_controller_dag.py
[2024-08-16T06:48:41.917+0000] {processor.py:925} INFO - DAG(s) 'example_trigger_controller_dag' retrieved from /usr/local/python/3.10.13/lib/python3.10/site-packages/airflow/example_dags/example_trigger_controller_dag.py
[2024-08-16T06:48:41.928+0000] {logging_mixin.py:190} INFO - [2024-08-16T06:48:41.928+0000] {dag.py:3211} INFO - Sync 1 DAGs
[2024-08-16T06:48:41.943+0000] {logging_mixin.py:190} INFO - [2024-08-16T06:48:41.943+0000] {dag.py:4138} INFO - Setting next_dagrun for example_trigger_controller_dag to 2021-01-01 00:00:00+00:00, run_after=2021-01-01 00:00:00+00:00
[2024-08-16T06:48:41.984+0000] {processor.py:208} INFO - Processing /usr/local/python/3.10.13/lib/python3.10/site-packages/airflow/example_dags/example_trigger_controller_dag.py took 0.079 seconds
[2024-08-16T06:49:38.530+0000] {processor.py:186} INFO - Started process (PID=13794) to work on /usr/local/python/3.10.13/lib/python3.10/site-packages/airflow/example_dags/example_trigger_controller_dag.py
[2024-08-16T06:49:38.531+0000] {processor.py:914} INFO - Processing file /usr/local/python/3.10.13/lib/python3.10/site-packages/airflow/example_dags/example_trigger_controller_dag.py for tasks to queue
[2024-08-16T06:49:38.533+0000] {logging_mixin.py:190} INFO - [2024-08-16T06:49:38.533+0000] {dagbag.py:587} INFO - Filling up the DagBag from /usr/local/python/3.10.13/lib/python3.10/site-packages/airflow/example_dags/example_trigger_controller_dag.py
[2024-08-16T06:49:38.540+0000] {processor.py:925} INFO - DAG(s) 'example_trigger_controller_dag' retrieved from /usr/local/python/3.10.13/lib/python3.10/site-packages/airflow/example_dags/example_trigger_controller_dag.py
[2024-08-16T06:49:38.557+0000] {logging_mixin.py:190} INFO - [2024-08-16T06:49:38.557+0000] {dag.py:3211} INFO - Sync 1 DAGs
[2024-08-16T06:49:38.581+0000] {logging_mixin.py:190} INFO - [2024-08-16T06:49:38.581+0000] {dag.py:4138} INFO - Setting next_dagrun for example_trigger_controller_dag to 2021-01-01 00:00:00+00:00, run_after=2021-01-01 00:00:00+00:00
[2024-08-16T06:49:38.626+0000] {processor.py:208} INFO - Processing /usr/local/python/3.10.13/lib/python3.10/site-packages/airflow/example_dags/example_trigger_controller_dag.py took 0.104 seconds
[2024-08-16T06:50:32.762+0000] {processor.py:186} INFO - Started process (PID=14156) to work on /usr/local/python/3.10.13/lib/python3.10/site-packages/airflow/example_dags/example_trigger_controller_dag.py
[2024-08-16T06:50:32.763+0000] {processor.py:914} INFO - Processing file /usr/local/python/3.10.13/lib/python3.10/site-packages/airflow/example_dags/example_trigger_controller_dag.py for tasks to queue
[2024-08-16T06:50:32.765+0000] {logging_mixin.py:190} INFO - [2024-08-16T06:50:32.765+0000] {dagbag.py:587} INFO - Filling up the DagBag from /usr/local/python/3.10.13/lib/python3.10/site-packages/airflow/example_dags/example_trigger_controller_dag.py
[2024-08-16T06:50:32.770+0000] {processor.py:925} INFO - DAG(s) 'example_trigger_controller_dag' retrieved from /usr/local/python/3.10.13/lib/python3.10/site-packages/airflow/example_dags/example_trigger_controller_dag.py
[2024-08-16T06:50:32.782+0000] {logging_mixin.py:190} INFO - [2024-08-16T06:50:32.782+0000] {dag.py:3211} INFO - Sync 1 DAGs
[2024-08-16T06:50:32.797+0000] {logging_mixin.py:190} INFO - [2024-08-16T06:50:32.797+0000] {dag.py:4138} INFO - Setting next_dagrun for example_trigger_controller_dag to 2021-01-01 00:00:00+00:00, run_after=2021-01-01 00:00:00+00:00
[2024-08-16T06:50:32.837+0000] {processor.py:208} INFO - Processing /usr/local/python/3.10.13/lib/python3.10/site-packages/airflow/example_dags/example_trigger_controller_dag.py took 0.079 seconds
[2024-08-16T06:51:22.431+0000] {processor.py:186} INFO - Started process (PID=14509) to work on /usr/local/python/3.10.13/lib/python3.10/site-packages/airflow/example_dags/example_trigger_controller_dag.py
[2024-08-16T06:51:22.431+0000] {processor.py:914} INFO - Processing file /usr/local/python/3.10.13/lib/python3.10/site-packages/airflow/example_dags/example_trigger_controller_dag.py for tasks to queue
[2024-08-16T06:51:22.433+0000] {logging_mixin.py:190} INFO - [2024-08-16T06:51:22.433+0000] {dagbag.py:587} INFO - Filling up the DagBag from /usr/local/python/3.10.13/lib/python3.10/site-packages/airflow/example_dags/example_trigger_controller_dag.py
[2024-08-16T06:51:22.438+0000] {processor.py:925} INFO - DAG(s) 'example_trigger_controller_dag' retrieved from /usr/local/python/3.10.13/lib/python3.10/site-packages/airflow/example_dags/example_trigger_controller_dag.py
[2024-08-16T06:51:22.449+0000] {logging_mixin.py:190} INFO - [2024-08-16T06:51:22.449+0000] {dag.py:3211} INFO - Sync 1 DAGs
[2024-08-16T06:51:22.464+0000] {logging_mixin.py:190} INFO - [2024-08-16T06:51:22.464+0000] {dag.py:4138} INFO - Setting next_dagrun for example_trigger_controller_dag to 2021-01-01 00:00:00+00:00, run_after=2021-01-01 00:00:00+00:00
[2024-08-16T06:51:22.504+0000] {processor.py:208} INFO - Processing /usr/local/python/3.10.13/lib/python3.10/site-packages/airflow/example_dags/example_trigger_controller_dag.py took 0.078 seconds
[2024-08-16T06:52:13.263+0000] {processor.py:186} INFO - Started process (PID=14862) to work on /usr/local/python/3.10.13/lib/python3.10/site-packages/airflow/example_dags/example_trigger_controller_dag.py
[2024-08-16T06:52:13.264+0000] {processor.py:914} INFO - Processing file /usr/local/python/3.10.13/lib/python3.10/site-packages/airflow/example_dags/example_trigger_controller_dag.py for tasks to queue
[2024-08-16T06:52:13.266+0000] {logging_mixin.py:190} INFO - [2024-08-16T06:52:13.266+0000] {dagbag.py:587} INFO - Filling up the DagBag from /usr/local/python/3.10.13/lib/python3.10/site-packages/airflow/example_dags/example_trigger_controller_dag.py
[2024-08-16T06:52:13.271+0000] {processor.py:925} INFO - DAG(s) 'example_trigger_controller_dag' retrieved from /usr/local/python/3.10.13/lib/python3.10/site-packages/airflow/example_dags/example_trigger_controller_dag.py
[2024-08-16T06:52:13.283+0000] {logging_mixin.py:190} INFO - [2024-08-16T06:52:13.283+0000] {dag.py:3211} INFO - Sync 1 DAGs
[2024-08-16T06:52:13.298+0000] {logging_mixin.py:190} INFO - [2024-08-16T06:52:13.298+0000] {dag.py:4138} INFO - Setting next_dagrun for example_trigger_controller_dag to 2021-01-01 00:00:00+00:00, run_after=2021-01-01 00:00:00+00:00
[2024-08-16T06:52:13.338+0000] {processor.py:208} INFO - Processing /usr/local/python/3.10.13/lib/python3.10/site-packages/airflow/example_dags/example_trigger_controller_dag.py took 0.079 seconds
[2024-08-16T06:53:03.789+0000] {processor.py:186} INFO - Started process (PID=15206) to work on /usr/local/python/3.10.13/lib/python3.10/site-packages/airflow/example_dags/example_trigger_controller_dag.py
[2024-08-16T06:53:03.790+0000] {processor.py:914} INFO - Processing file /usr/local/python/3.10.13/lib/python3.10/site-packages/airflow/example_dags/example_trigger_controller_dag.py for tasks to queue
[2024-08-16T06:53:03.791+0000] {logging_mixin.py:190} INFO - [2024-08-16T06:53:03.791+0000] {dagbag.py:587} INFO - Filling up the DagBag from /usr/local/python/3.10.13/lib/python3.10/site-packages/airflow/example_dags/example_trigger_controller_dag.py
[2024-08-16T06:53:03.796+0000] {processor.py:925} INFO - DAG(s) 'example_trigger_controller_dag' retrieved from /usr/local/python/3.10.13/lib/python3.10/site-packages/airflow/example_dags/example_trigger_controller_dag.py
[2024-08-16T06:53:03.808+0000] {logging_mixin.py:190} INFO - [2024-08-16T06:53:03.807+0000] {dag.py:3211} INFO - Sync 1 DAGs
[2024-08-16T06:53:03.823+0000] {logging_mixin.py:190} INFO - [2024-08-16T06:53:03.823+0000] {dag.py:4138} INFO - Setting next_dagrun for example_trigger_controller_dag to 2021-01-01 00:00:00+00:00, run_after=2021-01-01 00:00:00+00:00
[2024-08-16T06:53:03.865+0000] {processor.py:208} INFO - Processing /usr/local/python/3.10.13/lib/python3.10/site-packages/airflow/example_dags/example_trigger_controller_dag.py took 0.081 seconds
[2024-08-16T06:53:58.574+0000] {processor.py:186} INFO - Started process (PID=15579) to work on /usr/local/python/3.10.13/lib/python3.10/site-packages/airflow/example_dags/example_trigger_controller_dag.py
[2024-08-16T06:53:58.574+0000] {processor.py:914} INFO - Processing file /usr/local/python/3.10.13/lib/python3.10/site-packages/airflow/example_dags/example_trigger_controller_dag.py for tasks to queue
[2024-08-16T06:53:58.576+0000] {logging_mixin.py:190} INFO - [2024-08-16T06:53:58.576+0000] {dagbag.py:587} INFO - Filling up the DagBag from /usr/local/python/3.10.13/lib/python3.10/site-packages/airflow/example_dags/example_trigger_controller_dag.py
[2024-08-16T06:53:58.581+0000] {processor.py:925} INFO - DAG(s) 'example_trigger_controller_dag' retrieved from /usr/local/python/3.10.13/lib/python3.10/site-packages/airflow/example_dags/example_trigger_controller_dag.py
[2024-08-16T06:53:58.593+0000] {logging_mixin.py:190} INFO - [2024-08-16T06:53:58.593+0000] {dag.py:3211} INFO - Sync 1 DAGs
[2024-08-16T06:53:58.609+0000] {logging_mixin.py:190} INFO - [2024-08-16T06:53:58.609+0000] {dag.py:4138} INFO - Setting next_dagrun for example_trigger_controller_dag to 2021-01-01 00:00:00+00:00, run_after=2021-01-01 00:00:00+00:00
[2024-08-16T06:53:58.651+0000] {processor.py:208} INFO - Processing /usr/local/python/3.10.13/lib/python3.10/site-packages/airflow/example_dags/example_trigger_controller_dag.py took 0.082 seconds
[2024-08-16T06:54:53.163+0000] {processor.py:186} INFO - Started process (PID=15969) to work on /usr/local/python/3.10.13/lib/python3.10/site-packages/airflow/example_dags/example_trigger_controller_dag.py
[2024-08-16T06:54:53.164+0000] {processor.py:914} INFO - Processing file /usr/local/python/3.10.13/lib/python3.10/site-packages/airflow/example_dags/example_trigger_controller_dag.py for tasks to queue
[2024-08-16T06:54:53.166+0000] {logging_mixin.py:190} INFO - [2024-08-16T06:54:53.165+0000] {dagbag.py:587} INFO - Filling up the DagBag from /usr/local/python/3.10.13/lib/python3.10/site-packages/airflow/example_dags/example_trigger_controller_dag.py
[2024-08-16T06:54:53.171+0000] {processor.py:925} INFO - DAG(s) 'example_trigger_controller_dag' retrieved from /usr/local/python/3.10.13/lib/python3.10/site-packages/airflow/example_dags/example_trigger_controller_dag.py
[2024-08-16T06:54:53.182+0000] {logging_mixin.py:190} INFO - [2024-08-16T06:54:53.182+0000] {dag.py:3211} INFO - Sync 1 DAGs
[2024-08-16T06:54:53.197+0000] {logging_mixin.py:190} INFO - [2024-08-16T06:54:53.197+0000] {dag.py:4138} INFO - Setting next_dagrun for example_trigger_controller_dag to 2021-01-01 00:00:00+00:00, run_after=2021-01-01 00:00:00+00:00
[2024-08-16T06:54:53.243+0000] {processor.py:208} INFO - Processing /usr/local/python/3.10.13/lib/python3.10/site-packages/airflow/example_dags/example_trigger_controller_dag.py took 0.085 seconds
[2024-08-16T06:55:48.029+0000] {processor.py:186} INFO - Started process (PID=16335) to work on /usr/local/python/3.10.13/lib/python3.10/site-packages/airflow/example_dags/example_trigger_controller_dag.py
[2024-08-16T06:55:48.030+0000] {processor.py:914} INFO - Processing file /usr/local/python/3.10.13/lib/python3.10/site-packages/airflow/example_dags/example_trigger_controller_dag.py for tasks to queue
[2024-08-16T06:55:48.033+0000] {logging_mixin.py:190} INFO - [2024-08-16T06:55:48.032+0000] {dagbag.py:587} INFO - Filling up the DagBag from /usr/local/python/3.10.13/lib/python3.10/site-packages/airflow/example_dags/example_trigger_controller_dag.py
[2024-08-16T06:55:48.040+0000] {processor.py:925} INFO - DAG(s) 'example_trigger_controller_dag' retrieved from /usr/local/python/3.10.13/lib/python3.10/site-packages/airflow/example_dags/example_trigger_controller_dag.py
[2024-08-16T06:55:48.058+0000] {logging_mixin.py:190} INFO - [2024-08-16T06:55:48.058+0000] {dag.py:3211} INFO - Sync 1 DAGs
[2024-08-16T06:55:48.082+0000] {logging_mixin.py:190} INFO - [2024-08-16T06:55:48.082+0000] {dag.py:4138} INFO - Setting next_dagrun for example_trigger_controller_dag to 2021-01-01 00:00:00+00:00, run_after=2021-01-01 00:00:00+00:00
[2024-08-16T06:55:48.129+0000] {processor.py:208} INFO - Processing /usr/local/python/3.10.13/lib/python3.10/site-packages/airflow/example_dags/example_trigger_controller_dag.py took 0.107 seconds
[2024-08-16T06:56:47.374+0000] {processor.py:186} INFO - Started process (PID=16742) to work on /usr/local/python/3.10.13/lib/python3.10/site-packages/airflow/example_dags/example_trigger_controller_dag.py
[2024-08-16T06:56:47.383+0000] {processor.py:914} INFO - Processing file /usr/local/python/3.10.13/lib/python3.10/site-packages/airflow/example_dags/example_trigger_controller_dag.py for tasks to queue
[2024-08-16T06:56:47.386+0000] {logging_mixin.py:190} INFO - [2024-08-16T06:56:47.386+0000] {dagbag.py:587} INFO - Filling up the DagBag from /usr/local/python/3.10.13/lib/python3.10/site-packages/airflow/example_dags/example_trigger_controller_dag.py
[2024-08-16T06:56:47.394+0000] {processor.py:925} INFO - DAG(s) 'example_trigger_controller_dag' retrieved from /usr/local/python/3.10.13/lib/python3.10/site-packages/airflow/example_dags/example_trigger_controller_dag.py
[2024-08-16T06:56:47.414+0000] {logging_mixin.py:190} INFO - [2024-08-16T06:56:47.414+0000] {dag.py:3211} INFO - Sync 1 DAGs
[2024-08-16T06:56:47.439+0000] {logging_mixin.py:190} INFO - [2024-08-16T06:56:47.438+0000] {dag.py:4138} INFO - Setting next_dagrun for example_trigger_controller_dag to 2021-01-01 00:00:00+00:00, run_after=2021-01-01 00:00:00+00:00
[2024-08-16T06:56:47.492+0000] {processor.py:208} INFO - Processing /usr/local/python/3.10.13/lib/python3.10/site-packages/airflow/example_dags/example_trigger_controller_dag.py took 0.125 seconds
[2024-08-16T06:57:42.111+0000] {processor.py:186} INFO - Started process (PID=17107) to work on /usr/local/python/3.10.13/lib/python3.10/site-packages/airflow/example_dags/example_trigger_controller_dag.py
[2024-08-16T06:57:42.112+0000] {processor.py:914} INFO - Processing file /usr/local/python/3.10.13/lib/python3.10/site-packages/airflow/example_dags/example_trigger_controller_dag.py for tasks to queue
[2024-08-16T06:57:42.115+0000] {logging_mixin.py:190} INFO - [2024-08-16T06:57:42.115+0000] {dagbag.py:587} INFO - Filling up the DagBag from /usr/local/python/3.10.13/lib/python3.10/site-packages/airflow/example_dags/example_trigger_controller_dag.py
[2024-08-16T06:57:42.122+0000] {processor.py:925} INFO - DAG(s) 'example_trigger_controller_dag' retrieved from /usr/local/python/3.10.13/lib/python3.10/site-packages/airflow/example_dags/example_trigger_controller_dag.py
[2024-08-16T06:57:42.147+0000] {logging_mixin.py:190} INFO - [2024-08-16T06:57:42.147+0000] {dag.py:3211} INFO - Sync 1 DAGs
[2024-08-16T06:57:42.178+0000] {logging_mixin.py:190} INFO - [2024-08-16T06:57:42.178+0000] {dag.py:4138} INFO - Setting next_dagrun for example_trigger_controller_dag to 2021-01-01 00:00:00+00:00, run_after=2021-01-01 00:00:00+00:00
[2024-08-16T06:57:42.232+0000] {processor.py:208} INFO - Processing /usr/local/python/3.10.13/lib/python3.10/site-packages/airflow/example_dags/example_trigger_controller_dag.py took 0.127 seconds
[2024-08-16T06:58:35.298+0000] {processor.py:186} INFO - Started process (PID=17493) to work on /usr/local/python/3.10.13/lib/python3.10/site-packages/airflow/example_dags/example_trigger_controller_dag.py
[2024-08-16T06:58:35.299+0000] {processor.py:914} INFO - Processing file /usr/local/python/3.10.13/lib/python3.10/site-packages/airflow/example_dags/example_trigger_controller_dag.py for tasks to queue
[2024-08-16T06:58:35.300+0000] {logging_mixin.py:190} INFO - [2024-08-16T06:58:35.300+0000] {dagbag.py:587} INFO - Filling up the DagBag from /usr/local/python/3.10.13/lib/python3.10/site-packages/airflow/example_dags/example_trigger_controller_dag.py
[2024-08-16T06:58:35.306+0000] {processor.py:925} INFO - DAG(s) 'example_trigger_controller_dag' retrieved from /usr/local/python/3.10.13/lib/python3.10/site-packages/airflow/example_dags/example_trigger_controller_dag.py
[2024-08-16T06:58:35.317+0000] {logging_mixin.py:190} INFO - [2024-08-16T06:58:35.317+0000] {dag.py:3211} INFO - Sync 1 DAGs
[2024-08-16T06:58:35.333+0000] {logging_mixin.py:190} INFO - [2024-08-16T06:58:35.333+0000] {dag.py:4138} INFO - Setting next_dagrun for example_trigger_controller_dag to 2021-01-01 00:00:00+00:00, run_after=2021-01-01 00:00:00+00:00
[2024-08-16T06:58:35.404+0000] {processor.py:208} INFO - Processing /usr/local/python/3.10.13/lib/python3.10/site-packages/airflow/example_dags/example_trigger_controller_dag.py took 0.110 seconds
[2024-08-16T06:59:27.340+0000] {processor.py:186} INFO - Started process (PID=17974) to work on /usr/local/python/3.10.13/lib/python3.10/site-packages/airflow/example_dags/example_trigger_controller_dag.py
[2024-08-16T06:59:27.341+0000] {processor.py:914} INFO - Processing file /usr/local/python/3.10.13/lib/python3.10/site-packages/airflow/example_dags/example_trigger_controller_dag.py for tasks to queue
[2024-08-16T06:59:27.343+0000] {logging_mixin.py:190} INFO - [2024-08-16T06:59:27.343+0000] {dagbag.py:587} INFO - Filling up the DagBag from /usr/local/python/3.10.13/lib/python3.10/site-packages/airflow/example_dags/example_trigger_controller_dag.py
[2024-08-16T06:59:27.351+0000] {processor.py:925} INFO - DAG(s) 'example_trigger_controller_dag' retrieved from /usr/local/python/3.10.13/lib/python3.10/site-packages/airflow/example_dags/example_trigger_controller_dag.py
[2024-08-16T06:59:27.368+0000] {logging_mixin.py:190} INFO - [2024-08-16T06:59:27.367+0000] {dag.py:3211} INFO - Sync 1 DAGs
[2024-08-16T06:59:27.391+0000] {logging_mixin.py:190} INFO - [2024-08-16T06:59:27.391+0000] {dag.py:4138} INFO - Setting next_dagrun for example_trigger_controller_dag to 2021-01-01 00:00:00+00:00, run_after=2021-01-01 00:00:00+00:00
[2024-08-16T06:59:27.441+0000] {processor.py:208} INFO - Processing /usr/local/python/3.10.13/lib/python3.10/site-packages/airflow/example_dags/example_trigger_controller_dag.py took 0.108 seconds
[2024-08-16T07:00:20.003+0000] {processor.py:186} INFO - Started process (PID=18390) to work on /usr/local/python/3.10.13/lib/python3.10/site-packages/airflow/example_dags/example_trigger_controller_dag.py
[2024-08-16T07:00:20.004+0000] {processor.py:914} INFO - Processing file /usr/local/python/3.10.13/lib/python3.10/site-packages/airflow/example_dags/example_trigger_controller_dag.py for tasks to queue
[2024-08-16T07:00:20.005+0000] {logging_mixin.py:190} INFO - [2024-08-16T07:00:20.005+0000] {dagbag.py:587} INFO - Filling up the DagBag from /usr/local/python/3.10.13/lib/python3.10/site-packages/airflow/example_dags/example_trigger_controller_dag.py
[2024-08-16T07:00:20.010+0000] {processor.py:925} INFO - DAG(s) 'example_trigger_controller_dag' retrieved from /usr/local/python/3.10.13/lib/python3.10/site-packages/airflow/example_dags/example_trigger_controller_dag.py
[2024-08-16T07:00:20.022+0000] {logging_mixin.py:190} INFO - [2024-08-16T07:00:20.022+0000] {dag.py:3211} INFO - Sync 1 DAGs
[2024-08-16T07:00:20.037+0000] {logging_mixin.py:190} INFO - [2024-08-16T07:00:20.037+0000] {dag.py:4138} INFO - Setting next_dagrun for example_trigger_controller_dag to 2021-01-01 00:00:00+00:00, run_after=2021-01-01 00:00:00+00:00
[2024-08-16T07:00:20.079+0000] {processor.py:208} INFO - Processing /usr/local/python/3.10.13/lib/python3.10/site-packages/airflow/example_dags/example_trigger_controller_dag.py took 0.081 seconds
[2024-08-16T07:01:12.588+0000] {processor.py:186} INFO - Started process (PID=18830) to work on /usr/local/python/3.10.13/lib/python3.10/site-packages/airflow/example_dags/example_trigger_controller_dag.py
[2024-08-16T07:01:12.589+0000] {processor.py:914} INFO - Processing file /usr/local/python/3.10.13/lib/python3.10/site-packages/airflow/example_dags/example_trigger_controller_dag.py for tasks to queue
[2024-08-16T07:01:12.592+0000] {logging_mixin.py:190} INFO - [2024-08-16T07:01:12.591+0000] {dagbag.py:587} INFO - Filling up the DagBag from /usr/local/python/3.10.13/lib/python3.10/site-packages/airflow/example_dags/example_trigger_controller_dag.py
[2024-08-16T07:01:12.599+0000] {processor.py:925} INFO - DAG(s) 'example_trigger_controller_dag' retrieved from /usr/local/python/3.10.13/lib/python3.10/site-packages/airflow/example_dags/example_trigger_controller_dag.py
[2024-08-16T07:01:12.616+0000] {logging_mixin.py:190} INFO - [2024-08-16T07:01:12.615+0000] {dag.py:3211} INFO - Sync 1 DAGs
[2024-08-16T07:01:12.640+0000] {logging_mixin.py:190} INFO - [2024-08-16T07:01:12.640+0000] {dag.py:4138} INFO - Setting next_dagrun for example_trigger_controller_dag to 2021-01-01 00:00:00+00:00, run_after=2021-01-01 00:00:00+00:00
[2024-08-16T07:01:12.700+0000] {processor.py:208} INFO - Processing /usr/local/python/3.10.13/lib/python3.10/site-packages/airflow/example_dags/example_trigger_controller_dag.py took 0.119 seconds
[2024-08-16T07:02:04.747+0000] {processor.py:186} INFO - Started process (PID=19197) to work on /usr/local/python/3.10.13/lib/python3.10/site-packages/airflow/example_dags/example_trigger_controller_dag.py
[2024-08-16T07:02:04.747+0000] {processor.py:914} INFO - Processing file /usr/local/python/3.10.13/lib/python3.10/site-packages/airflow/example_dags/example_trigger_controller_dag.py for tasks to queue
[2024-08-16T07:02:04.749+0000] {logging_mixin.py:190} INFO - [2024-08-16T07:02:04.749+0000] {dagbag.py:587} INFO - Filling up the DagBag from /usr/local/python/3.10.13/lib/python3.10/site-packages/airflow/example_dags/example_trigger_controller_dag.py
[2024-08-16T07:02:04.755+0000] {processor.py:925} INFO - DAG(s) 'example_trigger_controller_dag' retrieved from /usr/local/python/3.10.13/lib/python3.10/site-packages/airflow/example_dags/example_trigger_controller_dag.py
[2024-08-16T07:02:04.766+0000] {logging_mixin.py:190} INFO - [2024-08-16T07:02:04.766+0000] {dag.py:3211} INFO - Sync 1 DAGs
[2024-08-16T07:02:04.781+0000] {logging_mixin.py:190} INFO - [2024-08-16T07:02:04.781+0000] {dag.py:4138} INFO - Setting next_dagrun for example_trigger_controller_dag to 2021-01-01 00:00:00+00:00, run_after=2021-01-01 00:00:00+00:00
[2024-08-16T07:02:04.827+0000] {processor.py:208} INFO - Processing /usr/local/python/3.10.13/lib/python3.10/site-packages/airflow/example_dags/example_trigger_controller_dag.py took 0.085 seconds
