[2024-08-16T06:46:46.069+0000] {processor.py:186} INFO - Started process (PID=12570) to work on /usr/local/python/3.10.13/lib/python3.10/site-packages/airflow/example_dags/example_datasets.py
[2024-08-16T06:46:46.070+0000] {processor.py:914} INFO - Processing file /usr/local/python/3.10.13/lib/python3.10/site-packages/airflow/example_dags/example_datasets.py for tasks to queue
[2024-08-16T06:46:46.072+0000] {logging_mixin.py:190} INFO - [2024-08-16T06:46:46.071+0000] {dagbag.py:587} INFO - Filling up the DagBag from /usr/local/python/3.10.13/lib/python3.10/site-packages/airflow/example_dags/example_datasets.py
[2024-08-16T06:46:46.085+0000] {processor.py:925} INFO - DAG(s) 'dataset_consumes_1_never_scheduled', 'consume_1_and_2_with_dataset_expressions', 'dataset_produces_1', 'dataset_consumes_1_and_2', 'dataset_produces_2', 'consume_1_or_2_with_dataset_expressions', 'dataset_consumes_unknown_never_scheduled', 'consume_1_or_both_2_and_3_with_dataset_expressions', 'conditional_dataset_and_time_based_timetable', 'dataset_consumes_1' retrieved from /usr/local/python/3.10.13/lib/python3.10/site-packages/airflow/example_dags/example_datasets.py
[2024-08-16T06:46:46.274+0000] {logging_mixin.py:190} INFO - [2024-08-16T06:46:46.273+0000] {override.py:1858} INFO - Created Permission View: can edit on DAG:dataset_consumes_1_never_scheduled
[2024-08-16T06:46:46.314+0000] {logging_mixin.py:190} INFO - [2024-08-16T06:46:46.313+0000] {override.py:1858} INFO - Created Permission View: can read on DAG:dataset_consumes_1_never_scheduled
[2024-08-16T06:46:46.348+0000] {logging_mixin.py:190} INFO - [2024-08-16T06:46:46.348+0000] {override.py:1858} INFO - Created Permission View: can delete on DAG:dataset_consumes_1_never_scheduled
[2024-08-16T06:46:46.432+0000] {logging_mixin.py:190} INFO - [2024-08-16T06:46:46.432+0000] {override.py:1858} INFO - Created Permission View: can edit on DAG:consume_1_and_2_with_dataset_expressions
[2024-08-16T06:46:46.464+0000] {logging_mixin.py:190} INFO - [2024-08-16T06:46:46.464+0000] {override.py:1858} INFO - Created Permission View: can read on DAG:consume_1_and_2_with_dataset_expressions
[2024-08-16T06:46:46.497+0000] {logging_mixin.py:190} INFO - [2024-08-16T06:46:46.496+0000] {override.py:1858} INFO - Created Permission View: can delete on DAG:consume_1_and_2_with_dataset_expressions
[2024-08-16T06:46:46.586+0000] {logging_mixin.py:190} INFO - [2024-08-16T06:46:46.585+0000] {override.py:1858} INFO - Created Permission View: can edit on DAG:dataset_produces_1
[2024-08-16T06:46:46.618+0000] {logging_mixin.py:190} INFO - [2024-08-16T06:46:46.617+0000] {override.py:1858} INFO - Created Permission View: can read on DAG:dataset_produces_1
[2024-08-16T06:46:46.649+0000] {logging_mixin.py:190} INFO - [2024-08-16T06:46:46.649+0000] {override.py:1858} INFO - Created Permission View: can delete on DAG:dataset_produces_1
[2024-08-16T06:46:46.716+0000] {logging_mixin.py:190} INFO - [2024-08-16T06:46:46.716+0000] {override.py:1858} INFO - Created Permission View: can edit on DAG:dataset_consumes_1_and_2
[2024-08-16T06:46:46.746+0000] {logging_mixin.py:190} INFO - [2024-08-16T06:46:46.746+0000] {override.py:1858} INFO - Created Permission View: can read on DAG:dataset_consumes_1_and_2
[2024-08-16T06:46:46.775+0000] {logging_mixin.py:190} INFO - [2024-08-16T06:46:46.775+0000] {override.py:1858} INFO - Created Permission View: can delete on DAG:dataset_consumes_1_and_2
[2024-08-16T06:46:46.847+0000] {logging_mixin.py:190} INFO - [2024-08-16T06:46:46.846+0000] {override.py:1858} INFO - Created Permission View: can edit on DAG:dataset_produces_2
[2024-08-16T06:46:46.878+0000] {logging_mixin.py:190} INFO - [2024-08-16T06:46:46.878+0000] {override.py:1858} INFO - Created Permission View: can read on DAG:dataset_produces_2
[2024-08-16T06:46:46.910+0000] {logging_mixin.py:190} INFO - [2024-08-16T06:46:46.909+0000] {override.py:1858} INFO - Created Permission View: can delete on DAG:dataset_produces_2
[2024-08-16T06:46:46.981+0000] {logging_mixin.py:190} INFO - [2024-08-16T06:46:46.981+0000] {override.py:1858} INFO - Created Permission View: can edit on DAG:consume_1_or_2_with_dataset_expressions
[2024-08-16T06:46:47.011+0000] {logging_mixin.py:190} INFO - [2024-08-16T06:46:47.011+0000] {override.py:1858} INFO - Created Permission View: can read on DAG:consume_1_or_2_with_dataset_expressions
[2024-08-16T06:46:47.041+0000] {logging_mixin.py:190} INFO - [2024-08-16T06:46:47.041+0000] {override.py:1858} INFO - Created Permission View: can delete on DAG:consume_1_or_2_with_dataset_expressions
[2024-08-16T06:46:47.110+0000] {logging_mixin.py:190} INFO - [2024-08-16T06:46:47.109+0000] {override.py:1858} INFO - Created Permission View: can edit on DAG:dataset_consumes_unknown_never_scheduled
[2024-08-16T06:46:47.139+0000] {logging_mixin.py:190} INFO - [2024-08-16T06:46:47.139+0000] {override.py:1858} INFO - Created Permission View: can read on DAG:dataset_consumes_unknown_never_scheduled
[2024-08-16T06:46:47.169+0000] {logging_mixin.py:190} INFO - [2024-08-16T06:46:47.168+0000] {override.py:1858} INFO - Created Permission View: can delete on DAG:dataset_consumes_unknown_never_scheduled
[2024-08-16T06:46:47.237+0000] {logging_mixin.py:190} INFO - [2024-08-16T06:46:47.237+0000] {override.py:1858} INFO - Created Permission View: can edit on DAG:consume_1_or_both_2_and_3_with_dataset_expressions
[2024-08-16T06:46:47.277+0000] {logging_mixin.py:190} INFO - [2024-08-16T06:46:47.277+0000] {override.py:1858} INFO - Created Permission View: can read on DAG:consume_1_or_both_2_and_3_with_dataset_expressions
[2024-08-16T06:46:47.307+0000] {logging_mixin.py:190} INFO - [2024-08-16T06:46:47.307+0000] {override.py:1858} INFO - Created Permission View: can delete on DAG:consume_1_or_both_2_and_3_with_dataset_expressions
[2024-08-16T06:46:47.385+0000] {logging_mixin.py:190} INFO - [2024-08-16T06:46:47.385+0000] {override.py:1858} INFO - Created Permission View: can edit on DAG:conditional_dataset_and_time_based_timetable
[2024-08-16T06:46:47.416+0000] {logging_mixin.py:190} INFO - [2024-08-16T06:46:47.415+0000] {override.py:1858} INFO - Created Permission View: can read on DAG:conditional_dataset_and_time_based_timetable
[2024-08-16T06:46:47.449+0000] {logging_mixin.py:190} INFO - [2024-08-16T06:46:47.449+0000] {override.py:1858} INFO - Created Permission View: can delete on DAG:conditional_dataset_and_time_based_timetable
[2024-08-16T06:46:47.515+0000] {logging_mixin.py:190} INFO - [2024-08-16T06:46:47.515+0000] {override.py:1858} INFO - Created Permission View: can edit on DAG:dataset_consumes_1
[2024-08-16T06:46:47.546+0000] {logging_mixin.py:190} INFO - [2024-08-16T06:46:47.546+0000] {override.py:1858} INFO - Created Permission View: can read on DAG:dataset_consumes_1
[2024-08-16T06:46:47.588+0000] {logging_mixin.py:190} INFO - [2024-08-16T06:46:47.588+0000] {override.py:1858} INFO - Created Permission View: can delete on DAG:dataset_consumes_1
[2024-08-16T06:46:47.589+0000] {logging_mixin.py:190} INFO - [2024-08-16T06:46:47.588+0000] {dag.py:3211} INFO - Sync 10 DAGs
[2024-08-16T06:46:47.598+0000] {logging_mixin.py:190} INFO - [2024-08-16T06:46:47.598+0000] {dag.py:3234} INFO - Creating ORM DAG for dataset_consumes_1_and_2
[2024-08-16T06:46:47.599+0000] {logging_mixin.py:190} INFO - [2024-08-16T06:46:47.599+0000] {dag.py:3234} INFO - Creating ORM DAG for consume_1_or_2_with_dataset_expressions
[2024-08-16T06:46:47.599+0000] {logging_mixin.py:190} INFO - [2024-08-16T06:46:47.599+0000] {dag.py:3234} INFO - Creating ORM DAG for consume_1_and_2_with_dataset_expressions
[2024-08-16T06:46:47.600+0000] {logging_mixin.py:190} INFO - [2024-08-16T06:46:47.600+0000] {dag.py:3234} INFO - Creating ORM DAG for consume_1_or_both_2_and_3_with_dataset_expressions
[2024-08-16T06:46:47.600+0000] {logging_mixin.py:190} INFO - [2024-08-16T06:46:47.600+0000] {dag.py:3234} INFO - Creating ORM DAG for dataset_produces_1
[2024-08-16T06:46:47.601+0000] {logging_mixin.py:190} INFO - [2024-08-16T06:46:47.601+0000] {dag.py:3234} INFO - Creating ORM DAG for dataset_consumes_1_never_scheduled
[2024-08-16T06:46:47.601+0000] {logging_mixin.py:190} INFO - [2024-08-16T06:46:47.601+0000] {dag.py:3234} INFO - Creating ORM DAG for dataset_consumes_1
[2024-08-16T06:46:47.602+0000] {logging_mixin.py:190} INFO - [2024-08-16T06:46:47.602+0000] {dag.py:3234} INFO - Creating ORM DAG for conditional_dataset_and_time_based_timetable
[2024-08-16T06:46:47.602+0000] {logging_mixin.py:190} INFO - [2024-08-16T06:46:47.602+0000] {dag.py:3234} INFO - Creating ORM DAG for dataset_consumes_unknown_never_scheduled
[2024-08-16T06:46:47.603+0000] {logging_mixin.py:190} INFO - [2024-08-16T06:46:47.603+0000] {dag.py:3234} INFO - Creating ORM DAG for dataset_produces_2
[2024-08-16T06:46:47.610+0000] {logging_mixin.py:190} INFO - [2024-08-16T06:46:47.610+0000] {dag.py:4138} INFO - Setting next_dagrun for conditional_dataset_and_time_based_timetable to 2024-08-14 01:00:00+00:00, run_after=2024-08-14 01:00:00+00:00
[2024-08-16T06:46:47.611+0000] {logging_mixin.py:190} INFO - [2024-08-16T06:46:47.611+0000] {dag.py:4138} INFO - Setting next_dagrun for consume_1_and_2_with_dataset_expressions to None, run_after=None
[2024-08-16T06:46:47.611+0000] {logging_mixin.py:190} INFO - [2024-08-16T06:46:47.611+0000] {dag.py:4138} INFO - Setting next_dagrun for consume_1_or_2_with_dataset_expressions to None, run_after=None
[2024-08-16T06:46:47.611+0000] {logging_mixin.py:190} INFO - [2024-08-16T06:46:47.611+0000] {dag.py:4138} INFO - Setting next_dagrun for consume_1_or_both_2_and_3_with_dataset_expressions to None, run_after=None
[2024-08-16T06:46:47.612+0000] {logging_mixin.py:190} INFO - [2024-08-16T06:46:47.612+0000] {dag.py:4138} INFO - Setting next_dagrun for dataset_consumes_1 to None, run_after=None
[2024-08-16T06:46:47.612+0000] {logging_mixin.py:190} INFO - [2024-08-16T06:46:47.612+0000] {dag.py:4138} INFO - Setting next_dagrun for dataset_consumes_1_and_2 to None, run_after=None
[2024-08-16T06:46:47.613+0000] {logging_mixin.py:190} INFO - [2024-08-16T06:46:47.613+0000] {dag.py:4138} INFO - Setting next_dagrun for dataset_consumes_1_never_scheduled to None, run_after=None
[2024-08-16T06:46:47.613+0000] {logging_mixin.py:190} INFO - [2024-08-16T06:46:47.613+0000] {dag.py:4138} INFO - Setting next_dagrun for dataset_consumes_unknown_never_scheduled to None, run_after=None
[2024-08-16T06:46:47.615+0000] {logging_mixin.py:190} INFO - [2024-08-16T06:46:47.615+0000] {dag.py:4138} INFO - Setting next_dagrun for dataset_produces_1 to 2024-08-15 00:00:00+00:00, run_after=2024-08-16 00:00:00+00:00
[2024-08-16T06:46:47.615+0000] {logging_mixin.py:190} INFO - [2024-08-16T06:46:47.615+0000] {dag.py:4138} INFO - Setting next_dagrun for dataset_produces_2 to None, run_after=None
[2024-08-16T06:46:47.686+0000] {processor.py:208} INFO - Processing /usr/local/python/3.10.13/lib/python3.10/site-packages/airflow/example_dags/example_datasets.py took 1.621 seconds
[2024-08-16T06:47:51.448+0000] {processor.py:186} INFO - Started process (PID=13051) to work on /usr/local/python/3.10.13/lib/python3.10/site-packages/airflow/example_dags/example_datasets.py
[2024-08-16T06:47:51.449+0000] {processor.py:914} INFO - Processing file /usr/local/python/3.10.13/lib/python3.10/site-packages/airflow/example_dags/example_datasets.py for tasks to queue
[2024-08-16T06:47:51.451+0000] {logging_mixin.py:190} INFO - [2024-08-16T06:47:51.450+0000] {dagbag.py:587} INFO - Filling up the DagBag from /usr/local/python/3.10.13/lib/python3.10/site-packages/airflow/example_dags/example_datasets.py
[2024-08-16T06:47:51.464+0000] {processor.py:925} INFO - DAG(s) 'dataset_produces_2', 'dataset_produces_1', 'conditional_dataset_and_time_based_timetable', 'consume_1_or_2_with_dataset_expressions', 'dataset_consumes_1_and_2', 'consume_1_and_2_with_dataset_expressions', 'consume_1_or_both_2_and_3_with_dataset_expressions', 'dataset_consumes_1_never_scheduled', 'dataset_consumes_unknown_never_scheduled', 'dataset_consumes_1' retrieved from /usr/local/python/3.10.13/lib/python3.10/site-packages/airflow/example_dags/example_datasets.py
[2024-08-16T06:47:51.493+0000] {logging_mixin.py:190} INFO - [2024-08-16T06:47:51.493+0000] {dag.py:3211} INFO - Sync 10 DAGs
[2024-08-16T06:47:51.511+0000] {logging_mixin.py:190} INFO - [2024-08-16T06:47:51.511+0000] {dag.py:4138} INFO - Setting next_dagrun for conditional_dataset_and_time_based_timetable to 2024-08-14 01:00:00+00:00, run_after=2024-08-14 01:00:00+00:00
[2024-08-16T06:47:51.514+0000] {logging_mixin.py:190} INFO - [2024-08-16T06:47:51.514+0000] {dag.py:4138} INFO - Setting next_dagrun for consume_1_and_2_with_dataset_expressions to None, run_after=None
[2024-08-16T06:47:51.515+0000] {logging_mixin.py:190} INFO - [2024-08-16T06:47:51.515+0000] {dag.py:4138} INFO - Setting next_dagrun for consume_1_or_2_with_dataset_expressions to None, run_after=None
[2024-08-16T06:47:51.516+0000] {logging_mixin.py:190} INFO - [2024-08-16T06:47:51.515+0000] {dag.py:4138} INFO - Setting next_dagrun for consume_1_or_both_2_and_3_with_dataset_expressions to None, run_after=None
[2024-08-16T06:47:51.516+0000] {logging_mixin.py:190} INFO - [2024-08-16T06:47:51.516+0000] {dag.py:4138} INFO - Setting next_dagrun for dataset_consumes_1 to None, run_after=None
[2024-08-16T06:47:51.517+0000] {logging_mixin.py:190} INFO - [2024-08-16T06:47:51.517+0000] {dag.py:4138} INFO - Setting next_dagrun for dataset_consumes_1_and_2 to None, run_after=None
[2024-08-16T06:47:51.518+0000] {logging_mixin.py:190} INFO - [2024-08-16T06:47:51.518+0000] {dag.py:4138} INFO - Setting next_dagrun for dataset_consumes_1_never_scheduled to None, run_after=None
[2024-08-16T06:47:51.519+0000] {logging_mixin.py:190} INFO - [2024-08-16T06:47:51.518+0000] {dag.py:4138} INFO - Setting next_dagrun for dataset_consumes_unknown_never_scheduled to None, run_after=None
[2024-08-16T06:47:51.520+0000] {logging_mixin.py:190} INFO - [2024-08-16T06:47:51.520+0000] {dag.py:4138} INFO - Setting next_dagrun for dataset_produces_1 to 2024-08-15 00:00:00+00:00, run_after=2024-08-16 00:00:00+00:00
[2024-08-16T06:47:51.521+0000] {logging_mixin.py:190} INFO - [2024-08-16T06:47:51.521+0000] {dag.py:4138} INFO - Setting next_dagrun for dataset_produces_2 to None, run_after=None
[2024-08-16T06:47:51.579+0000] {processor.py:208} INFO - Processing /usr/local/python/3.10.13/lib/python3.10/site-packages/airflow/example_dags/example_datasets.py took 0.135 seconds
[2024-08-16T06:48:48.633+0000] {processor.py:186} INFO - Started process (PID=13449) to work on /usr/local/python/3.10.13/lib/python3.10/site-packages/airflow/example_dags/example_datasets.py
[2024-08-16T06:48:48.633+0000] {processor.py:914} INFO - Processing file /usr/local/python/3.10.13/lib/python3.10/site-packages/airflow/example_dags/example_datasets.py for tasks to queue
[2024-08-16T06:48:48.635+0000] {logging_mixin.py:190} INFO - [2024-08-16T06:48:48.635+0000] {dagbag.py:587} INFO - Filling up the DagBag from /usr/local/python/3.10.13/lib/python3.10/site-packages/airflow/example_dags/example_datasets.py
[2024-08-16T06:48:48.648+0000] {processor.py:925} INFO - DAG(s) 'dataset_produces_2', 'dataset_consumes_1', 'consume_1_or_both_2_and_3_with_dataset_expressions', 'consume_1_or_2_with_dataset_expressions', 'dataset_consumes_1_and_2', 'consume_1_and_2_with_dataset_expressions', 'dataset_consumes_1_never_scheduled', 'dataset_produces_1', 'dataset_consumes_unknown_never_scheduled', 'conditional_dataset_and_time_based_timetable' retrieved from /usr/local/python/3.10.13/lib/python3.10/site-packages/airflow/example_dags/example_datasets.py
[2024-08-16T06:48:48.676+0000] {logging_mixin.py:190} INFO - [2024-08-16T06:48:48.676+0000] {dag.py:3211} INFO - Sync 10 DAGs
[2024-08-16T06:48:48.700+0000] {logging_mixin.py:190} INFO - [2024-08-16T06:48:48.699+0000] {dag.py:4138} INFO - Setting next_dagrun for conditional_dataset_and_time_based_timetable to 2024-08-14 01:00:00+00:00, run_after=2024-08-14 01:00:00+00:00
[2024-08-16T06:48:48.702+0000] {logging_mixin.py:190} INFO - [2024-08-16T06:48:48.702+0000] {dag.py:4138} INFO - Setting next_dagrun for consume_1_and_2_with_dataset_expressions to None, run_after=None
[2024-08-16T06:48:48.703+0000] {logging_mixin.py:190} INFO - [2024-08-16T06:48:48.703+0000] {dag.py:4138} INFO - Setting next_dagrun for consume_1_or_2_with_dataset_expressions to None, run_after=None
[2024-08-16T06:48:48.704+0000] {logging_mixin.py:190} INFO - [2024-08-16T06:48:48.704+0000] {dag.py:4138} INFO - Setting next_dagrun for consume_1_or_both_2_and_3_with_dataset_expressions to None, run_after=None
[2024-08-16T06:48:48.705+0000] {logging_mixin.py:190} INFO - [2024-08-16T06:48:48.704+0000] {dag.py:4138} INFO - Setting next_dagrun for dataset_consumes_1 to None, run_after=None
[2024-08-16T06:48:48.705+0000] {logging_mixin.py:190} INFO - [2024-08-16T06:48:48.705+0000] {dag.py:4138} INFO - Setting next_dagrun for dataset_consumes_1_and_2 to None, run_after=None
[2024-08-16T06:48:48.706+0000] {logging_mixin.py:190} INFO - [2024-08-16T06:48:48.706+0000] {dag.py:4138} INFO - Setting next_dagrun for dataset_consumes_1_never_scheduled to None, run_after=None
[2024-08-16T06:48:48.707+0000] {logging_mixin.py:190} INFO - [2024-08-16T06:48:48.707+0000] {dag.py:4138} INFO - Setting next_dagrun for dataset_consumes_unknown_never_scheduled to None, run_after=None
[2024-08-16T06:48:48.709+0000] {logging_mixin.py:190} INFO - [2024-08-16T06:48:48.709+0000] {dag.py:4138} INFO - Setting next_dagrun for dataset_produces_1 to 2024-08-15 00:00:00+00:00, run_after=2024-08-16 00:00:00+00:00
[2024-08-16T06:48:48.710+0000] {logging_mixin.py:190} INFO - [2024-08-16T06:48:48.709+0000] {dag.py:4138} INFO - Setting next_dagrun for dataset_produces_2 to None, run_after=None
[2024-08-16T06:48:48.758+0000] {processor.py:208} INFO - Processing /usr/local/python/3.10.13/lib/python3.10/site-packages/airflow/example_dags/example_datasets.py took 0.130 seconds
[2024-08-16T06:49:44.837+0000] {processor.py:186} INFO - Started process (PID=13836) to work on /usr/local/python/3.10.13/lib/python3.10/site-packages/airflow/example_dags/example_datasets.py
[2024-08-16T06:49:44.838+0000] {processor.py:914} INFO - Processing file /usr/local/python/3.10.13/lib/python3.10/site-packages/airflow/example_dags/example_datasets.py for tasks to queue
[2024-08-16T06:49:44.840+0000] {logging_mixin.py:190} INFO - [2024-08-16T06:49:44.840+0000] {dagbag.py:587} INFO - Filling up the DagBag from /usr/local/python/3.10.13/lib/python3.10/site-packages/airflow/example_dags/example_datasets.py
[2024-08-16T06:49:44.865+0000] {processor.py:925} INFO - DAG(s) 'dataset_consumes_1_never_scheduled', 'conditional_dataset_and_time_based_timetable', 'consume_1_or_both_2_and_3_with_dataset_expressions', 'dataset_produces_1', 'dataset_consumes_unknown_never_scheduled', 'consume_1_and_2_with_dataset_expressions', 'dataset_consumes_1_and_2', 'dataset_consumes_1', 'consume_1_or_2_with_dataset_expressions', 'dataset_produces_2' retrieved from /usr/local/python/3.10.13/lib/python3.10/site-packages/airflow/example_dags/example_datasets.py
[2024-08-16T06:49:44.917+0000] {logging_mixin.py:190} INFO - [2024-08-16T06:49:44.916+0000] {dag.py:3211} INFO - Sync 10 DAGs
[2024-08-16T06:49:44.945+0000] {logging_mixin.py:190} INFO - [2024-08-16T06:49:44.945+0000] {dag.py:4138} INFO - Setting next_dagrun for conditional_dataset_and_time_based_timetable to 2024-08-14 01:00:00+00:00, run_after=2024-08-14 01:00:00+00:00
[2024-08-16T06:49:44.949+0000] {logging_mixin.py:190} INFO - [2024-08-16T06:49:44.948+0000] {dag.py:4138} INFO - Setting next_dagrun for consume_1_and_2_with_dataset_expressions to None, run_after=None
[2024-08-16T06:49:44.950+0000] {logging_mixin.py:190} INFO - [2024-08-16T06:49:44.950+0000] {dag.py:4138} INFO - Setting next_dagrun for consume_1_or_2_with_dataset_expressions to None, run_after=None
[2024-08-16T06:49:44.951+0000] {logging_mixin.py:190} INFO - [2024-08-16T06:49:44.951+0000] {dag.py:4138} INFO - Setting next_dagrun for consume_1_or_both_2_and_3_with_dataset_expressions to None, run_after=None
[2024-08-16T06:49:44.952+0000] {logging_mixin.py:190} INFO - [2024-08-16T06:49:44.952+0000] {dag.py:4138} INFO - Setting next_dagrun for dataset_consumes_1 to None, run_after=None
[2024-08-16T06:49:44.953+0000] {logging_mixin.py:190} INFO - [2024-08-16T06:49:44.953+0000] {dag.py:4138} INFO - Setting next_dagrun for dataset_consumes_1_and_2 to None, run_after=None
[2024-08-16T06:49:44.954+0000] {logging_mixin.py:190} INFO - [2024-08-16T06:49:44.954+0000] {dag.py:4138} INFO - Setting next_dagrun for dataset_consumes_1_never_scheduled to None, run_after=None
[2024-08-16T06:49:44.955+0000] {logging_mixin.py:190} INFO - [2024-08-16T06:49:44.955+0000] {dag.py:4138} INFO - Setting next_dagrun for dataset_consumes_unknown_never_scheduled to None, run_after=None
[2024-08-16T06:49:44.958+0000] {logging_mixin.py:190} INFO - [2024-08-16T06:49:44.958+0000] {dag.py:4138} INFO - Setting next_dagrun for dataset_produces_1 to 2024-08-15 00:00:00+00:00, run_after=2024-08-16 00:00:00+00:00
[2024-08-16T06:49:44.959+0000] {logging_mixin.py:190} INFO - [2024-08-16T06:49:44.959+0000] {dag.py:4138} INFO - Setting next_dagrun for dataset_produces_2 to None, run_after=None
[2024-08-16T06:49:45.017+0000] {processor.py:208} INFO - Processing /usr/local/python/3.10.13/lib/python3.10/site-packages/airflow/example_dags/example_datasets.py took 0.186 seconds
[2024-08-16T06:50:39.310+0000] {processor.py:186} INFO - Started process (PID=14211) to work on /usr/local/python/3.10.13/lib/python3.10/site-packages/airflow/example_dags/example_datasets.py
[2024-08-16T06:50:39.311+0000] {processor.py:914} INFO - Processing file /usr/local/python/3.10.13/lib/python3.10/site-packages/airflow/example_dags/example_datasets.py for tasks to queue
[2024-08-16T06:50:39.312+0000] {logging_mixin.py:190} INFO - [2024-08-16T06:50:39.312+0000] {dagbag.py:587} INFO - Filling up the DagBag from /usr/local/python/3.10.13/lib/python3.10/site-packages/airflow/example_dags/example_datasets.py
[2024-08-16T06:50:39.325+0000] {processor.py:925} INFO - DAG(s) 'dataset_consumes_unknown_never_scheduled', 'dataset_consumes_1_and_2', 'consume_1_or_both_2_and_3_with_dataset_expressions', 'dataset_produces_2', 'consume_1_and_2_with_dataset_expressions', 'dataset_consumes_1_never_scheduled', 'dataset_consumes_1', 'conditional_dataset_and_time_based_timetable', 'consume_1_or_2_with_dataset_expressions', 'dataset_produces_1' retrieved from /usr/local/python/3.10.13/lib/python3.10/site-packages/airflow/example_dags/example_datasets.py
[2024-08-16T06:50:39.352+0000] {logging_mixin.py:190} INFO - [2024-08-16T06:50:39.352+0000] {dag.py:3211} INFO - Sync 10 DAGs
[2024-08-16T06:50:39.371+0000] {logging_mixin.py:190} INFO - [2024-08-16T06:50:39.371+0000] {dag.py:4138} INFO - Setting next_dagrun for conditional_dataset_and_time_based_timetable to 2024-08-14 01:00:00+00:00, run_after=2024-08-14 01:00:00+00:00
[2024-08-16T06:50:39.374+0000] {logging_mixin.py:190} INFO - [2024-08-16T06:50:39.374+0000] {dag.py:4138} INFO - Setting next_dagrun for consume_1_and_2_with_dataset_expressions to None, run_after=None
[2024-08-16T06:50:39.374+0000] {logging_mixin.py:190} INFO - [2024-08-16T06:50:39.374+0000] {dag.py:4138} INFO - Setting next_dagrun for consume_1_or_2_with_dataset_expressions to None, run_after=None
[2024-08-16T06:50:39.375+0000] {logging_mixin.py:190} INFO - [2024-08-16T06:50:39.375+0000] {dag.py:4138} INFO - Setting next_dagrun for consume_1_or_both_2_and_3_with_dataset_expressions to None, run_after=None
[2024-08-16T06:50:39.376+0000] {logging_mixin.py:190} INFO - [2024-08-16T06:50:39.376+0000] {dag.py:4138} INFO - Setting next_dagrun for dataset_consumes_1 to None, run_after=None
[2024-08-16T06:50:39.377+0000] {logging_mixin.py:190} INFO - [2024-08-16T06:50:39.377+0000] {dag.py:4138} INFO - Setting next_dagrun for dataset_consumes_1_and_2 to None, run_after=None
[2024-08-16T06:50:39.378+0000] {logging_mixin.py:190} INFO - [2024-08-16T06:50:39.377+0000] {dag.py:4138} INFO - Setting next_dagrun for dataset_consumes_1_never_scheduled to None, run_after=None
[2024-08-16T06:50:39.378+0000] {logging_mixin.py:190} INFO - [2024-08-16T06:50:39.378+0000] {dag.py:4138} INFO - Setting next_dagrun for dataset_consumes_unknown_never_scheduled to None, run_after=None
[2024-08-16T06:50:39.380+0000] {logging_mixin.py:190} INFO - [2024-08-16T06:50:39.380+0000] {dag.py:4138} INFO - Setting next_dagrun for dataset_produces_1 to 2024-08-15 00:00:00+00:00, run_after=2024-08-16 00:00:00+00:00
[2024-08-16T06:50:39.381+0000] {logging_mixin.py:190} INFO - [2024-08-16T06:50:39.381+0000] {dag.py:4138} INFO - Setting next_dagrun for dataset_produces_2 to None, run_after=None
[2024-08-16T06:50:39.435+0000] {processor.py:208} INFO - Processing /usr/local/python/3.10.13/lib/python3.10/site-packages/airflow/example_dags/example_datasets.py took 0.130 seconds
[2024-08-16T06:51:28.981+0000] {processor.py:186} INFO - Started process (PID=14557) to work on /usr/local/python/3.10.13/lib/python3.10/site-packages/airflow/example_dags/example_datasets.py
[2024-08-16T06:51:28.982+0000] {processor.py:914} INFO - Processing file /usr/local/python/3.10.13/lib/python3.10/site-packages/airflow/example_dags/example_datasets.py for tasks to queue
[2024-08-16T06:51:28.983+0000] {logging_mixin.py:190} INFO - [2024-08-16T06:51:28.983+0000] {dagbag.py:587} INFO - Filling up the DagBag from /usr/local/python/3.10.13/lib/python3.10/site-packages/airflow/example_dags/example_datasets.py
[2024-08-16T06:51:28.996+0000] {processor.py:925} INFO - DAG(s) 'consume_1_or_2_with_dataset_expressions', 'dataset_consumes_1_and_2', 'consume_1_and_2_with_dataset_expressions', 'consume_1_or_both_2_and_3_with_dataset_expressions', 'conditional_dataset_and_time_based_timetable', 'dataset_consumes_1', 'dataset_produces_2', 'dataset_consumes_unknown_never_scheduled', 'dataset_produces_1', 'dataset_consumes_1_never_scheduled' retrieved from /usr/local/python/3.10.13/lib/python3.10/site-packages/airflow/example_dags/example_datasets.py
[2024-08-16T06:51:29.024+0000] {logging_mixin.py:190} INFO - [2024-08-16T06:51:29.024+0000] {dag.py:3211} INFO - Sync 10 DAGs
[2024-08-16T06:51:29.044+0000] {logging_mixin.py:190} INFO - [2024-08-16T06:51:29.043+0000] {dag.py:4138} INFO - Setting next_dagrun for conditional_dataset_and_time_based_timetable to 2024-08-14 01:00:00+00:00, run_after=2024-08-14 01:00:00+00:00
[2024-08-16T06:51:29.046+0000] {logging_mixin.py:190} INFO - [2024-08-16T06:51:29.046+0000] {dag.py:4138} INFO - Setting next_dagrun for consume_1_and_2_with_dataset_expressions to None, run_after=None
[2024-08-16T06:51:29.047+0000] {logging_mixin.py:190} INFO - [2024-08-16T06:51:29.047+0000] {dag.py:4138} INFO - Setting next_dagrun for consume_1_or_2_with_dataset_expressions to None, run_after=None
[2024-08-16T06:51:29.048+0000] {logging_mixin.py:190} INFO - [2024-08-16T06:51:29.048+0000] {dag.py:4138} INFO - Setting next_dagrun for consume_1_or_both_2_and_3_with_dataset_expressions to None, run_after=None
[2024-08-16T06:51:29.049+0000] {logging_mixin.py:190} INFO - [2024-08-16T06:51:29.048+0000] {dag.py:4138} INFO - Setting next_dagrun for dataset_consumes_1 to None, run_after=None
[2024-08-16T06:51:29.049+0000] {logging_mixin.py:190} INFO - [2024-08-16T06:51:29.049+0000] {dag.py:4138} INFO - Setting next_dagrun for dataset_consumes_1_and_2 to None, run_after=None
[2024-08-16T06:51:29.050+0000] {logging_mixin.py:190} INFO - [2024-08-16T06:51:29.050+0000] {dag.py:4138} INFO - Setting next_dagrun for dataset_consumes_1_never_scheduled to None, run_after=None
[2024-08-16T06:51:29.051+0000] {logging_mixin.py:190} INFO - [2024-08-16T06:51:29.051+0000] {dag.py:4138} INFO - Setting next_dagrun for dataset_consumes_unknown_never_scheduled to None, run_after=None
[2024-08-16T06:51:29.053+0000] {logging_mixin.py:190} INFO - [2024-08-16T06:51:29.053+0000] {dag.py:4138} INFO - Setting next_dagrun for dataset_produces_1 to 2024-08-15 00:00:00+00:00, run_after=2024-08-16 00:00:00+00:00
[2024-08-16T06:51:29.054+0000] {logging_mixin.py:190} INFO - [2024-08-16T06:51:29.053+0000] {dag.py:4138} INFO - Setting next_dagrun for dataset_produces_2 to None, run_after=None
[2024-08-16T06:51:29.102+0000] {processor.py:208} INFO - Processing /usr/local/python/3.10.13/lib/python3.10/site-packages/airflow/example_dags/example_datasets.py took 0.125 seconds
[2024-08-16T06:52:18.674+0000] {processor.py:186} INFO - Started process (PID=14905) to work on /usr/local/python/3.10.13/lib/python3.10/site-packages/airflow/example_dags/example_datasets.py
[2024-08-16T06:52:18.683+0000] {processor.py:914} INFO - Processing file /usr/local/python/3.10.13/lib/python3.10/site-packages/airflow/example_dags/example_datasets.py for tasks to queue
[2024-08-16T06:52:18.686+0000] {logging_mixin.py:190} INFO - [2024-08-16T06:52:18.685+0000] {dagbag.py:587} INFO - Filling up the DagBag from /usr/local/python/3.10.13/lib/python3.10/site-packages/airflow/example_dags/example_datasets.py
[2024-08-16T06:52:18.713+0000] {processor.py:925} INFO - DAG(s) 'dataset_consumes_unknown_never_scheduled', 'dataset_consumes_1_never_scheduled', 'consume_1_or_both_2_and_3_with_dataset_expressions', 'dataset_consumes_1_and_2', 'conditional_dataset_and_time_based_timetable', 'dataset_produces_2', 'consume_1_and_2_with_dataset_expressions', 'consume_1_or_2_with_dataset_expressions', 'dataset_consumes_1', 'dataset_produces_1' retrieved from /usr/local/python/3.10.13/lib/python3.10/site-packages/airflow/example_dags/example_datasets.py
[2024-08-16T06:52:18.758+0000] {logging_mixin.py:190} INFO - [2024-08-16T06:52:18.757+0000] {dag.py:3211} INFO - Sync 10 DAGs
[2024-08-16T06:52:18.785+0000] {logging_mixin.py:190} INFO - [2024-08-16T06:52:18.785+0000] {dag.py:4138} INFO - Setting next_dagrun for conditional_dataset_and_time_based_timetable to 2024-08-14 01:00:00+00:00, run_after=2024-08-14 01:00:00+00:00
[2024-08-16T06:52:18.789+0000] {logging_mixin.py:190} INFO - [2024-08-16T06:52:18.789+0000] {dag.py:4138} INFO - Setting next_dagrun for consume_1_and_2_with_dataset_expressions to None, run_after=None
[2024-08-16T06:52:18.790+0000] {logging_mixin.py:190} INFO - [2024-08-16T06:52:18.790+0000] {dag.py:4138} INFO - Setting next_dagrun for consume_1_or_2_with_dataset_expressions to None, run_after=None
[2024-08-16T06:52:18.791+0000] {logging_mixin.py:190} INFO - [2024-08-16T06:52:18.791+0000] {dag.py:4138} INFO - Setting next_dagrun for consume_1_or_both_2_and_3_with_dataset_expressions to None, run_after=None
[2024-08-16T06:52:18.792+0000] {logging_mixin.py:190} INFO - [2024-08-16T06:52:18.792+0000] {dag.py:4138} INFO - Setting next_dagrun for dataset_consumes_1 to None, run_after=None
[2024-08-16T06:52:18.793+0000] {logging_mixin.py:190} INFO - [2024-08-16T06:52:18.793+0000] {dag.py:4138} INFO - Setting next_dagrun for dataset_consumes_1_and_2 to None, run_after=None
[2024-08-16T06:52:18.794+0000] {logging_mixin.py:190} INFO - [2024-08-16T06:52:18.794+0000] {dag.py:4138} INFO - Setting next_dagrun for dataset_consumes_1_never_scheduled to None, run_after=None
[2024-08-16T06:52:18.795+0000] {logging_mixin.py:190} INFO - [2024-08-16T06:52:18.795+0000] {dag.py:4138} INFO - Setting next_dagrun for dataset_consumes_unknown_never_scheduled to None, run_after=None
[2024-08-16T06:52:18.798+0000] {logging_mixin.py:190} INFO - [2024-08-16T06:52:18.798+0000] {dag.py:4138} INFO - Setting next_dagrun for dataset_produces_1 to 2024-08-15 00:00:00+00:00, run_after=2024-08-16 00:00:00+00:00
[2024-08-16T06:52:18.799+0000] {logging_mixin.py:190} INFO - [2024-08-16T06:52:18.799+0000] {dag.py:4138} INFO - Setting next_dagrun for dataset_produces_2 to None, run_after=None
[2024-08-16T06:52:18.860+0000] {processor.py:208} INFO - Processing /usr/local/python/3.10.13/lib/python3.10/site-packages/airflow/example_dags/example_datasets.py took 0.193 seconds
[2024-08-16T06:53:10.289+0000] {processor.py:186} INFO - Started process (PID=15262) to work on /usr/local/python/3.10.13/lib/python3.10/site-packages/airflow/example_dags/example_datasets.py
[2024-08-16T06:53:10.290+0000] {processor.py:914} INFO - Processing file /usr/local/python/3.10.13/lib/python3.10/site-packages/airflow/example_dags/example_datasets.py for tasks to queue
[2024-08-16T06:53:10.291+0000] {logging_mixin.py:190} INFO - [2024-08-16T06:53:10.291+0000] {dagbag.py:587} INFO - Filling up the DagBag from /usr/local/python/3.10.13/lib/python3.10/site-packages/airflow/example_dags/example_datasets.py
[2024-08-16T06:53:10.304+0000] {processor.py:925} INFO - DAG(s) 'consume_1_and_2_with_dataset_expressions', 'consume_1_or_both_2_and_3_with_dataset_expressions', 'dataset_produces_2', 'dataset_consumes_1_never_scheduled', 'dataset_consumes_1_and_2', 'dataset_produces_1', 'dataset_consumes_unknown_never_scheduled', 'conditional_dataset_and_time_based_timetable', 'dataset_consumes_1', 'consume_1_or_2_with_dataset_expressions' retrieved from /usr/local/python/3.10.13/lib/python3.10/site-packages/airflow/example_dags/example_datasets.py
[2024-08-16T06:53:10.332+0000] {logging_mixin.py:190} INFO - [2024-08-16T06:53:10.332+0000] {dag.py:3211} INFO - Sync 10 DAGs
[2024-08-16T06:53:10.350+0000] {logging_mixin.py:190} INFO - [2024-08-16T06:53:10.350+0000] {dag.py:4138} INFO - Setting next_dagrun for conditional_dataset_and_time_based_timetable to 2024-08-14 01:00:00+00:00, run_after=2024-08-14 01:00:00+00:00
[2024-08-16T06:53:10.353+0000] {logging_mixin.py:190} INFO - [2024-08-16T06:53:10.353+0000] {dag.py:4138} INFO - Setting next_dagrun for consume_1_and_2_with_dataset_expressions to None, run_after=None
[2024-08-16T06:53:10.354+0000] {logging_mixin.py:190} INFO - [2024-08-16T06:53:10.354+0000] {dag.py:4138} INFO - Setting next_dagrun for consume_1_or_2_with_dataset_expressions to None, run_after=None
[2024-08-16T06:53:10.354+0000] {logging_mixin.py:190} INFO - [2024-08-16T06:53:10.354+0000] {dag.py:4138} INFO - Setting next_dagrun for consume_1_or_both_2_and_3_with_dataset_expressions to None, run_after=None
[2024-08-16T06:53:10.355+0000] {logging_mixin.py:190} INFO - [2024-08-16T06:53:10.355+0000] {dag.py:4138} INFO - Setting next_dagrun for dataset_consumes_1 to None, run_after=None
[2024-08-16T06:53:10.356+0000] {logging_mixin.py:190} INFO - [2024-08-16T06:53:10.356+0000] {dag.py:4138} INFO - Setting next_dagrun for dataset_consumes_1_and_2 to None, run_after=None
[2024-08-16T06:53:10.357+0000] {logging_mixin.py:190} INFO - [2024-08-16T06:53:10.357+0000] {dag.py:4138} INFO - Setting next_dagrun for dataset_consumes_1_never_scheduled to None, run_after=None
[2024-08-16T06:53:10.357+0000] {logging_mixin.py:190} INFO - [2024-08-16T06:53:10.357+0000] {dag.py:4138} INFO - Setting next_dagrun for dataset_consumes_unknown_never_scheduled to None, run_after=None
[2024-08-16T06:53:10.359+0000] {logging_mixin.py:190} INFO - [2024-08-16T06:53:10.359+0000] {dag.py:4138} INFO - Setting next_dagrun for dataset_produces_1 to 2024-08-15 00:00:00+00:00, run_after=2024-08-16 00:00:00+00:00
[2024-08-16T06:53:10.360+0000] {logging_mixin.py:190} INFO - [2024-08-16T06:53:10.360+0000] {dag.py:4138} INFO - Setting next_dagrun for dataset_produces_2 to None, run_after=None
[2024-08-16T06:53:10.412+0000] {processor.py:208} INFO - Processing /usr/local/python/3.10.13/lib/python3.10/site-packages/airflow/example_dags/example_datasets.py took 0.127 seconds
[2024-08-16T06:54:04.990+0000] {processor.py:186} INFO - Started process (PID=15629) to work on /usr/local/python/3.10.13/lib/python3.10/site-packages/airflow/example_dags/example_datasets.py
[2024-08-16T06:54:04.991+0000] {processor.py:914} INFO - Processing file /usr/local/python/3.10.13/lib/python3.10/site-packages/airflow/example_dags/example_datasets.py for tasks to queue
[2024-08-16T06:54:04.993+0000] {logging_mixin.py:190} INFO - [2024-08-16T06:54:04.992+0000] {dagbag.py:587} INFO - Filling up the DagBag from /usr/local/python/3.10.13/lib/python3.10/site-packages/airflow/example_dags/example_datasets.py
[2024-08-16T06:54:05.005+0000] {processor.py:925} INFO - DAG(s) 'consume_1_and_2_with_dataset_expressions', 'dataset_produces_1', 'conditional_dataset_and_time_based_timetable', 'consume_1_or_both_2_and_3_with_dataset_expressions', 'dataset_produces_2', 'dataset_consumes_1_and_2', 'dataset_consumes_1', 'dataset_consumes_unknown_never_scheduled', 'dataset_consumes_1_never_scheduled', 'consume_1_or_2_with_dataset_expressions' retrieved from /usr/local/python/3.10.13/lib/python3.10/site-packages/airflow/example_dags/example_datasets.py
[2024-08-16T06:54:05.033+0000] {logging_mixin.py:190} INFO - [2024-08-16T06:54:05.033+0000] {dag.py:3211} INFO - Sync 10 DAGs
[2024-08-16T06:54:05.061+0000] {logging_mixin.py:190} INFO - [2024-08-16T06:54:05.061+0000] {dag.py:4138} INFO - Setting next_dagrun for conditional_dataset_and_time_based_timetable to 2024-08-14 01:00:00+00:00, run_after=2024-08-14 01:00:00+00:00
[2024-08-16T06:54:05.065+0000] {logging_mixin.py:190} INFO - [2024-08-16T06:54:05.065+0000] {dag.py:4138} INFO - Setting next_dagrun for consume_1_and_2_with_dataset_expressions to None, run_after=None
[2024-08-16T06:54:05.066+0000] {logging_mixin.py:190} INFO - [2024-08-16T06:54:05.066+0000] {dag.py:4138} INFO - Setting next_dagrun for consume_1_or_2_with_dataset_expressions to None, run_after=None
[2024-08-16T06:54:05.067+0000] {logging_mixin.py:190} INFO - [2024-08-16T06:54:05.067+0000] {dag.py:4138} INFO - Setting next_dagrun for consume_1_or_both_2_and_3_with_dataset_expressions to None, run_after=None
[2024-08-16T06:54:05.068+0000] {logging_mixin.py:190} INFO - [2024-08-16T06:54:05.068+0000] {dag.py:4138} INFO - Setting next_dagrun for dataset_consumes_1 to None, run_after=None
[2024-08-16T06:54:05.069+0000] {logging_mixin.py:190} INFO - [2024-08-16T06:54:05.069+0000] {dag.py:4138} INFO - Setting next_dagrun for dataset_consumes_1_and_2 to None, run_after=None
[2024-08-16T06:54:05.071+0000] {logging_mixin.py:190} INFO - [2024-08-16T06:54:05.070+0000] {dag.py:4138} INFO - Setting next_dagrun for dataset_consumes_1_never_scheduled to None, run_after=None
[2024-08-16T06:54:05.072+0000] {logging_mixin.py:190} INFO - [2024-08-16T06:54:05.071+0000] {dag.py:4138} INFO - Setting next_dagrun for dataset_consumes_unknown_never_scheduled to None, run_after=None
[2024-08-16T06:54:05.075+0000] {logging_mixin.py:190} INFO - [2024-08-16T06:54:05.075+0000] {dag.py:4138} INFO - Setting next_dagrun for dataset_produces_1 to 2024-08-15 00:00:00+00:00, run_after=2024-08-16 00:00:00+00:00
[2024-08-16T06:54:05.076+0000] {logging_mixin.py:190} INFO - [2024-08-16T06:54:05.076+0000] {dag.py:4138} INFO - Setting next_dagrun for dataset_produces_2 to None, run_after=None
[2024-08-16T06:54:05.148+0000] {processor.py:208} INFO - Processing /usr/local/python/3.10.13/lib/python3.10/site-packages/airflow/example_dags/example_datasets.py took 0.162 seconds
[2024-08-16T06:54:57.628+0000] {processor.py:186} INFO - Started process (PID=15993) to work on /usr/local/python/3.10.13/lib/python3.10/site-packages/airflow/example_dags/example_datasets.py
[2024-08-16T06:54:57.629+0000] {processor.py:914} INFO - Processing file /usr/local/python/3.10.13/lib/python3.10/site-packages/airflow/example_dags/example_datasets.py for tasks to queue
[2024-08-16T06:54:57.631+0000] {logging_mixin.py:190} INFO - [2024-08-16T06:54:57.630+0000] {dagbag.py:587} INFO - Filling up the DagBag from /usr/local/python/3.10.13/lib/python3.10/site-packages/airflow/example_dags/example_datasets.py
[2024-08-16T06:54:57.649+0000] {processor.py:925} INFO - DAG(s) 'consume_1_or_2_with_dataset_expressions', 'dataset_consumes_unknown_never_scheduled', 'dataset_produces_2', 'dataset_produces_1', 'consume_1_or_both_2_and_3_with_dataset_expressions', 'dataset_consumes_1_never_scheduled', 'dataset_consumes_1', 'dataset_consumes_1_and_2', 'consume_1_and_2_with_dataset_expressions', 'conditional_dataset_and_time_based_timetable' retrieved from /usr/local/python/3.10.13/lib/python3.10/site-packages/airflow/example_dags/example_datasets.py
[2024-08-16T06:54:57.690+0000] {logging_mixin.py:190} INFO - [2024-08-16T06:54:57.689+0000] {dag.py:3211} INFO - Sync 10 DAGs
[2024-08-16T06:54:57.718+0000] {logging_mixin.py:190} INFO - [2024-08-16T06:54:57.717+0000] {dag.py:4138} INFO - Setting next_dagrun for conditional_dataset_and_time_based_timetable to 2024-08-14 01:00:00+00:00, run_after=2024-08-14 01:00:00+00:00
[2024-08-16T06:54:57.721+0000] {logging_mixin.py:190} INFO - [2024-08-16T06:54:57.721+0000] {dag.py:4138} INFO - Setting next_dagrun for consume_1_and_2_with_dataset_expressions to None, run_after=None
[2024-08-16T06:54:57.722+0000] {logging_mixin.py:190} INFO - [2024-08-16T06:54:57.722+0000] {dag.py:4138} INFO - Setting next_dagrun for consume_1_or_2_with_dataset_expressions to None, run_after=None
[2024-08-16T06:54:57.723+0000] {logging_mixin.py:190} INFO - [2024-08-16T06:54:57.723+0000] {dag.py:4138} INFO - Setting next_dagrun for consume_1_or_both_2_and_3_with_dataset_expressions to None, run_after=None
[2024-08-16T06:54:57.724+0000] {logging_mixin.py:190} INFO - [2024-08-16T06:54:57.724+0000] {dag.py:4138} INFO - Setting next_dagrun for dataset_consumes_1 to None, run_after=None
[2024-08-16T06:54:57.725+0000] {logging_mixin.py:190} INFO - [2024-08-16T06:54:57.725+0000] {dag.py:4138} INFO - Setting next_dagrun for dataset_consumes_1_and_2 to None, run_after=None
[2024-08-16T06:54:57.726+0000] {logging_mixin.py:190} INFO - [2024-08-16T06:54:57.726+0000] {dag.py:4138} INFO - Setting next_dagrun for dataset_consumes_1_never_scheduled to None, run_after=None
[2024-08-16T06:54:57.727+0000] {logging_mixin.py:190} INFO - [2024-08-16T06:54:57.726+0000] {dag.py:4138} INFO - Setting next_dagrun for dataset_consumes_unknown_never_scheduled to None, run_after=None
[2024-08-16T06:54:57.729+0000] {logging_mixin.py:190} INFO - [2024-08-16T06:54:57.728+0000] {dag.py:4138} INFO - Setting next_dagrun for dataset_produces_1 to 2024-08-15 00:00:00+00:00, run_after=2024-08-16 00:00:00+00:00
[2024-08-16T06:54:57.729+0000] {logging_mixin.py:190} INFO - [2024-08-16T06:54:57.729+0000] {dag.py:4138} INFO - Setting next_dagrun for dataset_produces_2 to None, run_after=None
[2024-08-16T06:54:57.781+0000] {processor.py:208} INFO - Processing /usr/local/python/3.10.13/lib/python3.10/site-packages/airflow/example_dags/example_datasets.py took 0.160 seconds
[2024-08-16T06:55:54.707+0000] {processor.py:186} INFO - Started process (PID=16384) to work on /usr/local/python/3.10.13/lib/python3.10/site-packages/airflow/example_dags/example_datasets.py
[2024-08-16T06:55:54.708+0000] {processor.py:914} INFO - Processing file /usr/local/python/3.10.13/lib/python3.10/site-packages/airflow/example_dags/example_datasets.py for tasks to queue
[2024-08-16T06:55:54.709+0000] {logging_mixin.py:190} INFO - [2024-08-16T06:55:54.709+0000] {dagbag.py:587} INFO - Filling up the DagBag from /usr/local/python/3.10.13/lib/python3.10/site-packages/airflow/example_dags/example_datasets.py
[2024-08-16T06:55:54.722+0000] {processor.py:925} INFO - DAG(s) 'dataset_produces_1', 'dataset_consumes_1_and_2', 'dataset_consumes_unknown_never_scheduled', 'conditional_dataset_and_time_based_timetable', 'dataset_produces_2', 'consume_1_and_2_with_dataset_expressions', 'consume_1_or_2_with_dataset_expressions', 'dataset_consumes_1_never_scheduled', 'consume_1_or_both_2_and_3_with_dataset_expressions', 'dataset_consumes_1' retrieved from /usr/local/python/3.10.13/lib/python3.10/site-packages/airflow/example_dags/example_datasets.py
[2024-08-16T06:55:54.749+0000] {logging_mixin.py:190} INFO - [2024-08-16T06:55:54.749+0000] {dag.py:3211} INFO - Sync 10 DAGs
[2024-08-16T06:55:54.768+0000] {logging_mixin.py:190} INFO - [2024-08-16T06:55:54.768+0000] {dag.py:4138} INFO - Setting next_dagrun for conditional_dataset_and_time_based_timetable to 2024-08-14 01:00:00+00:00, run_after=2024-08-14 01:00:00+00:00
[2024-08-16T06:55:54.771+0000] {logging_mixin.py:190} INFO - [2024-08-16T06:55:54.771+0000] {dag.py:4138} INFO - Setting next_dagrun for consume_1_and_2_with_dataset_expressions to None, run_after=None
[2024-08-16T06:55:54.772+0000] {logging_mixin.py:190} INFO - [2024-08-16T06:55:54.771+0000] {dag.py:4138} INFO - Setting next_dagrun for consume_1_or_2_with_dataset_expressions to None, run_after=None
[2024-08-16T06:55:54.772+0000] {logging_mixin.py:190} INFO - [2024-08-16T06:55:54.772+0000] {dag.py:4138} INFO - Setting next_dagrun for consume_1_or_both_2_and_3_with_dataset_expressions to None, run_after=None
[2024-08-16T06:55:54.773+0000] {logging_mixin.py:190} INFO - [2024-08-16T06:55:54.773+0000] {dag.py:4138} INFO - Setting next_dagrun for dataset_consumes_1 to None, run_after=None
[2024-08-16T06:55:54.774+0000] {logging_mixin.py:190} INFO - [2024-08-16T06:55:54.774+0000] {dag.py:4138} INFO - Setting next_dagrun for dataset_consumes_1_and_2 to None, run_after=None
[2024-08-16T06:55:54.775+0000] {logging_mixin.py:190} INFO - [2024-08-16T06:55:54.774+0000] {dag.py:4138} INFO - Setting next_dagrun for dataset_consumes_1_never_scheduled to None, run_after=None
[2024-08-16T06:55:54.775+0000] {logging_mixin.py:190} INFO - [2024-08-16T06:55:54.775+0000] {dag.py:4138} INFO - Setting next_dagrun for dataset_consumes_unknown_never_scheduled to None, run_after=None
[2024-08-16T06:55:54.777+0000] {logging_mixin.py:190} INFO - [2024-08-16T06:55:54.777+0000] {dag.py:4138} INFO - Setting next_dagrun for dataset_produces_1 to 2024-08-15 00:00:00+00:00, run_after=2024-08-16 00:00:00+00:00
[2024-08-16T06:55:54.778+0000] {logging_mixin.py:190} INFO - [2024-08-16T06:55:54.778+0000] {dag.py:4138} INFO - Setting next_dagrun for dataset_produces_2 to None, run_after=None
[2024-08-16T06:55:54.825+0000] {processor.py:208} INFO - Processing /usr/local/python/3.10.13/lib/python3.10/site-packages/airflow/example_dags/example_datasets.py took 0.123 seconds
[2024-08-16T06:56:53.645+0000] {processor.py:186} INFO - Started process (PID=16790) to work on /usr/local/python/3.10.13/lib/python3.10/site-packages/airflow/example_dags/example_datasets.py
[2024-08-16T06:56:53.646+0000] {processor.py:914} INFO - Processing file /usr/local/python/3.10.13/lib/python3.10/site-packages/airflow/example_dags/example_datasets.py for tasks to queue
[2024-08-16T06:56:53.649+0000] {logging_mixin.py:190} INFO - [2024-08-16T06:56:53.648+0000] {dagbag.py:587} INFO - Filling up the DagBag from /usr/local/python/3.10.13/lib/python3.10/site-packages/airflow/example_dags/example_datasets.py
[2024-08-16T06:56:53.668+0000] {processor.py:925} INFO - DAG(s) 'dataset_consumes_1_never_scheduled', 'dataset_produces_1', 'dataset_consumes_unknown_never_scheduled', 'conditional_dataset_and_time_based_timetable', 'consume_1_and_2_with_dataset_expressions', 'dataset_consumes_1_and_2', 'consume_1_or_2_with_dataset_expressions', 'dataset_consumes_1', 'consume_1_or_both_2_and_3_with_dataset_expressions', 'dataset_produces_2' retrieved from /usr/local/python/3.10.13/lib/python3.10/site-packages/airflow/example_dags/example_datasets.py
[2024-08-16T06:56:53.698+0000] {logging_mixin.py:190} INFO - [2024-08-16T06:56:53.697+0000] {dag.py:3211} INFO - Sync 10 DAGs
[2024-08-16T06:56:53.717+0000] {logging_mixin.py:190} INFO - [2024-08-16T06:56:53.717+0000] {dag.py:4138} INFO - Setting next_dagrun for conditional_dataset_and_time_based_timetable to 2024-08-14 01:00:00+00:00, run_after=2024-08-14 01:00:00+00:00
[2024-08-16T06:56:53.719+0000] {logging_mixin.py:190} INFO - [2024-08-16T06:56:53.719+0000] {dag.py:4138} INFO - Setting next_dagrun for consume_1_and_2_with_dataset_expressions to None, run_after=None
[2024-08-16T06:56:53.720+0000] {logging_mixin.py:190} INFO - [2024-08-16T06:56:53.720+0000] {dag.py:4138} INFO - Setting next_dagrun for consume_1_or_2_with_dataset_expressions to None, run_after=None
[2024-08-16T06:56:53.721+0000] {logging_mixin.py:190} INFO - [2024-08-16T06:56:53.721+0000] {dag.py:4138} INFO - Setting next_dagrun for consume_1_or_both_2_and_3_with_dataset_expressions to None, run_after=None
[2024-08-16T06:56:53.722+0000] {logging_mixin.py:190} INFO - [2024-08-16T06:56:53.722+0000] {dag.py:4138} INFO - Setting next_dagrun for dataset_consumes_1 to None, run_after=None
[2024-08-16T06:56:53.723+0000] {logging_mixin.py:190} INFO - [2024-08-16T06:56:53.723+0000] {dag.py:4138} INFO - Setting next_dagrun for dataset_consumes_1_and_2 to None, run_after=None
[2024-08-16T06:56:53.724+0000] {logging_mixin.py:190} INFO - [2024-08-16T06:56:53.724+0000] {dag.py:4138} INFO - Setting next_dagrun for dataset_consumes_1_never_scheduled to None, run_after=None
[2024-08-16T06:56:53.724+0000] {logging_mixin.py:190} INFO - [2024-08-16T06:56:53.724+0000] {dag.py:4138} INFO - Setting next_dagrun for dataset_consumes_unknown_never_scheduled to None, run_after=None
[2024-08-16T06:56:53.726+0000] {logging_mixin.py:190} INFO - [2024-08-16T06:56:53.726+0000] {dag.py:4138} INFO - Setting next_dagrun for dataset_produces_1 to 2024-08-15 00:00:00+00:00, run_after=2024-08-16 00:00:00+00:00
[2024-08-16T06:56:53.727+0000] {logging_mixin.py:190} INFO - [2024-08-16T06:56:53.727+0000] {dag.py:4138} INFO - Setting next_dagrun for dataset_produces_2 to None, run_after=None
[2024-08-16T06:56:53.775+0000] {processor.py:208} INFO - Processing /usr/local/python/3.10.13/lib/python3.10/site-packages/airflow/example_dags/example_datasets.py took 0.137 seconds
[2024-08-16T06:57:48.408+0000] {processor.py:186} INFO - Started process (PID=17161) to work on /usr/local/python/3.10.13/lib/python3.10/site-packages/airflow/example_dags/example_datasets.py
[2024-08-16T06:57:48.409+0000] {processor.py:914} INFO - Processing file /usr/local/python/3.10.13/lib/python3.10/site-packages/airflow/example_dags/example_datasets.py for tasks to queue
[2024-08-16T06:57:48.410+0000] {logging_mixin.py:190} INFO - [2024-08-16T06:57:48.410+0000] {dagbag.py:587} INFO - Filling up the DagBag from /usr/local/python/3.10.13/lib/python3.10/site-packages/airflow/example_dags/example_datasets.py
[2024-08-16T06:57:48.423+0000] {processor.py:925} INFO - DAG(s) 'dataset_produces_2', 'conditional_dataset_and_time_based_timetable', 'dataset_produces_1', 'consume_1_or_2_with_dataset_expressions', 'consume_1_or_both_2_and_3_with_dataset_expressions', 'dataset_consumes_1', 'dataset_consumes_unknown_never_scheduled', 'consume_1_and_2_with_dataset_expressions', 'dataset_consumes_1_and_2', 'dataset_consumes_1_never_scheduled' retrieved from /usr/local/python/3.10.13/lib/python3.10/site-packages/airflow/example_dags/example_datasets.py
[2024-08-16T06:57:48.451+0000] {logging_mixin.py:190} INFO - [2024-08-16T06:57:48.451+0000] {dag.py:3211} INFO - Sync 10 DAGs
[2024-08-16T06:57:48.469+0000] {logging_mixin.py:190} INFO - [2024-08-16T06:57:48.469+0000] {dag.py:4138} INFO - Setting next_dagrun for conditional_dataset_and_time_based_timetable to 2024-08-14 01:00:00+00:00, run_after=2024-08-14 01:00:00+00:00
[2024-08-16T06:57:48.472+0000] {logging_mixin.py:190} INFO - [2024-08-16T06:57:48.472+0000] {dag.py:4138} INFO - Setting next_dagrun for consume_1_and_2_with_dataset_expressions to None, run_after=None
[2024-08-16T06:57:48.473+0000] {logging_mixin.py:190} INFO - [2024-08-16T06:57:48.473+0000] {dag.py:4138} INFO - Setting next_dagrun for consume_1_or_2_with_dataset_expressions to None, run_after=None
[2024-08-16T06:57:48.473+0000] {logging_mixin.py:190} INFO - [2024-08-16T06:57:48.473+0000] {dag.py:4138} INFO - Setting next_dagrun for consume_1_or_both_2_and_3_with_dataset_expressions to None, run_after=None
[2024-08-16T06:57:48.474+0000] {logging_mixin.py:190} INFO - [2024-08-16T06:57:48.474+0000] {dag.py:4138} INFO - Setting next_dagrun for dataset_consumes_1 to None, run_after=None
[2024-08-16T06:57:48.475+0000] {logging_mixin.py:190} INFO - [2024-08-16T06:57:48.475+0000] {dag.py:4138} INFO - Setting next_dagrun for dataset_consumes_1_and_2 to None, run_after=None
[2024-08-16T06:57:48.476+0000] {logging_mixin.py:190} INFO - [2024-08-16T06:57:48.476+0000] {dag.py:4138} INFO - Setting next_dagrun for dataset_consumes_1_never_scheduled to None, run_after=None
[2024-08-16T06:57:48.476+0000] {logging_mixin.py:190} INFO - [2024-08-16T06:57:48.476+0000] {dag.py:4138} INFO - Setting next_dagrun for dataset_consumes_unknown_never_scheduled to None, run_after=None
[2024-08-16T06:57:48.478+0000] {logging_mixin.py:190} INFO - [2024-08-16T06:57:48.478+0000] {dag.py:4138} INFO - Setting next_dagrun for dataset_produces_1 to 2024-08-15 00:00:00+00:00, run_after=2024-08-16 00:00:00+00:00
[2024-08-16T06:57:48.479+0000] {logging_mixin.py:190} INFO - [2024-08-16T06:57:48.479+0000] {dag.py:4138} INFO - Setting next_dagrun for dataset_produces_2 to None, run_after=None
[2024-08-16T06:57:48.529+0000] {processor.py:208} INFO - Processing /usr/local/python/3.10.13/lib/python3.10/site-packages/airflow/example_dags/example_datasets.py took 0.126 seconds
[2024-08-16T06:58:41.065+0000] {processor.py:186} INFO - Started process (PID=17517) to work on /usr/local/python/3.10.13/lib/python3.10/site-packages/airflow/example_dags/example_datasets.py
[2024-08-16T06:58:41.066+0000] {processor.py:914} INFO - Processing file /usr/local/python/3.10.13/lib/python3.10/site-packages/airflow/example_dags/example_datasets.py for tasks to queue
[2024-08-16T06:58:41.068+0000] {logging_mixin.py:190} INFO - [2024-08-16T06:58:41.067+0000] {dagbag.py:587} INFO - Filling up the DagBag from /usr/local/python/3.10.13/lib/python3.10/site-packages/airflow/example_dags/example_datasets.py
[2024-08-16T06:58:41.083+0000] {processor.py:925} INFO - DAG(s) 'dataset_produces_2', 'dataset_produces_1', 'dataset_consumes_unknown_never_scheduled', 'consume_1_and_2_with_dataset_expressions', 'dataset_consumes_1_never_scheduled', 'dataset_consumes_1', 'consume_1_or_2_with_dataset_expressions', 'dataset_consumes_1_and_2', 'conditional_dataset_and_time_based_timetable', 'consume_1_or_both_2_and_3_with_dataset_expressions' retrieved from /usr/local/python/3.10.13/lib/python3.10/site-packages/airflow/example_dags/example_datasets.py
[2024-08-16T06:58:41.112+0000] {logging_mixin.py:190} INFO - [2024-08-16T06:58:41.112+0000] {dag.py:3211} INFO - Sync 10 DAGs
[2024-08-16T06:58:41.131+0000] {logging_mixin.py:190} INFO - [2024-08-16T06:58:41.130+0000] {dag.py:4138} INFO - Setting next_dagrun for conditional_dataset_and_time_based_timetable to 2024-08-14 01:00:00+00:00, run_after=2024-08-14 01:00:00+00:00
[2024-08-16T06:58:41.133+0000] {logging_mixin.py:190} INFO - [2024-08-16T06:58:41.133+0000] {dag.py:4138} INFO - Setting next_dagrun for consume_1_and_2_with_dataset_expressions to None, run_after=None
[2024-08-16T06:58:41.134+0000] {logging_mixin.py:190} INFO - [2024-08-16T06:58:41.134+0000] {dag.py:4138} INFO - Setting next_dagrun for consume_1_or_2_with_dataset_expressions to None, run_after=None
[2024-08-16T06:58:41.135+0000] {logging_mixin.py:190} INFO - [2024-08-16T06:58:41.135+0000] {dag.py:4138} INFO - Setting next_dagrun for consume_1_or_both_2_and_3_with_dataset_expressions to None, run_after=None
[2024-08-16T06:58:41.135+0000] {logging_mixin.py:190} INFO - [2024-08-16T06:58:41.135+0000] {dag.py:4138} INFO - Setting next_dagrun for dataset_consumes_1 to None, run_after=None
[2024-08-16T06:58:41.136+0000] {logging_mixin.py:190} INFO - [2024-08-16T06:58:41.136+0000] {dag.py:4138} INFO - Setting next_dagrun for dataset_consumes_1_and_2 to None, run_after=None
[2024-08-16T06:58:41.137+0000] {logging_mixin.py:190} INFO - [2024-08-16T06:58:41.137+0000] {dag.py:4138} INFO - Setting next_dagrun for dataset_consumes_1_never_scheduled to None, run_after=None
[2024-08-16T06:58:41.138+0000] {logging_mixin.py:190} INFO - [2024-08-16T06:58:41.138+0000] {dag.py:4138} INFO - Setting next_dagrun for dataset_consumes_unknown_never_scheduled to None, run_after=None
[2024-08-16T06:58:41.140+0000] {logging_mixin.py:190} INFO - [2024-08-16T06:58:41.139+0000] {dag.py:4138} INFO - Setting next_dagrun for dataset_produces_1 to 2024-08-15 00:00:00+00:00, run_after=2024-08-16 00:00:00+00:00
[2024-08-16T06:58:41.140+0000] {logging_mixin.py:190} INFO - [2024-08-16T06:58:41.140+0000] {dag.py:4138} INFO - Setting next_dagrun for dataset_produces_2 to None, run_after=None
[2024-08-16T06:58:41.188+0000] {processor.py:208} INFO - Processing /usr/local/python/3.10.13/lib/python3.10/site-packages/airflow/example_dags/example_datasets.py took 0.128 seconds
[2024-08-16T06:59:33.080+0000] {processor.py:186} INFO - Started process (PID=18012) to work on /usr/local/python/3.10.13/lib/python3.10/site-packages/airflow/example_dags/example_datasets.py
[2024-08-16T06:59:33.081+0000] {processor.py:914} INFO - Processing file /usr/local/python/3.10.13/lib/python3.10/site-packages/airflow/example_dags/example_datasets.py for tasks to queue
[2024-08-16T06:59:33.083+0000] {logging_mixin.py:190} INFO - [2024-08-16T06:59:33.083+0000] {dagbag.py:587} INFO - Filling up the DagBag from /usr/local/python/3.10.13/lib/python3.10/site-packages/airflow/example_dags/example_datasets.py
[2024-08-16T06:59:33.096+0000] {processor.py:925} INFO - DAG(s) 'dataset_produces_1', 'consume_1_or_both_2_and_3_with_dataset_expressions', 'conditional_dataset_and_time_based_timetable', 'dataset_produces_2', 'dataset_consumes_1', 'consume_1_or_2_with_dataset_expressions', 'dataset_consumes_1_never_scheduled', 'dataset_consumes_1_and_2', 'dataset_consumes_unknown_never_scheduled', 'consume_1_and_2_with_dataset_expressions' retrieved from /usr/local/python/3.10.13/lib/python3.10/site-packages/airflow/example_dags/example_datasets.py
[2024-08-16T06:59:33.124+0000] {logging_mixin.py:190} INFO - [2024-08-16T06:59:33.124+0000] {dag.py:3211} INFO - Sync 10 DAGs
[2024-08-16T06:59:33.143+0000] {logging_mixin.py:190} INFO - [2024-08-16T06:59:33.142+0000] {dag.py:4138} INFO - Setting next_dagrun for conditional_dataset_and_time_based_timetable to 2024-08-14 01:00:00+00:00, run_after=2024-08-14 01:00:00+00:00
[2024-08-16T06:59:33.145+0000] {logging_mixin.py:190} INFO - [2024-08-16T06:59:33.145+0000] {dag.py:4138} INFO - Setting next_dagrun for consume_1_and_2_with_dataset_expressions to None, run_after=None
[2024-08-16T06:59:33.146+0000] {logging_mixin.py:190} INFO - [2024-08-16T06:59:33.146+0000] {dag.py:4138} INFO - Setting next_dagrun for consume_1_or_2_with_dataset_expressions to None, run_after=None
[2024-08-16T06:59:33.147+0000] {logging_mixin.py:190} INFO - [2024-08-16T06:59:33.147+0000] {dag.py:4138} INFO - Setting next_dagrun for consume_1_or_both_2_and_3_with_dataset_expressions to None, run_after=None
[2024-08-16T06:59:33.148+0000] {logging_mixin.py:190} INFO - [2024-08-16T06:59:33.147+0000] {dag.py:4138} INFO - Setting next_dagrun for dataset_consumes_1 to None, run_after=None
[2024-08-16T06:59:33.148+0000] {logging_mixin.py:190} INFO - [2024-08-16T06:59:33.148+0000] {dag.py:4138} INFO - Setting next_dagrun for dataset_consumes_1_and_2 to None, run_after=None
[2024-08-16T06:59:33.149+0000] {logging_mixin.py:190} INFO - [2024-08-16T06:59:33.149+0000] {dag.py:4138} INFO - Setting next_dagrun for dataset_consumes_1_never_scheduled to None, run_after=None
[2024-08-16T06:59:33.150+0000] {logging_mixin.py:190} INFO - [2024-08-16T06:59:33.150+0000] {dag.py:4138} INFO - Setting next_dagrun for dataset_consumes_unknown_never_scheduled to None, run_after=None
[2024-08-16T06:59:33.152+0000] {logging_mixin.py:190} INFO - [2024-08-16T06:59:33.152+0000] {dag.py:4138} INFO - Setting next_dagrun for dataset_produces_1 to 2024-08-15 00:00:00+00:00, run_after=2024-08-16 00:00:00+00:00
[2024-08-16T06:59:33.153+0000] {logging_mixin.py:190} INFO - [2024-08-16T06:59:33.152+0000] {dag.py:4138} INFO - Setting next_dagrun for dataset_produces_2 to None, run_after=None
[2024-08-16T06:59:33.210+0000] {processor.py:208} INFO - Processing /usr/local/python/3.10.13/lib/python3.10/site-packages/airflow/example_dags/example_datasets.py took 0.137 seconds
[2024-08-16T07:00:25.259+0000] {processor.py:186} INFO - Started process (PID=18434) to work on /usr/local/python/3.10.13/lib/python3.10/site-packages/airflow/example_dags/example_datasets.py
[2024-08-16T07:00:25.260+0000] {processor.py:914} INFO - Processing file /usr/local/python/3.10.13/lib/python3.10/site-packages/airflow/example_dags/example_datasets.py for tasks to queue
[2024-08-16T07:00:25.262+0000] {logging_mixin.py:190} INFO - [2024-08-16T07:00:25.262+0000] {dagbag.py:587} INFO - Filling up the DagBag from /usr/local/python/3.10.13/lib/python3.10/site-packages/airflow/example_dags/example_datasets.py
[2024-08-16T07:00:25.280+0000] {processor.py:925} INFO - DAG(s) 'consume_1_or_2_with_dataset_expressions', 'dataset_consumes_1', 'dataset_produces_2', 'consume_1_or_both_2_and_3_with_dataset_expressions', 'consume_1_and_2_with_dataset_expressions', 'conditional_dataset_and_time_based_timetable', 'dataset_consumes_unknown_never_scheduled', 'dataset_consumes_1_and_2', 'dataset_produces_1', 'dataset_consumes_1_never_scheduled' retrieved from /usr/local/python/3.10.13/lib/python3.10/site-packages/airflow/example_dags/example_datasets.py
[2024-08-16T07:00:25.328+0000] {logging_mixin.py:190} INFO - [2024-08-16T07:00:25.327+0000] {dag.py:3211} INFO - Sync 10 DAGs
[2024-08-16T07:00:25.370+0000] {logging_mixin.py:190} INFO - [2024-08-16T07:00:25.370+0000] {dag.py:4138} INFO - Setting next_dagrun for conditional_dataset_and_time_based_timetable to 2024-08-14 01:00:00+00:00, run_after=2024-08-14 01:00:00+00:00
[2024-08-16T07:00:25.378+0000] {logging_mixin.py:190} INFO - [2024-08-16T07:00:25.378+0000] {dag.py:4138} INFO - Setting next_dagrun for consume_1_and_2_with_dataset_expressions to None, run_after=None
[2024-08-16T07:00:25.381+0000] {logging_mixin.py:190} INFO - [2024-08-16T07:00:25.380+0000] {dag.py:4138} INFO - Setting next_dagrun for consume_1_or_2_with_dataset_expressions to None, run_after=None
[2024-08-16T07:00:25.383+0000] {logging_mixin.py:190} INFO - [2024-08-16T07:00:25.383+0000] {dag.py:4138} INFO - Setting next_dagrun for consume_1_or_both_2_and_3_with_dataset_expressions to None, run_after=None
[2024-08-16T07:00:25.384+0000] {logging_mixin.py:190} INFO - [2024-08-16T07:00:25.384+0000] {dag.py:4138} INFO - Setting next_dagrun for dataset_consumes_1 to None, run_after=None
[2024-08-16T07:00:25.385+0000] {logging_mixin.py:190} INFO - [2024-08-16T07:00:25.385+0000] {dag.py:4138} INFO - Setting next_dagrun for dataset_consumes_1_and_2 to None, run_after=None
[2024-08-16T07:00:25.386+0000] {logging_mixin.py:190} INFO - [2024-08-16T07:00:25.386+0000] {dag.py:4138} INFO - Setting next_dagrun for dataset_consumes_1_never_scheduled to None, run_after=None
[2024-08-16T07:00:25.387+0000] {logging_mixin.py:190} INFO - [2024-08-16T07:00:25.387+0000] {dag.py:4138} INFO - Setting next_dagrun for dataset_consumes_unknown_never_scheduled to None, run_after=None
[2024-08-16T07:00:25.395+0000] {logging_mixin.py:190} INFO - [2024-08-16T07:00:25.395+0000] {dag.py:4138} INFO - Setting next_dagrun for dataset_produces_1 to 2024-08-15 00:00:00+00:00, run_after=2024-08-16 00:00:00+00:00
[2024-08-16T07:00:25.396+0000] {logging_mixin.py:190} INFO - [2024-08-16T07:00:25.396+0000] {dag.py:4138} INFO - Setting next_dagrun for dataset_produces_2 to None, run_after=None
[2024-08-16T07:00:25.454+0000] {processor.py:208} INFO - Processing /usr/local/python/3.10.13/lib/python3.10/site-packages/airflow/example_dags/example_datasets.py took 0.202 seconds
[2024-08-16T07:01:18.907+0000] {processor.py:186} INFO - Started process (PID=18878) to work on /usr/local/python/3.10.13/lib/python3.10/site-packages/airflow/example_dags/example_datasets.py
[2024-08-16T07:01:18.908+0000] {processor.py:914} INFO - Processing file /usr/local/python/3.10.13/lib/python3.10/site-packages/airflow/example_dags/example_datasets.py for tasks to queue
[2024-08-16T07:01:18.910+0000] {logging_mixin.py:190} INFO - [2024-08-16T07:01:18.910+0000] {dagbag.py:587} INFO - Filling up the DagBag from /usr/local/python/3.10.13/lib/python3.10/site-packages/airflow/example_dags/example_datasets.py
[2024-08-16T07:01:18.928+0000] {processor.py:925} INFO - DAG(s) 'dataset_produces_1', 'dataset_consumes_unknown_never_scheduled', 'consume_1_and_2_with_dataset_expressions', 'consume_1_or_both_2_and_3_with_dataset_expressions', 'consume_1_or_2_with_dataset_expressions', 'dataset_consumes_1_never_scheduled', 'conditional_dataset_and_time_based_timetable', 'dataset_produces_2', 'dataset_consumes_1_and_2', 'dataset_consumes_1' retrieved from /usr/local/python/3.10.13/lib/python3.10/site-packages/airflow/example_dags/example_datasets.py
[2024-08-16T07:01:18.969+0000] {logging_mixin.py:190} INFO - [2024-08-16T07:01:18.969+0000] {dag.py:3211} INFO - Sync 10 DAGs
[2024-08-16T07:01:18.989+0000] {logging_mixin.py:190} INFO - [2024-08-16T07:01:18.989+0000] {dag.py:4138} INFO - Setting next_dagrun for conditional_dataset_and_time_based_timetable to 2024-08-14 01:00:00+00:00, run_after=2024-08-14 01:00:00+00:00
[2024-08-16T07:01:18.991+0000] {logging_mixin.py:190} INFO - [2024-08-16T07:01:18.991+0000] {dag.py:4138} INFO - Setting next_dagrun for consume_1_and_2_with_dataset_expressions to None, run_after=None
[2024-08-16T07:01:18.992+0000] {logging_mixin.py:190} INFO - [2024-08-16T07:01:18.992+0000] {dag.py:4138} INFO - Setting next_dagrun for consume_1_or_2_with_dataset_expressions to None, run_after=None
[2024-08-16T07:01:18.993+0000] {logging_mixin.py:190} INFO - [2024-08-16T07:01:18.993+0000] {dag.py:4138} INFO - Setting next_dagrun for consume_1_or_both_2_and_3_with_dataset_expressions to None, run_after=None
[2024-08-16T07:01:18.994+0000] {logging_mixin.py:190} INFO - [2024-08-16T07:01:18.993+0000] {dag.py:4138} INFO - Setting next_dagrun for dataset_consumes_1 to None, run_after=None
[2024-08-16T07:01:18.994+0000] {logging_mixin.py:190} INFO - [2024-08-16T07:01:18.994+0000] {dag.py:4138} INFO - Setting next_dagrun for dataset_consumes_1_and_2 to None, run_after=None
[2024-08-16T07:01:18.995+0000] {logging_mixin.py:190} INFO - [2024-08-16T07:01:18.995+0000] {dag.py:4138} INFO - Setting next_dagrun for dataset_consumes_1_never_scheduled to None, run_after=None
[2024-08-16T07:01:18.996+0000] {logging_mixin.py:190} INFO - [2024-08-16T07:01:18.996+0000] {dag.py:4138} INFO - Setting next_dagrun for dataset_consumes_unknown_never_scheduled to None, run_after=None
[2024-08-16T07:01:18.998+0000] {logging_mixin.py:190} INFO - [2024-08-16T07:01:18.998+0000] {dag.py:4138} INFO - Setting next_dagrun for dataset_produces_1 to 2024-08-15 00:00:00+00:00, run_after=2024-08-16 00:00:00+00:00
[2024-08-16T07:01:18.999+0000] {logging_mixin.py:190} INFO - [2024-08-16T07:01:18.998+0000] {dag.py:4138} INFO - Setting next_dagrun for dataset_produces_2 to None, run_after=None
[2024-08-16T07:01:19.062+0000] {processor.py:208} INFO - Processing /usr/local/python/3.10.13/lib/python3.10/site-packages/airflow/example_dags/example_datasets.py took 0.162 seconds
[2024-08-16T07:02:10.926+0000] {processor.py:186} INFO - Started process (PID=19245) to work on /usr/local/python/3.10.13/lib/python3.10/site-packages/airflow/example_dags/example_datasets.py
[2024-08-16T07:02:10.927+0000] {processor.py:914} INFO - Processing file /usr/local/python/3.10.13/lib/python3.10/site-packages/airflow/example_dags/example_datasets.py for tasks to queue
[2024-08-16T07:02:10.930+0000] {logging_mixin.py:190} INFO - [2024-08-16T07:02:10.929+0000] {dagbag.py:587} INFO - Filling up the DagBag from /usr/local/python/3.10.13/lib/python3.10/site-packages/airflow/example_dags/example_datasets.py
[2024-08-16T07:02:10.949+0000] {processor.py:925} INFO - DAG(s) 'dataset_produces_1', 'dataset_consumes_1', 'consume_1_or_2_with_dataset_expressions', 'dataset_consumes_unknown_never_scheduled', 'dataset_produces_2', 'consume_1_or_both_2_and_3_with_dataset_expressions', 'dataset_consumes_1_and_2', 'dataset_consumes_1_never_scheduled', 'conditional_dataset_and_time_based_timetable', 'consume_1_and_2_with_dataset_expressions' retrieved from /usr/local/python/3.10.13/lib/python3.10/site-packages/airflow/example_dags/example_datasets.py
[2024-08-16T07:02:10.993+0000] {logging_mixin.py:190} INFO - [2024-08-16T07:02:10.993+0000] {dag.py:3211} INFO - Sync 10 DAGs
[2024-08-16T07:02:11.023+0000] {logging_mixin.py:190} INFO - [2024-08-16T07:02:11.023+0000] {dag.py:4138} INFO - Setting next_dagrun for conditional_dataset_and_time_based_timetable to 2024-08-14 01:00:00+00:00, run_after=2024-08-14 01:00:00+00:00
[2024-08-16T07:02:11.027+0000] {logging_mixin.py:190} INFO - [2024-08-16T07:02:11.027+0000] {dag.py:4138} INFO - Setting next_dagrun for consume_1_and_2_with_dataset_expressions to None, run_after=None
[2024-08-16T07:02:11.028+0000] {logging_mixin.py:190} INFO - [2024-08-16T07:02:11.028+0000] {dag.py:4138} INFO - Setting next_dagrun for consume_1_or_2_with_dataset_expressions to None, run_after=None
[2024-08-16T07:02:11.029+0000] {logging_mixin.py:190} INFO - [2024-08-16T07:02:11.029+0000] {dag.py:4138} INFO - Setting next_dagrun for consume_1_or_both_2_and_3_with_dataset_expressions to None, run_after=None
[2024-08-16T07:02:11.030+0000] {logging_mixin.py:190} INFO - [2024-08-16T07:02:11.030+0000] {dag.py:4138} INFO - Setting next_dagrun for dataset_consumes_1 to None, run_after=None
[2024-08-16T07:02:11.031+0000] {logging_mixin.py:190} INFO - [2024-08-16T07:02:11.031+0000] {dag.py:4138} INFO - Setting next_dagrun for dataset_consumes_1_and_2 to None, run_after=None
[2024-08-16T07:02:11.032+0000] {logging_mixin.py:190} INFO - [2024-08-16T07:02:11.032+0000] {dag.py:4138} INFO - Setting next_dagrun for dataset_consumes_1_never_scheduled to None, run_after=None
[2024-08-16T07:02:11.033+0000] {logging_mixin.py:190} INFO - [2024-08-16T07:02:11.033+0000] {dag.py:4138} INFO - Setting next_dagrun for dataset_consumes_unknown_never_scheduled to None, run_after=None
[2024-08-16T07:02:11.036+0000] {logging_mixin.py:190} INFO - [2024-08-16T07:02:11.036+0000] {dag.py:4138} INFO - Setting next_dagrun for dataset_produces_1 to 2024-08-15 00:00:00+00:00, run_after=2024-08-16 00:00:00+00:00
[2024-08-16T07:02:11.037+0000] {logging_mixin.py:190} INFO - [2024-08-16T07:02:11.037+0000] {dag.py:4138} INFO - Setting next_dagrun for dataset_produces_2 to None, run_after=None
[2024-08-16T07:02:11.096+0000] {processor.py:208} INFO - Processing /usr/local/python/3.10.13/lib/python3.10/site-packages/airflow/example_dags/example_datasets.py took 0.177 seconds
