[2024-08-16T06:46:45.193+0000] {processor.py:186} INFO - Started process (PID=12569) to work on /usr/local/python/3.10.13/lib/python3.10/site-packages/airflow/example_dags/example_branch_python_dop_operator_3.py
[2024-08-16T06:46:45.193+0000] {processor.py:914} INFO - Processing file /usr/local/python/3.10.13/lib/python3.10/site-packages/airflow/example_dags/example_branch_python_dop_operator_3.py for tasks to queue
[2024-08-16T06:46:45.195+0000] {logging_mixin.py:190} INFO - [2024-08-16T06:46:45.195+0000] {dagbag.py:587} INFO - Filling up the DagBag from /usr/local/python/3.10.13/lib/python3.10/site-packages/airflow/example_dags/example_branch_python_dop_operator_3.py
[2024-08-16T06:46:45.205+0000] {processor.py:925} INFO - DAG(s) 'example_branch_dop_operator_v3' retrieved from /usr/local/python/3.10.13/lib/python3.10/site-packages/airflow/example_dags/example_branch_python_dop_operator_3.py
[2024-08-16T06:46:45.345+0000] {logging_mixin.py:190} INFO - [2024-08-16T06:46:45.345+0000] {override.py:1858} INFO - Created Permission View: can edit on DAG:example_branch_dop_operator_v3
[2024-08-16T06:46:45.379+0000] {logging_mixin.py:190} INFO - [2024-08-16T06:46:45.379+0000] {override.py:1858} INFO - Created Permission View: can read on DAG:example_branch_dop_operator_v3
[2024-08-16T06:46:45.410+0000] {logging_mixin.py:190} INFO - [2024-08-16T06:46:45.410+0000] {override.py:1858} INFO - Created Permission View: can delete on DAG:example_branch_dop_operator_v3
[2024-08-16T06:46:45.410+0000] {logging_mixin.py:190} INFO - [2024-08-16T06:46:45.410+0000] {dag.py:3211} INFO - Sync 1 DAGs
[2024-08-16T06:46:45.419+0000] {logging_mixin.py:190} INFO - [2024-08-16T06:46:45.419+0000] {dag.py:3234} INFO - Creating ORM DAG for example_branch_dop_operator_v3
[2024-08-16T06:46:45.430+0000] {logging_mixin.py:190} INFO - [2024-08-16T06:46:45.430+0000] {dag.py:4138} INFO - Setting next_dagrun for example_branch_dop_operator_v3 to 2024-08-16 06:45:00+00:00, run_after=2024-08-16 06:46:00+00:00
[2024-08-16T06:46:45.487+0000] {processor.py:208} INFO - Processing /usr/local/python/3.10.13/lib/python3.10/site-packages/airflow/example_dags/example_branch_python_dop_operator_3.py took 0.299 seconds
[2024-08-16T06:47:50.213+0000] {processor.py:186} INFO - Started process (PID=13050) to work on /usr/local/python/3.10.13/lib/python3.10/site-packages/airflow/example_dags/example_branch_python_dop_operator_3.py
[2024-08-16T06:47:50.214+0000] {processor.py:914} INFO - Processing file /usr/local/python/3.10.13/lib/python3.10/site-packages/airflow/example_dags/example_branch_python_dop_operator_3.py for tasks to queue
[2024-08-16T06:47:50.216+0000] {logging_mixin.py:190} INFO - [2024-08-16T06:47:50.216+0000] {dagbag.py:587} INFO - Filling up the DagBag from /usr/local/python/3.10.13/lib/python3.10/site-packages/airflow/example_dags/example_branch_python_dop_operator_3.py
[2024-08-16T06:47:50.226+0000] {processor.py:925} INFO - DAG(s) 'example_branch_dop_operator_v3' retrieved from /usr/local/python/3.10.13/lib/python3.10/site-packages/airflow/example_dags/example_branch_python_dop_operator_3.py
[2024-08-16T06:47:50.239+0000] {logging_mixin.py:190} INFO - [2024-08-16T06:47:50.239+0000] {dag.py:3211} INFO - Sync 1 DAGs
[2024-08-16T06:47:50.260+0000] {logging_mixin.py:190} INFO - [2024-08-16T06:47:50.260+0000] {dag.py:4138} INFO - Setting next_dagrun for example_branch_dop_operator_v3 to 2024-08-16 06:46:00+00:00, run_after=2024-08-16 06:47:00+00:00
[2024-08-16T06:47:50.305+0000] {processor.py:208} INFO - Processing /usr/local/python/3.10.13/lib/python3.10/site-packages/airflow/example_dags/example_branch_python_dop_operator_3.py took 0.099 seconds
[2024-08-16T06:48:47.496+0000] {processor.py:186} INFO - Started process (PID=13442) to work on /usr/local/python/3.10.13/lib/python3.10/site-packages/airflow/example_dags/example_branch_python_dop_operator_3.py
[2024-08-16T06:48:47.496+0000] {processor.py:914} INFO - Processing file /usr/local/python/3.10.13/lib/python3.10/site-packages/airflow/example_dags/example_branch_python_dop_operator_3.py for tasks to queue
[2024-08-16T06:48:47.498+0000] {logging_mixin.py:190} INFO - [2024-08-16T06:48:47.498+0000] {dagbag.py:587} INFO - Filling up the DagBag from /usr/local/python/3.10.13/lib/python3.10/site-packages/airflow/example_dags/example_branch_python_dop_operator_3.py
[2024-08-16T06:48:47.506+0000] {processor.py:925} INFO - DAG(s) 'example_branch_dop_operator_v3' retrieved from /usr/local/python/3.10.13/lib/python3.10/site-packages/airflow/example_dags/example_branch_python_dop_operator_3.py
[2024-08-16T06:48:47.518+0000] {logging_mixin.py:190} INFO - [2024-08-16T06:48:47.518+0000] {dag.py:3211} INFO - Sync 1 DAGs
[2024-08-16T06:48:47.538+0000] {logging_mixin.py:190} INFO - [2024-08-16T06:48:47.538+0000] {dag.py:4138} INFO - Setting next_dagrun for example_branch_dop_operator_v3 to 2024-08-16 06:47:00+00:00, run_after=2024-08-16 06:48:00+00:00
[2024-08-16T06:48:47.579+0000] {processor.py:208} INFO - Processing /usr/local/python/3.10.13/lib/python3.10/site-packages/airflow/example_dags/example_branch_python_dop_operator_3.py took 0.088 seconds
[2024-08-16T06:49:43.692+0000] {processor.py:186} INFO - Started process (PID=13817) to work on /usr/local/python/3.10.13/lib/python3.10/site-packages/airflow/example_dags/example_branch_python_dop_operator_3.py
[2024-08-16T06:49:43.693+0000] {processor.py:914} INFO - Processing file /usr/local/python/3.10.13/lib/python3.10/site-packages/airflow/example_dags/example_branch_python_dop_operator_3.py for tasks to queue
[2024-08-16T06:49:43.695+0000] {logging_mixin.py:190} INFO - [2024-08-16T06:49:43.694+0000] {dagbag.py:587} INFO - Filling up the DagBag from /usr/local/python/3.10.13/lib/python3.10/site-packages/airflow/example_dags/example_branch_python_dop_operator_3.py
[2024-08-16T06:49:43.704+0000] {processor.py:925} INFO - DAG(s) 'example_branch_dop_operator_v3' retrieved from /usr/local/python/3.10.13/lib/python3.10/site-packages/airflow/example_dags/example_branch_python_dop_operator_3.py
[2024-08-16T06:49:43.716+0000] {logging_mixin.py:190} INFO - [2024-08-16T06:49:43.716+0000] {dag.py:3211} INFO - Sync 1 DAGs
[2024-08-16T06:49:43.736+0000] {logging_mixin.py:190} INFO - [2024-08-16T06:49:43.735+0000] {dag.py:4138} INFO - Setting next_dagrun for example_branch_dop_operator_v3 to 2024-08-16 06:48:00+00:00, run_after=2024-08-16 06:49:00+00:00
[2024-08-16T06:49:43.777+0000] {processor.py:208} INFO - Processing /usr/local/python/3.10.13/lib/python3.10/site-packages/airflow/example_dags/example_branch_python_dop_operator_3.py took 0.091 seconds
[2024-08-16T06:50:38.072+0000] {processor.py:186} INFO - Started process (PID=14204) to work on /usr/local/python/3.10.13/lib/python3.10/site-packages/airflow/example_dags/example_branch_python_dop_operator_3.py
[2024-08-16T06:50:38.073+0000] {processor.py:914} INFO - Processing file /usr/local/python/3.10.13/lib/python3.10/site-packages/airflow/example_dags/example_branch_python_dop_operator_3.py for tasks to queue
[2024-08-16T06:50:38.075+0000] {logging_mixin.py:190} INFO - [2024-08-16T06:50:38.075+0000] {dagbag.py:587} INFO - Filling up the DagBag from /usr/local/python/3.10.13/lib/python3.10/site-packages/airflow/example_dags/example_branch_python_dop_operator_3.py
[2024-08-16T06:50:38.088+0000] {processor.py:925} INFO - DAG(s) 'example_branch_dop_operator_v3' retrieved from /usr/local/python/3.10.13/lib/python3.10/site-packages/airflow/example_dags/example_branch_python_dop_operator_3.py
[2024-08-16T06:50:38.107+0000] {logging_mixin.py:190} INFO - [2024-08-16T06:50:38.106+0000] {dag.py:3211} INFO - Sync 1 DAGs
[2024-08-16T06:50:38.138+0000] {logging_mixin.py:190} INFO - [2024-08-16T06:50:38.137+0000] {dag.py:4138} INFO - Setting next_dagrun for example_branch_dop_operator_v3 to 2024-08-16 06:49:00+00:00, run_after=2024-08-16 06:50:00+00:00
[2024-08-16T06:50:38.186+0000] {processor.py:208} INFO - Processing /usr/local/python/3.10.13/lib/python3.10/site-packages/airflow/example_dags/example_branch_python_dop_operator_3.py took 0.121 seconds
[2024-08-16T06:51:27.844+0000] {processor.py:186} INFO - Started process (PID=14550) to work on /usr/local/python/3.10.13/lib/python3.10/site-packages/airflow/example_dags/example_branch_python_dop_operator_3.py
[2024-08-16T06:51:27.845+0000] {processor.py:914} INFO - Processing file /usr/local/python/3.10.13/lib/python3.10/site-packages/airflow/example_dags/example_branch_python_dop_operator_3.py for tasks to queue
[2024-08-16T06:51:27.847+0000] {logging_mixin.py:190} INFO - [2024-08-16T06:51:27.846+0000] {dagbag.py:587} INFO - Filling up the DagBag from /usr/local/python/3.10.13/lib/python3.10/site-packages/airflow/example_dags/example_branch_python_dop_operator_3.py
[2024-08-16T06:51:27.855+0000] {processor.py:925} INFO - DAG(s) 'example_branch_dop_operator_v3' retrieved from /usr/local/python/3.10.13/lib/python3.10/site-packages/airflow/example_dags/example_branch_python_dop_operator_3.py
[2024-08-16T06:51:27.867+0000] {logging_mixin.py:190} INFO - [2024-08-16T06:51:27.867+0000] {dag.py:3211} INFO - Sync 1 DAGs
[2024-08-16T06:51:27.890+0000] {logging_mixin.py:190} INFO - [2024-08-16T06:51:27.890+0000] {dag.py:4138} INFO - Setting next_dagrun for example_branch_dop_operator_v3 to 2024-08-16 06:50:00+00:00, run_after=2024-08-16 06:51:00+00:00
[2024-08-16T06:51:27.931+0000] {processor.py:208} INFO - Processing /usr/local/python/3.10.13/lib/python3.10/site-packages/airflow/example_dags/example_branch_python_dop_operator_3.py took 0.091 seconds
[2024-08-16T06:52:18.051+0000] {processor.py:186} INFO - Started process (PID=14904) to work on /usr/local/python/3.10.13/lib/python3.10/site-packages/airflow/example_dags/example_branch_python_dop_operator_3.py
[2024-08-16T06:52:18.051+0000] {processor.py:914} INFO - Processing file /usr/local/python/3.10.13/lib/python3.10/site-packages/airflow/example_dags/example_branch_python_dop_operator_3.py for tasks to queue
[2024-08-16T06:52:18.053+0000] {logging_mixin.py:190} INFO - [2024-08-16T06:52:18.053+0000] {dagbag.py:587} INFO - Filling up the DagBag from /usr/local/python/3.10.13/lib/python3.10/site-packages/airflow/example_dags/example_branch_python_dop_operator_3.py
[2024-08-16T06:52:18.061+0000] {processor.py:925} INFO - DAG(s) 'example_branch_dop_operator_v3' retrieved from /usr/local/python/3.10.13/lib/python3.10/site-packages/airflow/example_dags/example_branch_python_dop_operator_3.py
[2024-08-16T06:52:18.074+0000] {logging_mixin.py:190} INFO - [2024-08-16T06:52:18.073+0000] {dag.py:3211} INFO - Sync 1 DAGs
[2024-08-16T06:52:18.093+0000] {logging_mixin.py:190} INFO - [2024-08-16T06:52:18.093+0000] {dag.py:4138} INFO - Setting next_dagrun for example_branch_dop_operator_v3 to 2024-08-16 06:51:00+00:00, run_after=2024-08-16 06:52:00+00:00
[2024-08-16T06:52:18.135+0000] {processor.py:208} INFO - Processing /usr/local/python/3.10.13/lib/python3.10/site-packages/airflow/example_dags/example_branch_python_dop_operator_3.py took 0.089 seconds
[2024-08-16T06:53:09.051+0000] {processor.py:186} INFO - Started process (PID=15255) to work on /usr/local/python/3.10.13/lib/python3.10/site-packages/airflow/example_dags/example_branch_python_dop_operator_3.py
[2024-08-16T06:53:09.052+0000] {processor.py:914} INFO - Processing file /usr/local/python/3.10.13/lib/python3.10/site-packages/airflow/example_dags/example_branch_python_dop_operator_3.py for tasks to queue
[2024-08-16T06:53:09.054+0000] {logging_mixin.py:190} INFO - [2024-08-16T06:53:09.053+0000] {dagbag.py:587} INFO - Filling up the DagBag from /usr/local/python/3.10.13/lib/python3.10/site-packages/airflow/example_dags/example_branch_python_dop_operator_3.py
[2024-08-16T06:53:09.067+0000] {processor.py:925} INFO - DAG(s) 'example_branch_dop_operator_v3' retrieved from /usr/local/python/3.10.13/lib/python3.10/site-packages/airflow/example_dags/example_branch_python_dop_operator_3.py
[2024-08-16T06:53:09.084+0000] {logging_mixin.py:190} INFO - [2024-08-16T06:53:09.084+0000] {dag.py:3211} INFO - Sync 1 DAGs
[2024-08-16T06:53:09.130+0000] {logging_mixin.py:190} INFO - [2024-08-16T06:53:09.129+0000] {dag.py:4138} INFO - Setting next_dagrun for example_branch_dop_operator_v3 to 2024-08-16 06:52:00+00:00, run_after=2024-08-16 06:53:00+00:00
[2024-08-16T06:53:09.183+0000] {processor.py:208} INFO - Processing /usr/local/python/3.10.13/lib/python3.10/site-packages/airflow/example_dags/example_branch_python_dop_operator_3.py took 0.139 seconds
[2024-08-16T06:54:03.751+0000] {processor.py:186} INFO - Started process (PID=15628) to work on /usr/local/python/3.10.13/lib/python3.10/site-packages/airflow/example_dags/example_branch_python_dop_operator_3.py
[2024-08-16T06:54:03.752+0000] {processor.py:914} INFO - Processing file /usr/local/python/3.10.13/lib/python3.10/site-packages/airflow/example_dags/example_branch_python_dop_operator_3.py for tasks to queue
[2024-08-16T06:54:03.755+0000] {logging_mixin.py:190} INFO - [2024-08-16T06:54:03.754+0000] {dagbag.py:587} INFO - Filling up the DagBag from /usr/local/python/3.10.13/lib/python3.10/site-packages/airflow/example_dags/example_branch_python_dop_operator_3.py
[2024-08-16T06:54:03.768+0000] {processor.py:925} INFO - DAG(s) 'example_branch_dop_operator_v3' retrieved from /usr/local/python/3.10.13/lib/python3.10/site-packages/airflow/example_dags/example_branch_python_dop_operator_3.py
[2024-08-16T06:54:03.786+0000] {logging_mixin.py:190} INFO - [2024-08-16T06:54:03.786+0000] {dag.py:3211} INFO - Sync 1 DAGs
[2024-08-16T06:54:03.819+0000] {logging_mixin.py:190} INFO - [2024-08-16T06:54:03.819+0000] {dag.py:4138} INFO - Setting next_dagrun for example_branch_dop_operator_v3 to 2024-08-16 06:53:00+00:00, run_after=2024-08-16 06:54:00+00:00
[2024-08-16T06:54:03.866+0000] {processor.py:208} INFO - Processing /usr/local/python/3.10.13/lib/python3.10/site-packages/airflow/example_dags/example_branch_python_dop_operator_3.py took 0.121 seconds
[2024-08-16T06:54:56.466+0000] {processor.py:186} INFO - Started process (PID=15980) to work on /usr/local/python/3.10.13/lib/python3.10/site-packages/airflow/example_dags/example_branch_python_dop_operator_3.py
[2024-08-16T06:54:56.467+0000] {processor.py:914} INFO - Processing file /usr/local/python/3.10.13/lib/python3.10/site-packages/airflow/example_dags/example_branch_python_dop_operator_3.py for tasks to queue
[2024-08-16T06:54:56.468+0000] {logging_mixin.py:190} INFO - [2024-08-16T06:54:56.468+0000] {dagbag.py:587} INFO - Filling up the DagBag from /usr/local/python/3.10.13/lib/python3.10/site-packages/airflow/example_dags/example_branch_python_dop_operator_3.py
[2024-08-16T06:54:56.477+0000] {processor.py:925} INFO - DAG(s) 'example_branch_dop_operator_v3' retrieved from /usr/local/python/3.10.13/lib/python3.10/site-packages/airflow/example_dags/example_branch_python_dop_operator_3.py
[2024-08-16T06:54:56.489+0000] {logging_mixin.py:190} INFO - [2024-08-16T06:54:56.489+0000] {dag.py:3211} INFO - Sync 1 DAGs
[2024-08-16T06:54:56.509+0000] {logging_mixin.py:190} INFO - [2024-08-16T06:54:56.509+0000] {dag.py:4138} INFO - Setting next_dagrun for example_branch_dop_operator_v3 to 2024-08-16 06:53:00+00:00, run_after=2024-08-16 06:54:00+00:00
[2024-08-16T06:54:56.548+0000] {processor.py:208} INFO - Processing /usr/local/python/3.10.13/lib/python3.10/site-packages/airflow/example_dags/example_branch_python_dop_operator_3.py took 0.086 seconds
[2024-08-16T06:55:53.965+0000] {processor.py:186} INFO - Started process (PID=16383) to work on /usr/local/python/3.10.13/lib/python3.10/site-packages/airflow/example_dags/example_branch_python_dop_operator_3.py
[2024-08-16T06:55:53.966+0000] {processor.py:914} INFO - Processing file /usr/local/python/3.10.13/lib/python3.10/site-packages/airflow/example_dags/example_branch_python_dop_operator_3.py for tasks to queue
[2024-08-16T06:55:53.968+0000] {logging_mixin.py:190} INFO - [2024-08-16T06:55:53.968+0000] {dagbag.py:587} INFO - Filling up the DagBag from /usr/local/python/3.10.13/lib/python3.10/site-packages/airflow/example_dags/example_branch_python_dop_operator_3.py
[2024-08-16T06:55:53.981+0000] {processor.py:925} INFO - DAG(s) 'example_branch_dop_operator_v3' retrieved from /usr/local/python/3.10.13/lib/python3.10/site-packages/airflow/example_dags/example_branch_python_dop_operator_3.py
[2024-08-16T06:55:53.999+0000] {logging_mixin.py:190} INFO - [2024-08-16T06:55:53.998+0000] {dag.py:3211} INFO - Sync 1 DAGs
[2024-08-16T06:55:54.029+0000] {logging_mixin.py:190} INFO - [2024-08-16T06:55:54.029+0000] {dag.py:4138} INFO - Setting next_dagrun for example_branch_dop_operator_v3 to 2024-08-16 06:54:00+00:00, run_after=2024-08-16 06:55:00+00:00
[2024-08-16T06:55:54.077+0000] {processor.py:208} INFO - Processing /usr/local/python/3.10.13/lib/python3.10/site-packages/airflow/example_dags/example_branch_python_dop_operator_3.py took 0.119 seconds
[2024-08-16T06:56:52.499+0000] {processor.py:186} INFO - Started process (PID=16765) to work on /usr/local/python/3.10.13/lib/python3.10/site-packages/airflow/example_dags/example_branch_python_dop_operator_3.py
[2024-08-16T06:56:52.500+0000] {processor.py:914} INFO - Processing file /usr/local/python/3.10.13/lib/python3.10/site-packages/airflow/example_dags/example_branch_python_dop_operator_3.py for tasks to queue
[2024-08-16T06:56:52.501+0000] {logging_mixin.py:190} INFO - [2024-08-16T06:56:52.501+0000] {dagbag.py:587} INFO - Filling up the DagBag from /usr/local/python/3.10.13/lib/python3.10/site-packages/airflow/example_dags/example_branch_python_dop_operator_3.py
[2024-08-16T06:56:52.510+0000] {processor.py:925} INFO - DAG(s) 'example_branch_dop_operator_v3' retrieved from /usr/local/python/3.10.13/lib/python3.10/site-packages/airflow/example_dags/example_branch_python_dop_operator_3.py
[2024-08-16T06:56:52.521+0000] {logging_mixin.py:190} INFO - [2024-08-16T06:56:52.521+0000] {dag.py:3211} INFO - Sync 1 DAGs
[2024-08-16T06:56:52.541+0000] {logging_mixin.py:190} INFO - [2024-08-16T06:56:52.541+0000] {dag.py:4138} INFO - Setting next_dagrun for example_branch_dop_operator_v3 to 2024-08-16 06:55:00+00:00, run_after=2024-08-16 06:56:00+00:00
[2024-08-16T06:56:52.582+0000] {processor.py:208} INFO - Processing /usr/local/python/3.10.13/lib/python3.10/site-packages/airflow/example_dags/example_branch_python_dop_operator_3.py took 0.088 seconds
[2024-08-16T06:57:47.272+0000] {processor.py:186} INFO - Started process (PID=17154) to work on /usr/local/python/3.10.13/lib/python3.10/site-packages/airflow/example_dags/example_branch_python_dop_operator_3.py
[2024-08-16T06:57:47.273+0000] {processor.py:914} INFO - Processing file /usr/local/python/3.10.13/lib/python3.10/site-packages/airflow/example_dags/example_branch_python_dop_operator_3.py for tasks to queue
[2024-08-16T06:57:47.274+0000] {logging_mixin.py:190} INFO - [2024-08-16T06:57:47.274+0000] {dagbag.py:587} INFO - Filling up the DagBag from /usr/local/python/3.10.13/lib/python3.10/site-packages/airflow/example_dags/example_branch_python_dop_operator_3.py
[2024-08-16T06:57:47.283+0000] {processor.py:925} INFO - DAG(s) 'example_branch_dop_operator_v3' retrieved from /usr/local/python/3.10.13/lib/python3.10/site-packages/airflow/example_dags/example_branch_python_dop_operator_3.py
[2024-08-16T06:57:47.295+0000] {logging_mixin.py:190} INFO - [2024-08-16T06:57:47.295+0000] {dag.py:3211} INFO - Sync 1 DAGs
[2024-08-16T06:57:47.314+0000] {logging_mixin.py:190} INFO - [2024-08-16T06:57:47.314+0000] {dag.py:4138} INFO - Setting next_dagrun for example_branch_dop_operator_v3 to 2024-08-16 06:56:00+00:00, run_after=2024-08-16 06:57:00+00:00
[2024-08-16T06:57:47.355+0000] {processor.py:208} INFO - Processing /usr/local/python/3.10.13/lib/python3.10/site-packages/airflow/example_dags/example_branch_python_dop_operator_3.py took 0.087 seconds
[2024-08-16T06:58:39.823+0000] {processor.py:186} INFO - Started process (PID=17510) to work on /usr/local/python/3.10.13/lib/python3.10/site-packages/airflow/example_dags/example_branch_python_dop_operator_3.py
[2024-08-16T06:58:39.824+0000] {processor.py:914} INFO - Processing file /usr/local/python/3.10.13/lib/python3.10/site-packages/airflow/example_dags/example_branch_python_dop_operator_3.py for tasks to queue
[2024-08-16T06:58:39.826+0000] {logging_mixin.py:190} INFO - [2024-08-16T06:58:39.826+0000] {dagbag.py:587} INFO - Filling up the DagBag from /usr/local/python/3.10.13/lib/python3.10/site-packages/airflow/example_dags/example_branch_python_dop_operator_3.py
[2024-08-16T06:58:39.839+0000] {processor.py:925} INFO - DAG(s) 'example_branch_dop_operator_v3' retrieved from /usr/local/python/3.10.13/lib/python3.10/site-packages/airflow/example_dags/example_branch_python_dop_operator_3.py
[2024-08-16T06:58:39.857+0000] {logging_mixin.py:190} INFO - [2024-08-16T06:58:39.857+0000] {dag.py:3211} INFO - Sync 1 DAGs
[2024-08-16T06:58:39.888+0000] {logging_mixin.py:190} INFO - [2024-08-16T06:58:39.888+0000] {dag.py:4138} INFO - Setting next_dagrun for example_branch_dop_operator_v3 to 2024-08-16 06:57:00+00:00, run_after=2024-08-16 06:58:00+00:00
[2024-08-16T06:58:39.935+0000] {processor.py:208} INFO - Processing /usr/local/python/3.10.13/lib/python3.10/site-packages/airflow/example_dags/example_branch_python_dop_operator_3.py took 0.118 seconds
[2024-08-16T06:59:31.849+0000] {processor.py:186} INFO - Started process (PID=18003) to work on /usr/local/python/3.10.13/lib/python3.10/site-packages/airflow/example_dags/example_branch_python_dop_operator_3.py
[2024-08-16T06:59:31.850+0000] {processor.py:914} INFO - Processing file /usr/local/python/3.10.13/lib/python3.10/site-packages/airflow/example_dags/example_branch_python_dop_operator_3.py for tasks to queue
[2024-08-16T06:59:31.852+0000] {logging_mixin.py:190} INFO - [2024-08-16T06:59:31.852+0000] {dagbag.py:587} INFO - Filling up the DagBag from /usr/local/python/3.10.13/lib/python3.10/site-packages/airflow/example_dags/example_branch_python_dop_operator_3.py
[2024-08-16T06:59:31.874+0000] {processor.py:925} INFO - DAG(s) 'example_branch_dop_operator_v3' retrieved from /usr/local/python/3.10.13/lib/python3.10/site-packages/airflow/example_dags/example_branch_python_dop_operator_3.py
[2024-08-16T06:59:31.901+0000] {logging_mixin.py:190} INFO - [2024-08-16T06:59:31.899+0000] {dag.py:3211} INFO - Sync 1 DAGs
[2024-08-16T06:59:31.938+0000] {logging_mixin.py:190} INFO - [2024-08-16T06:59:31.938+0000] {dag.py:4138} INFO - Setting next_dagrun for example_branch_dop_operator_v3 to 2024-08-16 06:58:00+00:00, run_after=2024-08-16 06:59:00+00:00
[2024-08-16T06:59:31.988+0000] {processor.py:208} INFO - Processing /usr/local/python/3.10.13/lib/python3.10/site-packages/airflow/example_dags/example_branch_python_dop_operator_3.py took 0.146 seconds
[2024-08-16T07:00:24.113+0000] {processor.py:186} INFO - Started process (PID=18433) to work on /usr/local/python/3.10.13/lib/python3.10/site-packages/airflow/example_dags/example_branch_python_dop_operator_3.py
[2024-08-16T07:00:24.114+0000] {processor.py:914} INFO - Processing file /usr/local/python/3.10.13/lib/python3.10/site-packages/airflow/example_dags/example_branch_python_dop_operator_3.py for tasks to queue
[2024-08-16T07:00:24.116+0000] {logging_mixin.py:190} INFO - [2024-08-16T07:00:24.116+0000] {dagbag.py:587} INFO - Filling up the DagBag from /usr/local/python/3.10.13/lib/python3.10/site-packages/airflow/example_dags/example_branch_python_dop_operator_3.py
[2024-08-16T07:00:24.125+0000] {processor.py:925} INFO - DAG(s) 'example_branch_dop_operator_v3' retrieved from /usr/local/python/3.10.13/lib/python3.10/site-packages/airflow/example_dags/example_branch_python_dop_operator_3.py
[2024-08-16T07:00:24.137+0000] {logging_mixin.py:190} INFO - [2024-08-16T07:00:24.137+0000] {dag.py:3211} INFO - Sync 1 DAGs
[2024-08-16T07:00:24.157+0000] {logging_mixin.py:190} INFO - [2024-08-16T07:00:24.157+0000] {dag.py:4138} INFO - Setting next_dagrun for example_branch_dop_operator_v3 to 2024-08-16 06:59:00+00:00, run_after=2024-08-16 07:00:00+00:00
[2024-08-16T07:00:24.198+0000] {processor.py:208} INFO - Processing /usr/local/python/3.10.13/lib/python3.10/site-packages/airflow/example_dags/example_branch_python_dop_operator_3.py took 0.090 seconds
[2024-08-16T07:01:18.434+0000] {processor.py:186} INFO - Started process (PID=18874) to work on /usr/local/python/3.10.13/lib/python3.10/site-packages/airflow/example_dags/example_branch_python_dop_operator_3.py
[2024-08-16T07:01:18.435+0000] {processor.py:914} INFO - Processing file /usr/local/python/3.10.13/lib/python3.10/site-packages/airflow/example_dags/example_branch_python_dop_operator_3.py for tasks to queue
[2024-08-16T07:01:18.437+0000] {logging_mixin.py:190} INFO - [2024-08-16T07:01:18.436+0000] {dagbag.py:587} INFO - Filling up the DagBag from /usr/local/python/3.10.13/lib/python3.10/site-packages/airflow/example_dags/example_branch_python_dop_operator_3.py
[2024-08-16T07:01:18.449+0000] {processor.py:925} INFO - DAG(s) 'example_branch_dop_operator_v3' retrieved from /usr/local/python/3.10.13/lib/python3.10/site-packages/airflow/example_dags/example_branch_python_dop_operator_3.py
[2024-08-16T07:01:18.462+0000] {logging_mixin.py:190} INFO - [2024-08-16T07:01:18.462+0000] {dag.py:3211} INFO - Sync 1 DAGs
[2024-08-16T07:01:18.489+0000] {logging_mixin.py:190} INFO - [2024-08-16T07:01:18.488+0000] {dag.py:4138} INFO - Setting next_dagrun for example_branch_dop_operator_v3 to 2024-08-16 07:00:00+00:00, run_after=2024-08-16 07:01:00+00:00
[2024-08-16T07:01:18.537+0000] {processor.py:208} INFO - Processing /usr/local/python/3.10.13/lib/python3.10/site-packages/airflow/example_dags/example_branch_python_dop_operator_3.py took 0.111 seconds
[2024-08-16T07:02:10.472+0000] {processor.py:186} INFO - Started process (PID=19244) to work on /usr/local/python/3.10.13/lib/python3.10/site-packages/airflow/example_dags/example_branch_python_dop_operator_3.py
[2024-08-16T07:02:10.472+0000] {processor.py:914} INFO - Processing file /usr/local/python/3.10.13/lib/python3.10/site-packages/airflow/example_dags/example_branch_python_dop_operator_3.py for tasks to queue
[2024-08-16T07:02:10.474+0000] {logging_mixin.py:190} INFO - [2024-08-16T07:02:10.474+0000] {dagbag.py:587} INFO - Filling up the DagBag from /usr/local/python/3.10.13/lib/python3.10/site-packages/airflow/example_dags/example_branch_python_dop_operator_3.py
[2024-08-16T07:02:10.483+0000] {processor.py:925} INFO - DAG(s) 'example_branch_dop_operator_v3' retrieved from /usr/local/python/3.10.13/lib/python3.10/site-packages/airflow/example_dags/example_branch_python_dop_operator_3.py
[2024-08-16T07:02:10.495+0000] {logging_mixin.py:190} INFO - [2024-08-16T07:02:10.494+0000] {dag.py:3211} INFO - Sync 1 DAGs
[2024-08-16T07:02:10.513+0000] {logging_mixin.py:190} INFO - [2024-08-16T07:02:10.513+0000] {dag.py:4138} INFO - Setting next_dagrun for example_branch_dop_operator_v3 to 2024-08-16 07:01:00+00:00, run_after=2024-08-16 07:02:00+00:00
[2024-08-16T07:02:10.553+0000] {processor.py:208} INFO - Processing /usr/local/python/3.10.13/lib/python3.10/site-packages/airflow/example_dags/example_branch_python_dop_operator_3.py took 0.086 seconds
