[2024-08-16T06:46:24.739+0000] {processor.py:186} INFO - Started process (PID=12414) to work on /usr/local/python/3.10.13/lib/python3.10/site-packages/airflow/example_dags/example_setup_teardown.py
[2024-08-16T06:46:24.740+0000] {processor.py:914} INFO - Processing file /usr/local/python/3.10.13/lib/python3.10/site-packages/airflow/example_dags/example_setup_teardown.py for tasks to queue
[2024-08-16T06:46:24.741+0000] {logging_mixin.py:190} INFO - [2024-08-16T06:46:24.741+0000] {dagbag.py:587} INFO - Filling up the DagBag from /usr/local/python/3.10.13/lib/python3.10/site-packages/airflow/example_dags/example_setup_teardown.py
[2024-08-16T06:46:24.749+0000] {processor.py:925} INFO - DAG(s) 'example_setup_teardown' retrieved from /usr/local/python/3.10.13/lib/python3.10/site-packages/airflow/example_dags/example_setup_teardown.py
[2024-08-16T06:46:24.890+0000] {logging_mixin.py:190} INFO - [2024-08-16T06:46:24.890+0000] {override.py:1858} INFO - Created Permission View: can edit on DAG:example_setup_teardown
[2024-08-16T06:46:24.924+0000] {logging_mixin.py:190} INFO - [2024-08-16T06:46:24.923+0000] {override.py:1858} INFO - Created Permission View: can read on DAG:example_setup_teardown
[2024-08-16T06:46:24.955+0000] {logging_mixin.py:190} INFO - [2024-08-16T06:46:24.954+0000] {override.py:1858} INFO - Created Permission View: can delete on DAG:example_setup_teardown
[2024-08-16T06:46:24.955+0000] {logging_mixin.py:190} INFO - [2024-08-16T06:46:24.955+0000] {dag.py:3211} INFO - Sync 1 DAGs
[2024-08-16T06:46:24.965+0000] {logging_mixin.py:190} INFO - [2024-08-16T06:46:24.965+0000] {dag.py:3234} INFO - Creating ORM DAG for example_setup_teardown
[2024-08-16T06:46:24.972+0000] {logging_mixin.py:190} INFO - [2024-08-16T06:46:24.972+0000] {dag.py:4138} INFO - Setting next_dagrun for example_setup_teardown to 2024-08-15 00:00:00+00:00, run_after=2024-08-16 00:00:00+00:00
[2024-08-16T06:46:25.017+0000] {processor.py:208} INFO - Processing /usr/local/python/3.10.13/lib/python3.10/site-packages/airflow/example_dags/example_setup_teardown.py took 0.283 seconds
[2024-08-16T06:47:30.812+0000] {processor.py:186} INFO - Started process (PID=12910) to work on /usr/local/python/3.10.13/lib/python3.10/site-packages/airflow/example_dags/example_setup_teardown.py
[2024-08-16T06:47:30.812+0000] {processor.py:914} INFO - Processing file /usr/local/python/3.10.13/lib/python3.10/site-packages/airflow/example_dags/example_setup_teardown.py for tasks to queue
[2024-08-16T06:47:30.814+0000] {logging_mixin.py:190} INFO - [2024-08-16T06:47:30.814+0000] {dagbag.py:587} INFO - Filling up the DagBag from /usr/local/python/3.10.13/lib/python3.10/site-packages/airflow/example_dags/example_setup_teardown.py
[2024-08-16T06:47:30.821+0000] {processor.py:925} INFO - DAG(s) 'example_setup_teardown' retrieved from /usr/local/python/3.10.13/lib/python3.10/site-packages/airflow/example_dags/example_setup_teardown.py
[2024-08-16T06:47:30.834+0000] {logging_mixin.py:190} INFO - [2024-08-16T06:47:30.834+0000] {dag.py:3211} INFO - Sync 1 DAGs
[2024-08-16T06:47:30.850+0000] {logging_mixin.py:190} INFO - [2024-08-16T06:47:30.850+0000] {dag.py:4138} INFO - Setting next_dagrun for example_setup_teardown to 2024-08-15 00:00:00+00:00, run_after=2024-08-16 00:00:00+00:00
[2024-08-16T06:47:30.892+0000] {processor.py:208} INFO - Processing /usr/local/python/3.10.13/lib/python3.10/site-packages/airflow/example_dags/example_setup_teardown.py took 0.085 seconds
[2024-08-16T06:48:27.911+0000] {processor.py:186} INFO - Started process (PID=13308) to work on /usr/local/python/3.10.13/lib/python3.10/site-packages/airflow/example_dags/example_setup_teardown.py
[2024-08-16T06:48:27.911+0000] {processor.py:914} INFO - Processing file /usr/local/python/3.10.13/lib/python3.10/site-packages/airflow/example_dags/example_setup_teardown.py for tasks to queue
[2024-08-16T06:48:27.913+0000] {logging_mixin.py:190} INFO - [2024-08-16T06:48:27.913+0000] {dagbag.py:587} INFO - Filling up the DagBag from /usr/local/python/3.10.13/lib/python3.10/site-packages/airflow/example_dags/example_setup_teardown.py
[2024-08-16T06:48:27.920+0000] {processor.py:925} INFO - DAG(s) 'example_setup_teardown' retrieved from /usr/local/python/3.10.13/lib/python3.10/site-packages/airflow/example_dags/example_setup_teardown.py
[2024-08-16T06:48:27.933+0000] {logging_mixin.py:190} INFO - [2024-08-16T06:48:27.933+0000] {dag.py:3211} INFO - Sync 1 DAGs
[2024-08-16T06:48:27.949+0000] {logging_mixin.py:190} INFO - [2024-08-16T06:48:27.949+0000] {dag.py:4138} INFO - Setting next_dagrun for example_setup_teardown to 2024-08-15 00:00:00+00:00, run_after=2024-08-16 00:00:00+00:00
[2024-08-16T06:48:27.988+0000] {processor.py:208} INFO - Processing /usr/local/python/3.10.13/lib/python3.10/site-packages/airflow/example_dags/example_setup_teardown.py took 0.083 seconds
[2024-08-16T06:49:21.729+0000] {processor.py:186} INFO - Started process (PID=13677) to work on /usr/local/python/3.10.13/lib/python3.10/site-packages/airflow/example_dags/example_setup_teardown.py
[2024-08-16T06:49:21.730+0000] {processor.py:914} INFO - Processing file /usr/local/python/3.10.13/lib/python3.10/site-packages/airflow/example_dags/example_setup_teardown.py for tasks to queue
[2024-08-16T06:49:21.732+0000] {logging_mixin.py:190} INFO - [2024-08-16T06:49:21.731+0000] {dagbag.py:587} INFO - Filling up the DagBag from /usr/local/python/3.10.13/lib/python3.10/site-packages/airflow/example_dags/example_setup_teardown.py
[2024-08-16T06:49:21.739+0000] {processor.py:925} INFO - DAG(s) 'example_setup_teardown' retrieved from /usr/local/python/3.10.13/lib/python3.10/site-packages/airflow/example_dags/example_setup_teardown.py
[2024-08-16T06:49:21.751+0000] {logging_mixin.py:190} INFO - [2024-08-16T06:49:21.751+0000] {dag.py:3211} INFO - Sync 1 DAGs
[2024-08-16T06:49:21.767+0000] {logging_mixin.py:190} INFO - [2024-08-16T06:49:21.767+0000] {dag.py:4138} INFO - Setting next_dagrun for example_setup_teardown to 2024-08-15 00:00:00+00:00, run_after=2024-08-16 00:00:00+00:00
[2024-08-16T06:49:21.807+0000] {processor.py:208} INFO - Processing /usr/local/python/3.10.13/lib/python3.10/site-packages/airflow/example_dags/example_setup_teardown.py took 0.083 seconds
[2024-08-16T06:50:12.868+0000] {processor.py:186} INFO - Started process (PID=14021) to work on /usr/local/python/3.10.13/lib/python3.10/site-packages/airflow/example_dags/example_setup_teardown.py
[2024-08-16T06:50:12.868+0000] {processor.py:914} INFO - Processing file /usr/local/python/3.10.13/lib/python3.10/site-packages/airflow/example_dags/example_setup_teardown.py for tasks to queue
[2024-08-16T06:50:12.871+0000] {logging_mixin.py:190} INFO - [2024-08-16T06:50:12.870+0000] {dagbag.py:587} INFO - Filling up the DagBag from /usr/local/python/3.10.13/lib/python3.10/site-packages/airflow/example_dags/example_setup_teardown.py
[2024-08-16T06:50:12.882+0000] {processor.py:925} INFO - DAG(s) 'example_setup_teardown' retrieved from /usr/local/python/3.10.13/lib/python3.10/site-packages/airflow/example_dags/example_setup_teardown.py
[2024-08-16T06:50:12.901+0000] {logging_mixin.py:190} INFO - [2024-08-16T06:50:12.901+0000] {dag.py:3211} INFO - Sync 1 DAGs
[2024-08-16T06:50:12.925+0000] {logging_mixin.py:190} INFO - [2024-08-16T06:50:12.925+0000] {dag.py:4138} INFO - Setting next_dagrun for example_setup_teardown to 2024-08-15 00:00:00+00:00, run_after=2024-08-16 00:00:00+00:00
[2024-08-16T06:50:12.972+0000] {processor.py:208} INFO - Processing /usr/local/python/3.10.13/lib/python3.10/site-packages/airflow/example_dags/example_setup_teardown.py took 0.111 seconds
[2024-08-16T06:51:03.282+0000] {processor.py:186} INFO - Started process (PID=14367) to work on /usr/local/python/3.10.13/lib/python3.10/site-packages/airflow/example_dags/example_setup_teardown.py
[2024-08-16T06:51:03.283+0000] {processor.py:914} INFO - Processing file /usr/local/python/3.10.13/lib/python3.10/site-packages/airflow/example_dags/example_setup_teardown.py for tasks to queue
[2024-08-16T06:51:03.285+0000] {logging_mixin.py:190} INFO - [2024-08-16T06:51:03.285+0000] {dagbag.py:587} INFO - Filling up the DagBag from /usr/local/python/3.10.13/lib/python3.10/site-packages/airflow/example_dags/example_setup_teardown.py
[2024-08-16T06:51:03.296+0000] {processor.py:925} INFO - DAG(s) 'example_setup_teardown' retrieved from /usr/local/python/3.10.13/lib/python3.10/site-packages/airflow/example_dags/example_setup_teardown.py
[2024-08-16T06:51:03.315+0000] {logging_mixin.py:190} INFO - [2024-08-16T06:51:03.315+0000] {dag.py:3211} INFO - Sync 1 DAGs
[2024-08-16T06:51:03.339+0000] {logging_mixin.py:190} INFO - [2024-08-16T06:51:03.339+0000] {dag.py:4138} INFO - Setting next_dagrun for example_setup_teardown to 2024-08-15 00:00:00+00:00, run_after=2024-08-16 00:00:00+00:00
[2024-08-16T06:51:03.392+0000] {processor.py:208} INFO - Processing /usr/local/python/3.10.13/lib/python3.10/site-packages/airflow/example_dags/example_setup_teardown.py took 0.116 seconds
[2024-08-16T06:51:52.671+0000] {processor.py:186} INFO - Started process (PID=14711) to work on /usr/local/python/3.10.13/lib/python3.10/site-packages/airflow/example_dags/example_setup_teardown.py
[2024-08-16T06:51:52.671+0000] {processor.py:914} INFO - Processing file /usr/local/python/3.10.13/lib/python3.10/site-packages/airflow/example_dags/example_setup_teardown.py for tasks to queue
[2024-08-16T06:51:52.673+0000] {logging_mixin.py:190} INFO - [2024-08-16T06:51:52.673+0000] {dagbag.py:587} INFO - Filling up the DagBag from /usr/local/python/3.10.13/lib/python3.10/site-packages/airflow/example_dags/example_setup_teardown.py
[2024-08-16T06:51:52.680+0000] {processor.py:925} INFO - DAG(s) 'example_setup_teardown' retrieved from /usr/local/python/3.10.13/lib/python3.10/site-packages/airflow/example_dags/example_setup_teardown.py
[2024-08-16T06:51:52.692+0000] {logging_mixin.py:190} INFO - [2024-08-16T06:51:52.692+0000] {dag.py:3211} INFO - Sync 1 DAGs
[2024-08-16T06:51:52.708+0000] {logging_mixin.py:190} INFO - [2024-08-16T06:51:52.708+0000] {dag.py:4138} INFO - Setting next_dagrun for example_setup_teardown to 2024-08-15 00:00:00+00:00, run_after=2024-08-16 00:00:00+00:00
[2024-08-16T06:51:52.746+0000] {processor.py:208} INFO - Processing /usr/local/python/3.10.13/lib/python3.10/site-packages/airflow/example_dags/example_setup_teardown.py took 0.080 seconds
[2024-08-16T06:52:43.151+0000] {processor.py:186} INFO - Started process (PID=15066) to work on /usr/local/python/3.10.13/lib/python3.10/site-packages/airflow/example_dags/example_setup_teardown.py
[2024-08-16T06:52:43.151+0000] {processor.py:914} INFO - Processing file /usr/local/python/3.10.13/lib/python3.10/site-packages/airflow/example_dags/example_setup_teardown.py for tasks to queue
[2024-08-16T06:52:43.153+0000] {logging_mixin.py:190} INFO - [2024-08-16T06:52:43.153+0000] {dagbag.py:587} INFO - Filling up the DagBag from /usr/local/python/3.10.13/lib/python3.10/site-packages/airflow/example_dags/example_setup_teardown.py
[2024-08-16T06:52:43.160+0000] {processor.py:925} INFO - DAG(s) 'example_setup_teardown' retrieved from /usr/local/python/3.10.13/lib/python3.10/site-packages/airflow/example_dags/example_setup_teardown.py
[2024-08-16T06:52:43.172+0000] {logging_mixin.py:190} INFO - [2024-08-16T06:52:43.172+0000] {dag.py:3211} INFO - Sync 1 DAGs
[2024-08-16T06:52:43.188+0000] {logging_mixin.py:190} INFO - [2024-08-16T06:52:43.187+0000] {dag.py:4138} INFO - Setting next_dagrun for example_setup_teardown to 2024-08-15 00:00:00+00:00, run_after=2024-08-16 00:00:00+00:00
[2024-08-16T06:52:43.228+0000] {processor.py:208} INFO - Processing /usr/local/python/3.10.13/lib/python3.10/site-packages/airflow/example_dags/example_setup_teardown.py took 0.082 seconds
[2024-08-16T06:53:36.615+0000] {processor.py:186} INFO - Started process (PID=15430) to work on /usr/local/python/3.10.13/lib/python3.10/site-packages/airflow/example_dags/example_setup_teardown.py
[2024-08-16T06:53:36.616+0000] {processor.py:914} INFO - Processing file /usr/local/python/3.10.13/lib/python3.10/site-packages/airflow/example_dags/example_setup_teardown.py for tasks to queue
[2024-08-16T06:53:36.617+0000] {logging_mixin.py:190} INFO - [2024-08-16T06:53:36.617+0000] {dagbag.py:587} INFO - Filling up the DagBag from /usr/local/python/3.10.13/lib/python3.10/site-packages/airflow/example_dags/example_setup_teardown.py
[2024-08-16T06:53:36.624+0000] {processor.py:925} INFO - DAG(s) 'example_setup_teardown' retrieved from /usr/local/python/3.10.13/lib/python3.10/site-packages/airflow/example_dags/example_setup_teardown.py
[2024-08-16T06:53:36.636+0000] {logging_mixin.py:190} INFO - [2024-08-16T06:53:36.636+0000] {dag.py:3211} INFO - Sync 1 DAGs
[2024-08-16T06:53:36.652+0000] {logging_mixin.py:190} INFO - [2024-08-16T06:53:36.651+0000] {dag.py:4138} INFO - Setting next_dagrun for example_setup_teardown to 2024-08-15 00:00:00+00:00, run_after=2024-08-16 00:00:00+00:00
[2024-08-16T06:53:36.695+0000] {processor.py:208} INFO - Processing /usr/local/python/3.10.13/lib/python3.10/site-packages/airflow/example_dags/example_setup_teardown.py took 0.085 seconds
[2024-08-16T06:54:31.050+0000] {processor.py:186} INFO - Started process (PID=15820) to work on /usr/local/python/3.10.13/lib/python3.10/site-packages/airflow/example_dags/example_setup_teardown.py
[2024-08-16T06:54:31.051+0000] {processor.py:914} INFO - Processing file /usr/local/python/3.10.13/lib/python3.10/site-packages/airflow/example_dags/example_setup_teardown.py for tasks to queue
[2024-08-16T06:54:31.053+0000] {logging_mixin.py:190} INFO - [2024-08-16T06:54:31.052+0000] {dagbag.py:587} INFO - Filling up the DagBag from /usr/local/python/3.10.13/lib/python3.10/site-packages/airflow/example_dags/example_setup_teardown.py
[2024-08-16T06:54:31.060+0000] {processor.py:925} INFO - DAG(s) 'example_setup_teardown' retrieved from /usr/local/python/3.10.13/lib/python3.10/site-packages/airflow/example_dags/example_setup_teardown.py
[2024-08-16T06:54:31.073+0000] {logging_mixin.py:190} INFO - [2024-08-16T06:54:31.073+0000] {dag.py:3211} INFO - Sync 1 DAGs
[2024-08-16T06:54:31.089+0000] {logging_mixin.py:190} INFO - [2024-08-16T06:54:31.088+0000] {dag.py:4138} INFO - Setting next_dagrun for example_setup_teardown to 2024-08-15 00:00:00+00:00, run_after=2024-08-16 00:00:00+00:00
[2024-08-16T06:54:31.144+0000] {processor.py:208} INFO - Processing /usr/local/python/3.10.13/lib/python3.10/site-packages/airflow/example_dags/example_setup_teardown.py took 0.099 seconds
[2024-08-16T06:55:25.492+0000] {processor.py:186} INFO - Started process (PID=16187) to work on /usr/local/python/3.10.13/lib/python3.10/site-packages/airflow/example_dags/example_setup_teardown.py
[2024-08-16T06:55:25.493+0000] {processor.py:914} INFO - Processing file /usr/local/python/3.10.13/lib/python3.10/site-packages/airflow/example_dags/example_setup_teardown.py for tasks to queue
[2024-08-16T06:55:25.495+0000] {logging_mixin.py:190} INFO - [2024-08-16T06:55:25.495+0000] {dagbag.py:587} INFO - Filling up the DagBag from /usr/local/python/3.10.13/lib/python3.10/site-packages/airflow/example_dags/example_setup_teardown.py
[2024-08-16T06:55:25.505+0000] {processor.py:925} INFO - DAG(s) 'example_setup_teardown' retrieved from /usr/local/python/3.10.13/lib/python3.10/site-packages/airflow/example_dags/example_setup_teardown.py
[2024-08-16T06:55:25.525+0000] {logging_mixin.py:190} INFO - [2024-08-16T06:55:25.524+0000] {dag.py:3211} INFO - Sync 1 DAGs
[2024-08-16T06:55:25.549+0000] {logging_mixin.py:190} INFO - [2024-08-16T06:55:25.549+0000] {dag.py:4138} INFO - Setting next_dagrun for example_setup_teardown to 2024-08-15 00:00:00+00:00, run_after=2024-08-16 00:00:00+00:00
[2024-08-16T06:55:25.604+0000] {processor.py:208} INFO - Processing /usr/local/python/3.10.13/lib/python3.10/site-packages/airflow/example_dags/example_setup_teardown.py took 0.119 seconds
[2024-08-16T06:56:25.086+0000] {processor.py:186} INFO - Started process (PID=16595) to work on /usr/local/python/3.10.13/lib/python3.10/site-packages/airflow/example_dags/example_setup_teardown.py
[2024-08-16T06:56:25.087+0000] {processor.py:914} INFO - Processing file /usr/local/python/3.10.13/lib/python3.10/site-packages/airflow/example_dags/example_setup_teardown.py for tasks to queue
[2024-08-16T06:56:25.090+0000] {logging_mixin.py:190} INFO - [2024-08-16T06:56:25.089+0000] {dagbag.py:587} INFO - Filling up the DagBag from /usr/local/python/3.10.13/lib/python3.10/site-packages/airflow/example_dags/example_setup_teardown.py
[2024-08-16T06:56:25.099+0000] {processor.py:925} INFO - DAG(s) 'example_setup_teardown' retrieved from /usr/local/python/3.10.13/lib/python3.10/site-packages/airflow/example_dags/example_setup_teardown.py
[2024-08-16T06:56:25.118+0000] {logging_mixin.py:190} INFO - [2024-08-16T06:56:25.118+0000] {dag.py:3211} INFO - Sync 1 DAGs
[2024-08-16T06:56:25.141+0000] {logging_mixin.py:190} INFO - [2024-08-16T06:56:25.140+0000] {dag.py:4138} INFO - Setting next_dagrun for example_setup_teardown to 2024-08-15 00:00:00+00:00, run_after=2024-08-16 00:00:00+00:00
[2024-08-16T06:56:25.191+0000] {processor.py:208} INFO - Processing /usr/local/python/3.10.13/lib/python3.10/site-packages/airflow/example_dags/example_setup_teardown.py took 0.111 seconds
[2024-08-16T06:57:19.940+0000] {processor.py:186} INFO - Started process (PID=16964) to work on /usr/local/python/3.10.13/lib/python3.10/site-packages/airflow/example_dags/example_setup_teardown.py
[2024-08-16T06:57:19.941+0000] {processor.py:914} INFO - Processing file /usr/local/python/3.10.13/lib/python3.10/site-packages/airflow/example_dags/example_setup_teardown.py for tasks to queue
[2024-08-16T06:57:19.944+0000] {logging_mixin.py:190} INFO - [2024-08-16T06:57:19.943+0000] {dagbag.py:587} INFO - Filling up the DagBag from /usr/local/python/3.10.13/lib/python3.10/site-packages/airflow/example_dags/example_setup_teardown.py
[2024-08-16T06:57:19.954+0000] {processor.py:925} INFO - DAG(s) 'example_setup_teardown' retrieved from /usr/local/python/3.10.13/lib/python3.10/site-packages/airflow/example_dags/example_setup_teardown.py
[2024-08-16T06:57:19.973+0000] {logging_mixin.py:190} INFO - [2024-08-16T06:57:19.973+0000] {dag.py:3211} INFO - Sync 1 DAGs
[2024-08-16T06:57:19.998+0000] {logging_mixin.py:190} INFO - [2024-08-16T06:57:19.997+0000] {dag.py:4138} INFO - Setting next_dagrun for example_setup_teardown to 2024-08-15 00:00:00+00:00, run_after=2024-08-16 00:00:00+00:00
[2024-08-16T06:57:20.045+0000] {processor.py:208} INFO - Processing /usr/local/python/3.10.13/lib/python3.10/site-packages/airflow/example_dags/example_setup_teardown.py took 0.111 seconds
[2024-08-16T06:58:15.749+0000] {processor.py:186} INFO - Started process (PID=17351) to work on /usr/local/python/3.10.13/lib/python3.10/site-packages/airflow/example_dags/example_setup_teardown.py
[2024-08-16T06:58:15.750+0000] {processor.py:914} INFO - Processing file /usr/local/python/3.10.13/lib/python3.10/site-packages/airflow/example_dags/example_setup_teardown.py for tasks to queue
[2024-08-16T06:58:15.751+0000] {logging_mixin.py:190} INFO - [2024-08-16T06:58:15.751+0000] {dagbag.py:587} INFO - Filling up the DagBag from /usr/local/python/3.10.13/lib/python3.10/site-packages/airflow/example_dags/example_setup_teardown.py
[2024-08-16T06:58:15.759+0000] {processor.py:925} INFO - DAG(s) 'example_setup_teardown' retrieved from /usr/local/python/3.10.13/lib/python3.10/site-packages/airflow/example_dags/example_setup_teardown.py
[2024-08-16T06:58:15.771+0000] {logging_mixin.py:190} INFO - [2024-08-16T06:58:15.771+0000] {dag.py:3211} INFO - Sync 1 DAGs
[2024-08-16T06:58:15.787+0000] {logging_mixin.py:190} INFO - [2024-08-16T06:58:15.787+0000] {dag.py:4138} INFO - Setting next_dagrun for example_setup_teardown to 2024-08-15 00:00:00+00:00, run_after=2024-08-16 00:00:00+00:00
[2024-08-16T06:58:15.828+0000] {processor.py:208} INFO - Processing /usr/local/python/3.10.13/lib/python3.10/site-packages/airflow/example_dags/example_setup_teardown.py took 0.084 seconds
[2024-08-16T06:59:06.810+0000] {processor.py:186} INFO - Started process (PID=17716) to work on /usr/local/python/3.10.13/lib/python3.10/site-packages/airflow/example_dags/example_setup_teardown.py
[2024-08-16T06:59:06.811+0000] {processor.py:914} INFO - Processing file /usr/local/python/3.10.13/lib/python3.10/site-packages/airflow/example_dags/example_setup_teardown.py for tasks to queue
[2024-08-16T06:59:06.813+0000] {logging_mixin.py:190} INFO - [2024-08-16T06:59:06.812+0000] {dagbag.py:587} INFO - Filling up the DagBag from /usr/local/python/3.10.13/lib/python3.10/site-packages/airflow/example_dags/example_setup_teardown.py
[2024-08-16T06:59:06.820+0000] {processor.py:925} INFO - DAG(s) 'example_setup_teardown' retrieved from /usr/local/python/3.10.13/lib/python3.10/site-packages/airflow/example_dags/example_setup_teardown.py
[2024-08-16T06:59:06.832+0000] {logging_mixin.py:190} INFO - [2024-08-16T06:59:06.832+0000] {dag.py:3211} INFO - Sync 1 DAGs
[2024-08-16T06:59:06.849+0000] {logging_mixin.py:190} INFO - [2024-08-16T06:59:06.849+0000] {dag.py:4138} INFO - Setting next_dagrun for example_setup_teardown to 2024-08-15 00:00:00+00:00, run_after=2024-08-16 00:00:00+00:00
[2024-08-16T06:59:06.889+0000] {processor.py:208} INFO - Processing /usr/local/python/3.10.13/lib/python3.10/site-packages/airflow/example_dags/example_setup_teardown.py took 0.083 seconds
[2024-08-16T06:59:59.917+0000] {processor.py:186} INFO - Started process (PID=18238) to work on /usr/local/python/3.10.13/lib/python3.10/site-packages/airflow/example_dags/example_setup_teardown.py
[2024-08-16T06:59:59.918+0000] {processor.py:914} INFO - Processing file /usr/local/python/3.10.13/lib/python3.10/site-packages/airflow/example_dags/example_setup_teardown.py for tasks to queue
[2024-08-16T06:59:59.925+0000] {logging_mixin.py:190} INFO - [2024-08-16T06:59:59.924+0000] {dagbag.py:587} INFO - Filling up the DagBag from /usr/local/python/3.10.13/lib/python3.10/site-packages/airflow/example_dags/example_setup_teardown.py
[2024-08-16T06:59:59.958+0000] {processor.py:925} INFO - DAG(s) 'example_setup_teardown' retrieved from /usr/local/python/3.10.13/lib/python3.10/site-packages/airflow/example_dags/example_setup_teardown.py
[2024-08-16T06:59:59.990+0000] {logging_mixin.py:190} INFO - [2024-08-16T06:59:59.990+0000] {dag.py:3211} INFO - Sync 1 DAGs
[2024-08-16T07:00:00.015+0000] {logging_mixin.py:190} INFO - [2024-08-16T07:00:00.015+0000] {dag.py:4138} INFO - Setting next_dagrun for example_setup_teardown to 2024-08-15 00:00:00+00:00, run_after=2024-08-16 00:00:00+00:00
[2024-08-16T07:00:00.069+0000] {processor.py:208} INFO - Processing /usr/local/python/3.10.13/lib/python3.10/site-packages/airflow/example_dags/example_setup_teardown.py took 0.158 seconds
[2024-08-16T07:00:52.090+0000] {processor.py:186} INFO - Started process (PID=18689) to work on /usr/local/python/3.10.13/lib/python3.10/site-packages/airflow/example_dags/example_setup_teardown.py
[2024-08-16T07:00:52.091+0000] {processor.py:914} INFO - Processing file /usr/local/python/3.10.13/lib/python3.10/site-packages/airflow/example_dags/example_setup_teardown.py for tasks to queue
[2024-08-16T07:00:52.093+0000] {logging_mixin.py:190} INFO - [2024-08-16T07:00:52.093+0000] {dagbag.py:587} INFO - Filling up the DagBag from /usr/local/python/3.10.13/lib/python3.10/site-packages/airflow/example_dags/example_setup_teardown.py
[2024-08-16T07:00:52.105+0000] {processor.py:925} INFO - DAG(s) 'example_setup_teardown' retrieved from /usr/local/python/3.10.13/lib/python3.10/site-packages/airflow/example_dags/example_setup_teardown.py
[2024-08-16T07:00:52.127+0000] {logging_mixin.py:190} INFO - [2024-08-16T07:00:52.126+0000] {dag.py:3211} INFO - Sync 1 DAGs
[2024-08-16T07:00:52.152+0000] {logging_mixin.py:190} INFO - [2024-08-16T07:00:52.152+0000] {dag.py:4138} INFO - Setting next_dagrun for example_setup_teardown to 2024-08-15 00:00:00+00:00, run_after=2024-08-16 00:00:00+00:00
[2024-08-16T07:00:52.198+0000] {processor.py:208} INFO - Processing /usr/local/python/3.10.13/lib/python3.10/site-packages/airflow/example_dags/example_setup_teardown.py took 0.115 seconds
[2024-08-16T07:01:46.034+0000] {processor.py:186} INFO - Started process (PID=19051) to work on /usr/local/python/3.10.13/lib/python3.10/site-packages/airflow/example_dags/example_setup_teardown.py
[2024-08-16T07:01:46.034+0000] {processor.py:914} INFO - Processing file /usr/local/python/3.10.13/lib/python3.10/site-packages/airflow/example_dags/example_setup_teardown.py for tasks to queue
[2024-08-16T07:01:46.036+0000] {logging_mixin.py:190} INFO - [2024-08-16T07:01:46.036+0000] {dagbag.py:587} INFO - Filling up the DagBag from /usr/local/python/3.10.13/lib/python3.10/site-packages/airflow/example_dags/example_setup_teardown.py
[2024-08-16T07:01:46.043+0000] {processor.py:925} INFO - DAG(s) 'example_setup_teardown' retrieved from /usr/local/python/3.10.13/lib/python3.10/site-packages/airflow/example_dags/example_setup_teardown.py
[2024-08-16T07:01:46.056+0000] {logging_mixin.py:190} INFO - [2024-08-16T07:01:46.055+0000] {dag.py:3211} INFO - Sync 1 DAGs
[2024-08-16T07:01:46.071+0000] {logging_mixin.py:190} INFO - [2024-08-16T07:01:46.071+0000] {dag.py:4138} INFO - Setting next_dagrun for example_setup_teardown to 2024-08-15 00:00:00+00:00, run_after=2024-08-16 00:00:00+00:00
[2024-08-16T07:01:46.110+0000] {processor.py:208} INFO - Processing /usr/local/python/3.10.13/lib/python3.10/site-packages/airflow/example_dags/example_setup_teardown.py took 0.081 seconds
[2024-08-16T07:02:37.204+0000] {processor.py:186} INFO - Started process (PID=19426) to work on /usr/local/python/3.10.13/lib/python3.10/site-packages/airflow/example_dags/example_setup_teardown.py
[2024-08-16T07:02:37.204+0000] {processor.py:914} INFO - Processing file /usr/local/python/3.10.13/lib/python3.10/site-packages/airflow/example_dags/example_setup_teardown.py for tasks to queue
[2024-08-16T07:02:37.206+0000] {logging_mixin.py:190} INFO - [2024-08-16T07:02:37.206+0000] {dagbag.py:587} INFO - Filling up the DagBag from /usr/local/python/3.10.13/lib/python3.10/site-packages/airflow/example_dags/example_setup_teardown.py
[2024-08-16T07:02:37.213+0000] {processor.py:925} INFO - DAG(s) 'example_setup_teardown' retrieved from /usr/local/python/3.10.13/lib/python3.10/site-packages/airflow/example_dags/example_setup_teardown.py
[2024-08-16T07:02:37.226+0000] {logging_mixin.py:190} INFO - [2024-08-16T07:02:37.226+0000] {dag.py:3211} INFO - Sync 1 DAGs
[2024-08-16T07:02:37.242+0000] {logging_mixin.py:190} INFO - [2024-08-16T07:02:37.242+0000] {dag.py:4138} INFO - Setting next_dagrun for example_setup_teardown to 2024-08-15 00:00:00+00:00, run_after=2024-08-16 00:00:00+00:00
[2024-08-16T07:02:37.281+0000] {processor.py:208} INFO - Processing /usr/local/python/3.10.13/lib/python3.10/site-packages/airflow/example_dags/example_setup_teardown.py took 0.083 seconds
