[2024-08-16T06:45:54.650+0000] {processor.py:186} INFO - Started process (PID=12113) to work on /usr/local/python/3.10.13/lib/python3.10/site-packages/airflow/example_dags/tutorial_taskflow_api.py
[2024-08-16T06:45:54.651+0000] {processor.py:914} INFO - Processing file /usr/local/python/3.10.13/lib/python3.10/site-packages/airflow/example_dags/tutorial_taskflow_api.py for tasks to queue
[2024-08-16T06:45:54.653+0000] {logging_mixin.py:190} INFO - [2024-08-16T06:45:54.653+0000] {dagbag.py:587} INFO - Filling up the DagBag from /usr/local/python/3.10.13/lib/python3.10/site-packages/airflow/example_dags/tutorial_taskflow_api.py
[2024-08-16T06:45:54.662+0000] {processor.py:925} INFO - DAG(s) 'tutorial_taskflow_api' retrieved from /usr/local/python/3.10.13/lib/python3.10/site-packages/airflow/example_dags/tutorial_taskflow_api.py
[2024-08-16T06:45:55.005+0000] {logging_mixin.py:190} INFO - [2024-08-16T06:45:55.005+0000] {override.py:1858} INFO - Created Permission View: can edit on DAG:tutorial_taskflow_api
[2024-08-16T06:45:55.059+0000] {logging_mixin.py:190} INFO - [2024-08-16T06:45:55.058+0000] {override.py:1858} INFO - Created Permission View: can read on DAG:tutorial_taskflow_api
[2024-08-16T06:45:55.099+0000] {logging_mixin.py:190} INFO - [2024-08-16T06:45:55.098+0000] {override.py:1858} INFO - Created Permission View: can delete on DAG:tutorial_taskflow_api
[2024-08-16T06:45:55.099+0000] {logging_mixin.py:190} INFO - [2024-08-16T06:45:55.099+0000] {dag.py:3211} INFO - Sync 1 DAGs
[2024-08-16T06:45:55.123+0000] {logging_mixin.py:190} INFO - [2024-08-16T06:45:55.122+0000] {dag.py:3234} INFO - Creating ORM DAG for tutorial_taskflow_api
[2024-08-16T06:45:55.123+0000] {logging_mixin.py:190} INFO - [2024-08-16T06:45:55.123+0000] {dag.py:4138} INFO - Setting next_dagrun for tutorial_taskflow_api to None, run_after=None
[2024-08-16T06:45:55.182+0000] {processor.py:208} INFO - Processing /usr/local/python/3.10.13/lib/python3.10/site-packages/airflow/example_dags/tutorial_taskflow_api.py took 0.539 seconds
[2024-08-16T06:47:08.256+0000] {processor.py:186} INFO - Started process (PID=12755) to work on /usr/local/python/3.10.13/lib/python3.10/site-packages/airflow/example_dags/tutorial_taskflow_api.py
[2024-08-16T06:47:08.257+0000] {processor.py:914} INFO - Processing file /usr/local/python/3.10.13/lib/python3.10/site-packages/airflow/example_dags/tutorial_taskflow_api.py for tasks to queue
[2024-08-16T06:47:08.258+0000] {logging_mixin.py:190} INFO - [2024-08-16T06:47:08.258+0000] {dagbag.py:587} INFO - Filling up the DagBag from /usr/local/python/3.10.13/lib/python3.10/site-packages/airflow/example_dags/tutorial_taskflow_api.py
[2024-08-16T06:47:08.265+0000] {processor.py:925} INFO - DAG(s) 'tutorial_taskflow_api' retrieved from /usr/local/python/3.10.13/lib/python3.10/site-packages/airflow/example_dags/tutorial_taskflow_api.py
[2024-08-16T06:47:08.277+0000] {logging_mixin.py:190} INFO - [2024-08-16T06:47:08.277+0000] {dag.py:3211} INFO - Sync 1 DAGs
[2024-08-16T06:47:08.287+0000] {logging_mixin.py:190} INFO - [2024-08-16T06:47:08.287+0000] {dag.py:4138} INFO - Setting next_dagrun for tutorial_taskflow_api to None, run_after=None
[2024-08-16T06:47:08.329+0000] {processor.py:208} INFO - Processing /usr/local/python/3.10.13/lib/python3.10/site-packages/airflow/example_dags/tutorial_taskflow_api.py took 0.078 seconds
[2024-08-16T06:47:41.322+0000] {processor.py:186} INFO - Started process (PID=12982) to work on /usr/local/python/3.10.13/lib/python3.10/site-packages/airflow/example_dags/tutorial_taskflow_api.py
[2024-08-16T06:47:41.322+0000] {processor.py:914} INFO - Processing file /usr/local/python/3.10.13/lib/python3.10/site-packages/airflow/example_dags/tutorial_taskflow_api.py for tasks to queue
[2024-08-16T06:47:41.324+0000] {logging_mixin.py:190} INFO - [2024-08-16T06:47:41.324+0000] {dagbag.py:587} INFO - Filling up the DagBag from /usr/local/python/3.10.13/lib/python3.10/site-packages/airflow/example_dags/tutorial_taskflow_api.py
[2024-08-16T06:47:41.331+0000] {processor.py:925} INFO - DAG(s) 'tutorial_taskflow_api' retrieved from /usr/local/python/3.10.13/lib/python3.10/site-packages/airflow/example_dags/tutorial_taskflow_api.py
[2024-08-16T06:47:41.343+0000] {logging_mixin.py:190} INFO - [2024-08-16T06:47:41.343+0000] {dag.py:3211} INFO - Sync 1 DAGs
[2024-08-16T06:47:41.353+0000] {logging_mixin.py:190} INFO - [2024-08-16T06:47:41.353+0000] {dag.py:4138} INFO - Setting next_dagrun for tutorial_taskflow_api to None, run_after=None
[2024-08-16T06:47:41.394+0000] {processor.py:208} INFO - Processing /usr/local/python/3.10.13/lib/python3.10/site-packages/airflow/example_dags/tutorial_taskflow_api.py took 0.076 seconds
[2024-08-16T06:48:37.140+0000] {processor.py:186} INFO - Started process (PID=13371) to work on /usr/local/python/3.10.13/lib/python3.10/site-packages/airflow/example_dags/tutorial_taskflow_api.py
[2024-08-16T06:48:37.141+0000] {processor.py:914} INFO - Processing file /usr/local/python/3.10.13/lib/python3.10/site-packages/airflow/example_dags/tutorial_taskflow_api.py for tasks to queue
[2024-08-16T06:48:37.142+0000] {logging_mixin.py:190} INFO - [2024-08-16T06:48:37.142+0000] {dagbag.py:587} INFO - Filling up the DagBag from /usr/local/python/3.10.13/lib/python3.10/site-packages/airflow/example_dags/tutorial_taskflow_api.py
[2024-08-16T06:48:37.149+0000] {processor.py:925} INFO - DAG(s) 'tutorial_taskflow_api' retrieved from /usr/local/python/3.10.13/lib/python3.10/site-packages/airflow/example_dags/tutorial_taskflow_api.py
[2024-08-16T06:48:37.161+0000] {logging_mixin.py:190} INFO - [2024-08-16T06:48:37.160+0000] {dag.py:3211} INFO - Sync 1 DAGs
[2024-08-16T06:48:37.171+0000] {logging_mixin.py:190} INFO - [2024-08-16T06:48:37.170+0000] {dag.py:4138} INFO - Setting next_dagrun for tutorial_taskflow_api to None, run_after=None
[2024-08-16T06:48:37.210+0000] {processor.py:208} INFO - Processing /usr/local/python/3.10.13/lib/python3.10/site-packages/airflow/example_dags/tutorial_taskflow_api.py took 0.075 seconds
[2024-08-16T06:49:28.571+0000] {processor.py:186} INFO - Started process (PID=13726) to work on /usr/local/python/3.10.13/lib/python3.10/site-packages/airflow/example_dags/tutorial_taskflow_api.py
[2024-08-16T06:49:28.572+0000] {processor.py:914} INFO - Processing file /usr/local/python/3.10.13/lib/python3.10/site-packages/airflow/example_dags/tutorial_taskflow_api.py for tasks to queue
[2024-08-16T06:49:28.574+0000] {logging_mixin.py:190} INFO - [2024-08-16T06:49:28.573+0000] {dagbag.py:587} INFO - Filling up the DagBag from /usr/local/python/3.10.13/lib/python3.10/site-packages/airflow/example_dags/tutorial_taskflow_api.py
[2024-08-16T06:49:28.580+0000] {processor.py:925} INFO - DAG(s) 'tutorial_taskflow_api' retrieved from /usr/local/python/3.10.13/lib/python3.10/site-packages/airflow/example_dags/tutorial_taskflow_api.py
[2024-08-16T06:49:28.593+0000] {logging_mixin.py:190} INFO - [2024-08-16T06:49:28.592+0000] {dag.py:3211} INFO - Sync 1 DAGs
[2024-08-16T06:49:28.603+0000] {logging_mixin.py:190} INFO - [2024-08-16T06:49:28.603+0000] {dag.py:4138} INFO - Setting next_dagrun for tutorial_taskflow_api to None, run_after=None
[2024-08-16T06:49:28.642+0000] {processor.py:208} INFO - Processing /usr/local/python/3.10.13/lib/python3.10/site-packages/airflow/example_dags/tutorial_taskflow_api.py took 0.076 seconds
[2024-08-16T06:50:21.469+0000] {processor.py:186} INFO - Started process (PID=14084) to work on /usr/local/python/3.10.13/lib/python3.10/site-packages/airflow/example_dags/tutorial_taskflow_api.py
[2024-08-16T06:50:21.470+0000] {processor.py:914} INFO - Processing file /usr/local/python/3.10.13/lib/python3.10/site-packages/airflow/example_dags/tutorial_taskflow_api.py for tasks to queue
[2024-08-16T06:50:21.472+0000] {logging_mixin.py:190} INFO - [2024-08-16T06:50:21.472+0000] {dagbag.py:587} INFO - Filling up the DagBag from /usr/local/python/3.10.13/lib/python3.10/site-packages/airflow/example_dags/tutorial_taskflow_api.py
[2024-08-16T06:50:21.479+0000] {processor.py:925} INFO - DAG(s) 'tutorial_taskflow_api' retrieved from /usr/local/python/3.10.13/lib/python3.10/site-packages/airflow/example_dags/tutorial_taskflow_api.py
[2024-08-16T06:50:21.491+0000] {logging_mixin.py:190} INFO - [2024-08-16T06:50:21.491+0000] {dag.py:3211} INFO - Sync 1 DAGs
[2024-08-16T06:50:21.501+0000] {logging_mixin.py:190} INFO - [2024-08-16T06:50:21.501+0000] {dag.py:4138} INFO - Setting next_dagrun for tutorial_taskflow_api to None, run_after=None
[2024-08-16T06:50:21.546+0000] {processor.py:208} INFO - Processing /usr/local/python/3.10.13/lib/python3.10/site-packages/airflow/example_dags/tutorial_taskflow_api.py took 0.081 seconds
[2024-08-16T06:51:11.133+0000] {processor.py:186} INFO - Started process (PID=14432) to work on /usr/local/python/3.10.13/lib/python3.10/site-packages/airflow/example_dags/tutorial_taskflow_api.py
[2024-08-16T06:51:11.134+0000] {processor.py:914} INFO - Processing file /usr/local/python/3.10.13/lib/python3.10/site-packages/airflow/example_dags/tutorial_taskflow_api.py for tasks to queue
[2024-08-16T06:51:11.136+0000] {logging_mixin.py:190} INFO - [2024-08-16T06:51:11.135+0000] {dagbag.py:587} INFO - Filling up the DagBag from /usr/local/python/3.10.13/lib/python3.10/site-packages/airflow/example_dags/tutorial_taskflow_api.py
[2024-08-16T06:51:11.142+0000] {processor.py:925} INFO - DAG(s) 'tutorial_taskflow_api' retrieved from /usr/local/python/3.10.13/lib/python3.10/site-packages/airflow/example_dags/tutorial_taskflow_api.py
[2024-08-16T06:51:11.154+0000] {logging_mixin.py:190} INFO - [2024-08-16T06:51:11.154+0000] {dag.py:3211} INFO - Sync 1 DAGs
[2024-08-16T06:51:11.164+0000] {logging_mixin.py:190} INFO - [2024-08-16T06:51:11.164+0000] {dag.py:4138} INFO - Setting next_dagrun for tutorial_taskflow_api to None, run_after=None
[2024-08-16T06:51:11.204+0000] {processor.py:208} INFO - Processing /usr/local/python/3.10.13/lib/python3.10/site-packages/airflow/example_dags/tutorial_taskflow_api.py took 0.075 seconds
[2024-08-16T06:52:00.517+0000] {processor.py:186} INFO - Started process (PID=14776) to work on /usr/local/python/3.10.13/lib/python3.10/site-packages/airflow/example_dags/tutorial_taskflow_api.py
[2024-08-16T06:52:00.518+0000] {processor.py:914} INFO - Processing file /usr/local/python/3.10.13/lib/python3.10/site-packages/airflow/example_dags/tutorial_taskflow_api.py for tasks to queue
[2024-08-16T06:52:00.519+0000] {logging_mixin.py:190} INFO - [2024-08-16T06:52:00.519+0000] {dagbag.py:587} INFO - Filling up the DagBag from /usr/local/python/3.10.13/lib/python3.10/site-packages/airflow/example_dags/tutorial_taskflow_api.py
[2024-08-16T06:52:00.526+0000] {processor.py:925} INFO - DAG(s) 'tutorial_taskflow_api' retrieved from /usr/local/python/3.10.13/lib/python3.10/site-packages/airflow/example_dags/tutorial_taskflow_api.py
[2024-08-16T06:52:00.537+0000] {logging_mixin.py:190} INFO - [2024-08-16T06:52:00.537+0000] {dag.py:3211} INFO - Sync 1 DAGs
[2024-08-16T06:52:00.547+0000] {logging_mixin.py:190} INFO - [2024-08-16T06:52:00.547+0000] {dag.py:4138} INFO - Setting next_dagrun for tutorial_taskflow_api to None, run_after=None
[2024-08-16T06:52:00.587+0000] {processor.py:208} INFO - Processing /usr/local/python/3.10.13/lib/python3.10/site-packages/airflow/example_dags/tutorial_taskflow_api.py took 0.074 seconds
[2024-08-16T06:52:51.061+0000] {processor.py:186} INFO - Started process (PID=15121) to work on /usr/local/python/3.10.13/lib/python3.10/site-packages/airflow/example_dags/tutorial_taskflow_api.py
[2024-08-16T06:52:51.062+0000] {processor.py:914} INFO - Processing file /usr/local/python/3.10.13/lib/python3.10/site-packages/airflow/example_dags/tutorial_taskflow_api.py for tasks to queue
[2024-08-16T06:52:51.064+0000] {logging_mixin.py:190} INFO - [2024-08-16T06:52:51.063+0000] {dagbag.py:587} INFO - Filling up the DagBag from /usr/local/python/3.10.13/lib/python3.10/site-packages/airflow/example_dags/tutorial_taskflow_api.py
[2024-08-16T06:52:51.070+0000] {processor.py:925} INFO - DAG(s) 'tutorial_taskflow_api' retrieved from /usr/local/python/3.10.13/lib/python3.10/site-packages/airflow/example_dags/tutorial_taskflow_api.py
[2024-08-16T06:52:51.082+0000] {logging_mixin.py:190} INFO - [2024-08-16T06:52:51.081+0000] {dag.py:3211} INFO - Sync 1 DAGs
[2024-08-16T06:52:51.091+0000] {logging_mixin.py:190} INFO - [2024-08-16T06:52:51.091+0000] {dag.py:4138} INFO - Setting next_dagrun for tutorial_taskflow_api to None, run_after=None
[2024-08-16T06:52:51.132+0000] {processor.py:208} INFO - Processing /usr/local/python/3.10.13/lib/python3.10/site-packages/airflow/example_dags/tutorial_taskflow_api.py took 0.076 seconds
[2024-08-16T06:53:45.660+0000] {processor.py:186} INFO - Started process (PID=15495) to work on /usr/local/python/3.10.13/lib/python3.10/site-packages/airflow/example_dags/tutorial_taskflow_api.py
[2024-08-16T06:53:45.661+0000] {processor.py:914} INFO - Processing file /usr/local/python/3.10.13/lib/python3.10/site-packages/airflow/example_dags/tutorial_taskflow_api.py for tasks to queue
[2024-08-16T06:53:45.663+0000] {logging_mixin.py:190} INFO - [2024-08-16T06:53:45.662+0000] {dagbag.py:587} INFO - Filling up the DagBag from /usr/local/python/3.10.13/lib/python3.10/site-packages/airflow/example_dags/tutorial_taskflow_api.py
[2024-08-16T06:53:45.669+0000] {processor.py:925} INFO - DAG(s) 'tutorial_taskflow_api' retrieved from /usr/local/python/3.10.13/lib/python3.10/site-packages/airflow/example_dags/tutorial_taskflow_api.py
[2024-08-16T06:53:45.680+0000] {logging_mixin.py:190} INFO - [2024-08-16T06:53:45.680+0000] {dag.py:3211} INFO - Sync 1 DAGs
[2024-08-16T06:53:45.690+0000] {logging_mixin.py:190} INFO - [2024-08-16T06:53:45.690+0000] {dag.py:4138} INFO - Setting next_dagrun for tutorial_taskflow_api to None, run_after=None
[2024-08-16T06:53:45.729+0000] {processor.py:208} INFO - Processing /usr/local/python/3.10.13/lib/python3.10/site-packages/airflow/example_dags/tutorial_taskflow_api.py took 0.073 seconds
[2024-08-16T06:54:39.185+0000] {processor.py:186} INFO - Started process (PID=15858) to work on /usr/local/python/3.10.13/lib/python3.10/site-packages/airflow/example_dags/tutorial_taskflow_api.py
[2024-08-16T06:54:39.185+0000] {processor.py:914} INFO - Processing file /usr/local/python/3.10.13/lib/python3.10/site-packages/airflow/example_dags/tutorial_taskflow_api.py for tasks to queue
[2024-08-16T06:54:39.187+0000] {logging_mixin.py:190} INFO - [2024-08-16T06:54:39.187+0000] {dagbag.py:587} INFO - Filling up the DagBag from /usr/local/python/3.10.13/lib/python3.10/site-packages/airflow/example_dags/tutorial_taskflow_api.py
[2024-08-16T06:54:39.194+0000] {processor.py:925} INFO - DAG(s) 'tutorial_taskflow_api' retrieved from /usr/local/python/3.10.13/lib/python3.10/site-packages/airflow/example_dags/tutorial_taskflow_api.py
[2024-08-16T06:54:39.205+0000] {logging_mixin.py:190} INFO - [2024-08-16T06:54:39.205+0000] {dag.py:3211} INFO - Sync 1 DAGs
[2024-08-16T06:54:39.215+0000] {logging_mixin.py:190} INFO - [2024-08-16T06:54:39.215+0000] {dag.py:4138} INFO - Setting next_dagrun for tutorial_taskflow_api to None, run_after=None
[2024-08-16T06:54:39.254+0000] {processor.py:208} INFO - Processing /usr/local/python/3.10.13/lib/python3.10/site-packages/airflow/example_dags/tutorial_taskflow_api.py took 0.074 seconds
[2024-08-16T06:55:35.376+0000] {processor.py:186} INFO - Started process (PID=16250) to work on /usr/local/python/3.10.13/lib/python3.10/site-packages/airflow/example_dags/tutorial_taskflow_api.py
[2024-08-16T06:55:35.377+0000] {processor.py:914} INFO - Processing file /usr/local/python/3.10.13/lib/python3.10/site-packages/airflow/example_dags/tutorial_taskflow_api.py for tasks to queue
[2024-08-16T06:55:35.378+0000] {logging_mixin.py:190} INFO - [2024-08-16T06:55:35.378+0000] {dagbag.py:587} INFO - Filling up the DagBag from /usr/local/python/3.10.13/lib/python3.10/site-packages/airflow/example_dags/tutorial_taskflow_api.py
[2024-08-16T06:55:35.385+0000] {processor.py:925} INFO - DAG(s) 'tutorial_taskflow_api' retrieved from /usr/local/python/3.10.13/lib/python3.10/site-packages/airflow/example_dags/tutorial_taskflow_api.py
[2024-08-16T06:55:35.396+0000] {logging_mixin.py:190} INFO - [2024-08-16T06:55:35.396+0000] {dag.py:3211} INFO - Sync 1 DAGs
[2024-08-16T06:55:35.406+0000] {logging_mixin.py:190} INFO - [2024-08-16T06:55:35.406+0000] {dag.py:4138} INFO - Setting next_dagrun for tutorial_taskflow_api to None, run_after=None
[2024-08-16T06:55:35.446+0000] {processor.py:208} INFO - Processing /usr/local/python/3.10.13/lib/python3.10/site-packages/airflow/example_dags/tutorial_taskflow_api.py took 0.075 seconds
[2024-08-16T06:56:05.491+0000] {processor.py:186} INFO - Started process (PID=16456) to work on /usr/local/python/3.10.13/lib/python3.10/site-packages/airflow/example_dags/tutorial_taskflow_api.py
[2024-08-16T06:56:05.492+0000] {processor.py:914} INFO - Processing file /usr/local/python/3.10.13/lib/python3.10/site-packages/airflow/example_dags/tutorial_taskflow_api.py for tasks to queue
[2024-08-16T06:56:05.493+0000] {logging_mixin.py:190} INFO - [2024-08-16T06:56:05.493+0000] {dagbag.py:587} INFO - Filling up the DagBag from /usr/local/python/3.10.13/lib/python3.10/site-packages/airflow/example_dags/tutorial_taskflow_api.py
[2024-08-16T06:56:05.500+0000] {processor.py:925} INFO - DAG(s) 'tutorial_taskflow_api' retrieved from /usr/local/python/3.10.13/lib/python3.10/site-packages/airflow/example_dags/tutorial_taskflow_api.py
[2024-08-16T06:56:05.513+0000] {logging_mixin.py:190} INFO - [2024-08-16T06:56:05.512+0000] {dag.py:3211} INFO - Sync 1 DAGs
[2024-08-16T06:56:05.528+0000] {logging_mixin.py:190} INFO - [2024-08-16T06:56:05.528+0000] {dag.py:4138} INFO - Setting next_dagrun for tutorial_taskflow_api to None, run_after=None
[2024-08-16T06:56:05.575+0000] {processor.py:208} INFO - Processing /usr/local/python/3.10.13/lib/python3.10/site-packages/airflow/example_dags/tutorial_taskflow_api.py took 0.089 seconds
[2024-08-16T06:57:02.804+0000] {processor.py:186} INFO - Started process (PID=16837) to work on /usr/local/python/3.10.13/lib/python3.10/site-packages/airflow/example_dags/tutorial_taskflow_api.py
[2024-08-16T06:57:02.805+0000] {processor.py:914} INFO - Processing file /usr/local/python/3.10.13/lib/python3.10/site-packages/airflow/example_dags/tutorial_taskflow_api.py for tasks to queue
[2024-08-16T06:57:02.806+0000] {logging_mixin.py:190} INFO - [2024-08-16T06:57:02.806+0000] {dagbag.py:587} INFO - Filling up the DagBag from /usr/local/python/3.10.13/lib/python3.10/site-packages/airflow/example_dags/tutorial_taskflow_api.py
[2024-08-16T06:57:02.813+0000] {processor.py:925} INFO - DAG(s) 'tutorial_taskflow_api' retrieved from /usr/local/python/3.10.13/lib/python3.10/site-packages/airflow/example_dags/tutorial_taskflow_api.py
[2024-08-16T06:57:02.824+0000] {logging_mixin.py:190} INFO - [2024-08-16T06:57:02.824+0000] {dag.py:3211} INFO - Sync 1 DAGs
[2024-08-16T06:57:02.834+0000] {logging_mixin.py:190} INFO - [2024-08-16T06:57:02.834+0000] {dag.py:4138} INFO - Setting next_dagrun for tutorial_taskflow_api to None, run_after=None
[2024-08-16T06:57:02.875+0000] {processor.py:208} INFO - Processing /usr/local/python/3.10.13/lib/python3.10/site-packages/airflow/example_dags/tutorial_taskflow_api.py took 0.075 seconds
[2024-08-16T06:57:56.448+0000] {processor.py:186} INFO - Started process (PID=17217) to work on /usr/local/python/3.10.13/lib/python3.10/site-packages/airflow/example_dags/tutorial_taskflow_api.py
[2024-08-16T06:57:56.448+0000] {processor.py:914} INFO - Processing file /usr/local/python/3.10.13/lib/python3.10/site-packages/airflow/example_dags/tutorial_taskflow_api.py for tasks to queue
[2024-08-16T06:57:56.450+0000] {logging_mixin.py:190} INFO - [2024-08-16T06:57:56.450+0000] {dagbag.py:587} INFO - Filling up the DagBag from /usr/local/python/3.10.13/lib/python3.10/site-packages/airflow/example_dags/tutorial_taskflow_api.py
[2024-08-16T06:57:56.456+0000] {processor.py:925} INFO - DAG(s) 'tutorial_taskflow_api' retrieved from /usr/local/python/3.10.13/lib/python3.10/site-packages/airflow/example_dags/tutorial_taskflow_api.py
[2024-08-16T06:57:56.468+0000] {logging_mixin.py:190} INFO - [2024-08-16T06:57:56.468+0000] {dag.py:3211} INFO - Sync 1 DAGs
[2024-08-16T06:57:56.478+0000] {logging_mixin.py:190} INFO - [2024-08-16T06:57:56.478+0000] {dag.py:4138} INFO - Setting next_dagrun for tutorial_taskflow_api to None, run_after=None
[2024-08-16T06:57:56.524+0000] {processor.py:208} INFO - Processing /usr/local/python/3.10.13/lib/python3.10/site-packages/airflow/example_dags/tutorial_taskflow_api.py took 0.082 seconds
[2024-08-16T06:58:48.534+0000] {processor.py:186} INFO - Started process (PID=17572) to work on /usr/local/python/3.10.13/lib/python3.10/site-packages/airflow/example_dags/tutorial_taskflow_api.py
[2024-08-16T06:58:48.535+0000] {processor.py:914} INFO - Processing file /usr/local/python/3.10.13/lib/python3.10/site-packages/airflow/example_dags/tutorial_taskflow_api.py for tasks to queue
[2024-08-16T06:58:48.536+0000] {logging_mixin.py:190} INFO - [2024-08-16T06:58:48.536+0000] {dagbag.py:587} INFO - Filling up the DagBag from /usr/local/python/3.10.13/lib/python3.10/site-packages/airflow/example_dags/tutorial_taskflow_api.py
[2024-08-16T06:58:48.543+0000] {processor.py:925} INFO - DAG(s) 'tutorial_taskflow_api' retrieved from /usr/local/python/3.10.13/lib/python3.10/site-packages/airflow/example_dags/tutorial_taskflow_api.py
[2024-08-16T06:58:48.555+0000] {logging_mixin.py:190} INFO - [2024-08-16T06:58:48.555+0000] {dag.py:3211} INFO - Sync 1 DAGs
[2024-08-16T06:58:48.565+0000] {logging_mixin.py:190} INFO - [2024-08-16T06:58:48.565+0000] {dag.py:4138} INFO - Setting next_dagrun for tutorial_taskflow_api to None, run_after=None
[2024-08-16T06:58:48.605+0000] {processor.py:208} INFO - Processing /usr/local/python/3.10.13/lib/python3.10/site-packages/airflow/example_dags/tutorial_taskflow_api.py took 0.075 seconds
[2024-08-16T06:59:40.432+0000] {processor.py:186} INFO - Started process (PID=18077) to work on /usr/local/python/3.10.13/lib/python3.10/site-packages/airflow/example_dags/tutorial_taskflow_api.py
[2024-08-16T06:59:40.433+0000] {processor.py:914} INFO - Processing file /usr/local/python/3.10.13/lib/python3.10/site-packages/airflow/example_dags/tutorial_taskflow_api.py for tasks to queue
[2024-08-16T06:59:40.435+0000] {logging_mixin.py:190} INFO - [2024-08-16T06:59:40.434+0000] {dagbag.py:587} INFO - Filling up the DagBag from /usr/local/python/3.10.13/lib/python3.10/site-packages/airflow/example_dags/tutorial_taskflow_api.py
[2024-08-16T06:59:40.442+0000] {processor.py:925} INFO - DAG(s) 'tutorial_taskflow_api' retrieved from /usr/local/python/3.10.13/lib/python3.10/site-packages/airflow/example_dags/tutorial_taskflow_api.py
[2024-08-16T06:59:40.454+0000] {logging_mixin.py:190} INFO - [2024-08-16T06:59:40.453+0000] {dag.py:3211} INFO - Sync 1 DAGs
[2024-08-16T06:59:40.464+0000] {logging_mixin.py:190} INFO - [2024-08-16T06:59:40.463+0000] {dag.py:4138} INFO - Setting next_dagrun for tutorial_taskflow_api to None, run_after=None
[2024-08-16T06:59:40.515+0000] {processor.py:208} INFO - Processing /usr/local/python/3.10.13/lib/python3.10/site-packages/airflow/example_dags/tutorial_taskflow_api.py took 0.087 seconds
[2024-08-16T07:00:34.322+0000] {processor.py:186} INFO - Started process (PID=18543) to work on /usr/local/python/3.10.13/lib/python3.10/site-packages/airflow/example_dags/tutorial_taskflow_api.py
[2024-08-16T07:00:34.323+0000] {processor.py:914} INFO - Processing file /usr/local/python/3.10.13/lib/python3.10/site-packages/airflow/example_dags/tutorial_taskflow_api.py for tasks to queue
[2024-08-16T07:00:34.324+0000] {logging_mixin.py:190} INFO - [2024-08-16T07:00:34.324+0000] {dagbag.py:587} INFO - Filling up the DagBag from /usr/local/python/3.10.13/lib/python3.10/site-packages/airflow/example_dags/tutorial_taskflow_api.py
[2024-08-16T07:00:34.331+0000] {processor.py:925} INFO - DAG(s) 'tutorial_taskflow_api' retrieved from /usr/local/python/3.10.13/lib/python3.10/site-packages/airflow/example_dags/tutorial_taskflow_api.py
[2024-08-16T07:00:34.343+0000] {logging_mixin.py:190} INFO - [2024-08-16T07:00:34.343+0000] {dag.py:3211} INFO - Sync 1 DAGs
[2024-08-16T07:00:34.354+0000] {logging_mixin.py:190} INFO - [2024-08-16T07:00:34.354+0000] {dag.py:4138} INFO - Setting next_dagrun for tutorial_taskflow_api to None, run_after=None
[2024-08-16T07:00:34.396+0000] {processor.py:208} INFO - Processing /usr/local/python/3.10.13/lib/python3.10/site-packages/airflow/example_dags/tutorial_taskflow_api.py took 0.079 seconds
[2024-08-16T07:01:27.630+0000] {processor.py:186} INFO - Started process (PID=18916) to work on /usr/local/python/3.10.13/lib/python3.10/site-packages/airflow/example_dags/tutorial_taskflow_api.py
[2024-08-16T07:01:27.631+0000] {processor.py:914} INFO - Processing file /usr/local/python/3.10.13/lib/python3.10/site-packages/airflow/example_dags/tutorial_taskflow_api.py for tasks to queue
[2024-08-16T07:01:27.633+0000] {logging_mixin.py:190} INFO - [2024-08-16T07:01:27.633+0000] {dagbag.py:587} INFO - Filling up the DagBag from /usr/local/python/3.10.13/lib/python3.10/site-packages/airflow/example_dags/tutorial_taskflow_api.py
[2024-08-16T07:01:27.643+0000] {processor.py:925} INFO - DAG(s) 'tutorial_taskflow_api' retrieved from /usr/local/python/3.10.13/lib/python3.10/site-packages/airflow/example_dags/tutorial_taskflow_api.py
[2024-08-16T07:01:27.660+0000] {logging_mixin.py:190} INFO - [2024-08-16T07:01:27.660+0000] {dag.py:3211} INFO - Sync 1 DAGs
[2024-08-16T07:01:27.676+0000] {logging_mixin.py:190} INFO - [2024-08-16T07:01:27.675+0000] {dag.py:4138} INFO - Setting next_dagrun for tutorial_taskflow_api to None, run_after=None
[2024-08-16T07:01:27.724+0000] {processor.py:208} INFO - Processing /usr/local/python/3.10.13/lib/python3.10/site-packages/airflow/example_dags/tutorial_taskflow_api.py took 0.100 seconds
[2024-08-16T07:02:19.807+0000] {processor.py:186} INFO - Started process (PID=19314) to work on /usr/local/python/3.10.13/lib/python3.10/site-packages/airflow/example_dags/tutorial_taskflow_api.py
[2024-08-16T07:02:19.808+0000] {processor.py:914} INFO - Processing file /usr/local/python/3.10.13/lib/python3.10/site-packages/airflow/example_dags/tutorial_taskflow_api.py for tasks to queue
[2024-08-16T07:02:19.810+0000] {logging_mixin.py:190} INFO - [2024-08-16T07:02:19.810+0000] {dagbag.py:587} INFO - Filling up the DagBag from /usr/local/python/3.10.13/lib/python3.10/site-packages/airflow/example_dags/tutorial_taskflow_api.py
[2024-08-16T07:02:19.821+0000] {processor.py:925} INFO - DAG(s) 'tutorial_taskflow_api' retrieved from /usr/local/python/3.10.13/lib/python3.10/site-packages/airflow/example_dags/tutorial_taskflow_api.py
[2024-08-16T07:02:19.839+0000] {logging_mixin.py:190} INFO - [2024-08-16T07:02:19.838+0000] {dag.py:3211} INFO - Sync 1 DAGs
[2024-08-16T07:02:19.854+0000] {logging_mixin.py:190} INFO - [2024-08-16T07:02:19.853+0000] {dag.py:4138} INFO - Setting next_dagrun for tutorial_taskflow_api to None, run_after=None
[2024-08-16T07:02:19.902+0000] {processor.py:208} INFO - Processing /usr/local/python/3.10.13/lib/python3.10/site-packages/airflow/example_dags/tutorial_taskflow_api.py took 0.103 seconds
