[2024-08-16T06:45:58.007+0000] {processor.py:186} INFO - Started process (PID=12146) to work on /usr/local/python/3.10.13/lib/python3.10/site-packages/airflow/example_dags/tutorial_objectstorage.py
[2024-08-16T06:45:58.008+0000] {processor.py:914} INFO - Processing file /usr/local/python/3.10.13/lib/python3.10/site-packages/airflow/example_dags/tutorial_objectstorage.py for tasks to queue
[2024-08-16T06:45:58.010+0000] {logging_mixin.py:190} INFO - [2024-08-16T06:45:58.009+0000] {dagbag.py:587} INFO - Filling up the DagBag from /usr/local/python/3.10.13/lib/python3.10/site-packages/airflow/example_dags/tutorial_objectstorage.py
[2024-08-16T06:45:58.017+0000] {processor.py:925} INFO - DAG(s) 'tutorial_objectstorage' retrieved from /usr/local/python/3.10.13/lib/python3.10/site-packages/airflow/example_dags/tutorial_objectstorage.py
[2024-08-16T06:45:58.326+0000] {logging_mixin.py:190} INFO - [2024-08-16T06:45:58.325+0000] {override.py:1858} INFO - Created Permission View: can edit on DAG:tutorial_objectstorage
[2024-08-16T06:45:58.367+0000] {logging_mixin.py:190} INFO - [2024-08-16T06:45:58.366+0000] {override.py:1858} INFO - Created Permission View: can read on DAG:tutorial_objectstorage
[2024-08-16T06:45:58.399+0000] {logging_mixin.py:190} INFO - [2024-08-16T06:45:58.398+0000] {override.py:1858} INFO - Created Permission View: can delete on DAG:tutorial_objectstorage
[2024-08-16T06:45:58.399+0000] {logging_mixin.py:190} INFO - [2024-08-16T06:45:58.399+0000] {dag.py:3211} INFO - Sync 1 DAGs
[2024-08-16T06:45:58.414+0000] {logging_mixin.py:190} INFO - [2024-08-16T06:45:58.414+0000] {dag.py:3234} INFO - Creating ORM DAG for tutorial_objectstorage
[2024-08-16T06:45:58.415+0000] {logging_mixin.py:190} INFO - [2024-08-16T06:45:58.414+0000] {dag.py:4138} INFO - Setting next_dagrun for tutorial_objectstorage to None, run_after=None
[2024-08-16T06:45:58.466+0000] {processor.py:208} INFO - Processing /usr/local/python/3.10.13/lib/python3.10/site-packages/airflow/example_dags/tutorial_objectstorage.py took 0.463 seconds
[2024-08-16T06:47:10.549+0000] {processor.py:186} INFO - Started process (PID=12771) to work on /usr/local/python/3.10.13/lib/python3.10/site-packages/airflow/example_dags/tutorial_objectstorage.py
[2024-08-16T06:47:10.550+0000] {processor.py:914} INFO - Processing file /usr/local/python/3.10.13/lib/python3.10/site-packages/airflow/example_dags/tutorial_objectstorage.py for tasks to queue
[2024-08-16T06:47:10.552+0000] {logging_mixin.py:190} INFO - [2024-08-16T06:47:10.552+0000] {dagbag.py:587} INFO - Filling up the DagBag from /usr/local/python/3.10.13/lib/python3.10/site-packages/airflow/example_dags/tutorial_objectstorage.py
[2024-08-16T06:47:10.563+0000] {processor.py:925} INFO - DAG(s) 'tutorial_objectstorage' retrieved from /usr/local/python/3.10.13/lib/python3.10/site-packages/airflow/example_dags/tutorial_objectstorage.py
[2024-08-16T06:47:10.582+0000] {logging_mixin.py:190} INFO - [2024-08-16T06:47:10.581+0000] {dag.py:3211} INFO - Sync 1 DAGs
[2024-08-16T06:47:10.598+0000] {logging_mixin.py:190} INFO - [2024-08-16T06:47:10.598+0000] {dag.py:4138} INFO - Setting next_dagrun for tutorial_objectstorage to None, run_after=None
[2024-08-16T06:47:10.646+0000] {processor.py:208} INFO - Processing /usr/local/python/3.10.13/lib/python3.10/site-packages/airflow/example_dags/tutorial_objectstorage.py took 0.103 seconds
[2024-08-16T06:47:42.861+0000] {processor.py:186} INFO - Started process (PID=13008) to work on /usr/local/python/3.10.13/lib/python3.10/site-packages/airflow/example_dags/tutorial_objectstorage.py
[2024-08-16T06:47:42.862+0000] {processor.py:914} INFO - Processing file /usr/local/python/3.10.13/lib/python3.10/site-packages/airflow/example_dags/tutorial_objectstorage.py for tasks to queue
[2024-08-16T06:47:42.863+0000] {logging_mixin.py:190} INFO - [2024-08-16T06:47:42.863+0000] {dagbag.py:587} INFO - Filling up the DagBag from /usr/local/python/3.10.13/lib/python3.10/site-packages/airflow/example_dags/tutorial_objectstorage.py
[2024-08-16T06:47:42.871+0000] {processor.py:925} INFO - DAG(s) 'tutorial_objectstorage' retrieved from /usr/local/python/3.10.13/lib/python3.10/site-packages/airflow/example_dags/tutorial_objectstorage.py
[2024-08-16T06:47:42.882+0000] {logging_mixin.py:190} INFO - [2024-08-16T06:47:42.882+0000] {dag.py:3211} INFO - Sync 1 DAGs
[2024-08-16T06:47:42.892+0000] {logging_mixin.py:190} INFO - [2024-08-16T06:47:42.892+0000] {dag.py:4138} INFO - Setting next_dagrun for tutorial_objectstorage to None, run_after=None
[2024-08-16T06:47:42.931+0000] {processor.py:208} INFO - Processing /usr/local/python/3.10.13/lib/python3.10/site-packages/airflow/example_dags/tutorial_objectstorage.py took 0.075 seconds
[2024-08-16T06:48:39.421+0000] {processor.py:186} INFO - Started process (PID=13385) to work on /usr/local/python/3.10.13/lib/python3.10/site-packages/airflow/example_dags/tutorial_objectstorage.py
[2024-08-16T06:48:39.422+0000] {processor.py:914} INFO - Processing file /usr/local/python/3.10.13/lib/python3.10/site-packages/airflow/example_dags/tutorial_objectstorage.py for tasks to queue
[2024-08-16T06:48:39.424+0000] {logging_mixin.py:190} INFO - [2024-08-16T06:48:39.424+0000] {dagbag.py:587} INFO - Filling up the DagBag from /usr/local/python/3.10.13/lib/python3.10/site-packages/airflow/example_dags/tutorial_objectstorage.py
[2024-08-16T06:48:39.435+0000] {processor.py:925} INFO - DAG(s) 'tutorial_objectstorage' retrieved from /usr/local/python/3.10.13/lib/python3.10/site-packages/airflow/example_dags/tutorial_objectstorage.py
[2024-08-16T06:48:39.452+0000] {logging_mixin.py:190} INFO - [2024-08-16T06:48:39.452+0000] {dag.py:3211} INFO - Sync 1 DAGs
[2024-08-16T06:48:39.468+0000] {logging_mixin.py:190} INFO - [2024-08-16T06:48:39.468+0000] {dag.py:4138} INFO - Setting next_dagrun for tutorial_objectstorage to None, run_after=None
[2024-08-16T06:48:39.514+0000] {processor.py:208} INFO - Processing /usr/local/python/3.10.13/lib/python3.10/site-packages/airflow/example_dags/tutorial_objectstorage.py took 0.100 seconds
[2024-08-16T06:49:30.760+0000] {processor.py:186} INFO - Started process (PID=13734) to work on /usr/local/python/3.10.13/lib/python3.10/site-packages/airflow/example_dags/tutorial_objectstorage.py
[2024-08-16T06:49:30.761+0000] {processor.py:914} INFO - Processing file /usr/local/python/3.10.13/lib/python3.10/site-packages/airflow/example_dags/tutorial_objectstorage.py for tasks to queue
[2024-08-16T06:49:30.763+0000] {logging_mixin.py:190} INFO - [2024-08-16T06:49:30.762+0000] {dagbag.py:587} INFO - Filling up the DagBag from /usr/local/python/3.10.13/lib/python3.10/site-packages/airflow/example_dags/tutorial_objectstorage.py
[2024-08-16T06:49:30.770+0000] {processor.py:925} INFO - DAG(s) 'tutorial_objectstorage' retrieved from /usr/local/python/3.10.13/lib/python3.10/site-packages/airflow/example_dags/tutorial_objectstorage.py
[2024-08-16T06:49:30.781+0000] {logging_mixin.py:190} INFO - [2024-08-16T06:49:30.781+0000] {dag.py:3211} INFO - Sync 1 DAGs
[2024-08-16T06:49:30.791+0000] {logging_mixin.py:190} INFO - [2024-08-16T06:49:30.791+0000] {dag.py:4138} INFO - Setting next_dagrun for tutorial_objectstorage to None, run_after=None
[2024-08-16T06:49:30.830+0000] {processor.py:208} INFO - Processing /usr/local/python/3.10.13/lib/python3.10/site-packages/airflow/example_dags/tutorial_objectstorage.py took 0.074 seconds
[2024-08-16T06:50:23.744+0000] {processor.py:186} INFO - Started process (PID=14092) to work on /usr/local/python/3.10.13/lib/python3.10/site-packages/airflow/example_dags/tutorial_objectstorage.py
[2024-08-16T06:50:23.745+0000] {processor.py:914} INFO - Processing file /usr/local/python/3.10.13/lib/python3.10/site-packages/airflow/example_dags/tutorial_objectstorage.py for tasks to queue
[2024-08-16T06:50:23.746+0000] {logging_mixin.py:190} INFO - [2024-08-16T06:50:23.746+0000] {dagbag.py:587} INFO - Filling up the DagBag from /usr/local/python/3.10.13/lib/python3.10/site-packages/airflow/example_dags/tutorial_objectstorage.py
[2024-08-16T06:50:23.754+0000] {processor.py:925} INFO - DAG(s) 'tutorial_objectstorage' retrieved from /usr/local/python/3.10.13/lib/python3.10/site-packages/airflow/example_dags/tutorial_objectstorage.py
[2024-08-16T06:50:23.766+0000] {logging_mixin.py:190} INFO - [2024-08-16T06:50:23.765+0000] {dag.py:3211} INFO - Sync 1 DAGs
[2024-08-16T06:50:23.776+0000] {logging_mixin.py:190} INFO - [2024-08-16T06:50:23.775+0000] {dag.py:4138} INFO - Setting next_dagrun for tutorial_objectstorage to None, run_after=None
[2024-08-16T06:50:23.827+0000] {processor.py:208} INFO - Processing /usr/local/python/3.10.13/lib/python3.10/site-packages/airflow/example_dags/tutorial_objectstorage.py took 0.088 seconds
[2024-08-16T06:51:13.432+0000] {processor.py:186} INFO - Started process (PID=14440) to work on /usr/local/python/3.10.13/lib/python3.10/site-packages/airflow/example_dags/tutorial_objectstorage.py
[2024-08-16T06:51:13.432+0000] {processor.py:914} INFO - Processing file /usr/local/python/3.10.13/lib/python3.10/site-packages/airflow/example_dags/tutorial_objectstorage.py for tasks to queue
[2024-08-16T06:51:13.434+0000] {logging_mixin.py:190} INFO - [2024-08-16T06:51:13.433+0000] {dagbag.py:587} INFO - Filling up the DagBag from /usr/local/python/3.10.13/lib/python3.10/site-packages/airflow/example_dags/tutorial_objectstorage.py
[2024-08-16T06:51:13.444+0000] {processor.py:925} INFO - DAG(s) 'tutorial_objectstorage' retrieved from /usr/local/python/3.10.13/lib/python3.10/site-packages/airflow/example_dags/tutorial_objectstorage.py
[2024-08-16T06:51:13.461+0000] {logging_mixin.py:190} INFO - [2024-08-16T06:51:13.461+0000] {dag.py:3211} INFO - Sync 1 DAGs
[2024-08-16T06:51:13.476+0000] {logging_mixin.py:190} INFO - [2024-08-16T06:51:13.476+0000] {dag.py:4138} INFO - Setting next_dagrun for tutorial_objectstorage to None, run_after=None
[2024-08-16T06:51:13.525+0000] {processor.py:208} INFO - Processing /usr/local/python/3.10.13/lib/python3.10/site-packages/airflow/example_dags/tutorial_objectstorage.py took 0.098 seconds
[2024-08-16T06:52:02.803+0000] {processor.py:186} INFO - Started process (PID=14784) to work on /usr/local/python/3.10.13/lib/python3.10/site-packages/airflow/example_dags/tutorial_objectstorage.py
[2024-08-16T06:52:02.804+0000] {processor.py:914} INFO - Processing file /usr/local/python/3.10.13/lib/python3.10/site-packages/airflow/example_dags/tutorial_objectstorage.py for tasks to queue
[2024-08-16T06:52:02.806+0000] {logging_mixin.py:190} INFO - [2024-08-16T06:52:02.805+0000] {dagbag.py:587} INFO - Filling up the DagBag from /usr/local/python/3.10.13/lib/python3.10/site-packages/airflow/example_dags/tutorial_objectstorage.py
[2024-08-16T06:52:02.813+0000] {processor.py:925} INFO - DAG(s) 'tutorial_objectstorage' retrieved from /usr/local/python/3.10.13/lib/python3.10/site-packages/airflow/example_dags/tutorial_objectstorage.py
[2024-08-16T06:52:02.824+0000] {logging_mixin.py:190} INFO - [2024-08-16T06:52:02.824+0000] {dag.py:3211} INFO - Sync 1 DAGs
[2024-08-16T06:52:02.834+0000] {logging_mixin.py:190} INFO - [2024-08-16T06:52:02.834+0000] {dag.py:4138} INFO - Setting next_dagrun for tutorial_objectstorage to None, run_after=None
[2024-08-16T06:52:02.876+0000] {processor.py:208} INFO - Processing /usr/local/python/3.10.13/lib/python3.10/site-packages/airflow/example_dags/tutorial_objectstorage.py took 0.078 seconds
[2024-08-16T06:52:53.336+0000] {processor.py:186} INFO - Started process (PID=15135) to work on /usr/local/python/3.10.13/lib/python3.10/site-packages/airflow/example_dags/tutorial_objectstorage.py
[2024-08-16T06:52:53.337+0000] {processor.py:914} INFO - Processing file /usr/local/python/3.10.13/lib/python3.10/site-packages/airflow/example_dags/tutorial_objectstorage.py for tasks to queue
[2024-08-16T06:52:53.338+0000] {logging_mixin.py:190} INFO - [2024-08-16T06:52:53.338+0000] {dagbag.py:587} INFO - Filling up the DagBag from /usr/local/python/3.10.13/lib/python3.10/site-packages/airflow/example_dags/tutorial_objectstorage.py
[2024-08-16T06:52:53.346+0000] {processor.py:925} INFO - DAG(s) 'tutorial_objectstorage' retrieved from /usr/local/python/3.10.13/lib/python3.10/site-packages/airflow/example_dags/tutorial_objectstorage.py
[2024-08-16T06:52:53.357+0000] {logging_mixin.py:190} INFO - [2024-08-16T06:52:53.357+0000] {dag.py:3211} INFO - Sync 1 DAGs
[2024-08-16T06:52:53.367+0000] {logging_mixin.py:190} INFO - [2024-08-16T06:52:53.367+0000] {dag.py:4138} INFO - Setting next_dagrun for tutorial_objectstorage to None, run_after=None
[2024-08-16T06:52:53.412+0000] {processor.py:208} INFO - Processing /usr/local/python/3.10.13/lib/python3.10/site-packages/airflow/example_dags/tutorial_objectstorage.py took 0.080 seconds
[2024-08-16T06:53:47.052+0000] {processor.py:186} INFO - Started process (PID=15503) to work on /usr/local/python/3.10.13/lib/python3.10/site-packages/airflow/example_dags/tutorial_objectstorage.py
[2024-08-16T06:53:47.052+0000] {processor.py:914} INFO - Processing file /usr/local/python/3.10.13/lib/python3.10/site-packages/airflow/example_dags/tutorial_objectstorage.py for tasks to queue
[2024-08-16T06:53:47.054+0000] {logging_mixin.py:190} INFO - [2024-08-16T06:53:47.054+0000] {dagbag.py:587} INFO - Filling up the DagBag from /usr/local/python/3.10.13/lib/python3.10/site-packages/airflow/example_dags/tutorial_objectstorage.py
[2024-08-16T06:53:47.063+0000] {processor.py:925} INFO - DAG(s) 'tutorial_objectstorage' retrieved from /usr/local/python/3.10.13/lib/python3.10/site-packages/airflow/example_dags/tutorial_objectstorage.py
[2024-08-16T06:53:47.074+0000] {logging_mixin.py:190} INFO - [2024-08-16T06:53:47.074+0000] {dag.py:3211} INFO - Sync 1 DAGs
[2024-08-16T06:53:47.084+0000] {logging_mixin.py:190} INFO - [2024-08-16T06:53:47.084+0000] {dag.py:4138} INFO - Setting next_dagrun for tutorial_objectstorage to None, run_after=None
[2024-08-16T06:53:47.133+0000] {processor.py:208} INFO - Processing /usr/local/python/3.10.13/lib/python3.10/site-packages/airflow/example_dags/tutorial_objectstorage.py took 0.086 seconds
[2024-08-16T06:54:41.590+0000] {processor.py:186} INFO - Started process (PID=15890) to work on /usr/local/python/3.10.13/lib/python3.10/site-packages/airflow/example_dags/tutorial_objectstorage.py
[2024-08-16T06:54:41.591+0000] {processor.py:914} INFO - Processing file /usr/local/python/3.10.13/lib/python3.10/site-packages/airflow/example_dags/tutorial_objectstorage.py for tasks to queue
[2024-08-16T06:54:41.592+0000] {logging_mixin.py:190} INFO - [2024-08-16T06:54:41.592+0000] {dagbag.py:587} INFO - Filling up the DagBag from /usr/local/python/3.10.13/lib/python3.10/site-packages/airflow/example_dags/tutorial_objectstorage.py
[2024-08-16T06:54:41.599+0000] {processor.py:925} INFO - DAG(s) 'tutorial_objectstorage' retrieved from /usr/local/python/3.10.13/lib/python3.10/site-packages/airflow/example_dags/tutorial_objectstorage.py
[2024-08-16T06:54:41.611+0000] {logging_mixin.py:190} INFO - [2024-08-16T06:54:41.611+0000] {dag.py:3211} INFO - Sync 1 DAGs
[2024-08-16T06:54:41.620+0000] {logging_mixin.py:190} INFO - [2024-08-16T06:54:41.620+0000] {dag.py:4138} INFO - Setting next_dagrun for tutorial_objectstorage to None, run_after=None
[2024-08-16T06:54:41.660+0000] {processor.py:208} INFO - Processing /usr/local/python/3.10.13/lib/python3.10/site-packages/airflow/example_dags/tutorial_objectstorage.py took 0.075 seconds
[2024-08-16T06:55:36.755+0000] {processor.py:186} INFO - Started process (PID=16258) to work on /usr/local/python/3.10.13/lib/python3.10/site-packages/airflow/example_dags/tutorial_objectstorage.py
[2024-08-16T06:55:36.755+0000] {processor.py:914} INFO - Processing file /usr/local/python/3.10.13/lib/python3.10/site-packages/airflow/example_dags/tutorial_objectstorage.py for tasks to queue
[2024-08-16T06:55:36.757+0000] {logging_mixin.py:190} INFO - [2024-08-16T06:55:36.757+0000] {dagbag.py:587} INFO - Filling up the DagBag from /usr/local/python/3.10.13/lib/python3.10/site-packages/airflow/example_dags/tutorial_objectstorage.py
[2024-08-16T06:55:36.764+0000] {processor.py:925} INFO - DAG(s) 'tutorial_objectstorage' retrieved from /usr/local/python/3.10.13/lib/python3.10/site-packages/airflow/example_dags/tutorial_objectstorage.py
[2024-08-16T06:55:36.775+0000] {logging_mixin.py:190} INFO - [2024-08-16T06:55:36.775+0000] {dag.py:3211} INFO - Sync 1 DAGs
[2024-08-16T06:55:36.785+0000] {logging_mixin.py:190} INFO - [2024-08-16T06:55:36.785+0000] {dag.py:4138} INFO - Setting next_dagrun for tutorial_objectstorage to None, run_after=None
[2024-08-16T06:55:36.825+0000] {processor.py:208} INFO - Processing /usr/local/python/3.10.13/lib/python3.10/site-packages/airflow/example_dags/tutorial_objectstorage.py took 0.075 seconds
[2024-08-16T06:56:35.544+0000] {processor.py:186} INFO - Started process (PID=16665) to work on /usr/local/python/3.10.13/lib/python3.10/site-packages/airflow/example_dags/tutorial_objectstorage.py
[2024-08-16T06:56:35.545+0000] {processor.py:914} INFO - Processing file /usr/local/python/3.10.13/lib/python3.10/site-packages/airflow/example_dags/tutorial_objectstorage.py for tasks to queue
[2024-08-16T06:56:35.548+0000] {logging_mixin.py:190} INFO - [2024-08-16T06:56:35.547+0000] {dagbag.py:587} INFO - Filling up the DagBag from /usr/local/python/3.10.13/lib/python3.10/site-packages/airflow/example_dags/tutorial_objectstorage.py
[2024-08-16T06:56:35.559+0000] {processor.py:925} INFO - DAG(s) 'tutorial_objectstorage' retrieved from /usr/local/python/3.10.13/lib/python3.10/site-packages/airflow/example_dags/tutorial_objectstorage.py
[2024-08-16T06:56:35.576+0000] {logging_mixin.py:190} INFO - [2024-08-16T06:56:35.575+0000] {dag.py:3211} INFO - Sync 1 DAGs
[2024-08-16T06:56:35.591+0000] {logging_mixin.py:190} INFO - [2024-08-16T06:56:35.591+0000] {dag.py:4138} INFO - Setting next_dagrun for tutorial_objectstorage to None, run_after=None
[2024-08-16T06:56:35.638+0000] {processor.py:208} INFO - Processing /usr/local/python/3.10.13/lib/python3.10/site-packages/airflow/example_dags/tutorial_objectstorage.py took 0.100 seconds
[2024-08-16T06:57:30.386+0000] {processor.py:186} INFO - Started process (PID=17035) to work on /usr/local/python/3.10.13/lib/python3.10/site-packages/airflow/example_dags/tutorial_objectstorage.py
[2024-08-16T06:57:30.387+0000] {processor.py:914} INFO - Processing file /usr/local/python/3.10.13/lib/python3.10/site-packages/airflow/example_dags/tutorial_objectstorage.py for tasks to queue
[2024-08-16T06:57:30.390+0000] {logging_mixin.py:190} INFO - [2024-08-16T06:57:30.389+0000] {dagbag.py:587} INFO - Filling up the DagBag from /usr/local/python/3.10.13/lib/python3.10/site-packages/airflow/example_dags/tutorial_objectstorage.py
[2024-08-16T06:57:30.409+0000] {processor.py:925} INFO - DAG(s) 'tutorial_objectstorage' retrieved from /usr/local/python/3.10.13/lib/python3.10/site-packages/airflow/example_dags/tutorial_objectstorage.py
[2024-08-16T06:57:30.455+0000] {logging_mixin.py:190} INFO - [2024-08-16T06:57:30.455+0000] {dag.py:3211} INFO - Sync 1 DAGs
[2024-08-16T06:57:30.488+0000] {logging_mixin.py:190} INFO - [2024-08-16T06:57:30.488+0000] {dag.py:4138} INFO - Setting next_dagrun for tutorial_objectstorage to None, run_after=None
[2024-08-16T06:57:30.538+0000] {processor.py:208} INFO - Processing /usr/local/python/3.10.13/lib/python3.10/site-packages/airflow/example_dags/tutorial_objectstorage.py took 0.158 seconds
[2024-08-16T06:58:23.697+0000] {processor.py:186} INFO - Started process (PID=17390) to work on /usr/local/python/3.10.13/lib/python3.10/site-packages/airflow/example_dags/tutorial_objectstorage.py
[2024-08-16T06:58:23.702+0000] {processor.py:914} INFO - Processing file /usr/local/python/3.10.13/lib/python3.10/site-packages/airflow/example_dags/tutorial_objectstorage.py for tasks to queue
[2024-08-16T06:58:23.704+0000] {logging_mixin.py:190} INFO - [2024-08-16T06:58:23.704+0000] {dagbag.py:587} INFO - Filling up the DagBag from /usr/local/python/3.10.13/lib/python3.10/site-packages/airflow/example_dags/tutorial_objectstorage.py
[2024-08-16T06:58:23.725+0000] {processor.py:925} INFO - DAG(s) 'tutorial_objectstorage' retrieved from /usr/local/python/3.10.13/lib/python3.10/site-packages/airflow/example_dags/tutorial_objectstorage.py
[2024-08-16T06:58:23.754+0000] {logging_mixin.py:190} INFO - [2024-08-16T06:58:23.754+0000] {dag.py:3211} INFO - Sync 1 DAGs
[2024-08-16T06:58:23.786+0000] {logging_mixin.py:190} INFO - [2024-08-16T06:58:23.786+0000] {dag.py:4138} INFO - Setting next_dagrun for tutorial_objectstorage to None, run_after=None
[2024-08-16T06:58:23.845+0000] {processor.py:208} INFO - Processing /usr/local/python/3.10.13/lib/python3.10/site-packages/airflow/example_dags/tutorial_objectstorage.py took 0.162 seconds
[2024-08-16T06:59:15.659+0000] {processor.py:186} INFO - Started process (PID=17827) to work on /usr/local/python/3.10.13/lib/python3.10/site-packages/airflow/example_dags/tutorial_objectstorage.py
[2024-08-16T06:59:15.660+0000] {processor.py:914} INFO - Processing file /usr/local/python/3.10.13/lib/python3.10/site-packages/airflow/example_dags/tutorial_objectstorage.py for tasks to queue
[2024-08-16T06:59:15.662+0000] {logging_mixin.py:190} INFO - [2024-08-16T06:59:15.662+0000] {dagbag.py:587} INFO - Filling up the DagBag from /usr/local/python/3.10.13/lib/python3.10/site-packages/airflow/example_dags/tutorial_objectstorage.py
[2024-08-16T06:59:15.674+0000] {processor.py:925} INFO - DAG(s) 'tutorial_objectstorage' retrieved from /usr/local/python/3.10.13/lib/python3.10/site-packages/airflow/example_dags/tutorial_objectstorage.py
[2024-08-16T06:59:15.695+0000] {logging_mixin.py:190} INFO - [2024-08-16T06:59:15.695+0000] {dag.py:3211} INFO - Sync 1 DAGs
[2024-08-16T06:59:15.709+0000] {logging_mixin.py:190} INFO - [2024-08-16T06:59:15.709+0000] {dag.py:4138} INFO - Setting next_dagrun for tutorial_objectstorage to None, run_after=None
[2024-08-16T06:59:15.753+0000] {processor.py:208} INFO - Processing /usr/local/python/3.10.13/lib/python3.10/site-packages/airflow/example_dags/tutorial_objectstorage.py took 0.102 seconds
[2024-08-16T07:00:08.543+0000] {processor.py:186} INFO - Started process (PID=18304) to work on /usr/local/python/3.10.13/lib/python3.10/site-packages/airflow/example_dags/tutorial_objectstorage.py
[2024-08-16T07:00:08.544+0000] {processor.py:914} INFO - Processing file /usr/local/python/3.10.13/lib/python3.10/site-packages/airflow/example_dags/tutorial_objectstorage.py for tasks to queue
[2024-08-16T07:00:08.545+0000] {logging_mixin.py:190} INFO - [2024-08-16T07:00:08.545+0000] {dagbag.py:587} INFO - Filling up the DagBag from /usr/local/python/3.10.13/lib/python3.10/site-packages/airflow/example_dags/tutorial_objectstorage.py
[2024-08-16T07:00:08.552+0000] {processor.py:925} INFO - DAG(s) 'tutorial_objectstorage' retrieved from /usr/local/python/3.10.13/lib/python3.10/site-packages/airflow/example_dags/tutorial_objectstorage.py
[2024-08-16T07:00:08.563+0000] {logging_mixin.py:190} INFO - [2024-08-16T07:00:08.563+0000] {dag.py:3211} INFO - Sync 1 DAGs
[2024-08-16T07:00:08.573+0000] {logging_mixin.py:190} INFO - [2024-08-16T07:00:08.573+0000] {dag.py:4138} INFO - Setting next_dagrun for tutorial_objectstorage to None, run_after=None
[2024-08-16T07:00:08.615+0000] {processor.py:208} INFO - Processing /usr/local/python/3.10.13/lib/python3.10/site-packages/airflow/example_dags/tutorial_objectstorage.py took 0.077 seconds
[2024-08-16T07:01:01.698+0000] {processor.py:186} INFO - Started process (PID=18752) to work on /usr/local/python/3.10.13/lib/python3.10/site-packages/airflow/example_dags/tutorial_objectstorage.py
[2024-08-16T07:01:01.699+0000] {processor.py:914} INFO - Processing file /usr/local/python/3.10.13/lib/python3.10/site-packages/airflow/example_dags/tutorial_objectstorage.py for tasks to queue
[2024-08-16T07:01:01.700+0000] {logging_mixin.py:190} INFO - [2024-08-16T07:01:01.700+0000] {dagbag.py:587} INFO - Filling up the DagBag from /usr/local/python/3.10.13/lib/python3.10/site-packages/airflow/example_dags/tutorial_objectstorage.py
[2024-08-16T07:01:01.708+0000] {processor.py:925} INFO - DAG(s) 'tutorial_objectstorage' retrieved from /usr/local/python/3.10.13/lib/python3.10/site-packages/airflow/example_dags/tutorial_objectstorage.py
[2024-08-16T07:01:01.719+0000] {logging_mixin.py:190} INFO - [2024-08-16T07:01:01.719+0000] {dag.py:3211} INFO - Sync 1 DAGs
[2024-08-16T07:01:01.729+0000] {logging_mixin.py:190} INFO - [2024-08-16T07:01:01.728+0000] {dag.py:4138} INFO - Setting next_dagrun for tutorial_objectstorage to None, run_after=None
[2024-08-16T07:01:01.769+0000] {processor.py:208} INFO - Processing /usr/local/python/3.10.13/lib/python3.10/site-packages/airflow/example_dags/tutorial_objectstorage.py took 0.076 seconds
[2024-08-16T07:01:54.510+0000] {processor.py:186} INFO - Started process (PID=19116) to work on /usr/local/python/3.10.13/lib/python3.10/site-packages/airflow/example_dags/tutorial_objectstorage.py
[2024-08-16T07:01:54.511+0000] {processor.py:914} INFO - Processing file /usr/local/python/3.10.13/lib/python3.10/site-packages/airflow/example_dags/tutorial_objectstorage.py for tasks to queue
[2024-08-16T07:01:54.513+0000] {logging_mixin.py:190} INFO - [2024-08-16T07:01:54.513+0000] {dagbag.py:587} INFO - Filling up the DagBag from /usr/local/python/3.10.13/lib/python3.10/site-packages/airflow/example_dags/tutorial_objectstorage.py
[2024-08-16T07:01:54.523+0000] {processor.py:925} INFO - DAG(s) 'tutorial_objectstorage' retrieved from /usr/local/python/3.10.13/lib/python3.10/site-packages/airflow/example_dags/tutorial_objectstorage.py
[2024-08-16T07:01:54.539+0000] {logging_mixin.py:190} INFO - [2024-08-16T07:01:54.538+0000] {dag.py:3211} INFO - Sync 1 DAGs
[2024-08-16T07:01:54.553+0000] {logging_mixin.py:190} INFO - [2024-08-16T07:01:54.553+0000] {dag.py:4138} INFO - Setting next_dagrun for tutorial_objectstorage to None, run_after=None
[2024-08-16T07:01:54.599+0000] {processor.py:208} INFO - Processing /usr/local/python/3.10.13/lib/python3.10/site-packages/airflow/example_dags/tutorial_objectstorage.py took 0.096 seconds
[2024-08-16T07:02:45.360+0000] {processor.py:186} INFO - Started process (PID=19507) to work on /usr/local/python/3.10.13/lib/python3.10/site-packages/airflow/example_dags/tutorial_objectstorage.py
[2024-08-16T07:02:45.361+0000] {processor.py:914} INFO - Processing file /usr/local/python/3.10.13/lib/python3.10/site-packages/airflow/example_dags/tutorial_objectstorage.py for tasks to queue
[2024-08-16T07:02:45.363+0000] {logging_mixin.py:190} INFO - [2024-08-16T07:02:45.363+0000] {dagbag.py:587} INFO - Filling up the DagBag from /usr/local/python/3.10.13/lib/python3.10/site-packages/airflow/example_dags/tutorial_objectstorage.py
[2024-08-16T07:02:45.373+0000] {processor.py:925} INFO - DAG(s) 'tutorial_objectstorage' retrieved from /usr/local/python/3.10.13/lib/python3.10/site-packages/airflow/example_dags/tutorial_objectstorage.py
[2024-08-16T07:02:45.389+0000] {logging_mixin.py:190} INFO - [2024-08-16T07:02:45.389+0000] {dag.py:3211} INFO - Sync 1 DAGs
[2024-08-16T07:02:45.403+0000] {logging_mixin.py:190} INFO - [2024-08-16T07:02:45.403+0000] {dag.py:4138} INFO - Setting next_dagrun for tutorial_objectstorage to None, run_after=None
[2024-08-16T07:02:45.448+0000] {processor.py:208} INFO - Processing /usr/local/python/3.10.13/lib/python3.10/site-packages/airflow/example_dags/tutorial_objectstorage.py took 0.094 seconds
