[2024-08-17T03:34:44.916+0000] {local_task_job_runner.py:123} INFO - ::group::Pre task execution logs
[2024-08-17T03:34:44.924+0000] {taskinstance.py:2603} INFO - Dependencies all met for dep_context=non-requeueable deps ti=<TaskInstance: two_task_dag.bash_task_1 manual__2024-08-17T03:34:38.023545+00:00 [queued]>
[2024-08-17T03:34:44.931+0000] {taskinstance.py:2603} INFO - Dependencies all met for dep_context=requeueable deps ti=<TaskInstance: two_task_dag.bash_task_1 manual__2024-08-17T03:34:38.023545+00:00 [queued]>
[2024-08-17T03:34:44.932+0000] {taskinstance.py:2856} INFO - Starting attempt 1 of 1
[2024-08-17T03:34:44.983+0000] {taskinstance.py:2879} INFO - Executing <Task(BashOperator): bash_task_1> on 2024-08-17 03:34:38.023545+00:00
[2024-08-17T03:34:44.993+0000] {standard_task_runner.py:72} INFO - Started process 37536 to run task
[2024-08-17T03:34:45.002+0000] {standard_task_runner.py:104} INFO - Running: ['airflow', 'tasks', 'run', 'two_task_dag', 'bash_task_1', 'manual__2024-08-17T03:34:38.023545+00:00', '--job-id', '24', '--raw', '--subdir', 'DAGS_FOLDER/two_task.py', '--cfg-path', '/tmp/tmpnqhkzpm4']
[2024-08-17T03:34:45.005+0000] {standard_task_runner.py:105} INFO - Job 24: Subtask bash_task_1
[2024-08-17T03:34:45.070+0000] {task_command.py:467} INFO - Running <TaskInstance: two_task_dag.bash_task_1 manual__2024-08-17T03:34:38.023545+00:00 [running]> on host codespaces-80360b
[2024-08-17T03:34:45.192+0000] {taskinstance.py:3122} INFO - Exporting env vars: AIRFLOW_CTX_DAG_OWNER='sheen' AIRFLOW_CTX_DAG_ID='two_task_dag' AIRFLOW_CTX_TASK_ID='bash_task_1' AIRFLOW_CTX_EXECUTION_DATE='2024-08-17T03:34:38.023545+00:00' AIRFLOW_CTX_TRY_NUMBER='1' AIRFLOW_CTX_DAG_RUN_ID='manual__2024-08-17T03:34:38.023545+00:00'
[2024-08-17T03:34:45.193+0000] {taskinstance.py:731} INFO - ::endgroup::
[2024-08-17T03:34:45.205+0000] {subprocess.py:63} INFO - Tmp dir root location: /tmp
[2024-08-17T03:34:45.206+0000] {subprocess.py:75} INFO - Running command: ['/usr/bin/bash', '-c', 'echo "Sleeping..." && sleep 5s && echo "Second airflow task"']
[2024-08-17T03:34:45.213+0000] {subprocess.py:86} INFO - Output:
[2024-08-17T03:34:45.214+0000] {subprocess.py:93} INFO - Sleeping...
[2024-08-17T03:34:50.216+0000] {subprocess.py:93} INFO - Second airflow task
[2024-08-17T03:34:50.217+0000] {subprocess.py:97} INFO - Command exited with return code 0
[2024-08-17T03:34:50.262+0000] {taskinstance.py:340} INFO - ::group::Post task execution logs
[2024-08-17T03:34:50.263+0000] {taskinstance.py:352} INFO - Marking task as SUCCESS. dag_id=two_task_dag, task_id=bash_task_1, run_id=manual__2024-08-17T03:34:38.023545+00:00, execution_date=20240817T033438, start_date=20240817T033444, end_date=20240817T033450
[2024-08-17T03:34:50.327+0000] {local_task_job_runner.py:261} INFO - Task exited with return code 0
[2024-08-17T03:34:50.334+0000] {taskinstance.py:3891} INFO - 0 downstream tasks scheduled from follow-on schedule check
[2024-08-17T03:34:50.335+0000] {local_task_job_runner.py:240} INFO - ::endgroup::
