[2024-08-16T06:46:04.178+0000] {processor.py:186} INFO - Started process (PID=12204) to work on /usr/local/python/3.10.13/lib/python3.10/site-packages/airflow/example_dags/plugins/event_listener.py
[2024-08-16T06:46:04.179+0000] {processor.py:914} INFO - Processing file /usr/local/python/3.10.13/lib/python3.10/site-packages/airflow/example_dags/plugins/event_listener.py for tasks to queue
[2024-08-16T06:46:04.181+0000] {logging_mixin.py:190} INFO - [2024-08-16T06:46:04.180+0000] {dagbag.py:587} INFO - Filling up the DagBag from /usr/local/python/3.10.13/lib/python3.10/site-packages/airflow/example_dags/plugins/event_listener.py
[2024-08-16T06:46:04.183+0000] {processor.py:927} WARNING - No viable dags retrieved from /usr/local/python/3.10.13/lib/python3.10/site-packages/airflow/example_dags/plugins/event_listener.py
[2024-08-16T06:46:04.193+0000] {processor.py:208} INFO - Processing /usr/local/python/3.10.13/lib/python3.10/site-packages/airflow/example_dags/plugins/event_listener.py took 0.020 seconds
[2024-08-16T06:47:13.823+0000] {processor.py:186} INFO - Started process (PID=12810) to work on /usr/local/python/3.10.13/lib/python3.10/site-packages/airflow/example_dags/plugins/event_listener.py
[2024-08-16T06:47:13.824+0000] {processor.py:914} INFO - Processing file /usr/local/python/3.10.13/lib/python3.10/site-packages/airflow/example_dags/plugins/event_listener.py for tasks to queue
[2024-08-16T06:47:13.826+0000] {logging_mixin.py:190} INFO - [2024-08-16T06:47:13.826+0000] {dagbag.py:587} INFO - Filling up the DagBag from /usr/local/python/3.10.13/lib/python3.10/site-packages/airflow/example_dags/plugins/event_listener.py
[2024-08-16T06:47:13.828+0000] {processor.py:927} WARNING - No viable dags retrieved from /usr/local/python/3.10.13/lib/python3.10/site-packages/airflow/example_dags/plugins/event_listener.py
[2024-08-16T06:47:13.836+0000] {processor.py:208} INFO - Processing /usr/local/python/3.10.13/lib/python3.10/site-packages/airflow/example_dags/plugins/event_listener.py took 0.020 seconds
[2024-08-16T06:48:10.489+0000] {processor.py:186} INFO - Started process (PID=13185) to work on /usr/local/python/3.10.13/lib/python3.10/site-packages/airflow/example_dags/plugins/event_listener.py
[2024-08-16T06:48:10.490+0000] {processor.py:914} INFO - Processing file /usr/local/python/3.10.13/lib/python3.10/site-packages/airflow/example_dags/plugins/event_listener.py for tasks to queue
[2024-08-16T06:48:10.492+0000] {logging_mixin.py:190} INFO - [2024-08-16T06:48:10.491+0000] {dagbag.py:587} INFO - Filling up the DagBag from /usr/local/python/3.10.13/lib/python3.10/site-packages/airflow/example_dags/plugins/event_listener.py
[2024-08-16T06:48:10.493+0000] {processor.py:927} WARNING - No viable dags retrieved from /usr/local/python/3.10.13/lib/python3.10/site-packages/airflow/example_dags/plugins/event_listener.py
[2024-08-16T06:48:10.501+0000] {processor.py:208} INFO - Processing /usr/local/python/3.10.13/lib/python3.10/site-packages/airflow/example_dags/plugins/event_listener.py took 0.016 seconds
[2024-08-16T06:49:05.621+0000] {processor.py:186} INFO - Started process (PID=13576) to work on /usr/local/python/3.10.13/lib/python3.10/site-packages/airflow/example_dags/plugins/event_listener.py
[2024-08-16T06:49:05.622+0000] {processor.py:914} INFO - Processing file /usr/local/python/3.10.13/lib/python3.10/site-packages/airflow/example_dags/plugins/event_listener.py for tasks to queue
[2024-08-16T06:49:05.624+0000] {logging_mixin.py:190} INFO - [2024-08-16T06:49:05.623+0000] {dagbag.py:587} INFO - Filling up the DagBag from /usr/local/python/3.10.13/lib/python3.10/site-packages/airflow/example_dags/plugins/event_listener.py
[2024-08-16T06:49:05.625+0000] {processor.py:927} WARNING - No viable dags retrieved from /usr/local/python/3.10.13/lib/python3.10/site-packages/airflow/example_dags/plugins/event_listener.py
[2024-08-16T06:49:05.633+0000] {processor.py:208} INFO - Processing /usr/local/python/3.10.13/lib/python3.10/site-packages/airflow/example_dags/plugins/event_listener.py took 0.016 seconds
[2024-08-16T06:49:57.703+0000] {processor.py:186} INFO - Started process (PID=13921) to work on /usr/local/python/3.10.13/lib/python3.10/site-packages/airflow/example_dags/plugins/event_listener.py
[2024-08-16T06:49:57.704+0000] {processor.py:914} INFO - Processing file /usr/local/python/3.10.13/lib/python3.10/site-packages/airflow/example_dags/plugins/event_listener.py for tasks to queue
[2024-08-16T06:49:57.706+0000] {logging_mixin.py:190} INFO - [2024-08-16T06:49:57.706+0000] {dagbag.py:587} INFO - Filling up the DagBag from /usr/local/python/3.10.13/lib/python3.10/site-packages/airflow/example_dags/plugins/event_listener.py
[2024-08-16T06:49:57.709+0000] {processor.py:927} WARNING - No viable dags retrieved from /usr/local/python/3.10.13/lib/python3.10/site-packages/airflow/example_dags/plugins/event_listener.py
[2024-08-16T06:49:57.720+0000] {processor.py:208} INFO - Processing /usr/local/python/3.10.13/lib/python3.10/site-packages/airflow/example_dags/plugins/event_listener.py took 0.023 seconds
[2024-08-16T06:50:49.755+0000] {processor.py:186} INFO - Started process (PID=14282) to work on /usr/local/python/3.10.13/lib/python3.10/site-packages/airflow/example_dags/plugins/event_listener.py
[2024-08-16T06:50:49.756+0000] {processor.py:914} INFO - Processing file /usr/local/python/3.10.13/lib/python3.10/site-packages/airflow/example_dags/plugins/event_listener.py for tasks to queue
[2024-08-16T06:50:49.758+0000] {logging_mixin.py:190} INFO - [2024-08-16T06:50:49.757+0000] {dagbag.py:587} INFO - Filling up the DagBag from /usr/local/python/3.10.13/lib/python3.10/site-packages/airflow/example_dags/plugins/event_listener.py
[2024-08-16T06:50:49.760+0000] {processor.py:927} WARNING - No viable dags retrieved from /usr/local/python/3.10.13/lib/python3.10/site-packages/airflow/example_dags/plugins/event_listener.py
[2024-08-16T06:50:49.771+0000] {processor.py:208} INFO - Processing /usr/local/python/3.10.13/lib/python3.10/site-packages/airflow/example_dags/plugins/event_listener.py took 0.023 seconds
[2024-08-16T06:51:37.129+0000] {processor.py:186} INFO - Started process (PID=14615) to work on /usr/local/python/3.10.13/lib/python3.10/site-packages/airflow/example_dags/plugins/event_listener.py
[2024-08-16T06:51:37.130+0000] {processor.py:914} INFO - Processing file /usr/local/python/3.10.13/lib/python3.10/site-packages/airflow/example_dags/plugins/event_listener.py for tasks to queue
[2024-08-16T06:51:37.132+0000] {logging_mixin.py:190} INFO - [2024-08-16T06:51:37.132+0000] {dagbag.py:587} INFO - Filling up the DagBag from /usr/local/python/3.10.13/lib/python3.10/site-packages/airflow/example_dags/plugins/event_listener.py
[2024-08-16T06:51:37.135+0000] {processor.py:927} WARNING - No viable dags retrieved from /usr/local/python/3.10.13/lib/python3.10/site-packages/airflow/example_dags/plugins/event_listener.py
[2024-08-16T06:51:37.149+0000] {processor.py:208} INFO - Processing /usr/local/python/3.10.13/lib/python3.10/site-packages/airflow/example_dags/plugins/event_listener.py took 0.027 seconds
[2024-08-16T06:52:27.403+0000] {processor.py:186} INFO - Started process (PID=14949) to work on /usr/local/python/3.10.13/lib/python3.10/site-packages/airflow/example_dags/plugins/event_listener.py
[2024-08-16T06:52:27.404+0000] {processor.py:914} INFO - Processing file /usr/local/python/3.10.13/lib/python3.10/site-packages/airflow/example_dags/plugins/event_listener.py for tasks to queue
[2024-08-16T06:52:27.406+0000] {logging_mixin.py:190} INFO - [2024-08-16T06:52:27.406+0000] {dagbag.py:587} INFO - Filling up the DagBag from /usr/local/python/3.10.13/lib/python3.10/site-packages/airflow/example_dags/plugins/event_listener.py
[2024-08-16T06:52:27.409+0000] {processor.py:927} WARNING - No viable dags retrieved from /usr/local/python/3.10.13/lib/python3.10/site-packages/airflow/example_dags/plugins/event_listener.py
[2024-08-16T06:52:27.419+0000] {processor.py:208} INFO - Processing /usr/local/python/3.10.13/lib/python3.10/site-packages/airflow/example_dags/plugins/event_listener.py took 0.023 seconds
[2024-08-16T06:53:20.542+0000] {processor.py:186} INFO - Started process (PID=15333) to work on /usr/local/python/3.10.13/lib/python3.10/site-packages/airflow/example_dags/plugins/event_listener.py
[2024-08-16T06:53:20.542+0000] {processor.py:914} INFO - Processing file /usr/local/python/3.10.13/lib/python3.10/site-packages/airflow/example_dags/plugins/event_listener.py for tasks to queue
[2024-08-16T06:53:20.544+0000] {logging_mixin.py:190} INFO - [2024-08-16T06:53:20.544+0000] {dagbag.py:587} INFO - Filling up the DagBag from /usr/local/python/3.10.13/lib/python3.10/site-packages/airflow/example_dags/plugins/event_listener.py
[2024-08-16T06:53:20.546+0000] {processor.py:927} WARNING - No viable dags retrieved from /usr/local/python/3.10.13/lib/python3.10/site-packages/airflow/example_dags/plugins/event_listener.py
[2024-08-16T06:53:20.553+0000] {processor.py:208} INFO - Processing /usr/local/python/3.10.13/lib/python3.10/site-packages/airflow/example_dags/plugins/event_listener.py took 0.016 seconds
[2024-08-16T06:54:15.332+0000] {processor.py:186} INFO - Started process (PID=15699) to work on /usr/local/python/3.10.13/lib/python3.10/site-packages/airflow/example_dags/plugins/event_listener.py
[2024-08-16T06:54:15.332+0000] {processor.py:914} INFO - Processing file /usr/local/python/3.10.13/lib/python3.10/site-packages/airflow/example_dags/plugins/event_listener.py for tasks to queue
[2024-08-16T06:54:15.334+0000] {logging_mixin.py:190} INFO - [2024-08-16T06:54:15.333+0000] {dagbag.py:587} INFO - Filling up the DagBag from /usr/local/python/3.10.13/lib/python3.10/site-packages/airflow/example_dags/plugins/event_listener.py
[2024-08-16T06:54:15.336+0000] {processor.py:927} WARNING - No viable dags retrieved from /usr/local/python/3.10.13/lib/python3.10/site-packages/airflow/example_dags/plugins/event_listener.py
[2024-08-16T06:54:15.343+0000] {processor.py:208} INFO - Processing /usr/local/python/3.10.13/lib/python3.10/site-packages/airflow/example_dags/plugins/event_listener.py took 0.016 seconds
[2024-08-16T06:55:08.609+0000] {processor.py:186} INFO - Started process (PID=16064) to work on /usr/local/python/3.10.13/lib/python3.10/site-packages/airflow/example_dags/plugins/event_listener.py
[2024-08-16T06:55:08.610+0000] {processor.py:914} INFO - Processing file /usr/local/python/3.10.13/lib/python3.10/site-packages/airflow/example_dags/plugins/event_listener.py for tasks to queue
[2024-08-16T06:55:08.611+0000] {logging_mixin.py:190} INFO - [2024-08-16T06:55:08.611+0000] {dagbag.py:587} INFO - Filling up the DagBag from /usr/local/python/3.10.13/lib/python3.10/site-packages/airflow/example_dags/plugins/event_listener.py
[2024-08-16T06:55:08.613+0000] {processor.py:927} WARNING - No viable dags retrieved from /usr/local/python/3.10.13/lib/python3.10/site-packages/airflow/example_dags/plugins/event_listener.py
[2024-08-16T06:55:08.620+0000] {processor.py:208} INFO - Processing /usr/local/python/3.10.13/lib/python3.10/site-packages/airflow/example_dags/plugins/event_listener.py took 0.016 seconds
[2024-08-16T06:56:08.393+0000] {processor.py:186} INFO - Started process (PID=16477) to work on /usr/local/python/3.10.13/lib/python3.10/site-packages/airflow/example_dags/plugins/event_listener.py
[2024-08-16T06:56:08.394+0000] {processor.py:914} INFO - Processing file /usr/local/python/3.10.13/lib/python3.10/site-packages/airflow/example_dags/plugins/event_listener.py for tasks to queue
[2024-08-16T06:56:08.396+0000] {logging_mixin.py:190} INFO - [2024-08-16T06:56:08.396+0000] {dagbag.py:587} INFO - Filling up the DagBag from /usr/local/python/3.10.13/lib/python3.10/site-packages/airflow/example_dags/plugins/event_listener.py
[2024-08-16T06:56:08.398+0000] {processor.py:927} WARNING - No viable dags retrieved from /usr/local/python/3.10.13/lib/python3.10/site-packages/airflow/example_dags/plugins/event_listener.py
[2024-08-16T06:56:08.405+0000] {processor.py:208} INFO - Processing /usr/local/python/3.10.13/lib/python3.10/site-packages/airflow/example_dags/plugins/event_listener.py took 0.016 seconds
[2024-08-16T06:57:04.424+0000] {processor.py:186} INFO - Started process (PID=16865) to work on /usr/local/python/3.10.13/lib/python3.10/site-packages/airflow/example_dags/plugins/event_listener.py
[2024-08-16T06:57:04.424+0000] {processor.py:914} INFO - Processing file /usr/local/python/3.10.13/lib/python3.10/site-packages/airflow/example_dags/plugins/event_listener.py for tasks to queue
[2024-08-16T06:57:04.426+0000] {logging_mixin.py:190} INFO - [2024-08-16T06:57:04.426+0000] {dagbag.py:587} INFO - Filling up the DagBag from /usr/local/python/3.10.13/lib/python3.10/site-packages/airflow/example_dags/plugins/event_listener.py
[2024-08-16T06:57:04.428+0000] {processor.py:927} WARNING - No viable dags retrieved from /usr/local/python/3.10.13/lib/python3.10/site-packages/airflow/example_dags/plugins/event_listener.py
[2024-08-16T06:57:04.435+0000] {processor.py:208} INFO - Processing /usr/local/python/3.10.13/lib/python3.10/site-packages/airflow/example_dags/plugins/event_listener.py took 0.016 seconds
[2024-08-16T06:57:59.056+0000] {processor.py:186} INFO - Started process (PID=17232) to work on /usr/local/python/3.10.13/lib/python3.10/site-packages/airflow/example_dags/plugins/event_listener.py
[2024-08-16T06:57:59.057+0000] {processor.py:914} INFO - Processing file /usr/local/python/3.10.13/lib/python3.10/site-packages/airflow/example_dags/plugins/event_listener.py for tasks to queue
[2024-08-16T06:57:59.058+0000] {logging_mixin.py:190} INFO - [2024-08-16T06:57:59.058+0000] {dagbag.py:587} INFO - Filling up the DagBag from /usr/local/python/3.10.13/lib/python3.10/site-packages/airflow/example_dags/plugins/event_listener.py
[2024-08-16T06:57:59.060+0000] {processor.py:927} WARNING - No viable dags retrieved from /usr/local/python/3.10.13/lib/python3.10/site-packages/airflow/example_dags/plugins/event_listener.py
[2024-08-16T06:57:59.067+0000] {processor.py:208} INFO - Processing /usr/local/python/3.10.13/lib/python3.10/site-packages/airflow/example_dags/plugins/event_listener.py took 0.016 seconds
[2024-08-16T06:58:51.209+0000] {processor.py:186} INFO - Started process (PID=17587) to work on /usr/local/python/3.10.13/lib/python3.10/site-packages/airflow/example_dags/plugins/event_listener.py
[2024-08-16T06:58:51.210+0000] {processor.py:914} INFO - Processing file /usr/local/python/3.10.13/lib/python3.10/site-packages/airflow/example_dags/plugins/event_listener.py for tasks to queue
[2024-08-16T06:58:51.212+0000] {logging_mixin.py:190} INFO - [2024-08-16T06:58:51.211+0000] {dagbag.py:587} INFO - Filling up the DagBag from /usr/local/python/3.10.13/lib/python3.10/site-packages/airflow/example_dags/plugins/event_listener.py
[2024-08-16T06:58:51.213+0000] {processor.py:927} WARNING - No viable dags retrieved from /usr/local/python/3.10.13/lib/python3.10/site-packages/airflow/example_dags/plugins/event_listener.py
[2024-08-16T06:58:51.221+0000] {processor.py:208} INFO - Processing /usr/local/python/3.10.13/lib/python3.10/site-packages/airflow/example_dags/plugins/event_listener.py took 0.016 seconds
[2024-08-16T06:59:43.214+0000] {processor.py:186} INFO - Started process (PID=18092) to work on /usr/local/python/3.10.13/lib/python3.10/site-packages/airflow/example_dags/plugins/event_listener.py
[2024-08-16T06:59:43.215+0000] {processor.py:914} INFO - Processing file /usr/local/python/3.10.13/lib/python3.10/site-packages/airflow/example_dags/plugins/event_listener.py for tasks to queue
[2024-08-16T06:59:43.217+0000] {logging_mixin.py:190} INFO - [2024-08-16T06:59:43.217+0000] {dagbag.py:587} INFO - Filling up the DagBag from /usr/local/python/3.10.13/lib/python3.10/site-packages/airflow/example_dags/plugins/event_listener.py
[2024-08-16T06:59:43.219+0000] {processor.py:927} WARNING - No viable dags retrieved from /usr/local/python/3.10.13/lib/python3.10/site-packages/airflow/example_dags/plugins/event_listener.py
[2024-08-16T06:59:43.226+0000] {processor.py:208} INFO - Processing /usr/local/python/3.10.13/lib/python3.10/site-packages/airflow/example_dags/plugins/event_listener.py took 0.016 seconds
[2024-08-16T07:00:36.955+0000] {processor.py:186} INFO - Started process (PID=18560) to work on /usr/local/python/3.10.13/lib/python3.10/site-packages/airflow/example_dags/plugins/event_listener.py
[2024-08-16T07:00:36.956+0000] {processor.py:914} INFO - Processing file /usr/local/python/3.10.13/lib/python3.10/site-packages/airflow/example_dags/plugins/event_listener.py for tasks to queue
[2024-08-16T07:00:36.958+0000] {logging_mixin.py:190} INFO - [2024-08-16T07:00:36.958+0000] {dagbag.py:587} INFO - Filling up the DagBag from /usr/local/python/3.10.13/lib/python3.10/site-packages/airflow/example_dags/plugins/event_listener.py
[2024-08-16T07:00:36.960+0000] {processor.py:927} WARNING - No viable dags retrieved from /usr/local/python/3.10.13/lib/python3.10/site-packages/airflow/example_dags/plugins/event_listener.py
[2024-08-16T07:00:36.971+0000] {processor.py:208} INFO - Processing /usr/local/python/3.10.13/lib/python3.10/site-packages/airflow/example_dags/plugins/event_listener.py took 0.023 seconds
[2024-08-16T07:01:30.424+0000] {processor.py:186} INFO - Started process (PID=18950) to work on /usr/local/python/3.10.13/lib/python3.10/site-packages/airflow/example_dags/plugins/event_listener.py
[2024-08-16T07:01:30.425+0000] {processor.py:914} INFO - Processing file /usr/local/python/3.10.13/lib/python3.10/site-packages/airflow/example_dags/plugins/event_listener.py for tasks to queue
[2024-08-16T07:01:30.427+0000] {logging_mixin.py:190} INFO - [2024-08-16T07:01:30.427+0000] {dagbag.py:587} INFO - Filling up the DagBag from /usr/local/python/3.10.13/lib/python3.10/site-packages/airflow/example_dags/plugins/event_listener.py
[2024-08-16T07:01:30.430+0000] {processor.py:927} WARNING - No viable dags retrieved from /usr/local/python/3.10.13/lib/python3.10/site-packages/airflow/example_dags/plugins/event_listener.py
[2024-08-16T07:01:30.440+0000] {processor.py:208} INFO - Processing /usr/local/python/3.10.13/lib/python3.10/site-packages/airflow/example_dags/plugins/event_listener.py took 0.023 seconds
[2024-08-16T07:02:22.068+0000] {processor.py:186} INFO - Started process (PID=19323) to work on /usr/local/python/3.10.13/lib/python3.10/site-packages/airflow/example_dags/plugins/event_listener.py
[2024-08-16T07:02:22.070+0000] {processor.py:914} INFO - Processing file /usr/local/python/3.10.13/lib/python3.10/site-packages/airflow/example_dags/plugins/event_listener.py for tasks to queue
[2024-08-16T07:02:22.072+0000] {logging_mixin.py:190} INFO - [2024-08-16T07:02:22.071+0000] {dagbag.py:587} INFO - Filling up the DagBag from /usr/local/python/3.10.13/lib/python3.10/site-packages/airflow/example_dags/plugins/event_listener.py
[2024-08-16T07:02:22.073+0000] {processor.py:927} WARNING - No viable dags retrieved from /usr/local/python/3.10.13/lib/python3.10/site-packages/airflow/example_dags/plugins/event_listener.py
[2024-08-16T07:02:22.081+0000] {processor.py:208} INFO - Processing /usr/local/python/3.10.13/lib/python3.10/site-packages/airflow/example_dags/plugins/event_listener.py took 0.020 seconds
