[2024-08-16T06:46:06.558+0000] {processor.py:186} INFO - Started process (PID=12219) to work on /usr/local/python/3.10.13/lib/python3.10/site-packages/airflow/example_dags/subdags/subdag.py
[2024-08-16T06:46:06.559+0000] {processor.py:914} INFO - Processing file /usr/local/python/3.10.13/lib/python3.10/site-packages/airflow/example_dags/subdags/subdag.py for tasks to queue
[2024-08-16T06:46:06.560+0000] {logging_mixin.py:190} INFO - [2024-08-16T06:46:06.560+0000] {dagbag.py:587} INFO - Filling up the DagBag from /usr/local/python/3.10.13/lib/python3.10/site-packages/airflow/example_dags/subdags/subdag.py
[2024-08-16T06:46:06.562+0000] {processor.py:927} WARNING - No viable dags retrieved from /usr/local/python/3.10.13/lib/python3.10/site-packages/airflow/example_dags/subdags/subdag.py
[2024-08-16T06:46:06.571+0000] {processor.py:208} INFO - Processing /usr/local/python/3.10.13/lib/python3.10/site-packages/airflow/example_dags/subdags/subdag.py took 0.017 seconds
[2024-08-16T06:47:16.684+0000] {processor.py:186} INFO - Started process (PID=12825) to work on /usr/local/python/3.10.13/lib/python3.10/site-packages/airflow/example_dags/subdags/subdag.py
[2024-08-16T06:47:16.686+0000] {processor.py:914} INFO - Processing file /usr/local/python/3.10.13/lib/python3.10/site-packages/airflow/example_dags/subdags/subdag.py for tasks to queue
[2024-08-16T06:47:16.688+0000] {logging_mixin.py:190} INFO - [2024-08-16T06:47:16.688+0000] {dagbag.py:587} INFO - Filling up the DagBag from /usr/local/python/3.10.13/lib/python3.10/site-packages/airflow/example_dags/subdags/subdag.py
[2024-08-16T06:47:16.690+0000] {processor.py:927} WARNING - No viable dags retrieved from /usr/local/python/3.10.13/lib/python3.10/site-packages/airflow/example_dags/subdags/subdag.py
[2024-08-16T06:47:16.702+0000] {processor.py:208} INFO - Processing /usr/local/python/3.10.13/lib/python3.10/site-packages/airflow/example_dags/subdags/subdag.py took 0.024 seconds
[2024-08-16T06:48:13.934+0000] {processor.py:186} INFO - Started process (PID=13219) to work on /usr/local/python/3.10.13/lib/python3.10/site-packages/airflow/example_dags/subdags/subdag.py
[2024-08-16T06:48:13.935+0000] {processor.py:914} INFO - Processing file /usr/local/python/3.10.13/lib/python3.10/site-packages/airflow/example_dags/subdags/subdag.py for tasks to queue
[2024-08-16T06:48:13.936+0000] {logging_mixin.py:190} INFO - [2024-08-16T06:48:13.936+0000] {dagbag.py:587} INFO - Filling up the DagBag from /usr/local/python/3.10.13/lib/python3.10/site-packages/airflow/example_dags/subdags/subdag.py
[2024-08-16T06:48:13.938+0000] {processor.py:927} WARNING - No viable dags retrieved from /usr/local/python/3.10.13/lib/python3.10/site-packages/airflow/example_dags/subdags/subdag.py
[2024-08-16T06:48:13.945+0000] {processor.py:208} INFO - Processing /usr/local/python/3.10.13/lib/python3.10/site-packages/airflow/example_dags/subdags/subdag.py took 0.016 seconds
[2024-08-16T06:49:08.421+0000] {processor.py:186} INFO - Started process (PID=13585) to work on /usr/local/python/3.10.13/lib/python3.10/site-packages/airflow/example_dags/subdags/subdag.py
[2024-08-16T06:49:08.422+0000] {processor.py:914} INFO - Processing file /usr/local/python/3.10.13/lib/python3.10/site-packages/airflow/example_dags/subdags/subdag.py for tasks to queue
[2024-08-16T06:49:08.423+0000] {logging_mixin.py:190} INFO - [2024-08-16T06:49:08.423+0000] {dagbag.py:587} INFO - Filling up the DagBag from /usr/local/python/3.10.13/lib/python3.10/site-packages/airflow/example_dags/subdags/subdag.py
[2024-08-16T06:49:08.425+0000] {processor.py:927} WARNING - No viable dags retrieved from /usr/local/python/3.10.13/lib/python3.10/site-packages/airflow/example_dags/subdags/subdag.py
[2024-08-16T06:49:08.432+0000] {processor.py:208} INFO - Processing /usr/local/python/3.10.13/lib/python3.10/site-packages/airflow/example_dags/subdags/subdag.py took 0.016 seconds
[2024-08-16T06:50:00.479+0000] {processor.py:186} INFO - Started process (PID=13939) to work on /usr/local/python/3.10.13/lib/python3.10/site-packages/airflow/example_dags/subdags/subdag.py
[2024-08-16T06:50:00.480+0000] {processor.py:914} INFO - Processing file /usr/local/python/3.10.13/lib/python3.10/site-packages/airflow/example_dags/subdags/subdag.py for tasks to queue
[2024-08-16T06:50:00.483+0000] {logging_mixin.py:190} INFO - [2024-08-16T06:50:00.482+0000] {dagbag.py:587} INFO - Filling up the DagBag from /usr/local/python/3.10.13/lib/python3.10/site-packages/airflow/example_dags/subdags/subdag.py
[2024-08-16T06:50:00.485+0000] {processor.py:927} WARNING - No viable dags retrieved from /usr/local/python/3.10.13/lib/python3.10/site-packages/airflow/example_dags/subdags/subdag.py
[2024-08-16T06:50:00.497+0000] {processor.py:208} INFO - Processing /usr/local/python/3.10.13/lib/python3.10/site-packages/airflow/example_dags/subdags/subdag.py took 0.024 seconds
[2024-08-16T06:50:52.000+0000] {processor.py:186} INFO - Started process (PID=14291) to work on /usr/local/python/3.10.13/lib/python3.10/site-packages/airflow/example_dags/subdags/subdag.py
[2024-08-16T06:50:52.000+0000] {processor.py:914} INFO - Processing file /usr/local/python/3.10.13/lib/python3.10/site-packages/airflow/example_dags/subdags/subdag.py for tasks to queue
[2024-08-16T06:50:52.002+0000] {logging_mixin.py:190} INFO - [2024-08-16T06:50:52.002+0000] {dagbag.py:587} INFO - Filling up the DagBag from /usr/local/python/3.10.13/lib/python3.10/site-packages/airflow/example_dags/subdags/subdag.py
[2024-08-16T06:50:52.004+0000] {processor.py:927} WARNING - No viable dags retrieved from /usr/local/python/3.10.13/lib/python3.10/site-packages/airflow/example_dags/subdags/subdag.py
[2024-08-16T06:50:52.011+0000] {processor.py:208} INFO - Processing /usr/local/python/3.10.13/lib/python3.10/site-packages/airflow/example_dags/subdags/subdag.py took 0.016 seconds
[2024-08-16T06:51:40.578+0000] {processor.py:186} INFO - Started process (PID=14637) to work on /usr/local/python/3.10.13/lib/python3.10/site-packages/airflow/example_dags/subdags/subdag.py
[2024-08-16T06:51:40.579+0000] {processor.py:914} INFO - Processing file /usr/local/python/3.10.13/lib/python3.10/site-packages/airflow/example_dags/subdags/subdag.py for tasks to queue
[2024-08-16T06:51:40.581+0000] {logging_mixin.py:190} INFO - [2024-08-16T06:51:40.581+0000] {dagbag.py:587} INFO - Filling up the DagBag from /usr/local/python/3.10.13/lib/python3.10/site-packages/airflow/example_dags/subdags/subdag.py
[2024-08-16T06:51:40.583+0000] {processor.py:927} WARNING - No viable dags retrieved from /usr/local/python/3.10.13/lib/python3.10/site-packages/airflow/example_dags/subdags/subdag.py
[2024-08-16T06:51:40.593+0000] {processor.py:208} INFO - Processing /usr/local/python/3.10.13/lib/python3.10/site-packages/airflow/example_dags/subdags/subdag.py took 0.022 seconds
[2024-08-16T06:52:29.658+0000] {processor.py:186} INFO - Started process (PID=14982) to work on /usr/local/python/3.10.13/lib/python3.10/site-packages/airflow/example_dags/subdags/subdag.py
[2024-08-16T06:52:29.659+0000] {processor.py:914} INFO - Processing file /usr/local/python/3.10.13/lib/python3.10/site-packages/airflow/example_dags/subdags/subdag.py for tasks to queue
[2024-08-16T06:52:29.660+0000] {logging_mixin.py:190} INFO - [2024-08-16T06:52:29.660+0000] {dagbag.py:587} INFO - Filling up the DagBag from /usr/local/python/3.10.13/lib/python3.10/site-packages/airflow/example_dags/subdags/subdag.py
[2024-08-16T06:52:29.662+0000] {processor.py:927} WARNING - No viable dags retrieved from /usr/local/python/3.10.13/lib/python3.10/site-packages/airflow/example_dags/subdags/subdag.py
[2024-08-16T06:52:29.669+0000] {processor.py:208} INFO - Processing /usr/local/python/3.10.13/lib/python3.10/site-packages/airflow/example_dags/subdags/subdag.py took 0.016 seconds
[2024-08-16T06:53:23.428+0000] {processor.py:186} INFO - Started process (PID=15342) to work on /usr/local/python/3.10.13/lib/python3.10/site-packages/airflow/example_dags/subdags/subdag.py
[2024-08-16T06:53:23.429+0000] {processor.py:914} INFO - Processing file /usr/local/python/3.10.13/lib/python3.10/site-packages/airflow/example_dags/subdags/subdag.py for tasks to queue
[2024-08-16T06:53:23.430+0000] {logging_mixin.py:190} INFO - [2024-08-16T06:53:23.430+0000] {dagbag.py:587} INFO - Filling up the DagBag from /usr/local/python/3.10.13/lib/python3.10/site-packages/airflow/example_dags/subdags/subdag.py
[2024-08-16T06:53:23.432+0000] {processor.py:927} WARNING - No viable dags retrieved from /usr/local/python/3.10.13/lib/python3.10/site-packages/airflow/example_dags/subdags/subdag.py
[2024-08-16T06:53:23.439+0000] {processor.py:208} INFO - Processing /usr/local/python/3.10.13/lib/python3.10/site-packages/airflow/example_dags/subdags/subdag.py took 0.016 seconds
[2024-08-16T06:54:17.231+0000] {processor.py:186} INFO - Started process (PID=15708) to work on /usr/local/python/3.10.13/lib/python3.10/site-packages/airflow/example_dags/subdags/subdag.py
[2024-08-16T06:54:17.232+0000] {processor.py:914} INFO - Processing file /usr/local/python/3.10.13/lib/python3.10/site-packages/airflow/example_dags/subdags/subdag.py for tasks to queue
[2024-08-16T06:54:17.234+0000] {logging_mixin.py:190} INFO - [2024-08-16T06:54:17.234+0000] {dagbag.py:587} INFO - Filling up the DagBag from /usr/local/python/3.10.13/lib/python3.10/site-packages/airflow/example_dags/subdags/subdag.py
[2024-08-16T06:54:17.237+0000] {processor.py:927} WARNING - No viable dags retrieved from /usr/local/python/3.10.13/lib/python3.10/site-packages/airflow/example_dags/subdags/subdag.py
[2024-08-16T06:54:17.248+0000] {processor.py:208} INFO - Processing /usr/local/python/3.10.13/lib/python3.10/site-packages/airflow/example_dags/subdags/subdag.py took 0.023 seconds
[2024-08-16T06:55:11.387+0000] {processor.py:186} INFO - Started process (PID=16096) to work on /usr/local/python/3.10.13/lib/python3.10/site-packages/airflow/example_dags/subdags/subdag.py
[2024-08-16T06:55:11.388+0000] {processor.py:914} INFO - Processing file /usr/local/python/3.10.13/lib/python3.10/site-packages/airflow/example_dags/subdags/subdag.py for tasks to queue
[2024-08-16T06:55:11.390+0000] {logging_mixin.py:190} INFO - [2024-08-16T06:55:11.389+0000] {dagbag.py:587} INFO - Filling up the DagBag from /usr/local/python/3.10.13/lib/python3.10/site-packages/airflow/example_dags/subdags/subdag.py
[2024-08-16T06:55:11.391+0000] {processor.py:927} WARNING - No viable dags retrieved from /usr/local/python/3.10.13/lib/python3.10/site-packages/airflow/example_dags/subdags/subdag.py
[2024-08-16T06:55:11.399+0000] {processor.py:208} INFO - Processing /usr/local/python/3.10.13/lib/python3.10/site-packages/airflow/example_dags/subdags/subdag.py took 0.016 seconds
[2024-08-16T06:56:11.829+0000] {processor.py:186} INFO - Started process (PID=16486) to work on /usr/local/python/3.10.13/lib/python3.10/site-packages/airflow/example_dags/subdags/subdag.py
[2024-08-16T06:56:11.830+0000] {processor.py:914} INFO - Processing file /usr/local/python/3.10.13/lib/python3.10/site-packages/airflow/example_dags/subdags/subdag.py for tasks to queue
[2024-08-16T06:56:11.833+0000] {logging_mixin.py:190} INFO - [2024-08-16T06:56:11.832+0000] {dagbag.py:587} INFO - Filling up the DagBag from /usr/local/python/3.10.13/lib/python3.10/site-packages/airflow/example_dags/subdags/subdag.py
[2024-08-16T06:56:11.835+0000] {processor.py:927} WARNING - No viable dags retrieved from /usr/local/python/3.10.13/lib/python3.10/site-packages/airflow/example_dags/subdags/subdag.py
[2024-08-16T06:56:11.845+0000] {processor.py:208} INFO - Processing /usr/local/python/3.10.13/lib/python3.10/site-packages/airflow/example_dags/subdags/subdag.py took 0.022 seconds
[2024-08-16T06:57:07.875+0000] {processor.py:186} INFO - Started process (PID=16886) to work on /usr/local/python/3.10.13/lib/python3.10/site-packages/airflow/example_dags/subdags/subdag.py
[2024-08-16T06:57:07.876+0000] {processor.py:914} INFO - Processing file /usr/local/python/3.10.13/lib/python3.10/site-packages/airflow/example_dags/subdags/subdag.py for tasks to queue
[2024-08-16T06:57:07.878+0000] {logging_mixin.py:190} INFO - [2024-08-16T06:57:07.877+0000] {dagbag.py:587} INFO - Filling up the DagBag from /usr/local/python/3.10.13/lib/python3.10/site-packages/airflow/example_dags/subdags/subdag.py
[2024-08-16T06:57:07.880+0000] {processor.py:927} WARNING - No viable dags retrieved from /usr/local/python/3.10.13/lib/python3.10/site-packages/airflow/example_dags/subdags/subdag.py
[2024-08-16T06:57:07.891+0000] {processor.py:208} INFO - Processing /usr/local/python/3.10.13/lib/python3.10/site-packages/airflow/example_dags/subdags/subdag.py took 0.023 seconds
[2024-08-16T06:58:01.616+0000] {processor.py:186} INFO - Started process (PID=17241) to work on /usr/local/python/3.10.13/lib/python3.10/site-packages/airflow/example_dags/subdags/subdag.py
[2024-08-16T06:58:01.617+0000] {processor.py:914} INFO - Processing file /usr/local/python/3.10.13/lib/python3.10/site-packages/airflow/example_dags/subdags/subdag.py for tasks to queue
[2024-08-16T06:58:01.619+0000] {logging_mixin.py:190} INFO - [2024-08-16T06:58:01.618+0000] {dagbag.py:587} INFO - Filling up the DagBag from /usr/local/python/3.10.13/lib/python3.10/site-packages/airflow/example_dags/subdags/subdag.py
[2024-08-16T06:58:01.620+0000] {processor.py:927} WARNING - No viable dags retrieved from /usr/local/python/3.10.13/lib/python3.10/site-packages/airflow/example_dags/subdags/subdag.py
[2024-08-16T06:58:01.628+0000] {processor.py:208} INFO - Processing /usr/local/python/3.10.13/lib/python3.10/site-packages/airflow/example_dags/subdags/subdag.py took 0.016 seconds
[2024-08-16T06:58:53.711+0000] {processor.py:186} INFO - Started process (PID=17602) to work on /usr/local/python/3.10.13/lib/python3.10/site-packages/airflow/example_dags/subdags/subdag.py
[2024-08-16T06:58:53.712+0000] {processor.py:914} INFO - Processing file /usr/local/python/3.10.13/lib/python3.10/site-packages/airflow/example_dags/subdags/subdag.py for tasks to queue
[2024-08-16T06:58:53.713+0000] {logging_mixin.py:190} INFO - [2024-08-16T06:58:53.713+0000] {dagbag.py:587} INFO - Filling up the DagBag from /usr/local/python/3.10.13/lib/python3.10/site-packages/airflow/example_dags/subdags/subdag.py
[2024-08-16T06:58:53.715+0000] {processor.py:927} WARNING - No viable dags retrieved from /usr/local/python/3.10.13/lib/python3.10/site-packages/airflow/example_dags/subdags/subdag.py
[2024-08-16T06:58:53.722+0000] {processor.py:208} INFO - Processing /usr/local/python/3.10.13/lib/python3.10/site-packages/airflow/example_dags/subdags/subdag.py took 0.016 seconds
[2024-08-16T06:59:46.676+0000] {processor.py:186} INFO - Started process (PID=18140) to work on /usr/local/python/3.10.13/lib/python3.10/site-packages/airflow/example_dags/subdags/subdag.py
[2024-08-16T06:59:46.677+0000] {processor.py:914} INFO - Processing file /usr/local/python/3.10.13/lib/python3.10/site-packages/airflow/example_dags/subdags/subdag.py for tasks to queue
[2024-08-16T06:59:46.680+0000] {logging_mixin.py:190} INFO - [2024-08-16T06:59:46.679+0000] {dagbag.py:587} INFO - Filling up the DagBag from /usr/local/python/3.10.13/lib/python3.10/site-packages/airflow/example_dags/subdags/subdag.py
[2024-08-16T06:59:46.682+0000] {processor.py:927} WARNING - No viable dags retrieved from /usr/local/python/3.10.13/lib/python3.10/site-packages/airflow/example_dags/subdags/subdag.py
[2024-08-16T06:59:46.693+0000] {processor.py:208} INFO - Processing /usr/local/python/3.10.13/lib/python3.10/site-packages/airflow/example_dags/subdags/subdag.py took 0.023 seconds
[2024-08-16T07:00:39.506+0000] {processor.py:186} INFO - Started process (PID=18598) to work on /usr/local/python/3.10.13/lib/python3.10/site-packages/airflow/example_dags/subdags/subdag.py
[2024-08-16T07:00:39.507+0000] {processor.py:914} INFO - Processing file /usr/local/python/3.10.13/lib/python3.10/site-packages/airflow/example_dags/subdags/subdag.py for tasks to queue
[2024-08-16T07:00:39.508+0000] {logging_mixin.py:190} INFO - [2024-08-16T07:00:39.508+0000] {dagbag.py:587} INFO - Filling up the DagBag from /usr/local/python/3.10.13/lib/python3.10/site-packages/airflow/example_dags/subdags/subdag.py
[2024-08-16T07:00:39.510+0000] {processor.py:927} WARNING - No viable dags retrieved from /usr/local/python/3.10.13/lib/python3.10/site-packages/airflow/example_dags/subdags/subdag.py
[2024-08-16T07:00:39.517+0000] {processor.py:208} INFO - Processing /usr/local/python/3.10.13/lib/python3.10/site-packages/airflow/example_dags/subdags/subdag.py took 0.016 seconds
[2024-08-16T07:01:32.972+0000] {processor.py:186} INFO - Started process (PID=18965) to work on /usr/local/python/3.10.13/lib/python3.10/site-packages/airflow/example_dags/subdags/subdag.py
[2024-08-16T07:01:32.973+0000] {processor.py:914} INFO - Processing file /usr/local/python/3.10.13/lib/python3.10/site-packages/airflow/example_dags/subdags/subdag.py for tasks to queue
[2024-08-16T07:01:32.974+0000] {logging_mixin.py:190} INFO - [2024-08-16T07:01:32.974+0000] {dagbag.py:587} INFO - Filling up the DagBag from /usr/local/python/3.10.13/lib/python3.10/site-packages/airflow/example_dags/subdags/subdag.py
[2024-08-16T07:01:32.976+0000] {processor.py:927} WARNING - No viable dags retrieved from /usr/local/python/3.10.13/lib/python3.10/site-packages/airflow/example_dags/subdags/subdag.py
[2024-08-16T07:01:32.983+0000] {processor.py:208} INFO - Processing /usr/local/python/3.10.13/lib/python3.10/site-packages/airflow/example_dags/subdags/subdag.py took 0.016 seconds
[2024-08-16T07:02:25.149+0000] {processor.py:186} INFO - Started process (PID=19337) to work on /usr/local/python/3.10.13/lib/python3.10/site-packages/airflow/example_dags/subdags/subdag.py
[2024-08-16T07:02:25.150+0000] {processor.py:914} INFO - Processing file /usr/local/python/3.10.13/lib/python3.10/site-packages/airflow/example_dags/subdags/subdag.py for tasks to queue
[2024-08-16T07:02:25.151+0000] {logging_mixin.py:190} INFO - [2024-08-16T07:02:25.151+0000] {dagbag.py:587} INFO - Filling up the DagBag from /usr/local/python/3.10.13/lib/python3.10/site-packages/airflow/example_dags/subdags/subdag.py
[2024-08-16T07:02:25.153+0000] {processor.py:927} WARNING - No viable dags retrieved from /usr/local/python/3.10.13/lib/python3.10/site-packages/airflow/example_dags/subdags/subdag.py
[2024-08-16T07:02:25.160+0000] {processor.py:208} INFO - Processing /usr/local/python/3.10.13/lib/python3.10/site-packages/airflow/example_dags/subdags/subdag.py took 0.016 seconds
